┌ Warning: The call to compilecache failed to create a usable precompiled cache file for Knet [1902f260-5fb4-5aff-8c31-6271790ab950]
│   exception = Required dependency AutoGrad [6710c13c-97f1-543f-91c5-74e8f7d95b35] failed to load from a cache file.
└ @ Base loading.jl:963
ERROR: LoadError: DimensionMismatch("tried to assign 2×501 array to 2×500 destination")
Stacktrace:
 [1] throw_setindex_mismatch(::Adjoint{Float32,Array{Float32,2}}, ::Tuple{Int64,Int64}) at ./indices.jl:144
 [2] setindex_shape_check at ./indices.jl:201 [inlined]
 [3] macro expansion at ./multidimensional.jl:641 [inlined]
 [4] _unsafe_setindex!(::IndexLinear, ::Array{Float64,2}, ::Adjoint{Float32,Array{Float32,2}}, ::UnitRange{Int64}, ::Base.Slice{Base.OneTo{Int64}}) at ./multidimensional.jl:636
 [5] _setindex! at ./multidimensional.jl:631 [inlined]
 [6] setindex!(::Array{Float64,2}, ::Adjoint{Float32,Array{Float32,2}}, ::UnitRange{Int64}, ::Function) at ./abstractarray.jl:998
 [7] macro expansion at ./util.jl:154 [inlined]
 [8] top-level scope at /home/samwiq/ABC and deep learning project/abc-dl/src/AR2/multiple_ABC_runs_pen0.jl:25 [inlined]
 [9] top-level scope at ./none:0
 [10] include at ./boot.jl:317 [inlined]
 [11] include_relative(::Module, ::String) at ./loading.jl:1038
 [12] include(::Module, ::String) at ./sysimg.jl:29
 [13] exec_options(::Base.JLOptions) at ./client.jl:229
 [14] _start() at ./client.jl:421
in expression starting at /home/samwiq/ABC and deep learning project/abc-dl/src/AR2/multiple_ABC_runs_pen0.jl:16
