Fri Nov  9 10:56:43 2018       
+-----------------------------------------------------------------------------+
| NVIDIA-SMI 396.44                 Driver Version: 396.44                    |
|-------------------------------+----------------------+----------------------+
| GPU  Name        Persistence-M| Bus-Id        Disp.A | Volatile Uncorr. ECC |
| Fan  Temp  Perf  Pwr:Usage/Cap|         Memory-Usage | GPU-Util  Compute M. |
|===============================+======================+======================|
|   0  Tesla K80           On   | 00000000:04:00.0 Off |                    0 |
| N/A   24C    P8    27W / 149W |      0MiB / 11441MiB |      0%      Default |
+-------------------------------+----------------------+----------------------+
|   1  Tesla K80           On   | 00000000:05:00.0 Off |                    0 |
| N/A   30C    P8    31W / 149W |      0MiB / 11441MiB |      0%      Default |
+-------------------------------+----------------------+----------------------+
|   2  Tesla K80           On   | 00000000:84:00.0 Off |                    0 |
| N/A   24C    P8    26W / 149W |      0MiB / 11441MiB |      0%      Default |
+-------------------------------+----------------------+----------------------+
|   3  Tesla K80           On   | 00000000:85:00.0 Off |                    0 |
| N/A   30C    P8    30W / 149W |      0MiB / 11441MiB |      0%      Default |
+-------------------------------+----------------------+----------------------+
                                                                               
+-----------------------------------------------------------------------------+
| Processes:                                                       GPU Memory |
|  GPU       PID   Type   Process name                             Usage      |
|=============================================================================|
|  No running processes found                                                 |
+-----------------------------------------------------------------------------+
/home/samwiq/ABC and deep learning project/abc-dl/lunarc
/home/samwiq/ABC and deep learning project/abc-dl
start script
DNN_simple
standard
5
1
1
check version of Knet
    Status `~/.julia/environments/v1.0/Project.toml`
  [336ed68f] CSV v0.3.1
  [a93c6f00] DataFrames v0.13.1
  [31c24e10] Distributions v0.16.4
  [1902f260] Knet v1.1.0
  [6f286f6a] MultivariateStats v0.6.0 #master (https://github.com/JuliaStats/MultivariateStats.jl.git)
  [2913bbd2] StatsBase v0.25.0
  [4c63d2b9] StatsFuns v0.7.0
build Knet
  Building SpecialFunctions → `~/.julia/packages/SpecialFunctions/KvXoO/deps/build.log`
  Building CodecZlib ───────→ `~/.julia/packages/CodecZlib/wwgbh/deps/build.log`
  Building Knet ────────────→ `~/.julia/packages/Knet/hxjeS/deps/build.log`
test gpu
4
-1
0
Loading AR2 model
Starting: generate_parameter_data_pairs
Percentage done:  0.83 %
Percentage done:  1.65 %
Percentage done:  2.48 %
Percentage done:  3.31 %
Percentage done:  4.13 %
Percentage done:  4.96 %
Percentage done:  5.79 %
Percentage done:  6.61 %
Percentage done:  7.44 %
Percentage done:  8.26 %
Percentage done:  9.09 %
Percentage done:  9.92 %
Percentage done:  10.74 %
Percentage done:  11.57 %
Percentage done:  12.40 %
Percentage done:  13.22 %
Percentage done:  14.05 %
Percentage done:  14.88 %
Percentage done:  15.70 %
Percentage done:  16.53 %
Percentage done:  17.36 %
Percentage done:  18.18 %
Percentage done:  19.01 %
Percentage done:  19.83 %
Percentage done:  20.66 %
Percentage done:  21.49 %
Percentage done:  22.31 %
Percentage done:  23.14 %
Percentage done:  23.97 %
Percentage done:  24.79 %
Percentage done:  25.62 %
Percentage done:  26.45 %
Percentage done:  27.27 %
Percentage done:  28.10 %
Percentage done:  28.93 %
Percentage done:  29.75 %
Percentage done:  30.58 %
Percentage done:  31.40 %
Percentage done:  32.23 %
Percentage done:  33.06 %
Percentage done:  33.88 %
Percentage done:  34.71 %
Percentage done:  35.54 %
Percentage done:  36.36 %
Percentage done:  37.19 %
Percentage done:  38.02 %
Percentage done:  38.84 %
Percentage done:  39.67 %
Percentage done:  40.50 %
Percentage done:  41.32 %
Percentage done:  42.15 %
Percentage done:  42.98 %
Percentage done:  43.80 %
Percentage done:  44.63 %
Percentage done:  45.45 %
Percentage done:  46.28 %
Percentage done:  47.11 %
Percentage done:  47.93 %
Percentage done:  48.76 %
Percentage done:  49.59 %
Percentage done:  50.41 %
Percentage done:  51.24 %
Percentage done:  52.07 %
Percentage done:  52.89 %
Percentage done:  53.72 %
Percentage done:  54.55 %
Percentage done:  55.37 %
Percentage done:  56.20 %
Percentage done:  57.02 %
Percentage done:  57.85 %
Percentage done:  58.68 %
Percentage done:  59.50 %
Percentage done:  60.33 %
Percentage done:  61.16 %
Percentage done:  61.98 %
Percentage done:  62.81 %
Percentage done:  63.64 %
Percentage done:  64.46 %
Percentage done:  65.29 %
Percentage done:  66.12 %
Percentage done:  66.94 %
Percentage done:  67.77 %
Percentage done:  68.60 %
Percentage done:  69.42 %
Percentage done:  70.25 %
Percentage done:  71.07 %
Percentage done:  71.90 %
Percentage done:  72.73 %
Percentage done:  73.55 %
Percentage done:  74.38 %
Percentage done:  75.21 %
Percentage done:  76.03 %
Percentage done:  76.86 %
Percentage done:  77.69 %
Percentage done:  78.51 %
Percentage done:  79.34 %
Percentage done:  80.17 %
Percentage done:  80.99 %
Percentage done:  81.82 %
Percentage done:  82.64 %
Percentage done:  83.47 %
Percentage done:  84.30 %
Percentage done:  85.12 %
Percentage done:  85.95 %
Percentage done:  86.78 %
Percentage done:  87.60 %
Percentage done:  88.43 %
Percentage done:  89.26 %
Percentage done:  90.08 %
Percentage done:  90.91 %
Percentage done:  91.74 %
Percentage done:  92.56 %
Percentage done:  93.39 %
Percentage done:  94.21 %
Percentage done:  95.04 %
Percentage done:  95.87 %
Percentage done:  96.69 %
Percentage done:  97.52 %
Percentage done:  98.35 %
Percentage done:  99.17 %
Percentage done:  100.00 %
Nbr training obs 1000000, nbr parameters 25352, obs/parameters 39.44
0
Starting training
Epoch 1, current loss (training) 0.1829, current loss (val) 0.1831
Epoch 2, current loss (training) 0.0724, current loss (val) 0.0779
Epoch 3, current loss (training) 0.0402, current loss (val) 0.0418
Epoch 4, current loss (training) 0.0301, current loss (val) 0.0307
Epoch 5, current loss (training) 0.0264, current loss (val) 0.0278
run_time_first_training_cycle:  45.28 

Epochs 5, batch size, 200
Nbr training obs 1000000, nbr parameters 25352, obs/parameters 39.44

Starting abc-rs
Percentage done:  2.00 %
Percentage done:  4.00 %
Percentage done:  6.00 %
Percentage done:  8.00 %
Percentage done:  10.00 %
Percentage done:  12.00 %
Percentage done:  14.00 %
Percentage done:  16.00 %
Percentage done:  18.00 %
Percentage done:  20.00 %
Percentage done:  22.00 %
Percentage done:  24.00 %
Percentage done:  26.00 %
Percentage done:  28.00 %
Percentage done:  30.00 %
Percentage done:  32.00 %
Percentage done:  34.00 %
Percentage done:  36.00 %
Percentage done:  38.00 %
Percentage done:  40.00 %
Percentage done:  42.00 %
Percentage done:  44.00 %
Percentage done:  46.00 %
Percentage done:  48.00 %
Percentage done:  50.00 %
Percentage done:  52.00 %
Percentage done:  54.00 %
Percentage done:  56.00 %
Percentage done:  58.00 %
Percentage done:  60.00 %
Percentage done:  62.00 %
Percentage done:  64.00 %
Percentage done:  66.00 %
Percentage done:  68.00 %
Percentage done:  70.00 %
Percentage done:  72.00 %
Percentage done:  74.00 %
Percentage done:  76.00 %
Percentage done:  78.00 %
Percentage done:  80.00 %
Percentage done:  82.00 %
Percentage done:  84.00 %
Percentage done:  86.00 %
Percentage done:  88.00 %
Percentage done:  90.00 %
Percentage done:  92.00 %
Percentage done:  94.00 %
Percentage done:  96.00 %
Percentage done:  98.00 %
Percentage done:  100.00 %
Ending abc-rs
 69.416510 seconds (14.87 M allocations: 2.001 GiB, 0.56% gc time)
end script
