Fri Nov  9 12:16:50 2018       
+-----------------------------------------------------------------------------+
| NVIDIA-SMI 396.44                 Driver Version: 396.44                    |
|-------------------------------+----------------------+----------------------+
| GPU  Name        Persistence-M| Bus-Id        Disp.A | Volatile Uncorr. ECC |
| Fan  Temp  Perf  Pwr:Usage/Cap|         Memory-Usage | GPU-Util  Compute M. |
|===============================+======================+======================|
|   0  Tesla K80           On   | 00000000:04:00.0 Off |                    0 |
| N/A   29C    P8    29W / 149W |      0MiB / 11441MiB |      0%      Default |
+-------------------------------+----------------------+----------------------+
|   1  Tesla K80           On   | 00000000:05:00.0 Off |                    0 |
| N/A   57C    P0    87W / 149W |     73MiB / 11441MiB |      0%      Default |
+-------------------------------+----------------------+----------------------+
|   2  Tesla K80           On   | 00000000:84:00.0 Off |                    0 |
| N/A   45C    P0    74W / 149W |    517MiB / 11441MiB |     45%      Default |
+-------------------------------+----------------------+----------------------+
|   3  Tesla K80           On   | 00000000:85:00.0 Off |                    0 |
| N/A   64C    P0    88W / 149W |     73MiB / 11441MiB |      0%      Default |
+-------------------------------+----------------------+----------------------+
                                                                               
+-----------------------------------------------------------------------------+
| Processes:                                                       GPU Memory |
|  GPU       PID   Type   Process name                             Usage      |
|=============================================================================|
|    1    168221      C   julia                                         62MiB |
|    2    165867      C   julia                                        506MiB |
|    3    168423      C   julia                                         62MiB |
+-----------------------------------------------------------------------------+
/home/samwiq/ABC and deep learning project/abc-dl/lunarc
/home/samwiq/ABC and deep learning project/abc-dl
start script
bp_deepsets
standard
500
2
0
check version of Knet
    Status `~/.julia/environments/v1.0/Project.toml`
  [336ed68f] CSV v0.3.1
  [a93c6f00] DataFrames v0.13.1
  [31c24e10] Distributions v0.16.4
  [1902f260] Knet v1.1.0
  [6f286f6a] MultivariateStats v0.6.0 #master (https://github.com/JuliaStats/MultivariateStats.jl.git)
  [2913bbd2] StatsBase v0.25.0
  [4c63d2b9] StatsFuns v0.7.0
build Knet
  Building SpecialFunctions → `~/.julia/packages/SpecialFunctions/KvXoO/deps/build.log`
  Building CodecZlib ───────→ `~/.julia/packages/CodecZlib/wwgbh/deps/build.log`
  Building Knet ────────────→ `~/.julia/packages/Knet/hxjeS/deps/build.log`
test gpu
4
0
0
Loading AR2 model
load data
 52.238293 seconds (195.18 M allocations: 9.407 GiB, 4.93% gc time)
Nbr training obs 100000, nbr parameters 10222, obs/parameters 9.78
0
Starting training
Epoch 1, current loss (training) 0.1334, current loss (val) 0.1490
Epoch 2, current loss (training) 0.0659, current loss (val) 0.0668
Epoch 3, current loss (training) 0.0369, current loss (val) 0.0401
Epoch 4, current loss (training) 0.0312, current loss (val) 0.0346
Epoch 5, current loss (training) 0.0298, current loss (val) 0.0323
Epoch 6, current loss (training) 0.0256, current loss (val) 0.0275
Epoch 7, current loss (training) 0.0462, current loss (val) 0.0716
Epoch 8, current loss (training) 0.0461, current loss (val) 0.0539
Epoch 9, current loss (training) 0.0536, current loss (val) 0.0624
Epoch 10, current loss (training) 0.0249, current loss (val) 0.0286
Epoch 11, current loss (training) 0.0226, current loss (val) 0.0259
Epoch 12, current loss (training) 0.0244, current loss (val) 0.0286
Epoch 13, current loss (training) 0.0221, current loss (val) 0.0231
Epoch 14, current loss (training) 0.0211, current loss (val) 0.0216
Epoch 15, current loss (training) 0.0196, current loss (val) 0.0211
Epoch 16, current loss (training) 0.0240, current loss (val) 0.0256
Epoch 17, current loss (training) 0.0278, current loss (val) 0.0279
Epoch 18, current loss (training) 0.0212, current loss (val) 0.0222
Epoch 19, current loss (training) 0.0229, current loss (val) 0.0227
Epoch 20, current loss (training) 0.0201, current loss (val) 0.0205
Epoch 21, current loss (training) 0.0185, current loss (val) 0.0192
Epoch 22, current loss (training) 0.0181, current loss (val) 0.0192
Epoch 23, current loss (training) 0.0199, current loss (val) 0.0203
Epoch 24, current loss (training) 0.0200, current loss (val) 0.0200
Epoch 25, current loss (training) 0.0184, current loss (val) 0.0192
Epoch 26, current loss (training) 0.0191, current loss (val) 0.0197
Epoch 27, current loss (training) 0.0201, current loss (val) 0.0204
Epoch 28, current loss (training) 0.0188, current loss (val) 0.0199
Epoch 29, current loss (training) 0.0189, current loss (val) 0.0189
Epoch 30, current loss (training) 0.0177, current loss (val) 0.0180
Epoch 31, current loss (training) 0.0180, current loss (val) 0.0178
Epoch 32, current loss (training) 0.0190, current loss (val) 0.0190
Epoch 33, current loss (training) 0.0171, current loss (val) 0.0174
Epoch 34, current loss (training) 0.0172, current loss (val) 0.0180
Epoch 35, current loss (training) 0.0170, current loss (val) 0.0170
Epoch 36, current loss (training) 0.0169, current loss (val) 0.0169
Epoch 37, current loss (training) 0.0170, current loss (val) 0.0175
Epoch 38, current loss (training) 0.0171, current loss (val) 0.0181
Epoch 39, current loss (training) 0.0166, current loss (val) 0.0167
Epoch 40, current loss (training) 0.0197, current loss (val) 0.0205
Epoch 41, current loss (training) 0.0169, current loss (val) 0.0177
Epoch 42, current loss (training) 0.0173, current loss (val) 0.0177
Epoch 43, current loss (training) 0.0185, current loss (val) 0.0184
Epoch 44, current loss (training) 0.0168, current loss (val) 0.0170
Epoch 45, current loss (training) 0.0176, current loss (val) 0.0174
Epoch 46, current loss (training) 0.0169, current loss (val) 0.0164
Epoch 47, current loss (training) 0.0190, current loss (val) 0.0187
Epoch 48, current loss (training) 0.0168, current loss (val) 0.0172
Epoch 49, current loss (training) 0.0193, current loss (val) 0.0191
Epoch 50, current loss (training) 0.0159, current loss (val) 0.0165
Epoch 51, current loss (training) 0.0158, current loss (val) 0.0169
Epoch 52, current loss (training) 0.0166, current loss (val) 0.0169
Epoch 53, current loss (training) 0.0161, current loss (val) 0.0167
Epoch 54, current loss (training) 0.0168, current loss (val) 0.0165
Epoch 55, current loss (training) 0.0165, current loss (val) 0.0167
Epoch 56, current loss (training) 0.0161, current loss (val) 0.0168
Epoch 57, current loss (training) 0.0156, current loss (val) 0.0162
Epoch 58, current loss (training) 0.0173, current loss (val) 0.0179
Epoch 59, current loss (training) 0.0165, current loss (val) 0.0165
Epoch 60, current loss (training) 0.0159, current loss (val) 0.0168
Epoch 61, current loss (training) 0.0154, current loss (val) 0.0160
Epoch 62, current loss (training) 0.0153, current loss (val) 0.0160
Epoch 63, current loss (training) 0.0159, current loss (val) 0.0164
Epoch 64, current loss (training) 0.0165, current loss (val) 0.0166
Epoch 65, current loss (training) 0.0162, current loss (val) 0.0161
Epoch 66, current loss (training) 0.0168, current loss (val) 0.0177
Epoch 67, current loss (training) 0.0162, current loss (val) 0.0163
Epoch 68, current loss (training) 0.0157, current loss (val) 0.0162
Epoch 69, current loss (training) 0.0154, current loss (val) 0.0160
Epoch 70, current loss (training) 0.0161, current loss (val) 0.0162
Epoch 71, current loss (training) 0.0158, current loss (val) 0.0162
Epoch 72, current loss (training) 0.0162, current loss (val) 0.0167
Epoch 73, current loss (training) 0.0162, current loss (val) 0.0167
Epoch 74, current loss (training) 0.0163, current loss (val) 0.0167
Epoch 75, current loss (training) 0.0169, current loss (val) 0.0176
Epoch 76, current loss (training) 0.0160, current loss (val) 0.0160
Epoch 77, current loss (training) 0.0154, current loss (val) 0.0158
Epoch 78, current loss (training) 0.0167, current loss (val) 0.0169
Epoch 79, current loss (training) 0.0159, current loss (val) 0.0163
Epoch 80, current loss (training) 0.0160, current loss (val) 0.0161
Epoch 81, current loss (training) 0.0147, current loss (val) 0.0158
Epoch 82, current loss (training) 0.0156, current loss (val) 0.0162
Epoch 83, current loss (training) 0.0160, current loss (val) 0.0164
Epoch 84, current loss (training) 0.0160, current loss (val) 0.0161
Epoch 85, current loss (training) 0.0160, current loss (val) 0.0160
Epoch 86, current loss (training) 0.0147, current loss (val) 0.0155
Epoch 87, current loss (training) 0.0155, current loss (val) 0.0156
Epoch 88, current loss (training) 0.0151, current loss (val) 0.0156
Epoch 89, current loss (training) 0.0161, current loss (val) 0.0163
Epoch 90, current loss (training) 0.0160, current loss (val) 0.0160
Epoch 91, current loss (training) 0.0163, current loss (val) 0.0166
Epoch 92, current loss (training) 0.0156, current loss (val) 0.0163
Epoch 93, current loss (training) 0.0152, current loss (val) 0.0154
Epoch 94, current loss (training) 0.0166, current loss (val) 0.0169
Epoch 95, current loss (training) 0.0159, current loss (val) 0.0165
Epoch 96, current loss (training) 0.0151, current loss (val) 0.0156
Epoch 97, current loss (training) 0.0163, current loss (val) 0.0161
Epoch 98, current loss (training) 0.0159, current loss (val) 0.0161
Epoch 99, current loss (training) 0.0158, current loss (val) 0.0162
Epoch 100, current loss (training) 0.0155, current loss (val) 0.0160
Epoch 101, current loss (training) 0.0153, current loss (val) 0.0160
Epoch 102, current loss (training) 0.0158, current loss (val) 0.0160
Epoch 103, current loss (training) 0.0160, current loss (val) 0.0158
Epoch 104, current loss (training) 0.0160, current loss (val) 0.0160
Epoch 105, current loss (training) 0.0163, current loss (val) 0.0160
Epoch 106, current loss (training) 0.0153, current loss (val) 0.0158
Epoch 107, current loss (training) 0.0155, current loss (val) 0.0163
Epoch 108, current loss (training) 0.0153, current loss (val) 0.0158
Epoch 109, current loss (training) 0.0152, current loss (val) 0.0158
Epoch 110, current loss (training) 0.0146, current loss (val) 0.0156
Epoch 111, current loss (training) 0.0154, current loss (val) 0.0163
Epoch 112, current loss (training) 0.0151, current loss (val) 0.0160
Epoch 113, current loss (training) 0.0151, current loss (val) 0.0159
Epoch 114, current loss (training) 0.0169, current loss (val) 0.0169
Epoch 115, current loss (training) 0.0147, current loss (val) 0.0156
Epoch 116, current loss (training) 0.0154, current loss (val) 0.0154
Epoch 117, current loss (training) 0.0153, current loss (val) 0.0157
Epoch 118, current loss (training) 0.0155, current loss (val) 0.0160
Epoch 119, current loss (training) 0.0148, current loss (val) 0.0156
Epoch 120, current loss (training) 0.0160, current loss (val) 0.0167
Epoch 121, current loss (training) 0.0155, current loss (val) 0.0155
Epoch 122, current loss (training) 0.0152, current loss (val) 0.0158
Epoch 123, current loss (training) 0.0160, current loss (val) 0.0167
Epoch 124, current loss (training) 0.0153, current loss (val) 0.0159
Epoch 125, current loss (training) 0.0150, current loss (val) 0.0156
Epoch 126, current loss (training) 0.0163, current loss (val) 0.0165
Epoch 127, current loss (training) 0.0148, current loss (val) 0.0158
Epoch 128, current loss (training) 0.0150, current loss (val) 0.0154
Epoch 129, current loss (training) 0.0157, current loss (val) 0.0159
Epoch 130, current loss (training) 0.0148, current loss (val) 0.0157
Epoch 131, current loss (training) 0.0149, current loss (val) 0.0153
Epoch 132, current loss (training) 0.0156, current loss (val) 0.0163
Epoch 133, current loss (training) 0.0148, current loss (val) 0.0157
Epoch 134, current loss (training) 0.0153, current loss (val) 0.0158
Epoch 135, current loss (training) 0.0150, current loss (val) 0.0157
Epoch 136, current loss (training) 0.0151, current loss (val) 0.0156
Epoch 137, current loss (training) 0.0147, current loss (val) 0.0154
Epoch 138, current loss (training) 0.0157, current loss (val) 0.0162
Epoch 139, current loss (training) 0.0149, current loss (val) 0.0156
Epoch 140, current loss (training) 0.0151, current loss (val) 0.0156
Epoch 141, current loss (training) 0.0157, current loss (val) 0.0160
Epoch 142, current loss (training) 0.0154, current loss (val) 0.0158
Epoch 143, current loss (training) 0.0150, current loss (val) 0.0156
Epoch 144, current loss (training) 0.0156, current loss (val) 0.0153
Epoch 145, current loss (training) 0.0147, current loss (val) 0.0154
Epoch 146, current loss (training) 0.0157, current loss (val) 0.0161
Epoch 147, current loss (training) 0.0145, current loss (val) 0.0157
Epoch 148, current loss (training) 0.0150, current loss (val) 0.0160
Epoch 149, current loss (training) 0.0155, current loss (val) 0.0160
Epoch 150, current loss (training) 0.0155, current loss (val) 0.0158
Epoch 151, current loss (training) 0.0155, current loss (val) 0.0157
Epoch 152, current loss (training) 0.0151, current loss (val) 0.0158
Epoch 153, current loss (training) 0.0147, current loss (val) 0.0153
Epoch 154, current loss (training) 0.0159, current loss (val) 0.0164
Epoch 155, current loss (training) 0.0162, current loss (val) 0.0164
Epoch 156, current loss (training) 0.0150, current loss (val) 0.0154
Epoch 157, current loss (training) 0.0150, current loss (val) 0.0154
Epoch 158, current loss (training) 0.0153, current loss (val) 0.0161
Epoch 159, current loss (training) 0.0147, current loss (val) 0.0153
Epoch 160, current loss (training) 0.0151, current loss (val) 0.0154
Epoch 161, current loss (training) 0.0156, current loss (val) 0.0158
Epoch 162, current loss (training) 0.0148, current loss (val) 0.0155
Epoch 163, current loss (training) 0.0155, current loss (val) 0.0157
Epoch 164, current loss (training) 0.0155, current loss (val) 0.0156
Epoch 165, current loss (training) 0.0157, current loss (val) 0.0159
Epoch 166, current loss (training) 0.0147, current loss (val) 0.0156
Epoch 167, current loss (training) 0.0149, current loss (val) 0.0153
Epoch 168, current loss (training) 0.0160, current loss (val) 0.0158
Epoch 169, current loss (training) 0.0156, current loss (val) 0.0157
Epoch 170, current loss (training) 0.0152, current loss (val) 0.0154
Epoch 171, current loss (training) 0.0166, current loss (val) 0.0167
Epoch 172, current loss (training) 0.0160, current loss (val) 0.0161
Epoch 173, current loss (training) 0.0142, current loss (val) 0.0155
Epoch 174, current loss (training) 0.0150, current loss (val) 0.0152
Epoch 175, current loss (training) 0.0152, current loss (val) 0.0157
Epoch 176, current loss (training) 0.0150, current loss (val) 0.0156
Epoch 177, current loss (training) 0.0152, current loss (val) 0.0153
Epoch 178, current loss (training) 0.0152, current loss (val) 0.0155
Epoch 179, current loss (training) 0.0155, current loss (val) 0.0154
Epoch 180, current loss (training) 0.0156, current loss (val) 0.0161
Epoch 181, current loss (training) 0.0153, current loss (val) 0.0160
Epoch 182, current loss (training) 0.0151, current loss (val) 0.0155
Epoch 183, current loss (training) 0.0146, current loss (val) 0.0153
Epoch 184, current loss (training) 0.0147, current loss (val) 0.0155
Epoch 185, current loss (training) 0.0153, current loss (val) 0.0156
Epoch 186, current loss (training) 0.0147, current loss (val) 0.0155
Epoch 187, current loss (training) 0.0149, current loss (val) 0.0156
Epoch 188, current loss (training) 0.0151, current loss (val) 0.0152
Epoch 189, current loss (training) 0.0148, current loss (val) 0.0155
Epoch 190, current loss (training) 0.0153, current loss (val) 0.0153
Epoch 191, current loss (training) 0.0152, current loss (val) 0.0151
Epoch 192, current loss (training) 0.0157, current loss (val) 0.0158
Epoch 193, current loss (training) 0.0152, current loss (val) 0.0153
Epoch 194, current loss (training) 0.0161, current loss (val) 0.0163
Epoch 195, current loss (training) 0.0153, current loss (val) 0.0158
Epoch 196, current loss (training) 0.0147, current loss (val) 0.0153
Epoch 197, current loss (training) 0.0149, current loss (val) 0.0156
Epoch 198, current loss (training) 0.0152, current loss (val) 0.0154
Epoch 199, current loss (training) 0.0143, current loss (val) 0.0155
Epoch 200, current loss (training) 0.0152, current loss (val) 0.0153
Epoch 201, current loss (training) 0.0151, current loss (val) 0.0160
Epoch 202, current loss (training) 0.0147, current loss (val) 0.0152
Epoch 203, current loss (training) 0.0152, current loss (val) 0.0161
Epoch 204, current loss (training) 0.0149, current loss (val) 0.0153
Epoch 205, current loss (training) 0.0146, current loss (val) 0.0154
Epoch 206, current loss (training) 0.0172, current loss (val) 0.0171
Epoch 207, current loss (training) 0.0154, current loss (val) 0.0154
Epoch 208, current loss (training) 0.0157, current loss (val) 0.0162
Epoch 209, current loss (training) 0.0150, current loss (val) 0.0154
Epoch 210, current loss (training) 0.0147, current loss (val) 0.0155
Epoch 211, current loss (training) 0.0162, current loss (val) 0.0160
Epoch 212, current loss (training) 0.0148, current loss (val) 0.0156
Epoch 213, current loss (training) 0.0154, current loss (val) 0.0158
Epoch 214, current loss (training) 0.0149, current loss (val) 0.0155
Epoch 215, current loss (training) 0.0142, current loss (val) 0.0156
Epoch 216, current loss (training) 0.0149, current loss (val) 0.0153
Epoch 217, current loss (training) 0.0160, current loss (val) 0.0157
Epoch 218, current loss (training) 0.0150, current loss (val) 0.0157
Epoch 219, current loss (training) 0.0151, current loss (val) 0.0157
Epoch 220, current loss (training) 0.0148, current loss (val) 0.0156
Epoch 221, current loss (training) 0.0149, current loss (val) 0.0152
Epoch 222, current loss (training) 0.0158, current loss (val) 0.0161
Epoch 223, current loss (training) 0.0151, current loss (val) 0.0156
Epoch 224, current loss (training) 0.0158, current loss (val) 0.0161
Epoch 225, current loss (training) 0.0147, current loss (val) 0.0153
Epoch 226, current loss (training) 0.0155, current loss (val) 0.0157
Epoch 227, current loss (training) 0.0155, current loss (val) 0.0158
Epoch 228, current loss (training) 0.0153, current loss (val) 0.0157
Epoch 229, current loss (training) 0.0150, current loss (val) 0.0154
Epoch 230, current loss (training) 0.0155, current loss (val) 0.0160
Epoch 231, current loss (training) 0.0150, current loss (val) 0.0153
Epoch 232, current loss (training) 0.0150, current loss (val) 0.0154
Epoch 233, current loss (training) 0.0152, current loss (val) 0.0155
Epoch 234, current loss (training) 0.0155, current loss (val) 0.0157
Epoch 235, current loss (training) 0.0150, current loss (val) 0.0153
Epoch 236, current loss (training) 0.0149, current loss (val) 0.0154
Epoch 237, current loss (training) 0.0152, current loss (val) 0.0155
Epoch 238, current loss (training) 0.0158, current loss (val) 0.0157
Epoch 239, current loss (training) 0.0151, current loss (val) 0.0153
Epoch 240, current loss (training) 0.0151, current loss (val) 0.0159
Epoch 241, current loss (training) 0.0149, current loss (val) 0.0155
Epoch 242, current loss (training) 0.0148, current loss (val) 0.0155
Epoch 243, current loss (training) 0.0148, current loss (val) 0.0152
Epoch 244, current loss (training) 0.0153, current loss (val) 0.0156
Epoch 245, current loss (training) 0.0147, current loss (val) 0.0155
Epoch 246, current loss (training) 0.0148, current loss (val) 0.0154
Epoch 247, current loss (training) 0.0152, current loss (val) 0.0157
Epoch 248, current loss (training) 0.0149, current loss (val) 0.0154
Epoch 249, current loss (training) 0.0159, current loss (val) 0.0162
Epoch 250, current loss (training) 0.0152, current loss (val) 0.0155
Epoch 251, current loss (training) 0.0145, current loss (val) 0.0152
Epoch 252, current loss (training) 0.0149, current loss (val) 0.0156
Epoch 253, current loss (training) 0.0147, current loss (val) 0.0153
Epoch 254, current loss (training) 0.0145, current loss (val) 0.0152
Epoch 255, current loss (training) 0.0146, current loss (val) 0.0152
Epoch 256, current loss (training) 0.0149, current loss (val) 0.0156
Epoch 257, current loss (training) 0.0153, current loss (val) 0.0158
Epoch 258, current loss (training) 0.0148, current loss (val) 0.0155
Epoch 259, current loss (training) 0.0146, current loss (val) 0.0154
Epoch 260, current loss (training) 0.0149, current loss (val) 0.0153
Epoch 261, current loss (training) 0.0143, current loss (val) 0.0152
Epoch 262, current loss (training) 0.0157, current loss (val) 0.0162
Epoch 263, current loss (training) 0.0149, current loss (val) 0.0156
Epoch 264, current loss (training) 0.0148, current loss (val) 0.0154
Epoch 265, current loss (training) 0.0147, current loss (val) 0.0152
Epoch 266, current loss (training) 0.0151, current loss (val) 0.0157
Epoch 267, current loss (training) 0.0149, current loss (val) 0.0155
Epoch 268, current loss (training) 0.0150, current loss (val) 0.0155
Epoch 269, current loss (training) 0.0149, current loss (val) 0.0155
Epoch 270, current loss (training) 0.0149, current loss (val) 0.0154
Epoch 271, current loss (training) 0.0151, current loss (val) 0.0156
Epoch 272, current loss (training) 0.0149, current loss (val) 0.0156
Epoch 273, current loss (training) 0.0158, current loss (val) 0.0161
Epoch 274, current loss (training) 0.0154, current loss (val) 0.0155
Epoch 275, current loss (training) 0.0154, current loss (val) 0.0157
Epoch 276, current loss (training) 0.0148, current loss (val) 0.0154
Epoch 277, current loss (training) 0.0150, current loss (val) 0.0151
Epoch 278, current loss (training) 0.0145, current loss (val) 0.0153
Epoch 279, current loss (training) 0.0145, current loss (val) 0.0152
Epoch 280, current loss (training) 0.0145, current loss (val) 0.0152
Epoch 281, current loss (training) 0.0147, current loss (val) 0.0155
Epoch 282, current loss (training) 0.0150, current loss (val) 0.0157
Epoch 283, current loss (training) 0.0148, current loss (val) 0.0154
Epoch 284, current loss (training) 0.0144, current loss (val) 0.0152
Epoch 285, current loss (training) 0.0146, current loss (val) 0.0154
Epoch 286, current loss (training) 0.0152, current loss (val) 0.0158
Epoch 287, current loss (training) 0.0143, current loss (val) 0.0152
Epoch 288, current loss (training) 0.0151, current loss (val) 0.0157
Epoch 289, current loss (training) 0.0149, current loss (val) 0.0156
Epoch 290, current loss (training) 0.0155, current loss (val) 0.0160
Epoch 291, current loss (training) 0.0156, current loss (val) 0.0159
Epoch 292, current loss (training) 0.0146, current loss (val) 0.0152
Epoch 293, current loss (training) 0.0148, current loss (val) 0.0156
Epoch 294, current loss (training) 0.0150, current loss (val) 0.0157
Epoch 295, current loss (training) 0.0146, current loss (val) 0.0152
Epoch 296, current loss (training) 0.0150, current loss (val) 0.0157
Epoch 297, current loss (training) 0.0149, current loss (val) 0.0154
Epoch 298, current loss (training) 0.0151, current loss (val) 0.0154
Epoch 299, current loss (training) 0.0151, current loss (val) 0.0158
Epoch 300, current loss (training) 0.0148, current loss (val) 0.0153
Epoch 301, current loss (training) 0.0153, current loss (val) 0.0161
Epoch 302, current loss (training) 0.0141, current loss (val) 0.0152
Epoch 303, current loss (training) 0.0146, current loss (val) 0.0153
Epoch 304, current loss (training) 0.0154, current loss (val) 0.0159
Epoch 305, current loss (training) 0.0149, current loss (val) 0.0154
Epoch 306, current loss (training) 0.0146, current loss (val) 0.0153
Epoch 307, current loss (training) 0.0149, current loss (val) 0.0152
Epoch 308, current loss (training) 0.0148, current loss (val) 0.0155
Epoch 309, current loss (training) 0.0151, current loss (val) 0.0156
Epoch 310, current loss (training) 0.0150, current loss (val) 0.0155
Epoch 311, current loss (training) 0.0146, current loss (val) 0.0153
Epoch 312, current loss (training) 0.0148, current loss (val) 0.0155
Epoch 313, current loss (training) 0.0149, current loss (val) 0.0155
Epoch 314, current loss (training) 0.0148, current loss (val) 0.0155
Epoch 315, current loss (training) 0.0149, current loss (val) 0.0155
Epoch 316, current loss (training) 0.0153, current loss (val) 0.0161
Epoch 317, current loss (training) 0.0144, current loss (val) 0.0153
Epoch 318, current loss (training) 0.0144, current loss (val) 0.0156
Epoch 319, current loss (training) 0.0152, current loss (val) 0.0158
Epoch 320, current loss (training) 0.0138, current loss (val) 0.0153
Epoch 321, current loss (training) 0.0150, current loss (val) 0.0154
Epoch 322, current loss (training) 0.0148, current loss (val) 0.0156
Epoch 323, current loss (training) 0.0145, current loss (val) 0.0154
Epoch 324, current loss (training) 0.0143, current loss (val) 0.0153
Epoch 325, current loss (training) 0.0148, current loss (val) 0.0152
Epoch 326, current loss (training) 0.0146, current loss (val) 0.0155
Epoch 327, current loss (training) 0.0149, current loss (val) 0.0155
Epoch 328, current loss (training) 0.0151, current loss (val) 0.0159
Epoch 329, current loss (training) 0.0149, current loss (val) 0.0154
Epoch 330, current loss (training) 0.0146, current loss (val) 0.0154
Epoch 331, current loss (training) 0.0149, current loss (val) 0.0153
Epoch 332, current loss (training) 0.0157, current loss (val) 0.0160
Epoch 333, current loss (training) 0.0151, current loss (val) 0.0155
Epoch 334, current loss (training) 0.0144, current loss (val) 0.0154
Epoch 335, current loss (training) 0.0148, current loss (val) 0.0155
Epoch 336, current loss (training) 0.0149, current loss (val) 0.0155
Epoch 337, current loss (training) 0.0148, current loss (val) 0.0155
Epoch 338, current loss (training) 0.0147, current loss (val) 0.0154
Epoch 339, current loss (training) 0.0148, current loss (val) 0.0154
Epoch 340, current loss (training) 0.0147, current loss (val) 0.0153
Epoch 341, current loss (training) 0.0144, current loss (val) 0.0151
Epoch 342, current loss (training) 0.0150, current loss (val) 0.0154
Epoch 343, current loss (training) 0.0149, current loss (val) 0.0155
Epoch 344, current loss (training) 0.0146, current loss (val) 0.0152
Epoch 345, current loss (training) 0.0153, current loss (val) 0.0162
Epoch 346, current loss (training) 0.0149, current loss (val) 0.0154
Epoch 347, current loss (training) 0.0147, current loss (val) 0.0153
Epoch 348, current loss (training) 0.0150, current loss (val) 0.0160
Epoch 349, current loss (training) 0.0147, current loss (val) 0.0154
Epoch 350, current loss (training) 0.0151, current loss (val) 0.0157
Epoch 351, current loss (training) 0.0147, current loss (val) 0.0154
Epoch 352, current loss (training) 0.0149, current loss (val) 0.0155
Epoch 353, current loss (training) 0.0140, current loss (val) 0.0151
Epoch 354, current loss (training) 0.0154, current loss (val) 0.0155
Epoch 355, current loss (training) 0.0150, current loss (val) 0.0155
Epoch 356, current loss (training) 0.0149, current loss (val) 0.0153
Epoch 357, current loss (training) 0.0146, current loss (val) 0.0152
Epoch 358, current loss (training) 0.0149, current loss (val) 0.0156
Epoch 359, current loss (training) 0.0140, current loss (val) 0.0155
Epoch 360, current loss (training) 0.0147, current loss (val) 0.0152
Epoch 361, current loss (training) 0.0145, current loss (val) 0.0155
Epoch 362, current loss (training) 0.0153, current loss (val) 0.0158
Epoch 363, current loss (training) 0.0145, current loss (val) 0.0153
Epoch 364, current loss (training) 0.0142, current loss (val) 0.0152
Epoch 365, current loss (training) 0.0147, current loss (val) 0.0153
Epoch 366, current loss (training) 0.0143, current loss (val) 0.0153
Epoch 367, current loss (training) 0.0153, current loss (val) 0.0159
Epoch 368, current loss (training) 0.0149, current loss (val) 0.0153
Epoch 369, current loss (training) 0.0149, current loss (val) 0.0154
Epoch 370, current loss (training) 0.0152, current loss (val) 0.0156
Epoch 371, current loss (training) 0.0142, current loss (val) 0.0152
Epoch 372, current loss (training) 0.0147, current loss (val) 0.0152
Epoch 373, current loss (training) 0.0148, current loss (val) 0.0155
Epoch 374, current loss (training) 0.0142, current loss (val) 0.0154
Epoch 375, current loss (training) 0.0145, current loss (val) 0.0155
Epoch 376, current loss (training) 0.0142, current loss (val) 0.0155
Epoch 377, current loss (training) 0.0147, current loss (val) 0.0155
Epoch 378, current loss (training) 0.0142, current loss (val) 0.0153
Epoch 379, current loss (training) 0.0144, current loss (val) 0.0154
Epoch 380, current loss (training) 0.0148, current loss (val) 0.0156
Epoch 381, current loss (training) 0.0151, current loss (val) 0.0152
Epoch 382, current loss (training) 0.0145, current loss (val) 0.0155
Epoch 383, current loss (training) 0.0152, current loss (val) 0.0156
Epoch 384, current loss (training) 0.0150, current loss (val) 0.0155
Epoch 385, current loss (training) 0.0148, current loss (val) 0.0155
Epoch 386, current loss (training) 0.0149, current loss (val) 0.0155
Epoch 387, current loss (training) 0.0142, current loss (val) 0.0153
Epoch 388, current loss (training) 0.0152, current loss (val) 0.0155
Epoch 389, current loss (training) 0.0145, current loss (val) 0.0152
Epoch 390, current loss (training) 0.0152, current loss (val) 0.0159
Epoch 391, current loss (training) 0.0148, current loss (val) 0.0151
Epoch 392, current loss (training) 0.0151, current loss (val) 0.0157
Epoch 393, current loss (training) 0.0142, current loss (val) 0.0152
Epoch 394, current loss (training) 0.0140, current loss (val) 0.0152
Epoch 395, current loss (training) 0.0147, current loss (val) 0.0152
Epoch 396, current loss (training) 0.0148, current loss (val) 0.0155
Epoch 397, current loss (training) 0.0151, current loss (val) 0.0153
Epoch 398, current loss (training) 0.0149, current loss (val) 0.0153
Epoch 399, current loss (training) 0.0143, current loss (val) 0.0152
Epoch 400, current loss (training) 0.0146, current loss (val) 0.0157
Epoch 401, current loss (training) 0.0151, current loss (val) 0.0156
Epoch 402, current loss (training) 0.0149, current loss (val) 0.0159
Epoch 403, current loss (training) 0.0146, current loss (val) 0.0154
Epoch 404, current loss (training) 0.0150, current loss (val) 0.0155
Epoch 405, current loss (training) 0.0141, current loss (val) 0.0151
Epoch 406, current loss (training) 0.0147, current loss (val) 0.0153
Epoch 407, current loss (training) 0.0150, current loss (val) 0.0159
Epoch 408, current loss (training) 0.0148, current loss (val) 0.0155
Epoch 409, current loss (training) 0.0152, current loss (val) 0.0161
Epoch 410, current loss (training) 0.0148, current loss (val) 0.0156
Epoch 411, current loss (training) 0.0149, current loss (val) 0.0153
Epoch 412, current loss (training) 0.0149, current loss (val) 0.0154
Epoch 413, current loss (training) 0.0143, current loss (val) 0.0153
Epoch 414, current loss (training) 0.0147, current loss (val) 0.0154
Epoch 415, current loss (training) 0.0154, current loss (val) 0.0154
Epoch 416, current loss (training) 0.0146, current loss (val) 0.0154
Epoch 417, current loss (training) 0.0147, current loss (val) 0.0154
Epoch 418, current loss (training) 0.0148, current loss (val) 0.0154
Epoch 419, current loss (training) 0.0154, current loss (val) 0.0158
Epoch 420, current loss (training) 0.0145, current loss (val) 0.0153
Epoch 421, current loss (training) 0.0142, current loss (val) 0.0155
Epoch 422, current loss (training) 0.0145, current loss (val) 0.0153
Epoch 423, current loss (training) 0.0145, current loss (val) 0.0155
Epoch 424, current loss (training) 0.0145, current loss (val) 0.0155
Epoch 425, current loss (training) 0.0152, current loss (val) 0.0158
Epoch 426, current loss (training) 0.0145, current loss (val) 0.0156
Epoch 427, current loss (training) 0.0140, current loss (val) 0.0154
Epoch 428, current loss (training) 0.0149, current loss (val) 0.0155
Epoch 429, current loss (training) 0.0145, current loss (val) 0.0155
Epoch 430, current loss (training) 0.0148, current loss (val) 0.0156
Epoch 431, current loss (training) 0.0146, current loss (val) 0.0154
Epoch 432, current loss (training) 0.0141, current loss (val) 0.0152
Epoch 433, current loss (training) 0.0157, current loss (val) 0.0159
Epoch 434, current loss (training) 0.0141, current loss (val) 0.0155
Epoch 435, current loss (training) 0.0154, current loss (val) 0.0153
Epoch 436, current loss (training) 0.0148, current loss (val) 0.0153
Epoch 437, current loss (training) 0.0146, current loss (val) 0.0153
Epoch 438, current loss (training) 0.0146, current loss (val) 0.0153
Epoch 439, current loss (training) 0.0145, current loss (val) 0.0153
Epoch 440, current loss (training) 0.0142, current loss (val) 0.0152
Epoch 441, current loss (training) 0.0146, current loss (val) 0.0153
Epoch 442, current loss (training) 0.0155, current loss (val) 0.0159
Epoch 443, current loss (training) 0.0143, current loss (val) 0.0152
Epoch 444, current loss (training) 0.0146, current loss (val) 0.0156
Epoch 445, current loss (training) 0.0151, current loss (val) 0.0158
Epoch 446, current loss (training) 0.0147, current loss (val) 0.0154
Epoch 447, current loss (training) 0.0153, current loss (val) 0.0160
Epoch 448, current loss (training) 0.0151, current loss (val) 0.0159
Epoch 449, current loss (training) 0.0147, current loss (val) 0.0153
Epoch 450, current loss (training) 0.0147, current loss (val) 0.0152
Epoch 451, current loss (training) 0.0148, current loss (val) 0.0154
Epoch 452, current loss (training) 0.0147, current loss (val) 0.0154
Epoch 453, current loss (training) 0.0149, current loss (val) 0.0154
Epoch 454, current loss (training) 0.0143, current loss (val) 0.0152
Epoch 455, current loss (training) 0.0141, current loss (val) 0.0153
Epoch 456, current loss (training) 0.0151, current loss (val) 0.0158
Epoch 457, current loss (training) 0.0148, current loss (val) 0.0155
Epoch 458, current loss (training) 0.0141, current loss (val) 0.0155
Epoch 459, current loss (training) 0.0143, current loss (val) 0.0152
Epoch 460, current loss (training) 0.0148, current loss (val) 0.0153
Epoch 461, current loss (training) 0.0149, current loss (val) 0.0152
Epoch 462, current loss (training) 0.0149, current loss (val) 0.0159
Epoch 463, current loss (training) 0.0148, current loss (val) 0.0155
Epoch 464, current loss (training) 0.0144, current loss (val) 0.0152
Epoch 465, current loss (training) 0.0142, current loss (val) 0.0154
Epoch 466, current loss (training) 0.0146, current loss (val) 0.0154
Epoch 467, current loss (training) 0.0150, current loss (val) 0.0154
Epoch 468, current loss (training) 0.0150, current loss (val) 0.0155
Epoch 469, current loss (training) 0.0143, current loss (val) 0.0152
Epoch 470, current loss (training) 0.0145, current loss (val) 0.0152
Epoch 471, current loss (training) 0.0146, current loss (val) 0.0152
Epoch 472, current loss (training) 0.0147, current loss (val) 0.0153
Epoch 473, current loss (training) 0.0147, current loss (val) 0.0154
Epoch 474, current loss (training) 0.0141, current loss (val) 0.0151
Epoch 475, current loss (training) 0.0148, current loss (val) 0.0156
Epoch 476, current loss (training) 0.0149, current loss (val) 0.0154
Epoch 477, current loss (training) 0.0142, current loss (val) 0.0153
Epoch 478, current loss (training) 0.0147, current loss (val) 0.0152
Epoch 479, current loss (training) 0.0143, current loss (val) 0.0153
Epoch 480, current loss (training) 0.0154, current loss (val) 0.0159
Epoch 481, current loss (training) 0.0145, current loss (val) 0.0153
Epoch 482, current loss (training) 0.0148, current loss (val) 0.0155
Epoch 483, current loss (training) 0.0146, current loss (val) 0.0153
Epoch 484, current loss (training) 0.0142, current loss (val) 0.0151
Epoch 485, current loss (training) 0.0144, current loss (val) 0.0153
Epoch 486, current loss (training) 0.0151, current loss (val) 0.0157
Epoch 487, current loss (training) 0.0145, current loss (val) 0.0157
Epoch 488, current loss (training) 0.0148, current loss (val) 0.0154
Epoch 489, current loss (training) 0.0148, current loss (val) 0.0158
Epoch 490, current loss (training) 0.0148, current loss (val) 0.0155
Epoch 491, current loss (training) 0.0147, current loss (val) 0.0153
Epoch 492, current loss (training) 0.0145, current loss (val) 0.0155
Epoch 493, current loss (training) 0.0147, current loss (val) 0.0154
Epoch 494, current loss (training) 0.0148, current loss (val) 0.0158
Epoch 495, current loss (training) 0.0145, current loss (val) 0.0153
Epoch 496, current loss (training) 0.0144, current loss (val) 0.0155
Epoch 497, current loss (training) 0.0141, current loss (val) 0.0153
Epoch 498, current loss (training) 0.0146, current loss (val) 0.0152
Epoch 499, current loss (training) 0.0147, current loss (val) 0.0154
Epoch 500, current loss (training) 0.0148, current loss (val) 0.0154
run_time_first_training_cycle:  1294.51 

Epochs 500, batch size, 200
Nbr training obs 100000, nbr parameters 10222, obs/parameters 9.78

Starting abc-rs
Percentage done:  2.00 %
Percentage done:  4.00 %
Percentage done:  6.00 %
Percentage done:  8.00 %
Percentage done:  10.00 %
Percentage done:  12.00 %
Percentage done:  14.00 %
Percentage done:  16.00 %
Percentage done:  18.00 %
Percentage done:  20.00 %
Percentage done:  22.00 %
Percentage done:  24.00 %
Percentage done:  26.00 %
Percentage done:  28.00 %
Percentage done:  30.00 %
Percentage done:  32.00 %
Percentage done:  34.00 %
Percentage done:  36.00 %
Percentage done:  38.00 %
Percentage done:  40.00 %
Percentage done:  42.00 %
Percentage done:  44.00 %
Percentage done:  46.00 %
Percentage done:  48.00 %
Percentage done:  50.00 %
Percentage done:  52.00 %
Percentage done:  54.00 %
Percentage done:  56.00 %
Percentage done:  58.00 %
Percentage done:  60.00 %
Percentage done:  62.00 %
Percentage done:  64.00 %
Percentage done:  66.00 %
Percentage done:  68.00 %
Percentage done:  70.00 %
Percentage done:  72.00 %
Percentage done:  74.00 %
Percentage done:  76.00 %
Percentage done:  78.00 %
Percentage done:  80.00 %
Percentage done:  82.00 %
Percentage done:  84.00 %
Percentage done:  86.00 %
Percentage done:  88.00 %
Percentage done:  90.00 %
Percentage done:  92.00 %
Percentage done:  94.00 %
Percentage done:  96.00 %
Percentage done:  98.00 %
Percentage done:  100.00 %
Ending abc-rs
133.714185 seconds (36.37 M allocations: 61.293 GiB, 2.22% gc time)
end script
Round:1
Round:3
Starting abc-rs
Percentage done:  2.00 %
Percentage done:  4.00 %
Percentage done:  6.00 %
Percentage done:  8.00 %
Percentage done:  10.00 %
Percentage done:  12.00 %
Percentage done:  14.00 %
Percentage done:  16.00 %
Percentage done:  18.00 %
Percentage done:  20.00 %
Percentage done:  22.00 %
Percentage done:  24.00 %
Percentage done:  26.00 %
Percentage done:  28.00 %
Percentage done:  30.00 %
Percentage done:  32.00 %
Percentage done:  34.00 %
Percentage done:  36.00 %
Percentage done:  38.00 %
Percentage done:  40.00 %
Percentage done:  42.00 %
Percentage done:  44.00 %
Percentage done:  46.00 %
Percentage done:  48.00 %
Percentage done:  50.00 %
Percentage done:  52.00 %
Percentage done:  54.00 %
Percentage done:  56.00 %
Percentage done:  58.00 %
Percentage done:  60.00 %
Percentage done:  62.00 %
Percentage done:  64.00 %
Percentage done:  66.00 %
Percentage done:  68.00 %
Percentage done:  70.00 %
Percentage done:  72.00 %
Percentage done:  74.00 %
Percentage done:  76.00 %
Percentage done:  78.00 %
Percentage done:  80.00 %
Percentage done:  82.00 %
Percentage done:  84.00 %
Percentage done:  86.00 %
Percentage done:  88.00 %
Percentage done:  90.00 %
Percentage done:  92.00 %
Percentage done:  94.00 %
Percentage done:  96.00 %
Percentage done:  98.00 %
Percentage done:  100.00 %
Ending abc-rs
134.612234 seconds (35.50 M allocations: 61.251 GiB, 2.38% gc time)
Round:5
Starting abc-rs
Percentage done:  2.00 %
Percentage done:  4.00 %
Percentage done:  6.00 %
Percentage done:  8.00 %
Percentage done:  10.00 %
Percentage done:  12.00 %
Percentage done:  14.00 %
Percentage done:  16.00 %
Percentage done:  18.00 %
Percentage done:  20.00 %
Percentage done:  22.00 %
Percentage done:  24.00 %
Percentage done:  26.00 %
Percentage done:  28.00 %
Percentage done:  30.00 %
Percentage done:  32.00 %
Percentage done:  34.00 %
Percentage done:  36.00 %
Percentage done:  38.00 %
Percentage done:  40.00 %
Percentage done:  42.00 %
Percentage done:  44.00 %
Percentage done:  46.00 %
Percentage done:  48.00 %
Percentage done:  50.00 %
Percentage done:  52.00 %
Percentage done:  54.00 %
Percentage done:  56.00 %
Percentage done:  58.00 %
Percentage done:  60.00 %
Percentage done:  62.00 %
Percentage done:  64.00 %
Percentage done:  66.00 %
Percentage done:  68.00 %
Percentage done:  70.00 %
Percentage done:  72.00 %
Percentage done:  74.00 %
Percentage done:  76.00 %
Percentage done:  78.00 %
Percentage done:  80.00 %
Percentage done:  82.00 %
Percentage done:  84.00 %
Percentage done:  86.00 %
Percentage done:  88.00 %
Percentage done:  90.00 %
Percentage done:  92.00 %
Percentage done:  94.00 %
Percentage done:  96.00 %
Percentage done:  98.00 %
Percentage done:  100.00 %
Ending abc-rs
134.365542 seconds (35.50 M allocations: 61.251 GiB, 2.38% gc time)
Round:7
Starting abc-rs
Percentage done:  2.00 %
Percentage done:  4.00 %
Percentage done:  6.00 %
Percentage done:  8.00 %
Percentage done:  10.00 %
Percentage done:  12.00 %
Percentage done:  14.00 %
Percentage done:  16.00 %
Percentage done:  18.00 %
Percentage done:  20.00 %
Percentage done:  22.00 %
Percentage done:  24.00 %
Percentage done:  26.00 %
Percentage done:  28.00 %
Percentage done:  30.00 %
Percentage done:  32.00 %
Percentage done:  34.00 %
Percentage done:  36.00 %
Percentage done:  38.00 %
Percentage done:  40.00 %
Percentage done:  42.00 %
Percentage done:  44.00 %
Percentage done:  46.00 %
Percentage done:  48.00 %
Percentage done:  50.00 %
Percentage done:  52.00 %
Percentage done:  54.00 %
Percentage done:  56.00 %
Percentage done:  58.00 %
Percentage done:  60.00 %
Percentage done:  62.00 %
Percentage done:  64.00 %
Percentage done:  66.00 %
Percentage done:  68.00 %
Percentage done:  70.00 %
Percentage done:  72.00 %
Percentage done:  74.00 %
Percentage done:  76.00 %
Percentage done:  78.00 %
Percentage done:  80.00 %
Percentage done:  82.00 %
Percentage done:  84.00 %
Percentage done:  86.00 %
Percentage done:  88.00 %
Percentage done:  90.00 %
Percentage done:  92.00 %
Percentage done:  94.00 %
Percentage done:  96.00 %
Percentage done:  98.00 %
Percentage done:  100.00 %
Ending abc-rs
134.374505 seconds (35.50 M allocations: 61.251 GiB, 2.39% gc time)
Round:9
Starting abc-rs
Percentage done:  2.00 %
Percentage done:  4.00 %
Percentage done:  6.00 %
Percentage done:  8.00 %
Percentage done:  10.00 %
Percentage done:  12.00 %
Percentage done:  14.00 %
Percentage done:  16.00 %
Percentage done:  18.00 %
Percentage done:  20.00 %
Percentage done:  22.00 %
Percentage done:  24.00 %
Percentage done:  26.00 %
Percentage done:  28.00 %
Percentage done:  30.00 %
Percentage done:  32.00 %
Percentage done:  34.00 %
Percentage done:  36.00 %
Percentage done:  38.00 %
Percentage done:  40.00 %
Percentage done:  42.00 %
Percentage done:  44.00 %
Percentage done:  46.00 %
Percentage done:  48.00 %
Percentage done:  50.00 %
Percentage done:  52.00 %
Percentage done:  54.00 %
Percentage done:  56.00 %
Percentage done:  58.00 %
Percentage done:  60.00 %
Percentage done:  62.00 %
Percentage done:  64.00 %
Percentage done:  66.00 %
Percentage done:  68.00 %
Percentage done:  70.00 %
Percentage done:  72.00 %
Percentage done:  74.00 %
Percentage done:  76.00 %
Percentage done:  78.00 %
Percentage done:  80.00 %
Percentage done:  82.00 %
Percentage done:  84.00 %
Percentage done:  86.00 %
Percentage done:  88.00 %
Percentage done:  90.00 %
Percentage done:  92.00 %
Percentage done:  94.00 %
Percentage done:  96.00 %
Percentage done:  98.00 %
Percentage done:  100.00 %
Ending abc-rs
134.335323 seconds (35.50 M allocations: 61.251 GiB, 2.38% gc time)
Round:11
Starting abc-rs
Percentage done:  2.00 %
Percentage done:  4.00 %
Percentage done:  6.00 %
Percentage done:  8.00 %
Percentage done:  10.00 %
Percentage done:  12.00 %
Percentage done:  14.00 %
Percentage done:  16.00 %
Percentage done:  18.00 %
Percentage done:  20.00 %
Percentage done:  22.00 %
Percentage done:  24.00 %
Percentage done:  26.00 %
Percentage done:  28.00 %
Percentage done:  30.00 %
Percentage done:  32.00 %
Percentage done:  34.00 %
Percentage done:  36.00 %
Percentage done:  38.00 %
Percentage done:  40.00 %
Percentage done:  42.00 %
Percentage done:  44.00 %
Percentage done:  46.00 %
Percentage done:  48.00 %
Percentage done:  50.00 %
Percentage done:  52.00 %
Percentage done:  54.00 %
Percentage done:  56.00 %
Percentage done:  58.00 %
Percentage done:  60.00 %
Percentage done:  62.00 %
Percentage done:  64.00 %
Percentage done:  66.00 %
Percentage done:  68.00 %
Percentage done:  70.00 %
Percentage done:  72.00 %
Percentage done:  74.00 %
Percentage done:  76.00 %
Percentage done:  78.00 %
Percentage done:  80.00 %
Percentage done:  82.00 %
Percentage done:  84.00 %
Percentage done:  86.00 %
Percentage done:  88.00 %
Percentage done:  90.00 %
Percentage done:  92.00 %
Percentage done:  94.00 %
Percentage done:  96.00 %
Percentage done:  98.00 %
Percentage done:  100.00 %
Ending abc-rs
133.872877 seconds (35.50 M allocations: 61.251 GiB, 2.47% gc time)
Round:13
Starting abc-rs
Percentage done:  2.00 %
Percentage done:  4.00 %
Percentage done:  6.00 %
Percentage done:  8.00 %
Percentage done:  10.00 %
Percentage done:  12.00 %
Percentage done:  14.00 %
Percentage done:  16.00 %
Percentage done:  18.00 %
Percentage done:  20.00 %
Percentage done:  22.00 %
Percentage done:  24.00 %
Percentage done:  26.00 %
Percentage done:  28.00 %
Percentage done:  30.00 %
Percentage done:  32.00 %
Percentage done:  34.00 %
Percentage done:  36.00 %
Percentage done:  38.00 %
Percentage done:  40.00 %
Percentage done:  42.00 %
Percentage done:  44.00 %
Percentage done:  46.00 %
Percentage done:  48.00 %
Percentage done:  50.00 %
Percentage done:  52.00 %
Percentage done:  54.00 %
Percentage done:  56.00 %
Percentage done:  58.00 %
Percentage done:  60.00 %
Percentage done:  62.00 %
Percentage done:  64.00 %
Percentage done:  66.00 %
Percentage done:  68.00 %
Percentage done:  70.00 %
Percentage done:  72.00 %
Percentage done:  74.00 %
Percentage done:  76.00 %
Percentage done:  78.00 %
Percentage done:  80.00 %
Percentage done:  82.00 %
Percentage done:  84.00 %
Percentage done:  86.00 %
Percentage done:  88.00 %
Percentage done:  90.00 %
Percentage done:  92.00 %
Percentage done:  94.00 %
Percentage done:  96.00 %
Percentage done:  98.00 %
Percentage done:  100.00 %
Ending abc-rs
133.562364 seconds (35.50 M allocations: 61.251 GiB, 2.24% gc time)
Round:15
Starting abc-rs
Percentage done:  2.00 %
Percentage done:  4.00 %
Percentage done:  6.00 %
Percentage done:  8.00 %
Percentage done:  10.00 %
Percentage done:  12.00 %
Percentage done:  14.00 %
Percentage done:  16.00 %
Percentage done:  18.00 %
Percentage done:  20.00 %
Percentage done:  22.00 %
Percentage done:  24.00 %
Percentage done:  26.00 %
Percentage done:  28.00 %
Percentage done:  30.00 %
Percentage done:  32.00 %
Percentage done:  34.00 %
Percentage done:  36.00 %
Percentage done:  38.00 %
Percentage done:  40.00 %
Percentage done:  42.00 %
Percentage done:  44.00 %
Percentage done:  46.00 %
Percentage done:  48.00 %
Percentage done:  50.00 %
Percentage done:  52.00 %
Percentage done:  54.00 %
Percentage done:  56.00 %
Percentage done:  58.00 %
Percentage done:  60.00 %
Percentage done:  62.00 %
Percentage done:  64.00 %
Percentage done:  66.00 %
Percentage done:  68.00 %
Percentage done:  70.00 %
Percentage done:  72.00 %
Percentage done:  74.00 %
Percentage done:  76.00 %
Percentage done:  78.00 %
Percentage done:  80.00 %
Percentage done:  82.00 %
Percentage done:  84.00 %
Percentage done:  86.00 %
Percentage done:  88.00 %
Percentage done:  90.00 %
Percentage done:  92.00 %
Percentage done:  94.00 %
Percentage done:  96.00 %
Percentage done:  98.00 %
Percentage done:  100.00 %
Ending abc-rs
133.435178 seconds (35.50 M allocations: 61.251 GiB, 2.26% gc time)
Round:17
Starting abc-rs
Percentage done:  2.00 %
Percentage done:  4.00 %
Percentage done:  6.00 %
Percentage done:  8.00 %
Percentage done:  10.00 %
Percentage done:  12.00 %
Percentage done:  14.00 %
Percentage done:  16.00 %
Percentage done:  18.00 %
Percentage done:  20.00 %
Percentage done:  22.00 %
Percentage done:  24.00 %
Percentage done:  26.00 %
Percentage done:  28.00 %
Percentage done:  30.00 %
Percentage done:  32.00 %
Percentage done:  34.00 %
Percentage done:  36.00 %
Percentage done:  38.00 %
Percentage done:  40.00 %
Percentage done:  42.00 %
Percentage done:  44.00 %
Percentage done:  46.00 %
Percentage done:  48.00 %
Percentage done:  50.00 %
Percentage done:  52.00 %
Percentage done:  54.00 %
Percentage done:  56.00 %
Percentage done:  58.00 %
Percentage done:  60.00 %
Percentage done:  62.00 %
Percentage done:  64.00 %
Percentage done:  66.00 %
Percentage done:  68.00 %
Percentage done:  70.00 %
Percentage done:  72.00 %
Percentage done:  74.00 %
Percentage done:  76.00 %
Percentage done:  78.00 %
Percentage done:  80.00 %
Percentage done:  82.00 %
Percentage done:  84.00 %
Percentage done:  86.00 %
Percentage done:  88.00 %
Percentage done:  90.00 %
Percentage done:  92.00 %
Percentage done:  94.00 %
Percentage done:  96.00 %
Percentage done:  98.00 %
Percentage done:  100.00 %
Ending abc-rs
133.604896 seconds (35.50 M allocations: 61.251 GiB, 2.27% gc time)
Round:19
Starting abc-rs
Percentage done:  2.00 %
Percentage done:  4.00 %
Percentage done:  6.00 %
Percentage done:  8.00 %
Percentage done:  10.00 %
Percentage done:  12.00 %
Percentage done:  14.00 %
Percentage done:  16.00 %
Percentage done:  18.00 %
Percentage done:  20.00 %
Percentage done:  22.00 %
Percentage done:  24.00 %
Percentage done:  26.00 %
Percentage done:  28.00 %
Percentage done:  30.00 %
Percentage done:  32.00 %
Percentage done:  34.00 %
Percentage done:  36.00 %
Percentage done:  38.00 %
Percentage done:  40.00 %
Percentage done:  42.00 %
Percentage done:  44.00 %
Percentage done:  46.00 %
Percentage done:  48.00 %
Percentage done:  50.00 %
Percentage done:  52.00 %
Percentage done:  54.00 %
Percentage done:  56.00 %
Percentage done:  58.00 %
Percentage done:  60.00 %
Percentage done:  62.00 %
Percentage done:  64.00 %
Percentage done:  66.00 %
Percentage done:  68.00 %
Percentage done:  70.00 %
Percentage done:  72.00 %
Percentage done:  74.00 %
Percentage done:  76.00 %
Percentage done:  78.00 %
Percentage done:  80.00 %
Percentage done:  82.00 %
Percentage done:  84.00 %
Percentage done:  86.00 %
Percentage done:  88.00 %
Percentage done:  90.00 %
Percentage done:  92.00 %
Percentage done:  94.00 %
Percentage done:  96.00 %
Percentage done:  98.00 %
Percentage done:  100.00 %
Ending abc-rs
133.453753 seconds (35.50 M allocations: 61.251 GiB, 2.26% gc time)
