Fri Nov  9 12:11:46 2018       
+-----------------------------------------------------------------------------+
| NVIDIA-SMI 396.44                 Driver Version: 396.44                    |
|-------------------------------+----------------------+----------------------+
| GPU  Name        Persistence-M| Bus-Id        Disp.A | Volatile Uncorr. ECC |
| Fan  Temp  Perf  Pwr:Usage/Cap|         Memory-Usage | GPU-Util  Compute M. |
|===============================+======================+======================|
|   0  Tesla K80           On   | 00000000:04:00.0 Off |                    0 |
| N/A   36C    P0    73W / 149W |     73MiB / 11441MiB |      0%      Default |
+-------------------------------+----------------------+----------------------+
|   1  Tesla K80           On   | 00000000:05:00.0 Off |                    0 |
| N/A   40C    P0    85W / 149W |     73MiB / 11441MiB |      0%      Default |
+-------------------------------+----------------------+----------------------+
|   2  Tesla K80           On   | 00000000:84:00.0 Off |                    0 |
| N/A   45C    P0    72W / 149W |    517MiB / 11441MiB |     43%      Default |
+-------------------------------+----------------------+----------------------+
|   3  Tesla K80           On   | 00000000:85:00.0 Off |                    0 |
| N/A   45C    P8    31W / 149W |      0MiB / 11441MiB |      0%      Default |
+-------------------------------+----------------------+----------------------+
                                                                               
+-----------------------------------------------------------------------------+
| Processes:                                                       GPU Memory |
|  GPU       PID   Type   Process name                             Usage      |
|=============================================================================|
|    0    168016      C   julia                                         62MiB |
|    1    168221      C   julia                                         62MiB |
|    2    165867      C   julia                                        506MiB |
+-----------------------------------------------------------------------------+
/home/samwiq/ABC and deep learning project/abc-dl/lunarc
/home/samwiq/ABC and deep learning project/abc-dl
start script
DNN_simple
standard
500
3
0
check version of Knet
    Status `~/.julia/environments/v1.0/Project.toml`
  [336ed68f] CSV v0.3.1
  [a93c6f00] DataFrames v0.13.1
  [31c24e10] Distributions v0.16.4
  [1902f260] Knet v1.1.0
  [6f286f6a] MultivariateStats v0.6.0 #master (https://github.com/JuliaStats/MultivariateStats.jl.git)
  [2913bbd2] StatsBase v0.25.0
  [4c63d2b9] StatsFuns v0.7.0
build Knet
  Building SpecialFunctions → `~/.julia/packages/SpecialFunctions/KvXoO/deps/build.log`
  Building CodecZlib ───────→ `~/.julia/packages/CodecZlib/wwgbh/deps/build.log`
  Building Knet ────────────→ `~/.julia/packages/Knet/hxjeS/deps/build.log`
test gpu
4
-1
0
Loading AR2 model
Starting: generate_parameter_data_pairs
Percentage done:  0.83 %
Percentage done:  1.65 %
Percentage done:  2.48 %
Percentage done:  3.31 %
Percentage done:  4.13 %
Percentage done:  4.96 %
Percentage done:  5.79 %
Percentage done:  6.61 %
Percentage done:  7.44 %
Percentage done:  8.26 %
Percentage done:  9.09 %
Percentage done:  9.92 %
Percentage done:  10.74 %
Percentage done:  11.57 %
Percentage done:  12.40 %
Percentage done:  13.22 %
Percentage done:  14.05 %
Percentage done:  14.88 %
Percentage done:  15.70 %
Percentage done:  16.53 %
Percentage done:  17.36 %
Percentage done:  18.18 %
Percentage done:  19.01 %
Percentage done:  19.83 %
Percentage done:  20.66 %
Percentage done:  21.49 %
Percentage done:  22.31 %
Percentage done:  23.14 %
Percentage done:  23.97 %
Percentage done:  24.79 %
Percentage done:  25.62 %
Percentage done:  26.45 %
Percentage done:  27.27 %
Percentage done:  28.10 %
Percentage done:  28.93 %
Percentage done:  29.75 %
Percentage done:  30.58 %
Percentage done:  31.40 %
Percentage done:  32.23 %
Percentage done:  33.06 %
Percentage done:  33.88 %
Percentage done:  34.71 %
Percentage done:  35.54 %
Percentage done:  36.36 %
Percentage done:  37.19 %
Percentage done:  38.02 %
Percentage done:  38.84 %
Percentage done:  39.67 %
Percentage done:  40.50 %
Percentage done:  41.32 %
Percentage done:  42.15 %
Percentage done:  42.98 %
Percentage done:  43.80 %
Percentage done:  44.63 %
Percentage done:  45.45 %
Percentage done:  46.28 %
Percentage done:  47.11 %
Percentage done:  47.93 %
Percentage done:  48.76 %
Percentage done:  49.59 %
Percentage done:  50.41 %
Percentage done:  51.24 %
Percentage done:  52.07 %
Percentage done:  52.89 %
Percentage done:  53.72 %
Percentage done:  54.55 %
Percentage done:  55.37 %
Percentage done:  56.20 %
Percentage done:  57.02 %
Percentage done:  57.85 %
Percentage done:  58.68 %
Percentage done:  59.50 %
Percentage done:  60.33 %
Percentage done:  61.16 %
Percentage done:  61.98 %
Percentage done:  62.81 %
Percentage done:  63.64 %
Percentage done:  64.46 %
Percentage done:  65.29 %
Percentage done:  66.12 %
Percentage done:  66.94 %
Percentage done:  67.77 %
Percentage done:  68.60 %
Percentage done:  69.42 %
Percentage done:  70.25 %
Percentage done:  71.07 %
Percentage done:  71.90 %
Percentage done:  72.73 %
Percentage done:  73.55 %
Percentage done:  74.38 %
Percentage done:  75.21 %
Percentage done:  76.03 %
Percentage done:  76.86 %
Percentage done:  77.69 %
Percentage done:  78.51 %
Percentage done:  79.34 %
Percentage done:  80.17 %
Percentage done:  80.99 %
Percentage done:  81.82 %
Percentage done:  82.64 %
Percentage done:  83.47 %
Percentage done:  84.30 %
Percentage done:  85.12 %
Percentage done:  85.95 %
Percentage done:  86.78 %
Percentage done:  87.60 %
Percentage done:  88.43 %
Percentage done:  89.26 %
Percentage done:  90.08 %
Percentage done:  90.91 %
Percentage done:  91.74 %
Percentage done:  92.56 %
Percentage done:  93.39 %
Percentage done:  94.21 %
Percentage done:  95.04 %
Percentage done:  95.87 %
Percentage done:  96.69 %
Percentage done:  97.52 %
Percentage done:  98.35 %
Percentage done:  99.17 %
Percentage done:  100.00 %
Nbr training obs 10000, nbr parameters 25352, obs/parameters 0.39
0
Starting training
Epoch 1, current loss (training) 2.4744, current loss (val) 4.9453
Epoch 2, current loss (training) 2.0069, current loss (val) 5.6652
Epoch 3, current loss (training) 1.9266, current loss (val) 1.8990
Epoch 4, current loss (training) 1.1152, current loss (val) 1.7042
Epoch 5, current loss (training) 0.8990, current loss (val) 1.4894
Epoch 6, current loss (training) 0.8093, current loss (val) 1.5622
Epoch 7, current loss (training) 0.7351, current loss (val) 1.2952
Epoch 8, current loss (training) 0.7150, current loss (val) 1.5966
Epoch 9, current loss (training) 1.3757, current loss (val) 1.6011
Epoch 10, current loss (training) 0.8261, current loss (val) 1.3914
Epoch 11, current loss (training) 0.5867, current loss (val) 1.2077
Epoch 12, current loss (training) 0.5245, current loss (val) 1.2327
Epoch 13, current loss (training) 0.5122, current loss (val) 1.1417
Epoch 14, current loss (training) 0.5042, current loss (val) 1.1403
Epoch 15, current loss (training) 0.4573, current loss (val) 1.0891
Epoch 16, current loss (training) 0.4405, current loss (val) 1.1041
Epoch 17, current loss (training) 0.4277, current loss (val) 1.0661
Epoch 18, current loss (training) 0.4093, current loss (val) 1.0645
Epoch 19, current loss (training) 0.3918, current loss (val) 1.0151
Epoch 20, current loss (training) 0.4121, current loss (val) 1.0373
Epoch 21, current loss (training) 0.3899, current loss (val) 0.9477
Epoch 22, current loss (training) 0.3517, current loss (val) 1.0050
Epoch 23, current loss (training) 0.3710, current loss (val) 0.9555
Epoch 24, current loss (training) 0.3820, current loss (val) 0.9676
Epoch 25, current loss (training) 0.3322, current loss (val) 0.9442
Epoch 26, current loss (training) 0.3363, current loss (val) 0.9764
Epoch 27, current loss (training) 0.3321, current loss (val) 0.9633
Epoch 28, current loss (training) 0.2989, current loss (val) 0.9437
Epoch 29, current loss (training) 0.2919, current loss (val) 0.9053
Epoch 30, current loss (training) 0.3178, current loss (val) 0.9193
Epoch 31, current loss (training) 0.2910, current loss (val) 0.8766
Epoch 32, current loss (training) 0.2839, current loss (val) 0.8872
Epoch 33, current loss (training) 0.2704, current loss (val) 0.8879
Epoch 34, current loss (training) 0.2703, current loss (val) 0.8676
Epoch 35, current loss (training) 0.2686, current loss (val) 0.8499
Epoch 36, current loss (training) 0.2554, current loss (val) 0.8243
Epoch 37, current loss (training) 0.2598, current loss (val) 0.8251
Epoch 38, current loss (training) 0.2647, current loss (val) 0.8482
Epoch 39, current loss (training) 0.2533, current loss (val) 0.7776
Epoch 40, current loss (training) 0.2656, current loss (val) 0.8016
Epoch 41, current loss (training) 0.2315, current loss (val) 0.7864
Epoch 42, current loss (training) 0.2224, current loss (val) 0.7874
Epoch 43, current loss (training) 0.2213, current loss (val) 0.7404
Epoch 44, current loss (training) 0.2255, current loss (val) 0.7424
Epoch 45, current loss (training) 0.2195, current loss (val) 0.7589
Epoch 46, current loss (training) 0.2600, current loss (val) 0.7563
Epoch 47, current loss (training) 0.2145, current loss (val) 0.7506
Epoch 48, current loss (training) 0.2209, current loss (val) 0.7838
Epoch 49, current loss (training) 0.2056, current loss (val) 0.7387
Epoch 50, current loss (training) 0.1974, current loss (val) 0.7274
Epoch 51, current loss (training) 0.1944, current loss (val) 0.7418
Epoch 52, current loss (training) 0.1982, current loss (val) 0.6986
Epoch 53, current loss (training) 0.2222, current loss (val) 0.7114
Epoch 54, current loss (training) 0.1788, current loss (val) 0.6997
Epoch 55, current loss (training) 0.1901, current loss (val) 0.6872
Epoch 56, current loss (training) 0.1728, current loss (val) 0.6996
Epoch 57, current loss (training) 0.1802, current loss (val) 0.6905
Epoch 58, current loss (training) 0.1666, current loss (val) 0.7000
Epoch 59, current loss (training) 0.1647, current loss (val) 0.6873
Epoch 60, current loss (training) 0.1668, current loss (val) 0.6841
Epoch 61, current loss (training) 0.1947, current loss (val) 0.6741
Epoch 62, current loss (training) 0.1784, current loss (val) 0.6972
Epoch 63, current loss (training) 0.1714, current loss (val) 0.7371
Epoch 64, current loss (training) 0.1681, current loss (val) 0.6810
Epoch 65, current loss (training) 0.1949, current loss (val) 0.6864
Epoch 66, current loss (training) 0.1568, current loss (val) 0.6562
Epoch 67, current loss (training) 0.1477, current loss (val) 0.7219
Epoch 68, current loss (training) 0.1555, current loss (val) 0.6806
Epoch 69, current loss (training) 0.2017, current loss (val) 0.6816
Epoch 70, current loss (training) 0.1669, current loss (val) 0.6900
Epoch 71, current loss (training) 0.1615, current loss (val) 0.6710
Epoch 72, current loss (training) 0.1842, current loss (val) 0.7075
Epoch 73, current loss (training) 0.2121, current loss (val) 0.6844
Epoch 74, current loss (training) 0.1943, current loss (val) 0.6917
Epoch 75, current loss (training) 0.2062, current loss (val) 0.7006
Epoch 76, current loss (training) 0.2296, current loss (val) 0.6328
Epoch 77, current loss (training) 0.1922, current loss (val) 0.7392
Epoch 78, current loss (training) 0.2628, current loss (val) 0.6765
Epoch 79, current loss (training) 0.2286, current loss (val) 0.6198
Epoch 80, current loss (training) 0.3145, current loss (val) 0.6066
Epoch 81, current loss (training) 0.5849, current loss (val) 0.8076
Epoch 82, current loss (training) 0.3164, current loss (val) 0.7038
Epoch 83, current loss (training) 0.2356, current loss (val) 0.6466
Epoch 84, current loss (training) 0.2887, current loss (val) 0.7535
Epoch 85, current loss (training) 0.2070, current loss (val) 0.7208
Epoch 86, current loss (training) 1.4253, current loss (val) 1.0283
Epoch 87, current loss (training) 0.9461, current loss (val) 1.1866
Epoch 88, current loss (training) 0.4617, current loss (val) 2.4795
Epoch 89, current loss (training) 0.5083, current loss (val) 1.0887
Epoch 90, current loss (training) 0.3042, current loss (val) 0.5017
Epoch 91, current loss (training) 0.3491, current loss (val) 2.1439
Epoch 92, current loss (training) 2.3452, current loss (val) 1.6390
Epoch 93, current loss (training) 0.2655, current loss (val) 0.7342
Epoch 94, current loss (training) 0.1950, current loss (val) 0.5200
Epoch 95, current loss (training) 0.9650, current loss (val) 0.9180
Epoch 96, current loss (training) 0.1894, current loss (val) 0.6997
Epoch 97, current loss (training) 3.0122, current loss (val) 2.2977
Epoch 98, current loss (training) 0.2508, current loss (val) 0.4799
Epoch 99, current loss (training) 0.1964, current loss (val) 0.4406
Epoch 100, current loss (training) 0.2198, current loss (val) 0.4491
Epoch 101, current loss (training) 0.1355, current loss (val) 0.4247
Epoch 102, current loss (training) 0.1329, current loss (val) 0.4042
Epoch 103, current loss (training) 0.1571, current loss (val) 0.4155
Epoch 104, current loss (training) 0.1328, current loss (val) 0.4015
Epoch 105, current loss (training) 0.1302, current loss (val) 0.4073
Epoch 106, current loss (training) 0.1200, current loss (val) 0.3970
Epoch 107, current loss (training) 0.1143, current loss (val) 0.4036
Epoch 108, current loss (training) 0.1099, current loss (val) 0.3995
Epoch 109, current loss (training) 0.1096, current loss (val) 0.4019
Epoch 110, current loss (training) 0.1082, current loss (val) 0.3973
Epoch 111, current loss (training) 0.1048, current loss (val) 0.4002
Epoch 112, current loss (training) 0.1025, current loss (val) 0.4055
Epoch 113, current loss (training) 0.0989, current loss (val) 0.3997
Epoch 114, current loss (training) 0.1008, current loss (val) 0.3995
Epoch 115, current loss (training) 0.0962, current loss (val) 0.3973
Epoch 116, current loss (training) 0.0905, current loss (val) 0.3989
Epoch 117, current loss (training) 0.0936, current loss (val) 0.4025
Epoch 118, current loss (training) 0.0900, current loss (val) 0.3930
Epoch 119, current loss (training) 0.0882, current loss (val) 0.4051
Epoch 120, current loss (training) 0.0871, current loss (val) 0.3979
Epoch 121, current loss (training) 0.0849, current loss (val) 0.3999
Epoch 122, current loss (training) 0.0839, current loss (val) 0.3934
Epoch 123, current loss (training) 0.0893, current loss (val) 0.3990
Epoch 124, current loss (training) 0.0847, current loss (val) 0.3971
Epoch 125, current loss (training) 0.0833, current loss (val) 0.3940
Epoch 126, current loss (training) 0.0809, current loss (val) 0.3903
Epoch 127, current loss (training) 0.0858, current loss (val) 0.3994
Epoch 128, current loss (training) 0.0779, current loss (val) 0.4058
Epoch 129, current loss (training) 0.0841, current loss (val) 0.4009
Epoch 130, current loss (training) 0.0829, current loss (val) 0.3996
Epoch 131, current loss (training) 0.0785, current loss (val) 0.3949
Epoch 132, current loss (training) 0.0717, current loss (val) 0.3920
Epoch 133, current loss (training) 0.0716, current loss (val) 0.3940
Epoch 134, current loss (training) 0.0701, current loss (val) 0.3901
Epoch 135, current loss (training) 0.0678, current loss (val) 0.4012
Epoch 136, current loss (training) 0.0655, current loss (val) 0.3897
Epoch 137, current loss (training) 0.0696, current loss (val) 0.3940
Epoch 138, current loss (training) 0.0662, current loss (val) 0.3877
Epoch 139, current loss (training) 0.0720, current loss (val) 0.3924
Epoch 140, current loss (training) 0.0659, current loss (val) 0.3969
Epoch 141, current loss (training) 0.0653, current loss (val) 0.4007
Epoch 142, current loss (training) 0.0658, current loss (val) 0.4018
Epoch 143, current loss (training) 0.0639, current loss (val) 0.3877
Epoch 144, current loss (training) 0.0617, current loss (val) 0.3942
Epoch 145, current loss (training) 0.0630, current loss (val) 0.3968
Epoch 146, current loss (training) 0.0575, current loss (val) 0.3976
Epoch 147, current loss (training) 0.0572, current loss (val) 0.3898
Epoch 148, current loss (training) 0.0625, current loss (val) 0.4014
Epoch 149, current loss (training) 0.0575, current loss (val) 0.3960
Epoch 150, current loss (training) 0.0570, current loss (val) 0.3972
Epoch 151, current loss (training) 0.0592, current loss (val) 0.3930
Epoch 152, current loss (training) 0.0607, current loss (val) 0.4011
Epoch 153, current loss (training) 0.0596, current loss (val) 0.3912
Epoch 154, current loss (training) 0.0592, current loss (val) 0.3951
Epoch 155, current loss (training) 0.0597, current loss (val) 0.3941
Epoch 156, current loss (training) 0.0581, current loss (val) 0.3933
Epoch 157, current loss (training) 0.0637, current loss (val) 0.3801
Epoch 158, current loss (training) 0.0607, current loss (val) 0.3974
Epoch 159, current loss (training) 0.0607, current loss (val) 0.3883
Epoch 160, current loss (training) 0.0526, current loss (val) 0.3968
Epoch 161, current loss (training) 0.0508, current loss (val) 0.4010
Epoch 162, current loss (training) 0.0498, current loss (val) 0.4013
Epoch 163, current loss (training) 0.0532, current loss (val) 0.3954
Epoch 164, current loss (training) 0.0549, current loss (val) 0.3956
Epoch 165, current loss (training) 0.0464, current loss (val) 0.4014
Epoch 166, current loss (training) 0.0519, current loss (val) 0.4013
Epoch 167, current loss (training) 0.1874, current loss (val) 0.4716
Epoch 168, current loss (training) 0.0553, current loss (val) 0.4018
Epoch 169, current loss (training) 0.0528, current loss (val) 0.3852
Epoch 170, current loss (training) 0.0497, current loss (val) 0.3899
Epoch 171, current loss (training) 0.0517, current loss (val) 0.3831
Epoch 172, current loss (training) 0.0529, current loss (val) 0.3838
Epoch 173, current loss (training) 0.0495, current loss (val) 0.3714
Epoch 174, current loss (training) 0.0454, current loss (val) 0.3855
Epoch 175, current loss (training) 0.0474, current loss (val) 0.3688
Epoch 176, current loss (training) 0.0474, current loss (val) 0.3702
Epoch 177, current loss (training) 0.0412, current loss (val) 0.3626
Epoch 178, current loss (training) 0.0426, current loss (val) 0.3739
Epoch 179, current loss (training) 0.0410, current loss (val) 0.3746
Epoch 180, current loss (training) 0.0401, current loss (val) 0.3865
Epoch 181, current loss (training) 0.0549, current loss (val) 0.3589
Epoch 182, current loss (training) 0.0524, current loss (val) 0.3761
Epoch 183, current loss (training) 0.0390, current loss (val) 0.3632
Epoch 184, current loss (training) 0.0404, current loss (val) 0.3747
Epoch 185, current loss (training) 0.0375, current loss (val) 0.3663
Epoch 186, current loss (training) 0.0414, current loss (val) 0.3734
Epoch 187, current loss (training) 0.0359, current loss (val) 0.3749
Epoch 188, current loss (training) 0.0338, current loss (val) 0.3647
Epoch 189, current loss (training) 0.0340, current loss (val) 0.3690
Epoch 190, current loss (training) 0.0338, current loss (val) 0.3743
Epoch 191, current loss (training) 0.0311, current loss (val) 0.3740
Epoch 192, current loss (training) 0.0319, current loss (val) 0.3713
Epoch 193, current loss (training) 0.0392, current loss (val) 0.3688
Epoch 194, current loss (training) 0.0411, current loss (val) 0.3873
Epoch 195, current loss (training) 0.0363, current loss (val) 0.3694
Epoch 196, current loss (training) 0.0357, current loss (val) 0.3704
Epoch 197, current loss (training) 0.0301, current loss (val) 0.3625
Epoch 198, current loss (training) 0.0302, current loss (val) 0.3784
Epoch 199, current loss (training) 0.0309, current loss (val) 0.3663
Epoch 200, current loss (training) 0.0298, current loss (val) 0.3654
Epoch 201, current loss (training) 0.0294, current loss (val) 0.3700
Epoch 202, current loss (training) 0.0291, current loss (val) 0.3519
Epoch 203, current loss (training) 0.0291, current loss (val) 0.3712
Epoch 204, current loss (training) 0.0304, current loss (val) 0.3668
Epoch 205, current loss (training) 0.0318, current loss (val) 0.3718
Epoch 206, current loss (training) 0.0353, current loss (val) 0.3639
Epoch 207, current loss (training) 0.0372, current loss (val) 0.3694
Epoch 208, current loss (training) 0.0388, current loss (val) 0.3718
Epoch 209, current loss (training) 0.0427, current loss (val) 0.3652
Epoch 210, current loss (training) 0.0470, current loss (val) 0.3554
Epoch 211, current loss (training) 0.0549, current loss (val) 0.3635
Epoch 212, current loss (training) 0.0584, current loss (val) 0.3580
Epoch 213, current loss (training) 0.0646, current loss (val) 0.3549
Epoch 214, current loss (training) 0.0464, current loss (val) 0.3610
Epoch 215, current loss (training) 0.0852, current loss (val) 0.3434
Epoch 216, current loss (training) 0.0486, current loss (val) 0.3409
Epoch 217, current loss (training) 0.0584, current loss (val) 0.3456
Epoch 218, current loss (training) 0.0461, current loss (val) 0.3246
Epoch 219, current loss (training) 0.0675, current loss (val) 0.3215
Epoch 220, current loss (training) 0.3504, current loss (val) 0.4318
Epoch 221, current loss (training) 0.0726, current loss (val) 0.3200
Epoch 222, current loss (training) 0.0700, current loss (val) 0.3141
Epoch 223, current loss (training) 0.0554, current loss (val) 0.3063
Epoch 224, current loss (training) 0.0674, current loss (val) 0.3128
Epoch 225, current loss (training) 0.0600, current loss (val) 0.2907
Epoch 226, current loss (training) 0.0608, current loss (val) 0.3104
Epoch 227, current loss (training) 0.0951, current loss (val) 0.2901
Epoch 228, current loss (training) 0.0766, current loss (val) 0.2967
Epoch 229, current loss (training) 0.0417, current loss (val) 0.2990
Epoch 230, current loss (training) 0.0481, current loss (val) 0.2987
Epoch 231, current loss (training) 0.0428, current loss (val) 0.3194
Epoch 232, current loss (training) 0.0654, current loss (val) 0.3168
Epoch 233, current loss (training) 0.0497, current loss (val) 0.3149
Epoch 234, current loss (training) 0.0349, current loss (val) 0.2931
Epoch 235, current loss (training) 0.0316, current loss (val) 0.3069
Epoch 236, current loss (training) 0.0285, current loss (val) 0.3060
Epoch 237, current loss (training) 0.0267, current loss (val) 0.2996
Epoch 238, current loss (training) 0.0262, current loss (val) 0.2996
Epoch 239, current loss (training) 0.0243, current loss (val) 0.3012
Epoch 240, current loss (training) 0.0238, current loss (val) 0.3075
Epoch 241, current loss (training) 0.0244, current loss (val) 0.3099
Epoch 242, current loss (training) 0.0251, current loss (val) 0.3138
Epoch 243, current loss (training) 0.0223, current loss (val) 0.3080
Epoch 244, current loss (training) 0.0216, current loss (val) 0.3057
Epoch 245, current loss (training) 0.0214, current loss (val) 0.3186
Epoch 246, current loss (training) 0.0204, current loss (val) 0.3099
Epoch 247, current loss (training) 0.0208, current loss (val) 0.3074
Epoch 248, current loss (training) 0.0193, current loss (val) 0.3125
Epoch 249, current loss (training) 0.0217, current loss (val) 0.3215
Epoch 250, current loss (training) 0.0196, current loss (val) 0.3109
Epoch 251, current loss (training) 0.0193, current loss (val) 0.3126
Epoch 252, current loss (training) 0.0190, current loss (val) 0.3063
Epoch 253, current loss (training) 0.0189, current loss (val) 0.3125
Epoch 254, current loss (training) 0.0215, current loss (val) 0.3225
Epoch 255, current loss (training) 0.0214, current loss (val) 0.3283
Epoch 256, current loss (training) 0.0197, current loss (val) 0.3246
Epoch 257, current loss (training) 0.0203, current loss (val) 0.3187
Epoch 258, current loss (training) 0.0223, current loss (val) 0.3185
Epoch 259, current loss (training) 0.0176, current loss (val) 0.3145
Epoch 260, current loss (training) 0.0188, current loss (val) 0.3271
Epoch 261, current loss (training) 0.0178, current loss (val) 0.3339
Epoch 262, current loss (training) 0.0168, current loss (val) 0.3208
Epoch 263, current loss (training) 0.0180, current loss (val) 0.3208
Epoch 264, current loss (training) 0.0192, current loss (val) 0.3313
Epoch 265, current loss (training) 0.0192, current loss (val) 0.3304
Epoch 266, current loss (training) 0.0182, current loss (val) 0.3401
Epoch 267, current loss (training) 0.0187, current loss (val) 0.3236
Epoch 268, current loss (training) 0.0188, current loss (val) 0.3281
Epoch 269, current loss (training) 0.0186, current loss (val) 0.3275
Epoch 270, current loss (training) 0.0180, current loss (val) 0.3303
Epoch 271, current loss (training) 0.0179, current loss (val) 0.3204
Epoch 272, current loss (training) 0.0198, current loss (val) 0.3242
Epoch 273, current loss (training) 0.0183, current loss (val) 0.3246
Epoch 274, current loss (training) 0.0171, current loss (val) 0.3317
Epoch 275, current loss (training) 0.0172, current loss (val) 0.3103
Epoch 276, current loss (training) 0.0162, current loss (val) 0.3464
Epoch 277, current loss (training) 0.0147, current loss (val) 0.3291
Epoch 278, current loss (training) 0.0128, current loss (val) 0.3325
Epoch 279, current loss (training) 0.0150, current loss (val) 0.3334
Epoch 280, current loss (training) 0.0184, current loss (val) 0.3240
Epoch 281, current loss (training) 0.0164, current loss (val) 0.3274
Epoch 282, current loss (training) 0.0145, current loss (val) 0.3195
Epoch 283, current loss (training) 0.0155, current loss (val) 0.3327
Epoch 284, current loss (training) 0.0257, current loss (val) 0.3160
Epoch 285, current loss (training) 0.0309, current loss (val) 0.3419
Epoch 286, current loss (training) 0.0847, current loss (val) 0.3258
Epoch 287, current loss (training) 0.0440, current loss (val) 0.3227
Epoch 288, current loss (training) 0.0358, current loss (val) 0.3231
Epoch 289, current loss (training) 0.0287, current loss (val) 0.2994
Epoch 290, current loss (training) 0.0340, current loss (val) 0.3224
Epoch 291, current loss (training) 0.0275, current loss (val) 0.3072
Epoch 292, current loss (training) 0.0203, current loss (val) 0.3065
Epoch 293, current loss (training) 0.0185, current loss (val) 0.3091
Epoch 294, current loss (training) 0.0149, current loss (val) 0.3054
Epoch 295, current loss (training) 0.0133, current loss (val) 0.3120
Epoch 296, current loss (training) 0.0123, current loss (val) 0.3118
Epoch 297, current loss (training) 0.0120, current loss (val) 0.3131
Epoch 298, current loss (training) 0.0118, current loss (val) 0.3195
Epoch 299, current loss (training) 0.0110, current loss (val) 0.3214
Epoch 300, current loss (training) 0.0127, current loss (val) 0.3195
Epoch 301, current loss (training) 0.0178, current loss (val) 0.3099
Epoch 302, current loss (training) 0.0163, current loss (val) 0.3111
Epoch 303, current loss (training) 0.0138, current loss (val) 0.3217
Epoch 304, current loss (training) 0.0188, current loss (val) 0.3301
Epoch 305, current loss (training) 0.0195, current loss (val) 0.3060
Epoch 306, current loss (training) 0.0159, current loss (val) 0.3200
Epoch 307, current loss (training) 0.0219, current loss (val) 0.3302
Epoch 308, current loss (training) 0.0206, current loss (val) 0.3299
Epoch 309, current loss (training) 0.0273, current loss (val) 0.3041
Epoch 310, current loss (training) 0.0948, current loss (val) 0.3246
Epoch 311, current loss (training) 0.0292, current loss (val) 0.3855
Epoch 312, current loss (training) 0.0348, current loss (val) 0.3140
Epoch 313, current loss (training) 0.0213, current loss (val) 0.3156
Epoch 314, current loss (training) 0.0222, current loss (val) 0.3160
Epoch 315, current loss (training) 0.0216, current loss (val) 0.3265
Epoch 316, current loss (training) 0.0233, current loss (val) 0.2917
Epoch 317, current loss (training) 0.0181, current loss (val) 0.3249
Epoch 318, current loss (training) 0.0202, current loss (val) 0.3038
Epoch 319, current loss (training) 0.0173, current loss (val) 0.3162
Epoch 320, current loss (training) 0.0151, current loss (val) 0.3151
Epoch 321, current loss (training) 0.0139, current loss (val) 0.3173
Epoch 322, current loss (training) 0.0127, current loss (val) 0.3180
Epoch 323, current loss (training) 0.0158, current loss (val) 0.3117
Epoch 324, current loss (training) 0.0192, current loss (val) 0.2934
Epoch 325, current loss (training) 0.0168, current loss (val) 0.3011
Epoch 326, current loss (training) 0.0175, current loss (val) 0.2994
Epoch 327, current loss (training) 0.0156, current loss (val) 0.3057
Epoch 328, current loss (training) 0.0130, current loss (val) 0.3118
Epoch 329, current loss (training) 0.0135, current loss (val) 0.3131
Epoch 330, current loss (training) 0.0130, current loss (val) 0.3064
Epoch 331, current loss (training) 0.0117, current loss (val) 0.3123
Epoch 332, current loss (training) 0.0101, current loss (val) 0.3131
Epoch 333, current loss (training) 0.0100, current loss (val) 0.3076
Epoch 334, current loss (training) 0.0104, current loss (val) 0.3172
Epoch 335, current loss (training) 0.0109, current loss (val) 0.3057
Epoch 336, current loss (training) 0.0100, current loss (val) 0.3184
Epoch 337, current loss (training) 0.0120, current loss (val) 0.3205
Epoch 338, current loss (training) 0.0118, current loss (val) 0.3183
Epoch 339, current loss (training) 0.0105, current loss (val) 0.3140
Epoch 340, current loss (training) 0.0112, current loss (val) 0.3113
Epoch 341, current loss (training) 0.0168, current loss (val) 0.3077
Epoch 342, current loss (training) 0.0169, current loss (val) 0.3111
Epoch 343, current loss (training) 0.0131, current loss (val) 0.3153
Epoch 344, current loss (training) 0.0120, current loss (val) 0.3245
Epoch 345, current loss (training) 0.0107, current loss (val) 0.3155
Epoch 346, current loss (training) 0.0132, current loss (val) 0.3118
Epoch 347, current loss (training) 0.0110, current loss (val) 0.3260
Epoch 348, current loss (training) 0.0102, current loss (val) 0.3191
Epoch 349, current loss (training) 0.0131, current loss (val) 0.3140
Epoch 350, current loss (training) 0.0120, current loss (val) 0.3145
Epoch 351, current loss (training) 0.0108, current loss (val) 0.3127
Epoch 352, current loss (training) 0.0100, current loss (val) 0.3142
Epoch 353, current loss (training) 0.0103, current loss (val) 0.3284
Epoch 354, current loss (training) 0.0090, current loss (val) 0.3195
Epoch 355, current loss (training) 0.0091, current loss (val) 0.3179
Epoch 356, current loss (training) 0.0093, current loss (val) 0.3256
Epoch 357, current loss (training) 0.0098, current loss (val) 0.3036
Epoch 358, current loss (training) 0.0091, current loss (val) 0.3176
Epoch 359, current loss (training) 0.0099, current loss (val) 0.3107
Epoch 360, current loss (training) 0.0126, current loss (val) 0.3122
Epoch 361, current loss (training) 0.0093, current loss (val) 0.3221
Epoch 362, current loss (training) 0.0128, current loss (val) 0.3204
Epoch 363, current loss (training) 0.0137, current loss (val) 0.3280
Epoch 364, current loss (training) 0.0163, current loss (val) 0.2989
Epoch 365, current loss (training) 0.0125, current loss (val) 0.3046
Epoch 366, current loss (training) 0.0094, current loss (val) 0.3129
Epoch 367, current loss (training) 0.0089, current loss (val) 0.3150
Epoch 368, current loss (training) 0.0080, current loss (val) 0.3174
Epoch 369, current loss (training) 0.0064, current loss (val) 0.3229
Epoch 370, current loss (training) 0.0070, current loss (val) 0.3247
Epoch 371, current loss (training) 0.0074, current loss (val) 0.3145
Epoch 372, current loss (training) 0.0077, current loss (val) 0.3177
Epoch 373, current loss (training) 0.0089, current loss (val) 0.3375
Epoch 374, current loss (training) 0.0148, current loss (val) 0.3096
Epoch 375, current loss (training) 0.0157, current loss (val) 0.3068
Epoch 376, current loss (training) 0.0146, current loss (val) 0.3056
Epoch 377, current loss (training) 0.0165, current loss (val) 0.2956
Epoch 378, current loss (training) 0.0150, current loss (val) 0.2943
Epoch 379, current loss (training) 0.0113, current loss (val) 0.3003
Epoch 380, current loss (training) 0.0121, current loss (val) 0.3019
Epoch 381, current loss (training) 0.0132, current loss (val) 0.2962
Epoch 382, current loss (training) 0.0134, current loss (val) 0.3015
Epoch 383, current loss (training) 0.0095, current loss (val) 0.2991
Epoch 384, current loss (training) 0.0095, current loss (val) 0.2981
Epoch 385, current loss (training) 0.0077, current loss (val) 0.2996
Epoch 386, current loss (training) 0.0076, current loss (val) 0.2992
Epoch 387, current loss (training) 0.0092, current loss (val) 0.2987
Epoch 388, current loss (training) 0.0086, current loss (val) 0.3132
Epoch 389, current loss (training) 0.0071, current loss (val) 0.3014
Epoch 390, current loss (training) 0.0073, current loss (val) 0.3054
Epoch 391, current loss (training) 0.0070, current loss (val) 0.3021
Epoch 392, current loss (training) 0.0064, current loss (val) 0.3039
Epoch 393, current loss (training) 0.0076, current loss (val) 0.3005
Epoch 394, current loss (training) 0.0060, current loss (val) 0.3054
Epoch 395, current loss (training) 0.0072, current loss (val) 0.3027
Epoch 396, current loss (training) 0.0076, current loss (val) 0.3020
Epoch 397, current loss (training) 0.0093, current loss (val) 0.3046
Epoch 398, current loss (training) 0.0262, current loss (val) 0.2952
Epoch 399, current loss (training) 0.0293, current loss (val) 0.2937
Epoch 400, current loss (training) 0.0498, current loss (val) 0.2963
Epoch 401, current loss (training) 0.0793, current loss (val) 0.3008
Epoch 402, current loss (training) 0.0322, current loss (val) 0.3046
Epoch 403, current loss (training) 0.0496, current loss (val) 0.2751
Epoch 404, current loss (training) 0.0233, current loss (val) 0.2733
Epoch 405, current loss (training) 0.0188, current loss (val) 0.2671
Epoch 406, current loss (training) 0.0155, current loss (val) 0.2701
Epoch 407, current loss (training) 0.0124, current loss (val) 0.2689
Epoch 408, current loss (training) 0.0109, current loss (val) 0.2718
Epoch 409, current loss (training) 0.0099, current loss (val) 0.2778
Epoch 410, current loss (training) 0.0093, current loss (val) 0.2760
Epoch 411, current loss (training) 0.0081, current loss (val) 0.2788
Epoch 412, current loss (training) 0.0082, current loss (val) 0.2766
Epoch 413, current loss (training) 0.0074, current loss (val) 0.2758
Epoch 414, current loss (training) 0.0071, current loss (val) 0.2807
Epoch 415, current loss (training) 0.0068, current loss (val) 0.2787
Epoch 416, current loss (training) 0.0068, current loss (val) 0.2796
Epoch 417, current loss (training) 0.0064, current loss (val) 0.2768
Epoch 418, current loss (training) 0.0068, current loss (val) 0.2771
Epoch 419, current loss (training) 0.0073, current loss (val) 0.2866
Epoch 420, current loss (training) 0.0068, current loss (val) 0.2870
Epoch 421, current loss (training) 0.0064, current loss (val) 0.2759
Epoch 422, current loss (training) 0.0073, current loss (val) 0.2823
Epoch 423, current loss (training) 0.0066, current loss (val) 0.2842
Epoch 424, current loss (training) 0.0080, current loss (val) 0.2781
Epoch 425, current loss (training) 0.0082, current loss (val) 0.2793
Epoch 426, current loss (training) 0.0076, current loss (val) 0.2850
Epoch 427, current loss (training) 0.0072, current loss (val) 0.2875
Epoch 428, current loss (training) 0.0063, current loss (val) 0.2813
Epoch 429, current loss (training) 0.0069, current loss (val) 0.2815
Epoch 430, current loss (training) 0.0055, current loss (val) 0.2841
Epoch 431, current loss (training) 0.0055, current loss (val) 0.2883
Epoch 432, current loss (training) 0.0056, current loss (val) 0.2783
Epoch 433, current loss (training) 0.0059, current loss (val) 0.2813
Epoch 434, current loss (training) 0.0062, current loss (val) 0.2852
Epoch 435, current loss (training) 0.0067, current loss (val) 0.2803
Epoch 436, current loss (training) 0.0076, current loss (val) 0.2746
Epoch 437, current loss (training) 0.0122, current loss (val) 0.2815
Epoch 438, current loss (training) 0.0109, current loss (val) 0.2852
Epoch 439, current loss (training) 0.0093, current loss (val) 0.2733
Epoch 440, current loss (training) 0.0102, current loss (val) 0.2799
Epoch 441, current loss (training) 0.0162, current loss (val) 0.2894
Epoch 442, current loss (training) 0.0266, current loss (val) 0.2827
Epoch 443, current loss (training) 0.0143, current loss (val) 0.2689
Epoch 444, current loss (training) 0.0145, current loss (val) 0.2783
Epoch 445, current loss (training) 0.0122, current loss (val) 0.2698
Epoch 446, current loss (training) 0.0114, current loss (val) 0.2693
Epoch 447, current loss (training) 0.0352, current loss (val) 0.3050
Epoch 448, current loss (training) 0.0447, current loss (val) 0.2536
Epoch 449, current loss (training) 0.0258, current loss (val) 0.2592
Epoch 450, current loss (training) 0.0211, current loss (val) 0.2471
Epoch 451, current loss (training) 0.0223, current loss (val) 0.2582
Epoch 452, current loss (training) 0.0368, current loss (val) 0.3009
Epoch 453, current loss (training) 0.0339, current loss (val) 0.2975
Epoch 454, current loss (training) 0.0371, current loss (val) 0.2932
Epoch 455, current loss (training) 0.0264, current loss (val) 0.2696
Epoch 456, current loss (training) 0.0258, current loss (val) 0.2493
Epoch 457, current loss (training) 0.0338, current loss (val) 0.2385
Epoch 458, current loss (training) 0.0608, current loss (val) 0.2875
Epoch 459, current loss (training) 0.0306, current loss (val) 0.2613
Epoch 460, current loss (training) 0.0232, current loss (val) 0.2453
Epoch 461, current loss (training) 0.0261, current loss (val) 0.2529
Epoch 462, current loss (training) 0.0242, current loss (val) 0.2483
Epoch 463, current loss (training) 0.0170, current loss (val) 0.2338
Epoch 464, current loss (training) 0.0155, current loss (val) 0.2471
Epoch 465, current loss (training) 0.0127, current loss (val) 0.2497
Epoch 466, current loss (training) 0.0122, current loss (val) 0.2519
Epoch 467, current loss (training) 0.0109, current loss (val) 0.2490
Epoch 468, current loss (training) 0.0128, current loss (val) 0.2513
Epoch 469, current loss (training) 0.0096, current loss (val) 0.2532
Epoch 470, current loss (training) 0.0090, current loss (val) 0.2546
Epoch 471, current loss (training) 0.0091, current loss (val) 0.2534
Epoch 472, current loss (training) 0.0081, current loss (val) 0.2550
Epoch 473, current loss (training) 0.0078, current loss (val) 0.2576
Epoch 474, current loss (training) 0.0082, current loss (val) 0.2577
Epoch 475, current loss (training) 0.0073, current loss (val) 0.2602
Epoch 476, current loss (training) 0.0066, current loss (val) 0.2590
Epoch 477, current loss (training) 0.0066, current loss (val) 0.2565
Epoch 478, current loss (training) 0.0080, current loss (val) 0.2522
Epoch 479, current loss (training) 0.0074, current loss (val) 0.2646
Epoch 480, current loss (training) 0.0071, current loss (val) 0.2581
Epoch 481, current loss (training) 0.0058, current loss (val) 0.2620
Epoch 482, current loss (training) 0.0084, current loss (val) 0.2615
Epoch 483, current loss (training) 0.0075, current loss (val) 0.2621
Epoch 484, current loss (training) 0.0069, current loss (val) 0.2543
Epoch 485, current loss (training) 0.0086, current loss (val) 0.2632
Epoch 486, current loss (training) 0.0079, current loss (val) 0.2622
Epoch 487, current loss (training) 0.0055, current loss (val) 0.2619
Epoch 488, current loss (training) 0.0054, current loss (val) 0.2605
Epoch 489, current loss (training) 0.0066, current loss (val) 0.2698
Epoch 490, current loss (training) 0.0080, current loss (val) 0.2655
Epoch 491, current loss (training) 0.0055, current loss (val) 0.2685
Epoch 492, current loss (training) 0.0057, current loss (val) 0.2676
Epoch 493, current loss (training) 0.0070, current loss (val) 0.2618
Epoch 494, current loss (training) 0.0074, current loss (val) 0.2641
Epoch 495, current loss (training) 0.0054, current loss (val) 0.2633
Epoch 496, current loss (training) 0.0068, current loss (val) 0.2625
Epoch 497, current loss (training) 0.0064, current loss (val) 0.2537
Epoch 498, current loss (training) 0.0055, current loss (val) 0.2676
Epoch 499, current loss (training) 0.0062, current loss (val) 0.2643
Epoch 500, current loss (training) 0.0073, current loss (val) 0.2640
run_time_first_training_cycle:  48.13 

Epochs 500, batch size, 200
Nbr training obs 10000, nbr parameters 25352, obs/parameters 0.39

Starting abc-rs
Percentage done:  2.00 %
Percentage done:  4.00 %
Percentage done:  6.00 %
Percentage done:  8.00 %
Percentage done:  10.00 %
Percentage done:  12.00 %
Percentage done:  14.00 %
Percentage done:  16.00 %
Percentage done:  18.00 %
Percentage done:  20.00 %
Percentage done:  22.00 %
Percentage done:  24.00 %
Percentage done:  26.00 %
Percentage done:  28.00 %
Percentage done:  30.00 %
Percentage done:  32.00 %
Percentage done:  34.00 %
Percentage done:  36.00 %
Percentage done:  38.00 %
Percentage done:  40.00 %
Percentage done:  42.00 %
Percentage done:  44.00 %
Percentage done:  46.00 %
Percentage done:  48.00 %
Percentage done:  50.00 %
Percentage done:  52.00 %
Percentage done:  54.00 %
Percentage done:  56.00 %
Percentage done:  58.00 %
Percentage done:  60.00 %
Percentage done:  62.00 %
Percentage done:  64.00 %
Percentage done:  66.00 %
Percentage done:  68.00 %
Percentage done:  70.00 %
Percentage done:  72.00 %
Percentage done:  74.00 %
Percentage done:  76.00 %
Percentage done:  78.00 %
Percentage done:  80.00 %
Percentage done:  82.00 %
Percentage done:  84.00 %
Percentage done:  86.00 %
Percentage done:  88.00 %
Percentage done:  90.00 %
Percentage done:  92.00 %
Percentage done:  94.00 %
Percentage done:  96.00 %
Percentage done:  98.00 %
Percentage done:  100.00 %
Ending abc-rs
 75.009691 seconds (14.87 M allocations: 2.001 GiB, 1.18% gc time)
end script
Round:1
Round:3
Starting abc-rs
Percentage done:  2.00 %
Percentage done:  4.00 %
Percentage done:  6.00 %
Percentage done:  8.00 %
Percentage done:  10.00 %
Percentage done:  12.00 %
Percentage done:  14.00 %
Percentage done:  16.00 %
Percentage done:  18.00 %
Percentage done:  20.00 %
Percentage done:  22.00 %
Percentage done:  24.00 %
Percentage done:  26.00 %
Percentage done:  28.00 %
Percentage done:  30.00 %
Percentage done:  32.00 %
Percentage done:  34.00 %
Percentage done:  36.00 %
Percentage done:  38.00 %
Percentage done:  40.00 %
Percentage done:  42.00 %
Percentage done:  44.00 %
Percentage done:  46.00 %
Percentage done:  48.00 %
Percentage done:  50.00 %
Percentage done:  52.00 %
Percentage done:  54.00 %
Percentage done:  56.00 %
Percentage done:  58.00 %
Percentage done:  60.00 %
Percentage done:  62.00 %
Percentage done:  64.00 %
Percentage done:  66.00 %
Percentage done:  68.00 %
Percentage done:  70.00 %
Percentage done:  72.00 %
Percentage done:  74.00 %
Percentage done:  76.00 %
Percentage done:  78.00 %
Percentage done:  80.00 %
Percentage done:  82.00 %
Percentage done:  84.00 %
Percentage done:  86.00 %
Percentage done:  88.00 %
Percentage done:  90.00 %
Percentage done:  92.00 %
Percentage done:  94.00 %
Percentage done:  96.00 %
Percentage done:  98.00 %
Percentage done:  100.00 %
Ending abc-rs
 71.424862 seconds (16.16 M allocations: 2.060 GiB, 0.58% gc time)
Round:5
Starting abc-rs
Percentage done:  2.00 %
Percentage done:  4.00 %
Percentage done:  6.00 %
Percentage done:  8.00 %
Percentage done:  10.00 %
Percentage done:  12.00 %
Percentage done:  14.00 %
Percentage done:  16.00 %
Percentage done:  18.00 %
Percentage done:  20.00 %
Percentage done:  22.00 %
Percentage done:  24.00 %
Percentage done:  26.00 %
Percentage done:  28.00 %
Percentage done:  30.00 %
Percentage done:  32.00 %
Percentage done:  34.00 %
Percentage done:  36.00 %
Percentage done:  38.00 %
Percentage done:  40.00 %
Percentage done:  42.00 %
Percentage done:  44.00 %
Percentage done:  46.00 %
Percentage done:  48.00 %
Percentage done:  50.00 %
Percentage done:  52.00 %
Percentage done:  54.00 %
Percentage done:  56.00 %
Percentage done:  58.00 %
Percentage done:  60.00 %
Percentage done:  62.00 %
Percentage done:  64.00 %
Percentage done:  66.00 %
Percentage done:  68.00 %
Percentage done:  70.00 %
Percentage done:  72.00 %
Percentage done:  74.00 %
Percentage done:  76.00 %
Percentage done:  78.00 %
Percentage done:  80.00 %
Percentage done:  82.00 %
Percentage done:  84.00 %
Percentage done:  86.00 %
Percentage done:  88.00 %
Percentage done:  90.00 %
Percentage done:  92.00 %
Percentage done:  94.00 %
Percentage done:  96.00 %
Percentage done:  98.00 %
Percentage done:  100.00 %
Ending abc-rs
 69.665479 seconds (14.00 M allocations: 1.960 GiB, 0.55% gc time)
Round:7
Starting abc-rs
Percentage done:  2.00 %
Percentage done:  4.00 %
Percentage done:  6.00 %
Percentage done:  8.00 %
Percentage done:  10.00 %
Percentage done:  12.00 %
Percentage done:  14.00 %
Percentage done:  16.00 %
Percentage done:  18.00 %
Percentage done:  20.00 %
Percentage done:  22.00 %
Percentage done:  24.00 %
Percentage done:  26.00 %
Percentage done:  28.00 %
Percentage done:  30.00 %
Percentage done:  32.00 %
Percentage done:  34.00 %
Percentage done:  36.00 %
Percentage done:  38.00 %
Percentage done:  40.00 %
Percentage done:  42.00 %
Percentage done:  44.00 %
Percentage done:  46.00 %
Percentage done:  48.00 %
Percentage done:  50.00 %
Percentage done:  52.00 %
Percentage done:  54.00 %
Percentage done:  56.00 %
Percentage done:  58.00 %
Percentage done:  60.00 %
Percentage done:  62.00 %
Percentage done:  64.00 %
Percentage done:  66.00 %
Percentage done:  68.00 %
Percentage done:  70.00 %
Percentage done:  72.00 %
Percentage done:  74.00 %
Percentage done:  76.00 %
Percentage done:  78.00 %
Percentage done:  80.00 %
Percentage done:  82.00 %
Percentage done:  84.00 %
Percentage done:  86.00 %
Percentage done:  88.00 %
Percentage done:  90.00 %
Percentage done:  92.00 %
Percentage done:  94.00 %
Percentage done:  96.00 %
Percentage done:  98.00 %
Percentage done:  100.00 %
Ending abc-rs
 69.611701 seconds (14.00 M allocations: 1.960 GiB, 0.33% gc time)
Round:9
Starting abc-rs
Percentage done:  2.00 %
Percentage done:  4.00 %
Percentage done:  6.00 %
Percentage done:  8.00 %
Percentage done:  10.00 %
Percentage done:  12.00 %
Percentage done:  14.00 %
Percentage done:  16.00 %
Percentage done:  18.00 %
Percentage done:  20.00 %
Percentage done:  22.00 %
Percentage done:  24.00 %
Percentage done:  26.00 %
Percentage done:  28.00 %
Percentage done:  30.00 %
Percentage done:  32.00 %
Percentage done:  34.00 %
Percentage done:  36.00 %
Percentage done:  38.00 %
Percentage done:  40.00 %
Percentage done:  42.00 %
Percentage done:  44.00 %
Percentage done:  46.00 %
Percentage done:  48.00 %
Percentage done:  50.00 %
Percentage done:  52.00 %
Percentage done:  54.00 %
Percentage done:  56.00 %
Percentage done:  58.00 %
Percentage done:  60.00 %
Percentage done:  62.00 %
Percentage done:  64.00 %
Percentage done:  66.00 %
Percentage done:  68.00 %
Percentage done:  70.00 %
Percentage done:  72.00 %
Percentage done:  74.00 %
Percentage done:  76.00 %
Percentage done:  78.00 %
Percentage done:  80.00 %
Percentage done:  82.00 %
Percentage done:  84.00 %
Percentage done:  86.00 %
Percentage done:  88.00 %
Percentage done:  90.00 %
Percentage done:  92.00 %
Percentage done:  94.00 %
Percentage done:  96.00 %
Percentage done:  98.00 %
Percentage done:  100.00 %
Ending abc-rs
 69.618032 seconds (14.00 M allocations: 1.960 GiB, 0.48% gc time)
Round:11
Starting abc-rs
Percentage done:  2.00 %
Percentage done:  4.00 %
Percentage done:  6.00 %
Percentage done:  8.00 %
Percentage done:  10.00 %
Percentage done:  12.00 %
Percentage done:  14.00 %
Percentage done:  16.00 %
Percentage done:  18.00 %
Percentage done:  20.00 %
Percentage done:  22.00 %
Percentage done:  24.00 %
Percentage done:  26.00 %
Percentage done:  28.00 %
Percentage done:  30.00 %
Percentage done:  32.00 %
Percentage done:  34.00 %
Percentage done:  36.00 %
Percentage done:  38.00 %
Percentage done:  40.00 %
Percentage done:  42.00 %
Percentage done:  44.00 %
Percentage done:  46.00 %
Percentage done:  48.00 %
Percentage done:  50.00 %
Percentage done:  52.00 %
Percentage done:  54.00 %
Percentage done:  56.00 %
Percentage done:  58.00 %
Percentage done:  60.00 %
Percentage done:  62.00 %
Percentage done:  64.00 %
Percentage done:  66.00 %
Percentage done:  68.00 %
Percentage done:  70.00 %
Percentage done:  72.00 %
Percentage done:  74.00 %
Percentage done:  76.00 %
Percentage done:  78.00 %
Percentage done:  80.00 %
Percentage done:  82.00 %
Percentage done:  84.00 %
Percentage done:  86.00 %
Percentage done:  88.00 %
Percentage done:  90.00 %
Percentage done:  92.00 %
Percentage done:  94.00 %
Percentage done:  96.00 %
Percentage done:  98.00 %
Percentage done:  100.00 %
Ending abc-rs
 69.420291 seconds (14.00 M allocations: 1.960 GiB, 0.36% gc time)
Round:13
Starting abc-rs
Percentage done:  2.00 %
Percentage done:  4.00 %
Percentage done:  6.00 %
Percentage done:  8.00 %
Percentage done:  10.00 %
Percentage done:  12.00 %
Percentage done:  14.00 %
Percentage done:  16.00 %
Percentage done:  18.00 %
Percentage done:  20.00 %
Percentage done:  22.00 %
Percentage done:  24.00 %
Percentage done:  26.00 %
Percentage done:  28.00 %
Percentage done:  30.00 %
Percentage done:  32.00 %
Percentage done:  34.00 %
Percentage done:  36.00 %
Percentage done:  38.00 %
Percentage done:  40.00 %
Percentage done:  42.00 %
Percentage done:  44.00 %
Percentage done:  46.00 %
Percentage done:  48.00 %
Percentage done:  50.00 %
Percentage done:  52.00 %
Percentage done:  54.00 %
Percentage done:  56.00 %
Percentage done:  58.00 %
Percentage done:  60.00 %
Percentage done:  62.00 %
Percentage done:  64.00 %
Percentage done:  66.00 %
Percentage done:  68.00 %
Percentage done:  70.00 %
Percentage done:  72.00 %
Percentage done:  74.00 %
Percentage done:  76.00 %
Percentage done:  78.00 %
Percentage done:  80.00 %
Percentage done:  82.00 %
Percentage done:  84.00 %
Percentage done:  86.00 %
Percentage done:  88.00 %
Percentage done:  90.00 %
Percentage done:  92.00 %
Percentage done:  94.00 %
Percentage done:  96.00 %
Percentage done:  98.00 %
Percentage done:  100.00 %
Ending abc-rs
 69.309963 seconds (14.00 M allocations: 1.960 GiB, 0.33% gc time)
Round:15
Starting abc-rs
Percentage done:  2.00 %
Percentage done:  4.00 %
Percentage done:  6.00 %
Percentage done:  8.00 %
Percentage done:  10.00 %
Percentage done:  12.00 %
Percentage done:  14.00 %
Percentage done:  16.00 %
Percentage done:  18.00 %
Percentage done:  20.00 %
Percentage done:  22.00 %
Percentage done:  24.00 %
Percentage done:  26.00 %
Percentage done:  28.00 %
Percentage done:  30.00 %
Percentage done:  32.00 %
Percentage done:  34.00 %
Percentage done:  36.00 %
Percentage done:  38.00 %
Percentage done:  40.00 %
Percentage done:  42.00 %
Percentage done:  44.00 %
Percentage done:  46.00 %
Percentage done:  48.00 %
Percentage done:  50.00 %
Percentage done:  52.00 %
Percentage done:  54.00 %
Percentage done:  56.00 %
Percentage done:  58.00 %
Percentage done:  60.00 %
Percentage done:  62.00 %
Percentage done:  64.00 %
Percentage done:  66.00 %
Percentage done:  68.00 %
Percentage done:  70.00 %
Percentage done:  72.00 %
Percentage done:  74.00 %
Percentage done:  76.00 %
Percentage done:  78.00 %
Percentage done:  80.00 %
Percentage done:  82.00 %
Percentage done:  84.00 %
Percentage done:  86.00 %
Percentage done:  88.00 %
Percentage done:  90.00 %
Percentage done:  92.00 %
Percentage done:  94.00 %
Percentage done:  96.00 %
Percentage done:  98.00 %
Percentage done:  100.00 %
Ending abc-rs
 69.312031 seconds (14.00 M allocations: 1.960 GiB, 0.36% gc time)
Round:17
Starting abc-rs
Percentage done:  2.00 %
Percentage done:  4.00 %
Percentage done:  6.00 %
Percentage done:  8.00 %
Percentage done:  10.00 %
Percentage done:  12.00 %
Percentage done:  14.00 %
Percentage done:  16.00 %
Percentage done:  18.00 %
Percentage done:  20.00 %
Percentage done:  22.00 %
Percentage done:  24.00 %
Percentage done:  26.00 %
Percentage done:  28.00 %
Percentage done:  30.00 %
Percentage done:  32.00 %
Percentage done:  34.00 %
Percentage done:  36.00 %
Percentage done:  38.00 %
Percentage done:  40.00 %
Percentage done:  42.00 %
Percentage done:  44.00 %
Percentage done:  46.00 %
Percentage done:  48.00 %
Percentage done:  50.00 %
Percentage done:  52.00 %
Percentage done:  54.00 %
Percentage done:  56.00 %
Percentage done:  58.00 %
Percentage done:  60.00 %
Percentage done:  62.00 %
Percentage done:  64.00 %
Percentage done:  66.00 %
Percentage done:  68.00 %
Percentage done:  70.00 %
Percentage done:  72.00 %
Percentage done:  74.00 %
Percentage done:  76.00 %
Percentage done:  78.00 %
Percentage done:  80.00 %
Percentage done:  82.00 %
Percentage done:  84.00 %
Percentage done:  86.00 %
Percentage done:  88.00 %
Percentage done:  90.00 %
Percentage done:  92.00 %
Percentage done:  94.00 %
Percentage done:  96.00 %
Percentage done:  98.00 %
Percentage done:  100.00 %
Ending abc-rs
 69.418222 seconds (14.00 M allocations: 1.960 GiB, 0.47% gc time)
Round:19
Starting abc-rs
Percentage done:  2.00 %
Percentage done:  4.00 %
Percentage done:  6.00 %
Percentage done:  8.00 %
Percentage done:  10.00 %
Percentage done:  12.00 %
Percentage done:  14.00 %
Percentage done:  16.00 %
Percentage done:  18.00 %
Percentage done:  20.00 %
Percentage done:  22.00 %
Percentage done:  24.00 %
Percentage done:  26.00 %
Percentage done:  28.00 %
Percentage done:  30.00 %
Percentage done:  32.00 %
Percentage done:  34.00 %
Percentage done:  36.00 %
Percentage done:  38.00 %
Percentage done:  40.00 %
Percentage done:  42.00 %
Percentage done:  44.00 %
Percentage done:  46.00 %
Percentage done:  48.00 %
Percentage done:  50.00 %
Percentage done:  52.00 %
Percentage done:  54.00 %
Percentage done:  56.00 %
Percentage done:  58.00 %
Percentage done:  60.00 %
Percentage done:  62.00 %
Percentage done:  64.00 %
Percentage done:  66.00 %
Percentage done:  68.00 %
Percentage done:  70.00 %
Percentage done:  72.00 %
Percentage done:  74.00 %
Percentage done:  76.00 %
Percentage done:  78.00 %
Percentage done:  80.00 %
Percentage done:  82.00 %
Percentage done:  84.00 %
Percentage done:  86.00 %
Percentage done:  88.00 %
Percentage done:  90.00 %
Percentage done:  92.00 %
Percentage done:  94.00 %
Percentage done:  96.00 %
Percentage done:  98.00 %
Percentage done:  100.00 %
Ending abc-rs
 69.303095 seconds (14.00 M allocations: 1.960 GiB, 0.37% gc time)
