ERROR: LoadError: SystemError: opening file /home/samwiq/.julia/compiled/v1.0/SpecialFunctions/78gOt.ji: No such file or directory
Stacktrace:
 [1] #systemerror#39(::Nothing, ::Function, ::String, ::Bool) at ./error.jl:106
 [2] systemerror at ./error.jl:106 [inlined]
 [3] #open#293(::Bool, ::Nothing, ::Nothing, ::Nothing, ::Nothing, ::Function, ::String) at ./iostream.jl:283
 [4] #open at ./none:0 [inlined]
 [5] open(::String, ::String) at ./iostream.jl:339
 [6] stale_cachefile(::String, ::String) at ./loading.jl:1321
 [7] _require_search_from_serialized(::Base.PkgId, ::String) at ./loading.jl:687
 [8] _require(::Base.PkgId) at ./loading.jl:931
 [9] require(::Base.PkgId) at ./loading.jl:852
 [10] macro expansion at ./logging.jl:311 [inlined]
 [11] require(::Module, ::Symbol) at ./loading.jl:834
 [12] include at ./boot.jl:317 [inlined]
 [13] include_relative(::Module, ::String) at ./loading.jl:1038
 [14] include(::Module, ::String) at ./sysimg.jl:29
 [15] top-level scope at none:2
 [16] eval at ./boot.jl:319 [inlined]
 [17] eval(::Expr) at ./client.jl:389
 [18] top-level scope at ./none:3
in expression starting at /home/samwiq/.julia/packages/AutoGrad/Vt8aS/src/AutoGrad.jl:47
ERROR: LoadError: Failed to precompile AutoGrad [6710c13c-97f1-543f-91c5-74e8f7d95b35] to /home/samwiq/.julia/compiled/v1.0/AutoGrad/51RA4.ji.
Stacktrace:
 [1] error(::String) at ./error.jl:33
 [2] macro expansion at ./logging.jl:313 [inlined]
 [3] compilecache(::Base.PkgId, ::String) at ./loading.jl:1184
 [4] _require(::Base.PkgId) at ./logging.jl:311
 [5] require(::Base.PkgId) at ./loading.jl:852
 [6] macro expansion at ./logging.jl:311 [inlined]
 [7] require(::Module, ::Symbol) at ./loading.jl:834
 [8] include at ./boot.jl:317 [inlined]
 [9] include_relative(::Module, ::String) at ./loading.jl:1038
 [10] include(::Module, ::String) at ./sysimg.jl:29
 [11] top-level scope at none:2
 [12] eval at ./boot.jl:319 [inlined]
 [13] eval(::Expr) at ./client.jl:389
 [14] top-level scope at ./none:3
in expression starting at /home/samwiq/.julia/packages/Knet/hxjeS/src/Knet.jl:17
ERROR: LoadError: LoadError: Failed to precompile Knet [1902f260-5fb4-5aff-8c31-6271790ab950] to /home/samwiq/.julia/compiled/v1.0/Knet/f4vSz.ji.
Stacktrace:
 [1] error(::String) at ./error.jl:33
 [2] macro expansion at ./logging.jl:313 [inlined]
 [3] compilecache(::Base.PkgId, ::String) at ./loading.jl:1184
 [4] _require(::Base.PkgId) at ./logging.jl:311
 [5] require(::Base.PkgId) at ./loading.jl:852
 [6] macro expansion at ./logging.jl:311 [inlined]
 [7] require(::Module, ::Symbol) at ./loading.jl:834
 [8] include at ./boot.jl:317 [inlined]
 [9] include_relative(::Module, ::String) at ./loading.jl:1038
 [10] include(::Module, ::String) at ./sysimg.jl:29
 [11] include(::String) at ./client.jl:388
 [12] top-level scope at none:0
 [13] include at ./boot.jl:317 [inlined]
 [14] include_relative(::Module, ::String) at ./loading.jl:1038
 [15] include(::Module, ::String) at ./sysimg.jl:29
 [16] exec_options(::Base.JLOptions) at ./client.jl:229
 [17] _start() at ./client.jl:421
in expression starting at /home/samwiq/ABC and deep learning project/abc-dl/src/g and k dist/train_simple_dnn_network.jl:30
in expression starting at /home/samwiq/ABC and deep learning project/abc-dl/src/g and k dist/mutiple_ABC_runs_simple_dnn.jl:3
