┌ Warning: The call to compilecache failed to create a usable precompiled cache file for AutoGrad [6710c13c-97f1-543f-91c5-74e8f7d95b35]
│   exception = Required dependency SpecialFunctions [276daf66-3868-5448-9aa4-cd146d93841b] failed to load from a cache file.
└ @ Base loading.jl:963
┌ Warning: The call to compilecache failed to create a usable precompiled cache file for JLD2 [033835bb-8acc-5ee8-8aae-3f567f8a3819]
│   exception = Required dependency CodecZlib [944b1d66-785c-5afd-91f1-9de20f533193] failed to load from a cache file.
└ @ Base loading.jl:963
ERROR: LoadError: LoadError: UndefVarError: n_hidden_1 not defined
Stacktrace:
 [1] top-level scope at none:0
 [2] include at ./boot.jl:317 [inlined]
 [3] include_relative(::Module, ::String) at ./loading.jl:1038
 [4] include(::Module, ::String) at ./sysimg.jl:29
 [5] include(::String) at ./client.jl:388
 [6] top-level scope at none:0
 [7] include at ./boot.jl:317 [inlined]
 [8] include_relative(::Module, ::String) at ./loading.jl:1038
 [9] include(::Module, ::String) at ./sysimg.jl:29
 [10] exec_options(::Base.JLOptions) at ./client.jl:229
 [11] _start() at ./client.jl:421
in expression starting at /home/samwiq/ABC and deep learning project/abc-dl/src/MA2/train_simple_dnn_network.jl:147
in expression starting at /home/samwiq/ABC and deep learning project/abc-dl/src/g and k dist/mutiple_ABC_runs_simple_dnn.jl:3
