ERROR: LoadError: No deps.jl file could be found. Please try running Pkg.build("Arpack").
Currently, the build command might fail when Julia has been built from source
and the recommendation is to use the official binaries from julialang.org.
For more info see https://github.com/JuliaLinearAlgebra/Arpack.jl/issues/5.

Stacktrace:
 [1] top-level scope at /home/samwiq/.julia/packages/Arpack/WP3ru/src/Arpack.jl:19
 [2] include at ./boot.jl:317 [inlined]
 [3] include_relative(::Module, ::String) at ./loading.jl:1038
 [4] include(::Module, ::String) at ./sysimg.jl:29
 [5] top-level scope at none:2
 [6] eval at ./boot.jl:319 [inlined]
 [7] eval(::Expr) at ./client.jl:389
 [8] top-level scope at ./none:3
in expression starting at /home/samwiq/.julia/packages/Arpack/WP3ru/src/Arpack.jl:16
ERROR: LoadError: LoadError: Failed to precompile Arpack [7d9fca2a-8960-54d3-9f78-7d1dccf2cb97] to /home/samwiq/.julia/compiled/v1.0/Arpack/X5VZL.ji.
Stacktrace:
 [1] error(::String) at ./error.jl:33
 [2] macro expansion at ./logging.jl:313 [inlined]
 [3] compilecache(::Base.PkgId, ::String) at ./loading.jl:1184
 [4] _require(::Base.PkgId) at ./logging.jl:311
 [5] require(::Base.PkgId) at ./loading.jl:852
 [6] macro expansion at ./logging.jl:311 [inlined]
 [7] require(::Module, ::Symbol) at ./loading.jl:834
 [8] include at ./boot.jl:317 [inlined]
 [9] include_relative(::Module, ::String) at ./loading.jl:1038
 [10] include at ./sysimg.jl:29 [inlined]
 [11] include(::String) at /home/samwiq/.julia/packages/PDMats/mL7bX/src/PDMats.jl:3
 [12] top-level scope at /home/samwiq/.julia/packages/PDMats/mL7bX/src/PDMats.jl:53
 [13] include at ./boot.jl:317 [inlined]
 [14] include_relative(::Module, ::String) at ./loading.jl:1038
 [15] include(::Module, ::String) at ./sysimg.jl:29
 [16] top-level scope at none:2
 [17] eval at ./boot.jl:319 [inlined]
 [18] eval(::Expr) at ./client.jl:389
 [19] top-level scope at ./none:3
in expression starting at /home/samwiq/.julia/packages/PDMats/mL7bX/src/pdsparsemat.jl:1
in expression starting at /home/samwiq/.julia/packages/PDMats/mL7bX/src/PDMats.jl:52
ERROR: LoadError: Failed to precompile PDMats [90014a1f-27ba-587c-ab20-58faa44d9150] to /home/samwiq/.julia/compiled/v1.0/PDMats/wuzEE.ji.
Stacktrace:
 [1] error(::String) at ./error.jl:33
 [2] macro expansion at ./logging.jl:313 [inlined]
 [3] compilecache(::Base.PkgId, ::String) at ./loading.jl:1184
 [4] _require(::Base.PkgId) at ./logging.jl:311
 [5] require(::Base.PkgId) at ./loading.jl:852
 [6] macro expansion at ./logging.jl:311 [inlined]
 [7] require(::Module, ::Symbol) at ./loading.jl:834
 [8] include at ./boot.jl:317 [inlined]
 [9] include_relative(::Module, ::String) at ./loading.jl:1038
 [10] include(::Module, ::String) at ./sysimg.jl:29
 [11] top-level scope at none:2
 [12] eval at ./boot.jl:319 [inlined]
 [13] eval(::Expr) at ./client.jl:389
 [14] top-level scope at ./none:3
in expression starting at /home/samwiq/.julia/packages/Distributions/WHjOk/src/Distributions.jl:3
ERROR: LoadError: LoadError: Failed to precompile Distributions [31c24e10-a181-5473-b8eb-7969acd0382f] to /home/samwiq/.julia/compiled/v1.0/Distributions/xILW0.ji.
Stacktrace:
 [1] error(::String) at ./error.jl:33
 [2] macro expansion at ./logging.jl:313 [inlined]
 [3] compilecache(::Base.PkgId, ::String) at ./loading.jl:1184
 [4] _require(::Base.PkgId) at ./logging.jl:311
 [5] require(::Base.PkgId) at ./loading.jl:852
 [6] macro expansion at ./logging.jl:311 [inlined]
 [7] require(::Module, ::Symbol) at ./loading.jl:834
 [8] include at ./boot.jl:317 [inlined]
 [9] include_relative(::Module, ::String) at ./loading.jl:1038
 [10] include(::Module, ::String) at ./sysimg.jl:29
 [11] include(::String) at ./client.jl:388
 [12] top-level scope at none:0
 [13] include at ./boot.jl:317 [inlined]
 [14] include_relative(::Module, ::String) at ./loading.jl:1038
 [15] include(::Module, ::String) at ./sysimg.jl:29
 [16] exec_options(::Base.JLOptions) at ./client.jl:229
 [17] _start() at ./client.jl:421
in expression starting at /home/samwiq/ABC and deep learning project/abc-dl/src/g and k dist/abcrs_inference.jl:3
in expression starting at /home/samwiq/ABC and deep learning project/abc-dl/src/g and k dist/mutiple_ABC_runs_abcrs.jl:5
