Mon Oct 29 20:44:52 2018       
+-----------------------------------------------------------------------------+
| NVIDIA-SMI 396.44                 Driver Version: 396.44                    |
|-------------------------------+----------------------+----------------------+
| GPU  Name        Persistence-M| Bus-Id        Disp.A | Volatile Uncorr. ECC |
| Fan  Temp  Perf  Pwr:Usage/Cap|         Memory-Usage | GPU-Util  Compute M. |
|===============================+======================+======================|
|   0  Tesla K80           On   | 00000000:04:00.0 Off |                    0 |
| N/A   24C    P8    26W / 149W |      0MiB / 11441MiB |      0%      Default |
+-------------------------------+----------------------+----------------------+
|   1  Tesla K80           On   | 00000000:05:00.0 Off |                    0 |
| N/A   28C    P8    29W / 149W |      0MiB / 11441MiB |      0%      Default |
+-------------------------------+----------------------+----------------------+
|   2  Tesla K80           On   | 00000000:84:00.0 Off |                    0 |
| N/A   23C    P8    26W / 149W |      0MiB / 11441MiB |      0%      Default |
+-------------------------------+----------------------+----------------------+
|   3  Tesla K80           On   | 00000000:85:00.0 Off |                    0 |
| N/A   30C    P8    29W / 149W |      0MiB / 11441MiB |      0%      Default |
+-------------------------------+----------------------+----------------------+
                                                                               
+-----------------------------------------------------------------------------+
| Processes:                                                       GPU Memory |
|  GPU       PID   Type   Process name                             Usage      |
|=============================================================================|
|  No running processes found                                                 |
+-----------------------------------------------------------------------------+
/home/samwiq/ABC and deep learning project/abc-dl/lunarc
/home/samwiq/ABC and deep learning project/abc-dl
start script
500
check version of Knet
    Status `~/.julia/environments/v1.0/Project.toml`
  [336ed68f] CSV v0.3.1
  [a93c6f00] DataFrames v0.13.1
  [31c24e10] Distributions v0.16.4
  [1902f260] Knet v1.1.0
  [6f286f6a] MultivariateStats v0.6.0 #master (https://github.com/JuliaStats/MultivariateStats.jl.git)
  [2913bbd2] StatsBase v0.25.0
  [4c63d2b9] StatsFuns v0.7.0
build Knet
  Building SpecialFunctions → `~/.julia/packages/SpecialFunctions/KvXoO/deps/build.log`
  Building CodecZlib ───────→ `~/.julia/packages/CodecZlib/wwgbh/deps/build.log`
  Building Knet ────────────→ `~/.julia/packages/Knet/hxjeS/deps/build.log`
test gpu
4
-1
0
Loading g-and-k model
Loading g-and-k model
Starting: generate_parameter_data_pairs
Percentage done:  10.00 %
Percentage done:  20.00 %
Percentage done:  30.00 %
Percentage done:  40.00 %
Percentage done:  50.00 %
Percentage done:  60.00 %
Percentage done:  70.00 %
Percentage done:  80.00 %
Percentage done:  90.00 %
Percentage done:  100.00 %
Starting: generate_parameter_data_pairs
Percentage done:  2.00 %
Percentage done:  4.00 %
Percentage done:  6.00 %
Percentage done:  8.00 %
Percentage done:  10.00 %
Percentage done:  12.00 %
Percentage done:  14.00 %
Percentage done:  16.00 %
Percentage done:  18.00 %
Percentage done:  20.00 %
Percentage done:  22.00 %
Percentage done:  24.00 %
Percentage done:  26.00 %
Percentage done:  28.00 %
Percentage done:  30.00 %
Percentage done:  32.00 %
Percentage done:  34.00 %
Percentage done:  36.00 %
Percentage done:  38.00 %
Percentage done:  40.00 %
Percentage done:  42.00 %
Percentage done:  44.00 %
Percentage done:  46.00 %
Percentage done:  48.00 %
Percentage done:  50.00 %
Percentage done:  52.00 %
Percentage done:  54.00 %
Percentage done:  56.00 %
Percentage done:  58.00 %
Percentage done:  60.00 %
Percentage done:  62.00 %
Percentage done:  64.00 %
Percentage done:  66.00 %
Percentage done:  68.00 %
Percentage done:  70.00 %
Percentage done:  72.00 %
Percentage done:  74.00 %
Percentage done:  76.00 %
Percentage done:  78.00 %
Percentage done:  80.00 %
Percentage done:  82.00 %
Percentage done:  84.00 %
Percentage done:  86.00 %
Percentage done:  88.00 %
Percentage done:  90.00 %
Percentage done:  92.00 %
Percentage done:  94.00 %
Percentage done:  96.00 %
Percentage done:  98.00 %
Percentage done:  100.00 %
Starting: generate_parameter_data_pairs
Percentage done:  5.00 %
Percentage done:  10.00 %
Percentage done:  15.00 %
Percentage done:  20.00 %
Percentage done:  25.00 %
Percentage done:  30.00 %
Percentage done:  35.00 %
Percentage done:  40.00 %
Percentage done:  45.00 %
Percentage done:  50.00 %
Percentage done:  55.00 %
Percentage done:  60.00 %
Percentage done:  65.00 %
Percentage done:  70.00 %
Percentage done:  75.00 %
Percentage done:  80.00 %
Percentage done:  85.00 %
Percentage done:  90.00 %
Percentage done:  95.00 %
Percentage done:  100.00 %
Starting: generate_parameter_data_pairs
141.379088 seconds (25.49 M allocations: 33.849 GiB, 1.86% gc time)
Nbr training obs 1000, nbr parameters 25454, obs/parameters 0.04
0
  0.567129 seconds (824.63 k allocations: 40.835 MiB, 2.53% gc time)
  0.432597 seconds (1.08 M allocations: 56.571 MiB, 2.94% gc time)
  2.753097 seconds (6.57 M allocations: 345.416 MiB, 4.23% gc time)
  0.002797 seconds (100 allocations: 161.156 KiB)
Starting training
Epoch 1, current loss (training) 27.7396, current loss (val) 25.8107
Epoch 2, current loss (training) 17.8080, current loss (val) 16.4201
Epoch 3, current loss (training) 17.9568, current loss (val) 17.1273
Epoch 4, current loss (training) 16.2920, current loss (val) 15.7861
Epoch 5, current loss (training) 15.8619, current loss (val) 14.9766
Epoch 6, current loss (training) 15.6606, current loss (val) 15.2444
Epoch 7, current loss (training) 15.8055, current loss (val) 14.7282
Epoch 8, current loss (training) 15.8991, current loss (val) 14.8346
Epoch 9, current loss (training) 15.5631, current loss (val) 14.7876
Epoch 10, current loss (training) 15.5613, current loss (val) 14.5921
Epoch 11, current loss (training) 15.1111, current loss (val) 14.6058
Epoch 12, current loss (training) 15.5063, current loss (val) 14.6348
Epoch 13, current loss (training) 15.3408, current loss (val) 14.6203
Epoch 14, current loss (training) 15.3958, current loss (val) 14.5659
Epoch 15, current loss (training) 15.3267, current loss (val) 14.5590
Epoch 16, current loss (training) 15.3744, current loss (val) 14.5663
Epoch 17, current loss (training) 15.5078, current loss (val) 14.5626
Epoch 18, current loss (training) 15.1758, current loss (val) 14.5375
Epoch 19, current loss (training) 15.7593, current loss (val) 14.5001
Epoch 20, current loss (training) 15.4187, current loss (val) 14.5238
Epoch 21, current loss (training) 15.1262, current loss (val) 14.5091
Epoch 22, current loss (training) 15.0527, current loss (val) 14.4687
Epoch 23, current loss (training) 15.9561, current loss (val) 14.4883
Epoch 24, current loss (training) 15.4318, current loss (val) 14.4468
Epoch 25, current loss (training) 15.0010, current loss (val) 14.4202
Epoch 26, current loss (training) 15.8527, current loss (val) 14.4084
Epoch 27, current loss (training) 15.5649, current loss (val) 14.4029
Epoch 28, current loss (training) 15.2372, current loss (val) 14.4018
Epoch 29, current loss (training) 15.3861, current loss (val) 14.3507
Epoch 30, current loss (training) 15.5710, current loss (val) 14.3405
Epoch 31, current loss (training) 14.8450, current loss (val) 14.3453
Epoch 32, current loss (training) 15.3649, current loss (val) 14.2869
Epoch 33, current loss (training) 14.6228, current loss (val) 14.2691
Epoch 34, current loss (training) 15.6134, current loss (val) 14.2301
Epoch 35, current loss (training) 14.7793, current loss (val) 14.2012
Epoch 36, current loss (training) 15.3690, current loss (val) 14.1771
Epoch 37, current loss (training) 15.2247, current loss (val) 14.1391
Epoch 38, current loss (training) 14.7598, current loss (val) 14.0769
Epoch 39, current loss (training) 15.4350, current loss (val) 14.0423
Epoch 40, current loss (training) 15.1368, current loss (val) 13.9574
Epoch 41, current loss (training) 14.6999, current loss (val) 13.9415
Epoch 42, current loss (training) 14.9234, current loss (val) 13.8404
Epoch 43, current loss (training) 15.3508, current loss (val) 13.7426
Epoch 44, current loss (training) 15.0790, current loss (val) 13.6581
Epoch 45, current loss (training) 14.7321, current loss (val) 13.5569
Epoch 46, current loss (training) 14.2457, current loss (val) 13.4662
Epoch 47, current loss (training) 14.5391, current loss (val) 13.2915
Epoch 48, current loss (training) 13.8153, current loss (val) 13.1839
Epoch 49, current loss (training) 13.5624, current loss (val) 13.0621
Epoch 50, current loss (training) 14.3101, current loss (val) 12.9231
Epoch 51, current loss (training) 13.2482, current loss (val) 12.8674
Epoch 52, current loss (training) 13.9632, current loss (val) 12.7217
Epoch 53, current loss (training) 13.1247, current loss (val) 12.6428
Epoch 54, current loss (training) 13.7455, current loss (val) 12.6505
Epoch 55, current loss (training) 13.0256, current loss (val) 12.5706
Epoch 56, current loss (training) 13.9090, current loss (val) 12.5990
Epoch 57, current loss (training) 13.2553, current loss (val) 12.5349
Epoch 58, current loss (training) 13.0273, current loss (val) 12.5321
Epoch 59, current loss (training) 13.4546, current loss (val) 12.5195
Epoch 60, current loss (training) 13.6224, current loss (val) 12.5240
Epoch 61, current loss (training) 13.0559, current loss (val) 12.4792
Epoch 62, current loss (training) 13.4002, current loss (val) 12.4495
Epoch 63, current loss (training) 13.2812, current loss (val) 12.4563
Epoch 64, current loss (training) 13.4687, current loss (val) 12.4457
Epoch 65, current loss (training) 13.1605, current loss (val) 12.4427
Epoch 66, current loss (training) 13.0784, current loss (val) 12.4505
Epoch 67, current loss (training) 13.2983, current loss (val) 12.3812
Epoch 68, current loss (training) 13.5711, current loss (val) 12.4585
Epoch 69, current loss (training) 13.2776, current loss (val) 12.3795
Epoch 70, current loss (training) 13.4942, current loss (val) 12.3672
Epoch 71, current loss (training) 13.5818, current loss (val) 12.3396
Epoch 72, current loss (training) 12.8678, current loss (val) 12.3153
Epoch 73, current loss (training) 13.6024, current loss (val) 12.3436
Epoch 74, current loss (training) 12.8789, current loss (val) 12.2985
Epoch 75, current loss (training) 13.0991, current loss (val) 12.3049
Epoch 76, current loss (training) 13.2123, current loss (val) 12.2269
Epoch 77, current loss (training) 13.1782, current loss (val) 12.2708
Epoch 78, current loss (training) 12.7551, current loss (val) 12.2397
Epoch 79, current loss (training) 13.2391, current loss (val) 12.1637
Epoch 80, current loss (training) 13.7961, current loss (val) 12.1302
Epoch 81, current loss (training) 12.7276, current loss (val) 12.0963
Epoch 82, current loss (training) 13.2745, current loss (val) 12.0685
Epoch 83, current loss (training) 13.0677, current loss (val) 12.0303
Epoch 84, current loss (training) 12.9291, current loss (val) 11.9652
Epoch 85, current loss (training) 12.7418, current loss (val) 11.9227
Epoch 86, current loss (training) 13.3874, current loss (val) 11.8764
Epoch 87, current loss (training) 12.8996, current loss (val) 11.8461
Epoch 88, current loss (training) 12.6505, current loss (val) 11.7736
Epoch 89, current loss (training) 12.7399, current loss (val) 11.7559
Epoch 90, current loss (training) 13.1446, current loss (val) 11.5924
Epoch 91, current loss (training) 12.4190, current loss (val) 11.5142
Epoch 92, current loss (training) 12.1197, current loss (val) 11.4347
Epoch 93, current loss (training) 12.5608, current loss (val) 11.3904
Epoch 94, current loss (training) 12.3299, current loss (val) 11.3278
Epoch 95, current loss (training) 11.9794, current loss (val) 11.2989
Epoch 96, current loss (training) 12.4954, current loss (val) 11.3051
Epoch 97, current loss (training) 12.3257, current loss (val) 11.1249
Epoch 98, current loss (training) 11.8143, current loss (val) 11.0685
Epoch 99, current loss (training) 12.3060, current loss (val) 11.1388
Epoch 100, current loss (training) 12.3259, current loss (val) 11.2294
Epoch 101, current loss (training) 11.8546, current loss (val) 11.0991
Epoch 102, current loss (training) 11.8016, current loss (val) 10.9786
Epoch 103, current loss (training) 12.5783, current loss (val) 10.9450
Epoch 104, current loss (training) 12.0705, current loss (val) 10.9940
Epoch 105, current loss (training) 11.9890, current loss (val) 11.0180
Epoch 106, current loss (training) 11.2592, current loss (val) 10.8613
Epoch 107, current loss (training) 12.2437, current loss (val) 10.8447
Epoch 108, current loss (training) 12.1159, current loss (val) 10.9039
Epoch 109, current loss (training) 11.6415, current loss (val) 10.8733
Epoch 110, current loss (training) 12.0038, current loss (val) 10.7838
Epoch 111, current loss (training) 11.4677, current loss (val) 10.7698
Epoch 112, current loss (training) 11.5031, current loss (val) 10.7636
Epoch 113, current loss (training) 11.9351, current loss (val) 10.7765
Epoch 114, current loss (training) 11.4065, current loss (val) 10.7623
Epoch 115, current loss (training) 11.9214, current loss (val) 10.7404
Epoch 116, current loss (training) 12.1726, current loss (val) 10.6947
Epoch 117, current loss (training) 11.7460, current loss (val) 10.6991
Epoch 118, current loss (training) 11.6071, current loss (val) 10.6832
Epoch 119, current loss (training) 11.7816, current loss (val) 10.6472
Epoch 120, current loss (training) 11.6506, current loss (val) 10.6427
Epoch 121, current loss (training) 11.6189, current loss (val) 10.6522
Epoch 122, current loss (training) 11.4244, current loss (val) 10.6246
Epoch 123, current loss (training) 11.3907, current loss (val) 10.5923
Epoch 124, current loss (training) 11.8761, current loss (val) 10.6098
Epoch 125, current loss (training) 12.0679, current loss (val) 10.5605
Epoch 126, current loss (training) 11.4250, current loss (val) 10.5475
Epoch 127, current loss (training) 11.7136, current loss (val) 10.5667
Epoch 128, current loss (training) 11.1756, current loss (val) 10.5195
Epoch 129, current loss (training) 11.3692, current loss (val) 10.5121
Epoch 130, current loss (training) 11.6038, current loss (val) 10.5276
Epoch 131, current loss (training) 11.4476, current loss (val) 10.5134
Epoch 132, current loss (training) 11.4921, current loss (val) 10.4610
Epoch 133, current loss (training) 11.6251, current loss (val) 10.5644
Epoch 134, current loss (training) 10.9768, current loss (val) 10.5564
Epoch 135, current loss (training) 11.5404, current loss (val) 10.6099
Epoch 136, current loss (training) 11.6005, current loss (val) 10.6287
Epoch 137, current loss (training) 11.7443, current loss (val) 10.4603
Epoch 138, current loss (training) 11.6181, current loss (val) 10.4765
Epoch 139, current loss (training) 11.6217, current loss (val) 10.4236
Epoch 140, current loss (training) 11.5271, current loss (val) 10.4243
Epoch 141, current loss (training) 11.6369, current loss (val) 10.5154
Epoch 142, current loss (training) 11.5733, current loss (val) 10.4301
Epoch 143, current loss (training) 11.1986, current loss (val) 10.3868
Epoch 144, current loss (training) 11.2999, current loss (val) 10.3515
Epoch 145, current loss (training) 11.0847, current loss (val) 10.3651
Epoch 146, current loss (training) 11.4469, current loss (val) 10.3620
Epoch 147, current loss (training) 11.4287, current loss (val) 10.3262
Epoch 148, current loss (training) 11.5454, current loss (val) 10.3889
Epoch 149, current loss (training) 11.7918, current loss (val) 10.3632
Epoch 150, current loss (training) 11.6130, current loss (val) 10.3094
Epoch 151, current loss (training) 11.1944, current loss (val) 10.3219
Epoch 152, current loss (training) 10.7466, current loss (val) 10.3192
Epoch 153, current loss (training) 11.6734, current loss (val) 10.3734
Epoch 154, current loss (training) 11.1294, current loss (val) 10.4298
Epoch 155, current loss (training) 11.1615, current loss (val) 10.3121
Epoch 156, current loss (training) 11.2417, current loss (val) 10.2866
Epoch 157, current loss (training) 12.1193, current loss (val) 10.3222
Epoch 158, current loss (training) 11.4204, current loss (val) 10.3835
Epoch 159, current loss (training) 10.7283, current loss (val) 10.3157
Epoch 160, current loss (training) 11.9022, current loss (val) 10.2161
Epoch 161, current loss (training) 11.3290, current loss (val) 10.2184
Epoch 162, current loss (training) 10.7864, current loss (val) 10.2450
Epoch 163, current loss (training) 11.4041, current loss (val) 10.2719
Epoch 164, current loss (training) 11.3332, current loss (val) 10.2569
Epoch 165, current loss (training) 10.7103, current loss (val) 10.2142
Epoch 166, current loss (training) 11.5343, current loss (val) 10.2632
Epoch 167, current loss (training) 11.0524, current loss (val) 10.2145
Epoch 168, current loss (training) 11.1645, current loss (val) 10.1642
Epoch 169, current loss (training) 11.3992, current loss (val) 10.1651
Epoch 170, current loss (training) 11.4510, current loss (val) 10.1821
Epoch 171, current loss (training) 10.8625, current loss (val) 10.1726
Epoch 172, current loss (training) 11.8311, current loss (val) 10.1651
Epoch 173, current loss (training) 10.6932, current loss (val) 10.1673
Epoch 174, current loss (training) 11.2636, current loss (val) 10.1315
Epoch 175, current loss (training) 11.0215, current loss (val) 10.1674
Epoch 176, current loss (training) 10.8998, current loss (val) 10.1203
Epoch 177, current loss (training) 10.9165, current loss (val) 10.1299
Epoch 178, current loss (training) 11.0256, current loss (val) 10.1343
Epoch 179, current loss (training) 11.1992, current loss (val) 10.1484
Epoch 180, current loss (training) 11.0219, current loss (val) 10.1154
Epoch 181, current loss (training) 11.5965, current loss (val) 10.1101
Epoch 182, current loss (training) 10.7440, current loss (val) 10.0805
Epoch 183, current loss (training) 11.1049, current loss (val) 10.1008
Epoch 184, current loss (training) 11.5157, current loss (val) 10.1178
Epoch 185, current loss (training) 10.6162, current loss (val) 10.0507
Epoch 186, current loss (training) 11.5810, current loss (val) 10.1430
Epoch 187, current loss (training) 11.4088, current loss (val) 10.2116
Epoch 188, current loss (training) 11.2522, current loss (val) 10.1802
Epoch 189, current loss (training) 11.0695, current loss (val) 10.1412
Epoch 190, current loss (training) 10.2795, current loss (val) 10.0899
Epoch 191, current loss (training) 10.7162, current loss (val) 10.0726
Epoch 192, current loss (training) 10.9951, current loss (val) 10.0418
Epoch 193, current loss (training) 11.5489, current loss (val) 10.0319
Epoch 194, current loss (training) 11.0727, current loss (val) 10.0013
Epoch 195, current loss (training) 10.8635, current loss (val) 10.0111
Epoch 196, current loss (training) 11.2204, current loss (val) 10.0223
Epoch 197, current loss (training) 10.3259, current loss (val) 10.0140
Epoch 198, current loss (training) 10.7590, current loss (val) 10.0039
Epoch 199, current loss (training) 10.9281, current loss (val) 10.0057
Epoch 200, current loss (training) 10.8569, current loss (val) 9.9850
Epoch 201, current loss (training) 11.1403, current loss (val) 10.0182
Epoch 202, current loss (training) 11.4319, current loss (val) 10.1214
Epoch 203, current loss (training) 11.1759, current loss (val) 10.2114
Epoch 204, current loss (training) 11.2811, current loss (val) 10.1653
Epoch 205, current loss (training) 10.6271, current loss (val) 10.0229
Epoch 206, current loss (training) 11.1693, current loss (val) 9.9662
Epoch 207, current loss (training) 11.3098, current loss (val) 9.9370
Epoch 208, current loss (training) 10.6038, current loss (val) 9.9690
Epoch 209, current loss (training) 10.5171, current loss (val) 9.9755
Epoch 210, current loss (training) 10.7118, current loss (val) 9.9208
Epoch 211, current loss (training) 11.3490, current loss (val) 9.9011
Epoch 212, current loss (training) 11.3174, current loss (val) 9.9331
Epoch 213, current loss (training) 11.1628, current loss (val) 9.8962
Epoch 214, current loss (training) 10.9406, current loss (val) 9.9105
Epoch 215, current loss (training) 10.2849, current loss (val) 9.9536
Epoch 216, current loss (training) 10.9668, current loss (val) 9.9210
Epoch 217, current loss (training) 10.5359, current loss (val) 9.8653
Epoch 218, current loss (training) 11.0568, current loss (val) 9.8932
Epoch 219, current loss (training) 10.8002, current loss (val) 9.8839
Epoch 220, current loss (training) 10.8534, current loss (val) 9.8870
Epoch 221, current loss (training) 10.3537, current loss (val) 9.8508
Epoch 222, current loss (training) 10.9367, current loss (val) 9.9994
Epoch 223, current loss (training) 10.9882, current loss (val) 9.8984
Epoch 224, current loss (training) 10.9919, current loss (val) 9.9222
Epoch 225, current loss (training) 10.6468, current loss (val) 9.9405
Epoch 226, current loss (training) 10.9743, current loss (val) 9.9218
Epoch 227, current loss (training) 10.6448, current loss (val) 9.8669
Epoch 228, current loss (training) 11.1007, current loss (val) 9.8186
Epoch 229, current loss (training) 10.8514, current loss (val) 9.8139
Epoch 230, current loss (training) 10.0132, current loss (val) 9.7428
Epoch 231, current loss (training) 10.5499, current loss (val) 9.7600
Epoch 232, current loss (training) 10.4763, current loss (val) 9.8088
Epoch 233, current loss (training) 11.0314, current loss (val) 9.7676
Epoch 234, current loss (training) 10.5203, current loss (val) 9.7944
Epoch 235, current loss (training) 10.8050, current loss (val) 9.7413
Epoch 236, current loss (training) 11.2454, current loss (val) 9.7944
Epoch 237, current loss (training) 10.7726, current loss (val) 9.7818
Epoch 238, current loss (training) 10.3738, current loss (val) 9.7955
Epoch 239, current loss (training) 10.3018, current loss (val) 9.7079
Epoch 240, current loss (training) 10.7264, current loss (val) 9.8011
Epoch 241, current loss (training) 10.4098, current loss (val) 9.7905
Epoch 242, current loss (training) 10.7981, current loss (val) 9.7519
Epoch 243, current loss (training) 10.3786, current loss (val) 9.5813
Epoch 244, current loss (training) 10.2812, current loss (val) 9.5966
Epoch 245, current loss (training) 10.5837, current loss (val) 9.5816
Epoch 246, current loss (training) 10.5863, current loss (val) 9.5092
Epoch 247, current loss (training) 10.1749, current loss (val) 9.5634
Epoch 248, current loss (training) 10.7963, current loss (val) 9.5711
Epoch 249, current loss (training) 10.1607, current loss (val) 9.5756
Epoch 250, current loss (training) 9.9507, current loss (val) 9.4481
Epoch 251, current loss (training) 10.0810, current loss (val) 9.4784
Epoch 252, current loss (training) 10.0448, current loss (val) 9.4380
Epoch 253, current loss (training) 10.6830, current loss (val) 9.4595
Epoch 254, current loss (training) 10.1594, current loss (val) 9.3125
Epoch 255, current loss (training) 10.3924, current loss (val) 9.4788
Epoch 256, current loss (training) 10.3956, current loss (val) 9.3019
Epoch 257, current loss (training) 10.2148, current loss (val) 9.4875
Epoch 258, current loss (training) 10.2896, current loss (val) 9.2724
Epoch 259, current loss (training) 10.1089, current loss (val) 9.2713
Epoch 260, current loss (training) 10.5658, current loss (val) 9.2194
Epoch 261, current loss (training) 9.9400, current loss (val) 9.2734
Epoch 262, current loss (training) 10.1905, current loss (val) 9.3072
Epoch 263, current loss (training) 9.7821, current loss (val) 9.1574
Epoch 264, current loss (training) 9.8219, current loss (val) 9.1377
Epoch 265, current loss (training) 10.2093, current loss (val) 9.1778
Epoch 266, current loss (training) 9.9560, current loss (val) 9.1228
Epoch 267, current loss (training) 9.4327, current loss (val) 9.1324
Epoch 268, current loss (training) 10.3429, current loss (val) 9.3435
Epoch 269, current loss (training) 9.8216, current loss (val) 9.2132
Epoch 270, current loss (training) 10.2826, current loss (val) 9.1203
Epoch 271, current loss (training) 9.9366, current loss (val) 9.0262
Epoch 272, current loss (training) 9.3973, current loss (val) 9.1117
Epoch 273, current loss (training) 10.6906, current loss (val) 9.6254
Epoch 274, current loss (training) 10.0247, current loss (val) 9.4295
Epoch 275, current loss (training) 9.8748, current loss (val) 9.0510
Epoch 276, current loss (training) 9.6842, current loss (val) 8.9267
Epoch 277, current loss (training) 10.4134, current loss (val) 9.4777
Epoch 278, current loss (training) 9.8975, current loss (val) 8.9609
Epoch 279, current loss (training) 9.8294, current loss (val) 8.9094
Epoch 280, current loss (training) 9.4618, current loss (val) 8.8051
Epoch 281, current loss (training) 9.6842, current loss (val) 8.9389
Epoch 282, current loss (training) 9.6239, current loss (val) 8.8561
Epoch 283, current loss (training) 9.7257, current loss (val) 8.7756
Epoch 284, current loss (training) 9.6958, current loss (val) 8.7486
Epoch 285, current loss (training) 9.8124, current loss (val) 8.9693
Epoch 286, current loss (training) 8.7444, current loss (val) 8.8811
Epoch 287, current loss (training) 9.3622, current loss (val) 8.7988
Epoch 288, current loss (training) 9.3624, current loss (val) 8.6821
Epoch 289, current loss (training) 8.7280, current loss (val) 8.7339
Epoch 290, current loss (training) 9.3547, current loss (val) 8.7597
Epoch 291, current loss (training) 8.6885, current loss (val) 8.5522
Epoch 292, current loss (training) 9.1211, current loss (val) 8.5213
Epoch 293, current loss (training) 9.7487, current loss (val) 8.6108
Epoch 294, current loss (training) 9.4821, current loss (val) 8.5265
Epoch 295, current loss (training) 8.9399, current loss (val) 8.5468
Epoch 296, current loss (training) 9.3121, current loss (val) 8.6953
Epoch 297, current loss (training) 9.0933, current loss (val) 8.5935
Epoch 298, current loss (training) 9.0976, current loss (val) 8.5883
Epoch 299, current loss (training) 10.0927, current loss (val) 8.4629
Epoch 300, current loss (training) 8.8653, current loss (val) 8.3968
Epoch 301, current loss (training) 9.1208, current loss (val) 8.4219
Epoch 302, current loss (training) 9.0617, current loss (val) 8.6898
Epoch 303, current loss (training) 9.5561, current loss (val) 8.4761
Epoch 304, current loss (training) 8.8090, current loss (val) 8.4298
Epoch 305, current loss (training) 8.6690, current loss (val) 8.3663
Epoch 306, current loss (training) 9.1758, current loss (val) 8.7971
Epoch 307, current loss (training) 9.4311, current loss (val) 8.6268
Epoch 308, current loss (training) 8.9622, current loss (val) 8.2684
Epoch 309, current loss (training) 9.7921, current loss (val) 9.3530
Epoch 310, current loss (training) 9.1085, current loss (val) 8.5189
Epoch 311, current loss (training) 9.5640, current loss (val) 8.3226
Epoch 312, current loss (training) 8.6115, current loss (val) 8.2398
Epoch 313, current loss (training) 8.6653, current loss (val) 8.2833
Epoch 314, current loss (training) 8.5431, current loss (val) 8.3206
Epoch 315, current loss (training) 8.5119, current loss (val) 8.2414
Epoch 316, current loss (training) 9.2945, current loss (val) 8.2983
Epoch 317, current loss (training) 8.5627, current loss (val) 8.2240
Epoch 318, current loss (training) 8.9895, current loss (val) 8.2462
Epoch 319, current loss (training) 9.0974, current loss (val) 8.4816
Epoch 320, current loss (training) 8.8418, current loss (val) 8.3858
Epoch 321, current loss (training) 9.4046, current loss (val) 8.0684
Epoch 322, current loss (training) 9.3478, current loss (val) 8.1880
Epoch 323, current loss (training) 8.8462, current loss (val) 8.1663
Epoch 324, current loss (training) 8.4074, current loss (val) 8.1169
Epoch 325, current loss (training) 9.5002, current loss (val) 8.1197
Epoch 326, current loss (training) 8.4241, current loss (val) 8.0130
Epoch 327, current loss (training) 8.2173, current loss (val) 8.0252
Epoch 328, current loss (training) 8.4374, current loss (val) 8.0150
Epoch 329, current loss (training) 8.4203, current loss (val) 7.9778
Epoch 330, current loss (training) 8.3001, current loss (val) 7.9533
Epoch 331, current loss (training) 8.2826, current loss (val) 7.8675
Epoch 332, current loss (training) 8.7435, current loss (val) 8.2758
Epoch 333, current loss (training) 8.2324, current loss (val) 8.0123
Epoch 334, current loss (training) 8.3555, current loss (val) 8.0521
Epoch 335, current loss (training) 8.8135, current loss (val) 8.0660
Epoch 336, current loss (training) 8.8259, current loss (val) 7.8638
Epoch 337, current loss (training) 9.0243, current loss (val) 8.2916
Epoch 338, current loss (training) 8.2980, current loss (val) 8.0010
Epoch 339, current loss (training) 8.1025, current loss (val) 7.7868
Epoch 340, current loss (training) 8.5871, current loss (val) 7.9211
Epoch 341, current loss (training) 8.7026, current loss (val) 8.3055
Epoch 342, current loss (training) 8.7083, current loss (val) 8.0914
Epoch 343, current loss (training) 8.6667, current loss (val) 8.0983
Epoch 344, current loss (training) 9.4899, current loss (val) 7.9513
Epoch 345, current loss (training) 8.4254, current loss (val) 7.8231
Epoch 346, current loss (training) 8.6303, current loss (val) 8.1070
Epoch 347, current loss (training) 7.9623, current loss (val) 7.8949
Epoch 348, current loss (training) 8.3646, current loss (val) 7.7117
Epoch 349, current loss (training) 8.2351, current loss (val) 7.8132
Epoch 350, current loss (training) 8.0340, current loss (val) 7.6908
Epoch 351, current loss (training) 8.0389, current loss (val) 7.8049
Epoch 352, current loss (training) 8.7331, current loss (val) 7.7270
Epoch 353, current loss (training) 7.9955, current loss (val) 7.6493
Epoch 354, current loss (training) 8.5130, current loss (val) 7.8307
Epoch 355, current loss (training) 7.9808, current loss (val) 7.7470
Epoch 356, current loss (training) 8.8501, current loss (val) 7.6732
Epoch 357, current loss (training) 7.8385, current loss (val) 7.6859
Epoch 358, current loss (training) 8.2915, current loss (val) 7.6295
Epoch 359, current loss (training) 8.5763, current loss (val) 8.0428
Epoch 360, current loss (training) 8.1226, current loss (val) 7.9142
Epoch 361, current loss (training) 8.5660, current loss (val) 7.7865
Epoch 362, current loss (training) 8.5894, current loss (val) 7.7072
Epoch 363, current loss (training) 8.9741, current loss (val) 8.0287
Epoch 364, current loss (training) 8.4841, current loss (val) 8.2274
Epoch 365, current loss (training) 8.0369, current loss (val) 7.6526
Epoch 366, current loss (training) 8.5971, current loss (val) 7.9812
Epoch 367, current loss (training) 8.0627, current loss (val) 7.4961
Epoch 368, current loss (training) 8.0779, current loss (val) 7.6473
Epoch 369, current loss (training) 7.8671, current loss (val) 7.5578
Epoch 370, current loss (training) 8.2791, current loss (val) 7.5974
Epoch 371, current loss (training) 8.4475, current loss (val) 7.4949
Epoch 372, current loss (training) 8.2680, current loss (val) 7.4894
Epoch 373, current loss (training) 7.6391, current loss (val) 7.5460
Epoch 374, current loss (training) 8.3948, current loss (val) 7.4073
Epoch 375, current loss (training) 8.2633, current loss (val) 7.7949
Epoch 376, current loss (training) 7.9101, current loss (val) 7.5286
Epoch 377, current loss (training) 8.8168, current loss (val) 7.6097
Epoch 378, current loss (training) 7.8041, current loss (val) 7.3804
Epoch 379, current loss (training) 8.4617, current loss (val) 7.6293
Epoch 380, current loss (training) 8.0905, current loss (val) 7.3914
Epoch 381, current loss (training) 8.7490, current loss (val) 8.3767
Epoch 382, current loss (training) 8.2244, current loss (val) 7.9428
Epoch 383, current loss (training) 8.3591, current loss (val) 8.1619
Epoch 384, current loss (training) 8.2384, current loss (val) 7.5765
Epoch 385, current loss (training) 7.6168, current loss (val) 7.3040
Epoch 386, current loss (training) 8.1119, current loss (val) 7.4523
Epoch 387, current loss (training) 7.7875, current loss (val) 7.3007
Epoch 388, current loss (training) 7.5464, current loss (val) 7.2729
Epoch 389, current loss (training) 7.9150, current loss (val) 7.4516
Epoch 390, current loss (training) 8.5448, current loss (val) 7.6341
Epoch 391, current loss (training) 8.7259, current loss (val) 8.3807
Epoch 392, current loss (training) 9.3169, current loss (val) 9.2832
Epoch 393, current loss (training) 9.1922, current loss (val) 8.6005
Epoch 394, current loss (training) 8.2920, current loss (val) 7.5187
Epoch 395, current loss (training) 8.4304, current loss (val) 7.4640
Epoch 396, current loss (training) 8.6761, current loss (val) 7.4315
Epoch 397, current loss (training) 7.8416, current loss (val) 7.3889
Epoch 398, current loss (training) 7.6817, current loss (val) 7.2212
Epoch 399, current loss (training) 8.3585, current loss (val) 7.4793
Epoch 400, current loss (training) 7.5646, current loss (val) 7.2239
Epoch 401, current loss (training) 7.9639, current loss (val) 7.3238
Epoch 402, current loss (training) 7.8056, current loss (val) 7.4525
Epoch 403, current loss (training) 8.4930, current loss (val) 7.4210
Epoch 404, current loss (training) 7.4024, current loss (val) 7.1302
Epoch 405, current loss (training) 8.0377, current loss (val) 7.1358
Epoch 406, current loss (training) 8.1487, current loss (val) 7.4448
Epoch 407, current loss (training) 7.5964, current loss (val) 7.2080
Epoch 408, current loss (training) 7.3997, current loss (val) 7.0985
Epoch 409, current loss (training) 7.4503, current loss (val) 7.0835
Epoch 410, current loss (training) 7.6300, current loss (val) 7.2731
Epoch 411, current loss (training) 8.1691, current loss (val) 7.4303
Epoch 412, current loss (training) 8.2420, current loss (val) 7.4149
Epoch 413, current loss (training) 8.1500, current loss (val) 7.0646
Epoch 414, current loss (training) 7.7120, current loss (val) 7.3058
Epoch 415, current loss (training) 7.3444, current loss (val) 7.1003
Epoch 416, current loss (training) 7.7030, current loss (val) 7.1017
Epoch 417, current loss (training) 7.4232, current loss (val) 7.0266
Epoch 418, current loss (training) 7.7996, current loss (val) 7.5254
Epoch 419, current loss (training) 8.1480, current loss (val) 7.3213
Epoch 420, current loss (training) 7.8440, current loss (val) 7.1241
Epoch 421, current loss (training) 7.6827, current loss (val) 7.1414
Epoch 422, current loss (training) 7.9023, current loss (val) 7.0951
Epoch 423, current loss (training) 7.6647, current loss (val) 7.0081
Epoch 424, current loss (training) 7.6921, current loss (val) 7.2543
Epoch 425, current loss (training) 7.4462, current loss (val) 6.9464
Epoch 426, current loss (training) 7.8843, current loss (val) 7.0599
Epoch 427, current loss (training) 7.3867, current loss (val) 6.9110
Epoch 428, current loss (training) 7.3984, current loss (val) 7.0358
Epoch 429, current loss (training) 6.9774, current loss (val) 6.8689
Epoch 430, current loss (training) 8.3777, current loss (val) 7.8812
Epoch 431, current loss (training) 8.8495, current loss (val) 8.2448
Epoch 432, current loss (training) 7.7879, current loss (val) 7.0005
Epoch 433, current loss (training) 8.1082, current loss (val) 6.9748
Epoch 434, current loss (training) 7.7079, current loss (val) 7.3785
Epoch 435, current loss (training) 7.6496, current loss (val) 6.9049
Epoch 436, current loss (training) 7.2347, current loss (val) 7.0279
Epoch 437, current loss (training) 7.3961, current loss (val) 6.9464
Epoch 438, current loss (training) 8.3266, current loss (val) 6.8451
Epoch 439, current loss (training) 7.3539, current loss (val) 7.0438
Epoch 440, current loss (training) 7.5407, current loss (val) 6.7888
Epoch 441, current loss (training) 7.1722, current loss (val) 6.8745
Epoch 442, current loss (training) 7.3421, current loss (val) 6.8696
Epoch 443, current loss (training) 7.8687, current loss (val) 6.8351
Epoch 444, current loss (training) 7.8642, current loss (val) 7.0737
Epoch 445, current loss (training) 7.1753, current loss (val) 6.9489
Epoch 446, current loss (training) 7.2741, current loss (val) 6.7727
Epoch 447, current loss (training) 7.1431, current loss (val) 6.8115
Epoch 448, current loss (training) 7.7808, current loss (val) 6.7699
Epoch 449, current loss (training) 6.9579, current loss (val) 6.7872
Epoch 450, current loss (training) 6.9988, current loss (val) 6.7442
Epoch 451, current loss (training) 7.2036, current loss (val) 6.9675
Epoch 452, current loss (training) 6.9504, current loss (val) 6.9676
Epoch 453, current loss (training) 7.3776, current loss (val) 7.0235
Epoch 454, current loss (training) 6.9970, current loss (val) 6.6963
Epoch 455, current loss (training) 7.2180, current loss (val) 6.9392
Epoch 456, current loss (training) 7.5341, current loss (val) 6.9372
Epoch 457, current loss (training) 7.1971, current loss (val) 6.7424
Epoch 458, current loss (training) 7.4624, current loss (val) 6.6465
Epoch 459, current loss (training) 7.0898, current loss (val) 6.6985
Epoch 460, current loss (training) 7.5898, current loss (val) 6.7781
Epoch 461, current loss (training) 7.2355, current loss (val) 6.6564
Epoch 462, current loss (training) 7.2664, current loss (val) 6.6127
Epoch 463, current loss (training) 7.1733, current loss (val) 6.7167
Epoch 464, current loss (training) 7.5689, current loss (val) 6.6100
Epoch 465, current loss (training) 7.8367, current loss (val) 7.9775
Epoch 466, current loss (training) 7.9002, current loss (val) 7.1698
Epoch 467, current loss (training) 7.1066, current loss (val) 6.7735
Epoch 468, current loss (training) 7.5076, current loss (val) 6.9453
Epoch 469, current loss (training) 7.2103, current loss (val) 6.7646
Epoch 470, current loss (training) 7.0174, current loss (val) 6.5279
Epoch 471, current loss (training) 7.1525, current loss (val) 6.9340
Epoch 472, current loss (training) 6.7470, current loss (val) 6.5058
Epoch 473, current loss (training) 6.8796, current loss (val) 6.6028
Epoch 474, current loss (training) 6.3357, current loss (val) 6.5365
Epoch 475, current loss (training) 7.1650, current loss (val) 7.2072
Epoch 476, current loss (training) 7.8549, current loss (val) 7.2349
Epoch 477, current loss (training) 6.8779, current loss (val) 6.5748
Epoch 478, current loss (training) 7.1035, current loss (val) 6.6581
Epoch 479, current loss (training) 7.8284, current loss (val) 7.0224
Epoch 480, current loss (training) 7.1937, current loss (val) 7.0050
Epoch 481, current loss (training) 7.0154, current loss (val) 6.8105
Epoch 482, current loss (training) 7.2629, current loss (val) 6.6716
Epoch 483, current loss (training) 7.3991, current loss (val) 6.7953
Epoch 484, current loss (training) 7.5217, current loss (val) 6.5485
Epoch 485, current loss (training) 7.6172, current loss (val) 6.7227
Epoch 486, current loss (training) 7.2814, current loss (val) 6.6597
Epoch 487, current loss (training) 7.2241, current loss (val) 6.5687
Epoch 488, current loss (training) 7.3583, current loss (val) 6.8449
Epoch 489, current loss (training) 8.5713, current loss (val) 7.7291
Epoch 490, current loss (training) 7.3569, current loss (val) 6.9798
Epoch 491, current loss (training) 7.9997, current loss (val) 7.6287
Epoch 492, current loss (training) 6.8671, current loss (val) 6.8206
Epoch 493, current loss (training) 6.5716, current loss (val) 6.5454
Epoch 494, current loss (training) 6.4745, current loss (val) 6.4682
Epoch 495, current loss (training) 7.3712, current loss (val) 6.9319
Epoch 496, current loss (training) 6.8993, current loss (val) 6.7999
Epoch 497, current loss (training) 7.3992, current loss (val) 6.8754
Epoch 498, current loss (training) 6.9987, current loss (val) 6.5437
Epoch 499, current loss (training) 7.1231, current loss (val) 6.4115
Epoch 500, current loss (training) 7.3394, current loss (val) 6.5231
run_time_first_training_cycle:  6.01 

Epochs 500, batch size, 200
Nbr training obs 1000, nbr parameters 25454, obs/parameters 0.04

(100, 1000)
(100,)
Starting abc-rs
Percentage done:  10.00 %
Percentage done:  20.00 %
Percentage done:  30.00 %
Percentage done:  40.00 %
Percentage done:  50.00 %
Percentage done:  60.00 %
Percentage done:  70.00 %
Percentage done:  80.00 %
Percentage done:  90.00 %
Percentage done:  100.00 %
Ending abc-rs
end script
Round:1
Round:5
Starting abc-rs
Percentage done:  10.00 %
Percentage done:  20.00 %
Percentage done:  30.00 %
Percentage done:  40.00 %
Percentage done:  50.00 %
Percentage done:  60.00 %
Percentage done:  70.00 %
Percentage done:  80.00 %
Percentage done:  90.00 %
Percentage done:  100.00 %
Ending abc-rs
 16.030425 seconds (4.97 M allocations: 507.169 MiB, 1.22% gc time)
Round:9
Starting abc-rs
Percentage done:  10.00 %
Percentage done:  20.00 %
Percentage done:  30.00 %
Percentage done:  40.00 %
Percentage done:  50.00 %
Percentage done:  60.00 %
Percentage done:  70.00 %
Percentage done:  80.00 %
Percentage done:  90.00 %
Percentage done:  100.00 %
Ending abc-rs
 14.758920 seconds (2.80 M allocations: 404.360 MiB, 0.64% gc time)
Round:13
Starting abc-rs
Percentage done:  10.00 %
Percentage done:  20.00 %
Percentage done:  30.00 %
Percentage done:  40.00 %
Percentage done:  50.00 %
Percentage done:  60.00 %
Percentage done:  70.00 %
Percentage done:  80.00 %
Percentage done:  90.00 %
Percentage done:  100.00 %
Ending abc-rs
 14.621170 seconds (2.80 M allocations: 404.360 MiB, 0.26% gc time)
Round:17
Starting abc-rs
Percentage done:  10.00 %
Percentage done:  20.00 %
Percentage done:  30.00 %
Percentage done:  40.00 %
Percentage done:  50.00 %
Percentage done:  60.00 %
Percentage done:  70.00 %
Percentage done:  80.00 %
Percentage done:  90.00 %
Percentage done:  100.00 %
Ending abc-rs
 14.690055 seconds (2.80 M allocations: 404.360 MiB, 0.64% gc time)
Round:21
Starting abc-rs
Percentage done:  10.00 %
Percentage done:  20.00 %
Percentage done:  30.00 %
Percentage done:  40.00 %
Percentage done:  50.00 %
Percentage done:  60.00 %
Percentage done:  70.00 %
Percentage done:  80.00 %
Percentage done:  90.00 %
Percentage done:  100.00 %
Ending abc-rs
 14.705198 seconds (2.80 M allocations: 404.360 MiB, 0.43% gc time)
Round:25
Starting abc-rs
Percentage done:  10.00 %
Percentage done:  20.00 %
Percentage done:  30.00 %
Percentage done:  40.00 %
Percentage done:  50.00 %
Percentage done:  60.00 %
Percentage done:  70.00 %
Percentage done:  80.00 %
Percentage done:  90.00 %
Percentage done:  100.00 %
Ending abc-rs
 14.629587 seconds (2.80 M allocations: 404.360 MiB, 0.27% gc time)
Round:29
Starting abc-rs
Percentage done:  10.00 %
Percentage done:  20.00 %
Percentage done:  30.00 %
Percentage done:  40.00 %
Percentage done:  50.00 %
Percentage done:  60.00 %
Percentage done:  70.00 %
Percentage done:  80.00 %
Percentage done:  90.00 %
Percentage done:  100.00 %
Ending abc-rs
 14.656571 seconds (2.80 M allocations: 404.360 MiB, 0.26% gc time)
Round:33
Starting abc-rs
Percentage done:  10.00 %
Percentage done:  20.00 %
Percentage done:  30.00 %
Percentage done:  40.00 %
Percentage done:  50.00 %
Percentage done:  60.00 %
Percentage done:  70.00 %
Percentage done:  80.00 %
Percentage done:  90.00 %
Percentage done:  100.00 %
Ending abc-rs
 14.637509 seconds (2.80 M allocations: 404.360 MiB, 0.28% gc time)
Round:37
Starting abc-rs
Percentage done:  10.00 %
Percentage done:  20.00 %
Percentage done:  30.00 %
Percentage done:  40.00 %
Percentage done:  50.00 %
Percentage done:  60.00 %
Percentage done:  70.00 %
Percentage done:  80.00 %
Percentage done:  90.00 %
Percentage done:  100.00 %
Ending abc-rs
 14.677309 seconds (2.80 M allocations: 404.360 MiB, 0.60% gc time)
Round:41
Starting abc-rs
Percentage done:  10.00 %
Percentage done:  20.00 %
Percentage done:  30.00 %
Percentage done:  40.00 %
Percentage done:  50.00 %
Percentage done:  60.00 %
Percentage done:  70.00 %
Percentage done:  80.00 %
Percentage done:  90.00 %
Percentage done:  100.00 %
Ending abc-rs
 14.706659 seconds (2.80 M allocations: 404.360 MiB, 0.28% gc time)
Round:45
Starting abc-rs
Percentage done:  10.00 %
Percentage done:  20.00 %
Percentage done:  30.00 %
Percentage done:  40.00 %
Percentage done:  50.00 %
Percentage done:  60.00 %
Percentage done:  70.00 %
Percentage done:  80.00 %
Percentage done:  90.00 %
Percentage done:  100.00 %
Ending abc-rs
 14.620182 seconds (2.80 M allocations: 404.360 MiB, 0.26% gc time)
Round:49
Starting abc-rs
Percentage done:  10.00 %
Percentage done:  20.00 %
Percentage done:  30.00 %
Percentage done:  40.00 %
Percentage done:  50.00 %
Percentage done:  60.00 %
Percentage done:  70.00 %
Percentage done:  80.00 %
Percentage done:  90.00 %
Percentage done:  100.00 %
Ending abc-rs
 14.630255 seconds (2.80 M allocations: 404.360 MiB, 0.28% gc time)
Round:53
Starting abc-rs
Percentage done:  10.00 %
Percentage done:  20.00 %
Percentage done:  30.00 %
Percentage done:  40.00 %
Percentage done:  50.00 %
Percentage done:  60.00 %
Percentage done:  70.00 %
Percentage done:  80.00 %
Percentage done:  90.00 %
Percentage done:  100.00 %
Ending abc-rs
 14.519335 seconds (2.80 M allocations: 404.360 MiB, 0.26% gc time)
Round:57
Starting abc-rs
Percentage done:  10.00 %
Percentage done:  20.00 %
Percentage done:  30.00 %
Percentage done:  40.00 %
Percentage done:  50.00 %
Percentage done:  60.00 %
Percentage done:  70.00 %
Percentage done:  80.00 %
Percentage done:  90.00 %
Percentage done:  100.00 %
Ending abc-rs
 14.230259 seconds (2.80 M allocations: 404.360 MiB, 0.28% gc time)
Round:61
Starting abc-rs
Percentage done:  10.00 %
Percentage done:  20.00 %
Percentage done:  30.00 %
Percentage done:  40.00 %
Percentage done:  50.00 %
Percentage done:  60.00 %
Percentage done:  70.00 %
Percentage done:  80.00 %
Percentage done:  90.00 %
Percentage done:  100.00 %
Ending abc-rs
 14.147561 seconds (2.80 M allocations: 404.360 MiB, 0.46% gc time)
Round:65
Starting abc-rs
Percentage done:  10.00 %
Percentage done:  20.00 %
Percentage done:  30.00 %
Percentage done:  40.00 %
Percentage done:  50.00 %
Percentage done:  60.00 %
Percentage done:  70.00 %
Percentage done:  80.00 %
Percentage done:  90.00 %
Percentage done:  100.00 %
Ending abc-rs
 14.137425 seconds (2.80 M allocations: 404.360 MiB, 0.28% gc time)
Round:69
Starting abc-rs
Percentage done:  10.00 %
Percentage done:  20.00 %
Percentage done:  30.00 %
Percentage done:  40.00 %
Percentage done:  50.00 %
Percentage done:  60.00 %
Percentage done:  70.00 %
Percentage done:  80.00 %
Percentage done:  90.00 %
Percentage done:  100.00 %
Ending abc-rs
 14.152401 seconds (2.80 M allocations: 404.360 MiB, 0.45% gc time)
Round:73
Starting abc-rs
Percentage done:  10.00 %
Percentage done:  20.00 %
Percentage done:  30.00 %
Percentage done:  40.00 %
Percentage done:  50.00 %
Percentage done:  60.00 %
Percentage done:  70.00 %
Percentage done:  80.00 %
Percentage done:  90.00 %
Percentage done:  100.00 %
Ending abc-rs
 14.135028 seconds (2.80 M allocations: 404.360 MiB, 0.28% gc time)
Round:77
Starting abc-rs
Percentage done:  10.00 %
Percentage done:  20.00 %
Percentage done:  30.00 %
Percentage done:  40.00 %
Percentage done:  50.00 %
Percentage done:  60.00 %
Percentage done:  70.00 %
Percentage done:  80.00 %
Percentage done:  90.00 %
Percentage done:  100.00 %
Ending abc-rs
 14.185126 seconds (2.80 M allocations: 404.360 MiB, 0.27% gc time)
Round:81
Starting abc-rs
Percentage done:  10.00 %
Percentage done:  20.00 %
Percentage done:  30.00 %
Percentage done:  40.00 %
Percentage done:  50.00 %
Percentage done:  60.00 %
Percentage done:  70.00 %
Percentage done:  80.00 %
Percentage done:  90.00 %
Percentage done:  100.00 %
Ending abc-rs
 14.127604 seconds (2.80 M allocations: 404.360 MiB, 0.28% gc time)
Round:85
Starting abc-rs
Percentage done:  10.00 %
Percentage done:  20.00 %
Percentage done:  30.00 %
Percentage done:  40.00 %
Percentage done:  50.00 %
Percentage done:  60.00 %
Percentage done:  70.00 %
Percentage done:  80.00 %
Percentage done:  90.00 %
Percentage done:  100.00 %
Ending abc-rs
 14.150169 seconds (2.80 M allocations: 404.360 MiB, 0.26% gc time)
Round:89
Starting abc-rs
Percentage done:  10.00 %
Percentage done:  20.00 %
Percentage done:  30.00 %
Percentage done:  40.00 %
Percentage done:  50.00 %
Percentage done:  60.00 %
Percentage done:  70.00 %
Percentage done:  80.00 %
Percentage done:  90.00 %
Percentage done:  100.00 %
Ending abc-rs
 14.125351 seconds (2.80 M allocations: 404.360 MiB, 0.28% gc time)
Round:93
Starting abc-rs
Percentage done:  10.00 %
Percentage done:  20.00 %
Percentage done:  30.00 %
Percentage done:  40.00 %
Percentage done:  50.00 %
Percentage done:  60.00 %
Percentage done:  70.00 %
Percentage done:  80.00 %
Percentage done:  90.00 %
Percentage done:  100.00 %
Ending abc-rs
 14.120554 seconds (2.80 M allocations: 404.360 MiB, 0.26% gc time)
Round:97
Starting abc-rs
Percentage done:  10.00 %
Percentage done:  20.00 %
Percentage done:  30.00 %
Percentage done:  40.00 %
Percentage done:  50.00 %
Percentage done:  60.00 %
Percentage done:  70.00 %
Percentage done:  80.00 %
Percentage done:  90.00 %
Percentage done:  100.00 %
Ending abc-rs
 14.139835 seconds (2.80 M allocations: 404.360 MiB, 0.28% gc time)
Round:101
Starting abc-rs
Percentage done:  10.00 %
Percentage done:  20.00 %
Percentage done:  30.00 %
Percentage done:  40.00 %
Percentage done:  50.00 %
Percentage done:  60.00 %
Percentage done:  70.00 %
Percentage done:  80.00 %
Percentage done:  90.00 %
Percentage done:  100.00 %
Ending abc-rs
 14.110297 seconds (2.80 M allocations: 404.360 MiB, 0.26% gc time)
Round:105
Starting abc-rs
Percentage done:  10.00 %
Percentage done:  20.00 %
Percentage done:  30.00 %
Percentage done:  40.00 %
Percentage done:  50.00 %
Percentage done:  60.00 %
Percentage done:  70.00 %
Percentage done:  80.00 %
Percentage done:  90.00 %
Percentage done:  100.00 %
Ending abc-rs
 14.136240 seconds (2.80 M allocations: 404.360 MiB, 0.28% gc time)
Round:109
Starting abc-rs
Percentage done:  10.00 %
Percentage done:  20.00 %
Percentage done:  30.00 %
Percentage done:  40.00 %
Percentage done:  50.00 %
Percentage done:  60.00 %
Percentage done:  70.00 %
Percentage done:  80.00 %
Percentage done:  90.00 %
Percentage done:  100.00 %
Ending abc-rs
 14.122133 seconds (2.80 M allocations: 404.360 MiB, 0.26% gc time)
Round:113
Starting abc-rs
Percentage done:  10.00 %
Percentage done:  20.00 %
Percentage done:  30.00 %
Percentage done:  40.00 %
Percentage done:  50.00 %
Percentage done:  60.00 %
Percentage done:  70.00 %
Percentage done:  80.00 %
Percentage done:  90.00 %
Percentage done:  100.00 %
Ending abc-rs
 14.135870 seconds (2.80 M allocations: 404.360 MiB, 0.28% gc time)
Round:117
Starting abc-rs
Percentage done:  10.00 %
Percentage done:  20.00 %
Percentage done:  30.00 %
Percentage done:  40.00 %
Percentage done:  50.00 %
Percentage done:  60.00 %
Percentage done:  70.00 %
Percentage done:  80.00 %
Percentage done:  90.00 %
Percentage done:  100.00 %
Ending abc-rs
 14.161384 seconds (2.80 M allocations: 404.360 MiB, 0.47% gc time)
Round:121
Starting abc-rs
Percentage done:  10.00 %
Percentage done:  20.00 %
Percentage done:  30.00 %
Percentage done:  40.00 %
Percentage done:  50.00 %
Percentage done:  60.00 %
Percentage done:  70.00 %
Percentage done:  80.00 %
Percentage done:  90.00 %
Percentage done:  100.00 %
Ending abc-rs
 14.172347 seconds (2.80 M allocations: 404.360 MiB, 0.45% gc time)
Round:125
Starting abc-rs
Percentage done:  10.00 %
Percentage done:  20.00 %
Percentage done:  30.00 %
Percentage done:  40.00 %
Percentage done:  50.00 %
Percentage done:  60.00 %
Percentage done:  70.00 %
Percentage done:  80.00 %
Percentage done:  90.00 %
Percentage done:  100.00 %
Ending abc-rs
 14.139207 seconds (2.80 M allocations: 404.360 MiB, 0.26% gc time)
Round:129
Starting abc-rs
Percentage done:  10.00 %
Percentage done:  20.00 %
Percentage done:  30.00 %
Percentage done:  40.00 %
Percentage done:  50.00 %
Percentage done:  60.00 %
Percentage done:  70.00 %
Percentage done:  80.00 %
Percentage done:  90.00 %
Percentage done:  100.00 %
Ending abc-rs
 14.115223 seconds (2.80 M allocations: 404.360 MiB, 0.28% gc time)
Round:133
Starting abc-rs
Percentage done:  10.00 %
Percentage done:  20.00 %
Percentage done:  30.00 %
Percentage done:  40.00 %
Percentage done:  50.00 %
Percentage done:  60.00 %
Percentage done:  70.00 %
Percentage done:  80.00 %
Percentage done:  90.00 %
Percentage done:  100.00 %
Ending abc-rs
 14.092530 seconds (2.80 M allocations: 404.360 MiB, 0.26% gc time)
Round:137
Starting abc-rs
Percentage done:  10.00 %
Percentage done:  20.00 %
Percentage done:  30.00 %
Percentage done:  40.00 %
Percentage done:  50.00 %
Percentage done:  60.00 %
Percentage done:  70.00 %
Percentage done:  80.00 %
Percentage done:  90.00 %
Percentage done:  100.00 %
Ending abc-rs
 14.170281 seconds (2.80 M allocations: 404.360 MiB, 0.45% gc time)
Round:141
Starting abc-rs
Percentage done:  10.00 %
Percentage done:  20.00 %
Percentage done:  30.00 %
Percentage done:  40.00 %
Percentage done:  50.00 %
Percentage done:  60.00 %
Percentage done:  70.00 %
Percentage done:  80.00 %
Percentage done:  90.00 %
Percentage done:  100.00 %
Ending abc-rs
 14.151041 seconds (2.80 M allocations: 404.360 MiB, 0.47% gc time)
Round:145
Starting abc-rs
Percentage done:  10.00 %
Percentage done:  20.00 %
Percentage done:  30.00 %
Percentage done:  40.00 %
Percentage done:  50.00 %
Percentage done:  60.00 %
Percentage done:  70.00 %
Percentage done:  80.00 %
Percentage done:  90.00 %
Percentage done:  100.00 %
Ending abc-rs
 14.111426 seconds (2.80 M allocations: 404.360 MiB, 0.26% gc time)
Round:149
Starting abc-rs
Percentage done:  10.00 %
Percentage done:  20.00 %
Percentage done:  30.00 %
Percentage done:  40.00 %
Percentage done:  50.00 %
Percentage done:  60.00 %
Percentage done:  70.00 %
Percentage done:  80.00 %
Percentage done:  90.00 %
Percentage done:  100.00 %
Ending abc-rs
 14.118692 seconds (2.80 M allocations: 404.360 MiB, 0.28% gc time)
Round:153
Starting abc-rs
Percentage done:  10.00 %
Percentage done:  20.00 %
Percentage done:  30.00 %
Percentage done:  40.00 %
Percentage done:  50.00 %
Percentage done:  60.00 %
Percentage done:  70.00 %
Percentage done:  80.00 %
Percentage done:  90.00 %
Percentage done:  100.00 %
Ending abc-rs
 14.098503 seconds (2.80 M allocations: 404.360 MiB, 0.26% gc time)
Round:157
Starting abc-rs
Percentage done:  10.00 %
Percentage done:  20.00 %
Percentage done:  30.00 %
Percentage done:  40.00 %
Percentage done:  50.00 %
Percentage done:  60.00 %
Percentage done:  70.00 %
Percentage done:  80.00 %
Percentage done:  90.00 %
Percentage done:  100.00 %
Ending abc-rs
 14.123881 seconds (2.80 M allocations: 404.360 MiB, 0.28% gc time)
Round:161
Starting abc-rs
Percentage done:  10.00 %
Percentage done:  20.00 %
Percentage done:  30.00 %
Percentage done:  40.00 %
Percentage done:  50.00 %
Percentage done:  60.00 %
Percentage done:  70.00 %
Percentage done:  80.00 %
Percentage done:  90.00 %
Percentage done:  100.00 %
Ending abc-rs
 14.092092 seconds (2.80 M allocations: 404.360 MiB, 0.26% gc time)
Round:165
Starting abc-rs
Percentage done:  10.00 %
Percentage done:  20.00 %
Percentage done:  30.00 %
Percentage done:  40.00 %
Percentage done:  50.00 %
Percentage done:  60.00 %
Percentage done:  70.00 %
Percentage done:  80.00 %
Percentage done:  90.00 %
Percentage done:  100.00 %
Ending abc-rs
 14.124305 seconds (2.80 M allocations: 404.360 MiB, 0.28% gc time)
Round:169
Starting abc-rs
Percentage done:  10.00 %
Percentage done:  20.00 %
Percentage done:  30.00 %
Percentage done:  40.00 %
Percentage done:  50.00 %
Percentage done:  60.00 %
Percentage done:  70.00 %
Percentage done:  80.00 %
Percentage done:  90.00 %
Percentage done:  100.00 %
Ending abc-rs
 14.100387 seconds (2.80 M allocations: 404.360 MiB, 0.26% gc time)
Round:173
Starting abc-rs
Percentage done:  10.00 %
Percentage done:  20.00 %
Percentage done:  30.00 %
Percentage done:  40.00 %
Percentage done:  50.00 %
Percentage done:  60.00 %
Percentage done:  70.00 %
Percentage done:  80.00 %
Percentage done:  90.00 %
Percentage done:  100.00 %
Ending abc-rs
 14.105731 seconds (2.80 M allocations: 404.360 MiB, 0.28% gc time)
Round:177
Starting abc-rs
Percentage done:  10.00 %
Percentage done:  20.00 %
Percentage done:  30.00 %
Percentage done:  40.00 %
Percentage done:  50.00 %
Percentage done:  60.00 %
Percentage done:  70.00 %
Percentage done:  80.00 %
Percentage done:  90.00 %
Percentage done:  100.00 %
Ending abc-rs
 14.100437 seconds (2.80 M allocations: 404.360 MiB, 0.26% gc time)
Round:181
Starting abc-rs
Percentage done:  10.00 %
Percentage done:  20.00 %
Percentage done:  30.00 %
Percentage done:  40.00 %
Percentage done:  50.00 %
Percentage done:  60.00 %
Percentage done:  70.00 %
Percentage done:  80.00 %
Percentage done:  90.00 %
Percentage done:  100.00 %
Ending abc-rs
 14.109107 seconds (2.80 M allocations: 404.360 MiB, 0.28% gc time)
Round:185
Starting abc-rs
Percentage done:  10.00 %
Percentage done:  20.00 %
Percentage done:  30.00 %
Percentage done:  40.00 %
Percentage done:  50.00 %
Percentage done:  60.00 %
Percentage done:  70.00 %
Percentage done:  80.00 %
Percentage done:  90.00 %
Percentage done:  100.00 %
Ending abc-rs
 14.109329 seconds (2.80 M allocations: 404.360 MiB, 0.26% gc time)
Round:189
Starting abc-rs
Percentage done:  10.00 %
Percentage done:  20.00 %
Percentage done:  30.00 %
Percentage done:  40.00 %
Percentage done:  50.00 %
Percentage done:  60.00 %
Percentage done:  70.00 %
Percentage done:  80.00 %
Percentage done:  90.00 %
Percentage done:  100.00 %
Ending abc-rs
 14.159147 seconds (2.80 M allocations: 404.360 MiB, 0.49% gc time)
Round:193
Starting abc-rs
Percentage done:  10.00 %
Percentage done:  20.00 %
Percentage done:  30.00 %
Percentage done:  40.00 %
Percentage done:  50.00 %
Percentage done:  60.00 %
Percentage done:  70.00 %
Percentage done:  80.00 %
Percentage done:  90.00 %
Percentage done:  100.00 %
Ending abc-rs
 14.100406 seconds (2.80 M allocations: 404.360 MiB, 0.26% gc time)
Round:197
Starting abc-rs
Percentage done:  10.00 %
Percentage done:  20.00 %
Percentage done:  30.00 %
Percentage done:  40.00 %
Percentage done:  50.00 %
Percentage done:  60.00 %
Percentage done:  70.00 %
Percentage done:  80.00 %
Percentage done:  90.00 %
Percentage done:  100.00 %
Ending abc-rs
 14.137113 seconds (2.80 M allocations: 404.360 MiB, 0.28% gc time)
Round:201
Starting abc-rs
Percentage done:  10.00 %
Percentage done:  20.00 %
Percentage done:  30.00 %
Percentage done:  40.00 %
Percentage done:  50.00 %
Percentage done:  60.00 %
Percentage done:  70.00 %
Percentage done:  80.00 %
Percentage done:  90.00 %
Percentage done:  100.00 %
Ending abc-rs
 14.132101 seconds (2.80 M allocations: 404.360 MiB, 0.26% gc time)
Round:205
Starting abc-rs
Percentage done:  10.00 %
Percentage done:  20.00 %
Percentage done:  30.00 %
Percentage done:  40.00 %
Percentage done:  50.00 %
Percentage done:  60.00 %
Percentage done:  70.00 %
Percentage done:  80.00 %
Percentage done:  90.00 %
Percentage done:  100.00 %
Ending abc-rs
 14.632263 seconds (2.80 M allocations: 404.360 MiB, 2.50% gc time)
Round:209
Starting abc-rs
Percentage done:  10.00 %
Percentage done:  20.00 %
Percentage done:  30.00 %
Percentage done:  40.00 %
Percentage done:  50.00 %
Percentage done:  60.00 %
Percentage done:  70.00 %
Percentage done:  80.00 %
Percentage done:  90.00 %
Percentage done:  100.00 %
Ending abc-rs
 14.027841 seconds (2.80 M allocations: 404.360 MiB, 0.24% gc time)
Round:213
Starting abc-rs
Percentage done:  10.00 %
Percentage done:  20.00 %
Percentage done:  30.00 %
Percentage done:  40.00 %
Percentage done:  50.00 %
Percentage done:  60.00 %
Percentage done:  70.00 %
Percentage done:  80.00 %
Percentage done:  90.00 %
Percentage done:  100.00 %
Ending abc-rs
 14.044521 seconds (2.80 M allocations: 404.360 MiB, 0.25% gc time)
Round:217
Starting abc-rs
Percentage done:  10.00 %
Percentage done:  20.00 %
Percentage done:  30.00 %
Percentage done:  40.00 %
Percentage done:  50.00 %
Percentage done:  60.00 %
Percentage done:  70.00 %
Percentage done:  80.00 %
Percentage done:  90.00 %
Percentage done:  100.00 %
Ending abc-rs
 14.023363 seconds (2.80 M allocations: 404.360 MiB, 0.24% gc time)
Round:221
Starting abc-rs
Percentage done:  10.00 %
Percentage done:  20.00 %
Percentage done:  30.00 %
Percentage done:  40.00 %
Percentage done:  50.00 %
Percentage done:  60.00 %
Percentage done:  70.00 %
Percentage done:  80.00 %
Percentage done:  90.00 %
Percentage done:  100.00 %
Ending abc-rs
 14.030554 seconds (2.80 M allocations: 404.360 MiB, 0.25% gc time)
Round:225
Starting abc-rs
Percentage done:  10.00 %
Percentage done:  20.00 %
Percentage done:  30.00 %
Percentage done:  40.00 %
Percentage done:  50.00 %
Percentage done:  60.00 %
Percentage done:  70.00 %
Percentage done:  80.00 %
Percentage done:  90.00 %
Percentage done:  100.00 %
Ending abc-rs
 14.056511 seconds (2.80 M allocations: 404.360 MiB, 0.24% gc time)
Round:229
Starting abc-rs
Percentage done:  10.00 %
Percentage done:  20.00 %
Percentage done:  30.00 %
Percentage done:  40.00 %
Percentage done:  50.00 %
Percentage done:  60.00 %
Percentage done:  70.00 %
Percentage done:  80.00 %
Percentage done:  90.00 %
Percentage done:  100.00 %
Ending abc-rs
 14.108011 seconds (2.80 M allocations: 404.360 MiB, 0.26% gc time)
Round:233
Starting abc-rs
Percentage done:  10.00 %
Percentage done:  20.00 %
Percentage done:  30.00 %
Percentage done:  40.00 %
Percentage done:  50.00 %
Percentage done:  60.00 %
Percentage done:  70.00 %
Percentage done:  80.00 %
Percentage done:  90.00 %
Percentage done:  100.00 %
Ending abc-rs
 14.018450 seconds (2.80 M allocations: 404.360 MiB, 0.24% gc time)
Round:237
Starting abc-rs
Percentage done:  10.00 %
Percentage done:  20.00 %
Percentage done:  30.00 %
Percentage done:  40.00 %
Percentage done:  50.00 %
Percentage done:  60.00 %
Percentage done:  70.00 %
Percentage done:  80.00 %
Percentage done:  90.00 %
Percentage done:  100.00 %
Ending abc-rs
 14.510233 seconds (2.80 M allocations: 404.360 MiB, 0.25% gc time)
Round:241
Starting abc-rs
Percentage done:  10.00 %
Percentage done:  20.00 %
Percentage done:  30.00 %
Percentage done:  40.00 %
Percentage done:  50.00 %
Percentage done:  60.00 %
Percentage done:  70.00 %
Percentage done:  80.00 %
Percentage done:  90.00 %
Percentage done:  100.00 %
Ending abc-rs
 14.568732 seconds (2.80 M allocations: 404.360 MiB, 0.23% gc time)
Round:245
Starting abc-rs
Percentage done:  10.00 %
Percentage done:  20.00 %
Percentage done:  30.00 %
Percentage done:  40.00 %
Percentage done:  50.00 %
Percentage done:  60.00 %
Percentage done:  70.00 %
Percentage done:  80.00 %
Percentage done:  90.00 %
Percentage done:  100.00 %
Ending abc-rs
 14.566291 seconds (2.80 M allocations: 404.360 MiB, 0.25% gc time)
Round:249
Starting abc-rs
Percentage done:  10.00 %
Percentage done:  20.00 %
Percentage done:  30.00 %
Percentage done:  40.00 %
Percentage done:  50.00 %
Percentage done:  60.00 %
Percentage done:  70.00 %
Percentage done:  80.00 %
Percentage done:  90.00 %
Percentage done:  100.00 %
Ending abc-rs
 14.557740 seconds (2.80 M allocations: 404.360 MiB, 0.23% gc time)
Round:253
Starting abc-rs
Percentage done:  10.00 %
Percentage done:  20.00 %
Percentage done:  30.00 %
Percentage done:  40.00 %
Percentage done:  50.00 %
Percentage done:  60.00 %
Percentage done:  70.00 %
Percentage done:  80.00 %
Percentage done:  90.00 %
Percentage done:  100.00 %
Ending abc-rs
 14.650576 seconds (2.80 M allocations: 404.360 MiB, 0.25% gc time)
Round:257
Starting abc-rs
Percentage done:  10.00 %
Percentage done:  20.00 %
Percentage done:  30.00 %
Percentage done:  40.00 %
Percentage done:  50.00 %
Percentage done:  60.00 %
Percentage done:  70.00 %
Percentage done:  80.00 %
Percentage done:  90.00 %
Percentage done:  100.00 %
Ending abc-rs
 14.564023 seconds (2.80 M allocations: 404.360 MiB, 0.23% gc time)
Round:261
Starting abc-rs
Percentage done:  10.00 %
Percentage done:  20.00 %
Percentage done:  30.00 %
Percentage done:  40.00 %
Percentage done:  50.00 %
Percentage done:  60.00 %
Percentage done:  70.00 %
Percentage done:  80.00 %
Percentage done:  90.00 %
Percentage done:  100.00 %
Ending abc-rs
 14.591530 seconds (2.80 M allocations: 404.360 MiB, 0.25% gc time)
Round:265
Starting abc-rs
Percentage done:  10.00 %
Percentage done:  20.00 %
Percentage done:  30.00 %
Percentage done:  40.00 %
Percentage done:  50.00 %
Percentage done:  60.00 %
Percentage done:  70.00 %
Percentage done:  80.00 %
Percentage done:  90.00 %
Percentage done:  100.00 %
Ending abc-rs
 14.555108 seconds (2.80 M allocations: 404.360 MiB, 0.23% gc time)
Round:269
Starting abc-rs
Percentage done:  10.00 %
Percentage done:  20.00 %
Percentage done:  30.00 %
Percentage done:  40.00 %
Percentage done:  50.00 %
Percentage done:  60.00 %
Percentage done:  70.00 %
Percentage done:  80.00 %
Percentage done:  90.00 %
Percentage done:  100.00 %
Ending abc-rs
 14.563983 seconds (2.80 M allocations: 404.360 MiB, 0.23% gc time)
Round:273
Starting abc-rs
Percentage done:  10.00 %
Percentage done:  20.00 %
Percentage done:  30.00 %
Percentage done:  40.00 %
Percentage done:  50.00 %
Percentage done:  60.00 %
Percentage done:  70.00 %
Percentage done:  80.00 %
Percentage done:  90.00 %
Percentage done:  100.00 %
Ending abc-rs
 14.602968 seconds (2.80 M allocations: 404.360 MiB, 0.43% gc time)
Round:277
Starting abc-rs
Percentage done:  10.00 %
Percentage done:  20.00 %
Percentage done:  30.00 %
Percentage done:  40.00 %
Percentage done:  50.00 %
Percentage done:  60.00 %
Percentage done:  70.00 %
Percentage done:  80.00 %
Percentage done:  90.00 %
Percentage done:  100.00 %
Ending abc-rs
 14.561614 seconds (2.80 M allocations: 404.360 MiB, 0.23% gc time)
Round:281
Starting abc-rs
Percentage done:  10.00 %
Percentage done:  20.00 %
Percentage done:  30.00 %
Percentage done:  40.00 %
Percentage done:  50.00 %
Percentage done:  60.00 %
Percentage done:  70.00 %
Percentage done:  80.00 %
Percentage done:  90.00 %
Percentage done:  100.00 %
Ending abc-rs
 14.575110 seconds (2.80 M allocations: 404.360 MiB, 0.25% gc time)
Round:285
Starting abc-rs
Percentage done:  10.00 %
Percentage done:  20.00 %
Percentage done:  30.00 %
Percentage done:  40.00 %
Percentage done:  50.00 %
Percentage done:  60.00 %
Percentage done:  70.00 %
Percentage done:  80.00 %
Percentage done:  90.00 %
Percentage done:  100.00 %
Ending abc-rs
 14.558577 seconds (2.80 M allocations: 404.360 MiB, 0.23% gc time)
Round:289
Starting abc-rs
Percentage done:  10.00 %
Percentage done:  20.00 %
Percentage done:  30.00 %
Percentage done:  40.00 %
Percentage done:  50.00 %
Percentage done:  60.00 %
Percentage done:  70.00 %
Percentage done:  80.00 %
Percentage done:  90.00 %
Percentage done:  100.00 %
Ending abc-rs
 14.582354 seconds (2.80 M allocations: 404.360 MiB, 0.25% gc time)
Round:293
Starting abc-rs
Percentage done:  10.00 %
Percentage done:  20.00 %
Percentage done:  30.00 %
Percentage done:  40.00 %
Percentage done:  50.00 %
Percentage done:  60.00 %
Percentage done:  70.00 %
Percentage done:  80.00 %
Percentage done:  90.00 %
Percentage done:  100.00 %
Ending abc-rs
 14.570931 seconds (2.80 M allocations: 404.360 MiB, 0.23% gc time)
Round:297
Starting abc-rs
Percentage done:  10.00 %
Percentage done:  20.00 %
Percentage done:  30.00 %
Percentage done:  40.00 %
Percentage done:  50.00 %
Percentage done:  60.00 %
Percentage done:  70.00 %
Percentage done:  80.00 %
Percentage done:  90.00 %
Percentage done:  100.00 %
Ending abc-rs
 14.581652 seconds (2.80 M allocations: 404.360 MiB, 0.25% gc time)
Round:301
Starting abc-rs
Percentage done:  10.00 %
Percentage done:  20.00 %
Percentage done:  30.00 %
Percentage done:  40.00 %
Percentage done:  50.00 %
Percentage done:  60.00 %
Percentage done:  70.00 %
Percentage done:  80.00 %
Percentage done:  90.00 %
Percentage done:  100.00 %
Ending abc-rs
 14.563446 seconds (2.80 M allocations: 404.360 MiB, 0.23% gc time)
Round:305
Starting abc-rs
Percentage done:  10.00 %
Percentage done:  20.00 %
Percentage done:  30.00 %
Percentage done:  40.00 %
Percentage done:  50.00 %
Percentage done:  60.00 %
Percentage done:  70.00 %
Percentage done:  80.00 %
Percentage done:  90.00 %
Percentage done:  100.00 %
Ending abc-rs
 14.575374 seconds (2.80 M allocations: 404.360 MiB, 0.25% gc time)
Round:309
Starting abc-rs
Percentage done:  10.00 %
Percentage done:  20.00 %
Percentage done:  30.00 %
Percentage done:  40.00 %
Percentage done:  50.00 %
Percentage done:  60.00 %
Percentage done:  70.00 %
Percentage done:  80.00 %
Percentage done:  90.00 %
Percentage done:  100.00 %
Ending abc-rs
 14.561755 seconds (2.80 M allocations: 404.360 MiB, 0.23% gc time)
Round:313
Starting abc-rs
Percentage done:  10.00 %
Percentage done:  20.00 %
Percentage done:  30.00 %
Percentage done:  40.00 %
Percentage done:  50.00 %
Percentage done:  60.00 %
Percentage done:  70.00 %
Percentage done:  80.00 %
Percentage done:  90.00 %
Percentage done:  100.00 %
Ending abc-rs
 14.579683 seconds (2.80 M allocations: 404.360 MiB, 0.25% gc time)
Round:317
Starting abc-rs
Percentage done:  10.00 %
Percentage done:  20.00 %
Percentage done:  30.00 %
Percentage done:  40.00 %
Percentage done:  50.00 %
Percentage done:  60.00 %
Percentage done:  70.00 %
Percentage done:  80.00 %
Percentage done:  90.00 %
Percentage done:  100.00 %
Ending abc-rs
 14.561288 seconds (2.80 M allocations: 404.360 MiB, 0.23% gc time)
Round:321
Starting abc-rs
Percentage done:  10.00 %
Percentage done:  20.00 %
Percentage done:  30.00 %
Percentage done:  40.00 %
Percentage done:  50.00 %
Percentage done:  60.00 %
Percentage done:  70.00 %
Percentage done:  80.00 %
Percentage done:  90.00 %
Percentage done:  100.00 %
Ending abc-rs
 14.603617 seconds (2.80 M allocations: 404.360 MiB, 0.25% gc time)
Round:325
Starting abc-rs
Percentage done:  10.00 %
Percentage done:  20.00 %
Percentage done:  30.00 %
Percentage done:  40.00 %
Percentage done:  50.00 %
Percentage done:  60.00 %
Percentage done:  70.00 %
Percentage done:  80.00 %
Percentage done:  90.00 %
Percentage done:  100.00 %
Ending abc-rs
 14.597344 seconds (2.80 M allocations: 404.360 MiB, 0.44% gc time)
Round:329
Starting abc-rs
Percentage done:  10.00 %
Percentage done:  20.00 %
Percentage done:  30.00 %
Percentage done:  40.00 %
Percentage done:  50.00 %
Percentage done:  60.00 %
Percentage done:  70.00 %
Percentage done:  80.00 %
Percentage done:  90.00 %
Percentage done:  100.00 %
Ending abc-rs
 14.575488 seconds (2.80 M allocations: 404.360 MiB, 0.25% gc time)
Round:333
Starting abc-rs
Percentage done:  10.00 %
Percentage done:  20.00 %
Percentage done:  30.00 %
Percentage done:  40.00 %
Percentage done:  50.00 %
Percentage done:  60.00 %
Percentage done:  70.00 %
Percentage done:  80.00 %
Percentage done:  90.00 %
Percentage done:  100.00 %
Ending abc-rs
 14.569902 seconds (2.80 M allocations: 404.360 MiB, 0.23% gc time)
Round:337
Starting abc-rs
Percentage done:  10.00 %
Percentage done:  20.00 %
Percentage done:  30.00 %
Percentage done:  40.00 %
Percentage done:  50.00 %
Percentage done:  60.00 %
Percentage done:  70.00 %
Percentage done:  80.00 %
Percentage done:  90.00 %
Percentage done:  100.00 %
Ending abc-rs
 14.584239 seconds (2.80 M allocations: 404.360 MiB, 0.25% gc time)
Round:341
Starting abc-rs
Percentage done:  10.00 %
Percentage done:  20.00 %
Percentage done:  30.00 %
Percentage done:  40.00 %
Percentage done:  50.00 %
Percentage done:  60.00 %
Percentage done:  70.00 %
Percentage done:  80.00 %
Percentage done:  90.00 %
Percentage done:  100.00 %
Ending abc-rs
 14.622477 seconds (2.80 M allocations: 404.360 MiB, 0.41% gc time)
Round:345
Starting abc-rs
Percentage done:  10.00 %
Percentage done:  20.00 %
Percentage done:  30.00 %
Percentage done:  40.00 %
Percentage done:  50.00 %
Percentage done:  60.00 %
Percentage done:  70.00 %
Percentage done:  80.00 %
Percentage done:  90.00 %
Percentage done:  100.00 %
Ending abc-rs
 14.607790 seconds (2.80 M allocations: 404.360 MiB, 0.25% gc time)
Round:349
Starting abc-rs
Percentage done:  10.00 %
Percentage done:  20.00 %
Percentage done:  30.00 %
Percentage done:  40.00 %
Percentage done:  50.00 %
Percentage done:  60.00 %
Percentage done:  70.00 %
Percentage done:  80.00 %
Percentage done:  90.00 %
Percentage done:  100.00 %
Ending abc-rs
 14.562096 seconds (2.80 M allocations: 404.360 MiB, 0.23% gc time)
Round:353
Starting abc-rs
Percentage done:  10.00 %
Percentage done:  20.00 %
Percentage done:  30.00 %
Percentage done:  40.00 %
Percentage done:  50.00 %
Percentage done:  60.00 %
Percentage done:  70.00 %
Percentage done:  80.00 %
Percentage done:  90.00 %
Percentage done:  100.00 %
Ending abc-rs
 14.575528 seconds (2.80 M allocations: 404.360 MiB, 0.25% gc time)
Round:357
Starting abc-rs
Percentage done:  10.00 %
Percentage done:  20.00 %
Percentage done:  30.00 %
Percentage done:  40.00 %
Percentage done:  50.00 %
Percentage done:  60.00 %
Percentage done:  70.00 %
Percentage done:  80.00 %
Percentage done:  90.00 %
Percentage done:  100.00 %
Ending abc-rs
 14.563857 seconds (2.80 M allocations: 404.360 MiB, 0.23% gc time)
Round:361
Starting abc-rs
Percentage done:  10.00 %
Percentage done:  20.00 %
Percentage done:  30.00 %
Percentage done:  40.00 %
Percentage done:  50.00 %
Percentage done:  60.00 %
Percentage done:  70.00 %
Percentage done:  80.00 %
Percentage done:  90.00 %
Percentage done:  100.00 %
Ending abc-rs
 14.578972 seconds (2.80 M allocations: 404.360 MiB, 0.25% gc time)
Round:365
Starting abc-rs
Percentage done:  10.00 %
Percentage done:  20.00 %
Percentage done:  30.00 %
Percentage done:  40.00 %
Percentage done:  50.00 %
Percentage done:  60.00 %
Percentage done:  70.00 %
Percentage done:  80.00 %
Percentage done:  90.00 %
Percentage done:  100.00 %
Ending abc-rs
 14.569251 seconds (2.80 M allocations: 404.360 MiB, 0.23% gc time)
Round:369
Starting abc-rs
Percentage done:  10.00 %
Percentage done:  20.00 %
Percentage done:  30.00 %
Percentage done:  40.00 %
Percentage done:  50.00 %
Percentage done:  60.00 %
Percentage done:  70.00 %
Percentage done:  80.00 %
Percentage done:  90.00 %
Percentage done:  100.00 %
Ending abc-rs
 14.574500 seconds (2.80 M allocations: 404.360 MiB, 0.25% gc time)
Round:373
Starting abc-rs
Percentage done:  10.00 %
Percentage done:  20.00 %
Percentage done:  30.00 %
Percentage done:  40.00 %
Percentage done:  50.00 %
Percentage done:  60.00 %
Percentage done:  70.00 %
Percentage done:  80.00 %
Percentage done:  90.00 %
Percentage done:  100.00 %
Ending abc-rs
 14.556368 seconds (2.80 M allocations: 404.360 MiB, 0.23% gc time)
Round:377
Starting abc-rs
Percentage done:  10.00 %
Percentage done:  20.00 %
Percentage done:  30.00 %
Percentage done:  40.00 %
Percentage done:  50.00 %
Percentage done:  60.00 %
Percentage done:  70.00 %
Percentage done:  80.00 %
Percentage done:  90.00 %
Percentage done:  100.00 %
Ending abc-rs
 14.572395 seconds (2.80 M allocations: 404.360 MiB, 0.25% gc time)
Round:381
Starting abc-rs
Percentage done:  10.00 %
Percentage done:  20.00 %
Percentage done:  30.00 %
Percentage done:  40.00 %
Percentage done:  50.00 %
Percentage done:  60.00 %
Percentage done:  70.00 %
Percentage done:  80.00 %
Percentage done:  90.00 %
Percentage done:  100.00 %
Ending abc-rs
 14.564386 seconds (2.80 M allocations: 404.360 MiB, 0.23% gc time)
Round:385
Starting abc-rs
Percentage done:  10.00 %
Percentage done:  20.00 %
Percentage done:  30.00 %
Percentage done:  40.00 %
Percentage done:  50.00 %
Percentage done:  60.00 %
Percentage done:  70.00 %
Percentage done:  80.00 %
Percentage done:  90.00 %
Percentage done:  100.00 %
Ending abc-rs
 14.639550 seconds (2.80 M allocations: 404.360 MiB, 0.42% gc time)
Round:389
Starting abc-rs
Percentage done:  10.00 %
Percentage done:  20.00 %
Percentage done:  30.00 %
Percentage done:  40.00 %
Percentage done:  50.00 %
Percentage done:  60.00 %
Percentage done:  70.00 %
Percentage done:  80.00 %
Percentage done:  90.00 %
Percentage done:  100.00 %
Ending abc-rs
 14.569338 seconds (2.80 M allocations: 404.360 MiB, 0.23% gc time)
Round:393
Starting abc-rs
Percentage done:  10.00 %
Percentage done:  20.00 %
Percentage done:  30.00 %
Percentage done:  40.00 %
Percentage done:  50.00 %
Percentage done:  60.00 %
Percentage done:  70.00 %
Percentage done:  80.00 %
Percentage done:  90.00 %
Percentage done:  100.00 %
Ending abc-rs
 14.587159 seconds (2.80 M allocations: 404.360 MiB, 0.25% gc time)
Round:397
Starting abc-rs
Percentage done:  10.00 %
Percentage done:  20.00 %
Percentage done:  30.00 %
Percentage done:  40.00 %
Percentage done:  50.00 %
Percentage done:  60.00 %
Percentage done:  70.00 %
Percentage done:  80.00 %
Percentage done:  90.00 %
Percentage done:  100.00 %
Ending abc-rs
 14.555827 seconds (2.80 M allocations: 404.360 MiB, 0.23% gc time)
