Tue Nov  6 17:46:19 2018       
+-----------------------------------------------------------------------------+
| NVIDIA-SMI 396.44                 Driver Version: 396.44                    |
|-------------------------------+----------------------+----------------------+
| GPU  Name        Persistence-M| Bus-Id        Disp.A | Volatile Uncorr. ECC |
| Fan  Temp  Perf  Pwr:Usage/Cap|         Memory-Usage | GPU-Util  Compute M. |
|===============================+======================+======================|
|   0  Tesla K80           On   | 00000000:04:00.0 Off |                    0 |
| N/A   28C    P8    28W / 149W |      0MiB / 11441MiB |      0%      Default |
+-------------------------------+----------------------+----------------------+
|   1  Tesla K80           On   | 00000000:05:00.0 Off |                    0 |
| N/A   37C    P8    31W / 149W |      0MiB / 11441MiB |      0%      Default |
+-------------------------------+----------------------+----------------------+
|   2  Tesla K80           On   | 00000000:84:00.0 Off |                    0 |
| N/A   24C    P8    26W / 149W |      0MiB / 11441MiB |      0%      Default |
+-------------------------------+----------------------+----------------------+
|   3  Tesla K80           On   | 00000000:85:00.0 Off |                    0 |
| N/A   31C    P8    30W / 149W |      0MiB / 11441MiB |      0%      Default |
+-------------------------------+----------------------+----------------------+
                                                                               
+-----------------------------------------------------------------------------+
| Processes:                                                       GPU Memory |
|  GPU       PID   Type   Process name                             Usage      |
|=============================================================================|
|  No running processes found                                                 |
+-----------------------------------------------------------------------------+
/home/samwiq/ABC and deep learning project/abc-dl/lunarc
/home/samwiq/ABC and deep learning project/abc-dl
start script
500
check version of Knet
    Status `~/.julia/environments/v1.0/Project.toml`
  [336ed68f] CSV v0.3.1
  [a93c6f00] DataFrames v0.13.1
  [31c24e10] Distributions v0.16.4
  [1902f260] Knet v1.1.0
  [6f286f6a] MultivariateStats v0.6.0 #master (https://github.com/JuliaStats/MultivariateStats.jl.git)
  [2913bbd2] StatsBase v0.25.0
  [4c63d2b9] StatsFuns v0.7.0
build Knet
  Building SpecialFunctions → `~/.julia/packages/SpecialFunctions/KvXoO/deps/build.log`
  Building CodecZlib ───────→ `~/.julia/packages/CodecZlib/wwgbh/deps/build.log`
  Building Knet ────────────→ `~/.julia/packages/Knet/hxjeS/deps/build.log`
test gpu
4
-1
0
Loading g-and-k model
Loading g-and-k model
Starting: generate_parameter_data_pairs
Percentage done:  10.00 %
Percentage done:  20.00 %
Percentage done:  30.00 %
Percentage done:  40.00 %
Percentage done:  50.00 %
Percentage done:  60.00 %
Percentage done:  70.00 %
Percentage done:  80.00 %
Percentage done:  90.00 %
Percentage done:  100.00 %
Starting: generate_parameter_data_pairs
Percentage done:  2.00 %
Percentage done:  4.00 %
Percentage done:  6.00 %
Percentage done:  8.00 %
Percentage done:  10.00 %
Percentage done:  12.00 %
Percentage done:  14.00 %
Percentage done:  16.00 %
Percentage done:  18.00 %
Percentage done:  20.00 %
Percentage done:  22.00 %
Percentage done:  24.00 %
Percentage done:  26.00 %
Percentage done:  28.00 %
Percentage done:  30.00 %
Percentage done:  32.00 %
Percentage done:  34.00 %
Percentage done:  36.00 %
Percentage done:  38.00 %
Percentage done:  40.00 %
Percentage done:  42.00 %
Percentage done:  44.00 %
Percentage done:  46.00 %
Percentage done:  48.00 %
Percentage done:  50.00 %
Percentage done:  52.00 %
Percentage done:  54.00 %
Percentage done:  56.00 %
Percentage done:  58.00 %
Percentage done:  60.00 %
Percentage done:  62.00 %
Percentage done:  64.00 %
Percentage done:  66.00 %
Percentage done:  68.00 %
Percentage done:  70.00 %
Percentage done:  72.00 %
Percentage done:  74.00 %
Percentage done:  76.00 %
Percentage done:  78.00 %
Percentage done:  80.00 %
Percentage done:  82.00 %
Percentage done:  84.00 %
Percentage done:  86.00 %
Percentage done:  88.00 %
Percentage done:  90.00 %
Percentage done:  92.00 %
Percentage done:  94.00 %
Percentage done:  96.00 %
Percentage done:  98.00 %
Percentage done:  100.00 %
Starting: generate_parameter_data_pairs
Percentage done:  5.00 %
Percentage done:  10.00 %
Percentage done:  15.00 %
Percentage done:  20.00 %
Percentage done:  25.00 %
Percentage done:  30.00 %
Percentage done:  35.00 %
Percentage done:  40.00 %
Percentage done:  45.00 %
Percentage done:  50.00 %
Percentage done:  55.00 %
Percentage done:  60.00 %
Percentage done:  65.00 %
Percentage done:  70.00 %
Percentage done:  75.00 %
Percentage done:  80.00 %
Percentage done:  85.00 %
Percentage done:  90.00 %
Percentage done:  95.00 %
Percentage done:  100.00 %
Starting: generate_parameter_data_pairs
138.064299 seconds (67.41 M allocations: 56.026 GiB, 2.06% gc time)
Nbr training obs 500000, nbr parameters 115454, obs/parameters 4.33
0
Starting training
Epoch 1, current loss (training) 10.8380, current loss (val) 10.8928
Epoch 2, current loss (training) 10.7113, current loss (val) 10.6823
Epoch 3, current loss (training) 10.9185, current loss (val) 10.6521
Epoch 4, current loss (training) 10.6970, current loss (val) 10.6378
Epoch 5, current loss (training) 10.9057, current loss (val) 10.6845
Epoch 6, current loss (training) 10.2708, current loss (val) 10.6331
Epoch 7, current loss (training) 10.4551, current loss (val) 10.7095
Epoch 8, current loss (training) 10.1013, current loss (val) 10.5024
Epoch 9, current loss (training) 9.8257, current loss (val) 10.5538
Epoch 10, current loss (training) 9.7275, current loss (val) 10.6583
Epoch 11, current loss (training) 9.4265, current loss (val) 10.7053
Epoch 12, current loss (training) 9.1319, current loss (val) 10.8013
Epoch 13, current loss (training) 9.5344, current loss (val) 10.8948
Epoch 14, current loss (training) 8.9904, current loss (val) 11.0103
Epoch 15, current loss (training) 8.9949, current loss (val) 10.9867
Epoch 16, current loss (training) 8.8748, current loss (val) 11.0693
Epoch 17, current loss (training) 8.7865, current loss (val) 11.3337
Epoch 18, current loss (training) 8.8914, current loss (val) 11.1899
Epoch 19, current loss (training) 8.4972, current loss (val) 11.1384
Epoch 20, current loss (training) 8.6011, current loss (val) 11.1023
Epoch 21, current loss (training) 8.3915, current loss (val) 11.5805
Epoch 22, current loss (training) 8.4743, current loss (val) 11.4795
Epoch 23, current loss (training) 8.3308, current loss (val) 11.3553
Epoch 24, current loss (training) 7.9248, current loss (val) 11.6587
Epoch 25, current loss (training) 8.2082, current loss (val) 11.7770
Epoch 26, current loss (training) 8.1764, current loss (val) 11.7208
Epoch 27, current loss (training) 8.0768, current loss (val) 11.7740
Epoch 28, current loss (training) 8.2371, current loss (val) 11.5916
Epoch 29, current loss (training) 8.0044, current loss (val) 11.7850
Epoch 30, current loss (training) 7.7416, current loss (val) 12.2143
Epoch 31, current loss (training) 7.8618, current loss (val) 11.9704
Epoch 32, current loss (training) 8.1190, current loss (val) 12.1126
Epoch 33, current loss (training) 8.0818, current loss (val) 12.0250
Epoch 34, current loss (training) 7.9433, current loss (val) 12.1459
Epoch 35, current loss (training) 7.9760, current loss (val) 12.2256
Epoch 36, current loss (training) 7.8875, current loss (val) 12.1003
Epoch 37, current loss (training) 7.9591, current loss (val) 12.0565
Epoch 38, current loss (training) 7.7529, current loss (val) 12.1223
Epoch 39, current loss (training) 7.6981, current loss (val) 11.9730
Epoch 40, current loss (training) 7.6806, current loss (val) 11.9831
Epoch 41, current loss (training) 7.5514, current loss (val) 12.4448
Epoch 42, current loss (training) 7.8392, current loss (val) 12.4870
Epoch 43, current loss (training) 7.5380, current loss (val) 12.5874
Epoch 44, current loss (training) 7.4124, current loss (val) 12.0797
Epoch 45, current loss (training) 7.6830, current loss (val) 11.9861
Epoch 46, current loss (training) 7.5591, current loss (val) 12.2883
Epoch 47, current loss (training) 7.4852, current loss (val) 12.6395
Epoch 48, current loss (training) 7.6035, current loss (val) 12.4061
Epoch 49, current loss (training) 7.9161, current loss (val) 12.3584
Epoch 50, current loss (training) 7.3014, current loss (val) 12.4909
Epoch 51, current loss (training) 7.6747, current loss (val) 12.4878
Epoch 52, current loss (training) 7.4616, current loss (val) 12.3098
Epoch 53, current loss (training) 7.7826, current loss (val) 12.5383
Epoch 54, current loss (training) 7.6507, current loss (val) 12.5997
Epoch 55, current loss (training) 7.9995, current loss (val) 12.5776
Epoch 56, current loss (training) 7.6458, current loss (val) 12.4035
Epoch 57, current loss (training) 7.1801, current loss (val) 12.6898
Epoch 58, current loss (training) 7.6207, current loss (val) 12.5096
Epoch 59, current loss (training) 7.3903, current loss (val) 12.4765
Epoch 60, current loss (training) 7.7180, current loss (val) 12.7279
Epoch 61, current loss (training) 7.0566, current loss (val) 12.6217
Epoch 62, current loss (training) 7.3147, current loss (val) 12.4724
Epoch 63, current loss (training) 7.1848, current loss (val) 12.6880
Epoch 64, current loss (training) 7.1529, current loss (val) 12.8400
Epoch 65, current loss (training) 7.5827, current loss (val) 12.9908
Epoch 66, current loss (training) 7.3484, current loss (val) 13.1819
Epoch 67, current loss (training) 7.5458, current loss (val) 12.8176
Epoch 68, current loss (training) 7.2566, current loss (val) 12.8999
Epoch 69, current loss (training) 6.9818, current loss (val) 13.2923
Epoch 70, current loss (training) 7.5099, current loss (val) 13.0619
Epoch 71, current loss (training) 7.3527, current loss (val) 13.0043
Epoch 72, current loss (training) 7.1138, current loss (val) 13.0597
Epoch 73, current loss (training) 7.3388, current loss (val) 12.8008
Epoch 74, current loss (training) 7.1214, current loss (val) 13.1340
Epoch 75, current loss (training) 7.1740, current loss (val) 13.0968
Epoch 76, current loss (training) 7.5770, current loss (val) 13.1502
Epoch 77, current loss (training) 7.1008, current loss (val) 13.2365
Epoch 78, current loss (training) 7.2304, current loss (val) 13.7305
Epoch 79, current loss (training) 6.9240, current loss (val) 13.2213
Epoch 80, current loss (training) 7.2855, current loss (val) 13.2796
Epoch 81, current loss (training) 7.0911, current loss (val) 13.7076
Epoch 82, current loss (training) 6.9754, current loss (val) 13.4158
Epoch 83, current loss (training) 6.9806, current loss (val) 13.4841
Epoch 84, current loss (training) 7.3362, current loss (val) 13.6384
Epoch 85, current loss (training) 6.7699, current loss (val) 13.4222
Epoch 86, current loss (training) 7.2753, current loss (val) 13.5306
Epoch 87, current loss (training) 6.9973, current loss (val) 13.5740
Epoch 88, current loss (training) 7.1562, current loss (val) 13.2493
Epoch 89, current loss (training) 7.4832, current loss (val) 13.6205
Epoch 90, current loss (training) 7.1128, current loss (val) 13.3309
Epoch 91, current loss (training) 7.1110, current loss (val) 13.5729
Epoch 92, current loss (training) 6.9487, current loss (val) 13.5905
Epoch 93, current loss (training) 7.2129, current loss (val) 14.3052
Epoch 94, current loss (training) 7.4092, current loss (val) 13.5990
Epoch 95, current loss (training) 6.9846, current loss (val) 13.4382
Epoch 96, current loss (training) 7.0599, current loss (val) 13.9572
Epoch 97, current loss (training) 7.0739, current loss (val) 13.4738
Epoch 98, current loss (training) 7.0742, current loss (val) 13.6350
Epoch 99, current loss (training) 7.0938, current loss (val) 13.7020
Epoch 100, current loss (training) 7.1572, current loss (val) 13.5785
Epoch 101, current loss (training) 7.1081, current loss (val) 13.8314
Epoch 102, current loss (training) 6.7569, current loss (val) 13.9070
Epoch 103, current loss (training) 6.7493, current loss (val) 14.0490
Epoch 104, current loss (training) 7.1696, current loss (val) 14.2273
Epoch 105, current loss (training) 6.9736, current loss (val) 14.4632
Epoch 106, current loss (training) 7.1612, current loss (val) 14.0280
Epoch 107, current loss (training) 6.9251, current loss (val) 13.7020
Epoch 108, current loss (training) 6.9155, current loss (val) 13.9437
Epoch 109, current loss (training) 6.7564, current loss (val) 13.9494
Epoch 110, current loss (training) 7.0318, current loss (val) 14.7357
Epoch 111, current loss (training) 7.0909, current loss (val) 14.1558
Epoch 112, current loss (training) 6.7965, current loss (val) 14.8009
Epoch 113, current loss (training) 6.9266, current loss (val) 14.4489
Epoch 114, current loss (training) 6.9199, current loss (val) 14.8723
Epoch 115, current loss (training) 6.8056, current loss (val) 14.3646
Epoch 116, current loss (training) 7.0335, current loss (val) 14.2301
Epoch 117, current loss (training) 7.3662, current loss (val) 14.6394
Epoch 118, current loss (training) 6.5728, current loss (val) 14.3052
Epoch 119, current loss (training) 6.7837, current loss (val) 14.4508
Epoch 120, current loss (training) 6.7438, current loss (val) 14.5240
Epoch 121, current loss (training) 6.7823, current loss (val) 13.9776
Epoch 122, current loss (training) 7.0818, current loss (val) 14.5381
Epoch 123, current loss (training) 7.2753, current loss (val) 14.5814
Epoch 124, current loss (training) 6.9153, current loss (val) 14.4215
Epoch 125, current loss (training) 6.8282, current loss (val) 14.2746
Epoch 126, current loss (training) 7.0351, current loss (val) 14.7578
Epoch 127, current loss (training) 6.7611, current loss (val) 14.6050
Epoch 128, current loss (training) 6.5114, current loss (val) 14.4415
Epoch 129, current loss (training) 6.9467, current loss (val) 14.4576
Epoch 130, current loss (training) 6.7062, current loss (val) 14.3835
Epoch 131, current loss (training) 7.1902, current loss (val) 14.8178
Epoch 132, current loss (training) 6.8578, current loss (val) 14.5197
Epoch 133, current loss (training) 6.9733, current loss (val) 14.1286
Epoch 134, current loss (training) 6.8791, current loss (val) 14.7991
Epoch 135, current loss (training) 6.5415, current loss (val) 14.7311
Epoch 136, current loss (training) 7.0238, current loss (val) 14.5605
Epoch 137, current loss (training) 6.6140, current loss (val) 14.6155
Epoch 138, current loss (training) 6.7520, current loss (val) 14.4582
Epoch 139, current loss (training) 6.5526, current loss (val) 15.2304
Epoch 140, current loss (training) 7.0190, current loss (val) 14.1813
Epoch 141, current loss (training) 6.6704, current loss (val) 14.3654
Epoch 142, current loss (training) 6.5937, current loss (val) 14.6314
Epoch 143, current loss (training) 6.7512, current loss (val) 14.5363
Epoch 144, current loss (training) 6.8266, current loss (val) 14.9097
Epoch 145, current loss (training) 6.8955, current loss (val) 14.5268
Epoch 146, current loss (training) 6.6568, current loss (val) 14.7686
Epoch 147, current loss (training) 6.7474, current loss (val) 14.8334
Epoch 148, current loss (training) 6.7621, current loss (val) 14.4793
Epoch 149, current loss (training) 6.6129, current loss (val) 14.7867
Epoch 150, current loss (training) 6.7102, current loss (val) 14.7397
Epoch 151, current loss (training) 6.5491, current loss (val) 15.3258
Epoch 152, current loss (training) 6.7361, current loss (val) 14.0477
Epoch 153, current loss (training) 6.7210, current loss (val) 15.0086
Epoch 154, current loss (training) 6.6684, current loss (val) 14.4283
Epoch 155, current loss (training) 6.6510, current loss (val) 14.6882
Epoch 156, current loss (training) 6.9118, current loss (val) 14.7094
Epoch 157, current loss (training) 6.6860, current loss (val) 14.8224
Epoch 158, current loss (training) 6.8786, current loss (val) 14.7821
Epoch 159, current loss (training) 6.6064, current loss (val) 14.9922
Epoch 160, current loss (training) 6.7043, current loss (val) 15.0907
Epoch 161, current loss (training) 6.7529, current loss (val) 14.4818
Epoch 162, current loss (training) 6.8297, current loss (val) 14.6271
Epoch 163, current loss (training) 6.7602, current loss (val) 14.9399
Epoch 164, current loss (training) 6.6837, current loss (val) 15.2613
Epoch 165, current loss (training) 6.8581, current loss (val) 14.2813
Epoch 166, current loss (training) 6.9276, current loss (val) 14.9452
Epoch 167, current loss (training) 6.8201, current loss (val) 14.9060
Epoch 168, current loss (training) 6.7354, current loss (val) 15.0161
Epoch 169, current loss (training) 6.6472, current loss (val) 14.5036
Epoch 170, current loss (training) 6.9983, current loss (val) 15.2377
Epoch 171, current loss (training) 6.4628, current loss (val) 14.9152
Epoch 172, current loss (training) 6.4628, current loss (val) 14.7286
Epoch 173, current loss (training) 6.4915, current loss (val) 14.9292
Epoch 174, current loss (training) 6.8362, current loss (val) 15.1804
Epoch 175, current loss (training) 6.8425, current loss (val) 14.7879
Epoch 176, current loss (training) 6.4969, current loss (val) 14.9021
Epoch 177, current loss (training) 6.6988, current loss (val) 14.8673
Epoch 178, current loss (training) 6.8570, current loss (val) 14.4402
Epoch 179, current loss (training) 6.5329, current loss (val) 14.9890
Epoch 180, current loss (training) 6.6385, current loss (val) 15.0168
Epoch 181, current loss (training) 6.5504, current loss (val) 14.9327
Epoch 182, current loss (training) 6.7994, current loss (val) 15.0955
Epoch 183, current loss (training) 6.4141, current loss (val) 14.9422
Epoch 184, current loss (training) 6.7150, current loss (val) 14.5869
Epoch 185, current loss (training) 6.5595, current loss (val) 15.0590
Epoch 186, current loss (training) 6.8471, current loss (val) 14.9015
Epoch 187, current loss (training) 6.7269, current loss (val) 15.1540
Epoch 188, current loss (training) 6.7165, current loss (val) 14.9827
Epoch 189, current loss (training) 6.5687, current loss (val) 14.9586
Epoch 190, current loss (training) 6.6747, current loss (val) 15.5422
Epoch 191, current loss (training) 6.7746, current loss (val) 15.7489
Epoch 192, current loss (training) 6.8634, current loss (val) 14.6363
Epoch 193, current loss (training) 6.9425, current loss (val) 14.7499
Epoch 194, current loss (training) 6.5457, current loss (val) 14.9517
Epoch 195, current loss (training) 6.5364, current loss (val) 15.1998
Epoch 196, current loss (training) 6.7836, current loss (val) 14.8474
Epoch 197, current loss (training) 6.7154, current loss (val) 15.0117
Epoch 198, current loss (training) 6.8315, current loss (val) 15.1631
Epoch 199, current loss (training) 6.4617, current loss (val) 15.3440
Epoch 200, current loss (training) 6.6902, current loss (val) 14.8818
Epoch 201, current loss (training) 6.4509, current loss (val) 15.1090
Epoch 202, current loss (training) 6.5526, current loss (val) 14.7236
Epoch 203, current loss (training) 6.6036, current loss (val) 15.2341
Epoch 204, current loss (training) 6.4033, current loss (val) 15.6173
Epoch 205, current loss (training) 6.5259, current loss (val) 15.0063
Epoch 206, current loss (training) 6.5078, current loss (val) 14.8350
Epoch 207, current loss (training) 6.4641, current loss (val) 15.5003
Epoch 208, current loss (training) 6.6443, current loss (val) 15.1288
Epoch 209, current loss (training) 6.2712, current loss (val) 15.1621
Epoch 210, current loss (training) 6.6265, current loss (val) 15.2347
Epoch 211, current loss (training) 6.6427, current loss (val) 15.5643
Epoch 212, current loss (training) 6.7130, current loss (val) 15.3175
Epoch 213, current loss (training) 6.6024, current loss (val) 15.3999
Epoch 214, current loss (training) 6.4524, current loss (val) 15.3326
Epoch 215, current loss (training) 6.4712, current loss (val) 14.9109
Epoch 216, current loss (training) 6.5338, current loss (val) 14.8783
Epoch 217, current loss (training) 6.5311, current loss (val) 15.1960
Epoch 218, current loss (training) 6.5727, current loss (val) 14.8802
Epoch 219, current loss (training) 6.7803, current loss (val) 14.7198
Epoch 220, current loss (training) 6.2956, current loss (val) 14.9385
Epoch 221, current loss (training) 6.5211, current loss (val) 15.2885
Epoch 222, current loss (training) 6.4594, current loss (val) 15.1942
Epoch 223, current loss (training) 6.4169, current loss (val) 15.6331
Epoch 224, current loss (training) 6.6563, current loss (val) 15.0599
Epoch 225, current loss (training) 6.4232, current loss (val) 14.9458
Epoch 226, current loss (training) 6.3354, current loss (val) 14.9150
Epoch 227, current loss (training) 6.5441, current loss (val) 15.3461
Epoch 228, current loss (training) 6.5682, current loss (val) 15.5912
Epoch 229, current loss (training) 6.5571, current loss (val) 15.8690
Epoch 230, current loss (training) 6.6649, current loss (val) 14.9674
Epoch 231, current loss (training) 6.7135, current loss (val) 14.7030
Epoch 232, current loss (training) 6.5984, current loss (val) 15.3079
Epoch 233, current loss (training) 6.7200, current loss (val) 14.9586
Epoch 234, current loss (training) 6.4980, current loss (val) 15.4807
Epoch 235, current loss (training) 6.5486, current loss (val) 15.0689
Epoch 236, current loss (training) 6.6918, current loss (val) 15.0137
Epoch 237, current loss (training) 6.6847, current loss (val) 15.3504
Epoch 238, current loss (training) 6.5538, current loss (val) 15.1253
Epoch 239, current loss (training) 6.5431, current loss (val) 15.0543
Epoch 240, current loss (training) 6.4156, current loss (val) 14.9445
Epoch 241, current loss (training) 6.6016, current loss (val) 14.7633
Epoch 242, current loss (training) 6.5894, current loss (val) 14.8371
Epoch 243, current loss (training) 6.8101, current loss (val) 14.8916
Epoch 244, current loss (training) 6.5647, current loss (val) 15.0689
Epoch 245, current loss (training) 6.5574, current loss (val) 15.5324
Epoch 246, current loss (training) 6.4174, current loss (val) 15.3368
Epoch 247, current loss (training) 6.5986, current loss (val) 15.4934
Epoch 248, current loss (training) 6.5931, current loss (val) 15.5978
Epoch 249, current loss (training) 6.8725, current loss (val) 15.6874
Epoch 250, current loss (training) 6.5597, current loss (val) 15.7817
Epoch 251, current loss (training) 6.7603, current loss (val) 15.4446
Epoch 252, current loss (training) 6.6561, current loss (val) 15.6970
Epoch 253, current loss (training) 6.6760, current loss (val) 15.8474
Epoch 254, current loss (training) 6.6904, current loss (val) 15.5614
Epoch 255, current loss (training) 6.3790, current loss (val) 15.1954
Epoch 256, current loss (training) 6.7222, current loss (val) 15.2191
Epoch 257, current loss (training) 6.4210, current loss (val) 15.5660
Epoch 258, current loss (training) 6.5456, current loss (val) 15.7084
Epoch 259, current loss (training) 6.5371, current loss (val) 15.2991
Epoch 260, current loss (training) 6.5703, current loss (val) 15.1856
Epoch 261, current loss (training) 6.7485, current loss (val) 14.9458
Epoch 262, current loss (training) 6.6453, current loss (val) 15.0105
Epoch 263, current loss (training) 6.5275, current loss (val) 15.4938
Epoch 264, current loss (training) 6.4131, current loss (val) 15.3163
Epoch 265, current loss (training) 6.3782, current loss (val) 14.9096
Epoch 266, current loss (training) 6.4817, current loss (val) 15.7712
Epoch 267, current loss (training) 6.4949, current loss (val) 15.4618
Epoch 268, current loss (training) 6.6561, current loss (val) 15.5390
Epoch 269, current loss (training) 6.6187, current loss (val) 15.0735
Epoch 270, current loss (training) 6.6077, current loss (val) 15.6694
Epoch 271, current loss (training) 6.6215, current loss (val) 15.9152
Epoch 272, current loss (training) 6.3407, current loss (val) 15.4286
Epoch 273, current loss (training) 6.4095, current loss (val) 15.5847
Epoch 274, current loss (training) 6.4211, current loss (val) 15.7926
Epoch 275, current loss (training) 6.4767, current loss (val) 15.3921
Epoch 276, current loss (training) 6.6407, current loss (val) 15.5900
Epoch 277, current loss (training) 6.4200, current loss (val) 15.3026
Epoch 278, current loss (training) 6.6219, current loss (val) 15.5882
Epoch 279, current loss (training) 6.5945, current loss (val) 15.3475
Epoch 280, current loss (training) 6.3674, current loss (val) 15.4185
Epoch 281, current loss (training) 6.2929, current loss (val) 15.5766
Epoch 282, current loss (training) 6.4893, current loss (val) 15.2171
Epoch 283, current loss (training) 6.4177, current loss (val) 15.5858
Epoch 284, current loss (training) 6.3883, current loss (val) 15.3440
Epoch 285, current loss (training) 6.6559, current loss (val) 15.3344
Epoch 286, current loss (training) 6.2794, current loss (val) 15.6712
Epoch 287, current loss (training) 6.4456, current loss (val) 14.9220
Epoch 288, current loss (training) 6.4283, current loss (val) 15.6523
Epoch 289, current loss (training) 6.3166, current loss (val) 15.6081
Epoch 290, current loss (training) 6.4980, current loss (val) 15.5466
Epoch 291, current loss (training) 6.3014, current loss (val) 15.1539
Epoch 292, current loss (training) 6.4657, current loss (val) 15.0629
Epoch 293, current loss (training) 6.3086, current loss (val) 15.3399
Epoch 294, current loss (training) 6.5594, current loss (val) 15.9678
Epoch 295, current loss (training) 6.4233, current loss (val) 15.6993
Epoch 296, current loss (training) 6.5446, current loss (val) 16.4532
Epoch 297, current loss (training) 6.3902, current loss (val) 15.9927
Epoch 298, current loss (training) 6.3107, current loss (val) 15.8902
Epoch 299, current loss (training) 6.3913, current loss (val) 15.5040
Epoch 300, current loss (training) 6.6519, current loss (val) 15.9662
Epoch 301, current loss (training) 6.2621, current loss (val) 15.2023
Epoch 302, current loss (training) 6.3994, current loss (val) 16.0006
Epoch 303, current loss (training) 6.1964, current loss (val) 15.6421
Epoch 304, current loss (training) 6.3594, current loss (val) 16.3861
Epoch 305, current loss (training) 6.5467, current loss (val) 15.4773
Epoch 306, current loss (training) 6.4686, current loss (val) 15.6439
Epoch 307, current loss (training) 6.3003, current loss (val) 15.6265
Epoch 308, current loss (training) 6.2904, current loss (val) 15.4988
Epoch 309, current loss (training) 6.5406, current loss (val) 16.2996
Epoch 310, current loss (training) 6.4477, current loss (val) 15.8499
Epoch 311, current loss (training) 6.4677, current loss (val) 15.5224
Epoch 312, current loss (training) 6.1713, current loss (val) 15.4602
Epoch 313, current loss (training) 5.9494, current loss (val) 15.7129
Epoch 314, current loss (training) 6.4307, current loss (val) 15.6416
Epoch 315, current loss (training) 6.4521, current loss (val) 15.6752
Epoch 316, current loss (training) 6.3355, current loss (val) 15.6430
Epoch 317, current loss (training) 6.5465, current loss (val) 15.9269
Epoch 318, current loss (training) 6.5504, current loss (val) 15.6643
Epoch 319, current loss (training) 6.6155, current loss (val) 15.5168
Epoch 320, current loss (training) 6.5243, current loss (val) 15.7428
Epoch 321, current loss (training) 6.7879, current loss (val) 15.8233
Epoch 322, current loss (training) 6.3842, current loss (val) 16.0228
Epoch 323, current loss (training) 6.5400, current loss (val) 15.8172
Epoch 324, current loss (training) 6.4312, current loss (val) 16.0144
Epoch 325, current loss (training) 6.3006, current loss (val) 15.4344
Epoch 326, current loss (training) 6.1042, current loss (val) 15.2231
Epoch 327, current loss (training) 6.6949, current loss (val) 15.8870
Epoch 328, current loss (training) 6.5520, current loss (val) 15.2308
Epoch 329, current loss (training) 6.4473, current loss (val) 15.6625
Epoch 330, current loss (training) 6.4724, current loss (val) 16.1653
Epoch 331, current loss (training) 6.5243, current loss (val) 15.7301
Epoch 332, current loss (training) 6.6381, current loss (val) 15.6847
Epoch 333, current loss (training) 6.3965, current loss (val) 16.0523
Epoch 334, current loss (training) 6.5078, current loss (val) 15.4762
Epoch 335, current loss (training) 6.5699, current loss (val) 15.3372
Epoch 336, current loss (training) 6.4984, current loss (val) 15.6268
Epoch 337, current loss (training) 6.4630, current loss (val) 15.3527
Epoch 338, current loss (training) 6.2884, current loss (val) 15.4729
Epoch 339, current loss (training) 6.3521, current loss (val) 16.0051
Epoch 340, current loss (training) 6.3654, current loss (val) 15.8431
Epoch 341, current loss (training) 6.4862, current loss (val) 15.8835
Epoch 342, current loss (training) 6.3478, current loss (val) 15.4517
Epoch 343, current loss (training) 6.5034, current loss (val) 15.2368
Epoch 344, current loss (training) 6.2722, current loss (val) 15.6257
Epoch 345, current loss (training) 6.6339, current loss (val) 16.2639
Epoch 346, current loss (training) 6.4556, current loss (val) 15.3306
Epoch 347, current loss (training) 6.6107, current loss (val) 15.7249
Epoch 348, current loss (training) 6.4119, current loss (val) 16.1436
Epoch 349, current loss (training) 6.3721, current loss (val) 15.5668
Epoch 350, current loss (training) 6.5117, current loss (val) 16.7999
Epoch 351, current loss (training) 6.4466, current loss (val) 16.0317
Epoch 352, current loss (training) 6.4515, current loss (val) 16.3831
Epoch 353, current loss (training) 6.4759, current loss (val) 15.5767
Epoch 354, current loss (training) 6.2220, current loss (val) 15.8223
Epoch 355, current loss (training) 6.3240, current loss (val) 16.2470
Epoch 356, current loss (training) 6.3638, current loss (val) 16.1391
Epoch 357, current loss (training) 6.3317, current loss (val) 15.7462
Epoch 358, current loss (training) 6.5997, current loss (val) 16.3246
Epoch 359, current loss (training) 6.5131, current loss (val) 16.5297
Epoch 360, current loss (training) 6.2711, current loss (val) 16.1367
Epoch 361, current loss (training) 6.3205, current loss (val) 16.0438
Epoch 362, current loss (training) 6.2140, current loss (val) 16.0360
Epoch 363, current loss (training) 6.2418, current loss (val) 16.2669
Epoch 364, current loss (training) 6.3568, current loss (val) 15.5884
Epoch 365, current loss (training) 6.3998, current loss (val) 15.8195
Epoch 366, current loss (training) 6.4151, current loss (val) 15.6243
Epoch 367, current loss (training) 6.0481, current loss (val) 16.0640
Epoch 368, current loss (training) 6.2840, current loss (val) 16.2551
Epoch 369, current loss (training) 6.4254, current loss (val) 16.0260
Epoch 370, current loss (training) 6.3139, current loss (val) 16.6592
Epoch 371, current loss (training) 6.4791, current loss (val) 15.5868
Epoch 372, current loss (training) 6.4646, current loss (val) 16.0904
Epoch 373, current loss (training) 6.4862, current loss (val) 16.1338
Epoch 374, current loss (training) 6.3940, current loss (val) 15.9041
Epoch 375, current loss (training) 6.4131, current loss (val) 15.8017
Epoch 376, current loss (training) 6.4803, current loss (val) 15.9339
Epoch 377, current loss (training) 6.2262, current loss (val) 16.0039
Epoch 378, current loss (training) 6.3033, current loss (val) 15.8720
Epoch 379, current loss (training) 6.2859, current loss (val) 15.4483
Epoch 380, current loss (training) 6.6767, current loss (val) 16.0036
Epoch 381, current loss (training) 6.4387, current loss (val) 16.4214
Epoch 382, current loss (training) 6.6226, current loss (val) 16.5000
Epoch 383, current loss (training) 6.3093, current loss (val) 15.7033
Epoch 384, current loss (training) 6.4214, current loss (val) 16.5291
Epoch 385, current loss (training) 6.4979, current loss (val) 16.3580
Epoch 386, current loss (training) 6.3371, current loss (val) 16.4057
Epoch 387, current loss (training) 6.4856, current loss (val) 15.6709
Epoch 388, current loss (training) 6.4676, current loss (val) 16.0115
Epoch 389, current loss (training) 6.4002, current loss (val) 16.2965
Epoch 390, current loss (training) 6.1782, current loss (val) 16.0802
Epoch 391, current loss (training) 6.4125, current loss (val) 15.7972
Epoch 392, current loss (training) 6.3166, current loss (val) 16.1730
Epoch 393, current loss (training) 6.3053, current loss (val) 16.4480
Epoch 394, current loss (training) 6.2135, current loss (val) 16.2197
Epoch 395, current loss (training) 6.1773, current loss (val) 16.2010
Epoch 396, current loss (training) 6.1937, current loss (val) 15.8203
Epoch 397, current loss (training) 6.3896, current loss (val) 15.9753
Epoch 398, current loss (training) 6.5425, current loss (val) 16.0917
Epoch 399, current loss (training) 6.4835, current loss (val) 15.6462
Epoch 400, current loss (training) 6.2244, current loss (val) 16.0497
Epoch 401, current loss (training) 6.4100, current loss (val) 16.0282
Epoch 402, current loss (training) 6.1960, current loss (val) 16.3284
Epoch 403, current loss (training) 6.3507, current loss (val) 15.7531
Epoch 404, current loss (training) 6.2311, current loss (val) 16.2614
Epoch 405, current loss (training) 6.4476, current loss (val) 16.1032
Epoch 406, current loss (training) 6.4713, current loss (val) 15.7075
Epoch 407, current loss (training) 6.4012, current loss (val) 16.2261
Epoch 408, current loss (training) 6.4004, current loss (val) 15.9334
Epoch 409, current loss (training) 6.2369, current loss (val) 16.0653
Epoch 410, current loss (training) 6.3243, current loss (val) 16.3146
Epoch 411, current loss (training) 6.1695, current loss (val) 16.5486
Epoch 412, current loss (training) 6.4800, current loss (val) 15.8450
Epoch 413, current loss (training) 6.3438, current loss (val) 16.0926
Epoch 414, current loss (training) 6.3375, current loss (val) 15.7242
Epoch 415, current loss (training) 6.5740, current loss (val) 16.0645
Epoch 416, current loss (training) 6.0870, current loss (val) 15.6913
Epoch 417, current loss (training) 6.3404, current loss (val) 16.3773
Epoch 418, current loss (training) 6.0663, current loss (val) 16.5614
Epoch 419, current loss (training) 6.1478, current loss (val) 15.9193
Epoch 420, current loss (training) 6.3444, current loss (val) 15.8932
Epoch 421, current loss (training) 6.2728, current loss (val) 15.9779
Epoch 422, current loss (training) 6.4827, current loss (val) 15.5361
Epoch 423, current loss (training) 6.2145, current loss (val) 15.9666
Epoch 424, current loss (training) 6.3604, current loss (val) 16.4504
Epoch 425, current loss (training) 6.2725, current loss (val) 15.8633
Epoch 426, current loss (training) 6.3302, current loss (val) 15.8281
Epoch 427, current loss (training) 6.4655, current loss (val) 16.5287
Epoch 428, current loss (training) 6.3051, current loss (val) 16.6605
Epoch 429, current loss (training) 6.2712, current loss (val) 15.8834
Epoch 430, current loss (training) 6.4568, current loss (val) 16.7433
Epoch 431, current loss (training) 6.4188, current loss (val) 15.7833
Epoch 432, current loss (training) 6.3825, current loss (val) 15.6181
Epoch 433, current loss (training) 6.3313, current loss (val) 16.2660
Epoch 434, current loss (training) 6.4579, current loss (val) 15.9239
Epoch 435, current loss (training) 6.3648, current loss (val) 16.3388
Epoch 436, current loss (training) 6.2854, current loss (val) 16.1248
Epoch 437, current loss (training) 6.3723, current loss (val) 16.1448
Epoch 438, current loss (training) 6.1527, current loss (val) 16.6841
Epoch 439, current loss (training) 6.3414, current loss (val) 16.7442
Epoch 440, current loss (training) 6.0474, current loss (val) 16.5867
Epoch 441, current loss (training) 6.2486, current loss (val) 15.4732
Epoch 442, current loss (training) 6.3354, current loss (val) 16.5864
Epoch 443, current loss (training) 6.2126, current loss (val) 16.4143
Epoch 444, current loss (training) 6.4005, current loss (val) 16.1435
Epoch 445, current loss (training) 6.0956, current loss (val) 15.8296
Epoch 446, current loss (training) 6.4934, current loss (val) 16.2760
Epoch 447, current loss (training) 6.3167, current loss (val) 16.0805
Epoch 448, current loss (training) 6.3792, current loss (val) 16.1148
Epoch 449, current loss (training) 6.2420, current loss (val) 16.5144
Epoch 450, current loss (training) 6.4848, current loss (val) 16.6638
Epoch 451, current loss (training) 6.3206, current loss (val) 16.3026
Epoch 452, current loss (training) 6.2836, current loss (val) 16.0825
Epoch 453, current loss (training) 6.2543, current loss (val) 16.5900
Epoch 454, current loss (training) 6.1319, current loss (val) 16.6568
Epoch 455, current loss (training) 6.4793, current loss (val) 16.2916
Epoch 456, current loss (training) 6.3262, current loss (val) 16.4580
Epoch 457, current loss (training) 6.5113, current loss (val) 15.1463
Epoch 458, current loss (training) 6.3994, current loss (val) 16.1314
Epoch 459, current loss (training) 6.3647, current loss (val) 15.8697
Epoch 460, current loss (training) 6.5771, current loss (val) 16.2812
Epoch 461, current loss (training) 6.2145, current loss (val) 16.2336
Epoch 462, current loss (training) 6.2960, current loss (val) 16.4649
Epoch 463, current loss (training) 6.4187, current loss (val) 15.6929
Epoch 464, current loss (training) 6.3844, current loss (val) 15.8667
Epoch 465, current loss (training) 6.2473, current loss (val) 16.5117
Epoch 466, current loss (training) 6.2136, current loss (val) 16.4870
Epoch 467, current loss (training) 6.3965, current loss (val) 16.7529
Epoch 468, current loss (training) 6.5670, current loss (val) 15.9176
Epoch 469, current loss (training) 6.2400, current loss (val) 16.5636
Epoch 470, current loss (training) 6.3583, current loss (val) 16.0755
Epoch 471, current loss (training) 6.1131, current loss (val) 16.2483
Epoch 472, current loss (training) 6.1697, current loss (val) 16.0495
Epoch 473, current loss (training) 6.3655, current loss (val) 16.0901
Epoch 474, current loss (training) 6.2681, current loss (val) 16.5180
Epoch 475, current loss (training) 6.3276, current loss (val) 15.8578
Epoch 476, current loss (training) 6.3830, current loss (val) 16.4873
Epoch 477, current loss (training) 6.0054, current loss (val) 16.1470
Epoch 478, current loss (training) 6.1319, current loss (val) 15.7326
Epoch 479, current loss (training) 6.3132, current loss (val) 16.1660
Epoch 480, current loss (training) 6.6104, current loss (val) 16.0829
Epoch 481, current loss (training) 6.3804, current loss (val) 16.5306
Epoch 482, current loss (training) 6.4184, current loss (val) 16.5633
Epoch 483, current loss (training) 6.1906, current loss (val) 16.4498
Epoch 484, current loss (training) 6.4859, current loss (val) 15.9528
Epoch 485, current loss (training) 6.3633, current loss (val) 15.6279
Epoch 486, current loss (training) 6.2013, current loss (val) 16.0624
Epoch 487, current loss (training) 6.4503, current loss (val) 16.0292
Epoch 488, current loss (training) 6.2520, current loss (val) 15.8398
Epoch 489, current loss (training) 6.5355, current loss (val) 16.8051
Epoch 490, current loss (training) 6.3903, current loss (val) 16.5386
Epoch 491, current loss (training) 6.0870, current loss (val) 16.2236
Epoch 492, current loss (training) 6.3065, current loss (val) 15.6389
Epoch 493, current loss (training) 6.3179, current loss (val) 16.7503
Epoch 494, current loss (training) 6.4431, current loss (val) 16.8816
Epoch 495, current loss (training) 6.4237, current loss (val) 15.9649
Epoch 496, current loss (training) 6.2724, current loss (val) 16.2481
Epoch 497, current loss (training) 6.2152, current loss (val) 16.5307
Epoch 498, current loss (training) 6.2641, current loss (val) 15.8758
Epoch 499, current loss (training) 6.1988, current loss (val) 16.4172
Epoch 500, current loss (training) 6.3246, current loss (val) 16.3022
run_time_first_training_cycle:  2230.52 

Epochs 500, batch size, 200
Nbr training obs 500000, nbr parameters 115454, obs/parameters 4.33

Starting abc-rs
Percentage done:  10.00 %
Percentage done:  20.00 %
Percentage done:  30.00 %
Percentage done:  40.00 %
Percentage done:  50.00 %
Percentage done:  60.00 %
Percentage done:  70.00 %
Percentage done:  80.00 %
Percentage done:  90.00 %
Percentage done:  100.00 %
Ending abc-rs
end script
