/home/samwiq/ABC and deep learning project/abc-dl/lunarc
/home/samwiq/ABC and deep learning project/abc-dl
start script
250
check version of Knet
    Status `~/.julia/environments/v1.0/Project.toml`
  [336ed68f] CSV v0.3.1
  [a93c6f00] DataFrames v0.13.1
  [31c24e10] Distributions v0.16.4
  [1902f260] Knet v1.1.0
  [6f286f6a] MultivariateStats v0.6.0 #master (https://github.com/JuliaStats/MultivariateStats.jl.git)
  [2913bbd2] StatsBase v0.25.0
  [4c63d2b9] StatsFuns v0.7.0
build Knet
  Building SpecialFunctions → `~/.julia/packages/SpecialFunctions/KvXoO/deps/build.log`
  Building CodecZlib ───────→ `~/.julia/packages/CodecZlib/wwgbh/deps/build.log`
  Building Knet ────────────→ `~/.julia/packages/Knet/hxjeS/deps/build.log`
test gpu
0
-1
-1
Loading g-and-k model
Loading g-and-k model
Starting: generate_parameter_data_pairs
Percentage done:  10.00 %
Percentage done:  20.00 %
Percentage done:  30.00 %
Percentage done:  40.00 %
Percentage done:  50.00 %
Percentage done:  60.00 %
Percentage done:  70.00 %
Percentage done:  80.00 %
Percentage done:  90.00 %
Percentage done:  100.00 %
Starting: generate_parameter_data_pairs
Percentage done:  2.00 %
Percentage done:  4.00 %
Percentage done:  6.00 %
Percentage done:  8.00 %
Percentage done:  10.00 %
Percentage done:  12.00 %
Percentage done:  14.00 %
Percentage done:  16.00 %
Percentage done:  18.00 %
Percentage done:  20.00 %
Percentage done:  22.00 %
Percentage done:  24.00 %
Percentage done:  26.00 %
Percentage done:  28.00 %
Percentage done:  30.00 %
Percentage done:  32.00 %
Percentage done:  34.00 %
Percentage done:  36.00 %
Percentage done:  38.00 %
Percentage done:  40.00 %
Percentage done:  42.00 %
Percentage done:  44.00 %
Percentage done:  46.00 %
Percentage done:  48.00 %
Percentage done:  50.00 %
Percentage done:  52.00 %
Percentage done:  54.00 %
Percentage done:  56.00 %
Percentage done:  58.00 %
Percentage done:  60.00 %
Percentage done:  62.00 %
Percentage done:  64.00 %
Percentage done:  66.00 %
Percentage done:  68.00 %
Percentage done:  70.00 %
Percentage done:  72.00 %
Percentage done:  74.00 %
Percentage done:  76.00 %
Percentage done:  78.00 %
Percentage done:  80.00 %
Percentage done:  82.00 %
Percentage done:  84.00 %
Percentage done:  86.00 %
Percentage done:  88.00 %
Percentage done:  90.00 %
Percentage done:  92.00 %
Percentage done:  94.00 %
Percentage done:  96.00 %
Percentage done:  98.00 %
Percentage done:  100.00 %
Starting: generate_parameter_data_pairs
Percentage done:  5.00 %
Percentage done:  10.00 %
Percentage done:  15.00 %
Percentage done:  20.00 %
Percentage done:  25.00 %
Percentage done:  30.00 %
Percentage done:  35.00 %
Percentage done:  40.00 %
Percentage done:  45.00 %
Percentage done:  50.00 %
Percentage done:  55.00 %
Percentage done:  60.00 %
Percentage done:  65.00 %
Percentage done:  70.00 %
Percentage done:  75.00 %
Percentage done:  80.00 %
Percentage done:  85.00 %
Percentage done:  90.00 %
Percentage done:  95.00 %
Percentage done:  100.00 %
Starting: generate_parameter_data_pairs
165.570731 seconds (66.86 M allocations: 55.999 GiB, 3.24% gc time)
Nbr training obs 1000, nbr parameters 115454, obs/parameters 0.01
Starting training
Epoch 1, current loss (training) 71.6732, current loss (val) 77.6250, best loss (val) 77.6250 
Epoch 2, current loss (training) 35.0274, current loss (val) 42.1535, best loss (val) 42.1535 
Epoch 3, current loss (training) 29.1503, current loss (val) 35.7771, best loss (val) 35.7771 
Epoch 4, current loss (training) 23.0396, current loss (val) 29.8960, best loss (val) 29.8960 
Epoch 5, current loss (training) 19.5317, current loss (val) 26.8971, best loss (val) 26.8971 
Epoch 6, current loss (training) 17.4361, current loss (val) 24.9538, best loss (val) 24.9538 
Epoch 7, current loss (training) 15.6387, current loss (val) 23.4367, best loss (val) 23.4367 
Epoch 8, current loss (training) 14.0039, current loss (val) 22.6883, best loss (val) 22.6883 
Epoch 9, current loss (training) 12.9179, current loss (val) 22.3592, best loss (val) 22.3592 
Epoch 10, current loss (training) 11.7466, current loss (val) 22.2037, best loss (val) 22.2037 
Epoch 11, current loss (training) 11.0562, current loss (val) 21.9449, best loss (val) 21.9449 
Epoch 12, current loss (training) 9.9103, current loss (val) 21.8289, best loss (val) 21.8289 
Epoch 13, current loss (training) 9.7839, current loss (val) 21.7966, best loss (val) 21.7966 
Epoch 14, current loss (training) 8.8217, current loss (val) 21.8124, best loss (val) 21.7966 
Epoch 15, current loss (training) 8.4814, current loss (val) 21.8072, best loss (val) 21.7966 
Epoch 16, current loss (training) 8.0408, current loss (val) 21.8848, best loss (val) 21.7966 
Epoch 17, current loss (training) 7.3932, current loss (val) 21.8760, best loss (val) 21.7966 
Epoch 18, current loss (training) 7.6136, current loss (val) 21.9691, best loss (val) 21.7966 
Epoch 19, current loss (training) 6.9361, current loss (val) 21.9833, best loss (val) 21.7966 
Epoch 20, current loss (training) 6.6537, current loss (val) 21.9674, best loss (val) 21.7966 
Epoch 21, current loss (training) 6.6491, current loss (val) 22.0735, best loss (val) 21.7966 
Epoch 22, current loss (training) 6.3701, current loss (val) 22.1484, best loss (val) 21.7966 
Epoch 23, current loss (training) 6.0254, current loss (val) 22.1325, best loss (val) 21.7966 
Epoch 24, current loss (training) 5.9521, current loss (val) 22.3448, best loss (val) 21.7966 
Epoch 25, current loss (training) 5.5280, current loss (val) 22.2798, best loss (val) 21.7966 
Epoch 26, current loss (training) 5.1878, current loss (val) 22.5995, best loss (val) 21.7966 
Epoch 27, current loss (training) 5.3796, current loss (val) 22.3284, best loss (val) 21.7966 
Epoch 28, current loss (training) 4.8991, current loss (val) 22.6194, best loss (val) 21.7966 
Epoch 29, current loss (training) 4.5907, current loss (val) 22.6163, best loss (val) 21.7966 
Epoch 30, current loss (training) 4.6444, current loss (val) 22.6734, best loss (val) 21.7966 
Epoch 31, current loss (training) 4.4649, current loss (val) 22.8033, best loss (val) 21.7966 
Epoch 32, current loss (training) 4.3425, current loss (val) 22.7774, best loss (val) 21.7966 
Epoch 33, current loss (training) 4.0337, current loss (val) 22.9583, best loss (val) 21.7966 
Epoch 34, current loss (training) 3.9006, current loss (val) 22.9457, best loss (val) 21.7966 
Epoch 35, current loss (training) 3.8203, current loss (val) 23.1066, best loss (val) 21.7966 
Epoch 36, current loss (training) 3.7378, current loss (val) 23.1177, best loss (val) 21.7966 
Epoch 37, current loss (training) 3.4830, current loss (val) 23.2636, best loss (val) 21.7966 
Epoch 38, current loss (training) 3.5841, current loss (val) 23.3298, best loss (val) 21.7966 
Epoch 39, current loss (training) 3.5921, current loss (val) 23.1845, best loss (val) 21.7966 
Epoch 40, current loss (training) 3.0030, current loss (val) 23.6390, best loss (val) 21.7966 
Epoch 41, current loss (training) 3.1117, current loss (val) 23.5487, best loss (val) 21.7966 
Epoch 42, current loss (training) 2.8868, current loss (val) 23.5781, best loss (val) 21.7966 
Epoch 43, current loss (training) 3.1783, current loss (val) 23.6957, best loss (val) 21.7966 
Epoch 44, current loss (training) 3.0273, current loss (val) 23.8013, best loss (val) 21.7966 
Epoch 45, current loss (training) 2.8017, current loss (val) 23.9361, best loss (val) 21.7966 
Epoch 46, current loss (training) 2.9106, current loss (val) 23.8240, best loss (val) 21.7966 
Epoch 47, current loss (training) 2.6733, current loss (val) 24.0456, best loss (val) 21.7966 
Epoch 48, current loss (training) 2.6114, current loss (val) 24.1720, best loss (val) 21.7966 
Epoch 49, current loss (training) 2.6753, current loss (val) 24.2495, best loss (val) 21.7966 
Epoch 50, current loss (training) 2.6231, current loss (val) 24.1089, best loss (val) 21.7966 
Epoch 51, current loss (training) 2.3286, current loss (val) 24.4065, best loss (val) 21.7966 
Epoch 52, current loss (training) 2.3090, current loss (val) 24.2806, best loss (val) 21.7966 
Epoch 53, current loss (training) 2.3264, current loss (val) 24.6422, best loss (val) 21.7966 
Epoch 54, current loss (training) 2.2868, current loss (val) 24.6006, best loss (val) 21.7966 
Epoch 55, current loss (training) 2.1951, current loss (val) 24.5910, best loss (val) 21.7966 
Epoch 56, current loss (training) 1.9727, current loss (val) 24.6651, best loss (val) 21.7966 
Epoch 57, current loss (training) 2.1677, current loss (val) 25.1537, best loss (val) 21.7966 
Epoch 58, current loss (training) 1.8107, current loss (val) 24.7884, best loss (val) 21.7966 
Epoch 59, current loss (training) 2.2807, current loss (val) 24.8790, best loss (val) 21.7966 
Epoch 60, current loss (training) 1.8903, current loss (val) 24.9639, best loss (val) 21.7966 
Epoch 61, current loss (training) 1.8629, current loss (val) 25.1483, best loss (val) 21.7966 
Epoch 62, current loss (training) 1.8313, current loss (val) 24.9626, best loss (val) 21.7966 
Epoch 63, current loss (training) 1.7644, current loss (val) 25.2346, best loss (val) 21.7966 
Epoch 64, current loss (training) 1.7642, current loss (val) 25.3140, best loss (val) 21.7966 
Epoch 65, current loss (training) 1.8368, current loss (val) 25.3490, best loss (val) 21.7966 
Epoch 66, current loss (training) 1.6270, current loss (val) 25.5334, best loss (val) 21.7966 
Epoch 67, current loss (training) 1.3537, current loss (val) 25.6697, best loss (val) 21.7966 
Epoch 68, current loss (training) 1.6109, current loss (val) 26.1095, best loss (val) 21.7966 
Epoch 69, current loss (training) 1.6120, current loss (val) 25.9825, best loss (val) 21.7966 
Epoch 70, current loss (training) 1.4731, current loss (val) 25.9688, best loss (val) 21.7966 
Epoch 71, current loss (training) 1.3726, current loss (val) 25.8893, best loss (val) 21.7966 
Epoch 72, current loss (training) 1.5007, current loss (val) 26.1082, best loss (val) 21.7966 
Epoch 73, current loss (training) 1.4179, current loss (val) 26.0473, best loss (val) 21.7966 
Epoch 74, current loss (training) 1.5009, current loss (val) 26.3197, best loss (val) 21.7966 
Epoch 75, current loss (training) 1.4187, current loss (val) 26.3197, best loss (val) 21.7966 
Epoch 76, current loss (training) 1.3647, current loss (val) 26.6802, best loss (val) 21.7966 
Epoch 77, current loss (training) 1.2910, current loss (val) 26.4155, best loss (val) 21.7966 
Epoch 78, current loss (training) 1.3556, current loss (val) 26.5087, best loss (val) 21.7966 
Epoch 79, current loss (training) 1.1501, current loss (val) 26.3514, best loss (val) 21.7966 
Epoch 80, current loss (training) 1.1467, current loss (val) 26.3629, best loss (val) 21.7966 
Epoch 81, current loss (training) 1.0814, current loss (val) 26.5096, best loss (val) 21.7966 
Epoch 82, current loss (training) 1.0918, current loss (val) 26.7208, best loss (val) 21.7966 
Epoch 83, current loss (training) 1.0883, current loss (val) 26.8621, best loss (val) 21.7966 
Epoch 84, current loss (training) 1.0397, current loss (val) 27.1740, best loss (val) 21.7966 
Epoch 85, current loss (training) 0.9666, current loss (val) 27.1199, best loss (val) 21.7966 
Epoch 86, current loss (training) 1.0125, current loss (val) 27.3457, best loss (val) 21.7966 
Epoch 87, current loss (training) 1.0930, current loss (val) 27.1202, best loss (val) 21.7966 
Epoch 88, current loss (training) 1.0499, current loss (val) 27.0254, best loss (val) 21.7966 
Epoch 89, current loss (training) 1.0373, current loss (val) 26.9602, best loss (val) 21.7966 
Epoch 90, current loss (training) 1.1176, current loss (val) 27.2776, best loss (val) 21.7966 
Epoch 91, current loss (training) 0.9722, current loss (val) 27.5880, best loss (val) 21.7966 
Epoch 92, current loss (training) 1.0292, current loss (val) 27.3628, best loss (val) 21.7966 
Epoch 93, current loss (training) 0.9306, current loss (val) 27.4861, best loss (val) 21.7966 
Epoch 94, current loss (training) 0.9000, current loss (val) 27.7501, best loss (val) 21.7966 
Epoch 95, current loss (training) 0.8778, current loss (val) 27.8481, best loss (val) 21.7966 
Epoch 96, current loss (training) 0.7635, current loss (val) 27.9894, best loss (val) 21.7966 
Epoch 97, current loss (training) 0.7695, current loss (val) 27.9624, best loss (val) 21.7966 
Epoch 98, current loss (training) 0.8209, current loss (val) 27.9904, best loss (val) 21.7966 
Epoch 99, current loss (training) 0.8480, current loss (val) 27.9802, best loss (val) 21.7966 
Epoch 100, current loss (training) 0.7720, current loss (val) 28.0173, best loss (val) 21.7966 
Epoch 101, current loss (training) 0.8063, current loss (val) 28.5217, best loss (val) 21.7966 
Epoch 102, current loss (training) 0.7964, current loss (val) 28.4551, best loss (val) 21.7966 
Epoch 103, current loss (training) 0.8504, current loss (val) 28.5729, best loss (val) 21.7966 
Epoch 104, current loss (training) 0.7151, current loss (val) 28.7466, best loss (val) 21.7966 
Epoch 105, current loss (training) 0.7967, current loss (val) 28.6603, best loss (val) 21.7966 
Epoch 106, current loss (training) 0.6613, current loss (val) 28.9570, best loss (val) 21.7966 
Epoch 107, current loss (training) 0.7898, current loss (val) 29.1993, best loss (val) 21.7966 
Epoch 108, current loss (training) 0.7997, current loss (val) 29.2867, best loss (val) 21.7966 
Epoch 109, current loss (training) 0.6517, current loss (val) 29.0639, best loss (val) 21.7966 
Epoch 110, current loss (training) 0.7419, current loss (val) 29.3826, best loss (val) 21.7966 
Epoch 111, current loss (training) 0.7454, current loss (val) 29.4834, best loss (val) 21.7966 
Epoch 112, current loss (training) 0.5731, current loss (val) 29.5826, best loss (val) 21.7966 
Epoch 113, current loss (training) 0.6274, current loss (val) 29.9514, best loss (val) 21.7966 
Epoch 114, current loss (training) 0.5479, current loss (val) 29.8797, best loss (val) 21.7966 
Epoch 115, current loss (training) 0.5626, current loss (val) 29.7804, best loss (val) 21.7966 
Epoch 116, current loss (training) 0.6765, current loss (val) 29.4731, best loss (val) 21.7966 
Epoch 117, current loss (training) 0.6245, current loss (val) 29.8346, best loss (val) 21.7966 
Epoch 118, current loss (training) 0.4847, current loss (val) 30.0863, best loss (val) 21.7966 
Epoch 119, current loss (training) 0.5923, current loss (val) 30.4311, best loss (val) 21.7966 
Epoch 120, current loss (training) 0.4928, current loss (val) 30.3288, best loss (val) 21.7966 
Epoch 121, current loss (training) 0.5934, current loss (val) 30.2449, best loss (val) 21.7966 
Epoch 122, current loss (training) 0.4382, current loss (val) 30.8052, best loss (val) 21.7966 
Epoch 123, current loss (training) 0.5348, current loss (val) 30.7024, best loss (val) 21.7966 
Epoch 124, current loss (training) 0.5165, current loss (val) 30.5629, best loss (val) 21.7966 
Epoch 125, current loss (training) 0.4654, current loss (val) 30.4631, best loss (val) 21.7966 
Epoch 126, current loss (training) 0.5279, current loss (val) 30.5011, best loss (val) 21.7966 
Epoch 127, current loss (training) 0.5022, current loss (val) 31.3597, best loss (val) 21.7966 
Epoch 128, current loss (training) 0.5171, current loss (val) 31.1998, best loss (val) 21.7966 
Epoch 129, current loss (training) 0.5213, current loss (val) 30.6275, best loss (val) 21.7966 
Epoch 130, current loss (training) 0.4714, current loss (val) 30.7267, best loss (val) 21.7966 
Epoch 131, current loss (training) 0.4215, current loss (val) 31.7075, best loss (val) 21.7966 
Epoch 132, current loss (training) 0.4496, current loss (val) 31.3736, best loss (val) 21.7966 
Epoch 133, current loss (training) 0.4903, current loss (val) 30.9574, best loss (val) 21.7966 
Epoch 134, current loss (training) 0.4960, current loss (val) 31.7392, best loss (val) 21.7966 
Epoch 135, current loss (training) 0.4317, current loss (val) 32.0326, best loss (val) 21.7966 
Epoch 136, current loss (training) 0.4250, current loss (val) 31.1611, best loss (val) 21.7966 
Epoch 137, current loss (training) 0.3445, current loss (val) 31.8459, best loss (val) 21.7966 
Epoch 138, current loss (training) 0.4483, current loss (val) 32.3510, best loss (val) 21.7966 
Epoch 139, current loss (training) 0.4069, current loss (val) 31.5547, best loss (val) 21.7966 
Epoch 140, current loss (training) 0.4037, current loss (val) 32.0803, best loss (val) 21.7966 
Epoch 141, current loss (training) 0.3646, current loss (val) 32.1258, best loss (val) 21.7966 
Epoch 142, current loss (training) 0.3221, current loss (val) 32.1307, best loss (val) 21.7966 
Epoch 143, current loss (training) 0.3910, current loss (val) 32.2915, best loss (val) 21.7966 
Epoch 144, current loss (training) 0.3210, current loss (val) 32.1292, best loss (val) 21.7966 
Epoch 145, current loss (training) 0.3683, current loss (val) 32.2194, best loss (val) 21.7966 
Epoch 146, current loss (training) 0.3612, current loss (val) 32.3625, best loss (val) 21.7966 
Epoch 147, current loss (training) 0.3201, current loss (val) 32.8548, best loss (val) 21.7966 
Epoch 148, current loss (training) 0.3068, current loss (val) 32.1645, best loss (val) 21.7966 
Epoch 149, current loss (training) 0.3351, current loss (val) 33.3526, best loss (val) 21.7966 
Epoch 150, current loss (training) 0.3568, current loss (val) 32.4788, best loss (val) 21.7966 
Epoch 151, current loss (training) 0.3254, current loss (val) 33.1404, best loss (val) 21.7966 
Epoch 152, current loss (training) 0.3438, current loss (val) 32.9685, best loss (val) 21.7966 
Epoch 153, current loss (training) 0.2872, current loss (val) 32.6896, best loss (val) 21.7966 
Epoch 154, current loss (training) 0.3167, current loss (val) 33.3275, best loss (val) 21.7966 
Epoch 155, current loss (training) 0.3365, current loss (val) 33.1342, best loss (val) 21.7966 
Epoch 156, current loss (training) 0.3010, current loss (val) 33.7000, best loss (val) 21.7966 
Epoch 157, current loss (training) 0.2702, current loss (val) 33.1161, best loss (val) 21.7966 
Epoch 158, current loss (training) 0.2865, current loss (val) 33.9568, best loss (val) 21.7966 
Epoch 159, current loss (training) 0.2916, current loss (val) 32.8876, best loss (val) 21.7966 
Epoch 160, current loss (training) 0.3462, current loss (val) 34.1671, best loss (val) 21.7966 
Epoch 161, current loss (training) 0.3597, current loss (val) 32.9956, best loss (val) 21.7966 
Epoch 162, current loss (training) 0.3571, current loss (val) 34.7232, best loss (val) 21.7966 
Epoch 163, current loss (training) 0.2945, current loss (val) 33.2782, best loss (val) 21.7966 
Epoch 164, current loss (training) 0.2970, current loss (val) 34.5459, best loss (val) 21.7966 
Epoch 165, current loss (training) 0.3410, current loss (val) 33.0815, best loss (val) 21.7966 
Epoch 166, current loss (training) 0.3409, current loss (val) 34.8931, best loss (val) 21.7966 
Epoch 167, current loss (training) 0.3185, current loss (val) 33.2526, best loss (val) 21.7966 
Epoch 168, current loss (training) 0.3219, current loss (val) 34.5294, best loss (val) 21.7966 
Epoch 169, current loss (training) 0.3400, current loss (val) 33.2480, best loss (val) 21.7966 
Epoch 170, current loss (training) 0.2428, current loss (val) 34.6102, best loss (val) 21.7966 
Epoch 171, current loss (training) 0.2987, current loss (val) 33.4785, best loss (val) 21.7966 
Epoch 172, current loss (training) 0.3205, current loss (val) 35.2222, best loss (val) 21.7966 
Epoch 173, current loss (training) 0.2980, current loss (val) 34.0796, best loss (val) 21.7966 
Epoch 174, current loss (training) 0.2342, current loss (val) 34.4281, best loss (val) 21.7966 
Epoch 175, current loss (training) 0.2387, current loss (val) 34.3973, best loss (val) 21.7966 
Epoch 176, current loss (training) 0.2869, current loss (val) 34.0531, best loss (val) 21.7966 
Epoch 177, current loss (training) 0.2428, current loss (val) 34.6512, best loss (val) 21.7966 
Epoch 178, current loss (training) 0.2141, current loss (val) 34.3804, best loss (val) 21.7966 
Epoch 179, current loss (training) 0.2238, current loss (val) 35.2892, best loss (val) 21.7966 
Epoch 180, current loss (training) 0.2247, current loss (val) 34.5527, best loss (val) 21.7966 
Epoch 181, current loss (training) 0.2058, current loss (val) 35.2513, best loss (val) 21.7966 
Epoch 182, current loss (training) 0.2256, current loss (val) 34.3251, best loss (val) 21.7966 
Epoch 183, current loss (training) 0.2472, current loss (val) 35.9722, best loss (val) 21.7966 
Epoch 184, current loss (training) 0.2035, current loss (val) 34.8318, best loss (val) 21.7966 
Epoch 185, current loss (training) 0.2438, current loss (val) 35.3474, best loss (val) 21.7966 
Epoch 186, current loss (training) 0.2665, current loss (val) 36.3363, best loss (val) 21.7966 
Epoch 187, current loss (training) 0.2835, current loss (val) 34.3803, best loss (val) 21.7966 
Epoch 188, current loss (training) 0.2397, current loss (val) 35.0615, best loss (val) 21.7966 
Epoch 189, current loss (training) 0.2284, current loss (val) 35.6959, best loss (val) 21.7966 
Epoch 190, current loss (training) 0.2228, current loss (val) 35.4527, best loss (val) 21.7966 
Epoch 191, current loss (training) 0.5160, current loss (val) 33.6022, best loss (val) 21.7966 
Epoch 192, current loss (training) 0.4737, current loss (val) 37.1886, best loss (val) 21.7966 
Epoch 193, current loss (training) 0.3021, current loss (val) 35.1227, best loss (val) 21.7966 
Epoch 194, current loss (training) 0.4272, current loss (val) 34.4114, best loss (val) 21.7966 
Epoch 195, current loss (training) 0.4273, current loss (val) 34.2882, best loss (val) 21.7966 
Epoch 196, current loss (training) 0.3103, current loss (val) 35.4301, best loss (val) 21.7966 
Epoch 197, current loss (training) 0.2564, current loss (val) 34.8170, best loss (val) 21.7966 
Epoch 198, current loss (training) 0.2290, current loss (val) 34.6322, best loss (val) 21.7966 
Epoch 199, current loss (training) 0.2078, current loss (val) 35.1406, best loss (val) 21.7966 
Epoch 200, current loss (training) 0.2151, current loss (val) 35.0761, best loss (val) 21.7966 
Epoch 201, current loss (training) 0.2126, current loss (val) 35.1890, best loss (val) 21.7966 
Epoch 202, current loss (training) 0.1997, current loss (val) 35.1495, best loss (val) 21.7966 
Epoch 203, current loss (training) 0.1900, current loss (val) 35.4100, best loss (val) 21.7966 
Epoch 204, current loss (training) 0.1701, current loss (val) 35.8968, best loss (val) 21.7966 
Epoch 205, current loss (training) 0.2103, current loss (val) 35.3723, best loss (val) 21.7966 
Epoch 206, current loss (training) 0.2080, current loss (val) 36.2611, best loss (val) 21.7966 
Epoch 207, current loss (training) 0.1579, current loss (val) 35.3138, best loss (val) 21.7966 
Epoch 208, current loss (training) 0.1745, current loss (val) 36.6233, best loss (val) 21.7966 
Epoch 209, current loss (training) 0.1561, current loss (val) 35.8831, best loss (val) 21.7966 
Epoch 210, current loss (training) 0.1853, current loss (val) 35.7363, best loss (val) 21.7966 
Epoch 211, current loss (training) 0.1518, current loss (val) 36.0665, best loss (val) 21.7966 
Epoch 212, current loss (training) 0.1992, current loss (val) 37.0853, best loss (val) 21.7966 
Epoch 213, current loss (training) 0.3495, current loss (val) 34.7036, best loss (val) 21.7966 
Epoch 214, current loss (training) 0.1947, current loss (val) 36.7960, best loss (val) 21.7966 
Epoch 215, current loss (training) 0.2493, current loss (val) 35.2157, best loss (val) 21.7966 
Epoch 216, current loss (training) 0.2011, current loss (val) 36.2915, best loss (val) 21.7966 
Epoch 217, current loss (training) 0.2140, current loss (val) 36.7455, best loss (val) 21.7966 
Epoch 218, current loss (training) 0.2279, current loss (val) 35.4733, best loss (val) 21.7966 
Epoch 219, current loss (training) 0.2914, current loss (val) 37.5905, best loss (val) 21.7966 
Epoch 220, current loss (training) 0.2171, current loss (val) 35.7182, best loss (val) 21.7966 
Epoch 221, current loss (training) 0.1792, current loss (val) 36.7506, best loss (val) 21.7966 
Epoch 222, current loss (training) 0.1628, current loss (val) 36.3740, best loss (val) 21.7966 
Epoch 223, current loss (training) 0.1423, current loss (val) 36.0855, best loss (val) 21.7966 
Epoch 224, current loss (training) 0.1405, current loss (val) 36.8909, best loss (val) 21.7966 
Epoch 225, current loss (training) 0.1652, current loss (val) 35.9727, best loss (val) 21.7966 
Epoch 226, current loss (training) 0.1761, current loss (val) 37.0801, best loss (val) 21.7966 
Epoch 227, current loss (training) 0.1823, current loss (val) 35.9369, best loss (val) 21.7966 
Epoch 228, current loss (training) 0.1480, current loss (val) 37.0696, best loss (val) 21.7966 
Epoch 229, current loss (training) 0.1453, current loss (val) 36.3231, best loss (val) 21.7966 
Epoch 230, current loss (training) 0.1363, current loss (val) 37.2596, best loss (val) 21.7966 
Epoch 231, current loss (training) 0.1273, current loss (val) 36.3814, best loss (val) 21.7966 
Epoch 232, current loss (training) 0.1844, current loss (val) 38.2869, best loss (val) 21.7966 
Epoch 233, current loss (training) 0.1892, current loss (val) 36.1614, best loss (val) 21.7966 
Epoch 234, current loss (training) 0.2652, current loss (val) 35.6366, best loss (val) 21.7966 
Epoch 235, current loss (training) 0.2665, current loss (val) 38.1784, best loss (val) 21.7966 
Epoch 236, current loss (training) 0.1935, current loss (val) 36.5946, best loss (val) 21.7966 
Epoch 237, current loss (training) 0.1589, current loss (val) 36.6837, best loss (val) 21.7966 
Epoch 238, current loss (training) 0.1467, current loss (val) 37.0072, best loss (val) 21.7966 
Epoch 239, current loss (training) 0.1480, current loss (val) 37.1359, best loss (val) 21.7966 
Epoch 240, current loss (training) 0.1414, current loss (val) 36.5029, best loss (val) 21.7966 
Epoch 241, current loss (training) 0.2272, current loss (val) 38.5554, best loss (val) 21.7966 
Epoch 242, current loss (training) 0.2176, current loss (val) 35.9000, best loss (val) 21.7966 
Epoch 243, current loss (training) 0.2132, current loss (val) 37.5728, best loss (val) 21.7966 
Epoch 244, current loss (training) 0.3190, current loss (val) 35.9100, best loss (val) 21.7966 
Epoch 245, current loss (training) 0.4845, current loss (val) 34.9744, best loss (val) 21.7966 
Epoch 246, current loss (training) 1.2231, current loss (val) 41.1649, best loss (val) 21.7966 
Epoch 247, current loss (training) 1.7916, current loss (val) 32.3494, best loss (val) 21.7966 
Epoch 248, current loss (training) 1.0748, current loss (val) 38.4555, best loss (val) 21.7966 
Epoch 249, current loss (training) 0.8500, current loss (val) 33.5647, best loss (val) 21.7966 
Epoch 250, current loss (training) 0.7389, current loss (val) 33.1819, best loss (val) 21.7966 
21.796581
run_time_first_training_cycle:  89.43 

Epochs 250, batch size, 200
Nbr training obs 1000, nbr parameters 115454, obs/parameters 0.01

Starting abc-rs
Percentage done:  10.00 %
Percentage done:  20.00 %
Percentage done:  30.00 %
Percentage done:  40.00 %
Percentage done:  50.00 %
Percentage done:  60.00 %
Percentage done:  70.00 %
Percentage done:  80.00 %
Percentage done:  90.00 %
Percentage done:  100.00 %
Ending abc-rs
end script
Round:1
Round:5
Starting abc-rs
Percentage done:  10.00 %
Percentage done:  20.00 %
Percentage done:  30.00 %
Percentage done:  40.00 %
Percentage done:  50.00 %
Percentage done:  60.00 %
Percentage done:  70.00 %
Percentage done:  80.00 %
Percentage done:  90.00 %
Percentage done:  100.00 %
Ending abc-rs
 30.640278 seconds (4.75 M allocations: 842.836 MiB, 0.75% gc time)
Round:9
Starting abc-rs
Percentage done:  10.00 %
Percentage done:  20.00 %
Percentage done:  30.00 %
Percentage done:  40.00 %
Percentage done:  50.00 %
Percentage done:  60.00 %
Percentage done:  70.00 %
Percentage done:  80.00 %
Percentage done:  90.00 %
Percentage done:  100.00 %
Ending abc-rs
 29.275637 seconds (2.80 M allocations: 749.209 MiB, 0.29% gc time)
Round:13
Starting abc-rs
Percentage done:  10.00 %
Percentage done:  20.00 %
Percentage done:  30.00 %
Percentage done:  40.00 %
Percentage done:  50.00 %
Percentage done:  60.00 %
Percentage done:  70.00 %
Percentage done:  80.00 %
Percentage done:  90.00 %
Percentage done:  100.00 %
Ending abc-rs
 29.401944 seconds (2.80 M allocations: 749.209 MiB, 0.54% gc time)
Round:17
Starting abc-rs
Percentage done:  10.00 %
Percentage done:  20.00 %
Percentage done:  30.00 %
Percentage done:  40.00 %
Percentage done:  50.00 %
Percentage done:  60.00 %
Percentage done:  70.00 %
Percentage done:  80.00 %
Percentage done:  90.00 %
Percentage done:  100.00 %
Ending abc-rs
 29.253402 seconds (2.80 M allocations: 749.209 MiB, 0.29% gc time)
Round:21
Starting abc-rs
Percentage done:  10.00 %
Percentage done:  20.00 %
Percentage done:  30.00 %
Percentage done:  40.00 %
Percentage done:  50.00 %
Percentage done:  60.00 %
Percentage done:  70.00 %
Percentage done:  80.00 %
Percentage done:  90.00 %
Percentage done:  100.00 %
Ending abc-rs
 29.269049 seconds (2.80 M allocations: 749.209 MiB, 0.29% gc time)
Round:25
Starting abc-rs
Percentage done:  10.00 %
Percentage done:  20.00 %
Percentage done:  30.00 %
Percentage done:  40.00 %
Percentage done:  50.00 %
Percentage done:  60.00 %
Percentage done:  70.00 %
Percentage done:  80.00 %
Percentage done:  90.00 %
Percentage done:  100.00 %
Ending abc-rs
 29.234482 seconds (2.80 M allocations: 749.209 MiB, 0.29% gc time)
Round:29
Starting abc-rs
Percentage done:  10.00 %
Percentage done:  20.00 %
Percentage done:  30.00 %
Percentage done:  40.00 %
Percentage done:  50.00 %
Percentage done:  60.00 %
Percentage done:  70.00 %
Percentage done:  80.00 %
Percentage done:  90.00 %
Percentage done:  100.00 %
Ending abc-rs
 29.212076 seconds (2.80 M allocations: 749.209 MiB, 0.39% gc time)
Round:33
Starting abc-rs
Percentage done:  10.00 %
Percentage done:  20.00 %
Percentage done:  30.00 %
Percentage done:  40.00 %
Percentage done:  50.00 %
Percentage done:  60.00 %
Percentage done:  70.00 %
Percentage done:  80.00 %
Percentage done:  90.00 %
Percentage done:  100.00 %
Ending abc-rs
 29.321359 seconds (2.80 M allocations: 749.209 MiB, 0.40% gc time)
Round:37
Starting abc-rs
Percentage done:  10.00 %
Percentage done:  20.00 %
Percentage done:  30.00 %
Percentage done:  40.00 %
Percentage done:  50.00 %
Percentage done:  60.00 %
Percentage done:  70.00 %
Percentage done:  80.00 %
Percentage done:  90.00 %
Percentage done:  100.00 %
Ending abc-rs
 29.185215 seconds (2.80 M allocations: 749.209 MiB, 0.29% gc time)
Round:41
Starting abc-rs
Percentage done:  10.00 %
Percentage done:  20.00 %
Percentage done:  30.00 %
Percentage done:  40.00 %
Percentage done:  50.00 %
Percentage done:  60.00 %
Percentage done:  70.00 %
Percentage done:  80.00 %
Percentage done:  90.00 %
Percentage done:  100.00 %
Ending abc-rs
 29.149840 seconds (2.80 M allocations: 749.209 MiB, 0.29% gc time)
Round:45
Starting abc-rs
Percentage done:  10.00 %
Percentage done:  20.00 %
Percentage done:  30.00 %
Percentage done:  40.00 %
Percentage done:  50.00 %
Percentage done:  60.00 %
Percentage done:  70.00 %
Percentage done:  80.00 %
Percentage done:  90.00 %
Percentage done:  100.00 %
Ending abc-rs
 29.144011 seconds (2.80 M allocations: 749.209 MiB, 0.29% gc time)
Round:49
Starting abc-rs
Percentage done:  10.00 %
Percentage done:  20.00 %
Percentage done:  30.00 %
Percentage done:  40.00 %
Percentage done:  50.00 %
Percentage done:  60.00 %
Percentage done:  70.00 %
Percentage done:  80.00 %
Percentage done:  90.00 %
Percentage done:  100.00 %
Ending abc-rs
 29.099270 seconds (2.80 M allocations: 749.209 MiB, 0.29% gc time)
Round:53
Starting abc-rs
Percentage done:  10.00 %
Percentage done:  20.00 %
Percentage done:  30.00 %
Percentage done:  40.00 %
Percentage done:  50.00 %
Percentage done:  60.00 %
Percentage done:  70.00 %
Percentage done:  80.00 %
Percentage done:  90.00 %
Percentage done:  100.00 %
Ending abc-rs
 29.123064 seconds (2.80 M allocations: 749.209 MiB, 0.29% gc time)
Round:57
Starting abc-rs
Percentage done:  10.00 %
Percentage done:  20.00 %
Percentage done:  30.00 %
Percentage done:  40.00 %
Percentage done:  50.00 %
Percentage done:  60.00 %
Percentage done:  70.00 %
Percentage done:  80.00 %
Percentage done:  90.00 %
Percentage done:  100.00 %
Ending abc-rs
 29.177582 seconds (2.80 M allocations: 749.209 MiB, 0.41% gc time)
Round:61
Starting abc-rs
Percentage done:  10.00 %
Percentage done:  20.00 %
Percentage done:  30.00 %
Percentage done:  40.00 %
Percentage done:  50.00 %
Percentage done:  60.00 %
Percentage done:  70.00 %
Percentage done:  80.00 %
Percentage done:  90.00 %
Percentage done:  100.00 %
Ending abc-rs
 29.279802 seconds (2.80 M allocations: 749.209 MiB, 0.47% gc time)
Round:65
Starting abc-rs
Percentage done:  10.00 %
Percentage done:  20.00 %
Percentage done:  30.00 %
Percentage done:  40.00 %
Percentage done:  50.00 %
Percentage done:  60.00 %
Percentage done:  70.00 %
Percentage done:  80.00 %
Percentage done:  90.00 %
Percentage done:  100.00 %
Ending abc-rs
 29.137335 seconds (2.80 M allocations: 749.209 MiB, 0.29% gc time)
Round:69
Starting abc-rs
Percentage done:  10.00 %
Percentage done:  20.00 %
Percentage done:  30.00 %
Percentage done:  40.00 %
Percentage done:  50.00 %
Percentage done:  60.00 %
Percentage done:  70.00 %
Percentage done:  80.00 %
Percentage done:  90.00 %
Percentage done:  100.00 %
Ending abc-rs
 29.162077 seconds (2.80 M allocations: 749.209 MiB, 0.29% gc time)
Round:73
Starting abc-rs
Percentage done:  10.00 %
Percentage done:  20.00 %
Percentage done:  30.00 %
Percentage done:  40.00 %
Percentage done:  50.00 %
Percentage done:  60.00 %
Percentage done:  70.00 %
Percentage done:  80.00 %
Percentage done:  90.00 %
Percentage done:  100.00 %
Ending abc-rs
 29.116635 seconds (2.80 M allocations: 749.209 MiB, 0.29% gc time)
Round:77
Starting abc-rs
Percentage done:  10.00 %
Percentage done:  20.00 %
Percentage done:  30.00 %
Percentage done:  40.00 %
Percentage done:  50.00 %
Percentage done:  60.00 %
Percentage done:  70.00 %
Percentage done:  80.00 %
Percentage done:  90.00 %
Percentage done:  100.00 %
Ending abc-rs
 29.121075 seconds (2.80 M allocations: 749.209 MiB, 0.29% gc time)
Round:81
Starting abc-rs
Percentage done:  10.00 %
Percentage done:  20.00 %
Percentage done:  30.00 %
Percentage done:  40.00 %
Percentage done:  50.00 %
Percentage done:  60.00 %
Percentage done:  70.00 %
Percentage done:  80.00 %
Percentage done:  90.00 %
Percentage done:  100.00 %
Ending abc-rs
 29.115991 seconds (2.80 M allocations: 749.209 MiB, 0.29% gc time)
Round:85
Starting abc-rs
Percentage done:  10.00 %
Percentage done:  20.00 %
Percentage done:  30.00 %
Percentage done:  40.00 %
Percentage done:  50.00 %
Percentage done:  60.00 %
Percentage done:  70.00 %
Percentage done:  80.00 %
Percentage done:  90.00 %
Percentage done:  100.00 %
Ending abc-rs
 29.125879 seconds (2.80 M allocations: 749.209 MiB, 0.29% gc time)
Round:89
Starting abc-rs
Percentage done:  10.00 %
Percentage done:  20.00 %
Percentage done:  30.00 %
Percentage done:  40.00 %
Percentage done:  50.00 %
Percentage done:  60.00 %
Percentage done:  70.00 %
Percentage done:  80.00 %
Percentage done:  90.00 %
Percentage done:  100.00 %
Ending abc-rs
 29.128047 seconds (2.80 M allocations: 749.209 MiB, 0.29% gc time)
Round:93
Starting abc-rs
Percentage done:  10.00 %
Percentage done:  20.00 %
Percentage done:  30.00 %
Percentage done:  40.00 %
Percentage done:  50.00 %
Percentage done:  60.00 %
Percentage done:  70.00 %
Percentage done:  80.00 %
Percentage done:  90.00 %
Percentage done:  100.00 %
Ending abc-rs
 29.091899 seconds (2.80 M allocations: 749.209 MiB, 0.29% gc time)
Round:97
Starting abc-rs
Percentage done:  10.00 %
Percentage done:  20.00 %
Percentage done:  30.00 %
Percentage done:  40.00 %
Percentage done:  50.00 %
Percentage done:  60.00 %
Percentage done:  70.00 %
Percentage done:  80.00 %
Percentage done:  90.00 %
Percentage done:  100.00 %
Ending abc-rs
 29.107785 seconds (2.80 M allocations: 749.209 MiB, 0.29% gc time)
Round:101
Starting abc-rs
Percentage done:  10.00 %
Percentage done:  20.00 %
Percentage done:  30.00 %
Percentage done:  40.00 %
Percentage done:  50.00 %
Percentage done:  60.00 %
Percentage done:  70.00 %
Percentage done:  80.00 %
Percentage done:  90.00 %
Percentage done:  100.00 %
Ending abc-rs
 29.158664 seconds (2.80 M allocations: 749.209 MiB, 0.29% gc time)
Round:105
Starting abc-rs
Percentage done:  10.00 %
Percentage done:  20.00 %
Percentage done:  30.00 %
Percentage done:  40.00 %
Percentage done:  50.00 %
Percentage done:  60.00 %
Percentage done:  70.00 %
Percentage done:  80.00 %
Percentage done:  90.00 %
Percentage done:  100.00 %
Ending abc-rs
 29.160014 seconds (2.80 M allocations: 749.209 MiB, 0.29% gc time)
Round:109
Starting abc-rs
Percentage done:  10.00 %
Percentage done:  20.00 %
Percentage done:  30.00 %
Percentage done:  40.00 %
Percentage done:  50.00 %
Percentage done:  60.00 %
Percentage done:  70.00 %
Percentage done:  80.00 %
Percentage done:  90.00 %
Percentage done:  100.00 %
Ending abc-rs
 29.141788 seconds (2.80 M allocations: 749.209 MiB, 0.29% gc time)
Round:113
Starting abc-rs
Percentage done:  10.00 %
Percentage done:  20.00 %
Percentage done:  30.00 %
Percentage done:  40.00 %
Percentage done:  50.00 %
Percentage done:  60.00 %
Percentage done:  70.00 %
Percentage done:  80.00 %
Percentage done:  90.00 %
Percentage done:  100.00 %
Ending abc-rs
 29.154854 seconds (2.80 M allocations: 749.209 MiB, 0.39% gc time)
Round:117
Starting abc-rs
Percentage done:  10.00 %
Percentage done:  20.00 %
Percentage done:  30.00 %
Percentage done:  40.00 %
Percentage done:  50.00 %
Percentage done:  60.00 %
Percentage done:  70.00 %
Percentage done:  80.00 %
Percentage done:  90.00 %
Percentage done:  100.00 %
Ending abc-rs
 29.147268 seconds (2.80 M allocations: 749.209 MiB, 0.29% gc time)
Round:121
Starting abc-rs
Percentage done:  10.00 %
Percentage done:  20.00 %
Percentage done:  30.00 %
Percentage done:  40.00 %
Percentage done:  50.00 %
Percentage done:  60.00 %
Percentage done:  70.00 %
Percentage done:  80.00 %
Percentage done:  90.00 %
Percentage done:  100.00 %
Ending abc-rs
 29.155667 seconds (2.80 M allocations: 749.209 MiB, 0.29% gc time)
Round:125
Starting abc-rs
Percentage done:  10.00 %
Percentage done:  20.00 %
Percentage done:  30.00 %
Percentage done:  40.00 %
Percentage done:  50.00 %
Percentage done:  60.00 %
Percentage done:  70.00 %
Percentage done:  80.00 %
Percentage done:  90.00 %
Percentage done:  100.00 %
Ending abc-rs
 29.280874 seconds (2.80 M allocations: 749.209 MiB, 0.49% gc time)
Round:129
Starting abc-rs
Percentage done:  10.00 %
Percentage done:  20.00 %
Percentage done:  30.00 %
Percentage done:  40.00 %
Percentage done:  50.00 %
Percentage done:  60.00 %
Percentage done:  70.00 %
Percentage done:  80.00 %
Percentage done:  90.00 %
Percentage done:  100.00 %
Ending abc-rs
 29.115874 seconds (2.80 M allocations: 749.209 MiB, 0.29% gc time)
Round:133
Starting abc-rs
Percentage done:  10.00 %
Percentage done:  20.00 %
Percentage done:  30.00 %
Percentage done:  40.00 %
Percentage done:  50.00 %
Percentage done:  60.00 %
Percentage done:  70.00 %
Percentage done:  80.00 %
Percentage done:  90.00 %
Percentage done:  100.00 %
Ending abc-rs
 29.138653 seconds (2.80 M allocations: 749.209 MiB, 0.29% gc time)
Round:137
Starting abc-rs
Percentage done:  10.00 %
Percentage done:  20.00 %
Percentage done:  30.00 %
Percentage done:  40.00 %
Percentage done:  50.00 %
Percentage done:  60.00 %
Percentage done:  70.00 %
Percentage done:  80.00 %
Percentage done:  90.00 %
Percentage done:  100.00 %
Ending abc-rs
 29.114972 seconds (2.80 M allocations: 749.209 MiB, 0.29% gc time)
Round:141
Starting abc-rs
Percentage done:  10.00 %
Percentage done:  20.00 %
Percentage done:  30.00 %
Percentage done:  40.00 %
Percentage done:  50.00 %
Percentage done:  60.00 %
Percentage done:  70.00 %
Percentage done:  80.00 %
Percentage done:  90.00 %
Percentage done:  100.00 %
Ending abc-rs
 29.117375 seconds (2.80 M allocations: 749.209 MiB, 0.29% gc time)
Round:145
Starting abc-rs
Percentage done:  10.00 %
Percentage done:  20.00 %
Percentage done:  30.00 %
Percentage done:  40.00 %
Percentage done:  50.00 %
Percentage done:  60.00 %
Percentage done:  70.00 %
Percentage done:  80.00 %
Percentage done:  90.00 %
Percentage done:  100.00 %
Ending abc-rs
 29.131220 seconds (2.80 M allocations: 749.209 MiB, 0.29% gc time)
Round:149
Starting abc-rs
Percentage done:  10.00 %
Percentage done:  20.00 %
Percentage done:  30.00 %
Percentage done:  40.00 %
Percentage done:  50.00 %
Percentage done:  60.00 %
Percentage done:  70.00 %
Percentage done:  80.00 %
Percentage done:  90.00 %
Percentage done:  100.00 %
Ending abc-rs
 29.145632 seconds (2.80 M allocations: 749.209 MiB, 0.29% gc time)
Round:153
Starting abc-rs
Percentage done:  10.00 %
Percentage done:  20.00 %
Percentage done:  30.00 %
Percentage done:  40.00 %
Percentage done:  50.00 %
Percentage done:  60.00 %
Percentage done:  70.00 %
Percentage done:  80.00 %
Percentage done:  90.00 %
Percentage done:  100.00 %
Ending abc-rs
 29.110522 seconds (2.80 M allocations: 749.209 MiB, 0.29% gc time)
Round:157
Starting abc-rs
Percentage done:  10.00 %
Percentage done:  20.00 %
Percentage done:  30.00 %
Percentage done:  40.00 %
Percentage done:  50.00 %
Percentage done:  60.00 %
Percentage done:  70.00 %
Percentage done:  80.00 %
Percentage done:  90.00 %
Percentage done:  100.00 %
Ending abc-rs
 29.120064 seconds (2.80 M allocations: 749.209 MiB, 0.29% gc time)
Round:161
Starting abc-rs
Percentage done:  10.00 %
Percentage done:  20.00 %
Percentage done:  30.00 %
Percentage done:  40.00 %
Percentage done:  50.00 %
Percentage done:  60.00 %
Percentage done:  70.00 %
Percentage done:  80.00 %
Percentage done:  90.00 %
Percentage done:  100.00 %
Ending abc-rs
 29.134907 seconds (2.80 M allocations: 749.209 MiB, 0.29% gc time)
Round:165
Starting abc-rs
Percentage done:  10.00 %
Percentage done:  20.00 %
Percentage done:  30.00 %
Percentage done:  40.00 %
Percentage done:  50.00 %
Percentage done:  60.00 %
Percentage done:  70.00 %
Percentage done:  80.00 %
Percentage done:  90.00 %
Percentage done:  100.00 %
Ending abc-rs
 29.118860 seconds (2.80 M allocations: 749.209 MiB, 0.29% gc time)
Round:169
Starting abc-rs
Percentage done:  10.00 %
Percentage done:  20.00 %
Percentage done:  30.00 %
Percentage done:  40.00 %
Percentage done:  50.00 %
Percentage done:  60.00 %
Percentage done:  70.00 %
Percentage done:  80.00 %
Percentage done:  90.00 %
Percentage done:  100.00 %
Ending abc-rs
 29.135139 seconds (2.80 M allocations: 749.209 MiB, 0.37% gc time)
Round:173
Starting abc-rs
Percentage done:  10.00 %
Percentage done:  20.00 %
Percentage done:  30.00 %
Percentage done:  40.00 %
Percentage done:  50.00 %
Percentage done:  60.00 %
Percentage done:  70.00 %
Percentage done:  80.00 %
Percentage done:  90.00 %
Percentage done:  100.00 %
Ending abc-rs
 29.109898 seconds (2.80 M allocations: 749.209 MiB, 0.28% gc time)
Round:177
Starting abc-rs
Percentage done:  10.00 %
Percentage done:  20.00 %
Percentage done:  30.00 %
Percentage done:  40.00 %
Percentage done:  50.00 %
Percentage done:  60.00 %
Percentage done:  70.00 %
Percentage done:  80.00 %
Percentage done:  90.00 %
Percentage done:  100.00 %
Ending abc-rs
 29.082725 seconds (2.80 M allocations: 749.209 MiB, 0.29% gc time)
Round:181
Starting abc-rs
Percentage done:  10.00 %
Percentage done:  20.00 %
Percentage done:  30.00 %
Percentage done:  40.00 %
Percentage done:  50.00 %
Percentage done:  60.00 %
Percentage done:  70.00 %
Percentage done:  80.00 %
Percentage done:  90.00 %
Percentage done:  100.00 %
Ending abc-rs
 29.094524 seconds (2.80 M allocations: 749.209 MiB, 0.29% gc time)
Round:185
Starting abc-rs
Percentage done:  10.00 %
Percentage done:  20.00 %
Percentage done:  30.00 %
Percentage done:  40.00 %
Percentage done:  50.00 %
Percentage done:  60.00 %
Percentage done:  70.00 %
Percentage done:  80.00 %
Percentage done:  90.00 %
Percentage done:  100.00 %
Ending abc-rs
 29.112435 seconds (2.80 M allocations: 749.209 MiB, 0.29% gc time)
Round:189
Starting abc-rs
Percentage done:  10.00 %
Percentage done:  20.00 %
Percentage done:  30.00 %
Percentage done:  40.00 %
Percentage done:  50.00 %
Percentage done:  60.00 %
Percentage done:  70.00 %
Percentage done:  80.00 %
Percentage done:  90.00 %
Percentage done:  100.00 %
Ending abc-rs
 29.087675 seconds (2.80 M allocations: 749.209 MiB, 0.29% gc time)
Round:193
Starting abc-rs
Percentage done:  10.00 %
Percentage done:  20.00 %
Percentage done:  30.00 %
Percentage done:  40.00 %
Percentage done:  50.00 %
Percentage done:  60.00 %
Percentage done:  70.00 %
Percentage done:  80.00 %
Percentage done:  90.00 %
Percentage done:  100.00 %
Ending abc-rs
 29.101506 seconds (2.80 M allocations: 749.209 MiB, 0.29% gc time)
Round:197
Starting abc-rs
Percentage done:  10.00 %
Percentage done:  20.00 %
Percentage done:  30.00 %
Percentage done:  40.00 %
Percentage done:  50.00 %
Percentage done:  60.00 %
Percentage done:  70.00 %
Percentage done:  80.00 %
Percentage done:  90.00 %
Percentage done:  100.00 %
Ending abc-rs
 29.150040 seconds (2.80 M allocations: 749.209 MiB, 0.38% gc time)
Round:201
Starting abc-rs
Percentage done:  10.00 %
Percentage done:  20.00 %
Percentage done:  30.00 %
Percentage done:  40.00 %
Percentage done:  50.00 %
Percentage done:  60.00 %
Percentage done:  70.00 %
Percentage done:  80.00 %
Percentage done:  90.00 %
Percentage done:  100.00 %
Ending abc-rs
 29.107438 seconds (2.80 M allocations: 749.209 MiB, 0.29% gc time)
Round:205
Starting abc-rs
Percentage done:  10.00 %
Percentage done:  20.00 %
Percentage done:  30.00 %
Percentage done:  40.00 %
Percentage done:  50.00 %
Percentage done:  60.00 %
Percentage done:  70.00 %
Percentage done:  80.00 %
Percentage done:  90.00 %
Percentage done:  100.00 %
Ending abc-rs
 29.080401 seconds (2.80 M allocations: 749.209 MiB, 0.28% gc time)
Round:209
Starting abc-rs
Percentage done:  10.00 %
Percentage done:  20.00 %
Percentage done:  30.00 %
Percentage done:  40.00 %
Percentage done:  50.00 %
Percentage done:  60.00 %
Percentage done:  70.00 %
Percentage done:  80.00 %
Percentage done:  90.00 %
Percentage done:  100.00 %
Ending abc-rs
 29.184239 seconds (2.80 M allocations: 749.209 MiB, 0.49% gc time)
Round:213
Starting abc-rs
Percentage done:  10.00 %
Percentage done:  20.00 %
Percentage done:  30.00 %
Percentage done:  40.00 %
Percentage done:  50.00 %
Percentage done:  60.00 %
Percentage done:  70.00 %
Percentage done:  80.00 %
Percentage done:  90.00 %
Percentage done:  100.00 %
Ending abc-rs
 29.105771 seconds (2.80 M allocations: 749.209 MiB, 0.29% gc time)
Round:217
Starting abc-rs
Percentage done:  10.00 %
Percentage done:  20.00 %
Percentage done:  30.00 %
Percentage done:  40.00 %
Percentage done:  50.00 %
Percentage done:  60.00 %
Percentage done:  70.00 %
Percentage done:  80.00 %
Percentage done:  90.00 %
Percentage done:  100.00 %
Ending abc-rs
 29.111996 seconds (2.80 M allocations: 749.209 MiB, 0.29% gc time)
Round:221
Starting abc-rs
Percentage done:  10.00 %
Percentage done:  20.00 %
Percentage done:  30.00 %
Percentage done:  40.00 %
Percentage done:  50.00 %
Percentage done:  60.00 %
Percentage done:  70.00 %
Percentage done:  80.00 %
Percentage done:  90.00 %
Percentage done:  100.00 %
Ending abc-rs
 29.076596 seconds (2.80 M allocations: 749.209 MiB, 0.28% gc time)
Round:225
Starting abc-rs
Percentage done:  10.00 %
Percentage done:  20.00 %
Percentage done:  30.00 %
Percentage done:  40.00 %
Percentage done:  50.00 %
Percentage done:  60.00 %
Percentage done:  70.00 %
Percentage done:  80.00 %
Percentage done:  90.00 %
Percentage done:  100.00 %
Ending abc-rs
 29.582271 seconds (2.80 M allocations: 749.209 MiB, 1.33% gc time)
Round:229
Starting abc-rs
Percentage done:  10.00 %
Percentage done:  20.00 %
Percentage done:  30.00 %
Percentage done:  40.00 %
Percentage done:  50.00 %
Percentage done:  60.00 %
Percentage done:  70.00 %
Percentage done:  80.00 %
Percentage done:  90.00 %
Percentage done:  100.00 %
Ending abc-rs
 29.085637 seconds (2.80 M allocations: 749.209 MiB, 0.28% gc time)
Round:233
Starting abc-rs
Percentage done:  10.00 %
Percentage done:  20.00 %
Percentage done:  30.00 %
Percentage done:  40.00 %
Percentage done:  50.00 %
Percentage done:  60.00 %
Percentage done:  70.00 %
Percentage done:  80.00 %
Percentage done:  90.00 %
Percentage done:  100.00 %
Ending abc-rs
 29.079603 seconds (2.80 M allocations: 749.209 MiB, 0.29% gc time)
Round:237
Starting abc-rs
Percentage done:  10.00 %
Percentage done:  20.00 %
Percentage done:  30.00 %
Percentage done:  40.00 %
Percentage done:  50.00 %
Percentage done:  60.00 %
Percentage done:  70.00 %
Percentage done:  80.00 %
Percentage done:  90.00 %
Percentage done:  100.00 %
Ending abc-rs
 29.071003 seconds (2.80 M allocations: 749.209 MiB, 0.28% gc time)
Round:241
Starting abc-rs
Percentage done:  10.00 %
Percentage done:  20.00 %
Percentage done:  30.00 %
Percentage done:  40.00 %
Percentage done:  50.00 %
Percentage done:  60.00 %
Percentage done:  70.00 %
Percentage done:  80.00 %
Percentage done:  90.00 %
Percentage done:  100.00 %
Ending abc-rs
 29.073571 seconds (2.80 M allocations: 749.209 MiB, 0.28% gc time)
Round:245
Starting abc-rs
Percentage done:  10.00 %
Percentage done:  20.00 %
Percentage done:  30.00 %
Percentage done:  40.00 %
Percentage done:  50.00 %
Percentage done:  60.00 %
Percentage done:  70.00 %
Percentage done:  80.00 %
Percentage done:  90.00 %
Percentage done:  100.00 %
Ending abc-rs
 29.069558 seconds (2.80 M allocations: 749.209 MiB, 0.28% gc time)
Round:249
Starting abc-rs
Percentage done:  10.00 %
Percentage done:  20.00 %
Percentage done:  30.00 %
Percentage done:  40.00 %
Percentage done:  50.00 %
Percentage done:  60.00 %
Percentage done:  70.00 %
Percentage done:  80.00 %
Percentage done:  90.00 %
Percentage done:  100.00 %
Ending abc-rs
 29.077768 seconds (2.80 M allocations: 749.209 MiB, 0.29% gc time)
Round:253
Starting abc-rs
Percentage done:  10.00 %
Percentage done:  20.00 %
Percentage done:  30.00 %
Percentage done:  40.00 %
Percentage done:  50.00 %
Percentage done:  60.00 %
Percentage done:  70.00 %
Percentage done:  80.00 %
Percentage done:  90.00 %
Percentage done:  100.00 %
Ending abc-rs
 29.061609 seconds (2.80 M allocations: 749.209 MiB, 0.28% gc time)
Round:257
Starting abc-rs
Percentage done:  10.00 %
Percentage done:  20.00 %
Percentage done:  30.00 %
Percentage done:  40.00 %
Percentage done:  50.00 %
Percentage done:  60.00 %
Percentage done:  70.00 %
Percentage done:  80.00 %
Percentage done:  90.00 %
Percentage done:  100.00 %
Ending abc-rs
 29.073483 seconds (2.80 M allocations: 749.209 MiB, 0.28% gc time)
Round:261
Starting abc-rs
Percentage done:  10.00 %
Percentage done:  20.00 %
Percentage done:  30.00 %
Percentage done:  40.00 %
Percentage done:  50.00 %
Percentage done:  60.00 %
Percentage done:  70.00 %
Percentage done:  80.00 %
Percentage done:  90.00 %
Percentage done:  100.00 %
Ending abc-rs
 29.058197 seconds (2.80 M allocations: 749.209 MiB, 0.28% gc time)
Round:265
Starting abc-rs
Percentage done:  10.00 %
Percentage done:  20.00 %
Percentage done:  30.00 %
Percentage done:  40.00 %
Percentage done:  50.00 %
Percentage done:  60.00 %
Percentage done:  70.00 %
Percentage done:  80.00 %
Percentage done:  90.00 %
Percentage done:  100.00 %
Ending abc-rs
 29.143234 seconds (2.80 M allocations: 749.209 MiB, 0.29% gc time)
Round:269
Starting abc-rs
Percentage done:  10.00 %
Percentage done:  20.00 %
Percentage done:  30.00 %
Percentage done:  40.00 %
Percentage done:  50.00 %
Percentage done:  60.00 %
Percentage done:  70.00 %
Percentage done:  80.00 %
Percentage done:  90.00 %
Percentage done:  100.00 %
Ending abc-rs
 29.092183 seconds (2.80 M allocations: 749.209 MiB, 0.28% gc time)
Round:273
Starting abc-rs
Percentage done:  10.00 %
Percentage done:  20.00 %
Percentage done:  30.00 %
Percentage done:  40.00 %
Percentage done:  50.00 %
Percentage done:  60.00 %
Percentage done:  70.00 %
Percentage done:  80.00 %
Percentage done:  90.00 %
Percentage done:  100.00 %
Ending abc-rs
 29.108247 seconds (2.80 M allocations: 749.209 MiB, 0.28% gc time)
Round:277
Starting abc-rs
Percentage done:  10.00 %
Percentage done:  20.00 %
Percentage done:  30.00 %
Percentage done:  40.00 %
Percentage done:  50.00 %
Percentage done:  60.00 %
Percentage done:  70.00 %
Percentage done:  80.00 %
Percentage done:  90.00 %
Percentage done:  100.00 %
Ending abc-rs
 29.101321 seconds (2.80 M allocations: 749.209 MiB, 0.28% gc time)
Round:281
Starting abc-rs
Percentage done:  10.00 %
Percentage done:  20.00 %
Percentage done:  30.00 %
Percentage done:  40.00 %
Percentage done:  50.00 %
Percentage done:  60.00 %
Percentage done:  70.00 %
Percentage done:  80.00 %
Percentage done:  90.00 %
Percentage done:  100.00 %
Ending abc-rs
 29.100428 seconds (2.80 M allocations: 749.209 MiB, 0.29% gc time)
Round:285
Starting abc-rs
Percentage done:  10.00 %
Percentage done:  20.00 %
Percentage done:  30.00 %
Percentage done:  40.00 %
Percentage done:  50.00 %
Percentage done:  60.00 %
Percentage done:  70.00 %
Percentage done:  80.00 %
Percentage done:  90.00 %
Percentage done:  100.00 %
Ending abc-rs
 29.065464 seconds (2.80 M allocations: 749.209 MiB, 0.28% gc time)
Round:289
Starting abc-rs
Percentage done:  10.00 %
Percentage done:  20.00 %
Percentage done:  30.00 %
Percentage done:  40.00 %
Percentage done:  50.00 %
Percentage done:  60.00 %
Percentage done:  70.00 %
Percentage done:  80.00 %
Percentage done:  90.00 %
Percentage done:  100.00 %
Ending abc-rs
 29.091051 seconds (2.80 M allocations: 749.209 MiB, 0.28% gc time)
Round:293
Starting abc-rs
Percentage done:  10.00 %
Percentage done:  20.00 %
Percentage done:  30.00 %
Percentage done:  40.00 %
Percentage done:  50.00 %
Percentage done:  60.00 %
Percentage done:  70.00 %
Percentage done:  80.00 %
Percentage done:  90.00 %
Percentage done:  100.00 %
Ending abc-rs
 29.077234 seconds (2.80 M allocations: 749.209 MiB, 0.28% gc time)
Round:297
Starting abc-rs
Percentage done:  10.00 %
Percentage done:  20.00 %
Percentage done:  30.00 %
Percentage done:  40.00 %
Percentage done:  50.00 %
Percentage done:  60.00 %
Percentage done:  70.00 %
Percentage done:  80.00 %
Percentage done:  90.00 %
Percentage done:  100.00 %
Ending abc-rs
 29.100443 seconds (2.80 M allocations: 749.209 MiB, 0.29% gc time)
Round:301
Starting abc-rs
Percentage done:  10.00 %
Percentage done:  20.00 %
Percentage done:  30.00 %
Percentage done:  40.00 %
Percentage done:  50.00 %
Percentage done:  60.00 %
Percentage done:  70.00 %
Percentage done:  80.00 %
Percentage done:  90.00 %
Percentage done:  100.00 %
Ending abc-rs
 29.058751 seconds (2.80 M allocations: 749.209 MiB, 0.28% gc time)
Round:305
Starting abc-rs
Percentage done:  10.00 %
Percentage done:  20.00 %
Percentage done:  30.00 %
Percentage done:  40.00 %
Percentage done:  50.00 %
Percentage done:  60.00 %
Percentage done:  70.00 %
Percentage done:  80.00 %
Percentage done:  90.00 %
Percentage done:  100.00 %
Ending abc-rs
 29.080219 seconds (2.80 M allocations: 749.209 MiB, 0.28% gc time)
Round:309
Starting abc-rs
Percentage done:  10.00 %
Percentage done:  20.00 %
Percentage done:  30.00 %
Percentage done:  40.00 %
Percentage done:  50.00 %
Percentage done:  60.00 %
Percentage done:  70.00 %
Percentage done:  80.00 %
Percentage done:  90.00 %
Percentage done:  100.00 %
Ending abc-rs
 29.097960 seconds (2.80 M allocations: 749.209 MiB, 0.28% gc time)
Round:313
Starting abc-rs
Percentage done:  10.00 %
Percentage done:  20.00 %
Percentage done:  30.00 %
Percentage done:  40.00 %
Percentage done:  50.00 %
Percentage done:  60.00 %
Percentage done:  70.00 %
Percentage done:  80.00 %
Percentage done:  90.00 %
Percentage done:  100.00 %
Ending abc-rs
 29.141585 seconds (2.80 M allocations: 749.209 MiB, 0.39% gc time)
Round:317
Starting abc-rs
Percentage done:  10.00 %
Percentage done:  20.00 %
Percentage done:  30.00 %
Percentage done:  40.00 %
Percentage done:  50.00 %
Percentage done:  60.00 %
Percentage done:  70.00 %
Percentage done:  80.00 %
Percentage done:  90.00 %
Percentage done:  100.00 %
Ending abc-rs
 29.086357 seconds (2.80 M allocations: 749.209 MiB, 0.28% gc time)
Round:321
Starting abc-rs
Percentage done:  10.00 %
Percentage done:  20.00 %
Percentage done:  30.00 %
Percentage done:  40.00 %
Percentage done:  50.00 %
Percentage done:  60.00 %
Percentage done:  70.00 %
Percentage done:  80.00 %
Percentage done:  90.00 %
Percentage done:  100.00 %
Ending abc-rs
 29.086694 seconds (2.80 M allocations: 749.209 MiB, 0.28% gc time)
Round:325
Starting abc-rs
Percentage done:  10.00 %
Percentage done:  20.00 %
Percentage done:  30.00 %
Percentage done:  40.00 %
Percentage done:  50.00 %
Percentage done:  60.00 %
Percentage done:  70.00 %
Percentage done:  80.00 %
Percentage done:  90.00 %
Percentage done:  100.00 %
Ending abc-rs
 29.066829 seconds (2.80 M allocations: 749.209 MiB, 0.28% gc time)
Round:329
Starting abc-rs
Percentage done:  10.00 %
Percentage done:  20.00 %
Percentage done:  30.00 %
Percentage done:  40.00 %
Percentage done:  50.00 %
Percentage done:  60.00 %
Percentage done:  70.00 %
Percentage done:  80.00 %
Percentage done:  90.00 %
Percentage done:  100.00 %
Ending abc-rs
 29.191073 seconds (2.80 M allocations: 749.209 MiB, 0.46% gc time)
Round:333
Starting abc-rs
Percentage done:  10.00 %
Percentage done:  20.00 %
Percentage done:  30.00 %
Percentage done:  40.00 %
Percentage done:  50.00 %
Percentage done:  60.00 %
Percentage done:  70.00 %
Percentage done:  80.00 %
Percentage done:  90.00 %
Percentage done:  100.00 %
Ending abc-rs
 29.091584 seconds (2.80 M allocations: 749.209 MiB, 0.38% gc time)
Round:337
Starting abc-rs
Percentage done:  10.00 %
Percentage done:  20.00 %
Percentage done:  30.00 %
Percentage done:  40.00 %
Percentage done:  50.00 %
Percentage done:  60.00 %
Percentage done:  70.00 %
Percentage done:  80.00 %
Percentage done:  90.00 %
Percentage done:  100.00 %
Ending abc-rs
 29.076438 seconds (2.80 M allocations: 749.209 MiB, 0.28% gc time)
Round:341
Starting abc-rs
Percentage done:  10.00 %
Percentage done:  20.00 %
Percentage done:  30.00 %
Percentage done:  40.00 %
Percentage done:  50.00 %
Percentage done:  60.00 %
Percentage done:  70.00 %
Percentage done:  80.00 %
Percentage done:  90.00 %
Percentage done:  100.00 %
Ending abc-rs
 29.081660 seconds (2.80 M allocations: 749.209 MiB, 0.28% gc time)
Round:345
Starting abc-rs
Percentage done:  10.00 %
Percentage done:  20.00 %
Percentage done:  30.00 %
Percentage done:  40.00 %
Percentage done:  50.00 %
Percentage done:  60.00 %
Percentage done:  70.00 %
Percentage done:  80.00 %
Percentage done:  90.00 %
Percentage done:  100.00 %
Ending abc-rs
 29.105436 seconds (2.80 M allocations: 749.209 MiB, 0.29% gc time)
Round:349
Starting abc-rs
Percentage done:  10.00 %
Percentage done:  20.00 %
Percentage done:  30.00 %
Percentage done:  40.00 %
Percentage done:  50.00 %
Percentage done:  60.00 %
Percentage done:  70.00 %
Percentage done:  80.00 %
Percentage done:  90.00 %
Percentage done:  100.00 %
Ending abc-rs
 29.081821 seconds (2.80 M allocations: 749.209 MiB, 0.28% gc time)
Round:353
Starting abc-rs
Percentage done:  10.00 %
Percentage done:  20.00 %
Percentage done:  30.00 %
Percentage done:  40.00 %
Percentage done:  50.00 %
Percentage done:  60.00 %
Percentage done:  70.00 %
Percentage done:  80.00 %
Percentage done:  90.00 %
Percentage done:  100.00 %
Ending abc-rs
 29.091125 seconds (2.80 M allocations: 749.209 MiB, 0.28% gc time)
Round:357
Starting abc-rs
Percentage done:  10.00 %
Percentage done:  20.00 %
Percentage done:  30.00 %
Percentage done:  40.00 %
Percentage done:  50.00 %
Percentage done:  60.00 %
Percentage done:  70.00 %
Percentage done:  80.00 %
Percentage done:  90.00 %
Percentage done:  100.00 %
Ending abc-rs
 29.082941 seconds (2.80 M allocations: 749.209 MiB, 0.28% gc time)
Round:361
Starting abc-rs
Percentage done:  10.00 %
Percentage done:  20.00 %
Percentage done:  30.00 %
Percentage done:  40.00 %
Percentage done:  50.00 %
Percentage done:  60.00 %
Percentage done:  70.00 %
Percentage done:  80.00 %
Percentage done:  90.00 %
Percentage done:  100.00 %
Ending abc-rs
 29.105521 seconds (2.80 M allocations: 749.209 MiB, 0.29% gc time)
Round:365
Starting abc-rs
Percentage done:  10.00 %
Percentage done:  20.00 %
Percentage done:  30.00 %
Percentage done:  40.00 %
Percentage done:  50.00 %
Percentage done:  60.00 %
Percentage done:  70.00 %
Percentage done:  80.00 %
Percentage done:  90.00 %
Percentage done:  100.00 %
Ending abc-rs
 29.089442 seconds (2.80 M allocations: 749.209 MiB, 0.28% gc time)
Round:369
Starting abc-rs
Percentage done:  10.00 %
Percentage done:  20.00 %
Percentage done:  30.00 %
Percentage done:  40.00 %
Percentage done:  50.00 %
Percentage done:  60.00 %
Percentage done:  70.00 %
Percentage done:  80.00 %
Percentage done:  90.00 %
Percentage done:  100.00 %
Ending abc-rs
 29.097094 seconds (2.80 M allocations: 749.209 MiB, 0.28% gc time)
Round:373
Starting abc-rs
Percentage done:  10.00 %
Percentage done:  20.00 %
Percentage done:  30.00 %
Percentage done:  40.00 %
Percentage done:  50.00 %
Percentage done:  60.00 %
Percentage done:  70.00 %
Percentage done:  80.00 %
Percentage done:  90.00 %
Percentage done:  100.00 %
Ending abc-rs
 29.103392 seconds (2.80 M allocations: 749.209 MiB, 0.28% gc time)
Round:377
Starting abc-rs
Percentage done:  10.00 %
Percentage done:  20.00 %
Percentage done:  30.00 %
Percentage done:  40.00 %
Percentage done:  50.00 %
Percentage done:  60.00 %
Percentage done:  70.00 %
Percentage done:  80.00 %
Percentage done:  90.00 %
Percentage done:  100.00 %
Ending abc-rs
 29.128464 seconds (2.80 M allocations: 749.209 MiB, 0.29% gc time)
Round:381
Starting abc-rs
Percentage done:  10.00 %
Percentage done:  20.00 %
Percentage done:  30.00 %
Percentage done:  40.00 %
Percentage done:  50.00 %
Percentage done:  60.00 %
Percentage done:  70.00 %
Percentage done:  80.00 %
Percentage done:  90.00 %
Percentage done:  100.00 %
Ending abc-rs
 29.103096 seconds (2.80 M allocations: 749.209 MiB, 0.28% gc time)
Round:385
Starting abc-rs
Percentage done:  10.00 %
Percentage done:  20.00 %
Percentage done:  30.00 %
Percentage done:  40.00 %
Percentage done:  50.00 %
Percentage done:  60.00 %
Percentage done:  70.00 %
Percentage done:  80.00 %
Percentage done:  90.00 %
Percentage done:  100.00 %
Ending abc-rs
 29.093784 seconds (2.80 M allocations: 749.209 MiB, 0.28% gc time)
Round:389
Starting abc-rs
Percentage done:  10.00 %
Percentage done:  20.00 %
Percentage done:  30.00 %
Percentage done:  40.00 %
Percentage done:  50.00 %
Percentage done:  60.00 %
Percentage done:  70.00 %
Percentage done:  80.00 %
Percentage done:  90.00 %
Percentage done:  100.00 %
Ending abc-rs
 29.109002 seconds (2.80 M allocations: 749.209 MiB, 0.28% gc time)
Round:393
Starting abc-rs
Percentage done:  10.00 %
Percentage done:  20.00 %
Percentage done:  30.00 %
Percentage done:  40.00 %
Percentage done:  50.00 %
Percentage done:  60.00 %
Percentage done:  70.00 %
Percentage done:  80.00 %
Percentage done:  90.00 %
Percentage done:  100.00 %
Ending abc-rs
 29.130083 seconds (2.80 M allocations: 749.209 MiB, 0.29% gc time)
Round:397
Starting abc-rs
Percentage done:  10.00 %
Percentage done:  20.00 %
Percentage done:  30.00 %
Percentage done:  40.00 %
Percentage done:  50.00 %
Percentage done:  60.00 %
Percentage done:  70.00 %
Percentage done:  80.00 %
Percentage done:  90.00 %
Percentage done:  100.00 %
Ending abc-rs
 29.109189 seconds (2.80 M allocations: 749.209 MiB, 0.28% gc time)
