Tue Nov  6 18:02:15 2018       
+-----------------------------------------------------------------------------+
| NVIDIA-SMI 396.44                 Driver Version: 396.44                    |
|-------------------------------+----------------------+----------------------+
| GPU  Name        Persistence-M| Bus-Id        Disp.A | Volatile Uncorr. ECC |
| Fan  Temp  Perf  Pwr:Usage/Cap|         Memory-Usage | GPU-Util  Compute M. |
|===============================+======================+======================|
|   0  Tesla K80           On   | 00000000:04:00.0 Off |                    0 |
| N/A   44C    P0    87W / 149W |    364MiB / 11441MiB |     47%      Default |
+-------------------------------+----------------------+----------------------+
|   1  Tesla K80           On   | 00000000:05:00.0 Off |                    0 |
| N/A   82C    P0   147W / 149W |   2947MiB / 11441MiB |     88%      Default |
+-------------------------------+----------------------+----------------------+
|   2  Tesla K80           On   | 00000000:84:00.0 Off |                    0 |
| N/A   24C    P8    26W / 149W |      0MiB / 11441MiB |      0%      Default |
+-------------------------------+----------------------+----------------------+
|   3  Tesla K80           On   | 00000000:85:00.0 Off |                    0 |
| N/A   30C    P8    30W / 149W |      0MiB / 11441MiB |      0%      Default |
+-------------------------------+----------------------+----------------------+
                                                                               
+-----------------------------------------------------------------------------+
| Processes:                                                       GPU Memory |
|  GPU       PID   Type   Process name                             Usage      |
|=============================================================================|
|    0     13537      C   julia                                        353MiB |
|    1     13797      C   julia                                       2936MiB |
+-----------------------------------------------------------------------------+
/home/samwiq/ABC and deep learning project/abc-dl/lunarc
/home/samwiq/ABC and deep learning project/abc-dl
start script
500
check version of Knet
    Status `~/.julia/environments/v1.0/Project.toml`
  [336ed68f] CSV v0.3.1
  [a93c6f00] DataFrames v0.13.1
  [31c24e10] Distributions v0.16.4
  [1902f260] Knet v1.1.0
  [6f286f6a] MultivariateStats v0.6.0 #master (https://github.com/JuliaStats/MultivariateStats.jl.git)
  [2913bbd2] StatsBase v0.25.0
  [4c63d2b9] StatsFuns v0.7.0
build Knet
  Building SpecialFunctions → `~/.julia/packages/SpecialFunctions/KvXoO/deps/build.log`
  Building CodecZlib ───────→ `~/.julia/packages/CodecZlib/wwgbh/deps/build.log`
  Building Knet ────────────→ `~/.julia/packages/Knet/hxjeS/deps/build.log`
test gpu
4
-1
0
Loading g-and-k model
Loading g-and-k model
Starting: generate_parameter_data_pairs
Percentage done:  10.00 %
Percentage done:  20.00 %
Percentage done:  30.00 %
Percentage done:  40.00 %
Percentage done:  50.00 %
Percentage done:  60.00 %
Percentage done:  70.00 %
Percentage done:  80.00 %
Percentage done:  90.00 %
Percentage done:  100.00 %
Starting: generate_parameter_data_pairs
Percentage done:  2.00 %
Percentage done:  4.00 %
Percentage done:  6.00 %
Percentage done:  8.00 %
Percentage done:  10.00 %
Percentage done:  12.00 %
Percentage done:  14.00 %
Percentage done:  16.00 %
Percentage done:  18.00 %
Percentage done:  20.00 %
Percentage done:  22.00 %
Percentage done:  24.00 %
Percentage done:  26.00 %
Percentage done:  28.00 %
Percentage done:  30.00 %
Percentage done:  32.00 %
Percentage done:  34.00 %
Percentage done:  36.00 %
Percentage done:  38.00 %
Percentage done:  40.00 %
Percentage done:  42.00 %
Percentage done:  44.00 %
Percentage done:  46.00 %
Percentage done:  48.00 %
Percentage done:  50.00 %
Percentage done:  52.00 %
Percentage done:  54.00 %
Percentage done:  56.00 %
Percentage done:  58.00 %
Percentage done:  60.00 %
Percentage done:  62.00 %
Percentage done:  64.00 %
Percentage done:  66.00 %
Percentage done:  68.00 %
Percentage done:  70.00 %
Percentage done:  72.00 %
Percentage done:  74.00 %
Percentage done:  76.00 %
Percentage done:  78.00 %
Percentage done:  80.00 %
Percentage done:  82.00 %
Percentage done:  84.00 %
Percentage done:  86.00 %
Percentage done:  88.00 %
Percentage done:  90.00 %
Percentage done:  92.00 %
Percentage done:  94.00 %
Percentage done:  96.00 %
Percentage done:  98.00 %
Percentage done:  100.00 %
Starting: generate_parameter_data_pairs
Percentage done:  5.00 %
Percentage done:  10.00 %
Percentage done:  15.00 %
Percentage done:  20.00 %
Percentage done:  25.00 %
Percentage done:  30.00 %
Percentage done:  35.00 %
Percentage done:  40.00 %
Percentage done:  45.00 %
Percentage done:  50.00 %
Percentage done:  55.00 %
Percentage done:  60.00 %
Percentage done:  65.00 %
Percentage done:  70.00 %
Percentage done:  75.00 %
Percentage done:  80.00 %
Percentage done:  85.00 %
Percentage done:  90.00 %
Percentage done:  95.00 %
Percentage done:  100.00 %
Starting: generate_parameter_data_pairs
141.681206 seconds (67.41 M allocations: 56.026 GiB, 2.45% gc time)
0
Nbr training obs 500000, nbr parameters 22214, obs/parameters 22.51
Starting training
Epoch 1, current loss (training) 6.3566, current loss (val) 6.2985
Epoch 2, current loss (training) 6.4859, current loss (val) 6.0113
Epoch 3, current loss (training) 5.5949, current loss (val) 5.2808
Epoch 4, current loss (training) 5.3441, current loss (val) 4.9058
Epoch 5, current loss (training) 4.8734, current loss (val) 4.9234
Epoch 6, current loss (training) 4.8806, current loss (val) 4.7464
Epoch 7, current loss (training) 5.0191, current loss (val) 4.7742
Epoch 8, current loss (training) 4.5121, current loss (val) 4.5347
Epoch 9, current loss (training) 4.6165, current loss (val) 4.5568
Epoch 10, current loss (training) 4.5708, current loss (val) 4.4731
Epoch 11, current loss (training) 3.8438, current loss (val) 3.9152
Epoch 12, current loss (training) 3.8787, current loss (val) 3.8829
Epoch 13, current loss (training) 4.0161, current loss (val) 3.8902
Epoch 14, current loss (training) 3.8923, current loss (val) 3.9265
Epoch 15, current loss (training) 3.9932, current loss (val) 3.7970
Epoch 16, current loss (training) 3.5050, current loss (val) 3.7196
Epoch 17, current loss (training) 3.5996, current loss (val) 3.6671
Epoch 18, current loss (training) 3.8450, current loss (val) 3.7852
Epoch 19, current loss (training) 3.8156, current loss (val) 3.9665
Epoch 20, current loss (training) 3.5930, current loss (val) 3.8250
Epoch 21, current loss (training) 3.9666, current loss (val) 3.7827
Epoch 22, current loss (training) 3.8677, current loss (val) 3.6367
Epoch 23, current loss (training) 3.6669, current loss (val) 3.7106
Epoch 24, current loss (training) 3.5667, current loss (val) 3.6861
Epoch 25, current loss (training) 3.6426, current loss (val) 3.6408
Epoch 26, current loss (training) 3.8731, current loss (val) 3.5572
Epoch 27, current loss (training) 3.4666, current loss (val) 3.5683
Epoch 28, current loss (training) 3.5736, current loss (val) 3.4444
Epoch 29, current loss (training) 3.6898, current loss (val) 3.4494
Epoch 30, current loss (training) 3.4510, current loss (val) 3.4139
Epoch 31, current loss (training) 3.3115, current loss (val) 3.3448
Epoch 32, current loss (training) 3.5263, current loss (val) 3.4660
Epoch 33, current loss (training) 3.1600, current loss (val) 3.4075
Epoch 34, current loss (training) 3.3233, current loss (val) 3.4837
Epoch 35, current loss (training) 3.4001, current loss (val) 3.3688
Epoch 36, current loss (training) 3.3626, current loss (val) 3.5394
Epoch 37, current loss (training) 3.3786, current loss (val) 3.3604
Epoch 38, current loss (training) 3.1132, current loss (val) 3.2992
Epoch 39, current loss (training) 3.2985, current loss (val) 3.4261
Epoch 40, current loss (training) 3.1568, current loss (val) 3.2967
Epoch 41, current loss (training) 3.3098, current loss (val) 3.4465
Epoch 42, current loss (training) 3.1527, current loss (val) 3.3104
Epoch 43, current loss (training) 3.3625, current loss (val) 3.2995
Epoch 44, current loss (training) 3.1173, current loss (val) 3.1791
Epoch 45, current loss (training) 3.2792, current loss (val) 3.2653
Epoch 46, current loss (training) 3.1706, current loss (val) 3.1762
Epoch 47, current loss (training) 3.2844, current loss (val) 3.3608
Epoch 48, current loss (training) 3.5683, current loss (val) 3.2645
Epoch 49, current loss (training) 3.2965, current loss (val) 3.4259
Epoch 50, current loss (training) 3.3287, current loss (val) 3.2057
Epoch 51, current loss (training) 3.0601, current loss (val) 3.1893
Epoch 52, current loss (training) 3.0906, current loss (val) 3.1768
Epoch 53, current loss (training) 3.2073, current loss (val) 3.1346
Epoch 54, current loss (training) 3.4733, current loss (val) 3.2363
Epoch 55, current loss (training) 3.1089, current loss (val) 3.1923
Epoch 56, current loss (training) 3.3053, current loss (val) 3.1525
Epoch 57, current loss (training) 3.0222, current loss (val) 3.0622
Epoch 58, current loss (training) 2.9334, current loss (val) 3.1219
Epoch 59, current loss (training) 2.9966, current loss (val) 3.0893
Epoch 60, current loss (training) 3.0103, current loss (val) 3.0645
Epoch 61, current loss (training) 3.2235, current loss (val) 3.1337
Epoch 62, current loss (training) 2.7661, current loss (val) 3.1417
Epoch 63, current loss (training) 2.9499, current loss (val) 3.0843
Epoch 64, current loss (training) 3.1343, current loss (val) 3.2643
Epoch 65, current loss (training) 3.0358, current loss (val) 3.0529
Epoch 66, current loss (training) 2.9328, current loss (val) 3.0691
Epoch 67, current loss (training) 2.7501, current loss (val) 3.1216
Epoch 68, current loss (training) 3.0839, current loss (val) 2.9936
Epoch 69, current loss (training) 3.0448, current loss (val) 3.1753
Epoch 70, current loss (training) 2.9347, current loss (val) 3.0175
Epoch 71, current loss (training) 2.6949, current loss (val) 2.9618
Epoch 72, current loss (training) 2.7832, current loss (val) 2.9774
Epoch 73, current loss (training) 3.0493, current loss (val) 3.0725
Epoch 74, current loss (training) 2.8070, current loss (val) 2.9899
Epoch 75, current loss (training) 2.8844, current loss (val) 3.0545
Epoch 76, current loss (training) 3.0557, current loss (val) 3.1059
Epoch 77, current loss (training) 3.0697, current loss (val) 2.9852
Epoch 78, current loss (training) 3.1225, current loss (val) 3.1551
Epoch 79, current loss (training) 2.9462, current loss (val) 3.0346
Epoch 80, current loss (training) 2.6885, current loss (val) 2.8986
Epoch 81, current loss (training) 2.9946, current loss (val) 3.0086
Epoch 82, current loss (training) 2.9386, current loss (val) 2.9971
Epoch 83, current loss (training) 3.1917, current loss (val) 3.2084
Epoch 84, current loss (training) 3.0092, current loss (val) 2.9804
Epoch 85, current loss (training) 2.7525, current loss (val) 2.8973
Epoch 86, current loss (training) 2.8334, current loss (val) 2.9493
Epoch 87, current loss (training) 3.0561, current loss (val) 3.0315
Epoch 88, current loss (training) 2.7672, current loss (val) 2.8668
Epoch 89, current loss (training) 2.9876, current loss (val) 3.0062
Epoch 90, current loss (training) 2.9723, current loss (val) 2.9471
Epoch 91, current loss (training) 2.6636, current loss (val) 2.9004
Epoch 92, current loss (training) 3.0214, current loss (val) 2.8930
Epoch 93, current loss (training) 2.8024, current loss (val) 2.9861
Epoch 94, current loss (training) 2.7996, current loss (val) 2.8823
Epoch 95, current loss (training) 2.7524, current loss (val) 2.9203
Epoch 96, current loss (training) 2.7830, current loss (val) 2.9481
Epoch 97, current loss (training) 2.8653, current loss (val) 2.8075
Epoch 98, current loss (training) 2.7749, current loss (val) 2.8816
Epoch 99, current loss (training) 2.5952, current loss (val) 2.8472
Epoch 100, current loss (training) 2.8995, current loss (val) 2.9608
Epoch 101, current loss (training) 3.0428, current loss (val) 3.0549
Epoch 102, current loss (training) 2.8517, current loss (val) 2.8268
Epoch 103, current loss (training) 3.0446, current loss (val) 2.9738
Epoch 104, current loss (training) 3.0013, current loss (val) 2.9848
Epoch 105, current loss (training) 2.8586, current loss (val) 2.8661
Epoch 106, current loss (training) 2.8521, current loss (val) 2.9074
Epoch 107, current loss (training) 3.0630, current loss (val) 2.8350
Epoch 108, current loss (training) 2.7072, current loss (val) 2.8166
Epoch 109, current loss (training) 2.6434, current loss (val) 2.7773
Epoch 110, current loss (training) 2.7272, current loss (val) 2.8308
Epoch 111, current loss (training) 2.6207, current loss (val) 2.8254
Epoch 112, current loss (training) 2.5225, current loss (val) 2.8532
Epoch 113, current loss (training) 2.8124, current loss (val) 2.9610
Epoch 114, current loss (training) 2.6479, current loss (val) 2.7793
Epoch 115, current loss (training) 2.9530, current loss (val) 2.8268
Epoch 116, current loss (training) 2.6531, current loss (val) 2.8331
Epoch 117, current loss (training) 2.6487, current loss (val) 2.7683
Epoch 118, current loss (training) 2.7124, current loss (val) 2.7506
Epoch 119, current loss (training) 2.6015, current loss (val) 2.8005
Epoch 120, current loss (training) 2.9751, current loss (val) 2.8031
Epoch 121, current loss (training) 2.7430, current loss (val) 2.8349
Epoch 122, current loss (training) 2.6834, current loss (val) 2.7913
Epoch 123, current loss (training) 2.7142, current loss (val) 2.7760
Epoch 124, current loss (training) 2.5846, current loss (val) 2.8612
Epoch 125, current loss (training) 2.7358, current loss (val) 3.0219
Epoch 126, current loss (training) 2.7880, current loss (val) 2.8118
Epoch 127, current loss (training) 2.5872, current loss (val) 2.8391
Epoch 128, current loss (training) 2.6113, current loss (val) 2.7350
Epoch 129, current loss (training) 2.9389, current loss (val) 2.8320
Epoch 130, current loss (training) 2.7072, current loss (val) 2.8120
Epoch 131, current loss (training) 2.8984, current loss (val) 2.7698
Epoch 132, current loss (training) 2.7316, current loss (val) 2.7767
Epoch 133, current loss (training) 2.9196, current loss (val) 2.7847
Epoch 134, current loss (training) 2.4108, current loss (val) 2.8057
Epoch 135, current loss (training) 2.8775, current loss (val) 2.8194
Epoch 136, current loss (training) 2.7238, current loss (val) 2.7982
Epoch 137, current loss (training) 2.4892, current loss (val) 2.7605
Epoch 138, current loss (training) 2.6902, current loss (val) 2.7384
Epoch 139, current loss (training) 2.7445, current loss (val) 2.8816
Epoch 140, current loss (training) 2.6185, current loss (val) 2.7277
Epoch 141, current loss (training) 2.7360, current loss (val) 2.7700
Epoch 142, current loss (training) 2.8510, current loss (val) 2.9036
Epoch 143, current loss (training) 2.6570, current loss (val) 2.7782
Epoch 144, current loss (training) 2.6594, current loss (val) 2.7567
Epoch 145, current loss (training) 2.7397, current loss (val) 2.9093
Epoch 146, current loss (training) 2.5410, current loss (val) 2.8135
Epoch 147, current loss (training) 2.6065, current loss (val) 2.7017
Epoch 148, current loss (training) 2.5979, current loss (val) 2.7316
Epoch 149, current loss (training) 2.7132, current loss (val) 2.7519
Epoch 150, current loss (training) 2.7509, current loss (val) 2.7746
Epoch 151, current loss (training) 2.8485, current loss (val) 2.8247
Epoch 152, current loss (training) 2.4924, current loss (val) 2.6754
Epoch 153, current loss (training) 2.5883, current loss (val) 2.7220
Epoch 154, current loss (training) 2.5451, current loss (val) 2.8043
Epoch 155, current loss (training) 2.4549, current loss (val) 2.7088
Epoch 156, current loss (training) 2.6684, current loss (val) 2.7592
Epoch 157, current loss (training) 2.6921, current loss (val) 2.7095
Epoch 158, current loss (training) 2.6275, current loss (val) 2.7696
Epoch 159, current loss (training) 2.6600, current loss (val) 2.7797
Epoch 160, current loss (training) 2.6828, current loss (val) 2.7484
Epoch 161, current loss (training) 2.5763, current loss (val) 2.7699
Epoch 162, current loss (training) 2.6460, current loss (val) 2.8058
Epoch 163, current loss (training) 2.4100, current loss (val) 2.8358
Epoch 164, current loss (training) 2.8225, current loss (val) 2.7312
Epoch 165, current loss (training) 2.6740, current loss (val) 2.7587
Epoch 166, current loss (training) 2.6195, current loss (val) 2.6925
Epoch 167, current loss (training) 2.5480, current loss (val) 2.7101
Epoch 168, current loss (training) 2.6729, current loss (val) 2.7648
Epoch 169, current loss (training) 2.7268, current loss (val) 2.8403
Epoch 170, current loss (training) 2.8631, current loss (val) 2.8267
Epoch 171, current loss (training) 2.7016, current loss (val) 2.6989
Epoch 172, current loss (training) 2.7940, current loss (val) 2.6725
Epoch 173, current loss (training) 2.3798, current loss (val) 2.6481
Epoch 174, current loss (training) 2.5403, current loss (val) 2.7572
Epoch 175, current loss (training) 2.7524, current loss (val) 2.7226
Epoch 176, current loss (training) 2.6815, current loss (val) 2.8332
Epoch 177, current loss (training) 2.6579, current loss (val) 2.7155
Epoch 178, current loss (training) 2.7281, current loss (val) 2.6792
Epoch 179, current loss (training) 2.6610, current loss (val) 2.7155
Epoch 180, current loss (training) 2.6571, current loss (val) 2.7329
Epoch 181, current loss (training) 2.6967, current loss (val) 2.7050
Epoch 182, current loss (training) 2.6420, current loss (val) 2.6927
Epoch 183, current loss (training) 2.7355, current loss (val) 2.7512
Epoch 184, current loss (training) 2.7200, current loss (val) 2.6905
Epoch 185, current loss (training) 2.6518, current loss (val) 2.7690
Epoch 186, current loss (training) 2.7118, current loss (val) 2.6710
Epoch 187, current loss (training) 2.4654, current loss (val) 2.7610
Epoch 188, current loss (training) 2.7810, current loss (val) 2.7629
Epoch 189, current loss (training) 2.6348, current loss (val) 2.7214
Epoch 190, current loss (training) 2.3369, current loss (val) 2.6623
Epoch 191, current loss (training) 2.5942, current loss (val) 2.6128
Epoch 192, current loss (training) 2.5749, current loss (val) 2.7103
Epoch 193, current loss (training) 2.6645, current loss (val) 2.6572
Epoch 194, current loss (training) 2.5104, current loss (val) 2.6795
Epoch 195, current loss (training) 2.6806, current loss (val) 2.7159
Epoch 196, current loss (training) 2.7680, current loss (val) 2.7161
Epoch 197, current loss (training) 2.5011, current loss (val) 2.6797
Epoch 198, current loss (training) 2.5851, current loss (val) 2.6615
Epoch 199, current loss (training) 2.5983, current loss (val) 2.6999
Epoch 200, current loss (training) 2.4215, current loss (val) 2.6213
Epoch 201, current loss (training) 2.6354, current loss (val) 2.6757
Epoch 202, current loss (training) 2.5071, current loss (val) 2.6567
Epoch 203, current loss (training) 2.6051, current loss (val) 2.6474
Epoch 204, current loss (training) 2.4436, current loss (val) 2.6680
Epoch 205, current loss (training) 2.5586, current loss (val) 2.6103
Epoch 206, current loss (training) 2.5045, current loss (val) 2.7057
Epoch 207, current loss (training) 2.5008, current loss (val) 2.6364
Epoch 208, current loss (training) 2.7303, current loss (val) 2.6597
Epoch 209, current loss (training) 2.6306, current loss (val) 2.6840
Epoch 210, current loss (training) 2.7176, current loss (val) 2.8366
Epoch 211, current loss (training) 2.3033, current loss (val) 2.6171
Epoch 212, current loss (training) 2.6500, current loss (val) 2.6432
Epoch 213, current loss (training) 2.6267, current loss (val) 2.6826
Epoch 214, current loss (training) 2.4768, current loss (val) 2.6548
Epoch 215, current loss (training) 2.4505, current loss (val) 2.6648
Epoch 216, current loss (training) 2.5385, current loss (val) 2.6239
Epoch 217, current loss (training) 2.5300, current loss (val) 2.7128
Epoch 218, current loss (training) 2.4913, current loss (val) 2.6697
Epoch 219, current loss (training) 2.5616, current loss (val) 2.6958
Epoch 220, current loss (training) 2.7793, current loss (val) 2.6391
Epoch 221, current loss (training) 2.4519, current loss (val) 2.6427
Epoch 222, current loss (training) 2.7102, current loss (val) 2.7124
Epoch 223, current loss (training) 2.3254, current loss (val) 2.6307
Epoch 224, current loss (training) 2.6045, current loss (val) 2.6679
Epoch 225, current loss (training) 2.6127, current loss (val) 2.7497
Epoch 226, current loss (training) 2.6747, current loss (val) 2.7130
Epoch 227, current loss (training) 2.6268, current loss (val) 2.6997
Epoch 228, current loss (training) 2.6790, current loss (val) 2.7880
Epoch 229, current loss (training) 2.5130, current loss (val) 2.6492
Epoch 230, current loss (training) 2.5670, current loss (val) 2.6138
Epoch 231, current loss (training) 2.6472, current loss (val) 2.6332
Epoch 232, current loss (training) 2.2532, current loss (val) 2.5894
Epoch 233, current loss (training) 2.6654, current loss (val) 2.6761
Epoch 234, current loss (training) 2.4660, current loss (val) 2.6613
Epoch 235, current loss (training) 2.6948, current loss (val) 2.5971
Epoch 236, current loss (training) 2.4893, current loss (val) 2.6150
Epoch 237, current loss (training) 2.8099, current loss (val) 2.6796
Epoch 238, current loss (training) 2.6027, current loss (val) 2.7715
Epoch 239, current loss (training) 2.5160, current loss (val) 2.6399
Epoch 240, current loss (training) 2.7666, current loss (val) 2.6597
Epoch 241, current loss (training) 2.5076, current loss (val) 2.5961
Epoch 242, current loss (training) 2.4352, current loss (val) 2.5581
Epoch 243, current loss (training) 2.6785, current loss (val) 2.6543
Epoch 244, current loss (training) 2.5651, current loss (val) 2.6451
Epoch 245, current loss (training) 2.4083, current loss (val) 2.6210
Epoch 246, current loss (training) 2.7618, current loss (val) 2.5973
Epoch 247, current loss (training) 2.6605, current loss (val) 2.6633
Epoch 248, current loss (training) 2.2902, current loss (val) 2.5256
Epoch 249, current loss (training) 2.5128, current loss (val) 2.5646
Epoch 250, current loss (training) 2.6641, current loss (val) 2.5784
Epoch 251, current loss (training) 2.4154, current loss (val) 2.4697
Epoch 252, current loss (training) 2.6320, current loss (val) 2.6306
Epoch 253, current loss (training) 2.4105, current loss (val) 2.5975
Epoch 254, current loss (training) 2.5801, current loss (val) 2.5727
Epoch 255, current loss (training) 2.4898, current loss (val) 2.5691
Epoch 256, current loss (training) 2.4575, current loss (val) 2.6837
Epoch 257, current loss (training) 2.5824, current loss (val) 2.6820
Epoch 258, current loss (training) 2.3453, current loss (val) 2.5776
Epoch 259, current loss (training) 2.5287, current loss (val) 2.6184
Epoch 260, current loss (training) 2.7017, current loss (val) 2.6503
Epoch 261, current loss (training) 2.5710, current loss (val) 2.5794
Epoch 262, current loss (training) 2.3031, current loss (val) 2.6073
Epoch 263, current loss (training) 2.4109, current loss (val) 2.5751
Epoch 264, current loss (training) 2.8180, current loss (val) 2.6947
Epoch 265, current loss (training) 2.6020, current loss (val) 2.7057
Epoch 266, current loss (training) 2.3887, current loss (val) 2.5930
Epoch 267, current loss (training) 2.6023, current loss (val) 2.5447
Epoch 268, current loss (training) 2.5541, current loss (val) 2.5732
Epoch 269, current loss (training) 2.5793, current loss (val) 2.5632
Epoch 270, current loss (training) 2.5680, current loss (val) 2.6398
Epoch 271, current loss (training) 2.4278, current loss (val) 2.6355
Epoch 272, current loss (training) 3.0566, current loss (val) 2.6299
Epoch 273, current loss (training) 2.4851, current loss (val) 2.5998
Epoch 274, current loss (training) 2.4129, current loss (val) 2.5648
Epoch 275, current loss (training) 2.5238, current loss (val) 2.5833
Epoch 276, current loss (training) 2.5070, current loss (val) 2.6157
Epoch 277, current loss (training) 2.6632, current loss (val) 2.5697
Epoch 278, current loss (training) 2.6273, current loss (val) 2.6345
Epoch 279, current loss (training) 2.4442, current loss (val) 2.6000
Epoch 280, current loss (training) 2.5030, current loss (val) 2.6382
Epoch 281, current loss (training) 2.7054, current loss (val) 2.5144
Epoch 282, current loss (training) 2.6724, current loss (val) 2.6420
Epoch 283, current loss (training) 2.5791, current loss (val) 2.5762
Epoch 284, current loss (training) 2.4698, current loss (val) 2.6176
Epoch 285, current loss (training) 2.3744, current loss (val) 2.6067
Epoch 286, current loss (training) 2.6558, current loss (val) 2.5427
Epoch 287, current loss (training) 2.6989, current loss (val) 2.6718
Epoch 288, current loss (training) 2.3874, current loss (val) 2.5450
Epoch 289, current loss (training) 2.7373, current loss (val) 2.5808
Epoch 290, current loss (training) 2.5936, current loss (val) 2.5928
Epoch 291, current loss (training) 2.6319, current loss (val) 2.6030
Epoch 292, current loss (training) 2.3420, current loss (val) 2.5499
Epoch 293, current loss (training) 2.4887, current loss (val) 2.7460
Epoch 294, current loss (training) 2.4391, current loss (val) 2.5101
Epoch 295, current loss (training) 2.6810, current loss (val) 2.6733
Epoch 296, current loss (training) 2.5548, current loss (val) 2.6610
Epoch 297, current loss (training) 2.5568, current loss (val) 2.6793
Epoch 298, current loss (training) 2.5551, current loss (val) 2.5480
Epoch 299, current loss (training) 2.3950, current loss (val) 2.5277
Epoch 300, current loss (training) 2.3647, current loss (val) 2.5330
Epoch 301, current loss (training) 2.3244, current loss (val) 2.5511
Epoch 302, current loss (training) 2.4553, current loss (val) 2.5586
Epoch 303, current loss (training) 2.3594, current loss (val) 2.5901
Epoch 304, current loss (training) 2.4141, current loss (val) 2.5861
Epoch 305, current loss (training) 2.5116, current loss (val) 2.4990
Epoch 306, current loss (training) 2.4772, current loss (val) 2.6080
Epoch 307, current loss (training) 2.4525, current loss (val) 2.5080
Epoch 308, current loss (training) 2.2446, current loss (val) 2.5264
Epoch 309, current loss (training) 2.4312, current loss (val) 2.6056
Epoch 310, current loss (training) 2.3907, current loss (val) 2.5750
Epoch 311, current loss (training) 2.3610, current loss (val) 2.5277
Epoch 312, current loss (training) 2.5957, current loss (val) 2.6490
Epoch 313, current loss (training) 2.4594, current loss (val) 2.5297
Epoch 314, current loss (training) 2.3706, current loss (val) 2.5617
Epoch 315, current loss (training) 2.6465, current loss (val) 2.5973
Epoch 316, current loss (training) 2.4627, current loss (val) 2.6350
Epoch 317, current loss (training) 2.5085, current loss (val) 2.5704
Epoch 318, current loss (training) 2.5069, current loss (val) 2.5609
Epoch 319, current loss (training) 2.3304, current loss (val) 2.4894
Epoch 320, current loss (training) 2.4212, current loss (val) 2.6073
Epoch 321, current loss (training) 2.6522, current loss (val) 2.5882
Epoch 322, current loss (training) 2.6541, current loss (val) 2.5126
Epoch 323, current loss (training) 2.6207, current loss (val) 2.6096
Epoch 324, current loss (training) 2.5307, current loss (val) 2.5406
Epoch 325, current loss (training) 2.4868, current loss (val) 2.5424
Epoch 326, current loss (training) 2.3750, current loss (val) 2.6641
Epoch 327, current loss (training) 2.4674, current loss (val) 2.5574
Epoch 328, current loss (training) 2.5467, current loss (val) 2.5214
Epoch 329, current loss (training) 2.3978, current loss (val) 2.5415
Epoch 330, current loss (training) 2.5550, current loss (val) 2.5811
Epoch 331, current loss (training) 2.6064, current loss (val) 2.5371
Epoch 332, current loss (training) 2.4812, current loss (val) 2.5181
Epoch 333, current loss (training) 2.7470, current loss (val) 2.5423
Epoch 334, current loss (training) 2.5173, current loss (val) 2.5691
Epoch 335, current loss (training) 2.3977, current loss (val) 2.5055
Epoch 336, current loss (training) 2.3166, current loss (val) 2.5114
Epoch 337, current loss (training) 2.5112, current loss (val) 2.5409
Epoch 338, current loss (training) 2.3882, current loss (val) 2.5837
Epoch 339, current loss (training) 2.3848, current loss (val) 2.6198
Epoch 340, current loss (training) 2.4957, current loss (val) 2.5426
Epoch 341, current loss (training) 2.6591, current loss (val) 2.5335
Epoch 342, current loss (training) 2.5774, current loss (val) 2.7131
Epoch 343, current loss (training) 2.5299, current loss (val) 2.5261
Epoch 344, current loss (training) 2.8548, current loss (val) 2.7337
Epoch 345, current loss (training) 2.3467, current loss (val) 2.4920
Epoch 346, current loss (training) 2.4432, current loss (val) 2.5560
Epoch 347, current loss (training) 2.4596, current loss (val) 2.5671
Epoch 348, current loss (training) 2.4278, current loss (val) 2.5649
Epoch 349, current loss (training) 2.3516, current loss (val) 2.5361
Epoch 350, current loss (training) 2.4101, current loss (val) 2.5125
Epoch 351, current loss (training) 2.5208, current loss (val) 2.5184
Epoch 352, current loss (training) 2.4475, current loss (val) 2.5181
Epoch 353, current loss (training) 2.4050, current loss (val) 2.6164
Epoch 354, current loss (training) 2.4625, current loss (val) 2.4803
Epoch 355, current loss (training) 2.4183, current loss (val) 2.5739
Epoch 356, current loss (training) 2.3385, current loss (val) 2.5435
Epoch 357, current loss (training) 2.5023, current loss (val) 2.5561
Epoch 358, current loss (training) 2.4640, current loss (val) 2.5635
Epoch 359, current loss (training) 2.5635, current loss (val) 2.5144
Epoch 360, current loss (training) 2.2768, current loss (val) 2.6106
Epoch 361, current loss (training) 2.4346, current loss (val) 2.5094
Epoch 362, current loss (training) 2.5758, current loss (val) 2.4913
Epoch 363, current loss (training) 2.3528, current loss (val) 2.5499
Epoch 364, current loss (training) 2.4355, current loss (val) 2.6045
Epoch 365, current loss (training) 2.4234, current loss (val) 2.5001
Epoch 366, current loss (training) 2.3801, current loss (val) 2.5961
Epoch 367, current loss (training) 2.4101, current loss (val) 2.5757
Epoch 368, current loss (training) 2.4484, current loss (val) 2.4872
Epoch 369, current loss (training) 2.3506, current loss (val) 2.5438
Epoch 370, current loss (training) 2.5063, current loss (val) 2.6062
Epoch 371, current loss (training) 2.3791, current loss (val) 2.5245
Epoch 372, current loss (training) 2.1858, current loss (val) 2.4720
Epoch 373, current loss (training) 2.2668, current loss (val) 2.5084
Epoch 374, current loss (training) 2.2474, current loss (val) 2.5121
Epoch 375, current loss (training) 2.6376, current loss (val) 2.5060
Epoch 376, current loss (training) 2.3393, current loss (val) 2.5052
Epoch 377, current loss (training) 2.3903, current loss (val) 2.5505
Epoch 378, current loss (training) 2.4408, current loss (val) 2.5689
Epoch 379, current loss (training) 2.3373, current loss (val) 2.5280
Epoch 380, current loss (training) 2.5074, current loss (val) 2.5849
Epoch 381, current loss (training) 2.3873, current loss (val) 2.5010
Epoch 382, current loss (training) 2.3417, current loss (val) 2.5771
Epoch 383, current loss (training) 2.4016, current loss (val) 2.5397
Epoch 384, current loss (training) 2.3715, current loss (val) 2.4546
Epoch 385, current loss (training) 2.3679, current loss (val) 2.5517
Epoch 386, current loss (training) 2.4276, current loss (val) 2.4920
Epoch 387, current loss (training) 2.4156, current loss (val) 2.5275
Epoch 388, current loss (training) 2.3853, current loss (val) 2.5163
Epoch 389, current loss (training) 2.1396, current loss (val) 2.4569
Epoch 390, current loss (training) 2.3717, current loss (val) 2.5768
Epoch 391, current loss (training) 2.4370, current loss (val) 2.5566
Epoch 392, current loss (training) 2.5189, current loss (val) 2.5765
Epoch 393, current loss (training) 2.4854, current loss (val) 2.4740
Epoch 394, current loss (training) 2.3409, current loss (val) 2.5108
Epoch 395, current loss (training) 2.4855, current loss (val) 2.4974
Epoch 396, current loss (training) 2.3059, current loss (val) 2.5329
Epoch 397, current loss (training) 2.5419, current loss (val) 2.5042
Epoch 398, current loss (training) 2.3106, current loss (val) 2.6077
Epoch 399, current loss (training) 2.5671, current loss (val) 2.5169
Epoch 400, current loss (training) 2.4537, current loss (val) 2.5566
Epoch 401, current loss (training) 2.5444, current loss (val) 2.5616
Epoch 402, current loss (training) 2.3414, current loss (val) 2.5147
Epoch 403, current loss (training) 2.3460, current loss (val) 2.5070
Epoch 404, current loss (training) 2.5881, current loss (val) 2.4881
Epoch 405, current loss (training) 2.5936, current loss (val) 2.5744
Epoch 406, current loss (training) 2.2408, current loss (val) 2.5072
Epoch 407, current loss (training) 2.5639, current loss (val) 2.5262
Epoch 408, current loss (training) 2.5103, current loss (val) 2.6774
Epoch 409, current loss (training) 2.3801, current loss (val) 2.5646
Epoch 410, current loss (training) 2.2461, current loss (val) 2.5222
Epoch 411, current loss (training) 2.3310, current loss (val) 2.4927
Epoch 412, current loss (training) 2.2823, current loss (val) 2.5254
Epoch 413, current loss (training) 2.2094, current loss (val) 2.4867
Epoch 414, current loss (training) 2.4555, current loss (val) 2.5473
Epoch 415, current loss (training) 2.3797, current loss (val) 2.5164
Epoch 416, current loss (training) 2.3825, current loss (val) 2.4961
Epoch 417, current loss (training) 2.3542, current loss (val) 2.5287
Epoch 418, current loss (training) 2.3918, current loss (val) 2.5015
Epoch 419, current loss (training) 2.3936, current loss (val) 2.4861
Epoch 420, current loss (training) 2.4513, current loss (val) 2.5557
Epoch 421, current loss (training) 2.3965, current loss (val) 2.5409
Epoch 422, current loss (training) 2.4942, current loss (val) 2.5323
Epoch 423, current loss (training) 2.5898, current loss (val) 2.5238
Epoch 424, current loss (training) 2.6073, current loss (val) 2.6332
Epoch 425, current loss (training) 2.3772, current loss (val) 2.4416
Epoch 426, current loss (training) 2.3630, current loss (val) 2.4763
Epoch 427, current loss (training) 2.1890, current loss (val) 2.4721
Epoch 428, current loss (training) 2.3171, current loss (val) 2.5106
Epoch 429, current loss (training) 2.5109, current loss (val) 2.5054
Epoch 430, current loss (training) 2.4179, current loss (val) 2.5674
Epoch 431, current loss (training) 2.3835, current loss (val) 2.4420
Epoch 432, current loss (training) 2.3085, current loss (val) 2.5025
Epoch 433, current loss (training) 2.5007, current loss (val) 2.5282
Epoch 434, current loss (training) 2.3860, current loss (val) 2.5003
Epoch 435, current loss (training) 2.4000, current loss (val) 2.5128
Epoch 436, current loss (training) 2.1939, current loss (val) 2.5150
Epoch 437, current loss (training) 2.4181, current loss (val) 2.5675
Epoch 438, current loss (training) 2.3495, current loss (val) 2.4870
Epoch 439, current loss (training) 2.4463, current loss (val) 2.5136
Epoch 440, current loss (training) 2.2718, current loss (val) 2.4871
Epoch 441, current loss (training) 2.3634, current loss (val) 2.5073
Epoch 442, current loss (training) 2.4782, current loss (val) 2.4573
Epoch 443, current loss (training) 2.4339, current loss (val) 2.5220
Epoch 444, current loss (training) 2.5913, current loss (val) 2.4872
Epoch 445, current loss (training) 2.4153, current loss (val) 2.4370
Epoch 446, current loss (training) 2.4133, current loss (val) 2.5014
Epoch 447, current loss (training) 2.5800, current loss (val) 2.5757
Epoch 448, current loss (training) 2.4284, current loss (val) 2.5302
Epoch 449, current loss (training) 2.3584, current loss (val) 2.5835
Epoch 450, current loss (training) 2.3668, current loss (val) 2.5058
Epoch 451, current loss (training) 2.4676, current loss (val) 2.4995
Epoch 452, current loss (training) 2.4484, current loss (val) 2.5350
Epoch 453, current loss (training) 2.4583, current loss (val) 2.5812
Epoch 454, current loss (training) 2.4063, current loss (val) 2.5111
Epoch 455, current loss (training) 2.4118, current loss (val) 2.5688
Epoch 456, current loss (training) 2.1754, current loss (val) 2.4337
Epoch 457, current loss (training) 2.3624, current loss (val) 2.5205
Epoch 458, current loss (training) 2.3627, current loss (val) 2.4933
Epoch 459, current loss (training) 2.5412, current loss (val) 2.5392
Epoch 460, current loss (training) 2.6091, current loss (val) 2.5646
Epoch 461, current loss (training) 2.4020, current loss (val) 2.4886
Epoch 462, current loss (training) 2.3088, current loss (val) 2.5744
Epoch 463, current loss (training) 2.3686, current loss (val) 2.4541
Epoch 464, current loss (training) 2.3263, current loss (val) 2.5521
Epoch 465, current loss (training) 2.3703, current loss (val) 2.4795
Epoch 466, current loss (training) 2.4122, current loss (val) 2.5722
Epoch 467, current loss (training) 2.3559, current loss (val) 2.5412
Epoch 468, current loss (training) 2.2004, current loss (val) 2.4441
Epoch 469, current loss (training) 2.3508, current loss (val) 2.5160
Epoch 470, current loss (training) 2.2638, current loss (val) 2.4519
Epoch 471, current loss (training) 2.5329, current loss (val) 2.5190
Epoch 472, current loss (training) 2.3982, current loss (val) 2.5098
Epoch 473, current loss (training) 2.1334, current loss (val) 2.4471
Epoch 474, current loss (training) 2.4817, current loss (val) 2.5276
Epoch 475, current loss (training) 2.4740, current loss (val) 2.6017
Epoch 476, current loss (training) 2.6474, current loss (val) 2.7050
Epoch 477, current loss (training) 2.2743, current loss (val) 2.4759
Epoch 478, current loss (training) 2.3388, current loss (val) 2.4509
Epoch 479, current loss (training) 2.4898, current loss (val) 2.5304
Epoch 480, current loss (training) 2.3881, current loss (val) 2.5102
Epoch 481, current loss (training) 2.3593, current loss (val) 2.4617
Epoch 482, current loss (training) 2.3015, current loss (val) 2.4840
Epoch 483, current loss (training) 2.4244, current loss (val) 2.4505
Epoch 484, current loss (training) 2.2629, current loss (val) 2.4953
Epoch 485, current loss (training) 2.4242, current loss (val) 2.5210
Epoch 486, current loss (training) 2.6528, current loss (val) 2.4285
Epoch 487, current loss (training) 2.5171, current loss (val) 2.4671
Epoch 488, current loss (training) 2.2693, current loss (val) 2.4996
Epoch 489, current loss (training) 2.3695, current loss (val) 2.5924
Epoch 490, current loss (training) 2.3667, current loss (val) 2.4808
Epoch 491, current loss (training) 2.3327, current loss (val) 2.4971
Epoch 492, current loss (training) 2.4626, current loss (val) 2.5458
Epoch 493, current loss (training) 2.3194, current loss (val) 2.5505
Epoch 494, current loss (training) 2.3163, current loss (val) 2.4676
Epoch 495, current loss (training) 2.2106, current loss (val) 2.4667
Epoch 496, current loss (training) 2.3180, current loss (val) 2.4484
Epoch 497, current loss (training) 2.3234, current loss (val) 2.4379
Epoch 498, current loss (training) 2.3200, current loss (val) 2.4484
Epoch 499, current loss (training) 2.2789, current loss (val) 2.4330
Epoch 500, current loss (training) 2.3013, current loss (val) 2.4442
run_time_first_training_cycle:  78956.92 

Epochs 500, batch size, 200
Nbr training obs 500000, nbr parameters 22214, obs/parameters 22.51

Starting abc-rs
Percentage done:  10.00 %
Percentage done:  20.00 %
Percentage done:  30.00 %
Percentage done:  40.00 %
Percentage done:  50.00 %
Percentage done:  60.00 %
Percentage done:  70.00 %
Percentage done:  80.00 %
Percentage done:  90.00 %
Percentage done:  100.00 %
Ending abc-rs
end script
