Fri Oct 26 15:31:20 2018       
+-----------------------------------------------------------------------------+
| NVIDIA-SMI 396.44                 Driver Version: 396.44                    |
|-------------------------------+----------------------+----------------------+
| GPU  Name        Persistence-M| Bus-Id        Disp.A | Volatile Uncorr. ECC |
| Fan  Temp  Perf  Pwr:Usage/Cap|         Memory-Usage | GPU-Util  Compute M. |
|===============================+======================+======================|
|   0  Tesla K80           On   | 00000000:04:00.0 Off |                    0 |
| N/A   25C    P8    26W / 149W |      0MiB / 11441MiB |      0%      Default |
+-------------------------------+----------------------+----------------------+
|   1  Tesla K80           On   | 00000000:05:00.0 Off |                    0 |
| N/A   29C    P8    29W / 149W |      0MiB / 11441MiB |      0%      Default |
+-------------------------------+----------------------+----------------------+
|   2  Tesla K80           On   | 00000000:84:00.0 Off |                    0 |
| N/A   24C    P8    26W / 149W |      0MiB / 11441MiB |      0%      Default |
+-------------------------------+----------------------+----------------------+
|   3  Tesla K80           On   | 00000000:85:00.0 Off |                    0 |
| N/A   31C    P8    29W / 149W |      0MiB / 11441MiB |      0%      Default |
+-------------------------------+----------------------+----------------------+
                                                                               
+-----------------------------------------------------------------------------+
| Processes:                                                       GPU Memory |
|  GPU       PID   Type   Process name                             Usage      |
|=============================================================================|
|  No running processes found                                                 |
+-----------------------------------------------------------------------------+
/home/samwiq/ABC and deep learning project/abc-dl/lunarc
/home/samwiq/ABC and deep learning project/abc-dl
start script
500
check version of Knet
    Status `~/.julia/environments/v1.0/Project.toml`
  [336ed68f] CSV v0.3.1
  [a93c6f00] DataFrames v0.13.1
  [31c24e10] Distributions v0.16.4
  [1902f260] Knet v1.1.0
  [6f286f6a] MultivariateStats v0.6.0 #master (https://github.com/JuliaStats/MultivariateStats.jl.git)
  [2913bbd2] StatsBase v0.25.0
  [4c63d2b9] StatsFuns v0.7.0
build Knet
  Building SpecialFunctions → `~/.julia/packages/SpecialFunctions/KvXoO/deps/build.log`
  Building CodecZlib ───────→ `~/.julia/packages/CodecZlib/wwgbh/deps/build.log`
  Building Knet ────────────→ `~/.julia/packages/Knet/hxjeS/deps/build.log`
test gpu
4
-1
0
Loading g-and-k model
Loading g-and-k model
Starting: generate_parameter_data_pairs
Percentage done:  10.00 %
Percentage done:  20.00 %
Percentage done:  30.00 %
Percentage done:  40.00 %
Percentage done:  50.00 %
Percentage done:  60.00 %
Percentage done:  70.00 %
Percentage done:  80.00 %
Percentage done:  90.00 %
Percentage done:  100.00 %
Starting: generate_parameter_data_pairs
Percentage done:  2.00 %
Percentage done:  4.00 %
Percentage done:  6.00 %
Percentage done:  8.00 %
Percentage done:  10.00 %
Percentage done:  12.00 %
Percentage done:  14.00 %
Percentage done:  16.00 %
Percentage done:  18.00 %
Percentage done:  20.00 %
Percentage done:  22.00 %
Percentage done:  24.00 %
Percentage done:  26.00 %
Percentage done:  28.00 %
Percentage done:  30.00 %
Percentage done:  32.00 %
Percentage done:  34.00 %
Percentage done:  36.00 %
Percentage done:  38.00 %
Percentage done:  40.00 %
Percentage done:  42.00 %
Percentage done:  44.00 %
Percentage done:  46.00 %
Percentage done:  48.00 %
Percentage done:  50.00 %
Percentage done:  52.00 %
Percentage done:  54.00 %
Percentage done:  56.00 %
Percentage done:  58.00 %
Percentage done:  60.00 %
Percentage done:  62.00 %
Percentage done:  64.00 %
Percentage done:  66.00 %
Percentage done:  68.00 %
Percentage done:  70.00 %
Percentage done:  72.00 %
Percentage done:  74.00 %
Percentage done:  76.00 %
Percentage done:  78.00 %
Percentage done:  80.00 %
Percentage done:  82.00 %
Percentage done:  84.00 %
Percentage done:  86.00 %
Percentage done:  88.00 %
Percentage done:  90.00 %
Percentage done:  92.00 %
Percentage done:  94.00 %
Percentage done:  96.00 %
Percentage done:  98.00 %
Percentage done:  100.00 %
Starting: generate_parameter_data_pairs
Percentage done:  5.00 %
Percentage done:  10.00 %
Percentage done:  15.00 %
Percentage done:  20.00 %
Percentage done:  25.00 %
Percentage done:  30.00 %
Percentage done:  35.00 %
Percentage done:  40.00 %
Percentage done:  45.00 %
Percentage done:  50.00 %
Percentage done:  55.00 %
Percentage done:  60.00 %
Percentage done:  65.00 %
Percentage done:  70.00 %
Percentage done:  75.00 %
Percentage done:  80.00 %
Percentage done:  85.00 %
Percentage done:  90.00 %
Percentage done:  95.00 %
Percentage done:  100.00 %
Starting: generate_parameter_data_pairs
138.739184 seconds (25.49 M allocations: 33.849 GiB, 1.73% gc time)
Nbr training obs 500000, nbr parameters 25454, obs/parameters 19.64
0
  0.588548 seconds (824.63 k allocations: 40.836 MiB, 2.20% gc time)
  0.433353 seconds (1.08 M allocations: 56.573 MiB, 2.84% gc time)
  7.319795 seconds (9.97 M allocations: 672.748 MiB, 2.41% gc time)
  0.003277 seconds (100 allocations: 160.922 KiB)
Starting training
Epoch 1, current loss (training) 5.4055, current loss (val) 5.1024
Epoch 2, current loss (training) 4.9717, current loss (val) 4.7967
Epoch 3, current loss (training) 4.6518, current loss (val) 4.6724
Epoch 4, current loss (training) 4.4597, current loss (val) 4.5753
Epoch 5, current loss (training) 4.8528, current loss (val) 4.4498
Epoch 6, current loss (training) 4.4614, current loss (val) 4.4784
Epoch 7, current loss (training) 5.0135, current loss (val) 4.9781
Epoch 8, current loss (training) 4.5673, current loss (val) 4.4067
Epoch 9, current loss (training) 4.4758, current loss (val) 4.3981
Epoch 10, current loss (training) 4.4245, current loss (val) 4.0877
Epoch 11, current loss (training) 4.7368, current loss (val) 4.2627
Epoch 12, current loss (training) 4.5144, current loss (val) 4.3801
Epoch 13, current loss (training) 3.9148, current loss (val) 4.1467
Epoch 14, current loss (training) 4.2976, current loss (val) 4.1912
Epoch 15, current loss (training) 5.0520, current loss (val) 4.6441
Epoch 16, current loss (training) 4.4232, current loss (val) 4.0771
Epoch 17, current loss (training) 4.4405, current loss (val) 4.0973
Epoch 18, current loss (training) 4.2345, current loss (val) 4.3116
Epoch 19, current loss (training) 4.7230, current loss (val) 4.1094
Epoch 20, current loss (training) 4.2857, current loss (val) 4.3537
Epoch 21, current loss (training) 3.8017, current loss (val) 3.8533
Epoch 22, current loss (training) 4.1696, current loss (val) 3.7993
Epoch 23, current loss (training) 3.7845, current loss (val) 3.7053
Epoch 24, current loss (training) 4.1417, current loss (val) 4.1707
Epoch 25, current loss (training) 3.7799, current loss (val) 3.6831
Epoch 26, current loss (training) 3.9646, current loss (val) 3.6601
Epoch 27, current loss (training) 3.9974, current loss (val) 3.8968
Epoch 28, current loss (training) 4.4236, current loss (val) 3.9279
Epoch 29, current loss (training) 3.3966, current loss (val) 3.6261
Epoch 30, current loss (training) 3.8883, current loss (val) 3.6286
Epoch 31, current loss (training) 4.2171, current loss (val) 3.7726
Epoch 32, current loss (training) 4.0127, current loss (val) 3.7322
Epoch 33, current loss (training) 3.6749, current loss (val) 3.8140
Epoch 34, current loss (training) 3.7997, current loss (val) 3.7581
Epoch 35, current loss (training) 3.6216, current loss (val) 3.5297
Epoch 36, current loss (training) 3.3906, current loss (val) 3.4437
Epoch 37, current loss (training) 3.5391, current loss (val) 3.6357
Epoch 38, current loss (training) 3.7781, current loss (val) 3.6859
Epoch 39, current loss (training) 3.4654, current loss (val) 3.5453
Epoch 40, current loss (training) 3.8039, current loss (val) 3.7043
Epoch 41, current loss (training) 3.5230, current loss (val) 3.4886
Epoch 42, current loss (training) 3.8559, current loss (val) 3.5776
Epoch 43, current loss (training) 4.3519, current loss (val) 3.9256
Epoch 44, current loss (training) 3.7454, current loss (val) 3.4786
Epoch 45, current loss (training) 4.1456, current loss (val) 3.6820
Epoch 46, current loss (training) 3.2192, current loss (val) 3.2863
Epoch 47, current loss (training) 3.6520, current loss (val) 3.4331
Epoch 48, current loss (training) 3.5788, current loss (val) 3.3869
Epoch 49, current loss (training) 3.3605, current loss (val) 3.3489
Epoch 50, current loss (training) 3.4036, current loss (val) 3.2157
Epoch 51, current loss (training) 3.9441, current loss (val) 3.7198
Epoch 52, current loss (training) 3.6151, current loss (val) 3.6683
Epoch 53, current loss (training) 3.7819, current loss (val) 3.5779
Epoch 54, current loss (training) 3.5834, current loss (val) 3.2665
Epoch 55, current loss (training) 3.4154, current loss (val) 3.3696
Epoch 56, current loss (training) 3.4145, current loss (val) 3.3687
Epoch 57, current loss (training) 3.3795, current loss (val) 3.2668
Epoch 58, current loss (training) 3.3489, current loss (val) 3.2693
Epoch 59, current loss (training) 3.5566, current loss (val) 3.4522
Epoch 60, current loss (training) 3.4644, current loss (val) 3.5352
Epoch 61, current loss (training) 3.3909, current loss (val) 3.4939
Epoch 62, current loss (training) 3.4831, current loss (val) 3.3291
Epoch 63, current loss (training) 3.5660, current loss (val) 3.3497
Epoch 64, current loss (training) 3.7688, current loss (val) 3.2379
Epoch 65, current loss (training) 3.6753, current loss (val) 3.3863
Epoch 66, current loss (training) 3.2922, current loss (val) 3.2319
Epoch 67, current loss (training) 3.2351, current loss (val) 3.1605
Epoch 68, current loss (training) 3.2809, current loss (val) 3.2401
Epoch 69, current loss (training) 3.5084, current loss (val) 3.3746
Epoch 70, current loss (training) 3.4078, current loss (val) 3.1679
Epoch 71, current loss (training) 3.3502, current loss (val) 3.2548
Epoch 72, current loss (training) 3.5358, current loss (val) 3.4766
Epoch 73, current loss (training) 3.4955, current loss (val) 3.2776
Epoch 74, current loss (training) 3.2675, current loss (val) 3.3912
Epoch 75, current loss (training) 3.1978, current loss (val) 3.2026
Epoch 76, current loss (training) 3.3979, current loss (val) 3.2267
Epoch 77, current loss (training) 3.3180, current loss (val) 3.2838
Epoch 78, current loss (training) 3.3724, current loss (val) 3.4094
Epoch 79, current loss (training) 3.1130, current loss (val) 3.1918
Epoch 80, current loss (training) 3.3014, current loss (val) 3.2631
Epoch 81, current loss (training) 3.3694, current loss (val) 3.3435
Epoch 82, current loss (training) 3.2585, current loss (val) 3.2584
Epoch 83, current loss (training) 3.3242, current loss (val) 3.2986
Epoch 84, current loss (training) 3.0928, current loss (val) 3.0828
Epoch 85, current loss (training) 3.4743, current loss (val) 3.2482
Epoch 86, current loss (training) 3.5598, current loss (val) 3.2268
Epoch 87, current loss (training) 3.3450, current loss (val) 3.2252
Epoch 88, current loss (training) 3.6265, current loss (val) 3.5051
Epoch 89, current loss (training) 3.3702, current loss (val) 3.3451
Epoch 90, current loss (training) 3.1978, current loss (val) 3.2685
Epoch 91, current loss (training) 3.2849, current loss (val) 3.1187
Epoch 92, current loss (training) 3.4562, current loss (val) 3.3335
Epoch 93, current loss (training) 3.4441, current loss (val) 3.3781
Epoch 94, current loss (training) 3.1782, current loss (val) 3.0915
Epoch 95, current loss (training) 3.2272, current loss (val) 3.1566
Epoch 96, current loss (training) 3.6020, current loss (val) 3.3402
Epoch 97, current loss (training) 3.4666, current loss (val) 3.2976
Epoch 98, current loss (training) 2.8125, current loss (val) 3.1076
Epoch 99, current loss (training) 3.0275, current loss (val) 3.2229
Epoch 100, current loss (training) 3.4758, current loss (val) 3.1602
Epoch 101, current loss (training) 3.4191, current loss (val) 3.1663
Epoch 102, current loss (training) 3.1332, current loss (val) 3.1103
Epoch 103, current loss (training) 3.5340, current loss (val) 3.2388
Epoch 104, current loss (training) 3.6946, current loss (val) 3.7389
Epoch 105, current loss (training) 3.3878, current loss (val) 3.4151
Epoch 106, current loss (training) 3.2268, current loss (val) 3.1064
Epoch 107, current loss (training) 3.0917, current loss (val) 3.0489
Epoch 108, current loss (training) 3.4116, current loss (val) 3.3591
Epoch 109, current loss (training) 3.3380, current loss (val) 3.4013
Epoch 110, current loss (training) 3.1597, current loss (val) 3.0566
Epoch 111, current loss (training) 3.0668, current loss (val) 3.1238
Epoch 112, current loss (training) 3.2363, current loss (val) 3.0691
Epoch 113, current loss (training) 3.1015, current loss (val) 3.0967
Epoch 114, current loss (training) 3.6161, current loss (val) 3.2472
Epoch 115, current loss (training) 2.8735, current loss (val) 2.9676
Epoch 116, current loss (training) 3.1560, current loss (val) 2.9931
Epoch 117, current loss (training) 3.3568, current loss (val) 3.1499
Epoch 118, current loss (training) 3.0920, current loss (val) 3.0261
Epoch 119, current loss (training) 3.6048, current loss (val) 3.1892
Epoch 120, current loss (training) 3.2304, current loss (val) 3.2752
Epoch 121, current loss (training) 3.2339, current loss (val) 3.2695
Epoch 122, current loss (training) 3.4624, current loss (val) 3.4391
Epoch 123, current loss (training) 3.1905, current loss (val) 3.1422
Epoch 124, current loss (training) 3.0646, current loss (val) 3.2586
Epoch 125, current loss (training) 3.1773, current loss (val) 3.1009
Epoch 126, current loss (training) 2.9230, current loss (val) 3.0123
Epoch 127, current loss (training) 3.1925, current loss (val) 3.0985
Epoch 128, current loss (training) 3.1528, current loss (val) 3.0821
Epoch 129, current loss (training) 3.0926, current loss (val) 3.0067
Epoch 130, current loss (training) 3.0036, current loss (val) 3.0204
Epoch 131, current loss (training) 2.9413, current loss (val) 3.0288
Epoch 132, current loss (training) 3.0987, current loss (val) 3.0103
Epoch 133, current loss (training) 3.2570, current loss (val) 3.1139
Epoch 134, current loss (training) 3.1990, current loss (val) 3.0574
Epoch 135, current loss (training) 3.0270, current loss (val) 2.9642
Epoch 136, current loss (training) 3.2689, current loss (val) 3.1551
Epoch 137, current loss (training) 3.0193, current loss (val) 3.0620
Epoch 138, current loss (training) 2.9928, current loss (val) 2.9861
Epoch 139, current loss (training) 2.9441, current loss (val) 2.9836
Epoch 140, current loss (training) 3.5612, current loss (val) 3.2941
Epoch 141, current loss (training) 3.2569, current loss (val) 2.9679
Epoch 142, current loss (training) 3.1562, current loss (val) 3.1021
Epoch 143, current loss (training) 3.1501, current loss (val) 3.0865
Epoch 144, current loss (training) 3.0768, current loss (val) 3.0358
Epoch 145, current loss (training) 2.9760, current loss (val) 3.0447
Epoch 146, current loss (training) 3.3844, current loss (val) 3.0304
Epoch 147, current loss (training) 2.8275, current loss (val) 2.9047
Epoch 148, current loss (training) 3.0173, current loss (val) 3.0256
Epoch 149, current loss (training) 3.2811, current loss (val) 3.2478
Epoch 150, current loss (training) 3.1065, current loss (val) 3.0069
Epoch 151, current loss (training) 3.2768, current loss (val) 3.0848
Epoch 152, current loss (training) 3.4334, current loss (val) 3.1901
Epoch 153, current loss (training) 3.0299, current loss (val) 2.9028
Epoch 154, current loss (training) 2.9381, current loss (val) 2.9475
Epoch 155, current loss (training) 3.4260, current loss (val) 3.1930
Epoch 156, current loss (training) 2.8518, current loss (val) 2.8998
Epoch 157, current loss (training) 2.6280, current loss (val) 2.9662
Epoch 158, current loss (training) 3.2862, current loss (val) 3.1496
Epoch 159, current loss (training) 2.8741, current loss (val) 2.9694
Epoch 160, current loss (training) 3.1808, current loss (val) 3.0167
Epoch 161, current loss (training) 2.9886, current loss (val) 2.9954
Epoch 162, current loss (training) 3.1520, current loss (val) 3.2048
Epoch 163, current loss (training) 2.9285, current loss (val) 2.9425
Epoch 164, current loss (training) 2.8346, current loss (val) 2.9357
Epoch 165, current loss (training) 3.1926, current loss (val) 2.9707
Epoch 166, current loss (training) 2.7852, current loss (val) 2.8309
Epoch 167, current loss (training) 3.3583, current loss (val) 3.1131
Epoch 168, current loss (training) 2.6815, current loss (val) 2.8325
Epoch 169, current loss (training) 3.0613, current loss (val) 3.0192
Epoch 170, current loss (training) 3.1034, current loss (val) 2.9335
Epoch 171, current loss (training) 2.9975, current loss (val) 2.9233
Epoch 172, current loss (training) 2.6502, current loss (val) 2.8670
Epoch 173, current loss (training) 2.9888, current loss (val) 2.9289
Epoch 174, current loss (training) 3.1431, current loss (val) 3.1058
Epoch 175, current loss (training) 3.1650, current loss (val) 2.9444
Epoch 176, current loss (training) 2.7444, current loss (val) 2.8619
Epoch 177, current loss (training) 3.1022, current loss (val) 2.8337
Epoch 178, current loss (training) 2.9654, current loss (val) 2.9379
Epoch 179, current loss (training) 3.2143, current loss (val) 2.9720
Epoch 180, current loss (training) 2.9781, current loss (val) 2.8826
Epoch 181, current loss (training) 3.1730, current loss (val) 3.1435
Epoch 182, current loss (training) 3.2031, current loss (val) 2.9360
Epoch 183, current loss (training) 3.0263, current loss (val) 3.0493
Epoch 184, current loss (training) 3.2451, current loss (val) 2.9795
Epoch 185, current loss (training) 3.0350, current loss (val) 2.8981
Epoch 186, current loss (training) 3.0238, current loss (val) 2.8844
Epoch 187, current loss (training) 2.7469, current loss (val) 2.7594
Epoch 188, current loss (training) 3.0054, current loss (val) 2.8703
Epoch 189, current loss (training) 3.0497, current loss (val) 2.9434
Epoch 190, current loss (training) 3.1477, current loss (val) 3.0365
Epoch 191, current loss (training) 2.9103, current loss (val) 2.7336
Epoch 192, current loss (training) 3.1839, current loss (val) 2.8934
Epoch 193, current loss (training) 2.9293, current loss (val) 3.0084
Epoch 194, current loss (training) 3.0144, current loss (val) 3.0975
Epoch 195, current loss (training) 3.4876, current loss (val) 3.1713
Epoch 196, current loss (training) 2.7832, current loss (val) 2.9260
Epoch 197, current loss (training) 3.3120, current loss (val) 3.2021
Epoch 198, current loss (training) 3.2314, current loss (val) 3.0349
Epoch 199, current loss (training) 2.7139, current loss (val) 2.8297
Epoch 200, current loss (training) 2.7809, current loss (val) 2.8618
Epoch 201, current loss (training) 3.0964, current loss (val) 2.8788
Epoch 202, current loss (training) 2.7194, current loss (val) 2.8660
Epoch 203, current loss (training) 2.8874, current loss (val) 2.9422
Epoch 204, current loss (training) 3.0245, current loss (val) 2.8001
Epoch 205, current loss (training) 3.3576, current loss (val) 3.1124
Epoch 206, current loss (training) 3.0584, current loss (val) 2.9095
Epoch 207, current loss (training) 3.2290, current loss (val) 3.1193
Epoch 208, current loss (training) 3.1152, current loss (val) 2.9433
Epoch 209, current loss (training) 3.0523, current loss (val) 3.0049
Epoch 210, current loss (training) 2.9618, current loss (val) 3.0126
Epoch 211, current loss (training) 2.7986, current loss (val) 2.7059
Epoch 212, current loss (training) 2.8807, current loss (val) 2.8164
Epoch 213, current loss (training) 2.8295, current loss (val) 2.9230
Epoch 214, current loss (training) 3.0781, current loss (val) 2.9478
Epoch 215, current loss (training) 3.0396, current loss (val) 2.9179
Epoch 216, current loss (training) 2.8127, current loss (val) 2.7944
Epoch 217, current loss (training) 2.8863, current loss (val) 2.7893
Epoch 218, current loss (training) 2.8594, current loss (val) 2.8504
Epoch 219, current loss (training) 3.6535, current loss (val) 2.9918
Epoch 220, current loss (training) 2.9230, current loss (val) 2.8234
Epoch 221, current loss (training) 3.3188, current loss (val) 3.1292
Epoch 222, current loss (training) 2.9605, current loss (val) 2.7896
Epoch 223, current loss (training) 3.0377, current loss (val) 3.1082
Epoch 224, current loss (training) 3.0631, current loss (val) 3.0139
Epoch 225, current loss (training) 3.0120, current loss (val) 2.7279
Epoch 226, current loss (training) 2.8293, current loss (val) 2.7725
Epoch 227, current loss (training) 2.9105, current loss (val) 2.9406
Epoch 228, current loss (training) 2.7847, current loss (val) 2.7796
Epoch 229, current loss (training) 2.8262, current loss (val) 2.7464
Epoch 230, current loss (training) 3.2228, current loss (val) 3.0673
Epoch 231, current loss (training) 2.8350, current loss (val) 2.8989
Epoch 232, current loss (training) 2.8139, current loss (val) 2.7798
Epoch 233, current loss (training) 2.9918, current loss (val) 2.7548
Epoch 234, current loss (training) 2.5881, current loss (val) 2.7600
Epoch 235, current loss (training) 3.0979, current loss (val) 2.9067
Epoch 236, current loss (training) 3.0972, current loss (val) 2.8405
Epoch 237, current loss (training) 3.0774, current loss (val) 3.0121
Epoch 238, current loss (training) 2.8289, current loss (val) 2.7446
Epoch 239, current loss (training) 3.0831, current loss (val) 2.8927
Epoch 240, current loss (training) 2.9046, current loss (val) 2.7702
Epoch 241, current loss (training) 2.8306, current loss (val) 2.8325
Epoch 242, current loss (training) 3.1877, current loss (val) 2.9243
Epoch 243, current loss (training) 3.3174, current loss (val) 3.2914
Epoch 244, current loss (training) 2.7032, current loss (val) 2.7619
Epoch 245, current loss (training) 2.6600, current loss (val) 2.7474
Epoch 246, current loss (training) 2.7953, current loss (val) 2.7461
Epoch 247, current loss (training) 3.1017, current loss (val) 2.9788
Epoch 248, current loss (training) 2.8241, current loss (val) 2.7721
Epoch 249, current loss (training) 3.0626, current loss (val) 2.9976
Epoch 250, current loss (training) 2.8000, current loss (val) 2.7383
Epoch 251, current loss (training) 3.1896, current loss (val) 2.7586
Epoch 252, current loss (training) 2.9513, current loss (val) 2.9597
Epoch 253, current loss (training) 2.6497, current loss (val) 2.8964
Epoch 254, current loss (training) 3.2472, current loss (val) 3.0267
Epoch 255, current loss (training) 2.9101, current loss (val) 2.6749
Epoch 256, current loss (training) 2.7544, current loss (val) 2.7317
Epoch 257, current loss (training) 2.8515, current loss (val) 2.8905
Epoch 258, current loss (training) 2.7914, current loss (val) 2.6797
Epoch 259, current loss (training) 2.7906, current loss (val) 2.7748
Epoch 260, current loss (training) 3.1625, current loss (val) 3.0685
Epoch 261, current loss (training) 2.6905, current loss (val) 2.6629
Epoch 262, current loss (training) 3.0457, current loss (val) 2.8011
Epoch 263, current loss (training) 3.2024, current loss (val) 2.7694
Epoch 264, current loss (training) 2.7994, current loss (val) 2.7344
Epoch 265, current loss (training) 3.2792, current loss (val) 2.8436
Epoch 266, current loss (training) 3.0009, current loss (val) 2.7436
Epoch 267, current loss (training) 2.6298, current loss (val) 2.7434
Epoch 268, current loss (training) 3.0177, current loss (val) 2.8362
Epoch 269, current loss (training) 2.5987, current loss (val) 2.7695
Epoch 270, current loss (training) 3.0629, current loss (val) 2.8304
Epoch 271, current loss (training) 3.0476, current loss (val) 2.7104
Epoch 272, current loss (training) 3.0932, current loss (val) 2.8010
Epoch 273, current loss (training) 2.5296, current loss (val) 2.7092
Epoch 274, current loss (training) 2.8164, current loss (val) 2.8240
Epoch 275, current loss (training) 3.0345, current loss (val) 2.6985
Epoch 276, current loss (training) 2.9887, current loss (val) 2.7381
Epoch 277, current loss (training) 2.7604, current loss (val) 2.7127
Epoch 278, current loss (training) 2.9518, current loss (val) 2.9873
Epoch 279, current loss (training) 2.8641, current loss (val) 2.8230
Epoch 280, current loss (training) 2.7829, current loss (val) 2.5748
Epoch 281, current loss (training) 3.0796, current loss (val) 2.7166
Epoch 282, current loss (training) 2.8405, current loss (val) 2.6440
Epoch 283, current loss (training) 2.8545, current loss (val) 2.7795
Epoch 284, current loss (training) 2.8572, current loss (val) 2.7734
Epoch 285, current loss (training) 2.9515, current loss (val) 2.7766
Epoch 286, current loss (training) 3.2041, current loss (val) 2.7382
Epoch 287, current loss (training) 2.6789, current loss (val) 2.7537
Epoch 288, current loss (training) 3.1024, current loss (val) 3.0711
Epoch 289, current loss (training) 2.6877, current loss (val) 2.7128
Epoch 290, current loss (training) 2.7189, current loss (val) 2.8050
Epoch 291, current loss (training) 2.7046, current loss (val) 2.7019
Epoch 292, current loss (training) 2.8715, current loss (val) 2.7932
Epoch 293, current loss (training) 2.8355, current loss (val) 2.6783
Epoch 294, current loss (training) 2.8711, current loss (val) 2.8083
Epoch 295, current loss (training) 2.7599, current loss (val) 2.7073
Epoch 296, current loss (training) 2.8754, current loss (val) 2.7298
Epoch 297, current loss (training) 2.9458, current loss (val) 2.8966
Epoch 298, current loss (training) 3.0741, current loss (val) 2.8723
Epoch 299, current loss (training) 2.6674, current loss (val) 2.7686
Epoch 300, current loss (training) 3.0479, current loss (val) 2.9057
Epoch 301, current loss (training) 2.8922, current loss (val) 2.7138
Epoch 302, current loss (training) 3.1815, current loss (val) 2.9207
Epoch 303, current loss (training) 2.7298, current loss (val) 2.6749
Epoch 304, current loss (training) 2.9931, current loss (val) 2.7216
Epoch 305, current loss (training) 2.8647, current loss (val) 2.6587
Epoch 306, current loss (training) 2.7012, current loss (val) 2.6545
Epoch 307, current loss (training) 3.2030, current loss (val) 2.8667
Epoch 308, current loss (training) 2.8255, current loss (val) 2.7534
Epoch 309, current loss (training) 2.8602, current loss (val) 2.6402
Epoch 310, current loss (training) 2.9017, current loss (val) 2.6589
Epoch 311, current loss (training) 2.7310, current loss (val) 2.6814
Epoch 312, current loss (training) 2.8306, current loss (val) 2.6847
Epoch 313, current loss (training) 2.8310, current loss (val) 2.6504
Epoch 314, current loss (training) 2.9567, current loss (val) 2.7439
Epoch 315, current loss (training) 2.7116, current loss (val) 2.6187
Epoch 316, current loss (training) 2.6954, current loss (val) 2.7709
Epoch 317, current loss (training) 3.1489, current loss (val) 2.7210
Epoch 318, current loss (training) 2.7472, current loss (val) 2.7210
Epoch 319, current loss (training) 2.7548, current loss (val) 2.7126
Epoch 320, current loss (training) 2.6665, current loss (val) 2.7051
Epoch 321, current loss (training) 2.7185, current loss (val) 2.6800
Epoch 322, current loss (training) 2.9005, current loss (val) 2.8358
Epoch 323, current loss (training) 2.9103, current loss (val) 2.7503
Epoch 324, current loss (training) 2.9905, current loss (val) 2.6134
Epoch 325, current loss (training) 2.6169, current loss (val) 2.5817
Epoch 326, current loss (training) 2.7363, current loss (val) 2.6411
Epoch 327, current loss (training) 2.8910, current loss (val) 2.6195
Epoch 328, current loss (training) 2.8547, current loss (val) 2.7933
Epoch 329, current loss (training) 2.7161, current loss (val) 2.6152
Epoch 330, current loss (training) 2.9817, current loss (val) 2.8291
Epoch 331, current loss (training) 3.1198, current loss (val) 3.1276
Epoch 332, current loss (training) 2.9855, current loss (val) 2.8102
Epoch 333, current loss (training) 2.8914, current loss (val) 2.6111
Epoch 334, current loss (training) 2.9295, current loss (val) 2.7843
Epoch 335, current loss (training) 2.6298, current loss (val) 2.7861
Epoch 336, current loss (training) 2.8377, current loss (val) 2.9937
Epoch 337, current loss (training) 2.6208, current loss (val) 2.7108
Epoch 338, current loss (training) 2.9046, current loss (val) 2.8051
Epoch 339, current loss (training) 3.0163, current loss (val) 2.7635
Epoch 340, current loss (training) 2.8225, current loss (val) 2.6406
Epoch 341, current loss (training) 2.8038, current loss (val) 2.5711
Epoch 342, current loss (training) 2.5462, current loss (val) 2.7730
Epoch 343, current loss (training) 2.7476, current loss (val) 2.8132
Epoch 344, current loss (training) 2.8862, current loss (val) 2.5856
Epoch 345, current loss (training) 2.7359, current loss (val) 2.7724
Epoch 346, current loss (training) 2.9510, current loss (val) 2.8096
Epoch 347, current loss (training) 2.8209, current loss (val) 2.6998
Epoch 348, current loss (training) 3.2649, current loss (val) 2.9364
Epoch 349, current loss (training) 2.7012, current loss (val) 2.7314
Epoch 350, current loss (training) 2.8482, current loss (val) 2.7732
Epoch 351, current loss (training) 3.0219, current loss (val) 2.9724
Epoch 352, current loss (training) 2.9239, current loss (val) 2.7624
Epoch 353, current loss (training) 2.8520, current loss (val) 2.8523
Epoch 354, current loss (training) 2.9649, current loss (val) 2.6778
Epoch 355, current loss (training) 2.6739, current loss (val) 2.6851
Epoch 356, current loss (training) 2.8648, current loss (val) 2.8764
Epoch 357, current loss (training) 2.6580, current loss (val) 2.7560
Epoch 358, current loss (training) 3.2011, current loss (val) 3.0082
Epoch 359, current loss (training) 2.8726, current loss (val) 2.6737
Epoch 360, current loss (training) 2.7160, current loss (val) 2.6046
Epoch 361, current loss (training) 2.8362, current loss (val) 2.7428
Epoch 362, current loss (training) 2.7511, current loss (val) 2.6290
Epoch 363, current loss (training) 3.1531, current loss (val) 2.6240
Epoch 364, current loss (training) 2.7955, current loss (val) 2.7058
Epoch 365, current loss (training) 2.7881, current loss (val) 2.6813
Epoch 366, current loss (training) 2.6060, current loss (val) 2.7184
Epoch 367, current loss (training) 2.5562, current loss (val) 2.6047
Epoch 368, current loss (training) 2.9060, current loss (val) 2.7968
Epoch 369, current loss (training) 3.0653, current loss (val) 3.0283
Epoch 370, current loss (training) 2.8167, current loss (val) 2.6377
Epoch 371, current loss (training) 2.6863, current loss (val) 2.6447
Epoch 372, current loss (training) 2.7720, current loss (val) 2.7064
Epoch 373, current loss (training) 2.5011, current loss (val) 2.6281
Epoch 374, current loss (training) 2.6657, current loss (val) 2.7682
Epoch 375, current loss (training) 2.6527, current loss (val) 2.6873
Epoch 376, current loss (training) 2.6928, current loss (val) 2.8345
Epoch 377, current loss (training) 3.2990, current loss (val) 3.2086
Epoch 378, current loss (training) 2.6696, current loss (val) 2.6668
Epoch 379, current loss (training) 3.1712, current loss (val) 3.1914
Epoch 380, current loss (training) 2.8465, current loss (val) 2.8256
Epoch 381, current loss (training) 2.5181, current loss (val) 2.5868
Epoch 382, current loss (training) 2.8623, current loss (val) 2.6620
Epoch 383, current loss (training) 2.5009, current loss (val) 2.6092
Epoch 384, current loss (training) 2.6008, current loss (val) 2.5937
Epoch 385, current loss (training) 2.7679, current loss (val) 2.6375
Epoch 386, current loss (training) 3.0302, current loss (val) 2.7378
Epoch 387, current loss (training) 3.0019, current loss (val) 2.6656
Epoch 388, current loss (training) 2.4659, current loss (val) 2.6610
Epoch 389, current loss (training) 2.8318, current loss (val) 2.5931
Epoch 390, current loss (training) 2.7420, current loss (val) 2.6061
Epoch 391, current loss (training) 2.8363, current loss (val) 2.6744
Epoch 392, current loss (training) 3.1518, current loss (val) 3.0339
Epoch 393, current loss (training) 3.0226, current loss (val) 2.7523
Epoch 394, current loss (training) 2.7298, current loss (val) 2.7156
Epoch 395, current loss (training) 2.6499, current loss (val) 2.7252
Epoch 396, current loss (training) 2.7164, current loss (val) 2.6305
Epoch 397, current loss (training) 2.5563, current loss (val) 2.6652
Epoch 398, current loss (training) 2.6502, current loss (val) 2.6616
Epoch 399, current loss (training) 3.0409, current loss (val) 2.8445
Epoch 400, current loss (training) 2.9096, current loss (val) 2.7990
Epoch 401, current loss (training) 2.7902, current loss (val) 2.7392
Epoch 402, current loss (training) 2.7408, current loss (val) 2.6866
Epoch 403, current loss (training) 2.7459, current loss (val) 2.6806
Epoch 404, current loss (training) 2.7075, current loss (val) 2.7430
Epoch 405, current loss (training) 2.7190, current loss (val) 2.7368
Epoch 406, current loss (training) 2.6751, current loss (val) 2.6077
Epoch 407, current loss (training) 2.9906, current loss (val) 2.7315
Epoch 408, current loss (training) 2.6151, current loss (val) 2.6251
Epoch 409, current loss (training) 2.9199, current loss (val) 2.7048
Epoch 410, current loss (training) 2.6902, current loss (val) 2.6156
Epoch 411, current loss (training) 2.8537, current loss (val) 2.7096
Epoch 412, current loss (training) 3.0179, current loss (val) 2.7269
Epoch 413, current loss (training) 2.7348, current loss (val) 2.6723
Epoch 414, current loss (training) 2.7767, current loss (val) 2.5957
Epoch 415, current loss (training) 2.7195, current loss (val) 2.8391
Epoch 416, current loss (training) 2.7486, current loss (val) 2.5757
Epoch 417, current loss (training) 2.8719, current loss (val) 2.8059
Epoch 418, current loss (training) 3.0165, current loss (val) 2.8371
Epoch 419, current loss (training) 2.9782, current loss (val) 2.6226
Epoch 420, current loss (training) 3.0459, current loss (val) 2.7780
Epoch 421, current loss (training) 2.5841, current loss (val) 2.6112
Epoch 422, current loss (training) 2.9346, current loss (val) 2.5935
Epoch 423, current loss (training) 2.6016, current loss (val) 2.6544
Epoch 424, current loss (training) 2.6847, current loss (val) 2.5650
Epoch 425, current loss (training) 2.9878, current loss (val) 2.6912
Epoch 426, current loss (training) 2.6340, current loss (val) 2.6173
Epoch 427, current loss (training) 2.5651, current loss (val) 2.6204
Epoch 428, current loss (training) 2.8742, current loss (val) 2.7853
Epoch 429, current loss (training) 2.9344, current loss (val) 2.6814
Epoch 430, current loss (training) 2.4900, current loss (val) 2.6325
Epoch 431, current loss (training) 2.8466, current loss (val) 2.6992
Epoch 432, current loss (training) 2.6552, current loss (val) 2.6488
Epoch 433, current loss (training) 2.7554, current loss (val) 2.6616
Epoch 434, current loss (training) 2.7577, current loss (val) 2.7007
Epoch 435, current loss (training) 2.9189, current loss (val) 2.7941
Epoch 436, current loss (training) 2.5186, current loss (val) 2.5734
Epoch 437, current loss (training) 2.9254, current loss (val) 2.7839
Epoch 438, current loss (training) 2.6905, current loss (val) 2.6292
Epoch 439, current loss (training) 2.5718, current loss (val) 2.6618
Epoch 440, current loss (training) 2.8202, current loss (val) 2.7551
Epoch 441, current loss (training) 2.9811, current loss (val) 2.6391
Epoch 442, current loss (training) 2.6355, current loss (val) 2.6087
Epoch 443, current loss (training) 2.7721, current loss (val) 2.7102
Epoch 444, current loss (training) 2.7614, current loss (val) 2.6578
Epoch 445, current loss (training) 3.0976, current loss (val) 2.7917
Epoch 446, current loss (training) 2.8157, current loss (val) 2.6561
Epoch 447, current loss (training) 2.7233, current loss (val) 2.6511
Epoch 448, current loss (training) 2.6150, current loss (val) 2.6616
Epoch 449, current loss (training) 2.9389, current loss (val) 2.5898
Epoch 450, current loss (training) 2.5807, current loss (val) 2.6933
Epoch 451, current loss (training) 2.9489, current loss (val) 2.6642
Epoch 452, current loss (training) 2.8086, current loss (val) 2.7145
Epoch 453, current loss (training) 2.5748, current loss (val) 2.5393
Epoch 454, current loss (training) 2.8833, current loss (val) 2.6822
Epoch 455, current loss (training) 2.8180, current loss (val) 2.6923
Epoch 456, current loss (training) 2.5859, current loss (val) 2.5956
Epoch 457, current loss (training) 2.8530, current loss (val) 2.6087
Epoch 458, current loss (training) 2.8821, current loss (val) 2.6646
Epoch 459, current loss (training) 2.6436, current loss (val) 2.6221
Epoch 460, current loss (training) 2.7306, current loss (val) 2.6651
Epoch 461, current loss (training) 2.4706, current loss (val) 2.5919
Epoch 462, current loss (training) 2.4477, current loss (val) 2.5976
Epoch 463, current loss (training) 2.7578, current loss (val) 2.7325
Epoch 464, current loss (training) 2.7296, current loss (val) 2.7072
Epoch 465, current loss (training) 2.6975, current loss (val) 2.6043
Epoch 466, current loss (training) 2.8323, current loss (val) 2.8026
Epoch 467, current loss (training) 2.7922, current loss (val) 2.8555
Epoch 468, current loss (training) 3.2191, current loss (val) 2.7933
Epoch 469, current loss (training) 2.9142, current loss (val) 2.6964
Epoch 470, current loss (training) 2.4507, current loss (val) 2.6061
Epoch 471, current loss (training) 2.8149, current loss (val) 2.6079
Epoch 472, current loss (training) 2.7016, current loss (val) 2.5454
Epoch 473, current loss (training) 2.7485, current loss (val) 2.6710
Epoch 474, current loss (training) 2.7870, current loss (val) 2.6873
Epoch 475, current loss (training) 2.4805, current loss (val) 2.6264
Epoch 476, current loss (training) 2.6584, current loss (val) 2.5091
Epoch 477, current loss (training) 2.3263, current loss (val) 2.5323
Epoch 478, current loss (training) 2.8512, current loss (val) 2.7245
Epoch 479, current loss (training) 2.9511, current loss (val) 2.6400
Epoch 480, current loss (training) 2.7867, current loss (val) 2.7529
Epoch 481, current loss (training) 2.5748, current loss (val) 2.5675
Epoch 482, current loss (training) 2.9969, current loss (val) 2.6525
Epoch 483, current loss (training) 2.3922, current loss (val) 2.5655
Epoch 484, current loss (training) 2.5667, current loss (val) 2.5965
Epoch 485, current loss (training) 3.1532, current loss (val) 2.9837
Epoch 486, current loss (training) 2.6946, current loss (val) 2.5463
Epoch 487, current loss (training) 2.9626, current loss (val) 2.5493
Epoch 488, current loss (training) 2.7922, current loss (val) 2.6945
Epoch 489, current loss (training) 2.8835, current loss (val) 2.9629
Epoch 490, current loss (training) 2.6469, current loss (val) 2.6889
Epoch 491, current loss (training) 2.7992, current loss (val) 2.7719
Epoch 492, current loss (training) 2.5796, current loss (val) 2.5713
Epoch 493, current loss (training) 2.5811, current loss (val) 2.5706
Epoch 494, current loss (training) 2.4815, current loss (val) 2.5612
Epoch 495, current loss (training) 2.8836, current loss (val) 2.6237
Epoch 496, current loss (training) 2.6806, current loss (val) 2.6438
Epoch 497, current loss (training) 2.7090, current loss (val) 2.5961
Epoch 498, current loss (training) 2.6950, current loss (val) 2.6452
Epoch 499, current loss (training) 2.7596, current loss (val) 2.6555
Epoch 500, current loss (training) 2.7407, current loss (val) 2.6295
run_time_first_training_cycle:  2049.63 

Epochs 500, batch size, 200
Nbr training obs 500000, nbr parameters 25454, obs/parameters 19.64

(100, 500000)
(100,)
Starting abc-rs
Percentage done:  10.00 %
Percentage done:  20.00 %
Percentage done:  30.00 %
Percentage done:  40.00 %
Percentage done:  50.00 %
Percentage done:  60.00 %
Percentage done:  70.00 %
Percentage done:  80.00 %
Percentage done:  90.00 %
Percentage done:  100.00 %
Ending abc-rs
end script
Round:1
Round:5
Starting abc-rs
Percentage done:  10.00 %
Percentage done:  20.00 %
Percentage done:  30.00 %
Percentage done:  40.00 %
Percentage done:  50.00 %
Percentage done:  60.00 %
Percentage done:  70.00 %
Percentage done:  80.00 %
Percentage done:  90.00 %
Percentage done:  100.00 %
Ending abc-rs
 15.234787 seconds (4.97 M allocations: 507.159 MiB, 1.22% gc time)
Round:9
Starting abc-rs
Percentage done:  10.00 %
Percentage done:  20.00 %
Percentage done:  30.00 %
Percentage done:  40.00 %
Percentage done:  50.00 %
Percentage done:  60.00 %
Percentage done:  70.00 %
Percentage done:  80.00 %
Percentage done:  90.00 %
Percentage done:  100.00 %
Ending abc-rs
 13.873895 seconds (2.80 M allocations: 404.360 MiB, 0.24% gc time)
Round:13
Starting abc-rs
Percentage done:  10.00 %
Percentage done:  20.00 %
Percentage done:  30.00 %
Percentage done:  40.00 %
Percentage done:  50.00 %
Percentage done:  60.00 %
Percentage done:  70.00 %
Percentage done:  80.00 %
Percentage done:  90.00 %
Percentage done:  100.00 %
Ending abc-rs
 13.857645 seconds (2.80 M allocations: 404.360 MiB, 0.44% gc time)
Round:17
Starting abc-rs
Percentage done:  10.00 %
Percentage done:  20.00 %
Percentage done:  30.00 %
Percentage done:  40.00 %
Percentage done:  50.00 %
Percentage done:  60.00 %
Percentage done:  70.00 %
Percentage done:  80.00 %
Percentage done:  90.00 %
Percentage done:  100.00 %
Ending abc-rs
 13.983200 seconds (2.80 M allocations: 404.360 MiB, 0.26% gc time)
Round:21
Starting abc-rs
Percentage done:  10.00 %
Percentage done:  20.00 %
Percentage done:  30.00 %
Percentage done:  40.00 %
Percentage done:  50.00 %
Percentage done:  60.00 %
Percentage done:  70.00 %
Percentage done:  80.00 %
Percentage done:  90.00 %
Percentage done:  100.00 %
Ending abc-rs
 13.844026 seconds (2.80 M allocations: 404.360 MiB, 0.23% gc time)
Round:25
Starting abc-rs
Percentage done:  10.00 %
Percentage done:  20.00 %
Percentage done:  30.00 %
Percentage done:  40.00 %
Percentage done:  50.00 %
Percentage done:  60.00 %
Percentage done:  70.00 %
Percentage done:  80.00 %
Percentage done:  90.00 %
Percentage done:  100.00 %
Ending abc-rs
 13.835868 seconds (2.80 M allocations: 404.360 MiB, 0.24% gc time)
Round:29
Starting abc-rs
Percentage done:  10.00 %
Percentage done:  20.00 %
Percentage done:  30.00 %
Percentage done:  40.00 %
Percentage done:  50.00 %
Percentage done:  60.00 %
Percentage done:  70.00 %
Percentage done:  80.00 %
Percentage done:  90.00 %
Percentage done:  100.00 %
Ending abc-rs
 13.870577 seconds (2.80 M allocations: 404.360 MiB, 0.42% gc time)
Round:33
Starting abc-rs
Percentage done:  10.00 %
Percentage done:  20.00 %
Percentage done:  30.00 %
Percentage done:  40.00 %
Percentage done:  50.00 %
Percentage done:  60.00 %
Percentage done:  70.00 %
Percentage done:  80.00 %
Percentage done:  90.00 %
Percentage done:  100.00 %
Ending abc-rs
 13.818333 seconds (2.80 M allocations: 404.360 MiB, 0.25% gc time)
Round:37
Starting abc-rs
Percentage done:  10.00 %
Percentage done:  20.00 %
Percentage done:  30.00 %
Percentage done:  40.00 %
Percentage done:  50.00 %
Percentage done:  60.00 %
Percentage done:  70.00 %
Percentage done:  80.00 %
Percentage done:  90.00 %
Percentage done:  100.00 %
Ending abc-rs
 13.893064 seconds (2.80 M allocations: 404.360 MiB, 0.24% gc time)
Round:41
Starting abc-rs
Percentage done:  10.00 %
Percentage done:  20.00 %
Percentage done:  30.00 %
Percentage done:  40.00 %
Percentage done:  50.00 %
Percentage done:  60.00 %
Percentage done:  70.00 %
Percentage done:  80.00 %
Percentage done:  90.00 %
Percentage done:  100.00 %
Ending abc-rs
 13.852045 seconds (2.80 M allocations: 404.360 MiB, 0.25% gc time)
Round:45
Starting abc-rs
Percentage done:  10.00 %
Percentage done:  20.00 %
Percentage done:  30.00 %
Percentage done:  40.00 %
Percentage done:  50.00 %
Percentage done:  60.00 %
Percentage done:  70.00 %
Percentage done:  80.00 %
Percentage done:  90.00 %
Percentage done:  100.00 %
Ending abc-rs
 13.799089 seconds (2.80 M allocations: 404.360 MiB, 0.23% gc time)
Round:49
Starting abc-rs
Percentage done:  10.00 %
Percentage done:  20.00 %
Percentage done:  30.00 %
Percentage done:  40.00 %
Percentage done:  50.00 %
Percentage done:  60.00 %
Percentage done:  70.00 %
Percentage done:  80.00 %
Percentage done:  90.00 %
Percentage done:  100.00 %
Ending abc-rs
 13.842405 seconds (2.80 M allocations: 404.360 MiB, 0.25% gc time)
Round:53
Starting abc-rs
Percentage done:  10.00 %
Percentage done:  20.00 %
Percentage done:  30.00 %
Percentage done:  40.00 %
Percentage done:  50.00 %
Percentage done:  60.00 %
Percentage done:  70.00 %
Percentage done:  80.00 %
Percentage done:  90.00 %
Percentage done:  100.00 %
Ending abc-rs
 13.850611 seconds (2.80 M allocations: 404.360 MiB, 0.23% gc time)
Round:57
Starting abc-rs
Percentage done:  10.00 %
Percentage done:  20.00 %
Percentage done:  30.00 %
Percentage done:  40.00 %
Percentage done:  50.00 %
Percentage done:  60.00 %
Percentage done:  70.00 %
Percentage done:  80.00 %
Percentage done:  90.00 %
Percentage done:  100.00 %
Ending abc-rs
 13.882927 seconds (2.80 M allocations: 404.360 MiB, 0.46% gc time)
Round:61
Starting abc-rs
Percentage done:  10.00 %
Percentage done:  20.00 %
Percentage done:  30.00 %
Percentage done:  40.00 %
Percentage done:  50.00 %
Percentage done:  60.00 %
Percentage done:  70.00 %
Percentage done:  80.00 %
Percentage done:  90.00 %
Percentage done:  100.00 %
Ending abc-rs
 13.814021 seconds (2.80 M allocations: 404.360 MiB, 0.23% gc time)
Round:65
Starting abc-rs
Percentage done:  10.00 %
Percentage done:  20.00 %
Percentage done:  30.00 %
Percentage done:  40.00 %
Percentage done:  50.00 %
Percentage done:  60.00 %
Percentage done:  70.00 %
Percentage done:  80.00 %
Percentage done:  90.00 %
Percentage done:  100.00 %
Ending abc-rs
 13.811471 seconds (2.80 M allocations: 404.360 MiB, 0.25% gc time)
Round:69
Starting abc-rs
Percentage done:  10.00 %
Percentage done:  20.00 %
Percentage done:  30.00 %
Percentage done:  40.00 %
Percentage done:  50.00 %
Percentage done:  60.00 %
Percentage done:  70.00 %
Percentage done:  80.00 %
Percentage done:  90.00 %
Percentage done:  100.00 %
Ending abc-rs
 13.869105 seconds (2.80 M allocations: 404.360 MiB, 0.24% gc time)
Round:73
Starting abc-rs
Percentage done:  10.00 %
Percentage done:  20.00 %
Percentage done:  30.00 %
Percentage done:  40.00 %
Percentage done:  50.00 %
Percentage done:  60.00 %
Percentage done:  70.00 %
Percentage done:  80.00 %
Percentage done:  90.00 %
Percentage done:  100.00 %
Ending abc-rs
 13.852343 seconds (2.80 M allocations: 404.360 MiB, 0.24% gc time)
Round:77
Starting abc-rs
Percentage done:  10.00 %
Percentage done:  20.00 %
Percentage done:  30.00 %
Percentage done:  40.00 %
Percentage done:  50.00 %
Percentage done:  60.00 %
Percentage done:  70.00 %
Percentage done:  80.00 %
Percentage done:  90.00 %
Percentage done:  100.00 %
Ending abc-rs
 13.862513 seconds (2.80 M allocations: 404.360 MiB, 0.23% gc time)
Round:81
Starting abc-rs
Percentage done:  10.00 %
Percentage done:  20.00 %
Percentage done:  30.00 %
Percentage done:  40.00 %
Percentage done:  50.00 %
Percentage done:  60.00 %
Percentage done:  70.00 %
Percentage done:  80.00 %
Percentage done:  90.00 %
Percentage done:  100.00 %
Ending abc-rs
 13.845705 seconds (2.80 M allocations: 404.360 MiB, 0.24% gc time)
Round:85
Starting abc-rs
Percentage done:  10.00 %
Percentage done:  20.00 %
Percentage done:  30.00 %
Percentage done:  40.00 %
Percentage done:  50.00 %
Percentage done:  60.00 %
Percentage done:  70.00 %
Percentage done:  80.00 %
Percentage done:  90.00 %
Percentage done:  100.00 %
Ending abc-rs
 13.805406 seconds (2.80 M allocations: 404.360 MiB, 0.23% gc time)
Round:89
Starting abc-rs
Percentage done:  10.00 %
Percentage done:  20.00 %
Percentage done:  30.00 %
Percentage done:  40.00 %
Percentage done:  50.00 %
Percentage done:  60.00 %
Percentage done:  70.00 %
Percentage done:  80.00 %
Percentage done:  90.00 %
Percentage done:  100.00 %
Ending abc-rs
 13.882327 seconds (2.80 M allocations: 404.360 MiB, 0.24% gc time)
Round:93
Starting abc-rs
Percentage done:  10.00 %
Percentage done:  20.00 %
Percentage done:  30.00 %
Percentage done:  40.00 %
Percentage done:  50.00 %
Percentage done:  60.00 %
Percentage done:  70.00 %
Percentage done:  80.00 %
Percentage done:  90.00 %
Percentage done:  100.00 %
Ending abc-rs
 13.816070 seconds (2.80 M allocations: 404.360 MiB, 0.23% gc time)
Round:97
Starting abc-rs
Percentage done:  10.00 %
Percentage done:  20.00 %
Percentage done:  30.00 %
Percentage done:  40.00 %
Percentage done:  50.00 %
Percentage done:  60.00 %
Percentage done:  70.00 %
Percentage done:  80.00 %
Percentage done:  90.00 %
Percentage done:  100.00 %
Ending abc-rs
 13.844276 seconds (2.80 M allocations: 404.360 MiB, 0.24% gc time)
Round:101
Starting abc-rs
Percentage done:  10.00 %
Percentage done:  20.00 %
Percentage done:  30.00 %
Percentage done:  40.00 %
Percentage done:  50.00 %
Percentage done:  60.00 %
Percentage done:  70.00 %
Percentage done:  80.00 %
Percentage done:  90.00 %
Percentage done:  100.00 %
Ending abc-rs
 13.796373 seconds (2.80 M allocations: 404.360 MiB, 0.23% gc time)
Round:105
Starting abc-rs
Percentage done:  10.00 %
Percentage done:  20.00 %
Percentage done:  30.00 %
Percentage done:  40.00 %
Percentage done:  50.00 %
Percentage done:  60.00 %
Percentage done:  70.00 %
Percentage done:  80.00 %
Percentage done:  90.00 %
Percentage done:  100.00 %
Ending abc-rs
 13.898286 seconds (2.80 M allocations: 404.360 MiB, 0.45% gc time)
Round:109
Starting abc-rs
Percentage done:  10.00 %
Percentage done:  20.00 %
Percentage done:  30.00 %
Percentage done:  40.00 %
Percentage done:  50.00 %
Percentage done:  60.00 %
Percentage done:  70.00 %
Percentage done:  80.00 %
Percentage done:  90.00 %
Percentage done:  100.00 %
Ending abc-rs
 13.851060 seconds (2.80 M allocations: 404.360 MiB, 0.23% gc time)
Round:113
Starting abc-rs
Percentage done:  10.00 %
Percentage done:  20.00 %
Percentage done:  30.00 %
Percentage done:  40.00 %
Percentage done:  50.00 %
Percentage done:  60.00 %
Percentage done:  70.00 %
Percentage done:  80.00 %
Percentage done:  90.00 %
Percentage done:  100.00 %
Ending abc-rs
 13.797445 seconds (2.80 M allocations: 404.360 MiB, 0.25% gc time)
Round:117
Starting abc-rs
Percentage done:  10.00 %
Percentage done:  20.00 %
Percentage done:  30.00 %
Percentage done:  40.00 %
Percentage done:  50.00 %
Percentage done:  60.00 %
Percentage done:  70.00 %
Percentage done:  80.00 %
Percentage done:  90.00 %
Percentage done:  100.00 %
Ending abc-rs
 13.824399 seconds (2.80 M allocations: 404.360 MiB, 0.25% gc time)
Round:121
Starting abc-rs
Percentage done:  10.00 %
Percentage done:  20.00 %
Percentage done:  30.00 %
Percentage done:  40.00 %
Percentage done:  50.00 %
Percentage done:  60.00 %
Percentage done:  70.00 %
Percentage done:  80.00 %
Percentage done:  90.00 %
Percentage done:  100.00 %
Ending abc-rs
 13.889050 seconds (2.80 M allocations: 404.360 MiB, 0.42% gc time)
Round:125
Starting abc-rs
Percentage done:  10.00 %
Percentage done:  20.00 %
Percentage done:  30.00 %
Percentage done:  40.00 %
Percentage done:  50.00 %
Percentage done:  60.00 %
Percentage done:  70.00 %
Percentage done:  80.00 %
Percentage done:  90.00 %
Percentage done:  100.00 %
Ending abc-rs
 13.831705 seconds (2.80 M allocations: 404.360 MiB, 0.23% gc time)
Round:129
Starting abc-rs
Percentage done:  10.00 %
Percentage done:  20.00 %
Percentage done:  30.00 %
Percentage done:  40.00 %
Percentage done:  50.00 %
Percentage done:  60.00 %
Percentage done:  70.00 %
Percentage done:  80.00 %
Percentage done:  90.00 %
Percentage done:  100.00 %
Ending abc-rs
 13.846631 seconds (2.80 M allocations: 404.360 MiB, 0.24% gc time)
Round:133
Starting abc-rs
Percentage done:  10.00 %
Percentage done:  20.00 %
Percentage done:  30.00 %
Percentage done:  40.00 %
Percentage done:  50.00 %
Percentage done:  60.00 %
Percentage done:  70.00 %
Percentage done:  80.00 %
Percentage done:  90.00 %
Percentage done:  100.00 %
Ending abc-rs
 13.811651 seconds (2.80 M allocations: 404.360 MiB, 0.23% gc time)
Round:137
Starting abc-rs
Percentage done:  10.00 %
Percentage done:  20.00 %
Percentage done:  30.00 %
Percentage done:  40.00 %
Percentage done:  50.00 %
Percentage done:  60.00 %
Percentage done:  70.00 %
Percentage done:  80.00 %
Percentage done:  90.00 %
Percentage done:  100.00 %
Ending abc-rs
 13.826382 seconds (2.80 M allocations: 404.360 MiB, 0.23% gc time)
Round:141
Starting abc-rs
Percentage done:  10.00 %
Percentage done:  20.00 %
Percentage done:  30.00 %
Percentage done:  40.00 %
Percentage done:  50.00 %
Percentage done:  60.00 %
Percentage done:  70.00 %
Percentage done:  80.00 %
Percentage done:  90.00 %
Percentage done:  100.00 %
Ending abc-rs
 13.814212 seconds (2.80 M allocations: 404.360 MiB, 0.42% gc time)
Round:145
Starting abc-rs
Percentage done:  10.00 %
Percentage done:  20.00 %
Percentage done:  30.00 %
Percentage done:  40.00 %
Percentage done:  50.00 %
Percentage done:  60.00 %
Percentage done:  70.00 %
Percentage done:  80.00 %
Percentage done:  90.00 %
Percentage done:  100.00 %
Ending abc-rs
 13.819231 seconds (2.80 M allocations: 404.360 MiB, 0.23% gc time)
Round:149
Starting abc-rs
Percentage done:  10.00 %
Percentage done:  20.00 %
Percentage done:  30.00 %
Percentage done:  40.00 %
Percentage done:  50.00 %
Percentage done:  60.00 %
Percentage done:  70.00 %
Percentage done:  80.00 %
Percentage done:  90.00 %
Percentage done:  100.00 %
Ending abc-rs
 13.885492 seconds (2.80 M allocations: 404.360 MiB, 0.24% gc time)
Round:153
Starting abc-rs
Percentage done:  10.00 %
Percentage done:  20.00 %
Percentage done:  30.00 %
Percentage done:  40.00 %
Percentage done:  50.00 %
Percentage done:  60.00 %
Percentage done:  70.00 %
Percentage done:  80.00 %
Percentage done:  90.00 %
Percentage done:  100.00 %
Ending abc-rs
 13.788014 seconds (2.80 M allocations: 404.360 MiB, 0.23% gc time)
Round:157
Starting abc-rs
Percentage done:  10.00 %
Percentage done:  20.00 %
Percentage done:  30.00 %
Percentage done:  40.00 %
Percentage done:  50.00 %
Percentage done:  60.00 %
Percentage done:  70.00 %
Percentage done:  80.00 %
Percentage done:  90.00 %
Percentage done:  100.00 %
Ending abc-rs
 13.819657 seconds (2.80 M allocations: 404.360 MiB, 0.24% gc time)
Round:161
Starting abc-rs
Percentage done:  10.00 %
Percentage done:  20.00 %
Percentage done:  30.00 %
Percentage done:  40.00 %
Percentage done:  50.00 %
Percentage done:  60.00 %
Percentage done:  70.00 %
Percentage done:  80.00 %
Percentage done:  90.00 %
Percentage done:  100.00 %
Ending abc-rs
 13.790599 seconds (2.80 M allocations: 404.360 MiB, 0.23% gc time)
Round:165
Starting abc-rs
Percentage done:  10.00 %
Percentage done:  20.00 %
Percentage done:  30.00 %
Percentage done:  40.00 %
Percentage done:  50.00 %
Percentage done:  60.00 %
Percentage done:  70.00 %
Percentage done:  80.00 %
Percentage done:  90.00 %
Percentage done:  100.00 %
Ending abc-rs
 13.893271 seconds (2.80 M allocations: 404.360 MiB, 0.24% gc time)
Round:169
Starting abc-rs
Percentage done:  10.00 %
Percentage done:  20.00 %
Percentage done:  30.00 %
Percentage done:  40.00 %
Percentage done:  50.00 %
Percentage done:  60.00 %
Percentage done:  70.00 %
Percentage done:  80.00 %
Percentage done:  90.00 %
Percentage done:  100.00 %
Ending abc-rs
 13.804647 seconds (2.80 M allocations: 404.360 MiB, 0.23% gc time)
Round:173
Starting abc-rs
Percentage done:  10.00 %
Percentage done:  20.00 %
Percentage done:  30.00 %
Percentage done:  40.00 %
Percentage done:  50.00 %
Percentage done:  60.00 %
Percentage done:  70.00 %
Percentage done:  80.00 %
Percentage done:  90.00 %
Percentage done:  100.00 %
Ending abc-rs
 13.817700 seconds (2.80 M allocations: 404.360 MiB, 0.24% gc time)
Round:177
Starting abc-rs
Percentage done:  10.00 %
Percentage done:  20.00 %
Percentage done:  30.00 %
Percentage done:  40.00 %
Percentage done:  50.00 %
Percentage done:  60.00 %
Percentage done:  70.00 %
Percentage done:  80.00 %
Percentage done:  90.00 %
Percentage done:  100.00 %
Ending abc-rs
 13.829076 seconds (2.80 M allocations: 404.360 MiB, 0.23% gc time)
Round:181
Starting abc-rs
Percentage done:  10.00 %
Percentage done:  20.00 %
Percentage done:  30.00 %
Percentage done:  40.00 %
Percentage done:  50.00 %
Percentage done:  60.00 %
Percentage done:  70.00 %
Percentage done:  80.00 %
Percentage done:  90.00 %
Percentage done:  100.00 %
Ending abc-rs
 13.869103 seconds (2.80 M allocations: 404.360 MiB, 0.43% gc time)
Round:185
Starting abc-rs
Percentage done:  10.00 %
Percentage done:  20.00 %
Percentage done:  30.00 %
Percentage done:  40.00 %
Percentage done:  50.00 %
Percentage done:  60.00 %
Percentage done:  70.00 %
Percentage done:  80.00 %
Percentage done:  90.00 %
Percentage done:  100.00 %
Ending abc-rs
 13.837957 seconds (2.80 M allocations: 404.360 MiB, 0.23% gc time)
Round:189
Starting abc-rs
Percentage done:  10.00 %
Percentage done:  20.00 %
Percentage done:  30.00 %
Percentage done:  40.00 %
Percentage done:  50.00 %
Percentage done:  60.00 %
Percentage done:  70.00 %
Percentage done:  80.00 %
Percentage done:  90.00 %
Percentage done:  100.00 %
Ending abc-rs
 13.831664 seconds (2.80 M allocations: 404.360 MiB, 0.25% gc time)
Round:193
Starting abc-rs
Percentage done:  10.00 %
Percentage done:  20.00 %
Percentage done:  30.00 %
Percentage done:  40.00 %
Percentage done:  50.00 %
Percentage done:  60.00 %
Percentage done:  70.00 %
Percentage done:  80.00 %
Percentage done:  90.00 %
Percentage done:  100.00 %
Ending abc-rs
 13.809978 seconds (2.80 M allocations: 404.360 MiB, 0.23% gc time)
Round:197
Starting abc-rs
Percentage done:  10.00 %
Percentage done:  20.00 %
Percentage done:  30.00 %
Percentage done:  40.00 %
Percentage done:  50.00 %
Percentage done:  60.00 %
Percentage done:  70.00 %
Percentage done:  80.00 %
Percentage done:  90.00 %
Percentage done:  100.00 %
Ending abc-rs
 13.819937 seconds (2.80 M allocations: 404.360 MiB, 0.25% gc time)
Round:201
Starting abc-rs
Percentage done:  10.00 %
Percentage done:  20.00 %
Percentage done:  30.00 %
Percentage done:  40.00 %
Percentage done:  50.00 %
Percentage done:  60.00 %
Percentage done:  70.00 %
Percentage done:  80.00 %
Percentage done:  90.00 %
Percentage done:  100.00 %
Ending abc-rs
 13.845544 seconds (2.80 M allocations: 404.360 MiB, 0.23% gc time)
Round:205
Starting abc-rs
Percentage done:  10.00 %
Percentage done:  20.00 %
Percentage done:  30.00 %
Percentage done:  40.00 %
Percentage done:  50.00 %
Percentage done:  60.00 %
Percentage done:  70.00 %
Percentage done:  80.00 %
Percentage done:  90.00 %
Percentage done:  100.00 %
Ending abc-rs
 14.322838 seconds (2.80 M allocations: 404.360 MiB, 2.30% gc time)
Round:209
Starting abc-rs
Percentage done:  10.00 %
Percentage done:  20.00 %
Percentage done:  30.00 %
Percentage done:  40.00 %
Percentage done:  50.00 %
Percentage done:  60.00 %
Percentage done:  70.00 %
Percentage done:  80.00 %
Percentage done:  90.00 %
Percentage done:  100.00 %
Ending abc-rs
 13.802089 seconds (2.80 M allocations: 404.360 MiB, 0.19% gc time)
Round:213
Starting abc-rs
Percentage done:  10.00 %
Percentage done:  20.00 %
Percentage done:  30.00 %
Percentage done:  40.00 %
Percentage done:  50.00 %
Percentage done:  60.00 %
Percentage done:  70.00 %
Percentage done:  80.00 %
Percentage done:  90.00 %
Percentage done:  100.00 %
Ending abc-rs
 13.785346 seconds (2.80 M allocations: 404.360 MiB, 0.20% gc time)
Round:217
Starting abc-rs
Percentage done:  10.00 %
Percentage done:  20.00 %
Percentage done:  30.00 %
Percentage done:  40.00 %
Percentage done:  50.00 %
Percentage done:  60.00 %
Percentage done:  70.00 %
Percentage done:  80.00 %
Percentage done:  90.00 %
Percentage done:  100.00 %
Ending abc-rs
 13.748488 seconds (2.80 M allocations: 404.360 MiB, 0.18% gc time)
Round:221
Starting abc-rs
Percentage done:  10.00 %
Percentage done:  20.00 %
Percentage done:  30.00 %
Percentage done:  40.00 %
Percentage done:  50.00 %
Percentage done:  60.00 %
Percentage done:  70.00 %
Percentage done:  80.00 %
Percentage done:  90.00 %
Percentage done:  100.00 %
Ending abc-rs
 13.742976 seconds (2.80 M allocations: 404.360 MiB, 0.19% gc time)
Round:225
Starting abc-rs
Percentage done:  10.00 %
Percentage done:  20.00 %
Percentage done:  30.00 %
Percentage done:  40.00 %
Percentage done:  50.00 %
Percentage done:  60.00 %
Percentage done:  70.00 %
Percentage done:  80.00 %
Percentage done:  90.00 %
Percentage done:  100.00 %
Ending abc-rs
 13.738142 seconds (2.80 M allocations: 404.360 MiB, 0.18% gc time)
Round:229
Starting abc-rs
Percentage done:  10.00 %
Percentage done:  20.00 %
Percentage done:  30.00 %
Percentage done:  40.00 %
Percentage done:  50.00 %
Percentage done:  60.00 %
Percentage done:  70.00 %
Percentage done:  80.00 %
Percentage done:  90.00 %
Percentage done:  100.00 %
Ending abc-rs
 13.768564 seconds (2.80 M allocations: 404.360 MiB, 0.19% gc time)
Round:233
Starting abc-rs
Percentage done:  10.00 %
Percentage done:  20.00 %
Percentage done:  30.00 %
Percentage done:  40.00 %
Percentage done:  50.00 %
Percentage done:  60.00 %
Percentage done:  70.00 %
Percentage done:  80.00 %
Percentage done:  90.00 %
Percentage done:  100.00 %
Ending abc-rs
 13.732363 seconds (2.80 M allocations: 404.360 MiB, 0.18% gc time)
Round:237
Starting abc-rs
Percentage done:  10.00 %
Percentage done:  20.00 %
Percentage done:  30.00 %
Percentage done:  40.00 %
Percentage done:  50.00 %
Percentage done:  60.00 %
Percentage done:  70.00 %
Percentage done:  80.00 %
Percentage done:  90.00 %
Percentage done:  100.00 %
Ending abc-rs
 13.780379 seconds (2.80 M allocations: 404.360 MiB, 0.19% gc time)
Round:241
Starting abc-rs
Percentage done:  10.00 %
Percentage done:  20.00 %
Percentage done:  30.00 %
Percentage done:  40.00 %
Percentage done:  50.00 %
Percentage done:  60.00 %
Percentage done:  70.00 %
Percentage done:  80.00 %
Percentage done:  90.00 %
Percentage done:  100.00 %
Ending abc-rs
 13.756079 seconds (2.80 M allocations: 404.360 MiB, 0.18% gc time)
Round:245
Starting abc-rs
Percentage done:  10.00 %
Percentage done:  20.00 %
Percentage done:  30.00 %
Percentage done:  40.00 %
Percentage done:  50.00 %
Percentage done:  60.00 %
Percentage done:  70.00 %
Percentage done:  80.00 %
Percentage done:  90.00 %
Percentage done:  100.00 %
Ending abc-rs
 13.752156 seconds (2.80 M allocations: 404.360 MiB, 0.19% gc time)
Round:249
Starting abc-rs
Percentage done:  10.00 %
Percentage done:  20.00 %
Percentage done:  30.00 %
Percentage done:  40.00 %
Percentage done:  50.00 %
Percentage done:  60.00 %
Percentage done:  70.00 %
Percentage done:  80.00 %
Percentage done:  90.00 %
Percentage done:  100.00 %
Ending abc-rs
 13.740006 seconds (2.80 M allocations: 404.360 MiB, 0.18% gc time)
Round:253
Starting abc-rs
Percentage done:  10.00 %
Percentage done:  20.00 %
Percentage done:  30.00 %
Percentage done:  40.00 %
Percentage done:  50.00 %
Percentage done:  60.00 %
Percentage done:  70.00 %
Percentage done:  80.00 %
Percentage done:  90.00 %
Percentage done:  100.00 %
Ending abc-rs
 13.865376 seconds (2.80 M allocations: 404.360 MiB, 0.19% gc time)
Round:257
Starting abc-rs
Percentage done:  10.00 %
Percentage done:  20.00 %
Percentage done:  30.00 %
Percentage done:  40.00 %
Percentage done:  50.00 %
Percentage done:  60.00 %
Percentage done:  70.00 %
Percentage done:  80.00 %
Percentage done:  90.00 %
Percentage done:  100.00 %
Ending abc-rs
 13.760306 seconds (2.80 M allocations: 404.360 MiB, 0.18% gc time)
Round:261
Starting abc-rs
Percentage done:  10.00 %
Percentage done:  20.00 %
Percentage done:  30.00 %
Percentage done:  40.00 %
Percentage done:  50.00 %
Percentage done:  60.00 %
Percentage done:  70.00 %
Percentage done:  80.00 %
Percentage done:  90.00 %
Percentage done:  100.00 %
Ending abc-rs
 13.737450 seconds (2.80 M allocations: 404.360 MiB, 0.19% gc time)
Round:265
Starting abc-rs
Percentage done:  10.00 %
Percentage done:  20.00 %
Percentage done:  30.00 %
Percentage done:  40.00 %
Percentage done:  50.00 %
Percentage done:  60.00 %
Percentage done:  70.00 %
Percentage done:  80.00 %
Percentage done:  90.00 %
Percentage done:  100.00 %
Ending abc-rs
 13.786866 seconds (2.80 M allocations: 404.360 MiB, 0.18% gc time)
Round:269
Starting abc-rs
Percentage done:  10.00 %
Percentage done:  20.00 %
Percentage done:  30.00 %
Percentage done:  40.00 %
Percentage done:  50.00 %
Percentage done:  60.00 %
Percentage done:  70.00 %
Percentage done:  80.00 %
Percentage done:  90.00 %
Percentage done:  100.00 %
Ending abc-rs
 13.727809 seconds (2.80 M allocations: 404.360 MiB, 0.18% gc time)
Round:273
Starting abc-rs
Percentage done:  10.00 %
Percentage done:  20.00 %
Percentage done:  30.00 %
Percentage done:  40.00 %
Percentage done:  50.00 %
Percentage done:  60.00 %
Percentage done:  70.00 %
Percentage done:  80.00 %
Percentage done:  90.00 %
Percentage done:  100.00 %
Ending abc-rs
 13.769719 seconds (2.80 M allocations: 404.360 MiB, 0.36% gc time)
Round:277
Starting abc-rs
Percentage done:  10.00 %
Percentage done:  20.00 %
Percentage done:  30.00 %
Percentage done:  40.00 %
Percentage done:  50.00 %
Percentage done:  60.00 %
Percentage done:  70.00 %
Percentage done:  80.00 %
Percentage done:  90.00 %
Percentage done:  100.00 %
Ending abc-rs
 13.789198 seconds (2.80 M allocations: 404.360 MiB, 0.18% gc time)
Round:281
Starting abc-rs
Percentage done:  10.00 %
Percentage done:  20.00 %
Percentage done:  30.00 %
Percentage done:  40.00 %
Percentage done:  50.00 %
Percentage done:  60.00 %
Percentage done:  70.00 %
Percentage done:  80.00 %
Percentage done:  90.00 %
Percentage done:  100.00 %
Ending abc-rs
 13.740386 seconds (2.80 M allocations: 404.360 MiB, 0.19% gc time)
Round:285
Starting abc-rs
Percentage done:  10.00 %
Percentage done:  20.00 %
Percentage done:  30.00 %
Percentage done:  40.00 %
Percentage done:  50.00 %
Percentage done:  60.00 %
Percentage done:  70.00 %
Percentage done:  80.00 %
Percentage done:  90.00 %
Percentage done:  100.00 %
Ending abc-rs
 13.740236 seconds (2.80 M allocations: 404.360 MiB, 0.18% gc time)
Round:289
Starting abc-rs
Percentage done:  10.00 %
Percentage done:  20.00 %
Percentage done:  30.00 %
Percentage done:  40.00 %
Percentage done:  50.00 %
Percentage done:  60.00 %
Percentage done:  70.00 %
Percentage done:  80.00 %
Percentage done:  90.00 %
Percentage done:  100.00 %
Ending abc-rs
 13.739886 seconds (2.80 M allocations: 404.360 MiB, 0.19% gc time)
Round:293
Starting abc-rs
Percentage done:  10.00 %
Percentage done:  20.00 %
Percentage done:  30.00 %
Percentage done:  40.00 %
Percentage done:  50.00 %
Percentage done:  60.00 %
Percentage done:  70.00 %
Percentage done:  80.00 %
Percentage done:  90.00 %
Percentage done:  100.00 %
Ending abc-rs
 13.766893 seconds (2.80 M allocations: 404.360 MiB, 0.18% gc time)
Round:297
Starting abc-rs
Percentage done:  10.00 %
Percentage done:  20.00 %
Percentage done:  30.00 %
Percentage done:  40.00 %
Percentage done:  50.00 %
Percentage done:  60.00 %
Percentage done:  70.00 %
Percentage done:  80.00 %
Percentage done:  90.00 %
Percentage done:  100.00 %
Ending abc-rs
 13.821168 seconds (2.80 M allocations: 404.360 MiB, 0.19% gc time)
Round:301
Starting abc-rs
Percentage done:  10.00 %
Percentage done:  20.00 %
Percentage done:  30.00 %
Percentage done:  40.00 %
Percentage done:  50.00 %
Percentage done:  60.00 %
Percentage done:  70.00 %
Percentage done:  80.00 %
Percentage done:  90.00 %
Percentage done:  100.00 %
Ending abc-rs
 13.783940 seconds (2.80 M allocations: 404.360 MiB, 0.39% gc time)
Round:305
Starting abc-rs
Percentage done:  10.00 %
Percentage done:  20.00 %
Percentage done:  30.00 %
Percentage done:  40.00 %
Percentage done:  50.00 %
Percentage done:  60.00 %
Percentage done:  70.00 %
Percentage done:  80.00 %
Percentage done:  90.00 %
Percentage done:  100.00 %
Ending abc-rs
 13.773465 seconds (2.80 M allocations: 404.360 MiB, 0.19% gc time)
Round:309
Starting abc-rs
Percentage done:  10.00 %
Percentage done:  20.00 %
Percentage done:  30.00 %
Percentage done:  40.00 %
Percentage done:  50.00 %
Percentage done:  60.00 %
Percentage done:  70.00 %
Percentage done:  80.00 %
Percentage done:  90.00 %
Percentage done:  100.00 %
Ending abc-rs
 13.759849 seconds (2.80 M allocations: 404.360 MiB, 0.18% gc time)
Round:313
Starting abc-rs
Percentage done:  10.00 %
Percentage done:  20.00 %
Percentage done:  30.00 %
Percentage done:  40.00 %
Percentage done:  50.00 %
Percentage done:  60.00 %
Percentage done:  70.00 %
Percentage done:  80.00 %
Percentage done:  90.00 %
Percentage done:  100.00 %
Ending abc-rs
 13.830562 seconds (2.80 M allocations: 404.360 MiB, 0.19% gc time)
Round:317
Starting abc-rs
Percentage done:  10.00 %
Percentage done:  20.00 %
Percentage done:  30.00 %
Percentage done:  40.00 %
Percentage done:  50.00 %
Percentage done:  60.00 %
Percentage done:  70.00 %
Percentage done:  80.00 %
Percentage done:  90.00 %
Percentage done:  100.00 %
Ending abc-rs
 13.729834 seconds (2.80 M allocations: 404.360 MiB, 0.18% gc time)
Round:321
Starting abc-rs
Percentage done:  10.00 %
Percentage done:  20.00 %
Percentage done:  30.00 %
Percentage done:  40.00 %
Percentage done:  50.00 %
Percentage done:  60.00 %
Percentage done:  70.00 %
Percentage done:  80.00 %
Percentage done:  90.00 %
Percentage done:  100.00 %
Ending abc-rs
 13.761358 seconds (2.80 M allocations: 404.360 MiB, 0.19% gc time)
Round:325
Starting abc-rs
Percentage done:  10.00 %
Percentage done:  20.00 %
Percentage done:  30.00 %
Percentage done:  40.00 %
Percentage done:  50.00 %
Percentage done:  60.00 %
Percentage done:  70.00 %
Percentage done:  80.00 %
Percentage done:  90.00 %
Percentage done:  100.00 %
Ending abc-rs
 13.777330 seconds (2.80 M allocations: 404.360 MiB, 0.18% gc time)
Round:329
Starting abc-rs
Percentage done:  10.00 %
Percentage done:  20.00 %
Percentage done:  30.00 %
Percentage done:  40.00 %
Percentage done:  50.00 %
Percentage done:  60.00 %
Percentage done:  70.00 %
Percentage done:  80.00 %
Percentage done:  90.00 %
Percentage done:  100.00 %
Ending abc-rs
 13.746183 seconds (2.80 M allocations: 404.360 MiB, 0.19% gc time)
Round:333
Starting abc-rs
Percentage done:  10.00 %
Percentage done:  20.00 %
Percentage done:  30.00 %
Percentage done:  40.00 %
Percentage done:  50.00 %
Percentage done:  60.00 %
Percentage done:  70.00 %
Percentage done:  80.00 %
Percentage done:  90.00 %
Percentage done:  100.00 %
Ending abc-rs
 13.758515 seconds (2.80 M allocations: 404.360 MiB, 0.18% gc time)
Round:337
Starting abc-rs
Percentage done:  10.00 %
Percentage done:  20.00 %
Percentage done:  30.00 %
Percentage done:  40.00 %
Percentage done:  50.00 %
Percentage done:  60.00 %
Percentage done:  70.00 %
Percentage done:  80.00 %
Percentage done:  90.00 %
Percentage done:  100.00 %
Ending abc-rs
 13.732553 seconds (2.80 M allocations: 404.360 MiB, 0.19% gc time)
Round:341
Starting abc-rs
Percentage done:  10.00 %
Percentage done:  20.00 %
Percentage done:  30.00 %
Percentage done:  40.00 %
Percentage done:  50.00 %
Percentage done:  60.00 %
Percentage done:  70.00 %
Percentage done:  80.00 %
Percentage done:  90.00 %
Percentage done:  100.00 %
Ending abc-rs
 13.765422 seconds (2.80 M allocations: 404.360 MiB, 0.18% gc time)
Round:345
Starting abc-rs
Percentage done:  10.00 %
Percentage done:  20.00 %
Percentage done:  30.00 %
Percentage done:  40.00 %
Percentage done:  50.00 %
Percentage done:  60.00 %
Percentage done:  70.00 %
Percentage done:  80.00 %
Percentage done:  90.00 %
Percentage done:  100.00 %
Ending abc-rs
 13.788735 seconds (2.80 M allocations: 404.360 MiB, 0.19% gc time)
Round:349
Starting abc-rs
Percentage done:  10.00 %
Percentage done:  20.00 %
Percentage done:  30.00 %
Percentage done:  40.00 %
Percentage done:  50.00 %
Percentage done:  60.00 %
Percentage done:  70.00 %
Percentage done:  80.00 %
Percentage done:  90.00 %
Percentage done:  100.00 %
Ending abc-rs
 13.741475 seconds (2.80 M allocations: 404.360 MiB, 0.18% gc time)
Round:353
Starting abc-rs
Percentage done:  10.00 %
Percentage done:  20.00 %
Percentage done:  30.00 %
Percentage done:  40.00 %
Percentage done:  50.00 %
Percentage done:  60.00 %
Percentage done:  70.00 %
Percentage done:  80.00 %
Percentage done:  90.00 %
Percentage done:  100.00 %
Ending abc-rs
 13.831097 seconds (2.80 M allocations: 404.360 MiB, 0.24% gc time)
Round:357
Starting abc-rs
Percentage done:  10.00 %
Percentage done:  20.00 %
Percentage done:  30.00 %
Percentage done:  40.00 %
Percentage done:  50.00 %
Percentage done:  60.00 %
Percentage done:  70.00 %
Percentage done:  80.00 %
Percentage done:  90.00 %
Percentage done:  100.00 %
Ending abc-rs
 13.783106 seconds (2.80 M allocations: 404.360 MiB, 0.19% gc time)
Round:361
Starting abc-rs
Percentage done:  10.00 %
Percentage done:  20.00 %
Percentage done:  30.00 %
Percentage done:  40.00 %
Percentage done:  50.00 %
Percentage done:  60.00 %
Percentage done:  70.00 %
Percentage done:  80.00 %
Percentage done:  90.00 %
Percentage done:  100.00 %
Ending abc-rs
 13.781687 seconds (2.80 M allocations: 404.360 MiB, 0.19% gc time)
Round:365
Starting abc-rs
Percentage done:  10.00 %
Percentage done:  20.00 %
Percentage done:  30.00 %
Percentage done:  40.00 %
Percentage done:  50.00 %
Percentage done:  60.00 %
Percentage done:  70.00 %
Percentage done:  80.00 %
Percentage done:  90.00 %
Percentage done:  100.00 %
Ending abc-rs
 13.755421 seconds (2.80 M allocations: 404.360 MiB, 0.19% gc time)
Round:369
Starting abc-rs
Percentage done:  10.00 %
Percentage done:  20.00 %
Percentage done:  30.00 %
Percentage done:  40.00 %
Percentage done:  50.00 %
Percentage done:  60.00 %
Percentage done:  70.00 %
Percentage done:  80.00 %
Percentage done:  90.00 %
Percentage done:  100.00 %
Ending abc-rs
 13.755654 seconds (2.80 M allocations: 404.360 MiB, 0.19% gc time)
Round:373
Starting abc-rs
Percentage done:  10.00 %
Percentage done:  20.00 %
Percentage done:  30.00 %
Percentage done:  40.00 %
Percentage done:  50.00 %
Percentage done:  60.00 %
Percentage done:  70.00 %
Percentage done:  80.00 %
Percentage done:  90.00 %
Percentage done:  100.00 %
Ending abc-rs
 13.764595 seconds (2.80 M allocations: 404.360 MiB, 0.18% gc time)
Round:377
Starting abc-rs
Percentage done:  10.00 %
Percentage done:  20.00 %
Percentage done:  30.00 %
Percentage done:  40.00 %
Percentage done:  50.00 %
Percentage done:  60.00 %
Percentage done:  70.00 %
Percentage done:  80.00 %
Percentage done:  90.00 %
Percentage done:  100.00 %
Ending abc-rs
 13.752327 seconds (2.80 M allocations: 404.360 MiB, 0.19% gc time)
Round:381
Starting abc-rs
Percentage done:  10.00 %
Percentage done:  20.00 %
Percentage done:  30.00 %
Percentage done:  40.00 %
Percentage done:  50.00 %
Percentage done:  60.00 %
Percentage done:  70.00 %
Percentage done:  80.00 %
Percentage done:  90.00 %
Percentage done:  100.00 %
Ending abc-rs
 13.772151 seconds (2.80 M allocations: 404.360 MiB, 0.18% gc time)
Round:385
Starting abc-rs
Percentage done:  10.00 %
Percentage done:  20.00 %
Percentage done:  30.00 %
Percentage done:  40.00 %
Percentage done:  50.00 %
Percentage done:  60.00 %
Percentage done:  70.00 %
Percentage done:  80.00 %
Percentage done:  90.00 %
Percentage done:  100.00 %
Ending abc-rs
 13.775044 seconds (2.80 M allocations: 404.360 MiB, 0.20% gc time)
Round:389
Starting abc-rs
Percentage done:  10.00 %
Percentage done:  20.00 %
Percentage done:  30.00 %
Percentage done:  40.00 %
Percentage done:  50.00 %
Percentage done:  60.00 %
Percentage done:  70.00 %
Percentage done:  80.00 %
Percentage done:  90.00 %
Percentage done:  100.00 %
Ending abc-rs
 13.778384 seconds (2.80 M allocations: 404.360 MiB, 0.18% gc time)
Round:393
Starting abc-rs
Percentage done:  10.00 %
Percentage done:  20.00 %
Percentage done:  30.00 %
Percentage done:  40.00 %
Percentage done:  50.00 %
Percentage done:  60.00 %
Percentage done:  70.00 %
Percentage done:  80.00 %
Percentage done:  90.00 %
Percentage done:  100.00 %
Ending abc-rs
 13.762589 seconds (2.80 M allocations: 404.360 MiB, 0.19% gc time)
Round:397
Starting abc-rs
Percentage done:  10.00 %
Percentage done:  20.00 %
Percentage done:  30.00 %
Percentage done:  40.00 %
Percentage done:  50.00 %
Percentage done:  60.00 %
Percentage done:  70.00 %
Percentage done:  80.00 %
Percentage done:  90.00 %
Percentage done:  100.00 %
Ending abc-rs
 13.765868 seconds (2.80 M allocations: 404.360 MiB, 0.18% gc time)
