Failed to initialize NVML: Driver/library version mismatch
/home/samwiq/ABC and deep learning project/abc-dl/lunarc
/home/samwiq/ABC and deep learning project/abc-dl
start script
250
check version of Knet
    Status `~/.julia/environments/v1.0/Project.toml`
  [336ed68f] CSV v0.3.1
  [a93c6f00] DataFrames v0.13.1
  [31c24e10] Distributions v0.16.4
  [1902f260] Knet v1.1.0
  [6f286f6a] MultivariateStats v0.6.0 #master (https://github.com/JuliaStats/MultivariateStats.jl.git)
  [2913bbd2] StatsBase v0.25.0
  [4c63d2b9] StatsFuns v0.7.0
build Knet
  Building SpecialFunctions → `~/.julia/packages/SpecialFunctions/KvXoO/deps/build.log`
  Building CodecZlib ───────→ `~/.julia/packages/CodecZlib/wwgbh/deps/build.log`
  Building Knet ────────────→ `~/.julia/packages/Knet/hxjeS/deps/build.log`
test gpu
1
0
0
Loading g-and-k model
Loading g-and-k model
Starting: generate_parameter_data_pairs
Percentage done:  10.00 %
Percentage done:  20.00 %
Percentage done:  30.00 %
Percentage done:  40.00 %
Percentage done:  50.00 %
Percentage done:  60.00 %
Percentage done:  70.00 %
Percentage done:  80.00 %
Percentage done:  90.00 %
Percentage done:  100.00 %
Starting: generate_parameter_data_pairs
Percentage done:  2.00 %
Percentage done:  4.00 %
Percentage done:  6.00 %
Percentage done:  8.00 %
Percentage done:  10.00 %
Percentage done:  12.00 %
Percentage done:  14.00 %
Percentage done:  16.00 %
Percentage done:  18.00 %
Percentage done:  20.00 %
Percentage done:  22.00 %
Percentage done:  24.00 %
Percentage done:  26.00 %
Percentage done:  28.00 %
Percentage done:  30.00 %
Percentage done:  32.00 %
Percentage done:  34.00 %
Percentage done:  36.00 %
Percentage done:  38.00 %
Percentage done:  40.00 %
Percentage done:  42.00 %
Percentage done:  44.00 %
Percentage done:  46.00 %
Percentage done:  48.00 %
Percentage done:  50.00 %
Percentage done:  52.00 %
Percentage done:  54.00 %
Percentage done:  56.00 %
Percentage done:  58.00 %
Percentage done:  60.00 %
Percentage done:  62.00 %
Percentage done:  64.00 %
Percentage done:  66.00 %
Percentage done:  68.00 %
Percentage done:  70.00 %
Percentage done:  72.00 %
Percentage done:  74.00 %
Percentage done:  76.00 %
Percentage done:  78.00 %
Percentage done:  80.00 %
Percentage done:  82.00 %
Percentage done:  84.00 %
Percentage done:  86.00 %
Percentage done:  88.00 %
Percentage done:  90.00 %
Percentage done:  92.00 %
Percentage done:  94.00 %
Percentage done:  96.00 %
Percentage done:  98.00 %
Percentage done:  100.00 %
Starting: generate_parameter_data_pairs
Percentage done:  5.00 %
Percentage done:  10.00 %
Percentage done:  15.00 %
Percentage done:  20.00 %
Percentage done:  25.00 %
Percentage done:  30.00 %
Percentage done:  35.00 %
Percentage done:  40.00 %
Percentage done:  45.00 %
Percentage done:  50.00 %
Percentage done:  55.00 %
Percentage done:  60.00 %
Percentage done:  65.00 %
Percentage done:  70.00 %
Percentage done:  75.00 %
Percentage done:  80.00 %
Percentage done:  85.00 %
Percentage done:  90.00 %
Percentage done:  95.00 %
Percentage done:  100.00 %
Starting: generate_parameter_data_pairs
140.946125 seconds (66.92 M allocations: 56.002 GiB, 2.23% gc time)
Nbr training obs 500000, nbr parameters 22214, obs/parameters 22.51
0
Starting training
Epoch 1, current loss (training) 6.3566, current loss (val) 6.2985, best loss (val) 6.2985 
Epoch 2, current loss (training) 6.4859, current loss (val) 6.0113, best loss (val) 6.0113 
Epoch 3, current loss (training) 5.5949, current loss (val) 5.2808, best loss (val) 5.2808 
Epoch 4, current loss (training) 5.3441, current loss (val) 4.9058, best loss (val) 4.9058 
Epoch 5, current loss (training) 4.8734, current loss (val) 4.9234, best loss (val) 4.9058 
Epoch 6, current loss (training) 4.8806, current loss (val) 4.7464, best loss (val) 4.7464 
Epoch 7, current loss (training) 5.0191, current loss (val) 4.7742, best loss (val) 4.7464 
Epoch 8, current loss (training) 4.5121, current loss (val) 4.5347, best loss (val) 4.5347 
Epoch 9, current loss (training) 4.6165, current loss (val) 4.5568, best loss (val) 4.5347 
Epoch 10, current loss (training) 4.5708, current loss (val) 4.4731, best loss (val) 4.4731 
Epoch 11, current loss (training) 3.8438, current loss (val) 3.9152, best loss (val) 3.9152 
Epoch 12, current loss (training) 3.8787, current loss (val) 3.8829, best loss (val) 3.8829 
Epoch 13, current loss (training) 4.0161, current loss (val) 3.8902, best loss (val) 3.8829 
Epoch 14, current loss (training) 3.8923, current loss (val) 3.9265, best loss (val) 3.8829 
Epoch 15, current loss (training) 3.9932, current loss (val) 3.7970, best loss (val) 3.7970 
Epoch 16, current loss (training) 3.5050, current loss (val) 3.7196, best loss (val) 3.7196 
Epoch 17, current loss (training) 3.5996, current loss (val) 3.6671, best loss (val) 3.6671 
Epoch 18, current loss (training) 3.8450, current loss (val) 3.7852, best loss (val) 3.6671 
Epoch 19, current loss (training) 3.8156, current loss (val) 3.9665, best loss (val) 3.6671 
Epoch 20, current loss (training) 3.5930, current loss (val) 3.8250, best loss (val) 3.6671 
Epoch 21, current loss (training) 3.9666, current loss (val) 3.7827, best loss (val) 3.6671 
Epoch 22, current loss (training) 3.8677, current loss (val) 3.6367, best loss (val) 3.6367 
Epoch 23, current loss (training) 3.6669, current loss (val) 3.7106, best loss (val) 3.6367 
Epoch 24, current loss (training) 3.5667, current loss (val) 3.6861, best loss (val) 3.6367 
Epoch 25, current loss (training) 3.6426, current loss (val) 3.6408, best loss (val) 3.6367 
Epoch 26, current loss (training) 3.8731, current loss (val) 3.5572, best loss (val) 3.5572 
Epoch 27, current loss (training) 3.4666, current loss (val) 3.5683, best loss (val) 3.5572 
Epoch 28, current loss (training) 3.5736, current loss (val) 3.4444, best loss (val) 3.4444 
Epoch 29, current loss (training) 3.6898, current loss (val) 3.4494, best loss (val) 3.4444 
Epoch 30, current loss (training) 3.4510, current loss (val) 3.4139, best loss (val) 3.4139 
Epoch 31, current loss (training) 3.3115, current loss (val) 3.3448, best loss (val) 3.3448 
Epoch 32, current loss (training) 3.5263, current loss (val) 3.4660, best loss (val) 3.3448 
Epoch 33, current loss (training) 3.1600, current loss (val) 3.4075, best loss (val) 3.3448 
Epoch 34, current loss (training) 3.3233, current loss (val) 3.4837, best loss (val) 3.3448 
Epoch 35, current loss (training) 3.4001, current loss (val) 3.3688, best loss (val) 3.3448 
Epoch 36, current loss (training) 3.3626, current loss (val) 3.5394, best loss (val) 3.3448 
Epoch 37, current loss (training) 3.3786, current loss (val) 3.3604, best loss (val) 3.3448 
Epoch 38, current loss (training) 3.1132, current loss (val) 3.2992, best loss (val) 3.2992 
Epoch 39, current loss (training) 3.2985, current loss (val) 3.4261, best loss (val) 3.2992 
Epoch 40, current loss (training) 3.1568, current loss (val) 3.2967, best loss (val) 3.2967 
Epoch 41, current loss (training) 3.3098, current loss (val) 3.4465, best loss (val) 3.2967 
Epoch 42, current loss (training) 3.1527, current loss (val) 3.3104, best loss (val) 3.2967 
Epoch 43, current loss (training) 3.3625, current loss (val) 3.2995, best loss (val) 3.2967 
Epoch 44, current loss (training) 3.1173, current loss (val) 3.1791, best loss (val) 3.1791 
Epoch 45, current loss (training) 3.2792, current loss (val) 3.2653, best loss (val) 3.1791 
Epoch 46, current loss (training) 3.1706, current loss (val) 3.1762, best loss (val) 3.1762 
Epoch 47, current loss (training) 3.2844, current loss (val) 3.3608, best loss (val) 3.1762 
Epoch 48, current loss (training) 3.5683, current loss (val) 3.2645, best loss (val) 3.1762 
Epoch 49, current loss (training) 3.2965, current loss (val) 3.4259, best loss (val) 3.1762 
Epoch 50, current loss (training) 3.3287, current loss (val) 3.2057, best loss (val) 3.1762 
Epoch 51, current loss (training) 3.0601, current loss (val) 3.1893, best loss (val) 3.1762 
Epoch 52, current loss (training) 3.0906, current loss (val) 3.1768, best loss (val) 3.1762 
Epoch 53, current loss (training) 3.2073, current loss (val) 3.1346, best loss (val) 3.1346 
Epoch 54, current loss (training) 3.4733, current loss (val) 3.2363, best loss (val) 3.1346 
Epoch 55, current loss (training) 3.1089, current loss (val) 3.1923, best loss (val) 3.1346 
Epoch 56, current loss (training) 3.3053, current loss (val) 3.1525, best loss (val) 3.1346 
Epoch 57, current loss (training) 3.0222, current loss (val) 3.0622, best loss (val) 3.0622 
Epoch 58, current loss (training) 2.9334, current loss (val) 3.1219, best loss (val) 3.0622 
Epoch 59, current loss (training) 2.9966, current loss (val) 3.0893, best loss (val) 3.0622 
Epoch 60, current loss (training) 3.0103, current loss (val) 3.0645, best loss (val) 3.0622 
Epoch 61, current loss (training) 3.2235, current loss (val) 3.1337, best loss (val) 3.0622 
Epoch 62, current loss (training) 2.7661, current loss (val) 3.1417, best loss (val) 3.0622 
Epoch 63, current loss (training) 2.9499, current loss (val) 3.0843, best loss (val) 3.0622 
Epoch 64, current loss (training) 3.1343, current loss (val) 3.2643, best loss (val) 3.0622 
Epoch 65, current loss (training) 3.0358, current loss (val) 3.0529, best loss (val) 3.0529 
Epoch 66, current loss (training) 2.9328, current loss (val) 3.0691, best loss (val) 3.0529 
Epoch 67, current loss (training) 2.7501, current loss (val) 3.1216, best loss (val) 3.0529 
Epoch 68, current loss (training) 3.0839, current loss (val) 2.9936, best loss (val) 2.9936 
Epoch 69, current loss (training) 3.0448, current loss (val) 3.1753, best loss (val) 2.9936 
Epoch 70, current loss (training) 2.9347, current loss (val) 3.0175, best loss (val) 2.9936 
Epoch 71, current loss (training) 2.6949, current loss (val) 2.9618, best loss (val) 2.9618 
Epoch 72, current loss (training) 2.7832, current loss (val) 2.9774, best loss (val) 2.9618 
Epoch 73, current loss (training) 3.0493, current loss (val) 3.0725, best loss (val) 2.9618 
Epoch 74, current loss (training) 2.8070, current loss (val) 2.9899, best loss (val) 2.9618 
Epoch 75, current loss (training) 2.8844, current loss (val) 3.0545, best loss (val) 2.9618 
Epoch 76, current loss (training) 3.0557, current loss (val) 3.1059, best loss (val) 2.9618 
Epoch 77, current loss (training) 3.0697, current loss (val) 2.9852, best loss (val) 2.9618 
Epoch 78, current loss (training) 3.1225, current loss (val) 3.1551, best loss (val) 2.9618 
Epoch 79, current loss (training) 2.9462, current loss (val) 3.0346, best loss (val) 2.9618 
Epoch 80, current loss (training) 2.6885, current loss (val) 2.8986, best loss (val) 2.8986 
Epoch 81, current loss (training) 2.9946, current loss (val) 3.0086, best loss (val) 2.8986 
Epoch 82, current loss (training) 2.9386, current loss (val) 2.9971, best loss (val) 2.8986 
Epoch 83, current loss (training) 3.1917, current loss (val) 3.2084, best loss (val) 2.8986 
Epoch 84, current loss (training) 3.0092, current loss (val) 2.9804, best loss (val) 2.8986 
Epoch 85, current loss (training) 2.7525, current loss (val) 2.8973, best loss (val) 2.8973 
Epoch 86, current loss (training) 2.8334, current loss (val) 2.9493, best loss (val) 2.8973 
Epoch 87, current loss (training) 3.0561, current loss (val) 3.0315, best loss (val) 2.8973 
Epoch 88, current loss (training) 2.7672, current loss (val) 2.8668, best loss (val) 2.8668 
Epoch 89, current loss (training) 2.9876, current loss (val) 3.0062, best loss (val) 2.8668 
Epoch 90, current loss (training) 2.9723, current loss (val) 2.9471, best loss (val) 2.8668 
Epoch 91, current loss (training) 2.6636, current loss (val) 2.9004, best loss (val) 2.8668 
Epoch 92, current loss (training) 3.0214, current loss (val) 2.8930, best loss (val) 2.8668 
Epoch 93, current loss (training) 2.8024, current loss (val) 2.9861, best loss (val) 2.8668 
Epoch 94, current loss (training) 2.7996, current loss (val) 2.8823, best loss (val) 2.8668 
Epoch 95, current loss (training) 2.7524, current loss (val) 2.9203, best loss (val) 2.8668 
Epoch 96, current loss (training) 2.7830, current loss (val) 2.9481, best loss (val) 2.8668 
Epoch 97, current loss (training) 2.8653, current loss (val) 2.8075, best loss (val) 2.8075 
Epoch 98, current loss (training) 2.7749, current loss (val) 2.8816, best loss (val) 2.8075 
Epoch 99, current loss (training) 2.5952, current loss (val) 2.8472, best loss (val) 2.8075 
Epoch 100, current loss (training) 2.8995, current loss (val) 2.9608, best loss (val) 2.8075 
Epoch 101, current loss (training) 3.0428, current loss (val) 3.0549, best loss (val) 2.8075 
Epoch 102, current loss (training) 2.8517, current loss (val) 2.8268, best loss (val) 2.8075 
Epoch 103, current loss (training) 3.0446, current loss (val) 2.9738, best loss (val) 2.8075 
Epoch 104, current loss (training) 3.0013, current loss (val) 2.9848, best loss (val) 2.8075 
Epoch 105, current loss (training) 2.8586, current loss (val) 2.8661, best loss (val) 2.8075 
Epoch 106, current loss (training) 2.8521, current loss (val) 2.9074, best loss (val) 2.8075 
Epoch 107, current loss (training) 3.0630, current loss (val) 2.8350, best loss (val) 2.8075 
Epoch 108, current loss (training) 2.7072, current loss (val) 2.8166, best loss (val) 2.8075 
Epoch 109, current loss (training) 2.6434, current loss (val) 2.7773, best loss (val) 2.7773 
Epoch 110, current loss (training) 2.7272, current loss (val) 2.8308, best loss (val) 2.7773 
Epoch 111, current loss (training) 2.6207, current loss (val) 2.8254, best loss (val) 2.7773 
Epoch 112, current loss (training) 2.5225, current loss (val) 2.8532, best loss (val) 2.7773 
Epoch 113, current loss (training) 2.8124, current loss (val) 2.9610, best loss (val) 2.7773 
Epoch 114, current loss (training) 2.6479, current loss (val) 2.7793, best loss (val) 2.7773 
Epoch 115, current loss (training) 2.9530, current loss (val) 2.8268, best loss (val) 2.7773 
Epoch 116, current loss (training) 2.6531, current loss (val) 2.8331, best loss (val) 2.7773 
Epoch 117, current loss (training) 2.6487, current loss (val) 2.7683, best loss (val) 2.7683 
Epoch 118, current loss (training) 2.7124, current loss (val) 2.7506, best loss (val) 2.7506 
Epoch 119, current loss (training) 2.6015, current loss (val) 2.8005, best loss (val) 2.7506 
Epoch 120, current loss (training) 2.9751, current loss (val) 2.8031, best loss (val) 2.7506 
Epoch 121, current loss (training) 2.7430, current loss (val) 2.8349, best loss (val) 2.7506 
Epoch 122, current loss (training) 2.6834, current loss (val) 2.7913, best loss (val) 2.7506 
Epoch 123, current loss (training) 2.7142, current loss (val) 2.7760, best loss (val) 2.7506 
Epoch 124, current loss (training) 2.5846, current loss (val) 2.8612, best loss (val) 2.7506 
Epoch 125, current loss (training) 2.7358, current loss (val) 3.0219, best loss (val) 2.7506 
Epoch 126, current loss (training) 2.7880, current loss (val) 2.8118, best loss (val) 2.7506 
Epoch 127, current loss (training) 2.5872, current loss (val) 2.8391, best loss (val) 2.7506 
Epoch 128, current loss (training) 2.6113, current loss (val) 2.7350, best loss (val) 2.7350 
Epoch 129, current loss (training) 2.9389, current loss (val) 2.8320, best loss (val) 2.7350 
Epoch 130, current loss (training) 2.7072, current loss (val) 2.8120, best loss (val) 2.7350 
Epoch 131, current loss (training) 2.8984, current loss (val) 2.7698, best loss (val) 2.7350 
Epoch 132, current loss (training) 2.7316, current loss (val) 2.7767, best loss (val) 2.7350 
Epoch 133, current loss (training) 2.9196, current loss (val) 2.7847, best loss (val) 2.7350 
Epoch 134, current loss (training) 2.4108, current loss (val) 2.8057, best loss (val) 2.7350 
Epoch 135, current loss (training) 2.8775, current loss (val) 2.8194, best loss (val) 2.7350 
Epoch 136, current loss (training) 2.7238, current loss (val) 2.7982, best loss (val) 2.7350 
Epoch 137, current loss (training) 2.4892, current loss (val) 2.7605, best loss (val) 2.7350 
Epoch 138, current loss (training) 2.6902, current loss (val) 2.7384, best loss (val) 2.7350 
Epoch 139, current loss (training) 2.7445, current loss (val) 2.8816, best loss (val) 2.7350 
Epoch 140, current loss (training) 2.6185, current loss (val) 2.7277, best loss (val) 2.7277 
Epoch 141, current loss (training) 2.7360, current loss (val) 2.7700, best loss (val) 2.7277 
Epoch 142, current loss (training) 2.8510, current loss (val) 2.9036, best loss (val) 2.7277 
Epoch 143, current loss (training) 2.6570, current loss (val) 2.7782, best loss (val) 2.7277 
Epoch 144, current loss (training) 2.6594, current loss (val) 2.7567, best loss (val) 2.7277 
Epoch 145, current loss (training) 2.7397, current loss (val) 2.9093, best loss (val) 2.7277 
Epoch 146, current loss (training) 2.5410, current loss (val) 2.8135, best loss (val) 2.7277 
Epoch 147, current loss (training) 2.6065, current loss (val) 2.7017, best loss (val) 2.7017 
Epoch 148, current loss (training) 2.5979, current loss (val) 2.7316, best loss (val) 2.7017 
Epoch 149, current loss (training) 2.7132, current loss (val) 2.7519, best loss (val) 2.7017 
Epoch 150, current loss (training) 2.7509, current loss (val) 2.7746, best loss (val) 2.7017 
Epoch 151, current loss (training) 2.8485, current loss (val) 2.8247, best loss (val) 2.7017 
Epoch 152, current loss (training) 2.4924, current loss (val) 2.6754, best loss (val) 2.6754 
Epoch 153, current loss (training) 2.5883, current loss (val) 2.7220, best loss (val) 2.6754 
Epoch 154, current loss (training) 2.5451, current loss (val) 2.8043, best loss (val) 2.6754 
Epoch 155, current loss (training) 2.4549, current loss (val) 2.7088, best loss (val) 2.6754 
Epoch 156, current loss (training) 2.6684, current loss (val) 2.7592, best loss (val) 2.6754 
Epoch 157, current loss (training) 2.6921, current loss (val) 2.7095, best loss (val) 2.6754 
Epoch 158, current loss (training) 2.6275, current loss (val) 2.7696, best loss (val) 2.6754 
Epoch 159, current loss (training) 2.6600, current loss (val) 2.7797, best loss (val) 2.6754 
Epoch 160, current loss (training) 2.6828, current loss (val) 2.7484, best loss (val) 2.6754 
Epoch 161, current loss (training) 2.5763, current loss (val) 2.7699, best loss (val) 2.6754 
Epoch 162, current loss (training) 2.6460, current loss (val) 2.8058, best loss (val) 2.6754 
Epoch 163, current loss (training) 2.4100, current loss (val) 2.8358, best loss (val) 2.6754 
Epoch 164, current loss (training) 2.8225, current loss (val) 2.7312, best loss (val) 2.6754 
Epoch 165, current loss (training) 2.6740, current loss (val) 2.7587, best loss (val) 2.6754 
Epoch 166, current loss (training) 2.6195, current loss (val) 2.6925, best loss (val) 2.6754 
Epoch 167, current loss (training) 2.5480, current loss (val) 2.7101, best loss (val) 2.6754 
Epoch 168, current loss (training) 2.6729, current loss (val) 2.7648, best loss (val) 2.6754 
Epoch 169, current loss (training) 2.7268, current loss (val) 2.8403, best loss (val) 2.6754 
Epoch 170, current loss (training) 2.8631, current loss (val) 2.8267, best loss (val) 2.6754 
Epoch 171, current loss (training) 2.7016, current loss (val) 2.6989, best loss (val) 2.6754 
Epoch 172, current loss (training) 2.7940, current loss (val) 2.6725, best loss (val) 2.6725 
Epoch 173, current loss (training) 2.3798, current loss (val) 2.6481, best loss (val) 2.6481 
Epoch 174, current loss (training) 2.5403, current loss (val) 2.7572, best loss (val) 2.6481 
Epoch 175, current loss (training) 2.7524, current loss (val) 2.7226, best loss (val) 2.6481 
Epoch 176, current loss (training) 2.6815, current loss (val) 2.8332, best loss (val) 2.6481 
Epoch 177, current loss (training) 2.6579, current loss (val) 2.7155, best loss (val) 2.6481 
Epoch 178, current loss (training) 2.7281, current loss (val) 2.6792, best loss (val) 2.6481 
Epoch 179, current loss (training) 2.6610, current loss (val) 2.7155, best loss (val) 2.6481 
Epoch 180, current loss (training) 2.6571, current loss (val) 2.7329, best loss (val) 2.6481 
Epoch 181, current loss (training) 2.6967, current loss (val) 2.7050, best loss (val) 2.6481 
Epoch 182, current loss (training) 2.6420, current loss (val) 2.6927, best loss (val) 2.6481 
Epoch 183, current loss (training) 2.7355, current loss (val) 2.7512, best loss (val) 2.6481 
Epoch 184, current loss (training) 2.7200, current loss (val) 2.6905, best loss (val) 2.6481 
Epoch 185, current loss (training) 2.6518, current loss (val) 2.7690, best loss (val) 2.6481 
Epoch 186, current loss (training) 2.7118, current loss (val) 2.6710, best loss (val) 2.6481 
Epoch 187, current loss (training) 2.4654, current loss (val) 2.7610, best loss (val) 2.6481 
Epoch 188, current loss (training) 2.7810, current loss (val) 2.7629, best loss (val) 2.6481 
Epoch 189, current loss (training) 2.6348, current loss (val) 2.7214, best loss (val) 2.6481 
Epoch 190, current loss (training) 2.3369, current loss (val) 2.6623, best loss (val) 2.6481 
Epoch 191, current loss (training) 2.5942, current loss (val) 2.6128, best loss (val) 2.6128 
Epoch 192, current loss (training) 2.5749, current loss (val) 2.7103, best loss (val) 2.6128 
Epoch 193, current loss (training) 2.6645, current loss (val) 2.6572, best loss (val) 2.6128 
Epoch 194, current loss (training) 2.5104, current loss (val) 2.6795, best loss (val) 2.6128 
Epoch 195, current loss (training) 2.6806, current loss (val) 2.7159, best loss (val) 2.6128 
Epoch 196, current loss (training) 2.7680, current loss (val) 2.7161, best loss (val) 2.6128 
Epoch 197, current loss (training) 2.5011, current loss (val) 2.6797, best loss (val) 2.6128 
Epoch 198, current loss (training) 2.5851, current loss (val) 2.6615, best loss (val) 2.6128 
Epoch 199, current loss (training) 2.5983, current loss (val) 2.6999, best loss (val) 2.6128 
Epoch 200, current loss (training) 2.4215, current loss (val) 2.6213, best loss (val) 2.6128 
Epoch 201, current loss (training) 2.6354, current loss (val) 2.6757, best loss (val) 2.6128 
Epoch 202, current loss (training) 2.5071, current loss (val) 2.6567, best loss (val) 2.6128 
Epoch 203, current loss (training) 2.6051, current loss (val) 2.6474, best loss (val) 2.6128 
Epoch 204, current loss (training) 2.4436, current loss (val) 2.6680, best loss (val) 2.6128 
Epoch 205, current loss (training) 2.5586, current loss (val) 2.6103, best loss (val) 2.6103 
Epoch 206, current loss (training) 2.5045, current loss (val) 2.7057, best loss (val) 2.6103 
Epoch 207, current loss (training) 2.5008, current loss (val) 2.6364, best loss (val) 2.6103 
Epoch 208, current loss (training) 2.7303, current loss (val) 2.6597, best loss (val) 2.6103 
Epoch 209, current loss (training) 2.6306, current loss (val) 2.6840, best loss (val) 2.6103 
Epoch 210, current loss (training) 2.7176, current loss (val) 2.8366, best loss (val) 2.6103 
Epoch 211, current loss (training) 2.3033, current loss (val) 2.6171, best loss (val) 2.6103 
Epoch 212, current loss (training) 2.6500, current loss (val) 2.6432, best loss (val) 2.6103 
Epoch 213, current loss (training) 2.6267, current loss (val) 2.6826, best loss (val) 2.6103 
Epoch 214, current loss (training) 2.4768, current loss (val) 2.6548, best loss (val) 2.6103 
Epoch 215, current loss (training) 2.4505, current loss (val) 2.6648, best loss (val) 2.6103 
Epoch 216, current loss (training) 2.5385, current loss (val) 2.6239, best loss (val) 2.6103 
Epoch 217, current loss (training) 2.5300, current loss (val) 2.7128, best loss (val) 2.6103 
Epoch 218, current loss (training) 2.4913, current loss (val) 2.6697, best loss (val) 2.6103 
Epoch 219, current loss (training) 2.5616, current loss (val) 2.6958, best loss (val) 2.6103 
Epoch 220, current loss (training) 2.7793, current loss (val) 2.6391, best loss (val) 2.6103 
Epoch 221, current loss (training) 2.4519, current loss (val) 2.6427, best loss (val) 2.6103 
Epoch 222, current loss (training) 2.7102, current loss (val) 2.7124, best loss (val) 2.6103 
Epoch 223, current loss (training) 2.3254, current loss (val) 2.6307, best loss (val) 2.6103 
Epoch 224, current loss (training) 2.6045, current loss (val) 2.6679, best loss (val) 2.6103 
Epoch 225, current loss (training) 2.6127, current loss (val) 2.7497, best loss (val) 2.6103 
Epoch 226, current loss (training) 2.6747, current loss (val) 2.7130, best loss (val) 2.6103 
Epoch 227, current loss (training) 2.6268, current loss (val) 2.6997, best loss (val) 2.6103 
Epoch 228, current loss (training) 2.6790, current loss (val) 2.7880, best loss (val) 2.6103 
Epoch 229, current loss (training) 2.5130, current loss (val) 2.6492, best loss (val) 2.6103 
Epoch 230, current loss (training) 2.5670, current loss (val) 2.6138, best loss (val) 2.6103 
Epoch 231, current loss (training) 2.6472, current loss (val) 2.6332, best loss (val) 2.6103 
Epoch 232, current loss (training) 2.2532, current loss (val) 2.5894, best loss (val) 2.5894 
Epoch 233, current loss (training) 2.6654, current loss (val) 2.6761, best loss (val) 2.5894 
Epoch 234, current loss (training) 2.4660, current loss (val) 2.6613, best loss (val) 2.5894 
Epoch 235, current loss (training) 2.6948, current loss (val) 2.5971, best loss (val) 2.5894 
Epoch 236, current loss (training) 2.4893, current loss (val) 2.6150, best loss (val) 2.5894 
Epoch 237, current loss (training) 2.8099, current loss (val) 2.6796, best loss (val) 2.5894 
Epoch 238, current loss (training) 2.6027, current loss (val) 2.7715, best loss (val) 2.5894 
Epoch 239, current loss (training) 2.5160, current loss (val) 2.6399, best loss (val) 2.5894 
Epoch 240, current loss (training) 2.7666, current loss (val) 2.6597, best loss (val) 2.5894 
Epoch 241, current loss (training) 2.5076, current loss (val) 2.5961, best loss (val) 2.5894 
Epoch 242, current loss (training) 2.4352, current loss (val) 2.5581, best loss (val) 2.5581 
Epoch 243, current loss (training) 2.6785, current loss (val) 2.6543, best loss (val) 2.5581 
Epoch 244, current loss (training) 2.5651, current loss (val) 2.6451, best loss (val) 2.5581 
Epoch 245, current loss (training) 2.4083, current loss (val) 2.6210, best loss (val) 2.5581 
Epoch 246, current loss (training) 2.7618, current loss (val) 2.5973, best loss (val) 2.5581 
Epoch 247, current loss (training) 2.6605, current loss (val) 2.6633, best loss (val) 2.5581 
Epoch 248, current loss (training) 2.2902, current loss (val) 2.5256, best loss (val) 2.5256 
Epoch 249, current loss (training) 2.5128, current loss (val) 2.5646, best loss (val) 2.5256 
Epoch 250, current loss (training) 2.6641, current loss (val) 2.5784, best loss (val) 2.5256 
2.5255814
run_time_first_training_cycle:  39224.53 

Epochs 250, batch size, 200
Nbr training obs 500000, nbr parameters 22214, obs/parameters 22.51

Starting abc-rs
Percentage done:  10.00 %
Percentage done:  20.00 %
Percentage done:  30.00 %
Percentage done:  40.00 %
Percentage done:  50.00 %
Percentage done:  60.00 %
Percentage done:  70.00 %
Percentage done:  80.00 %
Percentage done:  90.00 %
Percentage done:  100.00 %
Ending abc-rs
end script
Round:1
Round:5
Starting abc-rs
Percentage done:  10.00 %
Percentage done:  20.00 %
Percentage done:  30.00 %
Percentage done:  40.00 %
Percentage done:  50.00 %
Percentage done:  60.00 %
Percentage done:  70.00 %
Percentage done:  80.00 %
Percentage done:  90.00 %
Percentage done:  100.00 %
Ending abc-rs
296.329413 seconds (7.34 M allocations: 120.561 GiB, 1.92% gc time)
Round:9
Starting abc-rs
Percentage done:  10.00 %
Percentage done:  20.00 %
Percentage done:  30.00 %
Percentage done:  40.00 %
Percentage done:  50.00 %
Percentage done:  60.00 %
Percentage done:  70.00 %
Percentage done:  80.00 %
Percentage done:  90.00 %
Percentage done:  100.00 %
Ending abc-rs
295.181220 seconds (4.60 M allocations: 120.434 GiB, 1.89% gc time)
Round:13
Starting abc-rs
Percentage done:  10.00 %
Percentage done:  20.00 %
Percentage done:  30.00 %
Percentage done:  40.00 %
Percentage done:  50.00 %
Percentage done:  60.00 %
Percentage done:  70.00 %
Percentage done:  80.00 %
Percentage done:  90.00 %
Percentage done:  100.00 %
Ending abc-rs
281.602407 seconds (4.60 M allocations: 120.434 GiB, 1.86% gc time)
Round:17
Starting abc-rs
Percentage done:  10.00 %
Percentage done:  20.00 %
Percentage done:  30.00 %
Percentage done:  40.00 %
Percentage done:  50.00 %
Percentage done:  60.00 %
Percentage done:  70.00 %
Percentage done:  80.00 %
Percentage done:  90.00 %
Percentage done:  100.00 %
Ending abc-rs
296.393426 seconds (4.60 M allocations: 120.434 GiB, 1.90% gc time)
Round:21
Starting abc-rs
Percentage done:  10.00 %
Percentage done:  20.00 %
Percentage done:  30.00 %
Percentage done:  40.00 %
Percentage done:  50.00 %
Percentage done:  60.00 %
Percentage done:  70.00 %
Percentage done:  80.00 %
Percentage done:  90.00 %
Percentage done:  100.00 %
Ending abc-rs
294.910138 seconds (4.60 M allocations: 120.434 GiB, 1.91% gc time)
Round:25
Starting abc-rs
Percentage done:  10.00 %
Percentage done:  20.00 %
Percentage done:  30.00 %
Percentage done:  40.00 %
Percentage done:  50.00 %
Percentage done:  60.00 %
Percentage done:  70.00 %
Percentage done:  80.00 %
Percentage done:  90.00 %
Percentage done:  100.00 %
Ending abc-rs
295.507786 seconds (4.60 M allocations: 120.434 GiB, 1.90% gc time)
Round:29
Starting abc-rs
Percentage done:  10.00 %
Percentage done:  20.00 %
Percentage done:  30.00 %
Percentage done:  40.00 %
Percentage done:  50.00 %
Percentage done:  60.00 %
Percentage done:  70.00 %
Percentage done:  80.00 %
Percentage done:  90.00 %
Percentage done:  100.00 %
Ending abc-rs
295.906007 seconds (4.60 M allocations: 120.434 GiB, 1.90% gc time)
Round:33
Starting abc-rs
Percentage done:  10.00 %
Percentage done:  20.00 %
Percentage done:  30.00 %
Percentage done:  40.00 %
Percentage done:  50.00 %
Percentage done:  60.00 %
Percentage done:  70.00 %
Percentage done:  80.00 %
Percentage done:  90.00 %
Percentage done:  100.00 %
Ending abc-rs
293.452765 seconds (4.60 M allocations: 120.434 GiB, 1.91% gc time)
Round:37
Starting abc-rs
Percentage done:  10.00 %
Percentage done:  20.00 %
Percentage done:  30.00 %
Percentage done:  40.00 %
Percentage done:  50.00 %
Percentage done:  60.00 %
Percentage done:  70.00 %
Percentage done:  80.00 %
Percentage done:  90.00 %
Percentage done:  100.00 %
Ending abc-rs
286.116606 seconds (4.60 M allocations: 120.434 GiB, 1.88% gc time)
Round:41
Starting abc-rs
Percentage done:  10.00 %
Percentage done:  20.00 %
Percentage done:  30.00 %
Percentage done:  40.00 %
Percentage done:  50.00 %
Percentage done:  60.00 %
Percentage done:  70.00 %
Percentage done:  80.00 %
Percentage done:  90.00 %
Percentage done:  100.00 %
Ending abc-rs
294.177277 seconds (4.60 M allocations: 120.434 GiB, 1.91% gc time)
Round:45
Starting abc-rs
Percentage done:  10.00 %
Percentage done:  20.00 %
Percentage done:  30.00 %
Percentage done:  40.00 %
Percentage done:  50.00 %
Percentage done:  60.00 %
Percentage done:  70.00 %
Percentage done:  80.00 %
Percentage done:  90.00 %
Percentage done:  100.00 %
Ending abc-rs
289.771131 seconds (4.60 M allocations: 120.434 GiB, 1.90% gc time)
Round:49
Starting abc-rs
Percentage done:  10.00 %
Percentage done:  20.00 %
Percentage done:  30.00 %
Percentage done:  40.00 %
Percentage done:  50.00 %
Percentage done:  60.00 %
Percentage done:  70.00 %
Percentage done:  80.00 %
Percentage done:  90.00 %
Percentage done:  100.00 %
Ending abc-rs
295.388513 seconds (4.60 M allocations: 120.434 GiB, 1.89% gc time)
Round:53
Starting abc-rs
Percentage done:  10.00 %
Percentage done:  20.00 %
Percentage done:  30.00 %
Percentage done:  40.00 %
Percentage done:  50.00 %
Percentage done:  60.00 %
Percentage done:  70.00 %
Percentage done:  80.00 %
Percentage done:  90.00 %
Percentage done:  100.00 %
Ending abc-rs
296.081083 seconds (4.60 M allocations: 120.434 GiB, 1.90% gc time)
Round:57
Starting abc-rs
Percentage done:  10.00 %
Percentage done:  20.00 %
Percentage done:  30.00 %
Percentage done:  40.00 %
Percentage done:  50.00 %
Percentage done:  60.00 %
Percentage done:  70.00 %
Percentage done:  80.00 %
Percentage done:  90.00 %
Percentage done:  100.00 %
Ending abc-rs
293.337482 seconds (4.60 M allocations: 120.434 GiB, 1.89% gc time)
Round:61
Starting abc-rs
Percentage done:  10.00 %
Percentage done:  20.00 %
Percentage done:  30.00 %
Percentage done:  40.00 %
Percentage done:  50.00 %
Percentage done:  60.00 %
Percentage done:  70.00 %
Percentage done:  80.00 %
Percentage done:  90.00 %
Percentage done:  100.00 %
Ending abc-rs
296.020442 seconds (4.60 M allocations: 120.434 GiB, 1.90% gc time)
Round:65
Starting abc-rs
Percentage done:  10.00 %
Percentage done:  20.00 %
Percentage done:  30.00 %
Percentage done:  40.00 %
Percentage done:  50.00 %
Percentage done:  60.00 %
Percentage done:  70.00 %
Percentage done:  80.00 %
Percentage done:  90.00 %
Percentage done:  100.00 %
Ending abc-rs
293.165302 seconds (4.60 M allocations: 120.434 GiB, 1.90% gc time)
Round:69
Starting abc-rs
Percentage done:  10.00 %
Percentage done:  20.00 %
Percentage done:  30.00 %
Percentage done:  40.00 %
Percentage done:  50.00 %
Percentage done:  60.00 %
Percentage done:  70.00 %
Percentage done:  80.00 %
Percentage done:  90.00 %
Percentage done:  100.00 %
Ending abc-rs
295.135629 seconds (4.60 M allocations: 120.434 GiB, 1.91% gc time)
Round:73
Starting abc-rs
Percentage done:  10.00 %
Percentage done:  20.00 %
Percentage done:  30.00 %
Percentage done:  40.00 %
Percentage done:  50.00 %
Percentage done:  60.00 %
Percentage done:  70.00 %
Percentage done:  80.00 %
Percentage done:  90.00 %
Percentage done:  100.00 %
Ending abc-rs
293.140101 seconds (4.60 M allocations: 120.434 GiB, 1.90% gc time)
Round:77
Starting abc-rs
Percentage done:  10.00 %
Percentage done:  20.00 %
Percentage done:  30.00 %
Percentage done:  40.00 %
Percentage done:  50.00 %
Percentage done:  60.00 %
Percentage done:  70.00 %
Percentage done:  80.00 %
Percentage done:  90.00 %
Percentage done:  100.00 %
Ending abc-rs
295.791983 seconds (4.60 M allocations: 120.434 GiB, 1.90% gc time)
Round:81
Starting abc-rs
Percentage done:  10.00 %
Percentage done:  20.00 %
Percentage done:  30.00 %
Percentage done:  40.00 %
Percentage done:  50.00 %
Percentage done:  60.00 %
Percentage done:  70.00 %
Percentage done:  80.00 %
Percentage done:  90.00 %
Percentage done:  100.00 %
Ending abc-rs
295.230163 seconds (4.60 M allocations: 120.434 GiB, 1.89% gc time)
Round:85
Starting abc-rs
Percentage done:  10.00 %
Percentage done:  20.00 %
Percentage done:  30.00 %
Percentage done:  40.00 %
Percentage done:  50.00 %
Percentage done:  60.00 %
Percentage done:  70.00 %
Percentage done:  80.00 %
Percentage done:  90.00 %
Percentage done:  100.00 %
Ending abc-rs
302.523679 seconds (4.60 M allocations: 120.434 GiB, 1.89% gc time)
Round:89
Starting abc-rs
Percentage done:  10.00 %
Percentage done:  20.00 %
Percentage done:  30.00 %
Percentage done:  40.00 %
Percentage done:  50.00 %
Percentage done:  60.00 %
Percentage done:  70.00 %
Percentage done:  80.00 %
Percentage done:  90.00 %
Percentage done:  100.00 %
Ending abc-rs
300.874497 seconds (4.60 M allocations: 120.434 GiB, 1.89% gc time)
Round:93
Starting abc-rs
Percentage done:  10.00 %
Percentage done:  20.00 %
Percentage done:  30.00 %
Percentage done:  40.00 %
Percentage done:  50.00 %
Percentage done:  60.00 %
Percentage done:  70.00 %
Percentage done:  80.00 %
Percentage done:  90.00 %
Percentage done:  100.00 %
Ending abc-rs
294.206306 seconds (4.60 M allocations: 120.434 GiB, 1.88% gc time)
Round:97
Starting abc-rs
Percentage done:  10.00 %
Percentage done:  20.00 %
Percentage done:  30.00 %
Percentage done:  40.00 %
Percentage done:  50.00 %
Percentage done:  60.00 %
Percentage done:  70.00 %
Percentage done:  80.00 %
Percentage done:  90.00 %
Percentage done:  100.00 %
Ending abc-rs
298.083588 seconds (4.60 M allocations: 120.434 GiB, 1.89% gc time)
Round:101
Starting abc-rs
Percentage done:  10.00 %
Percentage done:  20.00 %
Percentage done:  30.00 %
Percentage done:  40.00 %
Percentage done:  50.00 %
Percentage done:  60.00 %
Percentage done:  70.00 %
Percentage done:  80.00 %
Percentage done:  90.00 %
Percentage done:  100.00 %
Ending abc-rs
293.098283 seconds (4.60 M allocations: 120.434 GiB, 1.89% gc time)
Round:105
Starting abc-rs
Percentage done:  10.00 %
Percentage done:  20.00 %
Percentage done:  30.00 %
Percentage done:  40.00 %
Percentage done:  50.00 %
Percentage done:  60.00 %
Percentage done:  70.00 %
Percentage done:  80.00 %
Percentage done:  90.00 %
Percentage done:  100.00 %
Ending abc-rs
293.568965 seconds (4.60 M allocations: 120.434 GiB, 1.89% gc time)
Round:109
Starting abc-rs
Percentage done:  10.00 %
Percentage done:  20.00 %
Percentage done:  30.00 %
Percentage done:  40.00 %
Percentage done:  50.00 %
Percentage done:  60.00 %
Percentage done:  70.00 %
Percentage done:  80.00 %
Percentage done:  90.00 %
Percentage done:  100.00 %
Ending abc-rs
289.806226 seconds (4.60 M allocations: 120.434 GiB, 1.87% gc time)
Round:113
Starting abc-rs
Percentage done:  10.00 %
Percentage done:  20.00 %
Percentage done:  30.00 %
Percentage done:  40.00 %
Percentage done:  50.00 %
Percentage done:  60.00 %
Percentage done:  70.00 %
Percentage done:  80.00 %
Percentage done:  90.00 %
Percentage done:  100.00 %
Ending abc-rs
299.217416 seconds (4.60 M allocations: 120.434 GiB, 1.90% gc time)
Round:117
Starting abc-rs
Percentage done:  10.00 %
Percentage done:  20.00 %
Percentage done:  30.00 %
Percentage done:  40.00 %
Percentage done:  50.00 %
Percentage done:  60.00 %
Percentage done:  70.00 %
Percentage done:  80.00 %
Percentage done:  90.00 %
Percentage done:  100.00 %
Ending abc-rs
291.181663 seconds (4.60 M allocations: 120.434 GiB, 1.89% gc time)
Round:121
Starting abc-rs
Percentage done:  10.00 %
Percentage done:  20.00 %
Percentage done:  30.00 %
Percentage done:  40.00 %
Percentage done:  50.00 %
Percentage done:  60.00 %
Percentage done:  70.00 %
Percentage done:  80.00 %
Percentage done:  90.00 %
Percentage done:  100.00 %
Ending abc-rs
293.850931 seconds (4.60 M allocations: 120.434 GiB, 1.89% gc time)
Round:125
Starting abc-rs
Percentage done:  10.00 %
Percentage done:  20.00 %
Percentage done:  30.00 %
Percentage done:  40.00 %
Percentage done:  50.00 %
Percentage done:  60.00 %
Percentage done:  70.00 %
Percentage done:  80.00 %
Percentage done:  90.00 %
Percentage done:  100.00 %
Ending abc-rs
295.682845 seconds (4.60 M allocations: 120.434 GiB, 1.89% gc time)
Round:129
Starting abc-rs
Percentage done:  10.00 %
Percentage done:  20.00 %
Percentage done:  30.00 %
Percentage done:  40.00 %
Percentage done:  50.00 %
Percentage done:  60.00 %
Percentage done:  70.00 %
Percentage done:  80.00 %
Percentage done:  90.00 %
Percentage done:  100.00 %
Ending abc-rs
296.961583 seconds (4.60 M allocations: 120.434 GiB, 1.89% gc time)
Round:133
Starting abc-rs
Percentage done:  10.00 %
Percentage done:  20.00 %
Percentage done:  30.00 %
Percentage done:  40.00 %
Percentage done:  50.00 %
Percentage done:  60.00 %
Percentage done:  70.00 %
Percentage done:  80.00 %
Percentage done:  90.00 %
Percentage done:  100.00 %
Ending abc-rs
293.612286 seconds (4.60 M allocations: 120.434 GiB, 1.88% gc time)
Round:137
Starting abc-rs
Percentage done:  10.00 %
Percentage done:  20.00 %
Percentage done:  30.00 %
Percentage done:  40.00 %
Percentage done:  50.00 %
Percentage done:  60.00 %
Percentage done:  70.00 %
Percentage done:  80.00 %
Percentage done:  90.00 %
Percentage done:  100.00 %
Ending abc-rs
295.566890 seconds (4.60 M allocations: 120.434 GiB, 1.90% gc time)
Round:141
Starting abc-rs
Percentage done:  10.00 %
Percentage done:  20.00 %
Percentage done:  30.00 %
Percentage done:  40.00 %
Percentage done:  50.00 %
Percentage done:  60.00 %
Percentage done:  70.00 %
Percentage done:  80.00 %
Percentage done:  90.00 %
Percentage done:  100.00 %
Ending abc-rs
297.118428 seconds (4.60 M allocations: 120.434 GiB, 1.89% gc time)
Round:145
Starting abc-rs
Percentage done:  10.00 %
Percentage done:  20.00 %
Percentage done:  30.00 %
Percentage done:  40.00 %
Percentage done:  50.00 %
Percentage done:  60.00 %
Percentage done:  70.00 %
Percentage done:  80.00 %
Percentage done:  90.00 %
Percentage done:  100.00 %
Ending abc-rs
290.156556 seconds (4.60 M allocations: 120.434 GiB, 1.89% gc time)
Round:149
Starting abc-rs
Percentage done:  10.00 %
Percentage done:  20.00 %
Percentage done:  30.00 %
Percentage done:  40.00 %
Percentage done:  50.00 %
Percentage done:  60.00 %
Percentage done:  70.00 %
Percentage done:  80.00 %
Percentage done:  90.00 %
Percentage done:  100.00 %
Ending abc-rs
294.581302 seconds (4.60 M allocations: 120.434 GiB, 1.89% gc time)
Round:153
Starting abc-rs
Percentage done:  10.00 %
Percentage done:  20.00 %
Percentage done:  30.00 %
Percentage done:  40.00 %
Percentage done:  50.00 %
Percentage done:  60.00 %
Percentage done:  70.00 %
Percentage done:  80.00 %
Percentage done:  90.00 %
Percentage done:  100.00 %
Ending abc-rs
299.624792 seconds (4.60 M allocations: 120.434 GiB, 1.90% gc time)
Round:157
Starting abc-rs
Percentage done:  10.00 %
Percentage done:  20.00 %
Percentage done:  30.00 %
Percentage done:  40.00 %
Percentage done:  50.00 %
Percentage done:  60.00 %
Percentage done:  70.00 %
Percentage done:  80.00 %
Percentage done:  90.00 %
Percentage done:  100.00 %
Ending abc-rs
291.874806 seconds (4.60 M allocations: 120.434 GiB, 1.91% gc time)
Round:161
Starting abc-rs
Percentage done:  10.00 %
Percentage done:  20.00 %
Percentage done:  30.00 %
Percentage done:  40.00 %
Percentage done:  50.00 %
Percentage done:  60.00 %
Percentage done:  70.00 %
Percentage done:  80.00 %
Percentage done:  90.00 %
Percentage done:  100.00 %
Ending abc-rs
293.820320 seconds (4.60 M allocations: 120.434 GiB, 1.90% gc time)
Round:165
Starting abc-rs
Percentage done:  10.00 %
Percentage done:  20.00 %
Percentage done:  30.00 %
Percentage done:  40.00 %
Percentage done:  50.00 %
Percentage done:  60.00 %
Percentage done:  70.00 %
Percentage done:  80.00 %
Percentage done:  90.00 %
Percentage done:  100.00 %
Ending abc-rs
300.662937 seconds (4.60 M allocations: 120.434 GiB, 1.89% gc time)
Round:169
Starting abc-rs
Percentage done:  10.00 %
Percentage done:  20.00 %
Percentage done:  30.00 %
Percentage done:  40.00 %
Percentage done:  50.00 %
Percentage done:  60.00 %
Percentage done:  70.00 %
Percentage done:  80.00 %
Percentage done:  90.00 %
Percentage done:  100.00 %
Ending abc-rs
302.925588 seconds (4.60 M allocations: 120.434 GiB, 1.89% gc time)
Round:173
Starting abc-rs
Percentage done:  10.00 %
Percentage done:  20.00 %
Percentage done:  30.00 %
Percentage done:  40.00 %
Percentage done:  50.00 %
Percentage done:  60.00 %
Percentage done:  70.00 %
Percentage done:  80.00 %
Percentage done:  90.00 %
Percentage done:  100.00 %
Ending abc-rs
298.700384 seconds (4.60 M allocations: 120.434 GiB, 1.90% gc time)
Round:177
Starting abc-rs
Percentage done:  10.00 %
Percentage done:  20.00 %
Percentage done:  30.00 %
Percentage done:  40.00 %
Percentage done:  50.00 %
Percentage done:  60.00 %
Percentage done:  70.00 %
Percentage done:  80.00 %
Percentage done:  90.00 %
Percentage done:  100.00 %
Ending abc-rs
296.691239 seconds (4.60 M allocations: 120.434 GiB, 1.90% gc time)
Round:181
Starting abc-rs
Percentage done:  10.00 %
Percentage done:  20.00 %
Percentage done:  30.00 %
Percentage done:  40.00 %
Percentage done:  50.00 %
Percentage done:  60.00 %
Percentage done:  70.00 %
Percentage done:  80.00 %
Percentage done:  90.00 %
Percentage done:  100.00 %
Ending abc-rs
289.445401 seconds (4.60 M allocations: 120.434 GiB, 1.88% gc time)
Round:185
Starting abc-rs
Percentage done:  10.00 %
Percentage done:  20.00 %
Percentage done:  30.00 %
Percentage done:  40.00 %
Percentage done:  50.00 %
Percentage done:  60.00 %
Percentage done:  70.00 %
Percentage done:  80.00 %
Percentage done:  90.00 %
Percentage done:  100.00 %
Ending abc-rs
298.116684 seconds (4.60 M allocations: 120.434 GiB, 1.90% gc time)
Round:189
Starting abc-rs
Percentage done:  10.00 %
Percentage done:  20.00 %
Percentage done:  30.00 %
Percentage done:  40.00 %
Percentage done:  50.00 %
Percentage done:  60.00 %
Percentage done:  70.00 %
Percentage done:  80.00 %
Percentage done:  90.00 %
Percentage done:  100.00 %
Ending abc-rs
302.364592 seconds (4.60 M allocations: 120.434 GiB, 1.90% gc time)
Round:193
Starting abc-rs
Percentage done:  10.00 %
Percentage done:  20.00 %
Percentage done:  30.00 %
Percentage done:  40.00 %
Percentage done:  50.00 %
Percentage done:  60.00 %
Percentage done:  70.00 %
Percentage done:  80.00 %
Percentage done:  90.00 %
Percentage done:  100.00 %
Ending abc-rs
300.387541 seconds (4.60 M allocations: 120.434 GiB, 1.91% gc time)
Round:197
Starting abc-rs
Percentage done:  10.00 %
Percentage done:  20.00 %
Percentage done:  30.00 %
Percentage done:  40.00 %
Percentage done:  50.00 %
Percentage done:  60.00 %
Percentage done:  70.00 %
Percentage done:  80.00 %
Percentage done:  90.00 %
Percentage done:  100.00 %
Ending abc-rs
305.971397 seconds (4.60 M allocations: 120.434 GiB, 1.90% gc time)
Round:201
Starting abc-rs
Percentage done:  10.00 %
Percentage done:  20.00 %
Percentage done:  30.00 %
Percentage done:  40.00 %
Percentage done:  50.00 %
Percentage done:  60.00 %
Percentage done:  70.00 %
Percentage done:  80.00 %
Percentage done:  90.00 %
Percentage done:  100.00 %
Ending abc-rs
299.529616 seconds (4.60 M allocations: 120.434 GiB, 1.91% gc time)
Round:205
Starting abc-rs
Percentage done:  10.00 %
Percentage done:  20.00 %
Percentage done:  30.00 %
Percentage done:  40.00 %
Percentage done:  50.00 %
Percentage done:  60.00 %
Percentage done:  70.00 %
Percentage done:  80.00 %
Percentage done:  90.00 %
Percentage done:  100.00 %
Ending abc-rs
300.021422 seconds (4.60 M allocations: 120.434 GiB, 1.92% gc time)
Round:209
Starting abc-rs
Percentage done:  10.00 %
Percentage done:  20.00 %
Percentage done:  30.00 %
Percentage done:  40.00 %
Percentage done:  50.00 %
Percentage done:  60.00 %
Percentage done:  70.00 %
Percentage done:  80.00 %
Percentage done:  90.00 %
Percentage done:  100.00 %
Ending abc-rs
292.689653 seconds (4.60 M allocations: 120.434 GiB, 1.85% gc time)
Round:213
Starting abc-rs
Percentage done:  10.00 %
Percentage done:  20.00 %
Percentage done:  30.00 %
Percentage done:  40.00 %
Percentage done:  50.00 %
Percentage done:  60.00 %
Percentage done:  70.00 %
Percentage done:  80.00 %
Percentage done:  90.00 %
Percentage done:  100.00 %
Ending abc-rs
295.872334 seconds (4.60 M allocations: 120.434 GiB, 1.84% gc time)
Round:217
Starting abc-rs
Percentage done:  10.00 %
Percentage done:  20.00 %
Percentage done:  30.00 %
Percentage done:  40.00 %
Percentage done:  50.00 %
Percentage done:  60.00 %
Percentage done:  70.00 %
Percentage done:  80.00 %
Percentage done:  90.00 %
Percentage done:  100.00 %
Ending abc-rs
303.180222 seconds (4.60 M allocations: 120.434 GiB, 1.82% gc time)
Round:221
Starting abc-rs
Percentage done:  10.00 %
Percentage done:  20.00 %
Percentage done:  30.00 %
Percentage done:  40.00 %
Percentage done:  50.00 %
Percentage done:  60.00 %
Percentage done:  70.00 %
Percentage done:  80.00 %
Percentage done:  90.00 %
Percentage done:  100.00 %
Ending abc-rs
298.978339 seconds (4.60 M allocations: 120.434 GiB, 1.84% gc time)
Round:225
Starting abc-rs
Percentage done:  10.00 %
Percentage done:  20.00 %
Percentage done:  30.00 %
Percentage done:  40.00 %
Percentage done:  50.00 %
Percentage done:  60.00 %
Percentage done:  70.00 %
Percentage done:  80.00 %
Percentage done:  90.00 %
Percentage done:  100.00 %
Ending abc-rs
297.820630 seconds (4.60 M allocations: 120.434 GiB, 1.85% gc time)
Round:229
Starting abc-rs
Percentage done:  10.00 %
Percentage done:  20.00 %
Percentage done:  30.00 %
Percentage done:  40.00 %
Percentage done:  50.00 %
Percentage done:  60.00 %
Percentage done:  70.00 %
Percentage done:  80.00 %
Percentage done:  90.00 %
Percentage done:  100.00 %
Ending abc-rs
296.904119 seconds (4.60 M allocations: 120.434 GiB, 1.83% gc time)
Round:233
Starting abc-rs
Percentage done:  10.00 %
Percentage done:  20.00 %
Percentage done:  30.00 %
Percentage done:  40.00 %
Percentage done:  50.00 %
Percentage done:  60.00 %
Percentage done:  70.00 %
Percentage done:  80.00 %
Percentage done:  90.00 %
Percentage done:  100.00 %
Ending abc-rs
293.676887 seconds (4.60 M allocations: 120.434 GiB, 1.84% gc time)
Round:237
Starting abc-rs
Percentage done:  10.00 %
Percentage done:  20.00 %
Percentage done:  30.00 %
Percentage done:  40.00 %
Percentage done:  50.00 %
Percentage done:  60.00 %
Percentage done:  70.00 %
Percentage done:  80.00 %
Percentage done:  90.00 %
Percentage done:  100.00 %
Ending abc-rs
296.701139 seconds (4.60 M allocations: 120.434 GiB, 1.84% gc time)
Round:241
Starting abc-rs
Percentage done:  10.00 %
Percentage done:  20.00 %
Percentage done:  30.00 %
Percentage done:  40.00 %
Percentage done:  50.00 %
Percentage done:  60.00 %
Percentage done:  70.00 %
Percentage done:  80.00 %
Percentage done:  90.00 %
Percentage done:  100.00 %
Ending abc-rs
290.933175 seconds (4.60 M allocations: 120.434 GiB, 1.86% gc time)
Round:245
Starting abc-rs
Percentage done:  10.00 %
Percentage done:  20.00 %
Percentage done:  30.00 %
Percentage done:  40.00 %
Percentage done:  50.00 %
Percentage done:  60.00 %
Percentage done:  70.00 %
Percentage done:  80.00 %
Percentage done:  90.00 %
Percentage done:  100.00 %
Ending abc-rs
295.546665 seconds (4.60 M allocations: 120.434 GiB, 1.86% gc time)
Round:249
Starting abc-rs
Percentage done:  10.00 %
Percentage done:  20.00 %
Percentage done:  30.00 %
Percentage done:  40.00 %
Percentage done:  50.00 %
Percentage done:  60.00 %
Percentage done:  70.00 %
Percentage done:  80.00 %
Percentage done:  90.00 %
Percentage done:  100.00 %
Ending abc-rs
297.425796 seconds (4.60 M allocations: 120.434 GiB, 1.85% gc time)
Round:253
Starting abc-rs
Percentage done:  10.00 %
Percentage done:  20.00 %
Percentage done:  30.00 %
Percentage done:  40.00 %
Percentage done:  50.00 %
Percentage done:  60.00 %
Percentage done:  70.00 %
Percentage done:  80.00 %
Percentage done:  90.00 %
Percentage done:  100.00 %
Ending abc-rs
292.117572 seconds (4.60 M allocations: 120.434 GiB, 1.85% gc time)
Round:257
Starting abc-rs
Percentage done:  10.00 %
Percentage done:  20.00 %
Percentage done:  30.00 %
Percentage done:  40.00 %
Percentage done:  50.00 %
Percentage done:  60.00 %
Percentage done:  70.00 %
Percentage done:  80.00 %
Percentage done:  90.00 %
Percentage done:  100.00 %
Ending abc-rs
293.993633 seconds (4.60 M allocations: 120.434 GiB, 1.86% gc time)
Round:261
Starting abc-rs
Percentage done:  10.00 %
Percentage done:  20.00 %
Percentage done:  30.00 %
Percentage done:  40.00 %
Percentage done:  50.00 %
Percentage done:  60.00 %
Percentage done:  70.00 %
Percentage done:  80.00 %
Percentage done:  90.00 %
Percentage done:  100.00 %
Ending abc-rs
295.980660 seconds (4.60 M allocations: 120.434 GiB, 1.85% gc time)
Round:265
Starting abc-rs
Percentage done:  10.00 %
Percentage done:  20.00 %
Percentage done:  30.00 %
Percentage done:  40.00 %
Percentage done:  50.00 %
Percentage done:  60.00 %
Percentage done:  70.00 %
Percentage done:  80.00 %
Percentage done:  90.00 %
Percentage done:  100.00 %
Ending abc-rs
294.247834 seconds (4.60 M allocations: 120.434 GiB, 1.85% gc time)
Round:269
Starting abc-rs
Percentage done:  10.00 %
Percentage done:  20.00 %
Percentage done:  30.00 %
Percentage done:  40.00 %
Percentage done:  50.00 %
Percentage done:  60.00 %
Percentage done:  70.00 %
Percentage done:  80.00 %
Percentage done:  90.00 %
Percentage done:  100.00 %
Ending abc-rs
299.042162 seconds (4.60 M allocations: 120.434 GiB, 1.84% gc time)
Round:273
Starting abc-rs
Percentage done:  10.00 %
Percentage done:  20.00 %
Percentage done:  30.00 %
Percentage done:  40.00 %
Percentage done:  50.00 %
Percentage done:  60.00 %
Percentage done:  70.00 %
Percentage done:  80.00 %
Percentage done:  90.00 %
Percentage done:  100.00 %
Ending abc-rs
294.622844 seconds (4.60 M allocations: 120.434 GiB, 1.84% gc time)
Round:277
Starting abc-rs
Percentage done:  10.00 %
Percentage done:  20.00 %
Percentage done:  30.00 %
Percentage done:  40.00 %
Percentage done:  50.00 %
Percentage done:  60.00 %
Percentage done:  70.00 %
Percentage done:  80.00 %
Percentage done:  90.00 %
Percentage done:  100.00 %
Ending abc-rs
295.414063 seconds (4.60 M allocations: 120.434 GiB, 1.83% gc time)
Round:281
Starting abc-rs
Percentage done:  10.00 %
Percentage done:  20.00 %
Percentage done:  30.00 %
Percentage done:  40.00 %
Percentage done:  50.00 %
Percentage done:  60.00 %
Percentage done:  70.00 %
Percentage done:  80.00 %
Percentage done:  90.00 %
Percentage done:  100.00 %
Ending abc-rs
299.777479 seconds (4.60 M allocations: 120.434 GiB, 1.83% gc time)
Round:285
Starting abc-rs
Percentage done:  10.00 %
Percentage done:  20.00 %
Percentage done:  30.00 %
Percentage done:  40.00 %
Percentage done:  50.00 %
Percentage done:  60.00 %
Percentage done:  70.00 %
Percentage done:  80.00 %
Percentage done:  90.00 %
Percentage done:  100.00 %
Ending abc-rs
300.799945 seconds (4.60 M allocations: 120.434 GiB, 1.83% gc time)
Round:289
Starting abc-rs
Percentage done:  10.00 %
Percentage done:  20.00 %
Percentage done:  30.00 %
Percentage done:  40.00 %
Percentage done:  50.00 %
Percentage done:  60.00 %
Percentage done:  70.00 %
Percentage done:  80.00 %
Percentage done:  90.00 %
Percentage done:  100.00 %
Ending abc-rs
298.700993 seconds (4.60 M allocations: 120.434 GiB, 1.84% gc time)
Round:293
Starting abc-rs
Percentage done:  10.00 %
Percentage done:  20.00 %
Percentage done:  30.00 %
Percentage done:  40.00 %
Percentage done:  50.00 %
Percentage done:  60.00 %
Percentage done:  70.00 %
Percentage done:  80.00 %
Percentage done:  90.00 %
Percentage done:  100.00 %
Ending abc-rs
300.393865 seconds (4.60 M allocations: 120.434 GiB, 1.83% gc time)
Round:297
Starting abc-rs
Percentage done:  10.00 %
Percentage done:  20.00 %
Percentage done:  30.00 %
Percentage done:  40.00 %
Percentage done:  50.00 %
Percentage done:  60.00 %
Percentage done:  70.00 %
Percentage done:  80.00 %
Percentage done:  90.00 %
Percentage done:  100.00 %
Ending abc-rs
301.671632 seconds (4.60 M allocations: 120.434 GiB, 1.84% gc time)
Round:301
Starting abc-rs
Percentage done:  10.00 %
Percentage done:  20.00 %
Percentage done:  30.00 %
Percentage done:  40.00 %
Percentage done:  50.00 %
Percentage done:  60.00 %
Percentage done:  70.00 %
Percentage done:  80.00 %
Percentage done:  90.00 %
Percentage done:  100.00 %
Ending abc-rs
300.415882 seconds (4.60 M allocations: 120.434 GiB, 1.84% gc time)
Round:305
Starting abc-rs
Percentage done:  10.00 %
Percentage done:  20.00 %
Percentage done:  30.00 %
Percentage done:  40.00 %
Percentage done:  50.00 %
Percentage done:  60.00 %
Percentage done:  70.00 %
Percentage done:  80.00 %
Percentage done:  90.00 %
Percentage done:  100.00 %
Ending abc-rs
297.863649 seconds (4.60 M allocations: 120.434 GiB, 1.86% gc time)
Round:309
Starting abc-rs
Percentage done:  10.00 %
Percentage done:  20.00 %
Percentage done:  30.00 %
Percentage done:  40.00 %
Percentage done:  50.00 %
Percentage done:  60.00 %
Percentage done:  70.00 %
Percentage done:  80.00 %
Percentage done:  90.00 %
Percentage done:  100.00 %
Ending abc-rs
294.799722 seconds (4.60 M allocations: 120.434 GiB, 1.86% gc time)
Round:313
Starting abc-rs
Percentage done:  10.00 %
Percentage done:  20.00 %
Percentage done:  30.00 %
Percentage done:  40.00 %
Percentage done:  50.00 %
Percentage done:  60.00 %
Percentage done:  70.00 %
Percentage done:  80.00 %
Percentage done:  90.00 %
Percentage done:  100.00 %
Ending abc-rs
291.300429 seconds (4.60 M allocations: 120.434 GiB, 1.84% gc time)
Round:317
Starting abc-rs
Percentage done:  10.00 %
Percentage done:  20.00 %
Percentage done:  30.00 %
Percentage done:  40.00 %
Percentage done:  50.00 %
Percentage done:  60.00 %
Percentage done:  70.00 %
Percentage done:  80.00 %
Percentage done:  90.00 %
Percentage done:  100.00 %
Ending abc-rs
286.513043 seconds (4.60 M allocations: 120.434 GiB, 1.82% gc time)
Round:321
Starting abc-rs
Percentage done:  10.00 %
Percentage done:  20.00 %
Percentage done:  30.00 %
Percentage done:  40.00 %
Percentage done:  50.00 %
Percentage done:  60.00 %
Percentage done:  70.00 %
Percentage done:  80.00 %
Percentage done:  90.00 %
Percentage done:  100.00 %
Ending abc-rs
286.932180 seconds (4.60 M allocations: 120.434 GiB, 1.83% gc time)
Round:325
Starting abc-rs
Percentage done:  10.00 %
Percentage done:  20.00 %
Percentage done:  30.00 %
Percentage done:  40.00 %
Percentage done:  50.00 %
Percentage done:  60.00 %
Percentage done:  70.00 %
Percentage done:  80.00 %
Percentage done:  90.00 %
Percentage done:  100.00 %
Ending abc-rs
293.684631 seconds (4.60 M allocations: 120.434 GiB, 1.85% gc time)
Round:329
Starting abc-rs
Percentage done:  10.00 %
Percentage done:  20.00 %
Percentage done:  30.00 %
Percentage done:  40.00 %
Percentage done:  50.00 %
Percentage done:  60.00 %
Percentage done:  70.00 %
Percentage done:  80.00 %
Percentage done:  90.00 %
Percentage done:  100.00 %
Ending abc-rs
297.803772 seconds (4.60 M allocations: 120.434 GiB, 1.84% gc time)
Round:333
Starting abc-rs
Percentage done:  10.00 %
Percentage done:  20.00 %
Percentage done:  30.00 %
Percentage done:  40.00 %
Percentage done:  50.00 %
Percentage done:  60.00 %
Percentage done:  70.00 %
Percentage done:  80.00 %
Percentage done:  90.00 %
Percentage done:  100.00 %
Ending abc-rs
297.646820 seconds (4.60 M allocations: 120.434 GiB, 1.82% gc time)
Round:337
Starting abc-rs
Percentage done:  10.00 %
Percentage done:  20.00 %
Percentage done:  30.00 %
Percentage done:  40.00 %
Percentage done:  50.00 %
Percentage done:  60.00 %
Percentage done:  70.00 %
Percentage done:  80.00 %
Percentage done:  90.00 %
Percentage done:  100.00 %
Ending abc-rs
294.280535 seconds (4.60 M allocations: 120.434 GiB, 1.83% gc time)
Round:341
Starting abc-rs
Percentage done:  10.00 %
Percentage done:  20.00 %
Percentage done:  30.00 %
Percentage done:  40.00 %
Percentage done:  50.00 %
Percentage done:  60.00 %
Percentage done:  70.00 %
Percentage done:  80.00 %
Percentage done:  90.00 %
Percentage done:  100.00 %
Ending abc-rs
296.629639 seconds (4.60 M allocations: 120.434 GiB, 1.84% gc time)
Round:345
Starting abc-rs
Percentage done:  10.00 %
Percentage done:  20.00 %
Percentage done:  30.00 %
Percentage done:  40.00 %
Percentage done:  50.00 %
Percentage done:  60.00 %
Percentage done:  70.00 %
Percentage done:  80.00 %
Percentage done:  90.00 %
Percentage done:  100.00 %
Ending abc-rs
295.193615 seconds (4.60 M allocations: 120.434 GiB, 1.85% gc time)
Round:349
Starting abc-rs
Percentage done:  10.00 %
Percentage done:  20.00 %
Percentage done:  30.00 %
Percentage done:  40.00 %
Percentage done:  50.00 %
Percentage done:  60.00 %
Percentage done:  70.00 %
Percentage done:  80.00 %
Percentage done:  90.00 %
Percentage done:  100.00 %
Ending abc-rs
296.253972 seconds (4.60 M allocations: 120.434 GiB, 1.85% gc time)
Round:353
Starting abc-rs
Percentage done:  10.00 %
Percentage done:  20.00 %
Percentage done:  30.00 %
Percentage done:  40.00 %
Percentage done:  50.00 %
Percentage done:  60.00 %
Percentage done:  70.00 %
Percentage done:  80.00 %
Percentage done:  90.00 %
Percentage done:  100.00 %
Ending abc-rs
300.615104 seconds (4.60 M allocations: 120.434 GiB, 1.84% gc time)
Round:357
Starting abc-rs
Percentage done:  10.00 %
Percentage done:  20.00 %
Percentage done:  30.00 %
Percentage done:  40.00 %
Percentage done:  50.00 %
Percentage done:  60.00 %
Percentage done:  70.00 %
Percentage done:  80.00 %
Percentage done:  90.00 %
Percentage done:  100.00 %
Ending abc-rs
293.185181 seconds (4.60 M allocations: 120.434 GiB, 1.85% gc time)
Round:361
Starting abc-rs
Percentage done:  10.00 %
Percentage done:  20.00 %
Percentage done:  30.00 %
Percentage done:  40.00 %
Percentage done:  50.00 %
Percentage done:  60.00 %
Percentage done:  70.00 %
Percentage done:  80.00 %
Percentage done:  90.00 %
Percentage done:  100.00 %
Ending abc-rs
289.075809 seconds (4.60 M allocations: 120.434 GiB, 1.84% gc time)
Round:365
Starting abc-rs
Percentage done:  10.00 %
Percentage done:  20.00 %
Percentage done:  30.00 %
Percentage done:  40.00 %
Percentage done:  50.00 %
Percentage done:  60.00 %
Percentage done:  70.00 %
Percentage done:  80.00 %
Percentage done:  90.00 %
Percentage done:  100.00 %
Ending abc-rs
293.154205 seconds (4.60 M allocations: 120.434 GiB, 1.86% gc time)
Round:369
Starting abc-rs
Percentage done:  10.00 %
Percentage done:  20.00 %
Percentage done:  30.00 %
Percentage done:  40.00 %
Percentage done:  50.00 %
Percentage done:  60.00 %
Percentage done:  70.00 %
Percentage done:  80.00 %
Percentage done:  90.00 %
Percentage done:  100.00 %
Ending abc-rs
285.641848 seconds (4.60 M allocations: 120.434 GiB, 1.85% gc time)
Round:373
Starting abc-rs
Percentage done:  10.00 %
Percentage done:  20.00 %
Percentage done:  30.00 %
Percentage done:  40.00 %
Percentage done:  50.00 %
Percentage done:  60.00 %
Percentage done:  70.00 %
Percentage done:  80.00 %
Percentage done:  90.00 %
Percentage done:  100.00 %
Ending abc-rs
279.601725 seconds (4.60 M allocations: 120.434 GiB, 1.82% gc time)
Round:377
Starting abc-rs
Percentage done:  10.00 %
Percentage done:  20.00 %
Percentage done:  30.00 %
Percentage done:  40.00 %
Percentage done:  50.00 %
Percentage done:  60.00 %
Percentage done:  70.00 %
Percentage done:  80.00 %
Percentage done:  90.00 %
Percentage done:  100.00 %
Ending abc-rs
284.276358 seconds (4.60 M allocations: 120.434 GiB, 1.85% gc time)
Round:381
Starting abc-rs
Percentage done:  10.00 %
Percentage done:  20.00 %
Percentage done:  30.00 %
Percentage done:  40.00 %
Percentage done:  50.00 %
Percentage done:  60.00 %
Percentage done:  70.00 %
Percentage done:  80.00 %
Percentage done:  90.00 %
Percentage done:  100.00 %
Ending abc-rs
276.143340 seconds (4.60 M allocations: 120.434 GiB, 1.81% gc time)
Round:385
Starting abc-rs
Percentage done:  10.00 %
Percentage done:  20.00 %
Percentage done:  30.00 %
Percentage done:  40.00 %
Percentage done:  50.00 %
Percentage done:  60.00 %
Percentage done:  70.00 %
Percentage done:  80.00 %
Percentage done:  90.00 %
Percentage done:  100.00 %
Ending abc-rs
286.047113 seconds (4.60 M allocations: 120.434 GiB, 1.85% gc time)
Round:389
Starting abc-rs
Percentage done:  10.00 %
Percentage done:  20.00 %
Percentage done:  30.00 %
Percentage done:  40.00 %
Percentage done:  50.00 %
Percentage done:  60.00 %
Percentage done:  70.00 %
Percentage done:  80.00 %
Percentage done:  90.00 %
Percentage done:  100.00 %
Ending abc-rs
296.286260 seconds (4.60 M allocations: 120.434 GiB, 1.85% gc time)
Round:393
Starting abc-rs
Percentage done:  10.00 %
Percentage done:  20.00 %
Percentage done:  30.00 %
Percentage done:  40.00 %
Percentage done:  50.00 %
Percentage done:  60.00 %
Percentage done:  70.00 %
Percentage done:  80.00 %
Percentage done:  90.00 %
Percentage done:  100.00 %
Ending abc-rs
299.419841 seconds (4.60 M allocations: 120.434 GiB, 1.83% gc time)
Round:397
Starting abc-rs
Percentage done:  10.00 %
Percentage done:  20.00 %
Percentage done:  30.00 %
Percentage done:  40.00 %
Percentage done:  50.00 %
Percentage done:  60.00 %
Percentage done:  70.00 %
Percentage done:  80.00 %
Percentage done:  90.00 %
Percentage done:  100.00 %
Ending abc-rs
289.968895 seconds (4.60 M allocations: 120.434 GiB, 1.83% gc time)
