Mon Oct 29 20:44:26 2018       
+-----------------------------------------------------------------------------+
| NVIDIA-SMI 396.44                 Driver Version: 396.44                    |
|-------------------------------+----------------------+----------------------+
| GPU  Name        Persistence-M| Bus-Id        Disp.A | Volatile Uncorr. ECC |
| Fan  Temp  Perf  Pwr:Usage/Cap|         Memory-Usage | GPU-Util  Compute M. |
|===============================+======================+======================|
|   0  Tesla K80           On   | 00000000:04:00.0 Off |                    0 |
| N/A   24C    P8    26W / 149W |      0MiB / 11441MiB |      0%      Default |
+-------------------------------+----------------------+----------------------+
|   1  Tesla K80           On   | 00000000:05:00.0 Off |                    0 |
| N/A   28C    P8    29W / 149W |      0MiB / 11441MiB |      0%      Default |
+-------------------------------+----------------------+----------------------+
|   2  Tesla K80           On   | 00000000:84:00.0 Off |                    0 |
| N/A   23C    P8    26W / 149W |      0MiB / 11441MiB |      0%      Default |
+-------------------------------+----------------------+----------------------+
|   3  Tesla K80           On   | 00000000:85:00.0 Off |                    0 |
| N/A   30C    P8    29W / 149W |      0MiB / 11441MiB |      0%      Default |
+-------------------------------+----------------------+----------------------+
                                                                               
+-----------------------------------------------------------------------------+
| Processes:                                                       GPU Memory |
|  GPU       PID   Type   Process name                             Usage      |
|=============================================================================|
|  No running processes found                                                 |
+-----------------------------------------------------------------------------+
/home/samwiq/ABC and deep learning project/abc-dl/lunarc
/home/samwiq/ABC and deep learning project/abc-dl
start script
500
check version of Knet
    Status `~/.julia/environments/v1.0/Project.toml`
  [336ed68f] CSV v0.3.1
  [a93c6f00] DataFrames v0.13.1
  [31c24e10] Distributions v0.16.4
  [1902f260] Knet v1.1.0
  [6f286f6a] MultivariateStats v0.6.0 #master (https://github.com/JuliaStats/MultivariateStats.jl.git)
  [2913bbd2] StatsBase v0.25.0
  [4c63d2b9] StatsFuns v0.7.0
build Knet
  Building SpecialFunctions → `~/.julia/packages/SpecialFunctions/KvXoO/deps/build.log`
  Building CodecZlib ───────→ `~/.julia/packages/CodecZlib/wwgbh/deps/build.log`
  Building Knet ────────────→ `~/.julia/packages/Knet/hxjeS/deps/build.log`
test gpu
4
-1
0
Loading g-and-k model
Loading g-and-k model
Starting: generate_parameter_data_pairs
Percentage done:  10.00 %
Percentage done:  20.00 %
Percentage done:  30.00 %
Percentage done:  40.00 %
Percentage done:  50.00 %
Percentage done:  60.00 %
Percentage done:  70.00 %
Percentage done:  80.00 %
Percentage done:  90.00 %
Percentage done:  100.00 %
Starting: generate_parameter_data_pairs
Percentage done:  2.00 %
Percentage done:  4.00 %
Percentage done:  6.00 %
Percentage done:  8.00 %
Percentage done:  10.00 %
Percentage done:  12.00 %
Percentage done:  14.00 %
Percentage done:  16.00 %
Percentage done:  18.00 %
Percentage done:  20.00 %
Percentage done:  22.00 %
Percentage done:  24.00 %
Percentage done:  26.00 %
Percentage done:  28.00 %
Percentage done:  30.00 %
Percentage done:  32.00 %
Percentage done:  34.00 %
Percentage done:  36.00 %
Percentage done:  38.00 %
Percentage done:  40.00 %
Percentage done:  42.00 %
Percentage done:  44.00 %
Percentage done:  46.00 %
Percentage done:  48.00 %
Percentage done:  50.00 %
Percentage done:  52.00 %
Percentage done:  54.00 %
Percentage done:  56.00 %
Percentage done:  58.00 %
Percentage done:  60.00 %
Percentage done:  62.00 %
Percentage done:  64.00 %
Percentage done:  66.00 %
Percentage done:  68.00 %
Percentage done:  70.00 %
Percentage done:  72.00 %
Percentage done:  74.00 %
Percentage done:  76.00 %
Percentage done:  78.00 %
Percentage done:  80.00 %
Percentage done:  82.00 %
Percentage done:  84.00 %
Percentage done:  86.00 %
Percentage done:  88.00 %
Percentage done:  90.00 %
Percentage done:  92.00 %
Percentage done:  94.00 %
Percentage done:  96.00 %
Percentage done:  98.00 %
Percentage done:  100.00 %
Starting: generate_parameter_data_pairs
Percentage done:  5.00 %
Percentage done:  10.00 %
Percentage done:  15.00 %
Percentage done:  20.00 %
Percentage done:  25.00 %
Percentage done:  30.00 %
Percentage done:  35.00 %
Percentage done:  40.00 %
Percentage done:  45.00 %
Percentage done:  50.00 %
Percentage done:  55.00 %
Percentage done:  60.00 %
Percentage done:  65.00 %
Percentage done:  70.00 %
Percentage done:  75.00 %
Percentage done:  80.00 %
Percentage done:  85.00 %
Percentage done:  90.00 %
Percentage done:  95.00 %
Percentage done:  100.00 %
Starting: generate_parameter_data_pairs
144.013312 seconds (67.38 M allocations: 56.025 GiB, 2.71% gc time)
Nbr training obs 10000, nbr parameters 115454, obs/parameters 0.09
0
  0.803539 seconds (1.52 M allocations: 76.466 MiB, 2.88% gc time)
  0.458431 seconds (1.07 M allocations: 56.214 MiB, 4.51% gc time)
  3.155657 seconds (6.56 M allocations: 383.062 MiB, 6.40% gc time)
  0.002950 seconds (102 allocations: 161.031 KiB)
Starting training
Epoch 1, current loss (training) 11.4047, current loss (val) 12.1627
Epoch 2, current loss (training) 10.2249, current loss (val) 12.4353
Epoch 3, current loss (training) 8.9439, current loss (val) 12.6997
Epoch 4, current loss (training) 7.8386, current loss (val) 12.9659
Epoch 5, current loss (training) 6.8185, current loss (val) 13.7483
Epoch 6, current loss (training) 5.2635, current loss (val) 14.2764
Epoch 7, current loss (training) 4.6237, current loss (val) 14.3424
Epoch 8, current loss (training) 4.7512, current loss (val) 15.5933
Epoch 9, current loss (training) 3.5686, current loss (val) 14.5343
Epoch 10, current loss (training) 2.7842, current loss (val) 15.1817
Epoch 11, current loss (training) 2.5301, current loss (val) 15.2822
Epoch 12, current loss (training) 2.3239, current loss (val) 15.7957
Epoch 13, current loss (training) 2.5278, current loss (val) 15.6459
Epoch 14, current loss (training) 2.0751, current loss (val) 15.7077
Epoch 15, current loss (training) 1.6977, current loss (val) 15.7854
Epoch 16, current loss (training) 1.7451, current loss (val) 15.9104
Epoch 17, current loss (training) 1.4765, current loss (val) 16.1529
Epoch 18, current loss (training) 1.7794, current loss (val) 16.0129
Epoch 19, current loss (training) 1.4622, current loss (val) 16.1146
Epoch 20, current loss (training) 1.5410, current loss (val) 16.1590
Epoch 21, current loss (training) 1.2581, current loss (val) 16.1740
Epoch 22, current loss (training) 1.1801, current loss (val) 16.5005
Epoch 23, current loss (training) 1.1587, current loss (val) 16.1225
Epoch 24, current loss (training) 1.0064, current loss (val) 16.4355
Epoch 25, current loss (training) 1.0619, current loss (val) 16.6815
Epoch 26, current loss (training) 1.1137, current loss (val) 16.4103
Epoch 27, current loss (training) 0.9718, current loss (val) 16.7028
Epoch 28, current loss (training) 0.8414, current loss (val) 16.4885
Epoch 29, current loss (training) 0.7850, current loss (val) 16.5208
Epoch 30, current loss (training) 0.8259, current loss (val) 16.7251
Epoch 31, current loss (training) 0.8119, current loss (val) 16.9658
Epoch 32, current loss (training) 0.7128, current loss (val) 16.7054
Epoch 33, current loss (training) 0.8698, current loss (val) 16.7174
Epoch 34, current loss (training) 0.8061, current loss (val) 16.8754
Epoch 35, current loss (training) 0.7969, current loss (val) 16.7879
Epoch 36, current loss (training) 0.7885, current loss (val) 17.0370
Epoch 37, current loss (training) 0.6353, current loss (val) 16.8245
Epoch 38, current loss (training) 0.6357, current loss (val) 16.7090
Epoch 39, current loss (training) 0.6876, current loss (val) 17.4947
Epoch 40, current loss (training) 0.8113, current loss (val) 17.4051
Epoch 41, current loss (training) 0.6574, current loss (val) 16.6088
Epoch 42, current loss (training) 0.6812, current loss (val) 16.7320
Epoch 43, current loss (training) 0.5924, current loss (val) 16.7828
Epoch 44, current loss (training) 0.6754, current loss (val) 16.8657
Epoch 45, current loss (training) 0.5987, current loss (val) 16.7664
Epoch 46, current loss (training) 0.7279, current loss (val) 16.9756
Epoch 47, current loss (training) 0.5684, current loss (val) 17.0065
Epoch 48, current loss (training) 0.4732, current loss (val) 17.1659
Epoch 49, current loss (training) 0.4762, current loss (val) 17.0097
Epoch 50, current loss (training) 0.5379, current loss (val) 16.6463
Epoch 51, current loss (training) 0.7803, current loss (val) 17.5356
Epoch 52, current loss (training) 0.4413, current loss (val) 17.1842
Epoch 53, current loss (training) 0.4427, current loss (val) 16.8816
Epoch 54, current loss (training) 0.4147, current loss (val) 16.9059
Epoch 55, current loss (training) 0.3681, current loss (val) 16.8097
Epoch 56, current loss (training) 0.3620, current loss (val) 17.1383
Epoch 57, current loss (training) 0.5575, current loss (val) 17.8418
Epoch 58, current loss (training) 0.5501, current loss (val) 17.4685
Epoch 59, current loss (training) 0.4102, current loss (val) 17.0675
Epoch 60, current loss (training) 0.4634, current loss (val) 16.9185
Epoch 61, current loss (training) 0.4502, current loss (val) 17.4543
Epoch 62, current loss (training) 0.3648, current loss (val) 16.6282
Epoch 63, current loss (training) 0.4066, current loss (val) 16.9682
Epoch 64, current loss (training) 0.5315, current loss (val) 16.6827
Epoch 65, current loss (training) 0.4477, current loss (val) 17.5044
Epoch 66, current loss (training) 0.4258, current loss (val) 16.9254
Epoch 67, current loss (training) 0.5032, current loss (val) 17.2796
Epoch 68, current loss (training) 0.4042, current loss (val) 16.9698
Epoch 69, current loss (training) 0.5196, current loss (val) 17.0704
Epoch 70, current loss (training) 0.4217, current loss (val) 16.9843
Epoch 71, current loss (training) 0.4638, current loss (val) 16.8790
Epoch 72, current loss (training) 0.3912, current loss (val) 16.8198
Epoch 73, current loss (training) 0.4460, current loss (val) 16.7381
Epoch 74, current loss (training) 0.4272, current loss (val) 16.6803
Epoch 75, current loss (training) 0.3173, current loss (val) 16.8222
Epoch 76, current loss (training) 0.3076, current loss (val) 17.1422
Epoch 77, current loss (training) 0.4202, current loss (val) 16.6388
Epoch 78, current loss (training) 0.3377, current loss (val) 16.7177
Epoch 79, current loss (training) 0.3790, current loss (val) 16.8677
Epoch 80, current loss (training) 0.2941, current loss (val) 17.0637
Epoch 81, current loss (training) 0.3578, current loss (val) 16.6936
Epoch 82, current loss (training) 0.5015, current loss (val) 16.7750
Epoch 83, current loss (training) 0.5569, current loss (val) 16.5491
Epoch 84, current loss (training) 0.4368, current loss (val) 16.7448
Epoch 85, current loss (training) 0.3826, current loss (val) 16.6686
Epoch 86, current loss (training) 0.3454, current loss (val) 16.9003
Epoch 87, current loss (training) 0.2805, current loss (val) 16.8923
Epoch 88, current loss (training) 0.2791, current loss (val) 16.7399
Epoch 89, current loss (training) 0.3007, current loss (val) 16.8770
Epoch 90, current loss (training) 0.2508, current loss (val) 16.7544
Epoch 91, current loss (training) 0.2344, current loss (val) 16.7308
Epoch 92, current loss (training) 0.2121, current loss (val) 17.1452
Epoch 93, current loss (training) 0.2124, current loss (val) 17.1930
Epoch 94, current loss (training) 0.2602, current loss (val) 16.8108
Epoch 95, current loss (training) 0.3039, current loss (val) 16.7449
Epoch 96, current loss (training) 0.3354, current loss (val) 16.7328
Epoch 97, current loss (training) 0.3610, current loss (val) 16.8898
Epoch 98, current loss (training) 0.4160, current loss (val) 17.1536
Epoch 99, current loss (training) 0.4350, current loss (val) 16.7894
Epoch 100, current loss (training) 0.3319, current loss (val) 16.9450
Epoch 101, current loss (training) 0.4358, current loss (val) 16.3899
Epoch 102, current loss (training) 0.3512, current loss (val) 16.7206
Epoch 103, current loss (training) 0.3224, current loss (val) 16.9315
Epoch 104, current loss (training) 0.2803, current loss (val) 17.2679
Epoch 105, current loss (training) 0.2559, current loss (val) 16.6188
Epoch 106, current loss (training) 0.3473, current loss (val) 16.9078
Epoch 107, current loss (training) 0.2451, current loss (val) 16.8035
Epoch 108, current loss (training) 0.2825, current loss (val) 17.1014
Epoch 109, current loss (training) 0.2540, current loss (val) 16.8325
Epoch 110, current loss (training) 0.2100, current loss (val) 16.7737
Epoch 111, current loss (training) 0.2376, current loss (val) 16.9338
Epoch 112, current loss (training) 0.2419, current loss (val) 16.7985
Epoch 113, current loss (training) 0.2874, current loss (val) 16.8099
Epoch 114, current loss (training) 0.3012, current loss (val) 16.7992
Epoch 115, current loss (training) 0.2605, current loss (val) 16.6518
Epoch 116, current loss (training) 0.2188, current loss (val) 16.7590
Epoch 117, current loss (training) 0.1917, current loss (val) 16.8781
Epoch 118, current loss (training) 0.2694, current loss (val) 16.9556
Epoch 119, current loss (training) 0.2693, current loss (val) 16.6328
Epoch 120, current loss (training) 0.2155, current loss (val) 17.1083
Epoch 121, current loss (training) 0.2618, current loss (val) 17.1381
Epoch 122, current loss (training) 0.2687, current loss (val) 17.0828
Epoch 123, current loss (training) 0.2595, current loss (val) 16.8647
Epoch 124, current loss (training) 0.2630, current loss (val) 16.9189
Epoch 125, current loss (training) 0.2571, current loss (val) 16.8359
Epoch 126, current loss (training) 0.2704, current loss (val) 16.7592
Epoch 127, current loss (training) 0.2471, current loss (val) 16.6129
Epoch 128, current loss (training) 0.2615, current loss (val) 16.6222
Epoch 129, current loss (training) 0.3213, current loss (val) 16.5957
Epoch 130, current loss (training) 0.2363, current loss (val) 16.4441
Epoch 131, current loss (training) 0.1934, current loss (val) 16.6607
Epoch 132, current loss (training) 0.2412, current loss (val) 16.5905
Epoch 133, current loss (training) 0.2316, current loss (val) 16.5904
Epoch 134, current loss (training) 0.5119, current loss (val) 16.3634
Epoch 135, current loss (training) 0.5008, current loss (val) 16.9637
Epoch 136, current loss (training) 0.3464, current loss (val) 16.5978
Epoch 137, current loss (training) 0.3577, current loss (val) 16.7450
Epoch 138, current loss (training) 0.2648, current loss (val) 16.7445
Epoch 139, current loss (training) 0.2339, current loss (val) 16.8004
Epoch 140, current loss (training) 0.2020, current loss (val) 16.3994
Epoch 141, current loss (training) 0.2121, current loss (val) 16.7523
Epoch 142, current loss (training) 0.1826, current loss (val) 16.5281
Epoch 143, current loss (training) 0.1890, current loss (val) 16.6121
Epoch 144, current loss (training) 0.1379, current loss (val) 16.7233
Epoch 145, current loss (training) 0.1951, current loss (val) 17.0208
Epoch 146, current loss (training) 0.1841, current loss (val) 16.6119
Epoch 147, current loss (training) 0.2166, current loss (val) 16.8060
Epoch 148, current loss (training) 0.2439, current loss (val) 16.9487
Epoch 149, current loss (training) 0.2638, current loss (val) 16.8514
Epoch 150, current loss (training) 0.1728, current loss (val) 16.7023
Epoch 151, current loss (training) 0.2094, current loss (val) 16.8082
Epoch 152, current loss (training) 0.2066, current loss (val) 16.5638
Epoch 153, current loss (training) 0.2182, current loss (val) 16.4068
Epoch 154, current loss (training) 0.2137, current loss (val) 16.6338
Epoch 155, current loss (training) 0.2774, current loss (val) 16.2859
Epoch 156, current loss (training) 0.1837, current loss (val) 16.5386
Epoch 157, current loss (training) 0.1993, current loss (val) 16.4685
Epoch 158, current loss (training) 0.2426, current loss (val) 16.3498
Epoch 159, current loss (training) 0.2202, current loss (val) 16.5173
Epoch 160, current loss (training) 0.1565, current loss (val) 16.7761
Epoch 161, current loss (training) 0.1741, current loss (val) 16.5120
Epoch 162, current loss (training) 0.2573, current loss (val) 16.5806
Epoch 163, current loss (training) 0.2042, current loss (val) 16.8090
Epoch 164, current loss (training) 0.3494, current loss (val) 16.5624
Epoch 165, current loss (training) 0.2929, current loss (val) 16.5746
Epoch 166, current loss (training) 0.2611, current loss (val) 16.8993
Epoch 167, current loss (training) 0.1822, current loss (val) 16.4863
Epoch 168, current loss (training) 0.2603, current loss (val) 16.4424
Epoch 169, current loss (training) 0.2477, current loss (val) 16.5765
Epoch 170, current loss (training) 0.1775, current loss (val) 16.4885
Epoch 171, current loss (training) 0.1877, current loss (val) 16.6612
Epoch 172, current loss (training) 0.1392, current loss (val) 16.6644
Epoch 173, current loss (training) 0.1520, current loss (val) 16.7372
Epoch 174, current loss (training) 0.1521, current loss (val) 16.4012
Epoch 175, current loss (training) 0.1491, current loss (val) 16.6328
Epoch 176, current loss (training) 0.1417, current loss (val) 16.8006
Epoch 177, current loss (training) 0.1913, current loss (val) 16.3816
Epoch 178, current loss (training) 0.2683, current loss (val) 16.4150
Epoch 179, current loss (training) 0.2011, current loss (val) 16.7184
Epoch 180, current loss (training) 0.2057, current loss (val) 16.6410
Epoch 181, current loss (training) 0.2749, current loss (val) 16.6133
Epoch 182, current loss (training) 0.2275, current loss (val) 16.6451
Epoch 183, current loss (training) 0.2267, current loss (val) 16.3664
Epoch 184, current loss (training) 0.2944, current loss (val) 16.1791
Epoch 185, current loss (training) 0.2325, current loss (val) 16.3480
Epoch 186, current loss (training) 0.2186, current loss (val) 16.4995
Epoch 187, current loss (training) 0.1694, current loss (val) 16.5710
Epoch 188, current loss (training) 0.1449, current loss (val) 16.3869
Epoch 189, current loss (training) 0.1783, current loss (val) 16.3829
Epoch 190, current loss (training) 0.1518, current loss (val) 16.4910
Epoch 191, current loss (training) 0.1746, current loss (val) 16.4406
Epoch 192, current loss (training) 0.1272, current loss (val) 16.5089
Epoch 193, current loss (training) 0.2320, current loss (val) 16.4367
Epoch 194, current loss (training) 0.2619, current loss (val) 16.5104
Epoch 195, current loss (training) 0.2200, current loss (val) 16.3873
Epoch 196, current loss (training) 0.1662, current loss (val) 16.5829
Epoch 197, current loss (training) 0.1516, current loss (val) 16.3491
Epoch 198, current loss (training) 0.1504, current loss (val) 16.6631
Epoch 199, current loss (training) 0.1070, current loss (val) 16.5083
Epoch 200, current loss (training) 0.1082, current loss (val) 16.3773
Epoch 201, current loss (training) 0.1525, current loss (val) 16.8010
Epoch 202, current loss (training) 0.1680, current loss (val) 16.3176
Epoch 203, current loss (training) 0.1565, current loss (val) 16.4180
Epoch 204, current loss (training) 0.1480, current loss (val) 16.3052
Epoch 205, current loss (training) 0.1425, current loss (val) 16.6007
Epoch 206, current loss (training) 0.1539, current loss (val) 16.6123
Epoch 207, current loss (training) 0.1763, current loss (val) 16.4230
Epoch 208, current loss (training) 0.1341, current loss (val) 16.7459
Epoch 209, current loss (training) 0.1459, current loss (val) 16.5772
Epoch 210, current loss (training) 0.1923, current loss (val) 16.8242
Epoch 211, current loss (training) 0.2703, current loss (val) 16.2603
Epoch 212, current loss (training) 0.3105, current loss (val) 16.6861
Epoch 213, current loss (training) 0.2052, current loss (val) 16.7237
Epoch 214, current loss (training) 0.2443, current loss (val) 16.6418
Epoch 215, current loss (training) 0.1711, current loss (val) 16.5403
Epoch 216, current loss (training) 0.1493, current loss (val) 16.5822
Epoch 217, current loss (training) 0.2048, current loss (val) 16.5798
Epoch 218, current loss (training) 0.1927, current loss (val) 16.6450
Epoch 219, current loss (training) 0.2193, current loss (val) 16.4499
Epoch 220, current loss (training) 0.2211, current loss (val) 16.6856
Epoch 221, current loss (training) 0.2070, current loss (val) 16.4834
Epoch 222, current loss (training) 0.1619, current loss (val) 16.3804
Epoch 223, current loss (training) 0.1291, current loss (val) 16.4228
Epoch 224, current loss (training) 0.1266, current loss (val) 16.4226
Epoch 225, current loss (training) 0.1010, current loss (val) 16.5120
Epoch 226, current loss (training) 0.1089, current loss (val) 16.8259
Epoch 227, current loss (training) 0.1173, current loss (val) 16.7242
Epoch 228, current loss (training) 0.1429, current loss (val) 16.7119
Epoch 229, current loss (training) 0.1414, current loss (val) 16.6090
Epoch 230, current loss (training) 0.1881, current loss (val) 16.9748
Epoch 231, current loss (training) 0.1566, current loss (val) 16.6289
Epoch 232, current loss (training) 0.1601, current loss (val) 16.3207
Epoch 233, current loss (training) 0.1002, current loss (val) 16.5645
Epoch 234, current loss (training) 0.1416, current loss (val) 16.6246
Epoch 235, current loss (training) 0.1598, current loss (val) 16.5761
Epoch 236, current loss (training) 0.1463, current loss (val) 16.4237
Epoch 237, current loss (training) 0.1346, current loss (val) 16.7470
Epoch 238, current loss (training) 0.1278, current loss (val) 16.5590
Epoch 239, current loss (training) 0.1309, current loss (val) 16.5308
Epoch 240, current loss (training) 0.1166, current loss (val) 16.4888
Epoch 241, current loss (training) 0.1358, current loss (val) 16.3102
Epoch 242, current loss (training) 0.1589, current loss (val) 16.3072
Epoch 243, current loss (training) 0.1547, current loss (val) 16.5260
Epoch 244, current loss (training) 0.2054, current loss (val) 16.2837
Epoch 245, current loss (training) 0.2087, current loss (val) 16.5969
Epoch 246, current loss (training) 0.1600, current loss (val) 16.4082
Epoch 247, current loss (training) 0.1713, current loss (val) 16.3220
Epoch 248, current loss (training) 0.1612, current loss (val) 16.5778
Epoch 249, current loss (training) 0.1532, current loss (val) 16.3179
Epoch 250, current loss (training) 0.1765, current loss (val) 16.5382
Epoch 251, current loss (training) 0.1723, current loss (val) 16.6573
Epoch 252, current loss (training) 0.2024, current loss (val) 16.1878
Epoch 253, current loss (training) 0.1913, current loss (val) 16.4979
Epoch 254, current loss (training) 0.1559, current loss (val) 16.4290
Epoch 255, current loss (training) 0.1790, current loss (val) 16.5553
Epoch 256, current loss (training) 0.1783, current loss (val) 16.6166
Epoch 257, current loss (training) 0.2944, current loss (val) 16.1383
Epoch 258, current loss (training) 0.1740, current loss (val) 16.4657
Epoch 259, current loss (training) 0.1160, current loss (val) 16.4201
Epoch 260, current loss (training) 0.1428, current loss (val) 16.2759
Epoch 261, current loss (training) 0.1270, current loss (val) 16.4738
Epoch 262, current loss (training) 0.1580, current loss (val) 16.7847
Epoch 263, current loss (training) 0.1359, current loss (val) 16.3718
Epoch 264, current loss (training) 0.1474, current loss (val) 16.6892
Epoch 265, current loss (training) 0.1273, current loss (val) 16.4663
Epoch 266, current loss (training) 0.1132, current loss (val) 16.4801
Epoch 267, current loss (training) 0.0903, current loss (val) 16.5188
Epoch 268, current loss (training) 0.1227, current loss (val) 16.2419
Epoch 269, current loss (training) 0.0784, current loss (val) 16.4572
Epoch 270, current loss (training) 0.0843, current loss (val) 16.6499
Epoch 271, current loss (training) 0.1112, current loss (val) 16.8091
Epoch 272, current loss (training) 0.1092, current loss (val) 16.4538
Epoch 273, current loss (training) 0.1407, current loss (val) 16.4786
Epoch 274, current loss (training) 0.0999, current loss (val) 16.4911
Epoch 275, current loss (training) 0.1033, current loss (val) 16.6469
Epoch 276, current loss (training) 0.4578, current loss (val) 16.6375
Epoch 277, current loss (training) 0.3379, current loss (val) 16.6805
Epoch 278, current loss (training) 0.4132, current loss (val) 16.3994
Epoch 279, current loss (training) 0.2852, current loss (val) 16.8483
Epoch 280, current loss (training) 0.1591, current loss (val) 16.5056
Epoch 281, current loss (training) 0.1842, current loss (val) 16.7035
Epoch 282, current loss (training) 0.1670, current loss (val) 16.5983
Epoch 283, current loss (training) 0.1405, current loss (val) 16.5378
Epoch 284, current loss (training) 0.0954, current loss (val) 16.3502
Epoch 285, current loss (training) 0.0970, current loss (val) 16.5301
Epoch 286, current loss (training) 0.1309, current loss (val) 16.5653
Epoch 287, current loss (training) 0.0923, current loss (val) 16.3663
Epoch 288, current loss (training) 0.0762, current loss (val) 16.3584
Epoch 289, current loss (training) 0.1170, current loss (val) 16.3123
Epoch 290, current loss (training) 0.0842, current loss (val) 16.4923
Epoch 291, current loss (training) 0.1002, current loss (val) 16.6692
Epoch 292, current loss (training) 0.0811, current loss (val) 16.4310
Epoch 293, current loss (training) 0.0921, current loss (val) 16.3712
Epoch 294, current loss (training) 0.1165, current loss (val) 16.4729
Epoch 295, current loss (training) 0.1001, current loss (val) 16.5608
Epoch 296, current loss (training) 0.1224, current loss (val) 16.3423
Epoch 297, current loss (training) 0.1137, current loss (val) 16.3423
Epoch 298, current loss (training) 0.1414, current loss (val) 16.3779
Epoch 299, current loss (training) 0.1294, current loss (val) 16.4094
Epoch 300, current loss (training) 0.1050, current loss (val) 16.5161
Epoch 301, current loss (training) 0.1122, current loss (val) 16.4006
Epoch 302, current loss (training) 0.0980, current loss (val) 16.5001
Epoch 303, current loss (training) 0.1434, current loss (val) 16.3458
Epoch 304, current loss (training) 0.1181, current loss (val) 16.5580
Epoch 305, current loss (training) 0.1328, current loss (val) 16.4162
Epoch 306, current loss (training) 0.1422, current loss (val) 16.3103
Epoch 307, current loss (training) 0.1335, current loss (val) 16.7061
Epoch 308, current loss (training) 0.1405, current loss (val) 16.3135
Epoch 309, current loss (training) 0.1783, current loss (val) 16.6199
Epoch 310, current loss (training) 0.1270, current loss (val) 16.3184
Epoch 311, current loss (training) 0.1127, current loss (val) 16.7064
Epoch 312, current loss (training) 0.1202, current loss (val) 16.7025
Epoch 313, current loss (training) 0.1419, current loss (val) 16.7477
Epoch 314, current loss (training) 0.1418, current loss (val) 16.3417
Epoch 315, current loss (training) 0.2412, current loss (val) 16.2395
Epoch 316, current loss (training) 0.1441, current loss (val) 16.5798
Epoch 317, current loss (training) 0.2079, current loss (val) 16.6390
Epoch 318, current loss (training) 0.1363, current loss (val) 16.3855
Epoch 319, current loss (training) 0.1167, current loss (val) 16.4083
Epoch 320, current loss (training) 0.1391, current loss (val) 16.4807
Epoch 321, current loss (training) 0.1314, current loss (val) 16.4576
Epoch 322, current loss (training) 0.1570, current loss (val) 16.4667
Epoch 323, current loss (training) 0.0929, current loss (val) 16.4615
Epoch 324, current loss (training) 0.0904, current loss (val) 16.3940
Epoch 325, current loss (training) 0.0809, current loss (val) 16.3266
Epoch 326, current loss (training) 0.0881, current loss (val) 16.6601
Epoch 327, current loss (training) 0.1467, current loss (val) 16.4625
Epoch 328, current loss (training) 0.1237, current loss (val) 16.3479
Epoch 329, current loss (training) 0.1230, current loss (val) 16.5957
Epoch 330, current loss (training) 0.1298, current loss (val) 16.4424
Epoch 331, current loss (training) 0.0898, current loss (val) 16.3465
Epoch 332, current loss (training) 0.1148, current loss (val) 16.3091
Epoch 333, current loss (training) 0.1260, current loss (val) 16.2194
Epoch 334, current loss (training) 0.1052, current loss (val) 16.3838
Epoch 335, current loss (training) 0.0951, current loss (val) 16.5673
Epoch 336, current loss (training) 0.0763, current loss (val) 16.3562
Epoch 337, current loss (training) 0.1205, current loss (val) 16.4678
Epoch 338, current loss (training) 0.1070, current loss (val) 16.4701
Epoch 339, current loss (training) 0.1316, current loss (val) 16.6813
Epoch 340, current loss (training) 0.0958, current loss (val) 16.4686
Epoch 341, current loss (training) 0.0784, current loss (val) 16.4798
Epoch 342, current loss (training) 0.0991, current loss (val) 16.3902
Epoch 343, current loss (training) 0.1280, current loss (val) 16.2620
Epoch 344, current loss (training) 0.0972, current loss (val) 16.5405
Epoch 345, current loss (training) 0.1120, current loss (val) 16.5553
Epoch 346, current loss (training) 0.1414, current loss (val) 16.3470
Epoch 347, current loss (training) 0.2089, current loss (val) 16.9338
Epoch 348, current loss (training) 0.1909, current loss (val) 16.7511
Epoch 349, current loss (training) 0.1240, current loss (val) 16.3671
Epoch 350, current loss (training) 0.1012, current loss (val) 16.5251
Epoch 351, current loss (training) 0.0730, current loss (val) 16.5667
Epoch 352, current loss (training) 0.0774, current loss (val) 16.5956
Epoch 353, current loss (training) 0.0765, current loss (val) 16.3590
Epoch 354, current loss (training) 0.1035, current loss (val) 16.5551
Epoch 355, current loss (training) 0.1046, current loss (val) 16.3994
Epoch 356, current loss (training) 0.0924, current loss (val) 16.3413
Epoch 357, current loss (training) 0.1004, current loss (val) 16.4753
Epoch 358, current loss (training) 0.1361, current loss (val) 16.3206
Epoch 359, current loss (training) 0.1697, current loss (val) 16.2770
Epoch 360, current loss (training) 0.1465, current loss (val) 16.6049
Epoch 361, current loss (training) 0.1402, current loss (val) 16.1663
Epoch 362, current loss (training) 0.1080, current loss (val) 16.4014
Epoch 363, current loss (training) 0.0832, current loss (val) 16.3056
Epoch 364, current loss (training) 0.0959, current loss (val) 16.5989
Epoch 365, current loss (training) 0.0930, current loss (val) 16.3902
Epoch 366, current loss (training) 0.1981, current loss (val) 16.4518
Epoch 367, current loss (training) 0.2495, current loss (val) 16.3813
Epoch 368, current loss (training) 0.1434, current loss (val) 16.2621
Epoch 369, current loss (training) 0.1394, current loss (val) 16.5377
Epoch 370, current loss (training) 0.1436, current loss (val) 16.1030
Epoch 371, current loss (training) 0.2297, current loss (val) 16.8674
Epoch 372, current loss (training) 0.1271, current loss (val) 16.3743
Epoch 373, current loss (training) 0.0902, current loss (val) 16.2302
Epoch 374, current loss (training) 0.0649, current loss (val) 16.4908
Epoch 375, current loss (training) 0.0524, current loss (val) 16.3594
Epoch 376, current loss (training) 0.0449, current loss (val) 16.4080
Epoch 377, current loss (training) 0.0456, current loss (val) 16.4087
Epoch 378, current loss (training) 0.0537, current loss (val) 16.5391
Epoch 379, current loss (training) 0.0424, current loss (val) 16.5387
Epoch 380, current loss (training) 0.0533, current loss (val) 16.4704
Epoch 381, current loss (training) 0.0623, current loss (val) 16.4639
Epoch 382, current loss (training) 0.1125, current loss (val) 16.4964
Epoch 383, current loss (training) 0.1121, current loss (val) 16.2585
Epoch 384, current loss (training) 0.1161, current loss (val) 16.7463
Epoch 385, current loss (training) 0.1451, current loss (val) 16.6408
Epoch 386, current loss (training) 0.1505, current loss (val) 16.8313
Epoch 387, current loss (training) 0.0936, current loss (val) 16.6047
Epoch 388, current loss (training) 0.0934, current loss (val) 16.6205
Epoch 389, current loss (training) 0.0961, current loss (val) 16.3356
Epoch 390, current loss (training) 0.1161, current loss (val) 16.6142
Epoch 391, current loss (training) 0.1035, current loss (val) 16.6422
Epoch 392, current loss (training) 0.0931, current loss (val) 16.4053
Epoch 393, current loss (training) 0.0819, current loss (val) 16.3660
Epoch 394, current loss (training) 0.1989, current loss (val) 16.7844
Epoch 395, current loss (training) 0.1139, current loss (val) 16.5381
Epoch 396, current loss (training) 0.0981, current loss (val) 16.5627
Epoch 397, current loss (training) 0.0898, current loss (val) 16.5064
Epoch 398, current loss (training) 0.0957, current loss (val) 16.4188
Epoch 399, current loss (training) 0.1009, current loss (val) 16.6508
Epoch 400, current loss (training) 0.0993, current loss (val) 16.3591
Epoch 401, current loss (training) 0.1449, current loss (val) 16.6967
Epoch 402, current loss (training) 0.1062, current loss (val) 16.3967
Epoch 403, current loss (training) 0.1077, current loss (val) 16.2625
Epoch 404, current loss (training) 0.0932, current loss (val) 16.4657
Epoch 405, current loss (training) 0.1138, current loss (val) 16.5119
Epoch 406, current loss (training) 0.1049, current loss (val) 16.5121
Epoch 407, current loss (training) 0.0872, current loss (val) 16.6181
Epoch 408, current loss (training) 0.0664, current loss (val) 16.4215
Epoch 409, current loss (training) 0.0621, current loss (val) 16.5114
Epoch 410, current loss (training) 0.0823, current loss (val) 16.4137
Epoch 411, current loss (training) 0.0519, current loss (val) 16.3567
Epoch 412, current loss (training) 0.0798, current loss (val) 16.3637
Epoch 413, current loss (training) 0.1762, current loss (val) 16.5398
Epoch 414, current loss (training) 0.1163, current loss (val) 16.2578
Epoch 415, current loss (training) 0.1558, current loss (val) 16.2800
Epoch 416, current loss (training) 0.1673, current loss (val) 16.3100
Epoch 417, current loss (training) 0.3128, current loss (val) 16.8307
Epoch 418, current loss (training) 0.1783, current loss (val) 16.5870
Epoch 419, current loss (training) 0.1229, current loss (val) 16.5354
Epoch 420, current loss (training) 0.1302, current loss (val) 16.5156
Epoch 421, current loss (training) 0.0798, current loss (val) 16.3215
Epoch 422, current loss (training) 0.0855, current loss (val) 16.4887
Epoch 423, current loss (training) 0.0724, current loss (val) 16.4156
Epoch 424, current loss (training) 0.0565, current loss (val) 16.4522
Epoch 425, current loss (training) 0.0508, current loss (val) 16.4190
Epoch 426, current loss (training) 0.0505, current loss (val) 16.4154
Epoch 427, current loss (training) 0.0445, current loss (val) 16.4039
Epoch 428, current loss (training) 0.0480, current loss (val) 16.5218
Epoch 429, current loss (training) 0.0614, current loss (val) 16.5437
Epoch 430, current loss (training) 0.0607, current loss (val) 16.3583
Epoch 431, current loss (training) 0.0681, current loss (val) 16.5723
Epoch 432, current loss (training) 0.0629, current loss (val) 16.3571
Epoch 433, current loss (training) 0.1065, current loss (val) 16.4387
Epoch 434, current loss (training) 0.1225, current loss (val) 16.7055
Epoch 435, current loss (training) 0.0990, current loss (val) 16.4308
Epoch 436, current loss (training) 0.1145, current loss (val) 16.4510
Epoch 437, current loss (training) 0.0961, current loss (val) 16.5298
Epoch 438, current loss (training) 0.1609, current loss (val) 16.1559
Epoch 439, current loss (training) 0.1843, current loss (val) 16.7393
Epoch 440, current loss (training) 0.1573, current loss (val) 16.6300
Epoch 441, current loss (training) 0.1376, current loss (val) 16.3382
Epoch 442, current loss (training) 0.0935, current loss (val) 16.5310
Epoch 443, current loss (training) 0.0864, current loss (val) 16.4977
Epoch 444, current loss (training) 0.0661, current loss (val) 16.4573
Epoch 445, current loss (training) 0.0644, current loss (val) 16.4658
Epoch 446, current loss (training) 0.0581, current loss (val) 16.5142
Epoch 447, current loss (training) 0.0525, current loss (val) 16.4092
Epoch 448, current loss (training) 0.0502, current loss (val) 16.3187
Epoch 449, current loss (training) 0.0659, current loss (val) 16.2601
Epoch 450, current loss (training) 0.1032, current loss (val) 16.2998
Epoch 451, current loss (training) 0.1459, current loss (val) 16.6872
Epoch 452, current loss (training) 0.1344, current loss (val) 16.4963
Epoch 453, current loss (training) 0.1220, current loss (val) 16.2825
Epoch 454, current loss (training) 0.0925, current loss (val) 16.4656
Epoch 455, current loss (training) 0.0852, current loss (val) 16.2603
Epoch 456, current loss (training) 0.0649, current loss (val) 16.4361
Epoch 457, current loss (training) 0.1119, current loss (val) 16.3343
Epoch 458, current loss (training) 0.0534, current loss (val) 16.3932
Epoch 459, current loss (training) 0.0759, current loss (val) 16.3529
Epoch 460, current loss (training) 0.1034, current loss (val) 16.5163
Epoch 461, current loss (training) 0.1085, current loss (val) 16.3726
Epoch 462, current loss (training) 0.1156, current loss (val) 16.5990
Epoch 463, current loss (training) 0.0919, current loss (val) 16.3314
Epoch 464, current loss (training) 0.0763, current loss (val) 16.3506
Epoch 465, current loss (training) 0.0936, current loss (val) 16.2959
Epoch 466, current loss (training) 0.0635, current loss (val) 16.4848
Epoch 467, current loss (training) 0.0645, current loss (val) 16.2923
Epoch 468, current loss (training) 0.0642, current loss (val) 16.4832
Epoch 469, current loss (training) 0.0660, current loss (val) 16.4637
Epoch 470, current loss (training) 0.0625, current loss (val) 16.4802
Epoch 471, current loss (training) 0.0905, current loss (val) 16.5661
Epoch 472, current loss (training) 0.0889, current loss (val) 16.5476
Epoch 473, current loss (training) 0.0794, current loss (val) 16.4328
Epoch 474, current loss (training) 0.0616, current loss (val) 16.3494
Epoch 475, current loss (training) 0.0557, current loss (val) 16.5248
Epoch 476, current loss (training) 0.0561, current loss (val) 16.4366
Epoch 477, current loss (training) 0.0623, current loss (val) 16.4566
Epoch 478, current loss (training) 0.1679, current loss (val) 16.3605
Epoch 479, current loss (training) 0.3690, current loss (val) 16.4725
Epoch 480, current loss (training) 0.1793, current loss (val) 16.7739
Epoch 481, current loss (training) 0.1230, current loss (val) 16.4088
Epoch 482, current loss (training) 0.1096, current loss (val) 16.5052
Epoch 483, current loss (training) 0.0765, current loss (val) 16.4240
Epoch 484, current loss (training) 0.1017, current loss (val) 16.2081
Epoch 485, current loss (training) 0.0704, current loss (val) 16.4100
Epoch 486, current loss (training) 0.0719, current loss (val) 16.5544
Epoch 487, current loss (training) 0.0611, current loss (val) 16.4182
Epoch 488, current loss (training) 0.0674, current loss (val) 16.4183
Epoch 489, current loss (training) 0.0440, current loss (val) 16.5784
Epoch 490, current loss (training) 0.0381, current loss (val) 16.5417
Epoch 491, current loss (training) 0.0608, current loss (val) 16.3597
Epoch 492, current loss (training) 0.0510, current loss (val) 16.4295
Epoch 493, current loss (training) 0.0471, current loss (val) 16.3806
Epoch 494, current loss (training) 0.0413, current loss (val) 16.4120
Epoch 495, current loss (training) 0.0552, current loss (val) 16.3683
Epoch 496, current loss (training) 0.0565, current loss (val) 16.2217
Epoch 497, current loss (training) 0.0598, current loss (val) 16.5938
Epoch 498, current loss (training) 0.0861, current loss (val) 16.3442
Epoch 499, current loss (training) 0.0515, current loss (val) 16.5585
Epoch 500, current loss (training) 0.0716, current loss (val) 16.5620
run_time_first_training_cycle:  57.70 

Epochs 500, batch size, 200
Nbr training obs 10000, nbr parameters 115454, obs/parameters 0.09

Starting abc-rs
Percentage done:  10.00 %
Percentage done:  20.00 %
Percentage done:  30.00 %
Percentage done:  40.00 %
Percentage done:  50.00 %
Percentage done:  60.00 %
Percentage done:  70.00 %
Percentage done:  80.00 %
Percentage done:  90.00 %
Percentage done:  100.00 %
Ending abc-rs
end script
Round:1
Round:5
Starting abc-rs
Percentage done:  10.00 %
Percentage done:  20.00 %
Percentage done:  30.00 %
Percentage done:  40.00 %
Percentage done:  50.00 %
Percentage done:  60.00 %
Percentage done:  70.00 %
Percentage done:  80.00 %
Percentage done:  90.00 %
Percentage done:  100.00 %
Ending abc-rs
 24.468527 seconds (4.98 M allocations: 852.303 MiB, 0.81% gc time)
Round:9
Starting abc-rs
Percentage done:  10.00 %
Percentage done:  20.00 %
Percentage done:  30.00 %
Percentage done:  40.00 %
Percentage done:  50.00 %
Percentage done:  60.00 %
Percentage done:  70.00 %
Percentage done:  80.00 %
Percentage done:  90.00 %
Percentage done:  100.00 %
Ending abc-rs
 23.132255 seconds (2.80 M allocations: 749.209 MiB, 0.46% gc time)
Round:13
Starting abc-rs
Percentage done:  10.00 %
Percentage done:  20.00 %
Percentage done:  30.00 %
Percentage done:  40.00 %
Percentage done:  50.00 %
Percentage done:  60.00 %
Percentage done:  70.00 %
Percentage done:  80.00 %
Percentage done:  90.00 %
Percentage done:  100.00 %
Ending abc-rs
 23.219931 seconds (2.80 M allocations: 749.209 MiB, 0.48% gc time)
Round:17
Starting abc-rs
Percentage done:  10.00 %
Percentage done:  20.00 %
Percentage done:  30.00 %
Percentage done:  40.00 %
Percentage done:  50.00 %
Percentage done:  60.00 %
Percentage done:  70.00 %
Percentage done:  80.00 %
Percentage done:  90.00 %
Percentage done:  100.00 %
Ending abc-rs
 22.808840 seconds (2.80 M allocations: 749.209 MiB, 0.69% gc time)
Round:21
Starting abc-rs
Percentage done:  10.00 %
Percentage done:  20.00 %
Percentage done:  30.00 %
Percentage done:  40.00 %
Percentage done:  50.00 %
Percentage done:  60.00 %
Percentage done:  70.00 %
Percentage done:  80.00 %
Percentage done:  90.00 %
Percentage done:  100.00 %
Ending abc-rs
 22.147615 seconds (2.80 M allocations: 749.209 MiB, 0.34% gc time)
Round:25
Starting abc-rs
Percentage done:  10.00 %
Percentage done:  20.00 %
Percentage done:  30.00 %
Percentage done:  40.00 %
Percentage done:  50.00 %
Percentage done:  60.00 %
Percentage done:  70.00 %
Percentage done:  80.00 %
Percentage done:  90.00 %
Percentage done:  100.00 %
Ending abc-rs
 22.108964 seconds (2.80 M allocations: 749.209 MiB, 0.34% gc time)
Round:29
Starting abc-rs
Percentage done:  10.00 %
Percentage done:  20.00 %
Percentage done:  30.00 %
Percentage done:  40.00 %
Percentage done:  50.00 %
Percentage done:  60.00 %
Percentage done:  70.00 %
Percentage done:  80.00 %
Percentage done:  90.00 %
Percentage done:  100.00 %
Ending abc-rs
 22.253979 seconds (2.80 M allocations: 749.209 MiB, 0.70% gc time)
Round:33
Starting abc-rs
Percentage done:  10.00 %
Percentage done:  20.00 %
Percentage done:  30.00 %
Percentage done:  40.00 %
Percentage done:  50.00 %
Percentage done:  60.00 %
Percentage done:  70.00 %
Percentage done:  80.00 %
Percentage done:  90.00 %
Percentage done:  100.00 %
Ending abc-rs
 22.129116 seconds (2.80 M allocations: 749.209 MiB, 0.34% gc time)
Round:37
Starting abc-rs
Percentage done:  10.00 %
Percentage done:  20.00 %
Percentage done:  30.00 %
Percentage done:  40.00 %
Percentage done:  50.00 %
Percentage done:  60.00 %
Percentage done:  70.00 %
Percentage done:  80.00 %
Percentage done:  90.00 %
Percentage done:  100.00 %
Ending abc-rs
 22.148302 seconds (2.80 M allocations: 749.209 MiB, 0.34% gc time)
Round:41
Starting abc-rs
Percentage done:  10.00 %
Percentage done:  20.00 %
Percentage done:  30.00 %
Percentage done:  40.00 %
Percentage done:  50.00 %
Percentage done:  60.00 %
Percentage done:  70.00 %
Percentage done:  80.00 %
Percentage done:  90.00 %
Percentage done:  100.00 %
Ending abc-rs
 22.141941 seconds (2.80 M allocations: 749.209 MiB, 0.45% gc time)
Round:45
Starting abc-rs
Percentage done:  10.00 %
Percentage done:  20.00 %
Percentage done:  30.00 %
Percentage done:  40.00 %
Percentage done:  50.00 %
Percentage done:  60.00 %
Percentage done:  70.00 %
Percentage done:  80.00 %
Percentage done:  90.00 %
Percentage done:  100.00 %
Ending abc-rs
 22.213108 seconds (2.80 M allocations: 749.209 MiB, 0.60% gc time)
Round:49
Starting abc-rs
Percentage done:  10.00 %
Percentage done:  20.00 %
Percentage done:  30.00 %
Percentage done:  40.00 %
Percentage done:  50.00 %
Percentage done:  60.00 %
Percentage done:  70.00 %
Percentage done:  80.00 %
Percentage done:  90.00 %
Percentage done:  100.00 %
Ending abc-rs
 22.137162 seconds (2.80 M allocations: 749.209 MiB, 0.48% gc time)
Round:53
Starting abc-rs
Percentage done:  10.00 %
Percentage done:  20.00 %
Percentage done:  30.00 %
Percentage done:  40.00 %
Percentage done:  50.00 %
Percentage done:  60.00 %
Percentage done:  70.00 %
Percentage done:  80.00 %
Percentage done:  90.00 %
Percentage done:  100.00 %
Ending abc-rs
 22.096513 seconds (2.80 M allocations: 749.209 MiB, 0.34% gc time)
Round:57
Starting abc-rs
Percentage done:  10.00 %
Percentage done:  20.00 %
Percentage done:  30.00 %
Percentage done:  40.00 %
Percentage done:  50.00 %
Percentage done:  60.00 %
Percentage done:  70.00 %
Percentage done:  80.00 %
Percentage done:  90.00 %
Percentage done:  100.00 %
Ending abc-rs
 22.113073 seconds (2.80 M allocations: 749.209 MiB, 0.34% gc time)
Round:61
Starting abc-rs
Percentage done:  10.00 %
Percentage done:  20.00 %
Percentage done:  30.00 %
Percentage done:  40.00 %
Percentage done:  50.00 %
Percentage done:  60.00 %
Percentage done:  70.00 %
Percentage done:  80.00 %
Percentage done:  90.00 %
Percentage done:  100.00 %
Ending abc-rs
 22.100061 seconds (2.80 M allocations: 749.209 MiB, 0.34% gc time)
Round:65
Starting abc-rs
Percentage done:  10.00 %
Percentage done:  20.00 %
Percentage done:  30.00 %
Percentage done:  40.00 %
Percentage done:  50.00 %
Percentage done:  60.00 %
Percentage done:  70.00 %
Percentage done:  80.00 %
Percentage done:  90.00 %
Percentage done:  100.00 %
Ending abc-rs
 22.070053 seconds (2.80 M allocations: 749.209 MiB, 0.35% gc time)
Round:69
Starting abc-rs
Percentage done:  10.00 %
Percentage done:  20.00 %
Percentage done:  30.00 %
Percentage done:  40.00 %
Percentage done:  50.00 %
Percentage done:  60.00 %
Percentage done:  70.00 %
Percentage done:  80.00 %
Percentage done:  90.00 %
Percentage done:  100.00 %
Ending abc-rs
 22.096401 seconds (2.80 M allocations: 749.209 MiB, 0.47% gc time)
Round:73
Starting abc-rs
Percentage done:  10.00 %
Percentage done:  20.00 %
Percentage done:  30.00 %
Percentage done:  40.00 %
Percentage done:  50.00 %
Percentage done:  60.00 %
Percentage done:  70.00 %
Percentage done:  80.00 %
Percentage done:  90.00 %
Percentage done:  100.00 %
Ending abc-rs
 22.129200 seconds (2.80 M allocations: 749.209 MiB, 0.56% gc time)
Round:77
Starting abc-rs
Percentage done:  10.00 %
Percentage done:  20.00 %
Percentage done:  30.00 %
Percentage done:  40.00 %
Percentage done:  50.00 %
Percentage done:  60.00 %
Percentage done:  70.00 %
Percentage done:  80.00 %
Percentage done:  90.00 %
Percentage done:  100.00 %
Ending abc-rs
 22.104352 seconds (2.80 M allocations: 749.209 MiB, 0.35% gc time)
Round:81
Starting abc-rs
Percentage done:  10.00 %
Percentage done:  20.00 %
Percentage done:  30.00 %
Percentage done:  40.00 %
Percentage done:  50.00 %
Percentage done:  60.00 %
Percentage done:  70.00 %
Percentage done:  80.00 %
Percentage done:  90.00 %
Percentage done:  100.00 %
Ending abc-rs
 22.076764 seconds (2.80 M allocations: 749.209 MiB, 0.36% gc time)
Round:85
Starting abc-rs
Percentage done:  10.00 %
Percentage done:  20.00 %
Percentage done:  30.00 %
Percentage done:  40.00 %
Percentage done:  50.00 %
Percentage done:  60.00 %
Percentage done:  70.00 %
Percentage done:  80.00 %
Percentage done:  90.00 %
Percentage done:  100.00 %
Ending abc-rs
 22.037410 seconds (2.80 M allocations: 749.209 MiB, 0.34% gc time)
Round:89
Starting abc-rs
Percentage done:  10.00 %
Percentage done:  20.00 %
Percentage done:  30.00 %
Percentage done:  40.00 %
Percentage done:  50.00 %
Percentage done:  60.00 %
Percentage done:  70.00 %
Percentage done:  80.00 %
Percentage done:  90.00 %
Percentage done:  100.00 %
Ending abc-rs
 22.085570 seconds (2.80 M allocations: 749.209 MiB, 0.34% gc time)
Round:93
Starting abc-rs
Percentage done:  10.00 %
Percentage done:  20.00 %
Percentage done:  30.00 %
Percentage done:  40.00 %
Percentage done:  50.00 %
Percentage done:  60.00 %
Percentage done:  70.00 %
Percentage done:  80.00 %
Percentage done:  90.00 %
Percentage done:  100.00 %
Ending abc-rs
 22.070445 seconds (2.80 M allocations: 749.209 MiB, 0.34% gc time)
Round:97
Starting abc-rs
Percentage done:  10.00 %
Percentage done:  20.00 %
Percentage done:  30.00 %
Percentage done:  40.00 %
Percentage done:  50.00 %
Percentage done:  60.00 %
Percentage done:  70.00 %
Percentage done:  80.00 %
Percentage done:  90.00 %
Percentage done:  100.00 %
Ending abc-rs
 22.082105 seconds (2.80 M allocations: 749.209 MiB, 0.35% gc time)
Round:101
Starting abc-rs
Percentage done:  10.00 %
Percentage done:  20.00 %
Percentage done:  30.00 %
Percentage done:  40.00 %
Percentage done:  50.00 %
Percentage done:  60.00 %
Percentage done:  70.00 %
Percentage done:  80.00 %
Percentage done:  90.00 %
Percentage done:  100.00 %
Ending abc-rs
 22.071949 seconds (2.80 M allocations: 749.209 MiB, 0.34% gc time)
Round:105
Starting abc-rs
Percentage done:  10.00 %
Percentage done:  20.00 %
Percentage done:  30.00 %
Percentage done:  40.00 %
Percentage done:  50.00 %
Percentage done:  60.00 %
Percentage done:  70.00 %
Percentage done:  80.00 %
Percentage done:  90.00 %
Percentage done:  100.00 %
Ending abc-rs
 22.069558 seconds (2.80 M allocations: 749.209 MiB, 0.34% gc time)
Round:109
Starting abc-rs
Percentage done:  10.00 %
Percentage done:  20.00 %
Percentage done:  30.00 %
Percentage done:  40.00 %
Percentage done:  50.00 %
Percentage done:  60.00 %
Percentage done:  70.00 %
Percentage done:  80.00 %
Percentage done:  90.00 %
Percentage done:  100.00 %
Ending abc-rs
 22.080852 seconds (2.80 M allocations: 749.209 MiB, 0.34% gc time)
Round:113
Starting abc-rs
Percentage done:  10.00 %
Percentage done:  20.00 %
Percentage done:  30.00 %
Percentage done:  40.00 %
Percentage done:  50.00 %
Percentage done:  60.00 %
Percentage done:  70.00 %
Percentage done:  80.00 %
Percentage done:  90.00 %
Percentage done:  100.00 %
Ending abc-rs
 22.140517 seconds (2.80 M allocations: 749.209 MiB, 0.35% gc time)
Round:117
Starting abc-rs
Percentage done:  10.00 %
Percentage done:  20.00 %
Percentage done:  30.00 %
Percentage done:  40.00 %
Percentage done:  50.00 %
Percentage done:  60.00 %
Percentage done:  70.00 %
Percentage done:  80.00 %
Percentage done:  90.00 %
Percentage done:  100.00 %
Ending abc-rs
 22.068026 seconds (2.80 M allocations: 749.209 MiB, 0.34% gc time)
Round:121
Starting abc-rs
Percentage done:  10.00 %
Percentage done:  20.00 %
Percentage done:  30.00 %
Percentage done:  40.00 %
Percentage done:  50.00 %
Percentage done:  60.00 %
Percentage done:  70.00 %
Percentage done:  80.00 %
Percentage done:  90.00 %
Percentage done:  100.00 %
Ending abc-rs
 22.097354 seconds (2.80 M allocations: 749.209 MiB, 0.46% gc time)
Round:125
Starting abc-rs
Percentage done:  10.00 %
Percentage done:  20.00 %
Percentage done:  30.00 %
Percentage done:  40.00 %
Percentage done:  50.00 %
Percentage done:  60.00 %
Percentage done:  70.00 %
Percentage done:  80.00 %
Percentage done:  90.00 %
Percentage done:  100.00 %
Ending abc-rs
 22.098524 seconds (2.80 M allocations: 749.209 MiB, 0.34% gc time)
Round:129
Starting abc-rs
Percentage done:  10.00 %
Percentage done:  20.00 %
Percentage done:  30.00 %
Percentage done:  40.00 %
Percentage done:  50.00 %
Percentage done:  60.00 %
Percentage done:  70.00 %
Percentage done:  80.00 %
Percentage done:  90.00 %
Percentage done:  100.00 %
Ending abc-rs
 22.076808 seconds (2.80 M allocations: 749.209 MiB, 0.42% gc time)
Round:133
Starting abc-rs
Percentage done:  10.00 %
Percentage done:  20.00 %
Percentage done:  30.00 %
Percentage done:  40.00 %
Percentage done:  50.00 %
Percentage done:  60.00 %
Percentage done:  70.00 %
Percentage done:  80.00 %
Percentage done:  90.00 %
Percentage done:  100.00 %
Ending abc-rs
 22.654616 seconds (2.80 M allocations: 749.209 MiB, 0.46% gc time)
Round:137
Starting abc-rs
Percentage done:  10.00 %
Percentage done:  20.00 %
Percentage done:  30.00 %
Percentage done:  40.00 %
Percentage done:  50.00 %
Percentage done:  60.00 %
Percentage done:  70.00 %
Percentage done:  80.00 %
Percentage done:  90.00 %
Percentage done:  100.00 %
Ending abc-rs
 23.131962 seconds (2.80 M allocations: 749.209 MiB, 0.34% gc time)
Round:141
Starting abc-rs
Percentage done:  10.00 %
Percentage done:  20.00 %
Percentage done:  30.00 %
Percentage done:  40.00 %
Percentage done:  50.00 %
Percentage done:  60.00 %
Percentage done:  70.00 %
Percentage done:  80.00 %
Percentage done:  90.00 %
Percentage done:  100.00 %
Ending abc-rs
 23.128048 seconds (2.80 M allocations: 749.209 MiB, 0.34% gc time)
Round:145
Starting abc-rs
Percentage done:  10.00 %
Percentage done:  20.00 %
Percentage done:  30.00 %
Percentage done:  40.00 %
Percentage done:  50.00 %
Percentage done:  60.00 %
Percentage done:  70.00 %
Percentage done:  80.00 %
Percentage done:  90.00 %
Percentage done:  100.00 %
Ending abc-rs
 23.163961 seconds (2.80 M allocations: 749.209 MiB, 0.35% gc time)
Round:149
Starting abc-rs
Percentage done:  10.00 %
Percentage done:  20.00 %
Percentage done:  30.00 %
Percentage done:  40.00 %
Percentage done:  50.00 %
Percentage done:  60.00 %
Percentage done:  70.00 %
Percentage done:  80.00 %
Percentage done:  90.00 %
Percentage done:  100.00 %
Ending abc-rs
 23.112232 seconds (2.80 M allocations: 749.209 MiB, 0.34% gc time)
Round:153
Starting abc-rs
Percentage done:  10.00 %
Percentage done:  20.00 %
Percentage done:  30.00 %
Percentage done:  40.00 %
Percentage done:  50.00 %
Percentage done:  60.00 %
Percentage done:  70.00 %
Percentage done:  80.00 %
Percentage done:  90.00 %
Percentage done:  100.00 %
Ending abc-rs
 23.117886 seconds (2.80 M allocations: 749.209 MiB, 0.34% gc time)
Round:157
Starting abc-rs
Percentage done:  10.00 %
Percentage done:  20.00 %
Percentage done:  30.00 %
Percentage done:  40.00 %
Percentage done:  50.00 %
Percentage done:  60.00 %
Percentage done:  70.00 %
Percentage done:  80.00 %
Percentage done:  90.00 %
Percentage done:  100.00 %
Ending abc-rs
 23.126617 seconds (2.80 M allocations: 749.209 MiB, 0.34% gc time)
Round:161
Starting abc-rs
Percentage done:  10.00 %
Percentage done:  20.00 %
Percentage done:  30.00 %
Percentage done:  40.00 %
Percentage done:  50.00 %
Percentage done:  60.00 %
Percentage done:  70.00 %
Percentage done:  80.00 %
Percentage done:  90.00 %
Percentage done:  100.00 %
Ending abc-rs
 23.128334 seconds (2.80 M allocations: 749.209 MiB, 0.35% gc time)
Round:165
Starting abc-rs
Percentage done:  10.00 %
Percentage done:  20.00 %
Percentage done:  30.00 %
Percentage done:  40.00 %
Percentage done:  50.00 %
Percentage done:  60.00 %
Percentage done:  70.00 %
Percentage done:  80.00 %
Percentage done:  90.00 %
Percentage done:  100.00 %
Ending abc-rs
 23.120038 seconds (2.80 M allocations: 749.209 MiB, 0.34% gc time)
Round:169
Starting abc-rs
Percentage done:  10.00 %
Percentage done:  20.00 %
Percentage done:  30.00 %
Percentage done:  40.00 %
Percentage done:  50.00 %
Percentage done:  60.00 %
Percentage done:  70.00 %
Percentage done:  80.00 %
Percentage done:  90.00 %
Percentage done:  100.00 %
Ending abc-rs
 23.102302 seconds (2.80 M allocations: 749.209 MiB, 0.34% gc time)
Round:173
Starting abc-rs
Percentage done:  10.00 %
Percentage done:  20.00 %
Percentage done:  30.00 %
Percentage done:  40.00 %
Percentage done:  50.00 %
Percentage done:  60.00 %
Percentage done:  70.00 %
Percentage done:  80.00 %
Percentage done:  90.00 %
Percentage done:  100.00 %
Ending abc-rs
 23.124876 seconds (2.80 M allocations: 749.209 MiB, 0.34% gc time)
Round:177
Starting abc-rs
Percentage done:  10.00 %
Percentage done:  20.00 %
Percentage done:  30.00 %
Percentage done:  40.00 %
Percentage done:  50.00 %
Percentage done:  60.00 %
Percentage done:  70.00 %
Percentage done:  80.00 %
Percentage done:  90.00 %
Percentage done:  100.00 %
Ending abc-rs
 23.135979 seconds (2.80 M allocations: 749.209 MiB, 0.35% gc time)
Round:181
Starting abc-rs
Percentage done:  10.00 %
Percentage done:  20.00 %
Percentage done:  30.00 %
Percentage done:  40.00 %
Percentage done:  50.00 %
Percentage done:  60.00 %
Percentage done:  70.00 %
Percentage done:  80.00 %
Percentage done:  90.00 %
Percentage done:  100.00 %
Ending abc-rs
 23.112671 seconds (2.80 M allocations: 749.209 MiB, 0.34% gc time)
Round:185
Starting abc-rs
Percentage done:  10.00 %
Percentage done:  20.00 %
Percentage done:  30.00 %
Percentage done:  40.00 %
Percentage done:  50.00 %
Percentage done:  60.00 %
Percentage done:  70.00 %
Percentage done:  80.00 %
Percentage done:  90.00 %
Percentage done:  100.00 %
Ending abc-rs
 23.128156 seconds (2.80 M allocations: 749.209 MiB, 0.34% gc time)
Round:189
Starting abc-rs
Percentage done:  10.00 %
Percentage done:  20.00 %
Percentage done:  30.00 %
Percentage done:  40.00 %
Percentage done:  50.00 %
Percentage done:  60.00 %
Percentage done:  70.00 %
Percentage done:  80.00 %
Percentage done:  90.00 %
Percentage done:  100.00 %
Ending abc-rs
 23.145349 seconds (2.80 M allocations: 749.209 MiB, 0.34% gc time)
Round:193
Starting abc-rs
Percentage done:  10.00 %
Percentage done:  20.00 %
Percentage done:  30.00 %
Percentage done:  40.00 %
Percentage done:  50.00 %
Percentage done:  60.00 %
Percentage done:  70.00 %
Percentage done:  80.00 %
Percentage done:  90.00 %
Percentage done:  100.00 %
Ending abc-rs
 23.128766 seconds (2.80 M allocations: 749.209 MiB, 0.35% gc time)
Round:197
Starting abc-rs
Percentage done:  10.00 %
Percentage done:  20.00 %
Percentage done:  30.00 %
Percentage done:  40.00 %
Percentage done:  50.00 %
Percentage done:  60.00 %
Percentage done:  70.00 %
Percentage done:  80.00 %
Percentage done:  90.00 %
Percentage done:  100.00 %
Ending abc-rs
 23.126373 seconds (2.80 M allocations: 749.209 MiB, 0.34% gc time)
Round:201
Starting abc-rs
Percentage done:  10.00 %
Percentage done:  20.00 %
Percentage done:  30.00 %
Percentage done:  40.00 %
Percentage done:  50.00 %
Percentage done:  60.00 %
Percentage done:  70.00 %
Percentage done:  80.00 %
Percentage done:  90.00 %
Percentage done:  100.00 %
Ending abc-rs
 23.135214 seconds (2.80 M allocations: 749.209 MiB, 0.34% gc time)
Round:205
Starting abc-rs
Percentage done:  10.00 %
Percentage done:  20.00 %
Percentage done:  30.00 %
Percentage done:  40.00 %
Percentage done:  50.00 %
Percentage done:  60.00 %
Percentage done:  70.00 %
Percentage done:  80.00 %
Percentage done:  90.00 %
Percentage done:  100.00 %
Ending abc-rs
 23.588026 seconds (2.80 M allocations: 749.209 MiB, 1.61% gc time)
Round:209
Starting abc-rs
Percentage done:  10.00 %
Percentage done:  20.00 %
Percentage done:  30.00 %
Percentage done:  40.00 %
Percentage done:  50.00 %
Percentage done:  60.00 %
Percentage done:  70.00 %
Percentage done:  80.00 %
Percentage done:  90.00 %
Percentage done:  100.00 %
Ending abc-rs
 23.079110 seconds (2.80 M allocations: 749.209 MiB, 0.31% gc time)
Round:213
Starting abc-rs
Percentage done:  10.00 %
Percentage done:  20.00 %
Percentage done:  30.00 %
Percentage done:  40.00 %
Percentage done:  50.00 %
Percentage done:  60.00 %
Percentage done:  70.00 %
Percentage done:  80.00 %
Percentage done:  90.00 %
Percentage done:  100.00 %
Ending abc-rs
 23.054424 seconds (2.80 M allocations: 749.209 MiB, 0.30% gc time)
Round:217
Starting abc-rs
Percentage done:  10.00 %
Percentage done:  20.00 %
Percentage done:  30.00 %
Percentage done:  40.00 %
Percentage done:  50.00 %
Percentage done:  60.00 %
Percentage done:  70.00 %
Percentage done:  80.00 %
Percentage done:  90.00 %
Percentage done:  100.00 %
Ending abc-rs
 23.056385 seconds (2.80 M allocations: 749.209 MiB, 0.30% gc time)
Round:221
Starting abc-rs
Percentage done:  10.00 %
Percentage done:  20.00 %
Percentage done:  30.00 %
Percentage done:  40.00 %
Percentage done:  50.00 %
Percentage done:  60.00 %
Percentage done:  70.00 %
Percentage done:  80.00 %
Percentage done:  90.00 %
Percentage done:  100.00 %
Ending abc-rs
 23.100250 seconds (2.80 M allocations: 749.209 MiB, 0.42% gc time)
Round:225
Starting abc-rs
Percentage done:  10.00 %
Percentage done:  20.00 %
Percentage done:  30.00 %
Percentage done:  40.00 %
Percentage done:  50.00 %
Percentage done:  60.00 %
Percentage done:  70.00 %
Percentage done:  80.00 %
Percentage done:  90.00 %
Percentage done:  100.00 %
Ending abc-rs
 23.096884 seconds (2.80 M allocations: 749.209 MiB, 0.31% gc time)
Round:229
Starting abc-rs
Percentage done:  10.00 %
Percentage done:  20.00 %
Percentage done:  30.00 %
Percentage done:  40.00 %
Percentage done:  50.00 %
Percentage done:  60.00 %
Percentage done:  70.00 %
Percentage done:  80.00 %
Percentage done:  90.00 %
Percentage done:  100.00 %
Ending abc-rs
 23.076824 seconds (2.80 M allocations: 749.209 MiB, 0.30% gc time)
Round:233
Starting abc-rs
Percentage done:  10.00 %
Percentage done:  20.00 %
Percentage done:  30.00 %
Percentage done:  40.00 %
Percentage done:  50.00 %
Percentage done:  60.00 %
Percentage done:  70.00 %
Percentage done:  80.00 %
Percentage done:  90.00 %
Percentage done:  100.00 %
Ending abc-rs
 23.173272 seconds (2.80 M allocations: 749.209 MiB, 0.53% gc time)
Round:237
Starting abc-rs
Percentage done:  10.00 %
Percentage done:  20.00 %
Percentage done:  30.00 %
Percentage done:  40.00 %
Percentage done:  50.00 %
Percentage done:  60.00 %
Percentage done:  70.00 %
Percentage done:  80.00 %
Percentage done:  90.00 %
Percentage done:  100.00 %
Ending abc-rs
 22.539563 seconds (2.80 M allocations: 749.209 MiB, 0.30% gc time)
Round:241
Starting abc-rs
Percentage done:  10.00 %
Percentage done:  20.00 %
Percentage done:  30.00 %
Percentage done:  40.00 %
Percentage done:  50.00 %
Percentage done:  60.00 %
Percentage done:  70.00 %
Percentage done:  80.00 %
Percentage done:  90.00 %
Percentage done:  100.00 %
Ending abc-rs
 21.984911 seconds (2.80 M allocations: 749.209 MiB, 0.30% gc time)
Round:245
Starting abc-rs
Percentage done:  10.00 %
Percentage done:  20.00 %
Percentage done:  30.00 %
Percentage done:  40.00 %
Percentage done:  50.00 %
Percentage done:  60.00 %
Percentage done:  70.00 %
Percentage done:  80.00 %
Percentage done:  90.00 %
Percentage done:  100.00 %
Ending abc-rs
 21.948579 seconds (2.80 M allocations: 749.209 MiB, 0.29% gc time)
Round:249
Starting abc-rs
Percentage done:  10.00 %
Percentage done:  20.00 %
Percentage done:  30.00 %
Percentage done:  40.00 %
Percentage done:  50.00 %
Percentage done:  60.00 %
Percentage done:  70.00 %
Percentage done:  80.00 %
Percentage done:  90.00 %
Percentage done:  100.00 %
Ending abc-rs
 22.109782 seconds (2.80 M allocations: 749.209 MiB, 0.29% gc time)
Round:253
Starting abc-rs
Percentage done:  10.00 %
Percentage done:  20.00 %
Percentage done:  30.00 %
Percentage done:  40.00 %
Percentage done:  50.00 %
Percentage done:  60.00 %
Percentage done:  70.00 %
Percentage done:  80.00 %
Percentage done:  90.00 %
Percentage done:  100.00 %
Ending abc-rs
 21.960451 seconds (2.80 M allocations: 749.209 MiB, 0.29% gc time)
Round:257
Starting abc-rs
Percentage done:  10.00 %
Percentage done:  20.00 %
Percentage done:  30.00 %
Percentage done:  40.00 %
Percentage done:  50.00 %
Percentage done:  60.00 %
Percentage done:  70.00 %
Percentage done:  80.00 %
Percentage done:  90.00 %
Percentage done:  100.00 %
Ending abc-rs
 21.984037 seconds (2.80 M allocations: 749.209 MiB, 0.30% gc time)
Round:261
Starting abc-rs
Percentage done:  10.00 %
Percentage done:  20.00 %
Percentage done:  30.00 %
Percentage done:  40.00 %
Percentage done:  50.00 %
Percentage done:  60.00 %
Percentage done:  70.00 %
Percentage done:  80.00 %
Percentage done:  90.00 %
Percentage done:  100.00 %
Ending abc-rs
 21.947367 seconds (2.80 M allocations: 749.209 MiB, 0.29% gc time)
Round:265
Starting abc-rs
Percentage done:  10.00 %
Percentage done:  20.00 %
Percentage done:  30.00 %
Percentage done:  40.00 %
Percentage done:  50.00 %
Percentage done:  60.00 %
Percentage done:  70.00 %
Percentage done:  80.00 %
Percentage done:  90.00 %
Percentage done:  100.00 %
Ending abc-rs
 21.995662 seconds (2.80 M allocations: 749.209 MiB, 0.29% gc time)
Round:269
Starting abc-rs
Percentage done:  10.00 %
Percentage done:  20.00 %
Percentage done:  30.00 %
Percentage done:  40.00 %
Percentage done:  50.00 %
Percentage done:  60.00 %
Percentage done:  70.00 %
Percentage done:  80.00 %
Percentage done:  90.00 %
Percentage done:  100.00 %
Ending abc-rs
 21.964825 seconds (2.80 M allocations: 749.209 MiB, 0.29% gc time)
Round:273
Starting abc-rs
Percentage done:  10.00 %
Percentage done:  20.00 %
Percentage done:  30.00 %
Percentage done:  40.00 %
Percentage done:  50.00 %
Percentage done:  60.00 %
Percentage done:  70.00 %
Percentage done:  80.00 %
Percentage done:  90.00 %
Percentage done:  100.00 %
Ending abc-rs
 21.984997 seconds (2.80 M allocations: 749.209 MiB, 0.30% gc time)
Round:277
Starting abc-rs
Percentage done:  10.00 %
Percentage done:  20.00 %
Percentage done:  30.00 %
Percentage done:  40.00 %
Percentage done:  50.00 %
Percentage done:  60.00 %
Percentage done:  70.00 %
Percentage done:  80.00 %
Percentage done:  90.00 %
Percentage done:  100.00 %
Ending abc-rs
 21.970179 seconds (2.80 M allocations: 749.209 MiB, 0.29% gc time)
Round:281
Starting abc-rs
Percentage done:  10.00 %
Percentage done:  20.00 %
Percentage done:  30.00 %
Percentage done:  40.00 %
Percentage done:  50.00 %
Percentage done:  60.00 %
Percentage done:  70.00 %
Percentage done:  80.00 %
Percentage done:  90.00 %
Percentage done:  100.00 %
Ending abc-rs
 21.920571 seconds (2.80 M allocations: 749.209 MiB, 0.29% gc time)
Round:285
Starting abc-rs
Percentage done:  10.00 %
Percentage done:  20.00 %
Percentage done:  30.00 %
Percentage done:  40.00 %
Percentage done:  50.00 %
Percentage done:  60.00 %
Percentage done:  70.00 %
Percentage done:  80.00 %
Percentage done:  90.00 %
Percentage done:  100.00 %
Ending abc-rs
 21.963846 seconds (2.80 M allocations: 749.209 MiB, 0.29% gc time)
Round:289
Starting abc-rs
Percentage done:  10.00 %
Percentage done:  20.00 %
Percentage done:  30.00 %
Percentage done:  40.00 %
Percentage done:  50.00 %
Percentage done:  60.00 %
Percentage done:  70.00 %
Percentage done:  80.00 %
Percentage done:  90.00 %
Percentage done:  100.00 %
Ending abc-rs
 21.961789 seconds (2.80 M allocations: 749.209 MiB, 0.30% gc time)
Round:293
Starting abc-rs
Percentage done:  10.00 %
Percentage done:  20.00 %
Percentage done:  30.00 %
Percentage done:  40.00 %
Percentage done:  50.00 %
Percentage done:  60.00 %
Percentage done:  70.00 %
Percentage done:  80.00 %
Percentage done:  90.00 %
Percentage done:  100.00 %
Ending abc-rs
 21.993155 seconds (2.80 M allocations: 749.209 MiB, 0.29% gc time)
Round:297
Starting abc-rs
Percentage done:  10.00 %
Percentage done:  20.00 %
Percentage done:  30.00 %
Percentage done:  40.00 %
Percentage done:  50.00 %
Percentage done:  60.00 %
Percentage done:  70.00 %
Percentage done:  80.00 %
Percentage done:  90.00 %
Percentage done:  100.00 %
Ending abc-rs
 21.954355 seconds (2.80 M allocations: 749.209 MiB, 0.29% gc time)
Round:301
Starting abc-rs
Percentage done:  10.00 %
Percentage done:  20.00 %
Percentage done:  30.00 %
Percentage done:  40.00 %
Percentage done:  50.00 %
Percentage done:  60.00 %
Percentage done:  70.00 %
Percentage done:  80.00 %
Percentage done:  90.00 %
Percentage done:  100.00 %
Ending abc-rs
 21.954813 seconds (2.80 M allocations: 749.209 MiB, 0.29% gc time)
Round:305
Starting abc-rs
Percentage done:  10.00 %
Percentage done:  20.00 %
Percentage done:  30.00 %
Percentage done:  40.00 %
Percentage done:  50.00 %
Percentage done:  60.00 %
Percentage done:  70.00 %
Percentage done:  80.00 %
Percentage done:  90.00 %
Percentage done:  100.00 %
Ending abc-rs
 21.949284 seconds (2.80 M allocations: 749.209 MiB, 0.30% gc time)
Round:309
Starting abc-rs
Percentage done:  10.00 %
Percentage done:  20.00 %
Percentage done:  30.00 %
Percentage done:  40.00 %
Percentage done:  50.00 %
Percentage done:  60.00 %
Percentage done:  70.00 %
Percentage done:  80.00 %
Percentage done:  90.00 %
Percentage done:  100.00 %
Ending abc-rs
 21.967854 seconds (2.80 M allocations: 749.209 MiB, 0.29% gc time)
Round:313
Starting abc-rs
Percentage done:  10.00 %
Percentage done:  20.00 %
Percentage done:  30.00 %
Percentage done:  40.00 %
Percentage done:  50.00 %
Percentage done:  60.00 %
Percentage done:  70.00 %
Percentage done:  80.00 %
Percentage done:  90.00 %
Percentage done:  100.00 %
Ending abc-rs
 21.973577 seconds (2.80 M allocations: 749.209 MiB, 0.29% gc time)
Round:317
Starting abc-rs
Percentage done:  10.00 %
Percentage done:  20.00 %
Percentage done:  30.00 %
Percentage done:  40.00 %
Percentage done:  50.00 %
Percentage done:  60.00 %
Percentage done:  70.00 %
Percentage done:  80.00 %
Percentage done:  90.00 %
Percentage done:  100.00 %
Ending abc-rs
 21.978902 seconds (2.80 M allocations: 749.209 MiB, 0.29% gc time)
Round:321
Starting abc-rs
Percentage done:  10.00 %
Percentage done:  20.00 %
Percentage done:  30.00 %
Percentage done:  40.00 %
Percentage done:  50.00 %
Percentage done:  60.00 %
Percentage done:  70.00 %
Percentage done:  80.00 %
Percentage done:  90.00 %
Percentage done:  100.00 %
Ending abc-rs
 21.986961 seconds (2.80 M allocations: 749.209 MiB, 0.30% gc time)
Round:325
Starting abc-rs
Percentage done:  10.00 %
Percentage done:  20.00 %
Percentage done:  30.00 %
Percentage done:  40.00 %
Percentage done:  50.00 %
Percentage done:  60.00 %
Percentage done:  70.00 %
Percentage done:  80.00 %
Percentage done:  90.00 %
Percentage done:  100.00 %
Ending abc-rs
 21.979337 seconds (2.80 M allocations: 749.209 MiB, 0.29% gc time)
Round:329
Starting abc-rs
Percentage done:  10.00 %
Percentage done:  20.00 %
Percentage done:  30.00 %
Percentage done:  40.00 %
Percentage done:  50.00 %
Percentage done:  60.00 %
Percentage done:  70.00 %
Percentage done:  80.00 %
Percentage done:  90.00 %
Percentage done:  100.00 %
Ending abc-rs
 21.985440 seconds (2.80 M allocations: 749.209 MiB, 0.29% gc time)
Round:333
Starting abc-rs
Percentage done:  10.00 %
Percentage done:  20.00 %
Percentage done:  30.00 %
Percentage done:  40.00 %
Percentage done:  50.00 %
Percentage done:  60.00 %
Percentage done:  70.00 %
Percentage done:  80.00 %
Percentage done:  90.00 %
Percentage done:  100.00 %
Ending abc-rs
 22.006461 seconds (2.80 M allocations: 749.209 MiB, 0.29% gc time)
Round:337
Starting abc-rs
Percentage done:  10.00 %
Percentage done:  20.00 %
Percentage done:  30.00 %
Percentage done:  40.00 %
Percentage done:  50.00 %
Percentage done:  60.00 %
Percentage done:  70.00 %
Percentage done:  80.00 %
Percentage done:  90.00 %
Percentage done:  100.00 %
Ending abc-rs
 21.996065 seconds (2.80 M allocations: 749.209 MiB, 0.30% gc time)
Round:341
Starting abc-rs
Percentage done:  10.00 %
Percentage done:  20.00 %
Percentage done:  30.00 %
Percentage done:  40.00 %
Percentage done:  50.00 %
Percentage done:  60.00 %
Percentage done:  70.00 %
Percentage done:  80.00 %
Percentage done:  90.00 %
Percentage done:  100.00 %
Ending abc-rs
 22.026847 seconds (2.80 M allocations: 749.209 MiB, 0.41% gc time)
Round:345
Starting abc-rs
Percentage done:  10.00 %
Percentage done:  20.00 %
Percentage done:  30.00 %
Percentage done:  40.00 %
Percentage done:  50.00 %
Percentage done:  60.00 %
Percentage done:  70.00 %
Percentage done:  80.00 %
Percentage done:  90.00 %
Percentage done:  100.00 %
Ending abc-rs
 21.960371 seconds (2.80 M allocations: 749.209 MiB, 0.29% gc time)
Round:349
Starting abc-rs
Percentage done:  10.00 %
Percentage done:  20.00 %
Percentage done:  30.00 %
Percentage done:  40.00 %
Percentage done:  50.00 %
Percentage done:  60.00 %
Percentage done:  70.00 %
Percentage done:  80.00 %
Percentage done:  90.00 %
Percentage done:  100.00 %
Ending abc-rs
 21.978929 seconds (2.80 M allocations: 749.209 MiB, 0.29% gc time)
Round:353
Starting abc-rs
Percentage done:  10.00 %
Percentage done:  20.00 %
Percentage done:  30.00 %
Percentage done:  40.00 %
Percentage done:  50.00 %
Percentage done:  60.00 %
Percentage done:  70.00 %
Percentage done:  80.00 %
Percentage done:  90.00 %
Percentage done:  100.00 %
Ending abc-rs
 21.991423 seconds (2.80 M allocations: 749.209 MiB, 0.30% gc time)
Round:357
Starting abc-rs
Percentage done:  10.00 %
Percentage done:  20.00 %
Percentage done:  30.00 %
Percentage done:  40.00 %
Percentage done:  50.00 %
Percentage done:  60.00 %
Percentage done:  70.00 %
Percentage done:  80.00 %
Percentage done:  90.00 %
Percentage done:  100.00 %
Ending abc-rs
 22.160760 seconds (2.80 M allocations: 749.209 MiB, 0.41% gc time)
Round:361
Starting abc-rs
Percentage done:  10.00 %
Percentage done:  20.00 %
Percentage done:  30.00 %
Percentage done:  40.00 %
Percentage done:  50.00 %
Percentage done:  60.00 %
Percentage done:  70.00 %
Percentage done:  80.00 %
Percentage done:  90.00 %
Percentage done:  100.00 %
Ending abc-rs
 22.035157 seconds (2.80 M allocations: 749.209 MiB, 0.29% gc time)
Round:365
Starting abc-rs
Percentage done:  10.00 %
Percentage done:  20.00 %
Percentage done:  30.00 %
Percentage done:  40.00 %
Percentage done:  50.00 %
Percentage done:  60.00 %
Percentage done:  70.00 %
Percentage done:  80.00 %
Percentage done:  90.00 %
Percentage done:  100.00 %
Ending abc-rs
 21.974761 seconds (2.80 M allocations: 749.209 MiB, 0.29% gc time)
Round:369
Starting abc-rs
Percentage done:  10.00 %
Percentage done:  20.00 %
Percentage done:  30.00 %
Percentage done:  40.00 %
Percentage done:  50.00 %
Percentage done:  60.00 %
Percentage done:  70.00 %
Percentage done:  80.00 %
Percentage done:  90.00 %
Percentage done:  100.00 %
Ending abc-rs
 21.982359 seconds (2.80 M allocations: 749.209 MiB, 0.30% gc time)
Round:373
Starting abc-rs
Percentage done:  10.00 %
Percentage done:  20.00 %
Percentage done:  30.00 %
Percentage done:  40.00 %
Percentage done:  50.00 %
Percentage done:  60.00 %
Percentage done:  70.00 %
Percentage done:  80.00 %
Percentage done:  90.00 %
Percentage done:  100.00 %
Ending abc-rs
 21.987420 seconds (2.80 M allocations: 749.209 MiB, 0.29% gc time)
Round:377
Starting abc-rs
Percentage done:  10.00 %
Percentage done:  20.00 %
Percentage done:  30.00 %
Percentage done:  40.00 %
Percentage done:  50.00 %
Percentage done:  60.00 %
Percentage done:  70.00 %
Percentage done:  80.00 %
Percentage done:  90.00 %
Percentage done:  100.00 %
Ending abc-rs
 22.008052 seconds (2.80 M allocations: 749.209 MiB, 0.29% gc time)
Round:381
Starting abc-rs
Percentage done:  10.00 %
Percentage done:  20.00 %
Percentage done:  30.00 %
Percentage done:  40.00 %
Percentage done:  50.00 %
Percentage done:  60.00 %
Percentage done:  70.00 %
Percentage done:  80.00 %
Percentage done:  90.00 %
Percentage done:  100.00 %
Ending abc-rs
 21.960244 seconds (2.80 M allocations: 749.209 MiB, 0.29% gc time)
Round:385
Starting abc-rs
Percentage done:  10.00 %
Percentage done:  20.00 %
Percentage done:  30.00 %
Percentage done:  40.00 %
Percentage done:  50.00 %
Percentage done:  60.00 %
Percentage done:  70.00 %
Percentage done:  80.00 %
Percentage done:  90.00 %
Percentage done:  100.00 %
Ending abc-rs
 21.982017 seconds (2.80 M allocations: 749.209 MiB, 0.30% gc time)
Round:389
Starting abc-rs
Percentage done:  10.00 %
Percentage done:  20.00 %
Percentage done:  30.00 %
Percentage done:  40.00 %
Percentage done:  50.00 %
Percentage done:  60.00 %
Percentage done:  70.00 %
Percentage done:  80.00 %
Percentage done:  90.00 %
Percentage done:  100.00 %
Ending abc-rs
 22.041457 seconds (2.80 M allocations: 749.209 MiB, 0.29% gc time)
Round:393
Starting abc-rs
Percentage done:  10.00 %
Percentage done:  20.00 %
Percentage done:  30.00 %
Percentage done:  40.00 %
Percentage done:  50.00 %
Percentage done:  60.00 %
Percentage done:  70.00 %
Percentage done:  80.00 %
Percentage done:  90.00 %
Percentage done:  100.00 %
Ending abc-rs
 21.947498 seconds (2.80 M allocations: 749.209 MiB, 0.29% gc time)
Round:397
Starting abc-rs
Percentage done:  10.00 %
Percentage done:  20.00 %
Percentage done:  30.00 %
Percentage done:  40.00 %
Percentage done:  50.00 %
Percentage done:  60.00 %
Percentage done:  70.00 %
Percentage done:  80.00 %
Percentage done:  90.00 %
Percentage done:  100.00 %
Ending abc-rs
 21.909560 seconds (2.80 M allocations: 749.209 MiB, 0.29% gc time)
