/home/samwiq/ABC and deep learning project/abc-dl/lunarc
/home/samwiq/ABC and deep learning project/abc-dl
start script
10
check version of Knet
    Status `~/.julia/environments/v1.0/Project.toml`
  [336ed68f] CSV v0.3.1
  [a93c6f00] DataFrames v0.13.1
  [31c24e10] Distributions v0.16.4
  [1902f260] Knet v1.1.0
  [6f286f6a] MultivariateStats v0.6.0 #master (https://github.com/JuliaStats/MultivariateStats.jl.git)
  [2913bbd2] StatsBase v0.25.0
  [4c63d2b9] StatsFuns v0.7.0
build Knet
  Building SpecialFunctions → `~/.julia/packages/SpecialFunctions/KvXoO/deps/build.log`
  Building CodecZlib ───────→ `~/.julia/packages/CodecZlib/wwgbh/deps/build.log`
  Building Knet ────────────→ `~/.julia/packages/Knet/hxjeS/deps/build.log`
test gpu
0
-1
-1
Loading g-and-k model
Loading g-and-k model
Starting: generate_parameter_data_pairs
Percentage done:  10.00 %
Percentage done:  20.00 %
Percentage done:  30.00 %
Percentage done:  40.00 %
Percentage done:  50.00 %
Percentage done:  60.00 %
Percentage done:  70.00 %
Percentage done:  80.00 %
Percentage done:  90.00 %
Percentage done:  100.00 %
Starting: generate_parameter_data_pairs
Percentage done:  2.00 %
Percentage done:  4.00 %
Percentage done:  6.00 %
Percentage done:  8.00 %
Percentage done:  10.00 %
Percentage done:  12.00 %
Percentage done:  14.00 %
Percentage done:  16.00 %
Percentage done:  18.00 %
Percentage done:  20.00 %
Percentage done:  22.00 %
Percentage done:  24.00 %
Percentage done:  26.00 %
Percentage done:  28.00 %
Percentage done:  30.00 %
Percentage done:  32.00 %
Percentage done:  34.00 %
Percentage done:  36.00 %
Percentage done:  38.00 %
Percentage done:  40.00 %
Percentage done:  42.00 %
Percentage done:  44.00 %
Percentage done:  46.00 %
Percentage done:  48.00 %
Percentage done:  50.00 %
Percentage done:  52.00 %
Percentage done:  54.00 %
Percentage done:  56.00 %
Percentage done:  58.00 %
Percentage done:  60.00 %
Percentage done:  62.00 %
Percentage done:  64.00 %
Percentage done:  66.00 %
Percentage done:  68.00 %
Percentage done:  70.00 %
Percentage done:  72.00 %
Percentage done:  74.00 %
Percentage done:  76.00 %
Percentage done:  78.00 %
Percentage done:  80.00 %
Percentage done:  82.00 %
Percentage done:  84.00 %
Percentage done:  86.00 %
Percentage done:  88.00 %
Percentage done:  90.00 %
Percentage done:  92.00 %
Percentage done:  94.00 %
Percentage done:  96.00 %
Percentage done:  98.00 %
Percentage done:  100.00 %
Starting: generate_parameter_data_pairs
Percentage done:  5.00 %
Percentage done:  10.00 %
Percentage done:  15.00 %
Percentage done:  20.00 %
Percentage done:  25.00 %
Percentage done:  30.00 %
Percentage done:  35.00 %
Percentage done:  40.00 %
Percentage done:  45.00 %
Percentage done:  50.00 %
Percentage done:  55.00 %
Percentage done:  60.00 %
Percentage done:  65.00 %
Percentage done:  70.00 %
Percentage done:  75.00 %
Percentage done:  80.00 %
Percentage done:  85.00 %
Percentage done:  90.00 %
Percentage done:  95.00 %
Percentage done:  100.00 %
Starting: generate_parameter_data_pairs
138.592310 seconds (67.49 M allocations: 56.030 GiB, 2.09% gc time)
Nbr training obs 500000, nbr parameters 115454, obs/parameters 4.33
Starting training
Epoch 1, current loss (training) 10.8349, current loss (val) 10.8768, best loss (val) 10.8768 
Epoch 2, current loss (training) 10.7025, current loss (val) 10.6504, best loss (val) 10.6504 
Epoch 3, current loss (training) 10.9570, current loss (val) 10.6555, best loss (val) 10.6504 
Epoch 4, current loss (training) 10.6815, current loss (val) 10.5894, best loss (val) 10.5894 
Epoch 5, current loss (training) 10.8912, current loss (val) 10.6674, best loss (val) 10.5894 
Epoch 6, current loss (training) 10.2266, current loss (val) 10.6377, best loss (val) 10.5894 
Epoch 7, current loss (training) 10.4970, current loss (val) 10.6916, best loss (val) 10.5894 
Epoch 8, current loss (training) 10.0792, current loss (val) 10.6101, best loss (val) 10.5894 
Epoch 9, current loss (training) 9.8100, current loss (val) 10.6842, best loss (val) 10.5894 
Epoch 10, current loss (training) 9.6061, current loss (val) 10.7063, best loss (val) 10.5894 
10.589389
run_time_first_training_cycle:  870.34 

Epochs 10, batch size, 200
Nbr training obs 500000, nbr parameters 115454, obs/parameters 4.33

Starting abc-rs
Percentage done:  10.00 %
Percentage done:  20.00 %
Percentage done:  30.00 %
Percentage done:  40.00 %
Percentage done:  50.00 %
Percentage done:  60.00 %
Percentage done:  70.00 %
Percentage done:  80.00 %
Percentage done:  90.00 %
Percentage done:  100.00 %
Ending abc-rs
end script
Round:1
Round:5
Starting abc-rs
Percentage done:  10.00 %
Percentage done:  20.00 %
Percentage done:  30.00 %
Percentage done:  40.00 %
Percentage done:  50.00 %
Percentage done:  60.00 %
Percentage done:  70.00 %
Percentage done:  80.00 %
Percentage done:  90.00 %
Percentage done:  100.00 %
Ending abc-rs
 28.469121 seconds (4.75 M allocations: 842.832 MiB, 0.50% gc time)
Round:9
Starting abc-rs
Percentage done:  10.00 %
Percentage done:  20.00 %
Percentage done:  30.00 %
Percentage done:  40.00 %
Percentage done:  50.00 %
Percentage done:  60.00 %
Percentage done:  70.00 %
Percentage done:  80.00 %
Percentage done:  90.00 %
Percentage done:  100.00 %
Ending abc-rs
 27.260021 seconds (2.80 M allocations: 749.209 MiB, 0.23% gc time)
Round:13
Starting abc-rs
Percentage done:  10.00 %
Percentage done:  20.00 %
Percentage done:  30.00 %
Percentage done:  40.00 %
Percentage done:  50.00 %
Percentage done:  60.00 %
Percentage done:  70.00 %
Percentage done:  80.00 %
Percentage done:  90.00 %
Percentage done:  100.00 %
Ending abc-rs
 27.187425 seconds (2.80 M allocations: 749.209 MiB, 0.23% gc time)
Round:17
Starting abc-rs
Percentage done:  10.00 %
Percentage done:  20.00 %
Percentage done:  30.00 %
Percentage done:  40.00 %
Percentage done:  50.00 %
Percentage done:  60.00 %
Percentage done:  70.00 %
Percentage done:  80.00 %
Percentage done:  90.00 %
Percentage done:  100.00 %
Ending abc-rs
 27.445220 seconds (2.80 M allocations: 749.209 MiB, 0.23% gc time)
