Tue Oct 30 23:08:15 2018       
+-----------------------------------------------------------------------------+
| NVIDIA-SMI 396.44                 Driver Version: 396.44                    |
|-------------------------------+----------------------+----------------------+
| GPU  Name        Persistence-M| Bus-Id        Disp.A | Volatile Uncorr. ECC |
| Fan  Temp  Perf  Pwr:Usage/Cap|         Memory-Usage | GPU-Util  Compute M. |
|===============================+======================+======================|
|   0  Tesla K80           On   | 00000000:04:00.0 Off |                    0 |
| N/A   34C    P0    73W / 149W |     73MiB / 11441MiB |      0%      Default |
+-------------------------------+----------------------+----------------------+
|   1  Tesla K80           On   | 00000000:05:00.0 Off |                    0 |
| N/A   43C    P8    32W / 149W |      0MiB / 11441MiB |      0%      Default |
+-------------------------------+----------------------+----------------------+
|   2  Tesla K80           On   | 00000000:84:00.0 Off |                    0 |
| N/A   27C    P8    26W / 149W |      0MiB / 11441MiB |      0%      Default |
+-------------------------------+----------------------+----------------------+
|   3  Tesla K80           On   | 00000000:85:00.0 Off |                    0 |
| N/A   34C    P8    30W / 149W |      0MiB / 11441MiB |      0%      Default |
+-------------------------------+----------------------+----------------------+
                                                                               
+-----------------------------------------------------------------------------+
| Processes:                                                       GPU Memory |
|  GPU       PID   Type   Process name                             Usage      |
|=============================================================================|
|    0     45939      C   julia                                         62MiB |
+-----------------------------------------------------------------------------+
/home/samwiq/ABC and deep learning project/abc-dl/lunarc
/home/samwiq/ABC and deep learning project/abc-dl
start script
500
check version of Knet
    Status `~/.julia/environments/v1.0/Project.toml`
  [336ed68f] CSV v0.3.1
  [a93c6f00] DataFrames v0.13.1
  [31c24e10] Distributions v0.16.4
  [1902f260] Knet v1.1.0
  [6f286f6a] MultivariateStats v0.6.0 #master (https://github.com/JuliaStats/MultivariateStats.jl.git)
  [2913bbd2] StatsBase v0.25.0
  [4c63d2b9] StatsFuns v0.7.0
build Knet
  Building SpecialFunctions → `~/.julia/packages/SpecialFunctions/KvXoO/deps/build.log`
  Building CodecZlib ───────→ `~/.julia/packages/CodecZlib/wwgbh/deps/build.log`
  Building Knet ────────────→ `~/.julia/packages/Knet/hxjeS/deps/build.log`
test gpu
4
-1
0
Loading g-and-k model
Loading g-and-k model
Starting: generate_parameter_data_pairs
Percentage done:  10.00 %
Percentage done:  20.00 %
Percentage done:  30.00 %
Percentage done:  40.00 %
Percentage done:  50.00 %
Percentage done:  60.00 %
Percentage done:  70.00 %
Percentage done:  80.00 %
Percentage done:  90.00 %
Percentage done:  100.00 %
Starting: generate_parameter_data_pairs
Percentage done:  2.00 %
Percentage done:  4.00 %
Percentage done:  6.00 %
Percentage done:  8.00 %
Percentage done:  10.00 %
Percentage done:  12.00 %
Percentage done:  14.00 %
Percentage done:  16.00 %
Percentage done:  18.00 %
Percentage done:  20.00 %
Percentage done:  22.00 %
Percentage done:  24.00 %
Percentage done:  26.00 %
Percentage done:  28.00 %
Percentage done:  30.00 %
Percentage done:  32.00 %
Percentage done:  34.00 %
Percentage done:  36.00 %
Percentage done:  38.00 %
Percentage done:  40.00 %
Percentage done:  42.00 %
Percentage done:  44.00 %
Percentage done:  46.00 %
Percentage done:  48.00 %
Percentage done:  50.00 %
Percentage done:  52.00 %
Percentage done:  54.00 %
Percentage done:  56.00 %
Percentage done:  58.00 %
Percentage done:  60.00 %
Percentage done:  62.00 %
Percentage done:  64.00 %
Percentage done:  66.00 %
Percentage done:  68.00 %
Percentage done:  70.00 %
Percentage done:  72.00 %
Percentage done:  74.00 %
Percentage done:  76.00 %
Percentage done:  78.00 %
Percentage done:  80.00 %
Percentage done:  82.00 %
Percentage done:  84.00 %
Percentage done:  86.00 %
Percentage done:  88.00 %
Percentage done:  90.00 %
Percentage done:  92.00 %
Percentage done:  94.00 %
Percentage done:  96.00 %
Percentage done:  98.00 %
Percentage done:  100.00 %
Starting: generate_parameter_data_pairs
Percentage done:  5.00 %
Percentage done:  10.00 %
Percentage done:  15.00 %
Percentage done:  20.00 %
Percentage done:  25.00 %
Percentage done:  30.00 %
Percentage done:  35.00 %
Percentage done:  40.00 %
Percentage done:  45.00 %
Percentage done:  50.00 %
Percentage done:  55.00 %
Percentage done:  60.00 %
Percentage done:  65.00 %
Percentage done:  70.00 %
Percentage done:  75.00 %
Percentage done:  80.00 %
Percentage done:  85.00 %
Percentage done:  90.00 %
Percentage done:  95.00 %
Percentage done:  100.00 %
Starting: generate_parameter_data_pairs
139.109761 seconds (67.56 M allocations: 56.034 GiB, 2.06% gc time)
0
Nbr training obs 1000, nbr parameters 22214, obs/parameters 0.05
  1.228405 seconds (2.49 M allocations: 130.268 MiB, 4.10% gc time)
  0.430653 seconds (1.05 M allocations: 55.469 MiB, 3.48% gc time)
  3.124228 seconds (6.45 M allocations: 342.227 MiB, 4.05% gc time)
  1.120209 seconds (85.15 k allocations: 4.600 MiB, 22.26% gc time)
Starting training
Epoch 1, current loss (training) 14.1572, current loss (val) 13.1856
Epoch 2, current loss (training) 12.9688, current loss (val) 12.1428
Epoch 3, current loss (training) 13.4651, current loss (val) 11.5292
Epoch 4, current loss (training) 12.5548, current loss (val) 11.4565
Epoch 5, current loss (training) 11.7178, current loss (val) 11.1475
Epoch 6, current loss (training) 11.6980, current loss (val) 11.0951
Epoch 7, current loss (training) 11.8160, current loss (val) 10.7462
Epoch 8, current loss (training) 11.7629, current loss (val) 10.5970
Epoch 9, current loss (training) 11.6449, current loss (val) 10.5654
Epoch 10, current loss (training) 11.2527, current loss (val) 10.2509
Epoch 11, current loss (training) 11.7190, current loss (val) 10.1324
Epoch 12, current loss (training) 10.8579, current loss (val) 10.0177
Epoch 13, current loss (training) 11.0064, current loss (val) 9.7634
Epoch 14, current loss (training) 10.8533, current loss (val) 9.7896
Epoch 15, current loss (training) 10.6743, current loss (val) 9.5828
Epoch 16, current loss (training) 10.9106, current loss (val) 9.6451
Epoch 17, current loss (training) 10.4652, current loss (val) 9.5011
Epoch 18, current loss (training) 11.0434, current loss (val) 10.3958
Epoch 19, current loss (training) 10.6180, current loss (val) 9.5002
Epoch 20, current loss (training) 10.4698, current loss (val) 9.6529
Epoch 21, current loss (training) 10.0662, current loss (val) 9.3946
Epoch 22, current loss (training) 9.9145, current loss (val) 9.1785
Epoch 23, current loss (training) 10.1041, current loss (val) 9.1402
Epoch 24, current loss (training) 10.3105, current loss (val) 9.3720
Epoch 25, current loss (training) 10.1112, current loss (val) 9.1776
Epoch 26, current loss (training) 9.6828, current loss (val) 9.0845
Epoch 27, current loss (training) 9.3160, current loss (val) 8.9912
Epoch 28, current loss (training) 9.4760, current loss (val) 8.9568
Epoch 29, current loss (training) 9.9971, current loss (val) 8.9721
Epoch 30, current loss (training) 9.5136, current loss (val) 9.0071
Epoch 31, current loss (training) 9.5667, current loss (val) 8.8247
Epoch 32, current loss (training) 9.5990, current loss (val) 8.5813
Epoch 33, current loss (training) 9.5958, current loss (val) 8.9991
Epoch 34, current loss (training) 9.7747, current loss (val) 9.2223
Epoch 35, current loss (training) 9.0664, current loss (val) 8.6500
Epoch 36, current loss (training) 9.4850, current loss (val) 8.9092
Epoch 37, current loss (training) 10.1420, current loss (val) 9.2949
Epoch 38, current loss (training) 9.2679, current loss (val) 8.4574
Epoch 39, current loss (training) 9.2240, current loss (val) 8.3232
Epoch 40, current loss (training) 8.9730, current loss (val) 8.2549
Epoch 41, current loss (training) 9.0080, current loss (val) 8.1548
Epoch 42, current loss (training) 8.5218, current loss (val) 8.0545
Epoch 43, current loss (training) 9.0816, current loss (val) 8.0237
Epoch 44, current loss (training) 8.3610, current loss (val) 8.0750
Epoch 45, current loss (training) 8.5639, current loss (val) 7.9176
Epoch 46, current loss (training) 8.3720, current loss (val) 7.9960
Epoch 47, current loss (training) 8.3796, current loss (val) 7.8493
Epoch 48, current loss (training) 8.9570, current loss (val) 8.6628
Epoch 49, current loss (training) 8.9611, current loss (val) 8.3490
Epoch 50, current loss (training) 8.8190, current loss (val) 8.3508
Epoch 51, current loss (training) 8.6049, current loss (val) 8.1165
Epoch 52, current loss (training) 8.5307, current loss (val) 8.0217
Epoch 53, current loss (training) 8.1496, current loss (val) 8.0067
Epoch 54, current loss (training) 8.3835, current loss (val) 7.7887
Epoch 55, current loss (training) 7.9977, current loss (val) 7.8376
Epoch 56, current loss (training) 8.1879, current loss (val) 7.8938
Epoch 57, current loss (training) 7.8779, current loss (val) 7.7755
Epoch 58, current loss (training) 8.2640, current loss (val) 7.8630
Epoch 59, current loss (training) 8.4364, current loss (val) 7.9421
Epoch 60, current loss (training) 8.5413, current loss (val) 7.9387
Epoch 61, current loss (training) 7.9361, current loss (val) 7.7039
Epoch 62, current loss (training) 8.1286, current loss (val) 7.8845
Epoch 63, current loss (training) 8.1075, current loss (val) 7.6221
Epoch 64, current loss (training) 8.3963, current loss (val) 7.6818
Epoch 65, current loss (training) 8.4787, current loss (val) 7.8915
Epoch 66, current loss (training) 8.3801, current loss (val) 7.7126
Epoch 67, current loss (training) 8.0908, current loss (val) 7.6930
Epoch 68, current loss (training) 7.6816, current loss (val) 7.6092
Epoch 69, current loss (training) 8.0603, current loss (val) 7.4718
Epoch 70, current loss (training) 8.1171, current loss (val) 7.8938
Epoch 71, current loss (training) 8.1063, current loss (val) 7.6470
Epoch 72, current loss (training) 7.9151, current loss (val) 7.6941
Epoch 73, current loss (training) 7.6758, current loss (val) 7.4242
Epoch 74, current loss (training) 7.8235, current loss (val) 7.6474
Epoch 75, current loss (training) 7.9513, current loss (val) 7.6828
Epoch 76, current loss (training) 8.4761, current loss (val) 7.7108
Epoch 77, current loss (training) 8.3606, current loss (val) 7.7666
Epoch 78, current loss (training) 8.6451, current loss (val) 8.1529
Epoch 79, current loss (training) 7.9828, current loss (val) 7.8968
Epoch 80, current loss (training) 7.9601, current loss (val) 7.4565
Epoch 81, current loss (training) 7.3815, current loss (val) 7.4078
Epoch 82, current loss (training) 8.1567, current loss (val) 7.9259
Epoch 83, current loss (training) 7.4232, current loss (val) 7.5653
Epoch 84, current loss (training) 7.3962, current loss (val) 7.5880
Epoch 85, current loss (training) 7.5935, current loss (val) 7.6352
Epoch 86, current loss (training) 8.2405, current loss (val) 7.5699
Epoch 87, current loss (training) 7.8545, current loss (val) 7.5241
Epoch 88, current loss (training) 8.1192, current loss (val) 7.4055
Epoch 89, current loss (training) 8.3670, current loss (val) 7.5121
Epoch 90, current loss (training) 7.5746, current loss (val) 7.4995
Epoch 91, current loss (training) 7.9200, current loss (val) 7.4616
Epoch 92, current loss (training) 8.1185, current loss (val) 7.3511
Epoch 93, current loss (training) 7.6669, current loss (val) 7.6174
Epoch 94, current loss (training) 8.0786, current loss (val) 7.6772
Epoch 95, current loss (training) 7.1985, current loss (val) 7.3684
Epoch 96, current loss (training) 7.3716, current loss (val) 7.2653
Epoch 97, current loss (training) 7.5116, current loss (val) 7.2198
Epoch 98, current loss (training) 7.4273, current loss (val) 7.5815
Epoch 99, current loss (training) 8.0844, current loss (val) 7.6107
Epoch 100, current loss (training) 7.3938, current loss (val) 7.5405
Epoch 101, current loss (training) 7.5477, current loss (val) 7.2517
Epoch 102, current loss (training) 7.3873, current loss (val) 7.3981
Epoch 103, current loss (training) 7.3542, current loss (val) 7.4492
Epoch 104, current loss (training) 7.9317, current loss (val) 7.6732
Epoch 105, current loss (training) 8.0900, current loss (val) 8.2418
Epoch 106, current loss (training) 7.5936, current loss (val) 7.4096
Epoch 107, current loss (training) 7.2790, current loss (val) 7.3623
Epoch 108, current loss (training) 7.3177, current loss (val) 7.1651
Epoch 109, current loss (training) 7.2601, current loss (val) 7.3949
Epoch 110, current loss (training) 7.1776, current loss (val) 7.3101
Epoch 111, current loss (training) 6.7857, current loss (val) 7.2179
Epoch 112, current loss (training) 7.4475, current loss (val) 7.5749
Epoch 113, current loss (training) 7.1452, current loss (val) 7.3220
Epoch 114, current loss (training) 7.3285, current loss (val) 7.7204
Epoch 115, current loss (training) 7.2573, current loss (val) 7.3742
Epoch 116, current loss (training) 6.7780, current loss (val) 7.2177
Epoch 117, current loss (training) 6.9813, current loss (val) 7.3659
Epoch 118, current loss (training) 7.3858, current loss (val) 7.3805
Epoch 119, current loss (training) 7.5844, current loss (val) 7.1770
Epoch 120, current loss (training) 6.8758, current loss (val) 7.0333
Epoch 121, current loss (training) 6.6908, current loss (val) 7.0416
Epoch 122, current loss (training) 6.7959, current loss (val) 7.1158
Epoch 123, current loss (training) 6.9424, current loss (val) 7.3947
Epoch 124, current loss (training) 7.0140, current loss (val) 7.3873
Epoch 125, current loss (training) 7.2462, current loss (val) 7.4586
Epoch 126, current loss (training) 6.7483, current loss (val) 7.1036
Epoch 127, current loss (training) 6.5777, current loss (val) 7.3845
Epoch 128, current loss (training) 6.9521, current loss (val) 7.2808
Epoch 129, current loss (training) 7.5164, current loss (val) 7.5624
Epoch 130, current loss (training) 7.4600, current loss (val) 7.8419
Epoch 131, current loss (training) 7.7204, current loss (val) 7.4207
Epoch 132, current loss (training) 6.6561, current loss (val) 7.2687
Epoch 133, current loss (training) 7.2158, current loss (val) 7.5227
Epoch 134, current loss (training) 7.7938, current loss (val) 7.9963
Epoch 135, current loss (training) 6.8772, current loss (val) 7.2604
Epoch 136, current loss (training) 6.9030, current loss (val) 7.0127
Epoch 137, current loss (training) 6.3530, current loss (val) 7.0988
Epoch 138, current loss (training) 6.7755, current loss (val) 7.1355
Epoch 139, current loss (training) 6.5727, current loss (val) 7.1853
Epoch 140, current loss (training) 6.8925, current loss (val) 7.0981
Epoch 141, current loss (training) 7.4211, current loss (val) 7.5598
Epoch 142, current loss (training) 7.9693, current loss (val) 7.8511
Epoch 143, current loss (training) 6.5991, current loss (val) 7.3126
Epoch 144, current loss (training) 7.1307, current loss (val) 7.8903
Epoch 145, current loss (training) 7.6111, current loss (val) 7.3457
Epoch 146, current loss (training) 6.8949, current loss (val) 7.3298
Epoch 147, current loss (training) 6.2585, current loss (val) 7.1634
Epoch 148, current loss (training) 7.3191, current loss (val) 7.5420
Epoch 149, current loss (training) 7.1544, current loss (val) 7.2426
Epoch 150, current loss (training) 7.0790, current loss (val) 7.2440
Epoch 151, current loss (training) 7.0973, current loss (val) 7.2759
Epoch 152, current loss (training) 6.6962, current loss (val) 7.5133
Epoch 153, current loss (training) 7.0812, current loss (val) 7.4916
Epoch 154, current loss (training) 6.7477, current loss (val) 7.5372
Epoch 155, current loss (training) 6.3524, current loss (val) 7.1419
Epoch 156, current loss (training) 6.4507, current loss (val) 7.1783
Epoch 157, current loss (training) 6.5232, current loss (val) 7.0727
Epoch 158, current loss (training) 6.5335, current loss (val) 7.0812
Epoch 159, current loss (training) 6.5682, current loss (val) 7.0521
Epoch 160, current loss (training) 6.5876, current loss (val) 7.2861
Epoch 161, current loss (training) 6.3077, current loss (val) 6.9594
Epoch 162, current loss (training) 6.5392, current loss (val) 7.1309
Epoch 163, current loss (training) 6.0186, current loss (val) 7.0670
Epoch 164, current loss (training) 6.1790, current loss (val) 7.2332
Epoch 165, current loss (training) 6.6184, current loss (val) 7.5477
Epoch 166, current loss (training) 6.0778, current loss (val) 7.1329
Epoch 167, current loss (training) 6.4043, current loss (val) 7.1824
Epoch 168, current loss (training) 6.2568, current loss (val) 7.1014
Epoch 169, current loss (training) 6.7596, current loss (val) 7.2074
Epoch 170, current loss (training) 6.6655, current loss (val) 7.1979
Epoch 171, current loss (training) 7.0499, current loss (val) 7.0617
Epoch 172, current loss (training) 6.5884, current loss (val) 7.1886
Epoch 173, current loss (training) 6.4497, current loss (val) 7.2734
Epoch 174, current loss (training) 6.5559, current loss (val) 7.0138
Epoch 175, current loss (training) 6.2591, current loss (val) 7.3878
Epoch 176, current loss (training) 7.0860, current loss (val) 7.2330
Epoch 177, current loss (training) 6.1815, current loss (val) 7.0989
Epoch 178, current loss (training) 6.3100, current loss (val) 7.0512
Epoch 179, current loss (training) 6.5451, current loss (val) 7.1484
Epoch 180, current loss (training) 6.0517, current loss (val) 7.0443
Epoch 181, current loss (training) 6.3030, current loss (val) 7.0717
Epoch 182, current loss (training) 6.6498, current loss (val) 7.0849
Epoch 183, current loss (training) 6.3026, current loss (val) 7.2431
Epoch 184, current loss (training) 6.1369, current loss (val) 6.8713
Epoch 185, current loss (training) 5.9283, current loss (val) 7.0850
Epoch 186, current loss (training) 6.6657, current loss (val) 7.5289
Epoch 187, current loss (training) 6.6361, current loss (val) 7.0779
Epoch 188, current loss (training) 6.0247, current loss (val) 7.0771
Epoch 189, current loss (training) 6.0435, current loss (val) 7.0312
Epoch 190, current loss (training) 6.4415, current loss (val) 7.2360
Epoch 191, current loss (training) 6.3232, current loss (val) 7.2081
Epoch 192, current loss (training) 6.1033, current loss (val) 7.2323
Epoch 193, current loss (training) 6.9616, current loss (val) 7.4799
Epoch 194, current loss (training) 7.1021, current loss (val) 7.8563
Epoch 195, current loss (training) 7.0075, current loss (val) 7.4794
Epoch 196, current loss (training) 7.4304, current loss (val) 7.7898
Epoch 197, current loss (training) 6.2539, current loss (val) 7.3065
Epoch 198, current loss (training) 6.9652, current loss (val) 7.9315
Epoch 199, current loss (training) 5.6281, current loss (val) 6.9259
Epoch 200, current loss (training) 6.1098, current loss (val) 7.2785
Epoch 201, current loss (training) 5.9502, current loss (val) 6.9624
Epoch 202, current loss (training) 5.6936, current loss (val) 6.9765
Epoch 203, current loss (training) 6.4054, current loss (val) 6.9096
Epoch 204, current loss (training) 5.8843, current loss (val) 7.3421
Epoch 205, current loss (training) 5.9260, current loss (val) 6.8539
Epoch 206, current loss (training) 5.7486, current loss (val) 6.8401
Epoch 207, current loss (training) 6.0456, current loss (val) 7.0537
Epoch 208, current loss (training) 6.0170, current loss (val) 6.8581
Epoch 209, current loss (training) 6.8666, current loss (val) 8.4301
Epoch 210, current loss (training) 6.5376, current loss (val) 7.4698
Epoch 211, current loss (training) 6.0512, current loss (val) 7.2550
Epoch 212, current loss (training) 5.9782, current loss (val) 7.1983
Epoch 213, current loss (training) 5.9917, current loss (val) 6.9073
Epoch 214, current loss (training) 5.4566, current loss (val) 6.9830
Epoch 215, current loss (training) 5.1685, current loss (val) 6.8415
Epoch 216, current loss (training) 5.9413, current loss (val) 6.9178
Epoch 217, current loss (training) 5.7786, current loss (val) 7.0888
Epoch 218, current loss (training) 5.5132, current loss (val) 6.8910
Epoch 219, current loss (training) 5.0418, current loss (val) 7.0110
Epoch 220, current loss (training) 5.5530, current loss (val) 6.9462
Epoch 221, current loss (training) 6.7354, current loss (val) 7.4256
Epoch 222, current loss (training) 6.0064, current loss (val) 7.0140
Epoch 223, current loss (training) 5.8411, current loss (val) 7.1594
Epoch 224, current loss (training) 5.9995, current loss (val) 7.0488
Epoch 225, current loss (training) 5.8434, current loss (val) 7.3245
Epoch 226, current loss (training) 5.2325, current loss (val) 7.0443
Epoch 227, current loss (training) 5.9641, current loss (val) 7.4373
Epoch 228, current loss (training) 6.0911, current loss (val) 7.1295
Epoch 229, current loss (training) 6.7904, current loss (val) 7.5991
Epoch 230, current loss (training) 5.8902, current loss (val) 7.0385
Epoch 231, current loss (training) 5.7741, current loss (val) 7.2116
Epoch 232, current loss (training) 6.0024, current loss (val) 7.2245
Epoch 233, current loss (training) 5.5922, current loss (val) 7.5011
Epoch 234, current loss (training) 5.9869, current loss (val) 7.7557
Epoch 235, current loss (training) 6.0555, current loss (val) 7.4505
Epoch 236, current loss (training) 5.4277, current loss (val) 7.1734
Epoch 237, current loss (training) 5.9284, current loss (val) 7.0393
Epoch 238, current loss (training) 5.8580, current loss (val) 7.0661
Epoch 239, current loss (training) 5.4132, current loss (val) 6.9933
Epoch 240, current loss (training) 5.8724, current loss (val) 7.0894
Epoch 241, current loss (training) 5.7885, current loss (val) 7.2488
Epoch 242, current loss (training) 5.7356, current loss (val) 7.0611
Epoch 243, current loss (training) 5.5986, current loss (val) 7.0363
Epoch 244, current loss (training) 5.5108, current loss (val) 7.2437
Epoch 245, current loss (training) 5.8477, current loss (val) 7.0441
Epoch 246, current loss (training) 5.9809, current loss (val) 7.0931
Epoch 247, current loss (training) 5.1792, current loss (val) 6.9702
Epoch 248, current loss (training) 5.0588, current loss (val) 7.0258
Epoch 249, current loss (training) 5.6055, current loss (val) 7.5381
Epoch 250, current loss (training) 5.4623, current loss (val) 7.3634
Epoch 251, current loss (training) 5.5269, current loss (val) 7.2772
Epoch 252, current loss (training) 5.6481, current loss (val) 7.5554
Epoch 253, current loss (training) 5.2939, current loss (val) 7.1668
Epoch 254, current loss (training) 5.6204, current loss (val) 7.0202
Epoch 255, current loss (training) 5.2677, current loss (val) 6.9653
Epoch 256, current loss (training) 5.3124, current loss (val) 7.2421
Epoch 257, current loss (training) 5.3459, current loss (val) 7.3460
Epoch 258, current loss (training) 5.2101, current loss (val) 7.0961
Epoch 259, current loss (training) 6.3811, current loss (val) 7.7572
Epoch 260, current loss (training) 7.1400, current loss (val) 8.6552
Epoch 261, current loss (training) 5.5012, current loss (val) 7.2996
Epoch 262, current loss (training) 6.2892, current loss (val) 8.2249
Epoch 263, current loss (training) 5.6841, current loss (val) 7.3409
Epoch 264, current loss (training) 5.8558, current loss (val) 7.4455
Epoch 265, current loss (training) 6.8536, current loss (val) 8.6254
Epoch 266, current loss (training) 5.9196, current loss (val) 7.7447
Epoch 267, current loss (training) 5.3603, current loss (val) 7.2302
Epoch 268, current loss (training) 5.7580, current loss (val) 7.3011
Epoch 269, current loss (training) 5.7425, current loss (val) 7.7302
Epoch 270, current loss (training) 5.1991, current loss (val) 7.1436
Epoch 271, current loss (training) 5.7063, current loss (val) 7.2977
Epoch 272, current loss (training) 5.7578, current loss (val) 7.5989
Epoch 273, current loss (training) 5.5227, current loss (val) 7.6304
Epoch 274, current loss (training) 5.5747, current loss (val) 7.2741
Epoch 275, current loss (training) 5.7879, current loss (val) 7.2019
Epoch 276, current loss (training) 5.6275, current loss (val) 7.4102
Epoch 277, current loss (training) 5.5645, current loss (val) 7.2185
Epoch 278, current loss (training) 5.5449, current loss (val) 7.0680
Epoch 279, current loss (training) 5.3992, current loss (val) 7.1712
Epoch 280, current loss (training) 5.5764, current loss (val) 7.6391
Epoch 281, current loss (training) 5.5578, current loss (val) 7.3435
Epoch 282, current loss (training) 5.1405, current loss (val) 7.3905
Epoch 283, current loss (training) 5.0920, current loss (val) 7.2186
Epoch 284, current loss (training) 5.3821, current loss (val) 7.4210
Epoch 285, current loss (training) 5.5354, current loss (val) 7.4251
Epoch 286, current loss (training) 4.9983, current loss (val) 7.2320
Epoch 287, current loss (training) 5.0890, current loss (val) 7.1565
Epoch 288, current loss (training) 5.0314, current loss (val) 7.3417
Epoch 289, current loss (training) 5.1158, current loss (val) 7.3438
Epoch 290, current loss (training) 5.5978, current loss (val) 7.4687
Epoch 291, current loss (training) 5.3712, current loss (val) 7.3821
Epoch 292, current loss (training) 5.3024, current loss (val) 7.3753
Epoch 293, current loss (training) 5.2810, current loss (val) 7.4562
Epoch 294, current loss (training) 5.6265, current loss (val) 8.0765
Epoch 295, current loss (training) 5.0724, current loss (val) 7.3605
Epoch 296, current loss (training) 5.3224, current loss (val) 7.3120
Epoch 297, current loss (training) 4.9771, current loss (val) 7.3588
Epoch 298, current loss (training) 5.1231, current loss (val) 7.1393
Epoch 299, current loss (training) 5.1434, current loss (val) 7.2161
Epoch 300, current loss (training) 5.2900, current loss (val) 7.2410
Epoch 301, current loss (training) 4.7468, current loss (val) 7.1509
Epoch 302, current loss (training) 5.4624, current loss (val) 7.1891
Epoch 303, current loss (training) 5.7029, current loss (val) 7.8781
Epoch 304, current loss (training) 5.0961, current loss (val) 7.3787
Epoch 305, current loss (training) 5.6414, current loss (val) 7.7375
Epoch 306, current loss (training) 5.5646, current loss (val) 7.1922
Epoch 307, current loss (training) 5.0806, current loss (val) 7.3140
Epoch 308, current loss (training) 5.2312, current loss (val) 7.3566
Epoch 309, current loss (training) 5.1109, current loss (val) 7.5084
Epoch 310, current loss (training) 6.1672, current loss (val) 7.8416
Epoch 311, current loss (training) 5.5582, current loss (val) 7.2909
Epoch 312, current loss (training) 5.3848, current loss (val) 7.3709
Epoch 313, current loss (training) 5.4875, current loss (val) 7.8314
Epoch 314, current loss (training) 5.3063, current loss (val) 7.3722
Epoch 315, current loss (training) 4.9312, current loss (val) 7.4608
Epoch 316, current loss (training) 5.7693, current loss (val) 7.3659
Epoch 317, current loss (training) 5.4266, current loss (val) 7.4833
Epoch 318, current loss (training) 5.2572, current loss (val) 7.4566
Epoch 319, current loss (training) 5.1389, current loss (val) 7.0898
Epoch 320, current loss (training) 5.0592, current loss (val) 7.6972
Epoch 321, current loss (training) 5.0113, current loss (val) 7.2736
Epoch 322, current loss (training) 5.3037, current loss (val) 7.9670
Epoch 323, current loss (training) 4.7474, current loss (val) 7.2677
Epoch 324, current loss (training) 5.0598, current loss (val) 7.4214
Epoch 325, current loss (training) 4.7243, current loss (val) 7.2494
Epoch 326, current loss (training) 5.0492, current loss (val) 7.6074
Epoch 327, current loss (training) 5.4232, current loss (val) 7.7108
Epoch 328, current loss (training) 4.9942, current loss (val) 7.7376
Epoch 329, current loss (training) 5.0550, current loss (val) 7.6612
Epoch 330, current loss (training) 4.9452, current loss (val) 7.5043
Epoch 331, current loss (training) 4.9069, current loss (val) 7.2857
Epoch 332, current loss (training) 4.6778, current loss (val) 7.2486
Epoch 333, current loss (training) 4.6105, current loss (val) 7.5128
Epoch 334, current loss (training) 5.7688, current loss (val) 8.5525
Epoch 335, current loss (training) 5.0534, current loss (val) 7.8436
Epoch 336, current loss (training) 5.1580, current loss (val) 8.0693
Epoch 337, current loss (training) 4.9105, current loss (val) 7.6093
Epoch 338, current loss (training) 5.6684, current loss (val) 7.6031
Epoch 339, current loss (training) 5.1497, current loss (val) 7.4306
Epoch 340, current loss (training) 5.4798, current loss (val) 7.6640
Epoch 341, current loss (training) 5.5094, current loss (val) 7.6479
Epoch 342, current loss (training) 5.0978, current loss (val) 7.4547
Epoch 343, current loss (training) 5.0115, current loss (val) 7.8448
Epoch 344, current loss (training) 5.5446, current loss (val) 8.1362
Epoch 345, current loss (training) 5.2096, current loss (val) 7.4952
Epoch 346, current loss (training) 5.5720, current loss (val) 8.0673
Epoch 347, current loss (training) 5.3728, current loss (val) 8.0074
Epoch 348, current loss (training) 5.2396, current loss (val) 7.8622
Epoch 349, current loss (training) 5.1108, current loss (val) 7.6221
Epoch 350, current loss (training) 4.8897, current loss (val) 7.3338
Epoch 351, current loss (training) 4.7521, current loss (val) 7.5395
Epoch 352, current loss (training) 4.7146, current loss (val) 7.6578
Epoch 353, current loss (training) 4.7637, current loss (val) 7.4920
Epoch 354, current loss (training) 4.9206, current loss (val) 7.5937
Epoch 355, current loss (training) 5.0114, current loss (val) 7.6537
Epoch 356, current loss (training) 4.6427, current loss (val) 7.5369
Epoch 357, current loss (training) 5.0744, current loss (val) 7.6177
Epoch 358, current loss (training) 5.3273, current loss (val) 7.6715
Epoch 359, current loss (training) 4.6514, current loss (val) 7.4307
Epoch 360, current loss (training) 4.9297, current loss (val) 7.3930
Epoch 361, current loss (training) 5.2837, current loss (val) 7.4977
Epoch 362, current loss (training) 4.8679, current loss (val) 7.5649
Epoch 363, current loss (training) 4.8356, current loss (val) 7.6016
Epoch 364, current loss (training) 5.1203, current loss (val) 7.9518
Epoch 365, current loss (training) 4.8336, current loss (val) 7.6093
Epoch 366, current loss (training) 4.8308, current loss (val) 7.8628
Epoch 367, current loss (training) 5.2720, current loss (val) 7.8650
Epoch 368, current loss (training) 5.2810, current loss (val) 8.3360
Epoch 369, current loss (training) 4.8309, current loss (val) 7.6979
Epoch 370, current loss (training) 5.3141, current loss (val) 7.7212
Epoch 371, current loss (training) 4.6326, current loss (val) 7.5158
Epoch 372, current loss (training) 5.4049, current loss (val) 8.0443
Epoch 373, current loss (training) 4.6314, current loss (val) 7.2633
Epoch 374, current loss (training) 4.8693, current loss (val) 7.7172
Epoch 375, current loss (training) 5.3941, current loss (val) 7.6545
Epoch 376, current loss (training) 4.7452, current loss (val) 7.6898
Epoch 377, current loss (training) 4.4969, current loss (val) 7.7064
Epoch 378, current loss (training) 4.7783, current loss (val) 7.5009
Epoch 379, current loss (training) 4.8820, current loss (val) 7.5290
Epoch 380, current loss (training) 5.0556, current loss (val) 7.7505
Epoch 381, current loss (training) 4.6471, current loss (val) 7.5652
Epoch 382, current loss (training) 5.2488, current loss (val) 7.5250
Epoch 383, current loss (training) 5.0489, current loss (val) 7.7463
Epoch 384, current loss (training) 4.9470, current loss (val) 7.4662
Epoch 385, current loss (training) 5.3028, current loss (val) 8.0322
Epoch 386, current loss (training) 4.6422, current loss (val) 7.6633
Epoch 387, current loss (training) 5.3850, current loss (val) 7.7730
Epoch 388, current loss (training) 5.0877, current loss (val) 7.8973
Epoch 389, current loss (training) 5.6605, current loss (val) 8.8467
Epoch 390, current loss (training) 4.6364, current loss (val) 7.7811
Epoch 391, current loss (training) 4.9007, current loss (val) 8.0343
Epoch 392, current loss (training) 4.6334, current loss (val) 7.6776
Epoch 393, current loss (training) 4.6680, current loss (val) 7.6532
Epoch 394, current loss (training) 4.4373, current loss (val) 7.5148
Epoch 395, current loss (training) 4.5325, current loss (val) 7.5968
Epoch 396, current loss (training) 4.7193, current loss (val) 7.9362
Epoch 397, current loss (training) 4.4972, current loss (val) 7.4030
Epoch 398, current loss (training) 4.4379, current loss (val) 7.6624
Epoch 399, current loss (training) 4.8621, current loss (val) 7.4770
Epoch 400, current loss (training) 4.6866, current loss (val) 7.6617
Epoch 401, current loss (training) 4.7443, current loss (val) 7.6596
Epoch 402, current loss (training) 5.0838, current loss (val) 7.7679
Epoch 403, current loss (training) 4.8099, current loss (val) 7.7231
Epoch 404, current loss (training) 4.5142, current loss (val) 7.5434
Epoch 405, current loss (training) 5.0312, current loss (val) 8.1260
Epoch 406, current loss (training) 4.3441, current loss (val) 7.8833
Epoch 407, current loss (training) 5.1918, current loss (val) 7.5305
Epoch 408, current loss (training) 5.1253, current loss (val) 7.7035
Epoch 409, current loss (training) 4.6936, current loss (val) 7.5222
Epoch 410, current loss (training) 4.3461, current loss (val) 7.6016
Epoch 411, current loss (training) 4.3259, current loss (val) 7.6795
Epoch 412, current loss (training) 4.4512, current loss (val) 7.8110
Epoch 413, current loss (training) 4.4906, current loss (val) 7.9702
Epoch 414, current loss (training) 4.4343, current loss (val) 7.9795
Epoch 415, current loss (training) 4.6574, current loss (val) 8.1116
Epoch 416, current loss (training) 4.5643, current loss (val) 7.9608
Epoch 417, current loss (training) 4.6754, current loss (val) 8.1425
Epoch 418, current loss (training) 4.6065, current loss (val) 8.3083
Epoch 419, current loss (training) 4.4016, current loss (val) 7.7970
Epoch 420, current loss (training) 4.5663, current loss (val) 7.9873
Epoch 421, current loss (training) 5.0690, current loss (val) 8.7142
Epoch 422, current loss (training) 5.3363, current loss (val) 8.7440
Epoch 423, current loss (training) 4.7923, current loss (val) 8.1699
Epoch 424, current loss (training) 4.6976, current loss (val) 8.0210
Epoch 425, current loss (training) 4.7150, current loss (val) 8.2486
Epoch 426, current loss (training) 4.5314, current loss (val) 7.7848
Epoch 427, current loss (training) 4.3532, current loss (val) 7.7024
Epoch 428, current loss (training) 4.6451, current loss (val) 8.2166
Epoch 429, current loss (training) 4.5856, current loss (val) 7.9069
Epoch 430, current loss (training) 5.6120, current loss (val) 8.4739
Epoch 431, current loss (training) 5.2389, current loss (val) 7.9276
Epoch 432, current loss (training) 5.4329, current loss (val) 7.7671
Epoch 433, current loss (training) 4.5852, current loss (val) 7.7221
Epoch 434, current loss (training) 4.9349, current loss (val) 8.5730
Epoch 435, current loss (training) 4.4442, current loss (val) 7.7539
Epoch 436, current loss (training) 4.5292, current loss (val) 7.5264
Epoch 437, current loss (training) 4.3529, current loss (val) 7.6064
Epoch 438, current loss (training) 4.2347, current loss (val) 7.7361
Epoch 439, current loss (training) 4.3792, current loss (val) 7.6389
Epoch 440, current loss (training) 4.4474, current loss (val) 7.8985
Epoch 441, current loss (training) 4.2921, current loss (val) 7.8388
Epoch 442, current loss (training) 5.0262, current loss (val) 8.8550
Epoch 443, current loss (training) 4.6538, current loss (val) 8.3411
Epoch 444, current loss (training) 4.5888, current loss (val) 8.1869
Epoch 445, current loss (training) 4.0897, current loss (val) 7.6710
Epoch 446, current loss (training) 4.1107, current loss (val) 7.8790
Epoch 447, current loss (training) 4.1272, current loss (val) 7.6024
Epoch 448, current loss (training) 4.1773, current loss (val) 7.9106
Epoch 449, current loss (training) 4.3533, current loss (val) 8.2404
Epoch 450, current loss (training) 4.5633, current loss (val) 7.8335
Epoch 451, current loss (training) 4.6793, current loss (val) 7.8804
Epoch 452, current loss (training) 5.0931, current loss (val) 8.1628
Epoch 453, current loss (training) 5.1991, current loss (val) 8.6323
Epoch 454, current loss (training) 4.5118, current loss (val) 8.1150
Epoch 455, current loss (training) 4.7853, current loss (val) 8.3198
Epoch 456, current loss (training) 4.4823, current loss (val) 8.0624
Epoch 457, current loss (training) 5.3431, current loss (val) 8.7016
Epoch 458, current loss (training) 5.0070, current loss (val) 8.3570
Epoch 459, current loss (training) 5.2498, current loss (val) 8.5255
Epoch 460, current loss (training) 4.5977, current loss (val) 7.6465
Epoch 461, current loss (training) 4.9453, current loss (val) 8.3101
Epoch 462, current loss (training) 4.4324, current loss (val) 8.1327
Epoch 463, current loss (training) 5.1088, current loss (val) 7.9734
Epoch 464, current loss (training) 4.6031, current loss (val) 7.7955
Epoch 465, current loss (training) 4.4372, current loss (val) 7.9737
Epoch 466, current loss (training) 4.4100, current loss (val) 7.6955
Epoch 467, current loss (training) 4.2704, current loss (val) 7.6391
Epoch 468, current loss (training) 4.3798, current loss (val) 7.7420
Epoch 469, current loss (training) 4.0772, current loss (val) 7.7554
Epoch 470, current loss (training) 4.0749, current loss (val) 7.8770
Epoch 471, current loss (training) 4.5882, current loss (val) 7.7892
Epoch 472, current loss (training) 4.5772, current loss (val) 7.7757
Epoch 473, current loss (training) 4.1168, current loss (val) 8.1859
Epoch 474, current loss (training) 4.4974, current loss (val) 7.9089
Epoch 475, current loss (training) 5.1116, current loss (val) 8.5224
Epoch 476, current loss (training) 4.7752, current loss (val) 7.9659
Epoch 477, current loss (training) 5.1117, current loss (val) 8.3120
Epoch 478, current loss (training) 4.2865, current loss (val) 8.0433
Epoch 479, current loss (training) 4.7078, current loss (val) 8.2406
Epoch 480, current loss (training) 4.0893, current loss (val) 7.8798
Epoch 481, current loss (training) 4.4922, current loss (val) 7.7046
Epoch 482, current loss (training) 4.3164, current loss (val) 7.8753
Epoch 483, current loss (training) 4.2504, current loss (val) 7.9339
Epoch 484, current loss (training) 5.0402, current loss (val) 8.1982
Epoch 485, current loss (training) 4.1354, current loss (val) 7.8919
Epoch 486, current loss (training) 4.1144, current loss (val) 7.7014
Epoch 487, current loss (training) 4.2565, current loss (val) 7.8989
Epoch 488, current loss (training) 4.2431, current loss (val) 7.9014
Epoch 489, current loss (training) 4.5672, current loss (val) 8.3067
Epoch 490, current loss (training) 4.0470, current loss (val) 7.7414
Epoch 491, current loss (training) 4.0748, current loss (val) 8.1927
Epoch 492, current loss (training) 4.1190, current loss (val) 8.1381
Epoch 493, current loss (training) 4.1731, current loss (val) 8.3038
Epoch 494, current loss (training) 4.7979, current loss (val) 8.8978
Epoch 495, current loss (training) 4.9455, current loss (val) 8.9049
Epoch 496, current loss (training) 5.9439, current loss (val) 10.2137
Epoch 497, current loss (training) 4.5537, current loss (val) 8.2793
Epoch 498, current loss (training) 4.2271, current loss (val) 8.2873
Epoch 499, current loss (training) 4.0469, current loss (val) 8.1915
Epoch 500, current loss (training) 4.4750, current loss (val) 8.2361
run_time_first_training_cycle:  1335.28 

Epochs 500, batch size, 200
Nbr training obs 1000, nbr parameters 22214, obs/parameters 0.05

Starting abc-rs
Percentage done:  10.00 %
Percentage done:  20.00 %
Percentage done:  30.00 %
Percentage done:  40.00 %
Percentage done:  50.00 %
Percentage done:  60.00 %
Percentage done:  70.00 %
Percentage done:  80.00 %
Percentage done:  90.00 %
Percentage done:  100.00 %
Ending abc-rs
end script
Round:1
Round:5
Starting abc-rs
Percentage done:  10.00 %
Percentage done:  20.00 %
Percentage done:  30.00 %
Percentage done:  40.00 %
Percentage done:  50.00 %
Percentage done:  60.00 %
Percentage done:  70.00 %
Percentage done:  80.00 %
Percentage done:  90.00 %
Percentage done:  100.00 %
Ending abc-rs
259.841493 seconds (6.98 M allocations: 120.537 GiB, 1.87% gc time)
Round:9
Starting abc-rs
Percentage done:  10.00 %
Percentage done:  20.00 %
Percentage done:  30.00 %
Percentage done:  40.00 %
Percentage done:  50.00 %
Percentage done:  60.00 %
Percentage done:  70.00 %
Percentage done:  80.00 %
Percentage done:  90.00 %
Percentage done:  100.00 %
Ending abc-rs
252.657886 seconds (4.50 M allocations: 120.422 GiB, 1.84% gc time)
Round:13
Starting abc-rs
Percentage done:  10.00 %
Percentage done:  20.00 %
Percentage done:  30.00 %
Percentage done:  40.00 %
Percentage done:  50.00 %
Percentage done:  60.00 %
Percentage done:  70.00 %
Percentage done:  80.00 %
Percentage done:  90.00 %
Percentage done:  100.00 %
Ending abc-rs
253.684624 seconds (4.50 M allocations: 120.422 GiB, 1.86% gc time)
Round:17
Starting abc-rs
Percentage done:  10.00 %
Percentage done:  20.00 %
Percentage done:  30.00 %
Percentage done:  40.00 %
Percentage done:  50.00 %
Percentage done:  60.00 %
Percentage done:  70.00 %
Percentage done:  80.00 %
Percentage done:  90.00 %
Percentage done:  100.00 %
Ending abc-rs
254.162079 seconds (4.50 M allocations: 120.422 GiB, 1.83% gc time)
Round:21
Starting abc-rs
Percentage done:  10.00 %
Percentage done:  20.00 %
Percentage done:  30.00 %
Percentage done:  40.00 %
Percentage done:  50.00 %
Percentage done:  60.00 %
Percentage done:  70.00 %
Percentage done:  80.00 %
Percentage done:  90.00 %
Percentage done:  100.00 %
Ending abc-rs
254.631382 seconds (4.50 M allocations: 120.422 GiB, 1.84% gc time)
Round:25
Starting abc-rs
Percentage done:  10.00 %
Percentage done:  20.00 %
Percentage done:  30.00 %
Percentage done:  40.00 %
Percentage done:  50.00 %
Percentage done:  60.00 %
Percentage done:  70.00 %
Percentage done:  80.00 %
Percentage done:  90.00 %
Percentage done:  100.00 %
Ending abc-rs
256.483435 seconds (4.50 M allocations: 120.422 GiB, 1.82% gc time)
Round:29
Starting abc-rs
Percentage done:  10.00 %
Percentage done:  20.00 %
Percentage done:  30.00 %
Percentage done:  40.00 %
Percentage done:  50.00 %
Percentage done:  60.00 %
Percentage done:  70.00 %
Percentage done:  80.00 %
Percentage done:  90.00 %
Percentage done:  100.00 %
Ending abc-rs
257.433704 seconds (4.50 M allocations: 120.422 GiB, 1.84% gc time)
Round:33
Starting abc-rs
Percentage done:  10.00 %
Percentage done:  20.00 %
Percentage done:  30.00 %
Percentage done:  40.00 %
Percentage done:  50.00 %
Percentage done:  60.00 %
Percentage done:  70.00 %
Percentage done:  80.00 %
Percentage done:  90.00 %
Percentage done:  100.00 %
Ending abc-rs
254.249584 seconds (4.50 M allocations: 120.422 GiB, 1.81% gc time)
Round:37
Starting abc-rs
Percentage done:  10.00 %
Percentage done:  20.00 %
Percentage done:  30.00 %
Percentage done:  40.00 %
Percentage done:  50.00 %
Percentage done:  60.00 %
Percentage done:  70.00 %
Percentage done:  80.00 %
Percentage done:  90.00 %
Percentage done:  100.00 %
Ending abc-rs
254.599082 seconds (4.50 M allocations: 120.422 GiB, 1.83% gc time)
Round:41
Starting abc-rs
Percentage done:  10.00 %
Percentage done:  20.00 %
Percentage done:  30.00 %
Percentage done:  40.00 %
Percentage done:  50.00 %
Percentage done:  60.00 %
Percentage done:  70.00 %
Percentage done:  80.00 %
Percentage done:  90.00 %
Percentage done:  100.00 %
Ending abc-rs
255.196323 seconds (4.50 M allocations: 120.422 GiB, 1.79% gc time)
Round:45
Starting abc-rs
Percentage done:  10.00 %
Percentage done:  20.00 %
Percentage done:  30.00 %
Percentage done:  40.00 %
Percentage done:  50.00 %
Percentage done:  60.00 %
Percentage done:  70.00 %
Percentage done:  80.00 %
Percentage done:  90.00 %
Percentage done:  100.00 %
Ending abc-rs
257.816047 seconds (4.50 M allocations: 120.422 GiB, 1.82% gc time)
Round:49
Starting abc-rs
Percentage done:  10.00 %
Percentage done:  20.00 %
Percentage done:  30.00 %
Percentage done:  40.00 %
Percentage done:  50.00 %
Percentage done:  60.00 %
Percentage done:  70.00 %
Percentage done:  80.00 %
Percentage done:  90.00 %
Percentage done:  100.00 %
Ending abc-rs
255.619763 seconds (4.50 M allocations: 120.422 GiB, 1.80% gc time)
Round:53
Starting abc-rs
Percentage done:  10.00 %
Percentage done:  20.00 %
Percentage done:  30.00 %
Percentage done:  40.00 %
Percentage done:  50.00 %
Percentage done:  60.00 %
Percentage done:  70.00 %
Percentage done:  80.00 %
Percentage done:  90.00 %
Percentage done:  100.00 %
Ending abc-rs
256.549208 seconds (4.50 M allocations: 120.422 GiB, 1.82% gc time)
Round:57
Starting abc-rs
Percentage done:  10.00 %
Percentage done:  20.00 %
Percentage done:  30.00 %
Percentage done:  40.00 %
Percentage done:  50.00 %
Percentage done:  60.00 %
Percentage done:  70.00 %
Percentage done:  80.00 %
Percentage done:  90.00 %
Percentage done:  100.00 %
Ending abc-rs
255.506720 seconds (4.50 M allocations: 120.422 GiB, 1.80% gc time)
Round:61
Starting abc-rs
Percentage done:  10.00 %
Percentage done:  20.00 %
Percentage done:  30.00 %
Percentage done:  40.00 %
Percentage done:  50.00 %
Percentage done:  60.00 %
Percentage done:  70.00 %
Percentage done:  80.00 %
Percentage done:  90.00 %
Percentage done:  100.00 %
Ending abc-rs
257.340402 seconds (4.50 M allocations: 120.422 GiB, 1.83% gc time)
Round:65
Starting abc-rs
Percentage done:  10.00 %
Percentage done:  20.00 %
Percentage done:  30.00 %
Percentage done:  40.00 %
Percentage done:  50.00 %
Percentage done:  60.00 %
Percentage done:  70.00 %
Percentage done:  80.00 %
Percentage done:  90.00 %
Percentage done:  100.00 %
Ending abc-rs
255.182058 seconds (4.50 M allocations: 120.422 GiB, 1.81% gc time)
Round:69
Starting abc-rs
Percentage done:  10.00 %
Percentage done:  20.00 %
Percentage done:  30.00 %
Percentage done:  40.00 %
Percentage done:  50.00 %
Percentage done:  60.00 %
Percentage done:  70.00 %
Percentage done:  80.00 %
Percentage done:  90.00 %
Percentage done:  100.00 %
Ending abc-rs
255.342843 seconds (4.50 M allocations: 120.422 GiB, 1.83% gc time)
Round:73
Starting abc-rs
Percentage done:  10.00 %
Percentage done:  20.00 %
Percentage done:  30.00 %
Percentage done:  40.00 %
Percentage done:  50.00 %
Percentage done:  60.00 %
Percentage done:  70.00 %
Percentage done:  80.00 %
Percentage done:  90.00 %
Percentage done:  100.00 %
Ending abc-rs
255.526131 seconds (4.50 M allocations: 120.422 GiB, 1.80% gc time)
Round:77
Starting abc-rs
Percentage done:  10.00 %
Percentage done:  20.00 %
Percentage done:  30.00 %
Percentage done:  40.00 %
Percentage done:  50.00 %
Percentage done:  60.00 %
Percentage done:  70.00 %
Percentage done:  80.00 %
Percentage done:  90.00 %
Percentage done:  100.00 %
Ending abc-rs
259.015475 seconds (4.50 M allocations: 120.422 GiB, 1.83% gc time)
Round:81
Starting abc-rs
Percentage done:  10.00 %
Percentage done:  20.00 %
Percentage done:  30.00 %
Percentage done:  40.00 %
Percentage done:  50.00 %
Percentage done:  60.00 %
Percentage done:  70.00 %
Percentage done:  80.00 %
Percentage done:  90.00 %
Percentage done:  100.00 %
Ending abc-rs
257.888923 seconds (4.50 M allocations: 120.422 GiB, 1.81% gc time)
Round:85
Starting abc-rs
Percentage done:  10.00 %
Percentage done:  20.00 %
Percentage done:  30.00 %
Percentage done:  40.00 %
Percentage done:  50.00 %
Percentage done:  60.00 %
Percentage done:  70.00 %
Percentage done:  80.00 %
Percentage done:  90.00 %
Percentage done:  100.00 %
Ending abc-rs
257.825944 seconds (4.50 M allocations: 120.422 GiB, 1.82% gc time)
Round:89
Starting abc-rs
Percentage done:  10.00 %
Percentage done:  20.00 %
Percentage done:  30.00 %
Percentage done:  40.00 %
Percentage done:  50.00 %
Percentage done:  60.00 %
Percentage done:  70.00 %
Percentage done:  80.00 %
Percentage done:  90.00 %
Percentage done:  100.00 %
Ending abc-rs
256.819837 seconds (4.50 M allocations: 120.422 GiB, 1.80% gc time)
Round:93
Starting abc-rs
Percentage done:  10.00 %
Percentage done:  20.00 %
Percentage done:  30.00 %
Percentage done:  40.00 %
Percentage done:  50.00 %
Percentage done:  60.00 %
Percentage done:  70.00 %
Percentage done:  80.00 %
Percentage done:  90.00 %
Percentage done:  100.00 %
Ending abc-rs
259.123870 seconds (4.50 M allocations: 120.422 GiB, 1.83% gc time)
Round:97
Starting abc-rs
Percentage done:  10.00 %
Percentage done:  20.00 %
Percentage done:  30.00 %
Percentage done:  40.00 %
Percentage done:  50.00 %
Percentage done:  60.00 %
Percentage done:  70.00 %
Percentage done:  80.00 %
Percentage done:  90.00 %
Percentage done:  100.00 %
Ending abc-rs
258.311590 seconds (4.50 M allocations: 120.422 GiB, 1.80% gc time)
Round:101
Starting abc-rs
Percentage done:  10.00 %
Percentage done:  20.00 %
Percentage done:  30.00 %
Percentage done:  40.00 %
Percentage done:  50.00 %
Percentage done:  60.00 %
Percentage done:  70.00 %
Percentage done:  80.00 %
Percentage done:  90.00 %
Percentage done:  100.00 %
Ending abc-rs
257.940064 seconds (4.50 M allocations: 120.422 GiB, 1.82% gc time)
Round:105
Starting abc-rs
Percentage done:  10.00 %
Percentage done:  20.00 %
Percentage done:  30.00 %
Percentage done:  40.00 %
Percentage done:  50.00 %
Percentage done:  60.00 %
Percentage done:  70.00 %
Percentage done:  80.00 %
Percentage done:  90.00 %
Percentage done:  100.00 %
Ending abc-rs
256.384931 seconds (4.50 M allocations: 120.422 GiB, 1.79% gc time)
Round:109
Starting abc-rs
Percentage done:  10.00 %
Percentage done:  20.00 %
Percentage done:  30.00 %
Percentage done:  40.00 %
Percentage done:  50.00 %
Percentage done:  60.00 %
Percentage done:  70.00 %
Percentage done:  80.00 %
Percentage done:  90.00 %
Percentage done:  100.00 %
Ending abc-rs
259.649821 seconds (4.50 M allocations: 120.422 GiB, 1.82% gc time)
Round:113
Starting abc-rs
Percentage done:  10.00 %
Percentage done:  20.00 %
Percentage done:  30.00 %
Percentage done:  40.00 %
Percentage done:  50.00 %
Percentage done:  60.00 %
Percentage done:  70.00 %
Percentage done:  80.00 %
Percentage done:  90.00 %
Percentage done:  100.00 %
Ending abc-rs
258.310929 seconds (4.50 M allocations: 120.422 GiB, 1.79% gc time)
Round:117
Starting abc-rs
Percentage done:  10.00 %
Percentage done:  20.00 %
Percentage done:  30.00 %
Percentage done:  40.00 %
Percentage done:  50.00 %
Percentage done:  60.00 %
Percentage done:  70.00 %
Percentage done:  80.00 %
Percentage done:  90.00 %
Percentage done:  100.00 %
Ending abc-rs
258.115360 seconds (4.50 M allocations: 120.422 GiB, 1.82% gc time)
Round:121
Starting abc-rs
Percentage done:  10.00 %
Percentage done:  20.00 %
Percentage done:  30.00 %
Percentage done:  40.00 %
Percentage done:  50.00 %
Percentage done:  60.00 %
Percentage done:  70.00 %
Percentage done:  80.00 %
Percentage done:  90.00 %
Percentage done:  100.00 %
Ending abc-rs
256.945565 seconds (4.50 M allocations: 120.422 GiB, 1.80% gc time)
Round:125
Starting abc-rs
Percentage done:  10.00 %
Percentage done:  20.00 %
Percentage done:  30.00 %
Percentage done:  40.00 %
Percentage done:  50.00 %
Percentage done:  60.00 %
Percentage done:  70.00 %
Percentage done:  80.00 %
Percentage done:  90.00 %
Percentage done:  100.00 %
Ending abc-rs
260.571680 seconds (4.50 M allocations: 120.422 GiB, 1.82% gc time)
Round:129
Starting abc-rs
Percentage done:  10.00 %
Percentage done:  20.00 %
Percentage done:  30.00 %
Percentage done:  40.00 %
Percentage done:  50.00 %
Percentage done:  60.00 %
Percentage done:  70.00 %
Percentage done:  80.00 %
Percentage done:  90.00 %
Percentage done:  100.00 %
Ending abc-rs
259.263625 seconds (4.50 M allocations: 120.422 GiB, 1.80% gc time)
Round:133
Starting abc-rs
Percentage done:  10.00 %
Percentage done:  20.00 %
Percentage done:  30.00 %
Percentage done:  40.00 %
Percentage done:  50.00 %
Percentage done:  60.00 %
Percentage done:  70.00 %
Percentage done:  80.00 %
Percentage done:  90.00 %
Percentage done:  100.00 %
Ending abc-rs
258.803784 seconds (4.50 M allocations: 120.422 GiB, 1.82% gc time)
Round:137
Starting abc-rs
Percentage done:  10.00 %
Percentage done:  20.00 %
Percentage done:  30.00 %
Percentage done:  40.00 %
Percentage done:  50.00 %
Percentage done:  60.00 %
Percentage done:  70.00 %
Percentage done:  80.00 %
Percentage done:  90.00 %
Percentage done:  100.00 %
Ending abc-rs
257.580407 seconds (4.50 M allocations: 120.422 GiB, 1.81% gc time)
Round:141
Starting abc-rs
Percentage done:  10.00 %
Percentage done:  20.00 %
Percentage done:  30.00 %
Percentage done:  40.00 %
Percentage done:  50.00 %
Percentage done:  60.00 %
Percentage done:  70.00 %
Percentage done:  80.00 %
Percentage done:  90.00 %
Percentage done:  100.00 %
Ending abc-rs
259.997499 seconds (4.50 M allocations: 120.422 GiB, 1.83% gc time)
Round:145
Starting abc-rs
Percentage done:  10.00 %
Percentage done:  20.00 %
Percentage done:  30.00 %
Percentage done:  40.00 %
Percentage done:  50.00 %
Percentage done:  60.00 %
Percentage done:  70.00 %
Percentage done:  80.00 %
Percentage done:  90.00 %
Percentage done:  100.00 %
Ending abc-rs
259.487201 seconds (4.50 M allocations: 120.422 GiB, 1.82% gc time)
Round:149
Starting abc-rs
Percentage done:  10.00 %
Percentage done:  20.00 %
Percentage done:  30.00 %
Percentage done:  40.00 %
Percentage done:  50.00 %
Percentage done:  60.00 %
Percentage done:  70.00 %
Percentage done:  80.00 %
Percentage done:  90.00 %
Percentage done:  100.00 %
Ending abc-rs
259.265073 seconds (4.50 M allocations: 120.422 GiB, 1.83% gc time)
Round:153
Starting abc-rs
Percentage done:  10.00 %
Percentage done:  20.00 %
Percentage done:  30.00 %
Percentage done:  40.00 %
Percentage done:  50.00 %
Percentage done:  60.00 %
Percentage done:  70.00 %
Percentage done:  80.00 %
Percentage done:  90.00 %
Percentage done:  100.00 %
Ending abc-rs
257.112900 seconds (4.50 M allocations: 120.422 GiB, 1.80% gc time)
Round:157
Starting abc-rs
Percentage done:  10.00 %
Percentage done:  20.00 %
Percentage done:  30.00 %
Percentage done:  40.00 %
Percentage done:  50.00 %
Percentage done:  60.00 %
Percentage done:  70.00 %
Percentage done:  80.00 %
Percentage done:  90.00 %
Percentage done:  100.00 %
Ending abc-rs
260.754469 seconds (4.50 M allocations: 120.422 GiB, 1.84% gc time)
Round:161
Starting abc-rs
Percentage done:  10.00 %
Percentage done:  20.00 %
Percentage done:  30.00 %
Percentage done:  40.00 %
Percentage done:  50.00 %
Percentage done:  60.00 %
Percentage done:  70.00 %
Percentage done:  80.00 %
Percentage done:  90.00 %
Percentage done:  100.00 %
Ending abc-rs
258.908401 seconds (4.50 M allocations: 120.422 GiB, 1.82% gc time)
Round:165
Starting abc-rs
Percentage done:  10.00 %
Percentage done:  20.00 %
Percentage done:  30.00 %
Percentage done:  40.00 %
Percentage done:  50.00 %
Percentage done:  60.00 %
Percentage done:  70.00 %
Percentage done:  80.00 %
Percentage done:  90.00 %
Percentage done:  100.00 %
Ending abc-rs
258.419097 seconds (4.50 M allocations: 120.422 GiB, 1.85% gc time)
Round:169
Starting abc-rs
Percentage done:  10.00 %
Percentage done:  20.00 %
Percentage done:  30.00 %
Percentage done:  40.00 %
Percentage done:  50.00 %
Percentage done:  60.00 %
Percentage done:  70.00 %
Percentage done:  80.00 %
Percentage done:  90.00 %
Percentage done:  100.00 %
Ending abc-rs
256.746251 seconds (4.50 M allocations: 120.422 GiB, 1.81% gc time)
Round:173
Starting abc-rs
Percentage done:  10.00 %
Percentage done:  20.00 %
Percentage done:  30.00 %
Percentage done:  40.00 %
Percentage done:  50.00 %
Percentage done:  60.00 %
Percentage done:  70.00 %
Percentage done:  80.00 %
Percentage done:  90.00 %
Percentage done:  100.00 %
Ending abc-rs
259.747492 seconds (4.50 M allocations: 120.422 GiB, 1.83% gc time)
Round:177
Starting abc-rs
Percentage done:  10.00 %
Percentage done:  20.00 %
Percentage done:  30.00 %
Percentage done:  40.00 %
Percentage done:  50.00 %
Percentage done:  60.00 %
Percentage done:  70.00 %
Percentage done:  80.00 %
Percentage done:  90.00 %
Percentage done:  100.00 %
Ending abc-rs
258.412701 seconds (4.50 M allocations: 120.422 GiB, 1.81% gc time)
Round:181
Starting abc-rs
Percentage done:  10.00 %
Percentage done:  20.00 %
Percentage done:  30.00 %
Percentage done:  40.00 %
Percentage done:  50.00 %
Percentage done:  60.00 %
Percentage done:  70.00 %
Percentage done:  80.00 %
Percentage done:  90.00 %
Percentage done:  100.00 %
Ending abc-rs
257.812330 seconds (4.50 M allocations: 120.422 GiB, 1.83% gc time)
Round:185
Starting abc-rs
Percentage done:  10.00 %
Percentage done:  20.00 %
Percentage done:  30.00 %
Percentage done:  40.00 %
Percentage done:  50.00 %
Percentage done:  60.00 %
Percentage done:  70.00 %
Percentage done:  80.00 %
Percentage done:  90.00 %
Percentage done:  100.00 %
Ending abc-rs
256.477547 seconds (4.50 M allocations: 120.422 GiB, 1.80% gc time)
Round:189
Starting abc-rs
Percentage done:  10.00 %
Percentage done:  20.00 %
Percentage done:  30.00 %
Percentage done:  40.00 %
Percentage done:  50.00 %
Percentage done:  60.00 %
Percentage done:  70.00 %
Percentage done:  80.00 %
Percentage done:  90.00 %
Percentage done:  100.00 %
Ending abc-rs
259.652019 seconds (4.50 M allocations: 120.422 GiB, 1.83% gc time)
Round:193
Starting abc-rs
Percentage done:  10.00 %
Percentage done:  20.00 %
Percentage done:  30.00 %
Percentage done:  40.00 %
Percentage done:  50.00 %
Percentage done:  60.00 %
Percentage done:  70.00 %
Percentage done:  80.00 %
Percentage done:  90.00 %
Percentage done:  100.00 %
Ending abc-rs
258.580025 seconds (4.50 M allocations: 120.422 GiB, 1.82% gc time)
Round:197
Starting abc-rs
Percentage done:  10.00 %
Percentage done:  20.00 %
Percentage done:  30.00 %
Percentage done:  40.00 %
Percentage done:  50.00 %
Percentage done:  60.00 %
Percentage done:  70.00 %
Percentage done:  80.00 %
Percentage done:  90.00 %
Percentage done:  100.00 %
Ending abc-rs
258.023516 seconds (4.50 M allocations: 120.422 GiB, 1.84% gc time)
Round:201
Starting abc-rs
Percentage done:  10.00 %
Percentage done:  20.00 %
Percentage done:  30.00 %
Percentage done:  40.00 %
Percentage done:  50.00 %
Percentage done:  60.00 %
Percentage done:  70.00 %
Percentage done:  80.00 %
Percentage done:  90.00 %
Percentage done:  100.00 %
Ending abc-rs
256.492152 seconds (4.50 M allocations: 120.422 GiB, 1.82% gc time)
Round:205
Starting abc-rs
Percentage done:  10.00 %
Percentage done:  20.00 %
Percentage done:  30.00 %
Percentage done:  40.00 %
Percentage done:  50.00 %
Percentage done:  60.00 %
Percentage done:  70.00 %
Percentage done:  80.00 %
Percentage done:  90.00 %
Percentage done:  100.00 %
Ending abc-rs
258.876493 seconds (4.50 M allocations: 120.422 GiB, 1.94% gc time)
Round:209
Starting abc-rs
Percentage done:  10.00 %
Percentage done:  20.00 %
Percentage done:  30.00 %
Percentage done:  40.00 %
Percentage done:  50.00 %
Percentage done:  60.00 %
Percentage done:  70.00 %
Percentage done:  80.00 %
Percentage done:  90.00 %
Percentage done:  100.00 %
Ending abc-rs
256.580814 seconds (4.50 M allocations: 120.422 GiB, 1.79% gc time)
Round:213
Starting abc-rs
Percentage done:  10.00 %
Percentage done:  20.00 %
Percentage done:  30.00 %
Percentage done:  40.00 %
Percentage done:  50.00 %
Percentage done:  60.00 %
Percentage done:  70.00 %
Percentage done:  80.00 %
Percentage done:  90.00 %
Percentage done:  100.00 %
Ending abc-rs
258.407750 seconds (4.50 M allocations: 120.422 GiB, 1.81% gc time)
Round:217
Starting abc-rs
Percentage done:  10.00 %
Percentage done:  20.00 %
Percentage done:  30.00 %
Percentage done:  40.00 %
Percentage done:  50.00 %
Percentage done:  60.00 %
Percentage done:  70.00 %
Percentage done:  80.00 %
Percentage done:  90.00 %
Percentage done:  100.00 %
Ending abc-rs
252.285892 seconds (4.50 M allocations: 120.422 GiB, 1.80% gc time)
Round:221
Starting abc-rs
Percentage done:  10.00 %
Percentage done:  20.00 %
Percentage done:  30.00 %
Percentage done:  40.00 %
Percentage done:  50.00 %
Percentage done:  60.00 %
Percentage done:  70.00 %
Percentage done:  80.00 %
Percentage done:  90.00 %
Percentage done:  100.00 %
Ending abc-rs
253.617108 seconds (4.50 M allocations: 120.422 GiB, 1.83% gc time)
Round:225
Starting abc-rs
Percentage done:  10.00 %
Percentage done:  20.00 %
Percentage done:  30.00 %
Percentage done:  40.00 %
Percentage done:  50.00 %
Percentage done:  60.00 %
Percentage done:  70.00 %
Percentage done:  80.00 %
Percentage done:  90.00 %
Percentage done:  100.00 %
Ending abc-rs
251.696348 seconds (4.50 M allocations: 120.422 GiB, 1.80% gc time)
Round:229
Starting abc-rs
Percentage done:  10.00 %
Percentage done:  20.00 %
Percentage done:  30.00 %
Percentage done:  40.00 %
Percentage done:  50.00 %
Percentage done:  60.00 %
Percentage done:  70.00 %
Percentage done:  80.00 %
Percentage done:  90.00 %
Percentage done:  100.00 %
Ending abc-rs
252.657649 seconds (4.50 M allocations: 120.422 GiB, 1.82% gc time)
Round:233
Starting abc-rs
Percentage done:  10.00 %
Percentage done:  20.00 %
Percentage done:  30.00 %
Percentage done:  40.00 %
Percentage done:  50.00 %
Percentage done:  60.00 %
Percentage done:  70.00 %
Percentage done:  80.00 %
Percentage done:  90.00 %
Percentage done:  100.00 %
Ending abc-rs
254.552131 seconds (4.50 M allocations: 120.422 GiB, 1.79% gc time)
Round:237
Starting abc-rs
Percentage done:  10.00 %
Percentage done:  20.00 %
Percentage done:  30.00 %
Percentage done:  40.00 %
Percentage done:  50.00 %
Percentage done:  60.00 %
Percentage done:  70.00 %
Percentage done:  80.00 %
Percentage done:  90.00 %
Percentage done:  100.00 %
Ending abc-rs
256.197540 seconds (4.50 M allocations: 120.422 GiB, 1.80% gc time)
Round:241
Starting abc-rs
Percentage done:  10.00 %
Percentage done:  20.00 %
Percentage done:  30.00 %
Percentage done:  40.00 %
Percentage done:  50.00 %
Percentage done:  60.00 %
Percentage done:  70.00 %
Percentage done:  80.00 %
Percentage done:  90.00 %
Percentage done:  100.00 %
Ending abc-rs
254.131805 seconds (4.50 M allocations: 120.422 GiB, 1.78% gc time)
Round:245
Starting abc-rs
Percentage done:  10.00 %
Percentage done:  20.00 %
Percentage done:  30.00 %
Percentage done:  40.00 %
Percentage done:  50.00 %
Percentage done:  60.00 %
Percentage done:  70.00 %
Percentage done:  80.00 %
Percentage done:  90.00 %
Percentage done:  100.00 %
Ending abc-rs
255.383379 seconds (4.50 M allocations: 120.422 GiB, 1.80% gc time)
Round:249
Starting abc-rs
Percentage done:  10.00 %
Percentage done:  20.00 %
Percentage done:  30.00 %
Percentage done:  40.00 %
Percentage done:  50.00 %
Percentage done:  60.00 %
Percentage done:  70.00 %
Percentage done:  80.00 %
Percentage done:  90.00 %
Percentage done:  100.00 %
Ending abc-rs
254.480039 seconds (4.50 M allocations: 120.422 GiB, 1.78% gc time)
Round:253
Starting abc-rs
Percentage done:  10.00 %
Percentage done:  20.00 %
Percentage done:  30.00 %
Percentage done:  40.00 %
Percentage done:  50.00 %
Percentage done:  60.00 %
Percentage done:  70.00 %
Percentage done:  80.00 %
Percentage done:  90.00 %
Percentage done:  100.00 %
Ending abc-rs
255.319755 seconds (4.50 M allocations: 120.422 GiB, 1.81% gc time)
Round:257
Starting abc-rs
Percentage done:  10.00 %
Percentage done:  20.00 %
Percentage done:  30.00 %
Percentage done:  40.00 %
Percentage done:  50.00 %
Percentage done:  60.00 %
Percentage done:  70.00 %
Percentage done:  80.00 %
Percentage done:  90.00 %
Percentage done:  100.00 %
Ending abc-rs
253.390823 seconds (4.50 M allocations: 120.422 GiB, 1.77% gc time)
Round:261
Starting abc-rs
Percentage done:  10.00 %
Percentage done:  20.00 %
Percentage done:  30.00 %
Percentage done:  40.00 %
Percentage done:  50.00 %
Percentage done:  60.00 %
Percentage done:  70.00 %
Percentage done:  80.00 %
Percentage done:  90.00 %
Percentage done:  100.00 %
Ending abc-rs
254.211594 seconds (4.50 M allocations: 120.422 GiB, 1.80% gc time)
Round:265
Starting abc-rs
Percentage done:  10.00 %
Percentage done:  20.00 %
Percentage done:  30.00 %
Percentage done:  40.00 %
Percentage done:  50.00 %
Percentage done:  60.00 %
Percentage done:  70.00 %
Percentage done:  80.00 %
Percentage done:  90.00 %
Percentage done:  100.00 %
Ending abc-rs
254.002399 seconds (4.50 M allocations: 120.422 GiB, 1.76% gc time)
Round:269
Starting abc-rs
Percentage done:  10.00 %
Percentage done:  20.00 %
Percentage done:  30.00 %
Percentage done:  40.00 %
Percentage done:  50.00 %
Percentage done:  60.00 %
Percentage done:  70.00 %
Percentage done:  80.00 %
Percentage done:  90.00 %
Percentage done:  100.00 %
Ending abc-rs
257.610279 seconds (4.50 M allocations: 120.422 GiB, 1.79% gc time)
Round:273
Starting abc-rs
Percentage done:  10.00 %
Percentage done:  20.00 %
Percentage done:  30.00 %
Percentage done:  40.00 %
Percentage done:  50.00 %
Percentage done:  60.00 %
Percentage done:  70.00 %
Percentage done:  80.00 %
Percentage done:  90.00 %
Percentage done:  100.00 %
Ending abc-rs
257.103128 seconds (4.50 M allocations: 120.422 GiB, 1.77% gc time)
Round:277
Starting abc-rs
Percentage done:  10.00 %
Percentage done:  20.00 %
Percentage done:  30.00 %
Percentage done:  40.00 %
Percentage done:  50.00 %
Percentage done:  60.00 %
Percentage done:  70.00 %
Percentage done:  80.00 %
Percentage done:  90.00 %
Percentage done:  100.00 %
Ending abc-rs
259.473528 seconds (4.50 M allocations: 120.422 GiB, 1.79% gc time)
Round:281
Starting abc-rs
Percentage done:  10.00 %
Percentage done:  20.00 %
Percentage done:  30.00 %
Percentage done:  40.00 %
Percentage done:  50.00 %
Percentage done:  60.00 %
Percentage done:  70.00 %
Percentage done:  80.00 %
Percentage done:  90.00 %
Percentage done:  100.00 %
Ending abc-rs
257.334845 seconds (4.50 M allocations: 120.422 GiB, 1.79% gc time)
Round:285
Starting abc-rs
Percentage done:  10.00 %
Percentage done:  20.00 %
Percentage done:  30.00 %
Percentage done:  40.00 %
Percentage done:  50.00 %
Percentage done:  60.00 %
Percentage done:  70.00 %
Percentage done:  80.00 %
Percentage done:  90.00 %
Percentage done:  100.00 %
Ending abc-rs
259.676388 seconds (4.50 M allocations: 120.422 GiB, 1.81% gc time)
Round:289
Starting abc-rs
Percentage done:  10.00 %
Percentage done:  20.00 %
Percentage done:  30.00 %
Percentage done:  40.00 %
Percentage done:  50.00 %
Percentage done:  60.00 %
Percentage done:  70.00 %
Percentage done:  80.00 %
Percentage done:  90.00 %
Percentage done:  100.00 %
Ending abc-rs
259.198658 seconds (4.50 M allocations: 120.422 GiB, 1.80% gc time)
Round:293
Starting abc-rs
Percentage done:  10.00 %
Percentage done:  20.00 %
Percentage done:  30.00 %
Percentage done:  40.00 %
Percentage done:  50.00 %
Percentage done:  60.00 %
Percentage done:  70.00 %
Percentage done:  80.00 %
Percentage done:  90.00 %
Percentage done:  100.00 %
Ending abc-rs
259.780423 seconds (4.50 M allocations: 120.422 GiB, 1.82% gc time)
Round:297
Starting abc-rs
Percentage done:  10.00 %
Percentage done:  20.00 %
Percentage done:  30.00 %
Percentage done:  40.00 %
Percentage done:  50.00 %
Percentage done:  60.00 %
Percentage done:  70.00 %
Percentage done:  80.00 %
Percentage done:  90.00 %
Percentage done:  100.00 %
Ending abc-rs
258.466704 seconds (4.50 M allocations: 120.422 GiB, 1.80% gc time)
Round:301
Starting abc-rs
Percentage done:  10.00 %
Percentage done:  20.00 %
Percentage done:  30.00 %
Percentage done:  40.00 %
Percentage done:  50.00 %
Percentage done:  60.00 %
Percentage done:  70.00 %
Percentage done:  80.00 %
Percentage done:  90.00 %
Percentage done:  100.00 %
Ending abc-rs
259.593366 seconds (4.50 M allocations: 120.422 GiB, 1.81% gc time)
Round:305
Starting abc-rs
Percentage done:  10.00 %
Percentage done:  20.00 %
Percentage done:  30.00 %
Percentage done:  40.00 %
Percentage done:  50.00 %
Percentage done:  60.00 %
Percentage done:  70.00 %
Percentage done:  80.00 %
Percentage done:  90.00 %
Percentage done:  100.00 %
Ending abc-rs
257.776502 seconds (4.50 M allocations: 120.422 GiB, 1.79% gc time)
Round:309
Starting abc-rs
Percentage done:  10.00 %
Percentage done:  20.00 %
Percentage done:  30.00 %
Percentage done:  40.00 %
Percentage done:  50.00 %
Percentage done:  60.00 %
Percentage done:  70.00 %
Percentage done:  80.00 %
Percentage done:  90.00 %
Percentage done:  100.00 %
Ending abc-rs
259.071641 seconds (4.50 M allocations: 120.422 GiB, 1.81% gc time)
Round:313
Starting abc-rs
Percentage done:  10.00 %
Percentage done:  20.00 %
Percentage done:  30.00 %
Percentage done:  40.00 %
Percentage done:  50.00 %
Percentage done:  60.00 %
Percentage done:  70.00 %
Percentage done:  80.00 %
Percentage done:  90.00 %
Percentage done:  100.00 %
Ending abc-rs
259.685324 seconds (4.50 M allocations: 120.422 GiB, 1.78% gc time)
Round:317
Starting abc-rs
Percentage done:  10.00 %
Percentage done:  20.00 %
Percentage done:  30.00 %
Percentage done:  40.00 %
Percentage done:  50.00 %
Percentage done:  60.00 %
Percentage done:  70.00 %
Percentage done:  80.00 %
Percentage done:  90.00 %
Percentage done:  100.00 %
Ending abc-rs
261.121273 seconds (4.50 M allocations: 120.422 GiB, 1.82% gc time)
Round:321
Starting abc-rs
Percentage done:  10.00 %
Percentage done:  20.00 %
Percentage done:  30.00 %
Percentage done:  40.00 %
Percentage done:  50.00 %
Percentage done:  60.00 %
Percentage done:  70.00 %
Percentage done:  80.00 %
Percentage done:  90.00 %
Percentage done:  100.00 %
Ending abc-rs
259.691504 seconds (4.50 M allocations: 120.422 GiB, 1.78% gc time)
Round:325
Starting abc-rs
Percentage done:  10.00 %
Percentage done:  20.00 %
Percentage done:  30.00 %
Percentage done:  40.00 %
Percentage done:  50.00 %
Percentage done:  60.00 %
Percentage done:  70.00 %
Percentage done:  80.00 %
Percentage done:  90.00 %
Percentage done:  100.00 %
Ending abc-rs
261.132650 seconds (4.50 M allocations: 120.422 GiB, 1.80% gc time)
Round:329
Starting abc-rs
Percentage done:  10.00 %
Percentage done:  20.00 %
Percentage done:  30.00 %
Percentage done:  40.00 %
Percentage done:  50.00 %
Percentage done:  60.00 %
Percentage done:  70.00 %
Percentage done:  80.00 %
Percentage done:  90.00 %
Percentage done:  100.00 %
Ending abc-rs
259.581561 seconds (4.50 M allocations: 120.422 GiB, 1.78% gc time)
Round:333
Starting abc-rs
Percentage done:  10.00 %
Percentage done:  20.00 %
Percentage done:  30.00 %
Percentage done:  40.00 %
Percentage done:  50.00 %
Percentage done:  60.00 %
Percentage done:  70.00 %
Percentage done:  80.00 %
Percentage done:  90.00 %
Percentage done:  100.00 %
Ending abc-rs
262.452876 seconds (4.50 M allocations: 120.422 GiB, 1.79% gc time)
Round:337
Starting abc-rs
Percentage done:  10.00 %
Percentage done:  20.00 %
Percentage done:  30.00 %
Percentage done:  40.00 %
Percentage done:  50.00 %
Percentage done:  60.00 %
Percentage done:  70.00 %
Percentage done:  80.00 %
Percentage done:  90.00 %
Percentage done:  100.00 %
Ending abc-rs
260.751405 seconds (4.50 M allocations: 120.422 GiB, 1.76% gc time)
Round:341
Starting abc-rs
Percentage done:  10.00 %
Percentage done:  20.00 %
Percentage done:  30.00 %
Percentage done:  40.00 %
Percentage done:  50.00 %
Percentage done:  60.00 %
Percentage done:  70.00 %
Percentage done:  80.00 %
Percentage done:  90.00 %
Percentage done:  100.00 %
Ending abc-rs
261.165851 seconds (4.50 M allocations: 120.422 GiB, 1.79% gc time)
Round:345
Starting abc-rs
Percentage done:  10.00 %
Percentage done:  20.00 %
Percentage done:  30.00 %
Percentage done:  40.00 %
Percentage done:  50.00 %
Percentage done:  60.00 %
Percentage done:  70.00 %
Percentage done:  80.00 %
Percentage done:  90.00 %
Percentage done:  100.00 %
Ending abc-rs
259.927676 seconds (4.50 M allocations: 120.422 GiB, 1.77% gc time)
Round:349
Starting abc-rs
Percentage done:  10.00 %
Percentage done:  20.00 %
Percentage done:  30.00 %
Percentage done:  40.00 %
Percentage done:  50.00 %
Percentage done:  60.00 %
Percentage done:  70.00 %
Percentage done:  80.00 %
Percentage done:  90.00 %
Percentage done:  100.00 %
Ending abc-rs
261.092569 seconds (4.50 M allocations: 120.422 GiB, 1.79% gc time)
Round:353
Starting abc-rs
Percentage done:  10.00 %
Percentage done:  20.00 %
Percentage done:  30.00 %
Percentage done:  40.00 %
Percentage done:  50.00 %
Percentage done:  60.00 %
Percentage done:  70.00 %
Percentage done:  80.00 %
Percentage done:  90.00 %
Percentage done:  100.00 %
Ending abc-rs
260.074202 seconds (4.50 M allocations: 120.422 GiB, 1.77% gc time)
Round:357
Starting abc-rs
Percentage done:  10.00 %
Percentage done:  20.00 %
Percentage done:  30.00 %
Percentage done:  40.00 %
Percentage done:  50.00 %
Percentage done:  60.00 %
Percentage done:  70.00 %
Percentage done:  80.00 %
Percentage done:  90.00 %
Percentage done:  100.00 %
Ending abc-rs
260.946737 seconds (4.50 M allocations: 120.422 GiB, 1.78% gc time)
Round:361
Starting abc-rs
Percentage done:  10.00 %
Percentage done:  20.00 %
Percentage done:  30.00 %
Percentage done:  40.00 %
Percentage done:  50.00 %
Percentage done:  60.00 %
Percentage done:  70.00 %
Percentage done:  80.00 %
Percentage done:  90.00 %
Percentage done:  100.00 %
Ending abc-rs
258.429881 seconds (4.50 M allocations: 120.422 GiB, 1.77% gc time)
Round:365
Starting abc-rs
Percentage done:  10.00 %
Percentage done:  20.00 %
Percentage done:  30.00 %
Percentage done:  40.00 %
Percentage done:  50.00 %
Percentage done:  60.00 %
Percentage done:  70.00 %
Percentage done:  80.00 %
Percentage done:  90.00 %
Percentage done:  100.00 %
Ending abc-rs
259.367458 seconds (4.50 M allocations: 120.422 GiB, 1.82% gc time)
Round:369
Starting abc-rs
Percentage done:  10.00 %
Percentage done:  20.00 %
Percentage done:  30.00 %
Percentage done:  40.00 %
Percentage done:  50.00 %
Percentage done:  60.00 %
Percentage done:  70.00 %
Percentage done:  80.00 %
Percentage done:  90.00 %
Percentage done:  100.00 %
Ending abc-rs
258.991008 seconds (4.50 M allocations: 120.422 GiB, 1.80% gc time)
Round:373
Starting abc-rs
Percentage done:  10.00 %
Percentage done:  20.00 %
Percentage done:  30.00 %
Percentage done:  40.00 %
Percentage done:  50.00 %
Percentage done:  60.00 %
Percentage done:  70.00 %
Percentage done:  80.00 %
Percentage done:  90.00 %
Percentage done:  100.00 %
Ending abc-rs
263.869470 seconds (4.50 M allocations: 120.422 GiB, 1.87% gc time)
Round:377
Starting abc-rs
Percentage done:  10.00 %
Percentage done:  20.00 %
Percentage done:  30.00 %
Percentage done:  40.00 %
Percentage done:  50.00 %
Percentage done:  60.00 %
Percentage done:  70.00 %
Percentage done:  80.00 %
Percentage done:  90.00 %
Percentage done:  100.00 %
Ending abc-rs
261.621555 seconds (4.50 M allocations: 120.422 GiB, 1.85% gc time)
Round:381
Starting abc-rs
Percentage done:  10.00 %
Percentage done:  20.00 %
Percentage done:  30.00 %
Percentage done:  40.00 %
Percentage done:  50.00 %
Percentage done:  60.00 %
Percentage done:  70.00 %
Percentage done:  80.00 %
Percentage done:  90.00 %
Percentage done:  100.00 %
Ending abc-rs
262.742516 seconds (4.50 M allocations: 120.422 GiB, 1.83% gc time)
Round:385
Starting abc-rs
Percentage done:  10.00 %
Percentage done:  20.00 %
Percentage done:  30.00 %
Percentage done:  40.00 %
Percentage done:  50.00 %
Percentage done:  60.00 %
Percentage done:  70.00 %
Percentage done:  80.00 %
Percentage done:  90.00 %
Percentage done:  100.00 %
Ending abc-rs
261.410824 seconds (4.50 M allocations: 120.422 GiB, 1.78% gc time)
Round:389
Starting abc-rs
Percentage done:  10.00 %
Percentage done:  20.00 %
Percentage done:  30.00 %
Percentage done:  40.00 %
Percentage done:  50.00 %
Percentage done:  60.00 %
Percentage done:  70.00 %
Percentage done:  80.00 %
Percentage done:  90.00 %
Percentage done:  100.00 %
Ending abc-rs
260.532789 seconds (4.50 M allocations: 120.422 GiB, 1.78% gc time)
Round:393
Starting abc-rs
Percentage done:  10.00 %
Percentage done:  20.00 %
Percentage done:  30.00 %
Percentage done:  40.00 %
Percentage done:  50.00 %
Percentage done:  60.00 %
Percentage done:  70.00 %
Percentage done:  80.00 %
Percentage done:  90.00 %
Percentage done:  100.00 %
Ending abc-rs
259.119956 seconds (4.50 M allocations: 120.422 GiB, 1.77% gc time)
Round:397
Starting abc-rs
Percentage done:  10.00 %
Percentage done:  20.00 %
Percentage done:  30.00 %
Percentage done:  40.00 %
Percentage done:  50.00 %
Percentage done:  60.00 %
Percentage done:  70.00 %
Percentage done:  80.00 %
Percentage done:  90.00 %
Percentage done:  100.00 %
Ending abc-rs
260.581910 seconds (4.50 M allocations: 120.422 GiB, 1.80% gc time)
