Tue Nov  6 18:05:16 2018       
+-----------------------------------------------------------------------------+
| NVIDIA-SMI 396.44                 Driver Version: 396.44                    |
|-------------------------------+----------------------+----------------------+
| GPU  Name        Persistence-M| Bus-Id        Disp.A | Volatile Uncorr. ECC |
| Fan  Temp  Perf  Pwr:Usage/Cap|         Memory-Usage | GPU-Util  Compute M. |
|===============================+======================+======================|
|   0  Tesla K80           On   | 00000000:04:00.0 Off |                    0 |
| N/A   44C    P0    87W / 149W |    364MiB / 11441MiB |     45%      Default |
+-------------------------------+----------------------+----------------------+
|   1  Tesla K80           On   | 00000000:05:00.0 Off |                    0 |
| N/A   82C    P0   148W / 149W |   2947MiB / 11441MiB |     88%      Default |
+-------------------------------+----------------------+----------------------+
|   2  Tesla K80           On   | 00000000:84:00.0 Off |                    0 |
| N/A   39C    P0    65W / 149W |     73MiB / 11441MiB |      0%      Default |
+-------------------------------+----------------------+----------------------+
|   3  Tesla K80           On   | 00000000:85:00.0 Off |                    0 |
| N/A   36C    P8    31W / 149W |      0MiB / 11441MiB |      0%      Default |
+-------------------------------+----------------------+----------------------+
                                                                               
+-----------------------------------------------------------------------------+
| Processes:                                                       GPU Memory |
|  GPU       PID   Type   Process name                             Usage      |
|=============================================================================|
|    0     13537      C   julia                                        353MiB |
|    1     13797      C   julia                                       2936MiB |
|    2     14520      C   julia                                         62MiB |
+-----------------------------------------------------------------------------+
/home/samwiq/ABC and deep learning project/abc-dl/lunarc
/home/samwiq/ABC and deep learning project/abc-dl
start script
500
check version of Knet
    Status `~/.julia/environments/v1.0/Project.toml`
  [336ed68f] CSV v0.3.1
  [a93c6f00] DataFrames v0.13.1
  [31c24e10] Distributions v0.16.4
  [1902f260] Knet v1.1.0
  [6f286f6a] MultivariateStats v0.6.0 #master (https://github.com/JuliaStats/MultivariateStats.jl.git)
  [2913bbd2] StatsBase v0.25.0
  [4c63d2b9] StatsFuns v0.7.0
build Knet
  Building SpecialFunctions → `~/.julia/packages/SpecialFunctions/KvXoO/deps/build.log`
  Building CodecZlib ───────→ `~/.julia/packages/CodecZlib/wwgbh/deps/build.log`
  Building Knet ────────────→ `~/.julia/packages/Knet/hxjeS/deps/build.log`
test gpu
4
-1
0
Loading g-and-k model
Loading g-and-k model
Starting: generate_parameter_data_pairs
Percentage done:  10.00 %
Percentage done:  20.00 %
Percentage done:  30.00 %
Percentage done:  40.00 %
Percentage done:  50.00 %
Percentage done:  60.00 %
Percentage done:  70.00 %
Percentage done:  80.00 %
Percentage done:  90.00 %
Percentage done:  100.00 %
Starting: generate_parameter_data_pairs
Percentage done:  2.00 %
Percentage done:  4.00 %
Percentage done:  6.00 %
Percentage done:  8.00 %
Percentage done:  10.00 %
Percentage done:  12.00 %
Percentage done:  14.00 %
Percentage done:  16.00 %
Percentage done:  18.00 %
Percentage done:  20.00 %
Percentage done:  22.00 %
Percentage done:  24.00 %
Percentage done:  26.00 %
Percentage done:  28.00 %
Percentage done:  30.00 %
Percentage done:  32.00 %
Percentage done:  34.00 %
Percentage done:  36.00 %
Percentage done:  38.00 %
Percentage done:  40.00 %
Percentage done:  42.00 %
Percentage done:  44.00 %
Percentage done:  46.00 %
Percentage done:  48.00 %
Percentage done:  50.00 %
Percentage done:  52.00 %
Percentage done:  54.00 %
Percentage done:  56.00 %
Percentage done:  58.00 %
Percentage done:  60.00 %
Percentage done:  62.00 %
Percentage done:  64.00 %
Percentage done:  66.00 %
Percentage done:  68.00 %
Percentage done:  70.00 %
Percentage done:  72.00 %
Percentage done:  74.00 %
Percentage done:  76.00 %
Percentage done:  78.00 %
Percentage done:  80.00 %
Percentage done:  82.00 %
Percentage done:  84.00 %
Percentage done:  86.00 %
Percentage done:  88.00 %
Percentage done:  90.00 %
Percentage done:  92.00 %
Percentage done:  94.00 %
Percentage done:  96.00 %
Percentage done:  98.00 %
Percentage done:  100.00 %
Starting: generate_parameter_data_pairs
Percentage done:  5.00 %
Percentage done:  10.00 %
Percentage done:  15.00 %
Percentage done:  20.00 %
Percentage done:  25.00 %
Percentage done:  30.00 %
Percentage done:  35.00 %
Percentage done:  40.00 %
Percentage done:  45.00 %
Percentage done:  50.00 %
Percentage done:  55.00 %
Percentage done:  60.00 %
Percentage done:  65.00 %
Percentage done:  70.00 %
Percentage done:  75.00 %
Percentage done:  80.00 %
Percentage done:  85.00 %
Percentage done:  90.00 %
Percentage done:  95.00 %
Percentage done:  100.00 %
Starting: generate_parameter_data_pairs
144.825298 seconds (25.50 M allocations: 33.850 GiB, 1.55% gc time)
Nbr training obs 500000, nbr parameters 25454, obs/parameters 19.64
0
Starting training
Epoch 1, current loss (training) 6.2223, current loss (val) 6.1114
Epoch 2, current loss (training) 5.5710, current loss (val) 5.1490
Epoch 3, current loss (training) 5.2059, current loss (val) 4.9530
Epoch 4, current loss (training) 6.6004, current loss (val) 6.1288
Epoch 5, current loss (training) 4.6794, current loss (val) 4.3959
Epoch 6, current loss (training) 4.9746, current loss (val) 4.4818
Epoch 7, current loss (training) 4.6960, current loss (val) 4.5766
Epoch 8, current loss (training) 4.2415, current loss (val) 4.3817
Epoch 9, current loss (training) 4.2542, current loss (val) 4.0688
Epoch 10, current loss (training) 4.6552, current loss (val) 4.6143
Epoch 11, current loss (training) 3.8091, current loss (val) 4.0028
Epoch 12, current loss (training) 3.9154, current loss (val) 4.0103
Epoch 13, current loss (training) 4.4616, current loss (val) 4.1833
Epoch 14, current loss (training) 4.3933, current loss (val) 4.0333
Epoch 15, current loss (training) 3.9448, current loss (val) 4.0520
Epoch 16, current loss (training) 4.3558, current loss (val) 4.1583
Epoch 17, current loss (training) 3.8198, current loss (val) 3.9829
Epoch 18, current loss (training) 4.2201, current loss (val) 4.1671
Epoch 19, current loss (training) 3.7350, current loss (val) 3.6941
Epoch 20, current loss (training) 3.9058, current loss (val) 4.0349
Epoch 21, current loss (training) 3.4854, current loss (val) 3.8234
Epoch 22, current loss (training) 3.9128, current loss (val) 3.6854
Epoch 23, current loss (training) 3.5316, current loss (val) 3.5261
Epoch 24, current loss (training) 3.8077, current loss (val) 3.8059
Epoch 25, current loss (training) 3.6995, current loss (val) 3.7812
Epoch 26, current loss (training) 3.8485, current loss (val) 3.7965
Epoch 27, current loss (training) 3.3469, current loss (val) 3.3229
Epoch 28, current loss (training) 3.6097, current loss (val) 3.4881
Epoch 29, current loss (training) 3.1169, current loss (val) 3.2530
Epoch 30, current loss (training) 3.5325, current loss (val) 3.3807
Epoch 31, current loss (training) 3.8965, current loss (val) 3.6690
Epoch 32, current loss (training) 3.4972, current loss (val) 3.4507
Epoch 33, current loss (training) 3.5388, current loss (val) 3.4435
Epoch 34, current loss (training) 3.3552, current loss (val) 3.4484
Epoch 35, current loss (training) 3.3885, current loss (val) 3.2826
Epoch 36, current loss (training) 3.6337, current loss (val) 3.6361
Epoch 37, current loss (training) 3.7437, current loss (val) 3.3638
Epoch 38, current loss (training) 3.7522, current loss (val) 3.7314
Epoch 39, current loss (training) 3.5316, current loss (val) 3.5499
Epoch 40, current loss (training) 3.6517, current loss (val) 3.3817
Epoch 41, current loss (training) 3.3814, current loss (val) 3.3325
Epoch 42, current loss (training) 3.4654, current loss (val) 3.2662
Epoch 43, current loss (training) 3.2720, current loss (val) 3.1412
Epoch 44, current loss (training) 3.3383, current loss (val) 3.3183
Epoch 45, current loss (training) 3.5160, current loss (val) 3.2321
Epoch 46, current loss (training) 3.0442, current loss (val) 3.0899
Epoch 47, current loss (training) 3.2371, current loss (val) 3.2933
Epoch 48, current loss (training) 3.4610, current loss (val) 3.2558
Epoch 49, current loss (training) 3.5573, current loss (val) 3.2668
Epoch 50, current loss (training) 3.1584, current loss (val) 3.1881
Epoch 51, current loss (training) 3.1729, current loss (val) 3.1102
Epoch 52, current loss (training) 2.8516, current loss (val) 3.0994
Epoch 53, current loss (training) 3.1040, current loss (val) 3.1504
Epoch 54, current loss (training) 3.4582, current loss (val) 3.4294
Epoch 55, current loss (training) 3.3993, current loss (val) 3.2363
Epoch 56, current loss (training) 3.5823, current loss (val) 3.5932
Epoch 57, current loss (training) 3.4230, current loss (val) 3.4351
Epoch 58, current loss (training) 3.2307, current loss (val) 3.3293
Epoch 59, current loss (training) 3.4419, current loss (val) 3.0847
Epoch 60, current loss (training) 3.1666, current loss (val) 2.9812
Epoch 61, current loss (training) 3.1586, current loss (val) 3.2055
Epoch 62, current loss (training) 3.2253, current loss (val) 3.0980
Epoch 63, current loss (training) 2.7286, current loss (val) 2.9624
Epoch 64, current loss (training) 3.1973, current loss (val) 3.0513
Epoch 65, current loss (training) 3.3657, current loss (val) 3.1607
Epoch 66, current loss (training) 3.4416, current loss (val) 3.1577
Epoch 67, current loss (training) 3.5235, current loss (val) 3.5086
Epoch 68, current loss (training) 2.8785, current loss (val) 3.1079
Epoch 69, current loss (training) 3.0882, current loss (val) 2.9665
Epoch 70, current loss (training) 3.3851, current loss (val) 3.1252
Epoch 71, current loss (training) 3.1094, current loss (val) 2.9785
Epoch 72, current loss (training) 3.2609, current loss (val) 3.2027
Epoch 73, current loss (training) 3.3384, current loss (val) 3.0948
Epoch 74, current loss (training) 3.2615, current loss (val) 3.1485
Epoch 75, current loss (training) 3.1017, current loss (val) 3.1516
Epoch 76, current loss (training) 3.0339, current loss (val) 3.1518
Epoch 77, current loss (training) 3.1847, current loss (val) 2.9159
Epoch 78, current loss (training) 3.6830, current loss (val) 3.5279
Epoch 79, current loss (training) 3.1435, current loss (val) 3.0099
Epoch 80, current loss (training) 3.2869, current loss (val) 3.1342
Epoch 81, current loss (training) 3.5607, current loss (val) 3.4814
Epoch 82, current loss (training) 2.9478, current loss (val) 3.0628
Epoch 83, current loss (training) 2.9085, current loss (val) 2.9812
Epoch 84, current loss (training) 3.0978, current loss (val) 2.9209
Epoch 85, current loss (training) 3.1554, current loss (val) 3.1046
Epoch 86, current loss (training) 3.0129, current loss (val) 2.9048
Epoch 87, current loss (training) 3.5108, current loss (val) 3.5820
Epoch 88, current loss (training) 2.9667, current loss (val) 2.9611
Epoch 89, current loss (training) 3.0766, current loss (val) 2.8587
Epoch 90, current loss (training) 3.1317, current loss (val) 3.1038
Epoch 91, current loss (training) 3.0905, current loss (val) 2.9915
Epoch 92, current loss (training) 3.0644, current loss (val) 2.9141
Epoch 93, current loss (training) 2.8724, current loss (val) 2.8594
Epoch 94, current loss (training) 3.2355, current loss (val) 3.1939
Epoch 95, current loss (training) 3.1020, current loss (val) 2.9913
Epoch 96, current loss (training) 2.9208, current loss (val) 2.9281
Epoch 97, current loss (training) 3.1597, current loss (val) 2.9489
Epoch 98, current loss (training) 3.1563, current loss (val) 3.1093
Epoch 99, current loss (training) 3.2369, current loss (val) 3.1398
Epoch 100, current loss (training) 3.0579, current loss (val) 2.8844
Epoch 101, current loss (training) 3.3209, current loss (val) 3.1397
Epoch 102, current loss (training) 2.7860, current loss (val) 2.9539
Epoch 103, current loss (training) 2.7946, current loss (val) 2.7984
Epoch 104, current loss (training) 2.8028, current loss (val) 3.0026
Epoch 105, current loss (training) 2.9174, current loss (val) 2.8187
Epoch 106, current loss (training) 3.1551, current loss (val) 3.2053
Epoch 107, current loss (training) 2.8078, current loss (val) 2.8559
Epoch 108, current loss (training) 2.6444, current loss (val) 2.8164
Epoch 109, current loss (training) 3.0520, current loss (val) 2.9512
Epoch 110, current loss (training) 3.1247, current loss (val) 3.1041
Epoch 111, current loss (training) 3.2116, current loss (val) 3.0673
Epoch 112, current loss (training) 3.2268, current loss (val) 3.0276
Epoch 113, current loss (training) 2.9038, current loss (val) 2.9159
Epoch 114, current loss (training) 3.1174, current loss (val) 2.8737
Epoch 115, current loss (training) 2.7367, current loss (val) 2.9393
Epoch 116, current loss (training) 2.9889, current loss (val) 2.9026
Epoch 117, current loss (training) 3.0362, current loss (val) 2.8173
Epoch 118, current loss (training) 3.4201, current loss (val) 3.0345
Epoch 119, current loss (training) 3.4403, current loss (val) 3.2702
Epoch 120, current loss (training) 2.6626, current loss (val) 2.8445
Epoch 121, current loss (training) 3.0833, current loss (val) 2.9220
Epoch 122, current loss (training) 3.0628, current loss (val) 2.8481
Epoch 123, current loss (training) 3.0902, current loss (val) 2.9054
Epoch 124, current loss (training) 3.2383, current loss (val) 2.9626
Epoch 125, current loss (training) 2.7354, current loss (val) 2.9301
Epoch 126, current loss (training) 3.1663, current loss (val) 2.9488
Epoch 127, current loss (training) 2.9027, current loss (val) 2.7648
Epoch 128, current loss (training) 2.7954, current loss (val) 2.8686
Epoch 129, current loss (training) 2.7840, current loss (val) 2.8616
Epoch 130, current loss (training) 3.0662, current loss (val) 2.8967
Epoch 131, current loss (training) 2.9215, current loss (val) 2.8400
Epoch 132, current loss (training) 2.6784, current loss (val) 2.8475
Epoch 133, current loss (training) 2.9569, current loss (val) 2.9547
Epoch 134, current loss (training) 3.0694, current loss (val) 3.0073
Epoch 135, current loss (training) 3.2655, current loss (val) 3.1054
Epoch 136, current loss (training) 2.8871, current loss (val) 3.0177
Epoch 137, current loss (training) 2.9413, current loss (val) 2.9284
Epoch 138, current loss (training) 3.4636, current loss (val) 2.9910
Epoch 139, current loss (training) 3.2633, current loss (val) 3.0031
Epoch 140, current loss (training) 2.8455, current loss (val) 2.8442
Epoch 141, current loss (training) 2.8707, current loss (val) 2.8470
Epoch 142, current loss (training) 3.0552, current loss (val) 2.8727
Epoch 143, current loss (training) 3.0188, current loss (val) 2.8784
Epoch 144, current loss (training) 2.7265, current loss (val) 2.7945
Epoch 145, current loss (training) 3.0963, current loss (val) 3.0175
Epoch 146, current loss (training) 3.0121, current loss (val) 3.0730
Epoch 147, current loss (training) 2.6993, current loss (val) 2.7896
Epoch 148, current loss (training) 2.8666, current loss (val) 2.8448
Epoch 149, current loss (training) 2.9445, current loss (val) 2.8181
Epoch 150, current loss (training) 3.2062, current loss (val) 2.9975
Epoch 151, current loss (training) 3.1278, current loss (val) 2.9068
Epoch 152, current loss (training) 2.9746, current loss (val) 2.9578
Epoch 153, current loss (training) 2.7401, current loss (val) 2.8727
Epoch 154, current loss (training) 3.0235, current loss (val) 2.7709
Epoch 155, current loss (training) 3.0734, current loss (val) 2.7896
Epoch 156, current loss (training) 2.9129, current loss (val) 2.9034
Epoch 157, current loss (training) 2.8033, current loss (val) 2.9442
Epoch 158, current loss (training) 2.8479, current loss (val) 2.8142
Epoch 159, current loss (training) 2.8989, current loss (val) 2.8665
Epoch 160, current loss (training) 2.9751, current loss (val) 2.7704
Epoch 161, current loss (training) 3.2297, current loss (val) 2.7643
Epoch 162, current loss (training) 2.8432, current loss (val) 2.7738
Epoch 163, current loss (training) 3.0912, current loss (val) 2.9184
Epoch 164, current loss (training) 2.9758, current loss (val) 2.8775
Epoch 165, current loss (training) 2.9619, current loss (val) 2.6999
Epoch 166, current loss (training) 3.2693, current loss (val) 3.0203
Epoch 167, current loss (training) 2.5801, current loss (val) 2.6962
Epoch 168, current loss (training) 2.8284, current loss (val) 2.8111
Epoch 169, current loss (training) 2.5953, current loss (val) 2.7194
Epoch 170, current loss (training) 3.1066, current loss (val) 2.8221
Epoch 171, current loss (training) 2.9535, current loss (val) 2.8174
Epoch 172, current loss (training) 2.9809, current loss (val) 2.9247
Epoch 173, current loss (training) 3.0852, current loss (val) 2.9501
Epoch 174, current loss (training) 2.4211, current loss (val) 2.7481
Epoch 175, current loss (training) 2.7515, current loss (val) 2.7892
Epoch 176, current loss (training) 2.8813, current loss (val) 2.8428
Epoch 177, current loss (training) 3.0297, current loss (val) 2.8650
Epoch 178, current loss (training) 2.7168, current loss (val) 2.7572
Epoch 179, current loss (training) 2.8075, current loss (val) 2.7289
Epoch 180, current loss (training) 2.7460, current loss (val) 2.7044
Epoch 181, current loss (training) 2.8642, current loss (val) 2.8132
Epoch 182, current loss (training) 2.7540, current loss (val) 2.8496
Epoch 183, current loss (training) 2.5789, current loss (val) 2.7323
Epoch 184, current loss (training) 2.9617, current loss (val) 2.8601
Epoch 185, current loss (training) 2.8708, current loss (val) 2.7670
Epoch 186, current loss (training) 2.8548, current loss (val) 2.8281
Epoch 187, current loss (training) 3.0464, current loss (val) 2.7884
Epoch 188, current loss (training) 2.8774, current loss (val) 3.0810
Epoch 189, current loss (training) 2.9244, current loss (val) 2.8346
Epoch 190, current loss (training) 2.8879, current loss (val) 2.6558
Epoch 191, current loss (training) 3.1512, current loss (val) 2.7718
Epoch 192, current loss (training) 2.8696, current loss (val) 2.7791
Epoch 193, current loss (training) 2.8797, current loss (val) 2.9226
Epoch 194, current loss (training) 2.7067, current loss (val) 2.7776
Epoch 195, current loss (training) 2.8842, current loss (val) 2.7231
Epoch 196, current loss (training) 2.9225, current loss (val) 2.8018
Epoch 197, current loss (training) 2.7615, current loss (val) 2.9112
Epoch 198, current loss (training) 2.9482, current loss (val) 2.6822
Epoch 199, current loss (training) 2.7098, current loss (val) 2.7800
Epoch 200, current loss (training) 2.8709, current loss (val) 2.7573
Epoch 201, current loss (training) 2.8811, current loss (val) 2.9608
Epoch 202, current loss (training) 3.1001, current loss (val) 3.1013
Epoch 203, current loss (training) 2.6470, current loss (val) 2.8851
Epoch 204, current loss (training) 2.8693, current loss (val) 2.7304
Epoch 205, current loss (training) 2.8100, current loss (val) 2.7236
Epoch 206, current loss (training) 3.0903, current loss (val) 2.7544
Epoch 207, current loss (training) 2.8784, current loss (val) 2.7894
Epoch 208, current loss (training) 2.9489, current loss (val) 2.8039
Epoch 209, current loss (training) 2.4503, current loss (val) 2.6719
Epoch 210, current loss (training) 2.7167, current loss (val) 2.7813
Epoch 211, current loss (training) 2.8749, current loss (val) 3.0401
Epoch 212, current loss (training) 3.0419, current loss (val) 2.7027
Epoch 213, current loss (training) 3.0223, current loss (val) 2.9824
Epoch 214, current loss (training) 3.1047, current loss (val) 2.8824
Epoch 215, current loss (training) 2.8280, current loss (val) 2.7525
Epoch 216, current loss (training) 3.1233, current loss (val) 2.7523
Epoch 217, current loss (training) 2.6534, current loss (val) 2.7010
Epoch 218, current loss (training) 2.6488, current loss (val) 2.6704
Epoch 219, current loss (training) 2.8031, current loss (val) 2.7668
Epoch 220, current loss (training) 2.4902, current loss (val) 2.7602
Epoch 221, current loss (training) 2.7082, current loss (val) 2.9319
Epoch 222, current loss (training) 2.9714, current loss (val) 2.9822
Epoch 223, current loss (training) 2.9407, current loss (val) 2.6755
Epoch 224, current loss (training) 2.6116, current loss (val) 2.6924
Epoch 225, current loss (training) 2.8794, current loss (val) 2.8590
Epoch 226, current loss (training) 3.0138, current loss (val) 3.0571
Epoch 227, current loss (training) 2.7606, current loss (val) 2.7811
Epoch 228, current loss (training) 2.7297, current loss (val) 2.7210
Epoch 229, current loss (training) 2.6231, current loss (val) 2.6971
Epoch 230, current loss (training) 2.8962, current loss (val) 2.8343
Epoch 231, current loss (training) 2.5902, current loss (val) 2.6476
Epoch 232, current loss (training) 2.7545, current loss (val) 2.8631
Epoch 233, current loss (training) 2.6872, current loss (val) 2.6362
Epoch 234, current loss (training) 2.7734, current loss (val) 2.8255
Epoch 235, current loss (training) 2.6034, current loss (val) 2.6886
Epoch 236, current loss (training) 2.5840, current loss (val) 2.6174
Epoch 237, current loss (training) 3.0302, current loss (val) 2.8889
Epoch 238, current loss (training) 2.8386, current loss (val) 2.8454
Epoch 239, current loss (training) 2.6515, current loss (val) 2.7384
Epoch 240, current loss (training) 2.8614, current loss (val) 2.7254
Epoch 241, current loss (training) 2.7175, current loss (val) 2.6641
Epoch 242, current loss (training) 2.9445, current loss (val) 2.7695
Epoch 243, current loss (training) 2.8420, current loss (val) 2.6502
Epoch 244, current loss (training) 2.9872, current loss (val) 2.7313
Epoch 245, current loss (training) 2.7636, current loss (val) 2.7898
Epoch 246, current loss (training) 2.9719, current loss (val) 2.9293
Epoch 247, current loss (training) 2.7945, current loss (val) 2.8185
Epoch 248, current loss (training) 2.8162, current loss (val) 2.8721
Epoch 249, current loss (training) 2.5002, current loss (val) 2.6589
Epoch 250, current loss (training) 3.0659, current loss (val) 2.9333
Epoch 251, current loss (training) 2.6990, current loss (val) 2.6895
Epoch 252, current loss (training) 3.0466, current loss (val) 2.8623
Epoch 253, current loss (training) 3.4434, current loss (val) 2.8140
Epoch 254, current loss (training) 2.6988, current loss (val) 2.7072
Epoch 255, current loss (training) 2.9030, current loss (val) 2.8278
Epoch 256, current loss (training) 2.6833, current loss (val) 2.5435
Epoch 257, current loss (training) 2.9715, current loss (val) 2.7355
Epoch 258, current loss (training) 2.4724, current loss (val) 2.6170
Epoch 259, current loss (training) 2.8467, current loss (val) 2.5812
Epoch 260, current loss (training) 2.8246, current loss (val) 2.7617
Epoch 261, current loss (training) 2.5690, current loss (val) 2.6908
Epoch 262, current loss (training) 2.7616, current loss (val) 2.6259
Epoch 263, current loss (training) 2.8864, current loss (val) 2.8237
Epoch 264, current loss (training) 2.7598, current loss (val) 2.6631
Epoch 265, current loss (training) 2.9477, current loss (val) 2.6680
Epoch 266, current loss (training) 2.9308, current loss (val) 2.7332
Epoch 267, current loss (training) 2.7068, current loss (val) 2.6103
Epoch 268, current loss (training) 2.8813, current loss (val) 2.7314
Epoch 269, current loss (training) 2.6386, current loss (val) 2.6181
Epoch 270, current loss (training) 2.9166, current loss (val) 2.7350
Epoch 271, current loss (training) 2.7170, current loss (val) 2.6014
Epoch 272, current loss (training) 2.7036, current loss (val) 2.6759
Epoch 273, current loss (training) 2.5742, current loss (val) 2.7382
Epoch 274, current loss (training) 2.7354, current loss (val) 2.7117
Epoch 275, current loss (training) 2.7854, current loss (val) 2.6149
Epoch 276, current loss (training) 3.0154, current loss (val) 2.7420
Epoch 277, current loss (training) 2.8276, current loss (val) 2.7052
Epoch 278, current loss (training) 2.8112, current loss (val) 2.6895
Epoch 279, current loss (training) 2.6356, current loss (val) 2.7234
Epoch 280, current loss (training) 3.1029, current loss (val) 2.7704
Epoch 281, current loss (training) 2.9277, current loss (val) 2.7424
Epoch 282, current loss (training) 2.7968, current loss (val) 2.6957
Epoch 283, current loss (training) 2.8855, current loss (val) 2.6593
Epoch 284, current loss (training) 3.1536, current loss (val) 2.9762
Epoch 285, current loss (training) 2.7116, current loss (val) 2.6206
Epoch 286, current loss (training) 2.8764, current loss (val) 2.7068
Epoch 287, current loss (training) 2.5592, current loss (val) 2.7572
Epoch 288, current loss (training) 2.7003, current loss (val) 2.6338
Epoch 289, current loss (training) 2.5443, current loss (val) 2.6613
Epoch 290, current loss (training) 2.7640, current loss (val) 2.6364
Epoch 291, current loss (training) 2.8435, current loss (val) 2.6626
Epoch 292, current loss (training) 3.1149, current loss (val) 2.9119
Epoch 293, current loss (training) 2.6333, current loss (val) 2.7226
Epoch 294, current loss (training) 2.7550, current loss (val) 2.7274
Epoch 295, current loss (training) 3.0007, current loss (val) 2.7446
Epoch 296, current loss (training) 2.6992, current loss (val) 2.6646
Epoch 297, current loss (training) 2.6549, current loss (val) 2.6471
Epoch 298, current loss (training) 2.6282, current loss (val) 2.6782
Epoch 299, current loss (training) 2.6583, current loss (val) 2.6680
Epoch 300, current loss (training) 2.6478, current loss (val) 2.5920
Epoch 301, current loss (training) 2.5394, current loss (val) 2.6188
Epoch 302, current loss (training) 2.8377, current loss (val) 2.7078
Epoch 303, current loss (training) 2.7773, current loss (val) 2.6880
Epoch 304, current loss (training) 2.6707, current loss (val) 2.6877
Epoch 305, current loss (training) 2.9132, current loss (val) 2.5512
Epoch 306, current loss (training) 2.6852, current loss (val) 2.6590
Epoch 307, current loss (training) 2.8654, current loss (val) 2.8237
Epoch 308, current loss (training) 2.6618, current loss (val) 2.8436
Epoch 309, current loss (training) 2.9419, current loss (val) 2.8914
Epoch 310, current loss (training) 2.8140, current loss (val) 2.6644
Epoch 311, current loss (training) 2.8369, current loss (val) 2.8191
Epoch 312, current loss (training) 2.9877, current loss (val) 2.7167
Epoch 313, current loss (training) 2.6603, current loss (val) 2.6860
Epoch 314, current loss (training) 2.3885, current loss (val) 2.5818
Epoch 315, current loss (training) 2.7698, current loss (val) 2.7340
Epoch 316, current loss (training) 2.7089, current loss (val) 2.6131
Epoch 317, current loss (training) 2.7465, current loss (val) 2.6267
Epoch 318, current loss (training) 3.0891, current loss (val) 2.8541
Epoch 319, current loss (training) 2.9849, current loss (val) 2.8169
Epoch 320, current loss (training) 2.7863, current loss (val) 2.7838
Epoch 321, current loss (training) 2.7183, current loss (val) 2.6967
Epoch 322, current loss (training) 2.4813, current loss (val) 2.5654
Epoch 323, current loss (training) 2.9744, current loss (val) 3.0387
Epoch 324, current loss (training) 3.2597, current loss (val) 2.6608
Epoch 325, current loss (training) 2.7653, current loss (val) 2.6902
Epoch 326, current loss (training) 2.6683, current loss (val) 2.7557
Epoch 327, current loss (training) 2.7001, current loss (val) 2.8374
Epoch 328, current loss (training) 2.8522, current loss (val) 2.6078
Epoch 329, current loss (training) 2.8470, current loss (val) 2.6243
Epoch 330, current loss (training) 2.9041, current loss (val) 2.6128
Epoch 331, current loss (training) 3.0423, current loss (val) 2.6693
Epoch 332, current loss (training) 2.5341, current loss (val) 2.7396
Epoch 333, current loss (training) 2.6556, current loss (val) 2.6844
Epoch 334, current loss (training) 2.9037, current loss (val) 2.7935
Epoch 335, current loss (training) 2.5785, current loss (val) 2.5976
Epoch 336, current loss (training) 2.6618, current loss (val) 2.6381
Epoch 337, current loss (training) 3.2672, current loss (val) 2.8609
Epoch 338, current loss (training) 2.8122, current loss (val) 2.6849
Epoch 339, current loss (training) 2.6676, current loss (val) 2.7910
Epoch 340, current loss (training) 2.7267, current loss (val) 2.6067
Epoch 341, current loss (training) 2.5180, current loss (val) 2.6667
Epoch 342, current loss (training) 2.7608, current loss (val) 2.6974
Epoch 343, current loss (training) 2.5503, current loss (val) 2.6261
Epoch 344, current loss (training) 2.7510, current loss (val) 2.7050
Epoch 345, current loss (training) 2.6460, current loss (val) 2.6213
Epoch 346, current loss (training) 3.1125, current loss (val) 2.8885
Epoch 347, current loss (training) 2.6734, current loss (val) 2.6012
Epoch 348, current loss (training) 2.7577, current loss (val) 2.7622
Epoch 349, current loss (training) 2.7004, current loss (val) 2.6246
Epoch 350, current loss (training) 2.9185, current loss (val) 2.8215
Epoch 351, current loss (training) 2.7072, current loss (val) 2.6546
Epoch 352, current loss (training) 2.7952, current loss (val) 2.6987
Epoch 353, current loss (training) 2.8892, current loss (val) 2.7397
Epoch 354, current loss (training) 2.5420, current loss (val) 2.5439
Epoch 355, current loss (training) 2.9100, current loss (val) 2.7680
Epoch 356, current loss (training) 2.5688, current loss (val) 2.6259
Epoch 357, current loss (training) 2.7754, current loss (val) 2.7550
Epoch 358, current loss (training) 2.4054, current loss (val) 2.6564
Epoch 359, current loss (training) 2.8283, current loss (val) 2.6126
Epoch 360, current loss (training) 2.7736, current loss (val) 2.7866
Epoch 361, current loss (training) 3.0721, current loss (val) 2.8125
Epoch 362, current loss (training) 2.6907, current loss (val) 2.6112
Epoch 363, current loss (training) 2.8990, current loss (val) 2.5939
Epoch 364, current loss (training) 2.6378, current loss (val) 2.6267
Epoch 365, current loss (training) 2.5427, current loss (val) 2.5623
Epoch 366, current loss (training) 2.8325, current loss (val) 2.6373
Epoch 367, current loss (training) 2.7191, current loss (val) 2.6803
Epoch 368, current loss (training) 2.9342, current loss (val) 2.6918
Epoch 369, current loss (training) 2.8061, current loss (val) 2.7402
Epoch 370, current loss (training) 2.4267, current loss (val) 2.5766
Epoch 371, current loss (training) 2.9714, current loss (val) 2.9220
Epoch 372, current loss (training) 2.7106, current loss (val) 2.6834
Epoch 373, current loss (training) 2.8293, current loss (val) 2.6755
Epoch 374, current loss (training) 2.8503, current loss (val) 2.7539
Epoch 375, current loss (training) 2.9515, current loss (val) 2.7715
Epoch 376, current loss (training) 2.5389, current loss (val) 2.6207
Epoch 377, current loss (training) 2.5742, current loss (val) 2.5420
Epoch 378, current loss (training) 2.5827, current loss (val) 2.6408
Epoch 379, current loss (training) 2.8430, current loss (val) 2.8118
Epoch 380, current loss (training) 2.7408, current loss (val) 2.6573
Epoch 381, current loss (training) 2.7155, current loss (val) 2.6412
Epoch 382, current loss (training) 2.7712, current loss (val) 2.6605
Epoch 383, current loss (training) 2.7866, current loss (val) 2.8096
Epoch 384, current loss (training) 2.5786, current loss (val) 2.6128
Epoch 385, current loss (training) 2.9242, current loss (val) 2.7167
Epoch 386, current loss (training) 2.7118, current loss (val) 2.6892
Epoch 387, current loss (training) 2.8825, current loss (val) 2.7080
Epoch 388, current loss (training) 2.3695, current loss (val) 2.5397
Epoch 389, current loss (training) 2.8817, current loss (val) 2.5153
Epoch 390, current loss (training) 2.4992, current loss (val) 2.6186
Epoch 391, current loss (training) 2.3694, current loss (val) 2.5588
Epoch 392, current loss (training) 2.7181, current loss (val) 2.6124
Epoch 393, current loss (training) 2.3026, current loss (val) 2.5584
Epoch 394, current loss (training) 2.6453, current loss (val) 2.5545
Epoch 395, current loss (training) 2.5204, current loss (val) 2.5603
Epoch 396, current loss (training) 2.8676, current loss (val) 2.7909
Epoch 397, current loss (training) 2.9630, current loss (val) 2.8817
Epoch 398, current loss (training) 2.9551, current loss (val) 2.6201
Epoch 399, current loss (training) 2.4875, current loss (val) 2.6651
Epoch 400, current loss (training) 2.6608, current loss (val) 2.7358
Epoch 401, current loss (training) 2.5903, current loss (val) 2.6941
Epoch 402, current loss (training) 2.7588, current loss (val) 2.8592
Epoch 403, current loss (training) 2.5737, current loss (val) 2.6424
Epoch 404, current loss (training) 2.9947, current loss (val) 2.6561
Epoch 405, current loss (training) 2.4171, current loss (val) 2.5567
Epoch 406, current loss (training) 2.9212, current loss (val) 2.7645
Epoch 407, current loss (training) 2.8122, current loss (val) 2.5925
Epoch 408, current loss (training) 2.5539, current loss (val) 2.6430
Epoch 409, current loss (training) 2.4893, current loss (val) 2.6553
Epoch 410, current loss (training) 2.6414, current loss (val) 2.5658
Epoch 411, current loss (training) 3.2531, current loss (val) 2.9582
Epoch 412, current loss (training) 2.9078, current loss (val) 2.6020
Epoch 413, current loss (training) 2.7580, current loss (val) 2.5230
Epoch 414, current loss (training) 2.8744, current loss (val) 2.7308
Epoch 415, current loss (training) 3.0742, current loss (val) 2.9030
Epoch 416, current loss (training) 2.4150, current loss (val) 2.5448
Epoch 417, current loss (training) 2.7550, current loss (val) 2.7575
Epoch 418, current loss (training) 2.6593, current loss (val) 2.7805
Epoch 419, current loss (training) 2.4265, current loss (val) 2.5902
Epoch 420, current loss (training) 2.3874, current loss (val) 2.5612
Epoch 421, current loss (training) 2.6662, current loss (val) 2.7441
Epoch 422, current loss (training) 2.8512, current loss (val) 2.7193
Epoch 423, current loss (training) 2.6282, current loss (val) 2.5563
Epoch 424, current loss (training) 2.9329, current loss (val) 2.7229
Epoch 425, current loss (training) 2.6304, current loss (val) 2.6288
Epoch 426, current loss (training) 2.6212, current loss (val) 2.6704
Epoch 427, current loss (training) 2.7143, current loss (val) 2.7310
Epoch 428, current loss (training) 2.5092, current loss (val) 2.5326
Epoch 429, current loss (training) 2.6624, current loss (val) 2.6382
Epoch 430, current loss (training) 2.7337, current loss (val) 2.7370
Epoch 431, current loss (training) 2.7053, current loss (val) 2.5778
Epoch 432, current loss (training) 2.5336, current loss (val) 2.5945
Epoch 433, current loss (training) 2.5153, current loss (val) 2.6429
Epoch 434, current loss (training) 2.7272, current loss (val) 2.8425
Epoch 435, current loss (training) 2.4450, current loss (val) 2.5440
Epoch 436, current loss (training) 2.6079, current loss (val) 2.5593
Epoch 437, current loss (training) 2.8488, current loss (val) 2.6254
Epoch 438, current loss (training) 2.5540, current loss (val) 2.6651
Epoch 439, current loss (training) 2.5160, current loss (val) 2.6444
Epoch 440, current loss (training) 2.6181, current loss (val) 2.6774
Epoch 441, current loss (training) 2.8350, current loss (val) 2.5973
Epoch 442, current loss (training) 2.6160, current loss (val) 2.5955
Epoch 443, current loss (training) 2.8806, current loss (val) 2.5738
Epoch 444, current loss (training) 2.6081, current loss (val) 2.6343
Epoch 445, current loss (training) 2.5415, current loss (val) 2.5357
Epoch 446, current loss (training) 2.7171, current loss (val) 2.6188
Epoch 447, current loss (training) 2.6794, current loss (val) 2.5560
Epoch 448, current loss (training) 2.7845, current loss (val) 2.7268
Epoch 449, current loss (training) 2.4579, current loss (val) 2.6121
Epoch 450, current loss (training) 2.9739, current loss (val) 2.6154
Epoch 451, current loss (training) 2.9465, current loss (val) 2.6658
Epoch 452, current loss (training) 2.8630, current loss (val) 2.5474
Epoch 453, current loss (training) 2.8239, current loss (val) 2.6395
Epoch 454, current loss (training) 2.5082, current loss (val) 2.5132
Epoch 455, current loss (training) 2.9117, current loss (val) 2.5953
Epoch 456, current loss (training) 2.8773, current loss (val) 2.5784
Epoch 457, current loss (training) 2.8066, current loss (val) 2.6194
Epoch 458, current loss (training) 2.7778, current loss (val) 3.0168
Epoch 459, current loss (training) 2.7818, current loss (val) 2.8124
Epoch 460, current loss (training) 2.7149, current loss (val) 2.6162
Epoch 461, current loss (training) 2.6677, current loss (val) 2.5561
Epoch 462, current loss (training) 2.3613, current loss (val) 2.5938
Epoch 463, current loss (training) 2.6435, current loss (val) 2.7252
Epoch 464, current loss (training) 2.7230, current loss (val) 2.5583
Epoch 465, current loss (training) 2.5549, current loss (val) 2.5812
Epoch 466, current loss (training) 2.8339, current loss (val) 2.6054
Epoch 467, current loss (training) 2.4927, current loss (val) 2.6153
Epoch 468, current loss (training) 2.5574, current loss (val) 2.5322
Epoch 469, current loss (training) 2.7450, current loss (val) 2.5702
Epoch 470, current loss (training) 2.7761, current loss (val) 2.6620
Epoch 471, current loss (training) 2.8125, current loss (val) 2.6376
Epoch 472, current loss (training) 2.9071, current loss (val) 2.7293
Epoch 473, current loss (training) 2.6901, current loss (val) 2.6659
Epoch 474, current loss (training) 2.7129, current loss (val) 2.7082
Epoch 475, current loss (training) 2.6367, current loss (val) 2.7269
Epoch 476, current loss (training) 2.7832, current loss (val) 2.6886
Epoch 477, current loss (training) 2.7259, current loss (val) 2.8279
Epoch 478, current loss (training) 2.6100, current loss (val) 2.5541
Epoch 479, current loss (training) 2.7593, current loss (val) 2.6171
Epoch 480, current loss (training) 2.6146, current loss (val) 2.5687
Epoch 481, current loss (training) 2.4613, current loss (val) 2.6139
Epoch 482, current loss (training) 2.6772, current loss (val) 2.6886
Epoch 483, current loss (training) 2.8791, current loss (val) 2.5507
Epoch 484, current loss (training) 2.4920, current loss (val) 2.5824
Epoch 485, current loss (training) 2.7834, current loss (val) 2.6657
Epoch 486, current loss (training) 2.5878, current loss (val) 2.6145
Epoch 487, current loss (training) 3.0263, current loss (val) 2.6344
Epoch 488, current loss (training) 2.6435, current loss (val) 2.6707
Epoch 489, current loss (training) 2.6938, current loss (val) 2.6099
Epoch 490, current loss (training) 2.6481, current loss (val) 2.5890
Epoch 491, current loss (training) 2.5758, current loss (val) 2.5301
Epoch 492, current loss (training) 2.7041, current loss (val) 2.5782
Epoch 493, current loss (training) 2.5971, current loss (val) 2.6153
Epoch 494, current loss (training) 2.9913, current loss (val) 2.6254
Epoch 495, current loss (training) 2.5785, current loss (val) 2.7434
Epoch 496, current loss (training) 2.6305, current loss (val) 2.5863
Epoch 497, current loss (training) 2.6014, current loss (val) 2.5624
Epoch 498, current loss (training) 2.5617, current loss (val) 2.5973
Epoch 499, current loss (training) 2.5301, current loss (val) 2.5083
Epoch 500, current loss (training) 2.5026, current loss (val) 2.6068
run_time_first_training_cycle:  1890.78 

Epochs 500, batch size, 200
Nbr training obs 500000, nbr parameters 25454, obs/parameters 19.64

(100, 500000)
(100,)
Starting abc-rs
Percentage done:  10.00 %
Percentage done:  20.00 %
Percentage done:  30.00 %
Percentage done:  40.00 %
Percentage done:  50.00 %
Percentage done:  60.00 %
Percentage done:  70.00 %
Percentage done:  80.00 %
Percentage done:  90.00 %
Percentage done:  100.00 %
Ending abc-rs
end script
