Fri Oct 26 17:10:17 2018       
+-----------------------------------------------------------------------------+
| NVIDIA-SMI 396.44                 Driver Version: 396.44                    |
|-------------------------------+----------------------+----------------------+
| GPU  Name        Persistence-M| Bus-Id        Disp.A | Volatile Uncorr. ECC |
| Fan  Temp  Perf  Pwr:Usage/Cap|         Memory-Usage | GPU-Util  Compute M. |
|===============================+======================+======================|
|   0  Tesla K80           On   | 00000000:04:00.0 Off |                    0 |
| N/A   39C    P0    75W / 149W |  11440MiB / 11441MiB |      0%      Default |
+-------------------------------+----------------------+----------------------+
|   1  Tesla K80           On   | 00000000:05:00.0 Off |                    0 |
| N/A   76C    P0   147W / 149W |  11408MiB / 11441MiB |     98%      Default |
+-------------------------------+----------------------+----------------------+
|   2  Tesla K80           On   | 00000000:84:00.0 Off |                    0 |
| N/A   25C    P8    26W / 149W |      0MiB / 11441MiB |      0%      Default |
+-------------------------------+----------------------+----------------------+
|   3  Tesla K80           On   | 00000000:85:00.0 Off |                    0 |
| N/A   30C    P8    30W / 149W |      0MiB / 11441MiB |      0%      Default |
+-------------------------------+----------------------+----------------------+
                                                                               
+-----------------------------------------------------------------------------+
| Processes:                                                       GPU Memory |
|  GPU       PID   Type   Process name                             Usage      |
|=============================================================================|
|    0    141666      C   julia                                      11427MiB |
|    1    190178      C   julia                                      11395MiB |
+-----------------------------------------------------------------------------+
/home/samwiq/ABC and deep learning project/abc-dl/lunarc
/home/samwiq/ABC and deep learning project/abc-dl
start script
500
check version of Knet
    Status `~/.julia/environments/v1.0/Project.toml`
  [336ed68f] CSV v0.3.1
  [a93c6f00] DataFrames v0.13.1
  [31c24e10] Distributions v0.16.4
  [1902f260] Knet v1.1.0
  [6f286f6a] MultivariateStats v0.6.0 #master (https://github.com/JuliaStats/MultivariateStats.jl.git)
  [2913bbd2] StatsBase v0.25.0
  [4c63d2b9] StatsFuns v0.7.0
build Knet
  Building SpecialFunctions → `~/.julia/packages/SpecialFunctions/KvXoO/deps/build.log`
  Building CodecZlib ───────→ `~/.julia/packages/CodecZlib/wwgbh/deps/build.log`
  Building Knet ────────────→ `~/.julia/packages/Knet/hxjeS/deps/build.log`
test gpu
4
-1
0
Loading g-and-k model
Loading g-and-k model
Starting: generate_parameter_data_pairs
Percentage done:  10.00 %
Percentage done:  20.00 %
Percentage done:  30.00 %
Percentage done:  40.00 %
Percentage done:  50.00 %
Percentage done:  60.00 %
Percentage done:  70.00 %
Percentage done:  80.00 %
Percentage done:  90.00 %
Percentage done:  100.00 %
Starting: generate_parameter_data_pairs
Percentage done:  2.00 %
Percentage done:  4.00 %
Percentage done:  6.00 %
Percentage done:  8.00 %
Percentage done:  10.00 %
Percentage done:  12.00 %
Percentage done:  14.00 %
Percentage done:  16.00 %
Percentage done:  18.00 %
Percentage done:  20.00 %
Percentage done:  22.00 %
Percentage done:  24.00 %
Percentage done:  26.00 %
Percentage done:  28.00 %
Percentage done:  30.00 %
Percentage done:  32.00 %
Percentage done:  34.00 %
Percentage done:  36.00 %
Percentage done:  38.00 %
Percentage done:  40.00 %
Percentage done:  42.00 %
Percentage done:  44.00 %
Percentage done:  46.00 %
Percentage done:  48.00 %
Percentage done:  50.00 %
Percentage done:  52.00 %
Percentage done:  54.00 %
Percentage done:  56.00 %
Percentage done:  58.00 %
Percentage done:  60.00 %
Percentage done:  62.00 %
Percentage done:  64.00 %
Percentage done:  66.00 %
Percentage done:  68.00 %
Percentage done:  70.00 %
Percentage done:  72.00 %
Percentage done:  74.00 %
Percentage done:  76.00 %
Percentage done:  78.00 %
Percentage done:  80.00 %
Percentage done:  82.00 %
Percentage done:  84.00 %
Percentage done:  86.00 %
Percentage done:  88.00 %
Percentage done:  90.00 %
Percentage done:  92.00 %
Percentage done:  94.00 %
Percentage done:  96.00 %
Percentage done:  98.00 %
Percentage done:  100.00 %
Starting: generate_parameter_data_pairs
Percentage done:  5.00 %
Percentage done:  10.00 %
Percentage done:  15.00 %
Percentage done:  20.00 %
Percentage done:  25.00 %
Percentage done:  30.00 %
Percentage done:  35.00 %
Percentage done:  40.00 %
Percentage done:  45.00 %
Percentage done:  50.00 %
Percentage done:  55.00 %
Percentage done:  60.00 %
Percentage done:  65.00 %
Percentage done:  70.00 %
Percentage done:  75.00 %
Percentage done:  80.00 %
Percentage done:  85.00 %
Percentage done:  90.00 %
Percentage done:  95.00 %
Percentage done:  100.00 %
Starting: generate_parameter_data_pairs
141.065765 seconds (67.41 M allocations: 56.026 GiB, 2.09% gc time)
0
Nbr training obs 500000, nbr parameters 22214, obs/parameters 22.51
  1.184429 seconds (2.47 M allocations: 128.877 MiB, 4.30% gc time)
  0.454036 seconds (1.08 M allocations: 56.850 MiB, 5.09% gc time)
105.433525 seconds (12.40 M allocations: 2.419 GiB, 14.31% gc time)
  1.556907 seconds (91.25 k allocations: 4.717 MiB, 14.91% gc time)
Starting training
Epoch 1, current loss (training) 5.5256, current loss (val) 4.8427
Epoch 2, current loss (training) 4.7408, current loss (val) 4.5343
Epoch 3, current loss (training) 4.9238, current loss (val) 4.4279
Epoch 4, current loss (training) 4.3198, current loss (val) 4.3816
Epoch 5, current loss (training) 4.2755, current loss (val) 4.1550
Epoch 6, current loss (training) 3.9008, current loss (val) 3.8481
Epoch 7, current loss (training) 3.9500, current loss (val) 4.0178
Epoch 8, current loss (training) 3.8751, current loss (val) 3.8494
Epoch 9, current loss (training) 3.6597, current loss (val) 3.7938
Epoch 10, current loss (training) 3.6429, current loss (val) 3.7028
Epoch 11, current loss (training) 3.5117, current loss (val) 3.5631
Epoch 12, current loss (training) 3.4690, current loss (val) 3.7041
Epoch 13, current loss (training) 4.0303, current loss (val) 3.6451
Epoch 14, current loss (training) 3.6608, current loss (val) 3.9223
Epoch 15, current loss (training) 3.9753, current loss (val) 3.5000
Epoch 16, current loss (training) 3.6374, current loss (val) 3.3884
Epoch 17, current loss (training) 3.3746, current loss (val) 3.3188
Epoch 18, current loss (training) 3.8184, current loss (val) 3.7270
Epoch 19, current loss (training) 3.2838, current loss (val) 3.2971
Epoch 20, current loss (training) 3.5075, current loss (val) 3.3937
Epoch 21, current loss (training) 3.5418, current loss (val) 3.4371
Epoch 22, current loss (training) 3.3683, current loss (val) 3.1571
Epoch 23, current loss (training) 3.3931, current loss (val) 3.3722
Epoch 24, current loss (training) 3.2136, current loss (val) 3.1434
Epoch 25, current loss (training) 2.9013, current loss (val) 3.1297
Epoch 26, current loss (training) 2.9854, current loss (val) 3.1439
Epoch 27, current loss (training) 3.2137, current loss (val) 3.3330
Epoch 28, current loss (training) 3.1096, current loss (val) 3.2964
Epoch 29, current loss (training) 3.6261, current loss (val) 3.2520
Epoch 30, current loss (training) 3.0164, current loss (val) 3.1898
Epoch 31, current loss (training) 3.3840, current loss (val) 3.1605
Epoch 32, current loss (training) 2.8907, current loss (val) 3.1091
Epoch 33, current loss (training) 3.0992, current loss (val) 3.0582
Epoch 34, current loss (training) 2.8401, current loss (val) 3.1390
Epoch 35, current loss (training) 3.0152, current loss (val) 3.0404
Epoch 36, current loss (training) 3.1757, current loss (val) 3.2068
Epoch 37, current loss (training) 2.7888, current loss (val) 2.9717
Epoch 38, current loss (training) 3.1225, current loss (val) 3.0643
Epoch 39, current loss (training) 3.0478, current loss (val) 3.0682
Epoch 40, current loss (training) 2.9611, current loss (val) 3.1112
Epoch 41, current loss (training) 2.9224, current loss (val) 3.1216
Epoch 42, current loss (training) 3.0516, current loss (val) 3.1100
Epoch 43, current loss (training) 2.9441, current loss (val) 3.1175
Epoch 44, current loss (training) 3.1382, current loss (val) 3.0745
Epoch 45, current loss (training) 2.9629, current loss (val) 3.0388
Epoch 46, current loss (training) 3.3254, current loss (val) 3.1646
Epoch 47, current loss (training) 2.9642, current loss (val) 2.9305
Epoch 48, current loss (training) 3.0768, current loss (val) 3.1291
Epoch 49, current loss (training) 2.9152, current loss (val) 2.9720
Epoch 50, current loss (training) 2.7461, current loss (val) 2.9435
Epoch 51, current loss (training) 3.2549, current loss (val) 3.0761
Epoch 52, current loss (training) 2.9256, current loss (val) 3.0055
Epoch 53, current loss (training) 3.0654, current loss (val) 3.0235
Epoch 54, current loss (training) 2.8452, current loss (val) 3.0590
Epoch 55, current loss (training) 3.0359, current loss (val) 2.9805
Epoch 56, current loss (training) 2.7453, current loss (val) 2.9834
Epoch 57, current loss (training) 3.0292, current loss (val) 2.9149
Epoch 58, current loss (training) 3.1328, current loss (val) 3.0911
Epoch 59, current loss (training) 3.2921, current loss (val) 3.0850
Epoch 60, current loss (training) 2.8891, current loss (val) 3.0338
Epoch 61, current loss (training) 2.9060, current loss (val) 3.0264
Epoch 62, current loss (training) 2.8923, current loss (val) 3.0756
Epoch 63, current loss (training) 3.0351, current loss (val) 3.0730
Epoch 64, current loss (training) 2.8490, current loss (val) 2.9538
Epoch 65, current loss (training) 2.8587, current loss (val) 2.8795
Epoch 66, current loss (training) 2.9076, current loss (val) 2.9785
Epoch 67, current loss (training) 3.0485, current loss (val) 3.1240
Epoch 68, current loss (training) 3.0824, current loss (val) 2.9954
Epoch 69, current loss (training) 2.8432, current loss (val) 2.8642
Epoch 70, current loss (training) 2.8409, current loss (val) 2.9334
Epoch 71, current loss (training) 2.7878, current loss (val) 2.9580
Epoch 72, current loss (training) 2.8544, current loss (val) 2.9959
Epoch 73, current loss (training) 2.9685, current loss (val) 3.1061
Epoch 74, current loss (training) 2.7485, current loss (val) 2.9664
Epoch 75, current loss (training) 3.2097, current loss (val) 3.0834
Epoch 76, current loss (training) 2.7161, current loss (val) 2.9511
Epoch 77, current loss (training) 2.6279, current loss (val) 2.8741
Epoch 78, current loss (training) 3.1058, current loss (val) 3.0494
Epoch 79, current loss (training) 2.8686, current loss (val) 2.8769
Epoch 80, current loss (training) 2.6433, current loss (val) 2.9209
Epoch 81, current loss (training) 2.8883, current loss (val) 2.9771
Epoch 82, current loss (training) 2.8414, current loss (val) 2.9423
Epoch 83, current loss (training) 3.1295, current loss (val) 2.8938
Epoch 84, current loss (training) 2.7386, current loss (val) 2.9291
Epoch 85, current loss (training) 3.0709, current loss (val) 2.9740
Epoch 86, current loss (training) 2.9983, current loss (val) 2.9143
Epoch 87, current loss (training) 2.7977, current loss (val) 2.7936
Epoch 88, current loss (training) 2.6453, current loss (val) 2.8692
Epoch 89, current loss (training) 3.0600, current loss (val) 3.0049
Epoch 90, current loss (training) 2.6992, current loss (val) 2.8418
Epoch 91, current loss (training) 2.9430, current loss (val) 2.8785
Epoch 92, current loss (training) 2.7427, current loss (val) 2.9090
Epoch 93, current loss (training) 2.9308, current loss (val) 2.8594
Epoch 94, current loss (training) 2.8203, current loss (val) 2.7881
Epoch 95, current loss (training) 2.5868, current loss (val) 2.8901
Epoch 96, current loss (training) 3.0018, current loss (val) 2.9852
Epoch 97, current loss (training) 2.6893, current loss (val) 2.9211
Epoch 98, current loss (training) 2.7356, current loss (val) 2.8736
Epoch 99, current loss (training) 3.0407, current loss (val) 2.9824
Epoch 100, current loss (training) 3.0524, current loss (val) 2.9149
Epoch 101, current loss (training) 2.9365, current loss (val) 2.8827
Epoch 102, current loss (training) 2.7808, current loss (val) 2.8329
Epoch 103, current loss (training) 2.7889, current loss (val) 2.9148
Epoch 104, current loss (training) 2.8121, current loss (val) 2.8102
Epoch 105, current loss (training) 2.9607, current loss (val) 2.8257
Epoch 106, current loss (training) 2.7958, current loss (val) 2.8166
Epoch 107, current loss (training) 2.5922, current loss (val) 2.8312
Epoch 108, current loss (training) 2.8067, current loss (val) 2.8496
Epoch 109, current loss (training) 2.7701, current loss (val) 2.8236
Epoch 110, current loss (training) 2.8417, current loss (val) 2.8599
Epoch 111, current loss (training) 2.9080, current loss (val) 3.0594
Epoch 112, current loss (training) 2.7715, current loss (val) 2.7913
Epoch 113, current loss (training) 2.7923, current loss (val) 2.9183
Epoch 114, current loss (training) 2.8676, current loss (val) 2.8620
Epoch 115, current loss (training) 2.6461, current loss (val) 2.7930
Epoch 116, current loss (training) 2.6263, current loss (val) 2.8547
Epoch 117, current loss (training) 2.7860, current loss (val) 2.8486
Epoch 118, current loss (training) 3.0557, current loss (val) 2.8982
Epoch 119, current loss (training) 2.7455, current loss (val) 2.8159
Epoch 120, current loss (training) 2.8733, current loss (val) 2.8183
Epoch 121, current loss (training) 2.9524, current loss (val) 2.8902
Epoch 122, current loss (training) 2.9362, current loss (val) 2.8635
Epoch 123, current loss (training) 2.6604, current loss (val) 2.7587
Epoch 124, current loss (training) 2.9877, current loss (val) 2.9476
Epoch 125, current loss (training) 2.8206, current loss (val) 2.8892
Epoch 126, current loss (training) 2.6123, current loss (val) 2.7734
Epoch 127, current loss (training) 2.6200, current loss (val) 2.8117
Epoch 128, current loss (training) 2.8242, current loss (val) 2.8463
Epoch 129, current loss (training) 2.6800, current loss (val) 2.8118
Epoch 130, current loss (training) 2.6982, current loss (val) 2.7873
Epoch 131, current loss (training) 2.5997, current loss (val) 2.8102
Epoch 132, current loss (training) 2.7318, current loss (val) 2.8081
Epoch 133, current loss (training) 2.7774, current loss (val) 2.7915
Epoch 134, current loss (training) 2.7639, current loss (val) 2.8968
Epoch 135, current loss (training) 2.6078, current loss (val) 2.7292
Epoch 136, current loss (training) 2.7320, current loss (val) 2.8468
Epoch 137, current loss (training) 2.9246, current loss (val) 2.9367
Epoch 138, current loss (training) 2.6348, current loss (val) 2.8707
Epoch 139, current loss (training) 2.7500, current loss (val) 2.8139
Epoch 140, current loss (training) 2.8522, current loss (val) 2.7890
Epoch 141, current loss (training) 2.7742, current loss (val) 2.7350
Epoch 142, current loss (training) 2.7741, current loss (val) 2.8024
Epoch 143, current loss (training) 2.9750, current loss (val) 2.8196
Epoch 144, current loss (training) 2.9602, current loss (val) 2.8810
Epoch 145, current loss (training) 2.6422, current loss (val) 2.7635
Epoch 146, current loss (training) 2.8238, current loss (val) 2.9459
Epoch 147, current loss (training) 2.7158, current loss (val) 2.8980
Epoch 148, current loss (training) 2.6825, current loss (val) 2.8773
Epoch 149, current loss (training) 2.7503, current loss (val) 2.8623
Epoch 150, current loss (training) 2.8903, current loss (val) 2.7508
Epoch 151, current loss (training) 2.5468, current loss (val) 2.7646
Epoch 152, current loss (training) 2.7592, current loss (val) 2.7420
Epoch 153, current loss (training) 2.8499, current loss (val) 2.7488
Epoch 154, current loss (training) 2.9786, current loss (val) 2.8431
Epoch 155, current loss (training) 2.7458, current loss (val) 2.8089
Epoch 156, current loss (training) 2.6928, current loss (val) 2.8121
Epoch 157, current loss (training) 2.5832, current loss (val) 2.7562
Epoch 158, current loss (training) 2.7178, current loss (val) 2.8372
Epoch 159, current loss (training) 2.7446, current loss (val) 2.7323
Epoch 160, current loss (training) 2.8185, current loss (val) 2.8799
Epoch 161, current loss (training) 2.6441, current loss (val) 2.7405
Epoch 162, current loss (training) 2.7789, current loss (val) 2.8072
Epoch 163, current loss (training) 2.6891, current loss (val) 2.6893
Epoch 164, current loss (training) 2.7657, current loss (val) 2.7279
Epoch 165, current loss (training) 2.7817, current loss (val) 2.8344
Epoch 166, current loss (training) 2.6342, current loss (val) 2.7615
Epoch 167, current loss (training) 2.6125, current loss (val) 2.7311
Epoch 168, current loss (training) 2.6001, current loss (val) 2.6946
Epoch 169, current loss (training) 2.7517, current loss (val) 2.6936
Epoch 170, current loss (training) 2.8122, current loss (val) 2.8087
Epoch 171, current loss (training) 2.6482, current loss (val) 2.7494
Epoch 172, current loss (training) 2.5416, current loss (val) 2.7596
Epoch 173, current loss (training) 3.0306, current loss (val) 2.8933
Epoch 174, current loss (training) 2.8235, current loss (val) 2.7092
Epoch 175, current loss (training) 2.8630, current loss (val) 2.9235
Epoch 176, current loss (training) 2.6706, current loss (val) 2.7577
Epoch 177, current loss (training) 2.7257, current loss (val) 2.7348
Epoch 178, current loss (training) 2.8264, current loss (val) 2.8436
Epoch 179, current loss (training) 2.7078, current loss (val) 2.7009
Epoch 180, current loss (training) 2.5225, current loss (val) 2.6826
Epoch 181, current loss (training) 2.8349, current loss (val) 2.8130
Epoch 182, current loss (training) 2.7692, current loss (val) 2.7019
Epoch 183, current loss (training) 2.9296, current loss (val) 2.8311
Epoch 184, current loss (training) 2.7237, current loss (val) 2.6677
Epoch 185, current loss (training) 2.7203, current loss (val) 2.6559
Epoch 186, current loss (training) 2.7176, current loss (val) 2.6974
Epoch 187, current loss (training) 2.5363, current loss (val) 2.6647
Epoch 188, current loss (training) 2.7048, current loss (val) 2.8183
Epoch 189, current loss (training) 2.7192, current loss (val) 2.7862
Epoch 190, current loss (training) 2.9581, current loss (val) 2.8207
Epoch 191, current loss (training) 2.6132, current loss (val) 2.6549
Epoch 192, current loss (training) 2.7103, current loss (val) 2.6924
Epoch 193, current loss (training) 2.7989, current loss (val) 2.8320
Epoch 194, current loss (training) 2.7828, current loss (val) 2.7760
Epoch 195, current loss (training) 2.7494, current loss (val) 2.7506
Epoch 196, current loss (training) 2.5243, current loss (val) 2.6460
Epoch 197, current loss (training) 2.6539, current loss (val) 2.7399
Epoch 198, current loss (training) 2.6304, current loss (val) 2.6010
Epoch 199, current loss (training) 2.8517, current loss (val) 2.6418
Epoch 200, current loss (training) 2.7911, current loss (val) 2.8158
Epoch 201, current loss (training) 2.9607, current loss (val) 2.7976
Epoch 202, current loss (training) 2.8894, current loss (val) 2.8174
Epoch 203, current loss (training) 2.7627, current loss (val) 2.8470
Epoch 204, current loss (training) 2.8810, current loss (val) 2.8216
Epoch 205, current loss (training) 2.6668, current loss (val) 2.7794
Epoch 206, current loss (training) 2.5228, current loss (val) 2.7386
Epoch 207, current loss (training) 2.6872, current loss (val) 2.7054
Epoch 208, current loss (training) 2.6169, current loss (val) 2.6792
Epoch 209, current loss (training) 2.5670, current loss (val) 2.6633
Epoch 210, current loss (training) 2.7652, current loss (val) 2.7896
Epoch 211, current loss (training) 2.7964, current loss (val) 2.8147
Epoch 212, current loss (training) 2.6785, current loss (val) 2.7207
Epoch 213, current loss (training) 2.6951, current loss (val) 2.7074
Epoch 214, current loss (training) 2.6883, current loss (val) 2.6799
Epoch 215, current loss (training) 2.5351, current loss (val) 2.7288
Epoch 216, current loss (training) 2.9001, current loss (val) 2.8402
Epoch 217, current loss (training) 2.8294, current loss (val) 2.8035
Epoch 218, current loss (training) 2.8553, current loss (val) 2.7654
Epoch 219, current loss (training) 2.6899, current loss (val) 2.7142
Epoch 220, current loss (training) 2.4891, current loss (val) 2.6657
Epoch 221, current loss (training) 2.5854, current loss (val) 2.5958
Epoch 222, current loss (training) 2.7101, current loss (val) 2.7035
Epoch 223, current loss (training) 2.5470, current loss (val) 2.7693
Epoch 224, current loss (training) 2.6226, current loss (val) 2.6946
Epoch 225, current loss (training) 2.4909, current loss (val) 2.6470
Epoch 226, current loss (training) 2.7292, current loss (val) 2.7036
Epoch 227, current loss (training) 2.5856, current loss (val) 2.6738
Epoch 228, current loss (training) 2.6823, current loss (val) 2.6701
Epoch 229, current loss (training) 2.8479, current loss (val) 2.8529
Epoch 230, current loss (training) 2.5418, current loss (val) 2.7279
Epoch 231, current loss (training) 2.6641, current loss (val) 2.6902
Epoch 232, current loss (training) 2.5654, current loss (val) 2.7048
Epoch 233, current loss (training) 2.7120, current loss (val) 2.7070
Epoch 234, current loss (training) 2.6471, current loss (val) 2.7558
Epoch 235, current loss (training) 2.5660, current loss (val) 2.6835
Epoch 236, current loss (training) 2.6201, current loss (val) 2.6540
Epoch 237, current loss (training) 2.7456, current loss (val) 2.6337
Epoch 238, current loss (training) 2.7626, current loss (val) 2.9113
Epoch 239, current loss (training) 2.7741, current loss (val) 2.8161
Epoch 240, current loss (training) 2.6323, current loss (val) 2.6540
Epoch 241, current loss (training) 2.6381, current loss (val) 2.6647
Epoch 242, current loss (training) 2.7477, current loss (val) 2.6822
Epoch 243, current loss (training) 2.5899, current loss (val) 2.6942
Epoch 244, current loss (training) 2.5319, current loss (val) 2.6800
Epoch 245, current loss (training) 2.6362, current loss (val) 2.7140
Epoch 246, current loss (training) 2.6017, current loss (val) 2.6391
Epoch 247, current loss (training) 2.6329, current loss (val) 2.6646
Epoch 248, current loss (training) 2.7207, current loss (val) 2.7170
Epoch 249, current loss (training) 2.4359, current loss (val) 2.6723
Epoch 250, current loss (training) 2.6097, current loss (val) 2.6834
Epoch 251, current loss (training) 2.8589, current loss (val) 2.8200
Epoch 252, current loss (training) 2.4859, current loss (val) 2.6410
Epoch 253, current loss (training) 2.4298, current loss (val) 2.6611
Epoch 254, current loss (training) 2.5493, current loss (val) 2.7568
Epoch 255, current loss (training) 2.6798, current loss (val) 2.7557
Epoch 256, current loss (training) 2.8087, current loss (val) 2.7663
Epoch 257, current loss (training) 2.7124, current loss (val) 2.6520
Epoch 258, current loss (training) 2.7292, current loss (val) 2.6618
Epoch 259, current loss (training) 2.7056, current loss (val) 2.7154
Epoch 260, current loss (training) 2.6865, current loss (val) 2.6639
Epoch 261, current loss (training) 2.4151, current loss (val) 2.5886
Epoch 262, current loss (training) 2.4400, current loss (val) 2.6977
Epoch 263, current loss (training) 2.5919, current loss (val) 2.6681
Epoch 264, current loss (training) 2.6833, current loss (val) 2.6005
Epoch 265, current loss (training) 2.7645, current loss (val) 2.7020
Epoch 266, current loss (training) 2.7264, current loss (val) 2.6713
Epoch 267, current loss (training) 2.5865, current loss (val) 2.7860
Epoch 268, current loss (training) 2.5762, current loss (val) 2.7118
Epoch 269, current loss (training) 2.6448, current loss (val) 2.6981
Epoch 270, current loss (training) 2.7268, current loss (val) 2.7799
Epoch 271, current loss (training) 2.8838, current loss (val) 2.6307
Epoch 272, current loss (training) 2.5424, current loss (val) 2.7061
Epoch 273, current loss (training) 2.6551, current loss (val) 2.6264
Epoch 274, current loss (training) 2.6780, current loss (val) 2.6874
Epoch 275, current loss (training) 2.5348, current loss (val) 2.6369
Epoch 276, current loss (training) 2.7972, current loss (val) 2.6406
Epoch 277, current loss (training) 2.5044, current loss (val) 2.6333
Epoch 278, current loss (training) 2.6866, current loss (val) 2.6564
Epoch 279, current loss (training) 2.6139, current loss (val) 2.6613
Epoch 280, current loss (training) 2.8728, current loss (val) 2.6662
Epoch 281, current loss (training) 2.7105, current loss (val) 2.7452
Epoch 282, current loss (training) 2.7127, current loss (val) 2.7341
Epoch 283, current loss (training) 2.5357, current loss (val) 2.6800
Epoch 284, current loss (training) 2.6508, current loss (val) 2.6780
Epoch 285, current loss (training) 2.9036, current loss (val) 2.6870
Epoch 286, current loss (training) 2.7004, current loss (val) 2.6992
Epoch 287, current loss (training) 2.6579, current loss (val) 2.6515
Epoch 288, current loss (training) 2.7532, current loss (val) 2.7038
Epoch 289, current loss (training) 2.8377, current loss (val) 2.5845
Epoch 290, current loss (training) 2.5383, current loss (val) 2.7019
Epoch 291, current loss (training) 2.5895, current loss (val) 2.6262
Epoch 292, current loss (training) 2.6805, current loss (val) 2.7861
Epoch 293, current loss (training) 2.4565, current loss (val) 2.7556
Epoch 294, current loss (training) 2.5752, current loss (val) 2.6682
Epoch 295, current loss (training) 2.5447, current loss (val) 2.6933
Epoch 296, current loss (training) 2.8858, current loss (val) 2.7730
Epoch 297, current loss (training) 2.6459, current loss (val) 2.5927
Epoch 298, current loss (training) 2.6377, current loss (val) 2.7587
Epoch 299, current loss (training) 2.4604, current loss (val) 2.6602
Epoch 300, current loss (training) 2.4608, current loss (val) 2.6472
Epoch 301, current loss (training) 2.6398, current loss (val) 2.6481
Epoch 302, current loss (training) 2.7559, current loss (val) 2.7114
Epoch 303, current loss (training) 2.7673, current loss (val) 2.7432
Epoch 304, current loss (training) 2.9603, current loss (val) 2.7025
Epoch 305, current loss (training) 2.5552, current loss (val) 2.5834
Epoch 306, current loss (training) 2.6134, current loss (val) 2.6498
Epoch 307, current loss (training) 2.6396, current loss (val) 2.6972
Epoch 308, current loss (training) 2.4445, current loss (val) 2.6682
Epoch 309, current loss (training) 2.8706, current loss (val) 2.7227
Epoch 310, current loss (training) 2.7799, current loss (val) 2.7891
Epoch 311, current loss (training) 2.7661, current loss (val) 2.6486
Epoch 312, current loss (training) 2.4448, current loss (val) 2.5728
Epoch 313, current loss (training) 2.6222, current loss (val) 2.6737
Epoch 314, current loss (training) 2.7280, current loss (val) 2.6057
Epoch 315, current loss (training) 2.5630, current loss (val) 2.6043
Epoch 316, current loss (training) 2.5841, current loss (val) 2.5941
Epoch 317, current loss (training) 2.6449, current loss (val) 2.6716
Epoch 318, current loss (training) 2.5687, current loss (val) 2.6645
Epoch 319, current loss (training) 2.6841, current loss (val) 2.7077
Epoch 320, current loss (training) 2.7066, current loss (val) 2.6560
Epoch 321, current loss (training) 2.7545, current loss (val) 2.6141
Epoch 322, current loss (training) 2.6597, current loss (val) 2.6542
Epoch 323, current loss (training) 2.8115, current loss (val) 2.8785
Epoch 324, current loss (training) 2.6884, current loss (val) 2.6434
Epoch 325, current loss (training) 2.5956, current loss (val) 2.7192
Epoch 326, current loss (training) 2.7558, current loss (val) 2.6448
Epoch 327, current loss (training) 2.7245, current loss (val) 2.5975
Epoch 328, current loss (training) 2.5737, current loss (val) 2.6499
Epoch 329, current loss (training) 2.5546, current loss (val) 2.6677
Epoch 330, current loss (training) 2.6928, current loss (val) 2.6767
Epoch 331, current loss (training) 2.8465, current loss (val) 2.6619
Epoch 332, current loss (training) 2.8288, current loss (val) 2.6555
Epoch 333, current loss (training) 2.8955, current loss (val) 2.6249
Epoch 334, current loss (training) 2.5673, current loss (val) 2.6783
Epoch 335, current loss (training) 2.3042, current loss (val) 2.5878
Epoch 336, current loss (training) 2.5757, current loss (val) 2.6191
Epoch 337, current loss (training) 2.6127, current loss (val) 2.7053
Epoch 338, current loss (training) 2.5599, current loss (val) 2.6945
Epoch 339, current loss (training) 2.5714, current loss (val) 2.7001
Epoch 340, current loss (training) 2.8432, current loss (val) 2.6860
Epoch 341, current loss (training) 2.6390, current loss (val) 2.7619
Epoch 342, current loss (training) 2.8713, current loss (val) 2.6563
Epoch 343, current loss (training) 2.7487, current loss (val) 2.6202
Epoch 344, current loss (training) 2.5044, current loss (val) 2.6463
Epoch 345, current loss (training) 2.7217, current loss (val) 2.6222
Epoch 346, current loss (training) 2.6264, current loss (val) 2.6832
Epoch 347, current loss (training) 3.1062, current loss (val) 2.6361
Epoch 348, current loss (training) 2.6377, current loss (val) 2.6143
Epoch 349, current loss (training) 2.6043, current loss (val) 2.6050
Epoch 350, current loss (training) 2.6519, current loss (val) 2.7267
Epoch 351, current loss (training) 2.6536, current loss (val) 2.7252
Epoch 352, current loss (training) 2.5309, current loss (val) 2.6292
Epoch 353, current loss (training) 2.8668, current loss (val) 2.6793
Epoch 354, current loss (training) 2.4354, current loss (val) 2.7023
Epoch 355, current loss (training) 2.4676, current loss (val) 2.5765
Epoch 356, current loss (training) 2.7532, current loss (val) 2.6113
Epoch 357, current loss (training) 2.5453, current loss (val) 2.7113
Epoch 358, current loss (training) 2.6489, current loss (val) 2.6208
Epoch 359, current loss (training) 2.6944, current loss (val) 2.8763
Epoch 360, current loss (training) 2.5392, current loss (val) 2.6951
Epoch 361, current loss (training) 2.7823, current loss (val) 2.7335
Epoch 362, current loss (training) 2.5897, current loss (val) 2.6887
Epoch 363, current loss (training) 2.5861, current loss (val) 2.6633
Epoch 364, current loss (training) 2.5320, current loss (val) 2.5898
Epoch 365, current loss (training) 2.5272, current loss (val) 2.5688
Epoch 366, current loss (training) 2.5250, current loss (val) 2.7474
Epoch 367, current loss (training) 2.5386, current loss (val) 2.5810
Epoch 368, current loss (training) 2.7248, current loss (val) 2.8609
Epoch 369, current loss (training) 2.6718, current loss (val) 2.6862
Epoch 370, current loss (training) 2.7247, current loss (val) 2.7293
Epoch 371, current loss (training) 2.5526, current loss (val) 2.6002
Epoch 372, current loss (training) 2.3545, current loss (val) 2.6706
Epoch 373, current loss (training) 2.3785, current loss (val) 2.6389
Epoch 374, current loss (training) 2.8256, current loss (val) 2.8286
Epoch 375, current loss (training) 2.6964, current loss (val) 2.6659
Epoch 376, current loss (training) 2.4768, current loss (val) 2.6133
Epoch 377, current loss (training) 2.6901, current loss (val) 2.5579
Epoch 378, current loss (training) 2.6585, current loss (val) 2.6756
Epoch 379, current loss (training) 2.5795, current loss (val) 2.6621
Epoch 380, current loss (training) 2.5620, current loss (val) 2.6321
Epoch 381, current loss (training) 2.4757, current loss (val) 2.6751
Epoch 382, current loss (training) 2.4965, current loss (val) 2.7076
Epoch 383, current loss (training) 2.6446, current loss (val) 2.5944
Epoch 384, current loss (training) 2.5619, current loss (val) 2.7237
Epoch 385, current loss (training) 2.6970, current loss (val) 2.7092
Epoch 386, current loss (training) 2.5129, current loss (val) 2.5280
Epoch 387, current loss (training) 2.6985, current loss (val) 2.7644
Epoch 388, current loss (training) 2.4463, current loss (val) 2.7180
Epoch 389, current loss (training) 2.7169, current loss (val) 2.6152
Epoch 390, current loss (training) 2.9302, current loss (val) 2.8787
Epoch 391, current loss (training) 2.6651, current loss (val) 2.6895
Epoch 392, current loss (training) 3.8225, current loss (val) 3.7781
Epoch 393, current loss (training) 2.6515, current loss (val) 2.6903
Epoch 394, current loss (training) 2.7831, current loss (val) 2.6475
Epoch 395, current loss (training) 2.6254, current loss (val) 2.6096
Epoch 396, current loss (training) 2.7573, current loss (val) 2.6579
Epoch 397, current loss (training) 2.5669, current loss (val) 2.6352
Epoch 398, current loss (training) 2.7124, current loss (val) 2.6496
Epoch 399, current loss (training) 2.5926, current loss (val) 2.6083
Epoch 400, current loss (training) 2.6722, current loss (val) 2.5737
Epoch 401, current loss (training) 2.8871, current loss (val) 2.7501
Epoch 402, current loss (training) 2.5311, current loss (val) 2.6224
Epoch 403, current loss (training) 2.6443, current loss (val) 2.5462
Epoch 404, current loss (training) 2.6955, current loss (val) 2.6068
Epoch 405, current loss (training) 2.5541, current loss (val) 2.6416
Epoch 406, current loss (training) 3.0453, current loss (val) 2.7264
Epoch 407, current loss (training) 2.8045, current loss (val) 2.7244
Epoch 408, current loss (training) 2.5127, current loss (val) 2.6695
Epoch 409, current loss (training) 2.4705, current loss (val) 2.6665
Epoch 410, current loss (training) 2.5804, current loss (val) 2.7125
Epoch 411, current loss (training) 2.3655, current loss (val) 2.6207
Epoch 412, current loss (training) 2.5012, current loss (val) 2.6237
Epoch 413, current loss (training) 2.6094, current loss (val) 2.5667
Epoch 414, current loss (training) 2.6126, current loss (val) 2.6767
Epoch 415, current loss (training) 2.6991, current loss (val) 2.5854
Epoch 416, current loss (training) 2.6443, current loss (val) 2.6272
Epoch 417, current loss (training) 2.6586, current loss (val) 2.6694
Epoch 418, current loss (training) 2.5229, current loss (val) 2.6575
Epoch 419, current loss (training) 2.7100, current loss (val) 2.7777
Epoch 420, current loss (training) 2.5013, current loss (val) 2.6170
Epoch 421, current loss (training) 2.6410, current loss (val) 2.6665
Epoch 422, current loss (training) 2.7171, current loss (val) 2.6086
Epoch 423, current loss (training) 2.7528, current loss (val) 2.6265
Epoch 424, current loss (training) 2.5942, current loss (val) 2.5878
Epoch 425, current loss (training) 2.5530, current loss (val) 2.6303
Epoch 426, current loss (training) 2.4228, current loss (val) 2.6767
Epoch 427, current loss (training) 2.4626, current loss (val) 2.5605
Epoch 428, current loss (training) 2.7705, current loss (val) 2.6595
Epoch 429, current loss (training) 2.6860, current loss (val) 2.6575
Epoch 430, current loss (training) 2.5553, current loss (val) 2.6222
Epoch 431, current loss (training) 2.6175, current loss (val) 2.6610
Epoch 432, current loss (training) 2.7442, current loss (val) 2.7705
Epoch 433, current loss (training) 2.5621, current loss (val) 2.6715
Epoch 434, current loss (training) 2.7833, current loss (val) 2.7176
Epoch 435, current loss (training) 2.3331, current loss (val) 2.6374
Epoch 436, current loss (training) 2.5280, current loss (val) 2.5401
Epoch 437, current loss (training) 2.3785, current loss (val) 2.5967
Epoch 438, current loss (training) 2.6189, current loss (val) 2.6642
Epoch 439, current loss (training) 2.4011, current loss (val) 2.6500
Epoch 440, current loss (training) 2.5753, current loss (val) 2.5622
Epoch 441, current loss (training) 2.5351, current loss (val) 2.5466
Epoch 442, current loss (training) 2.6432, current loss (val) 2.6956
Epoch 443, current loss (training) 2.6372, current loss (val) 2.6164
Epoch 444, current loss (training) 2.8776, current loss (val) 2.8082
Epoch 445, current loss (training) 2.6302, current loss (val) 2.6771
Epoch 446, current loss (training) 2.7726, current loss (val) 2.7238
Epoch 447, current loss (training) 2.6395, current loss (val) 2.6751
Epoch 448, current loss (training) 2.5911, current loss (val) 2.6105
Epoch 449, current loss (training) 2.5961, current loss (val) 2.6072
Epoch 450, current loss (training) 2.6920, current loss (val) 2.6417
Epoch 451, current loss (training) 2.5876, current loss (val) 2.5495
Epoch 452, current loss (training) 2.5568, current loss (val) 2.5739
Epoch 453, current loss (training) 2.6596, current loss (val) 2.7283
Epoch 454, current loss (training) 2.5551, current loss (val) 2.6874
Epoch 455, current loss (training) 2.5008, current loss (val) 2.6519
Epoch 456, current loss (training) 2.5338, current loss (val) 2.6370
Epoch 457, current loss (training) 2.5843, current loss (val) 2.6748
Epoch 458, current loss (training) 2.6525, current loss (val) 2.6763
Epoch 459, current loss (training) 2.6868, current loss (val) 2.6439
Epoch 460, current loss (training) 2.6735, current loss (val) 2.7147
Epoch 461, current loss (training) 2.5408, current loss (val) 2.6349
Epoch 462, current loss (training) 2.6059, current loss (val) 2.6057
Epoch 463, current loss (training) 2.6207, current loss (val) 2.6251
Epoch 464, current loss (training) 2.5914, current loss (val) 2.5993
Epoch 465, current loss (training) 2.5270, current loss (val) 2.6139
Epoch 466, current loss (training) 2.4235, current loss (val) 2.6246
Epoch 467, current loss (training) 2.4913, current loss (val) 2.6154
Epoch 468, current loss (training) 2.7587, current loss (val) 2.8043
Epoch 469, current loss (training) 2.4915, current loss (val) 2.6070
Epoch 470, current loss (training) 2.7125, current loss (val) 2.6906
Epoch 471, current loss (training) 2.4900, current loss (val) 2.5994
Epoch 472, current loss (training) 2.3713, current loss (val) 2.6271
Epoch 473, current loss (training) 2.6187, current loss (val) 2.6008
Epoch 474, current loss (training) 2.5754, current loss (val) 2.6159
Epoch 475, current loss (training) 2.8027, current loss (val) 2.7076
Epoch 476, current loss (training) 2.5480, current loss (val) 2.6502
Epoch 477, current loss (training) 2.6446, current loss (val) 2.6136
Epoch 478, current loss (training) 2.6139, current loss (val) 2.6024
Epoch 479, current loss (training) 2.5472, current loss (val) 2.5897
Epoch 480, current loss (training) 2.6104, current loss (val) 2.6458
Epoch 481, current loss (training) 2.5012, current loss (val) 2.6509
Epoch 482, current loss (training) 2.6363, current loss (val) 2.6098
Epoch 483, current loss (training) 2.5672, current loss (val) 2.7507
Epoch 484, current loss (training) 2.7605, current loss (val) 2.6710
Epoch 485, current loss (training) 2.8627, current loss (val) 2.6982
Epoch 486, current loss (training) 2.7337, current loss (val) 2.6680
Epoch 487, current loss (training) 2.3597, current loss (val) 2.6684
Epoch 488, current loss (training) 2.4559, current loss (val) 2.6165
Epoch 489, current loss (training) 2.7091, current loss (val) 2.7120
Epoch 490, current loss (training) 2.4204, current loss (val) 2.5578
Epoch 491, current loss (training) 2.6462, current loss (val) 2.6420
Epoch 492, current loss (training) 2.5350, current loss (val) 2.6562
Epoch 493, current loss (training) 2.5440, current loss (val) 2.6194
Epoch 494, current loss (training) 2.4022, current loss (val) 2.6270
Epoch 495, current loss (training) 2.5183, current loss (val) 2.6289
Epoch 496, current loss (training) 2.5636, current loss (val) 2.5759
Epoch 497, current loss (training) 2.5477, current loss (val) 2.6498
Epoch 498, current loss (training) 2.5036, current loss (val) 2.5617
Epoch 499, current loss (training) 2.6610, current loss (val) 2.6512
Epoch 500, current loss (training) 2.5044, current loss (val) 2.7082
run_time_first_training_cycle:  51310.09 

Epochs 500, batch size, 200
Nbr training obs 500000, nbr parameters 22214, obs/parameters 22.51

Starting abc-rs
Percentage done:  10.00 %
Percentage done:  20.00 %
Percentage done:  30.00 %
Percentage done:  40.00 %
Percentage done:  50.00 %
Percentage done:  60.00 %
Percentage done:  70.00 %
Percentage done:  80.00 %
Percentage done:  90.00 %
Percentage done:  100.00 %
Ending abc-rs
end script
Round:1
Round:5
Starting abc-rs
Percentage done:  10.00 %
Percentage done:  20.00 %
Percentage done:  30.00 %
Percentage done:  40.00 %
Percentage done:  50.00 %
Percentage done:  60.00 %
Percentage done:  70.00 %
Percentage done:  80.00 %
Percentage done:  90.00 %
Percentage done:  100.00 %
Ending abc-rs
254.710366 seconds (6.98 M allocations: 120.537 GiB, 1.77% gc time)
Round:9
Starting abc-rs
Percentage done:  10.00 %
Percentage done:  20.00 %
Percentage done:  30.00 %
Percentage done:  40.00 %
Percentage done:  50.00 %
Percentage done:  60.00 %
Percentage done:  70.00 %
Percentage done:  80.00 %
Percentage done:  90.00 %
Percentage done:  100.00 %
Ending abc-rs
247.619992 seconds (4.50 M allocations: 120.422 GiB, 1.72% gc time)
Round:13
Starting abc-rs
Percentage done:  10.00 %
Percentage done:  20.00 %
Percentage done:  30.00 %
Percentage done:  40.00 %
Percentage done:  50.00 %
Percentage done:  60.00 %
Percentage done:  70.00 %
Percentage done:  80.00 %
Percentage done:  90.00 %
Percentage done:  100.00 %
Ending abc-rs
250.404804 seconds (4.50 M allocations: 120.422 GiB, 1.71% gc time)
Round:17
Starting abc-rs
Percentage done:  10.00 %
Percentage done:  20.00 %
Percentage done:  30.00 %
Percentage done:  40.00 %
Percentage done:  50.00 %
Percentage done:  60.00 %
Percentage done:  70.00 %
Percentage done:  80.00 %
Percentage done:  90.00 %
Percentage done:  100.00 %
Ending abc-rs
247.346686 seconds (4.50 M allocations: 120.422 GiB, 1.71% gc time)
Round:21
Starting abc-rs
Percentage done:  10.00 %
Percentage done:  20.00 %
Percentage done:  30.00 %
Percentage done:  40.00 %
Percentage done:  50.00 %
Percentage done:  60.00 %
Percentage done:  70.00 %
Percentage done:  80.00 %
Percentage done:  90.00 %
Percentage done:  100.00 %
Ending abc-rs
249.140559 seconds (4.50 M allocations: 120.422 GiB, 1.73% gc time)
Round:25
Starting abc-rs
Percentage done:  10.00 %
Percentage done:  20.00 %
Percentage done:  30.00 %
Percentage done:  40.00 %
Percentage done:  50.00 %
Percentage done:  60.00 %
Percentage done:  70.00 %
Percentage done:  80.00 %
Percentage done:  90.00 %
Percentage done:  100.00 %
Ending abc-rs
247.653653 seconds (4.50 M allocations: 120.422 GiB, 1.73% gc time)
Round:29
Starting abc-rs
Percentage done:  10.00 %
Percentage done:  20.00 %
Percentage done:  30.00 %
Percentage done:  40.00 %
Percentage done:  50.00 %
Percentage done:  60.00 %
Percentage done:  70.00 %
Percentage done:  80.00 %
Percentage done:  90.00 %
Percentage done:  100.00 %
Ending abc-rs
251.793039 seconds (4.50 M allocations: 120.422 GiB, 1.71% gc time)
Round:33
Starting abc-rs
Percentage done:  10.00 %
Percentage done:  20.00 %
Percentage done:  30.00 %
Percentage done:  40.00 %
Percentage done:  50.00 %
Percentage done:  60.00 %
Percentage done:  70.00 %
Percentage done:  80.00 %
Percentage done:  90.00 %
Percentage done:  100.00 %
Ending abc-rs
249.271525 seconds (4.50 M allocations: 120.422 GiB, 1.71% gc time)
Round:37
Starting abc-rs
Percentage done:  10.00 %
Percentage done:  20.00 %
Percentage done:  30.00 %
Percentage done:  40.00 %
Percentage done:  50.00 %
Percentage done:  60.00 %
Percentage done:  70.00 %
Percentage done:  80.00 %
Percentage done:  90.00 %
Percentage done:  100.00 %
Ending abc-rs
250.442702 seconds (4.50 M allocations: 120.422 GiB, 1.74% gc time)
Round:41
Starting abc-rs
Percentage done:  10.00 %
Percentage done:  20.00 %
Percentage done:  30.00 %
Percentage done:  40.00 %
Percentage done:  50.00 %
Percentage done:  60.00 %
Percentage done:  70.00 %
Percentage done:  80.00 %
Percentage done:  90.00 %
Percentage done:  100.00 %
Ending abc-rs
252.555417 seconds (4.50 M allocations: 120.422 GiB, 1.71% gc time)
Round:45
Starting abc-rs
Percentage done:  10.00 %
Percentage done:  20.00 %
Percentage done:  30.00 %
Percentage done:  40.00 %
Percentage done:  50.00 %
Percentage done:  60.00 %
Percentage done:  70.00 %
Percentage done:  80.00 %
Percentage done:  90.00 %
Percentage done:  100.00 %
Ending abc-rs
254.447882 seconds (4.50 M allocations: 120.422 GiB, 1.70% gc time)
Round:49
Starting abc-rs
Percentage done:  10.00 %
Percentage done:  20.00 %
Percentage done:  30.00 %
Percentage done:  40.00 %
Percentage done:  50.00 %
Percentage done:  60.00 %
Percentage done:  70.00 %
Percentage done:  80.00 %
Percentage done:  90.00 %
Percentage done:  100.00 %
Ending abc-rs
252.905136 seconds (4.50 M allocations: 120.422 GiB, 1.68% gc time)
Round:53
Starting abc-rs
Percentage done:  10.00 %
Percentage done:  20.00 %
Percentage done:  30.00 %
Percentage done:  40.00 %
Percentage done:  50.00 %
Percentage done:  60.00 %
Percentage done:  70.00 %
Percentage done:  80.00 %
Percentage done:  90.00 %
Percentage done:  100.00 %
Ending abc-rs
253.070492 seconds (4.50 M allocations: 120.422 GiB, 1.72% gc time)
Round:57
Starting abc-rs
Percentage done:  10.00 %
Percentage done:  20.00 %
Percentage done:  30.00 %
Percentage done:  40.00 %
Percentage done:  50.00 %
Percentage done:  60.00 %
Percentage done:  70.00 %
Percentage done:  80.00 %
Percentage done:  90.00 %
Percentage done:  100.00 %
Ending abc-rs
251.766490 seconds (4.50 M allocations: 120.422 GiB, 1.70% gc time)
Round:61
Starting abc-rs
Percentage done:  10.00 %
Percentage done:  20.00 %
Percentage done:  30.00 %
Percentage done:  40.00 %
Percentage done:  50.00 %
Percentage done:  60.00 %
Percentage done:  70.00 %
Percentage done:  80.00 %
Percentage done:  90.00 %
Percentage done:  100.00 %
Ending abc-rs
254.103253 seconds (4.50 M allocations: 120.422 GiB, 1.70% gc time)
Round:65
Starting abc-rs
Percentage done:  10.00 %
Percentage done:  20.00 %
Percentage done:  30.00 %
Percentage done:  40.00 %
Percentage done:  50.00 %
Percentage done:  60.00 %
Percentage done:  70.00 %
Percentage done:  80.00 %
Percentage done:  90.00 %
Percentage done:  100.00 %
Ending abc-rs
253.082100 seconds (4.50 M allocations: 120.422 GiB, 1.69% gc time)
Round:69
Starting abc-rs
Percentage done:  10.00 %
Percentage done:  20.00 %
Percentage done:  30.00 %
Percentage done:  40.00 %
Percentage done:  50.00 %
Percentage done:  60.00 %
Percentage done:  70.00 %
Percentage done:  80.00 %
Percentage done:  90.00 %
Percentage done:  100.00 %
Ending abc-rs
253.146048 seconds (4.50 M allocations: 120.422 GiB, 1.75% gc time)
Round:73
Starting abc-rs
Percentage done:  10.00 %
Percentage done:  20.00 %
Percentage done:  30.00 %
Percentage done:  40.00 %
Percentage done:  50.00 %
Percentage done:  60.00 %
Percentage done:  70.00 %
Percentage done:  80.00 %
Percentage done:  90.00 %
Percentage done:  100.00 %
Ending abc-rs
251.625457 seconds (4.50 M allocations: 120.422 GiB, 1.73% gc time)
Round:77
Starting abc-rs
Percentage done:  10.00 %
Percentage done:  20.00 %
Percentage done:  30.00 %
Percentage done:  40.00 %
Percentage done:  50.00 %
Percentage done:  60.00 %
Percentage done:  70.00 %
Percentage done:  80.00 %
Percentage done:  90.00 %
Percentage done:  100.00 %
Ending abc-rs
254.612858 seconds (4.50 M allocations: 120.422 GiB, 1.71% gc time)
Round:81
Starting abc-rs
Percentage done:  10.00 %
Percentage done:  20.00 %
Percentage done:  30.00 %
Percentage done:  40.00 %
Percentage done:  50.00 %
Percentage done:  60.00 %
Percentage done:  70.00 %
Percentage done:  80.00 %
Percentage done:  90.00 %
Percentage done:  100.00 %
Ending abc-rs
253.015057 seconds (4.50 M allocations: 120.422 GiB, 1.68% gc time)
Round:85
Starting abc-rs
Percentage done:  10.00 %
Percentage done:  20.00 %
Percentage done:  30.00 %
Percentage done:  40.00 %
Percentage done:  50.00 %
Percentage done:  60.00 %
Percentage done:  70.00 %
Percentage done:  80.00 %
Percentage done:  90.00 %
Percentage done:  100.00 %
Ending abc-rs
254.868402 seconds (4.50 M allocations: 120.422 GiB, 1.71% gc time)
Round:89
Starting abc-rs
Percentage done:  10.00 %
Percentage done:  20.00 %
Percentage done:  30.00 %
Percentage done:  40.00 %
Percentage done:  50.00 %
Percentage done:  60.00 %
Percentage done:  70.00 %
Percentage done:  80.00 %
Percentage done:  90.00 %
Percentage done:  100.00 %
Ending abc-rs
253.055773 seconds (4.50 M allocations: 120.422 GiB, 1.70% gc time)
Round:93
Starting abc-rs
Percentage done:  10.00 %
Percentage done:  20.00 %
Percentage done:  30.00 %
Percentage done:  40.00 %
Percentage done:  50.00 %
Percentage done:  60.00 %
Percentage done:  70.00 %
Percentage done:  80.00 %
Percentage done:  90.00 %
Percentage done:  100.00 %
Ending abc-rs
257.016126 seconds (4.50 M allocations: 120.422 GiB, 1.71% gc time)
Round:97
Starting abc-rs
Percentage done:  10.00 %
Percentage done:  20.00 %
Percentage done:  30.00 %
Percentage done:  40.00 %
Percentage done:  50.00 %
Percentage done:  60.00 %
Percentage done:  70.00 %
Percentage done:  80.00 %
Percentage done:  90.00 %
Percentage done:  100.00 %
Ending abc-rs
254.539189 seconds (4.50 M allocations: 120.422 GiB, 1.68% gc time)
Round:101
Starting abc-rs
Percentage done:  10.00 %
Percentage done:  20.00 %
Percentage done:  30.00 %
Percentage done:  40.00 %
Percentage done:  50.00 %
Percentage done:  60.00 %
Percentage done:  70.00 %
Percentage done:  80.00 %
Percentage done:  90.00 %
Percentage done:  100.00 %
Ending abc-rs
254.610208 seconds (4.50 M allocations: 120.422 GiB, 1.72% gc time)
Round:105
Starting abc-rs
Percentage done:  10.00 %
Percentage done:  20.00 %
Percentage done:  30.00 %
Percentage done:  40.00 %
Percentage done:  50.00 %
Percentage done:  60.00 %
Percentage done:  70.00 %
Percentage done:  80.00 %
Percentage done:  90.00 %
Percentage done:  100.00 %
Ending abc-rs
252.624721 seconds (4.50 M allocations: 120.422 GiB, 1.70% gc time)
Round:109
Starting abc-rs
Percentage done:  10.00 %
Percentage done:  20.00 %
Percentage done:  30.00 %
Percentage done:  40.00 %
Percentage done:  50.00 %
Percentage done:  60.00 %
Percentage done:  70.00 %
Percentage done:  80.00 %
Percentage done:  90.00 %
Percentage done:  100.00 %
Ending abc-rs
256.114120 seconds (4.50 M allocations: 120.422 GiB, 1.71% gc time)
Round:113
Starting abc-rs
Percentage done:  10.00 %
Percentage done:  20.00 %
Percentage done:  30.00 %
Percentage done:  40.00 %
Percentage done:  50.00 %
Percentage done:  60.00 %
Percentage done:  70.00 %
Percentage done:  80.00 %
Percentage done:  90.00 %
Percentage done:  100.00 %
Ending abc-rs
254.190883 seconds (4.50 M allocations: 120.422 GiB, 1.69% gc time)
Round:117
Starting abc-rs
Percentage done:  10.00 %
Percentage done:  20.00 %
Percentage done:  30.00 %
Percentage done:  40.00 %
Percentage done:  50.00 %
Percentage done:  60.00 %
Percentage done:  70.00 %
Percentage done:  80.00 %
Percentage done:  90.00 %
Percentage done:  100.00 %
Ending abc-rs
254.834224 seconds (4.50 M allocations: 120.422 GiB, 1.71% gc time)
Round:121
Starting abc-rs
Percentage done:  10.00 %
Percentage done:  20.00 %
Percentage done:  30.00 %
Percentage done:  40.00 %
Percentage done:  50.00 %
Percentage done:  60.00 %
Percentage done:  70.00 %
Percentage done:  80.00 %
Percentage done:  90.00 %
Percentage done:  100.00 %
Ending abc-rs
253.319958 seconds (4.50 M allocations: 120.422 GiB, 1.70% gc time)
Round:125
Starting abc-rs
Percentage done:  10.00 %
Percentage done:  20.00 %
Percentage done:  30.00 %
Percentage done:  40.00 %
Percentage done:  50.00 %
Percentage done:  60.00 %
Percentage done:  70.00 %
Percentage done:  80.00 %
Percentage done:  90.00 %
Percentage done:  100.00 %
Ending abc-rs
257.194977 seconds (4.50 M allocations: 120.422 GiB, 1.70% gc time)
Round:129
Starting abc-rs
Percentage done:  10.00 %
Percentage done:  20.00 %
Percentage done:  30.00 %
Percentage done:  40.00 %
Percentage done:  50.00 %
Percentage done:  60.00 %
Percentage done:  70.00 %
Percentage done:  80.00 %
Percentage done:  90.00 %
Percentage done:  100.00 %
Ending abc-rs
255.357574 seconds (4.50 M allocations: 120.422 GiB, 1.69% gc time)
Round:133
Starting abc-rs
Percentage done:  10.00 %
Percentage done:  20.00 %
Percentage done:  30.00 %
Percentage done:  40.00 %
Percentage done:  50.00 %
Percentage done:  60.00 %
Percentage done:  70.00 %
Percentage done:  80.00 %
Percentage done:  90.00 %
Percentage done:  100.00 %
Ending abc-rs
256.260557 seconds (4.50 M allocations: 120.422 GiB, 1.70% gc time)
Round:137
Starting abc-rs
Percentage done:  10.00 %
Percentage done:  20.00 %
Percentage done:  30.00 %
Percentage done:  40.00 %
Percentage done:  50.00 %
Percentage done:  60.00 %
Percentage done:  70.00 %
Percentage done:  80.00 %
Percentage done:  90.00 %
Percentage done:  100.00 %
Ending abc-rs
254.259551 seconds (4.50 M allocations: 120.422 GiB, 1.68% gc time)
Round:141
Starting abc-rs
Percentage done:  10.00 %
Percentage done:  20.00 %
Percentage done:  30.00 %
Percentage done:  40.00 %
Percentage done:  50.00 %
Percentage done:  60.00 %
Percentage done:  70.00 %
Percentage done:  80.00 %
Percentage done:  90.00 %
Percentage done:  100.00 %
Ending abc-rs
257.400257 seconds (4.50 M allocations: 120.422 GiB, 1.70% gc time)
Round:145
Starting abc-rs
Percentage done:  10.00 %
Percentage done:  20.00 %
Percentage done:  30.00 %
Percentage done:  40.00 %
Percentage done:  50.00 %
Percentage done:  60.00 %
Percentage done:  70.00 %
Percentage done:  80.00 %
Percentage done:  90.00 %
Percentage done:  100.00 %
Ending abc-rs
253.914880 seconds (4.50 M allocations: 120.422 GiB, 1.70% gc time)
Round:149
Starting abc-rs
Percentage done:  10.00 %
Percentage done:  20.00 %
Percentage done:  30.00 %
Percentage done:  40.00 %
Percentage done:  50.00 %
Percentage done:  60.00 %
Percentage done:  70.00 %
Percentage done:  80.00 %
Percentage done:  90.00 %
Percentage done:  100.00 %
Ending abc-rs
254.346213 seconds (4.50 M allocations: 120.422 GiB, 1.72% gc time)
Round:153
Starting abc-rs
Percentage done:  10.00 %
Percentage done:  20.00 %
Percentage done:  30.00 %
Percentage done:  40.00 %
Percentage done:  50.00 %
Percentage done:  60.00 %
Percentage done:  70.00 %
Percentage done:  80.00 %
Percentage done:  90.00 %
Percentage done:  100.00 %
Ending abc-rs
252.560881 seconds (4.50 M allocations: 120.422 GiB, 1.71% gc time)
Round:157
Starting abc-rs
Percentage done:  10.00 %
Percentage done:  20.00 %
Percentage done:  30.00 %
Percentage done:  40.00 %
Percentage done:  50.00 %
Percentage done:  60.00 %
Percentage done:  70.00 %
Percentage done:  80.00 %
Percentage done:  90.00 %
Percentage done:  100.00 %
Ending abc-rs
255.476327 seconds (4.50 M allocations: 120.422 GiB, 1.72% gc time)
Round:161
Starting abc-rs
Percentage done:  10.00 %
Percentage done:  20.00 %
Percentage done:  30.00 %
Percentage done:  40.00 %
Percentage done:  50.00 %
Percentage done:  60.00 %
Percentage done:  70.00 %
Percentage done:  80.00 %
Percentage done:  90.00 %
Percentage done:  100.00 %
Ending abc-rs
252.702123 seconds (4.50 M allocations: 120.422 GiB, 1.70% gc time)
Round:165
Starting abc-rs
Percentage done:  10.00 %
Percentage done:  20.00 %
Percentage done:  30.00 %
Percentage done:  40.00 %
Percentage done:  50.00 %
Percentage done:  60.00 %
Percentage done:  70.00 %
Percentage done:  80.00 %
Percentage done:  90.00 %
Percentage done:  100.00 %
Ending abc-rs
253.997875 seconds (4.50 M allocations: 120.422 GiB, 1.72% gc time)
Round:169
Starting abc-rs
Percentage done:  10.00 %
Percentage done:  20.00 %
Percentage done:  30.00 %
Percentage done:  40.00 %
Percentage done:  50.00 %
Percentage done:  60.00 %
Percentage done:  70.00 %
Percentage done:  80.00 %
Percentage done:  90.00 %
Percentage done:  100.00 %
Ending abc-rs
252.742355 seconds (4.50 M allocations: 120.422 GiB, 1.70% gc time)
Round:173
Starting abc-rs
Percentage done:  10.00 %
Percentage done:  20.00 %
Percentage done:  30.00 %
Percentage done:  40.00 %
Percentage done:  50.00 %
Percentage done:  60.00 %
Percentage done:  70.00 %
Percentage done:  80.00 %
Percentage done:  90.00 %
Percentage done:  100.00 %
Ending abc-rs
255.426680 seconds (4.50 M allocations: 120.422 GiB, 1.72% gc time)
Round:177
Starting abc-rs
Percentage done:  10.00 %
Percentage done:  20.00 %
Percentage done:  30.00 %
Percentage done:  40.00 %
Percentage done:  50.00 %
Percentage done:  60.00 %
Percentage done:  70.00 %
Percentage done:  80.00 %
Percentage done:  90.00 %
Percentage done:  100.00 %
Ending abc-rs
252.828479 seconds (4.50 M allocations: 120.422 GiB, 1.69% gc time)
Round:181
Starting abc-rs
Percentage done:  10.00 %
Percentage done:  20.00 %
Percentage done:  30.00 %
Percentage done:  40.00 %
Percentage done:  50.00 %
Percentage done:  60.00 %
Percentage done:  70.00 %
Percentage done:  80.00 %
Percentage done:  90.00 %
Percentage done:  100.00 %
Ending abc-rs
253.465009 seconds (4.50 M allocations: 120.422 GiB, 1.71% gc time)
Round:185
Starting abc-rs
Percentage done:  10.00 %
Percentage done:  20.00 %
Percentage done:  30.00 %
Percentage done:  40.00 %
Percentage done:  50.00 %
Percentage done:  60.00 %
Percentage done:  70.00 %
Percentage done:  80.00 %
Percentage done:  90.00 %
Percentage done:  100.00 %
Ending abc-rs
252.031760 seconds (4.50 M allocations: 120.422 GiB, 1.70% gc time)
Round:189
Starting abc-rs
Percentage done:  10.00 %
Percentage done:  20.00 %
Percentage done:  30.00 %
Percentage done:  40.00 %
Percentage done:  50.00 %
Percentage done:  60.00 %
Percentage done:  70.00 %
Percentage done:  80.00 %
Percentage done:  90.00 %
Percentage done:  100.00 %
Ending abc-rs
254.673449 seconds (4.50 M allocations: 120.422 GiB, 1.72% gc time)
Round:193
Starting abc-rs
Percentage done:  10.00 %
Percentage done:  20.00 %
Percentage done:  30.00 %
Percentage done:  40.00 %
Percentage done:  50.00 %
Percentage done:  60.00 %
Percentage done:  70.00 %
Percentage done:  80.00 %
Percentage done:  90.00 %
Percentage done:  100.00 %
Ending abc-rs
250.424964 seconds (4.50 M allocations: 120.422 GiB, 1.71% gc time)
Round:197
Starting abc-rs
Percentage done:  10.00 %
Percentage done:  20.00 %
Percentage done:  30.00 %
Percentage done:  40.00 %
Percentage done:  50.00 %
Percentage done:  60.00 %
Percentage done:  70.00 %
Percentage done:  80.00 %
Percentage done:  90.00 %
Percentage done:  100.00 %
Ending abc-rs
252.201960 seconds (4.50 M allocations: 120.422 GiB, 1.74% gc time)
Round:201
Starting abc-rs
Percentage done:  10.00 %
Percentage done:  20.00 %
Percentage done:  30.00 %
Percentage done:  40.00 %
Percentage done:  50.00 %
Percentage done:  60.00 %
Percentage done:  70.00 %
Percentage done:  80.00 %
Percentage done:  90.00 %
Percentage done:  100.00 %
Ending abc-rs
250.823728 seconds (4.50 M allocations: 120.422 GiB, 1.72% gc time)
Round:205
Starting abc-rs
Percentage done:  10.00 %
Percentage done:  20.00 %
Percentage done:  30.00 %
Percentage done:  40.00 %
Percentage done:  50.00 %
Percentage done:  60.00 %
Percentage done:  70.00 %
Percentage done:  80.00 %
Percentage done:  90.00 %
Percentage done:  100.00 %
Ending abc-rs
253.705439 seconds (4.50 M allocations: 120.422 GiB, 1.74% gc time)
Round:209
Starting abc-rs
Percentage done:  10.00 %
Percentage done:  20.00 %
Percentage done:  30.00 %
Percentage done:  40.00 %
Percentage done:  50.00 %
Percentage done:  60.00 %
Percentage done:  70.00 %
Percentage done:  80.00 %
Percentage done:  90.00 %
Percentage done:  100.00 %
Ending abc-rs
251.433325 seconds (4.50 M allocations: 120.422 GiB, 1.82% gc time)
Round:213
Starting abc-rs
Percentage done:  10.00 %
Percentage done:  20.00 %
Percentage done:  30.00 %
Percentage done:  40.00 %
Percentage done:  50.00 %
Percentage done:  60.00 %
Percentage done:  70.00 %
Percentage done:  80.00 %
Percentage done:  90.00 %
Percentage done:  100.00 %
Ending abc-rs
251.612076 seconds (4.50 M allocations: 120.422 GiB, 1.76% gc time)
Round:217
Starting abc-rs
Percentage done:  10.00 %
Percentage done:  20.00 %
Percentage done:  30.00 %
Percentage done:  40.00 %
Percentage done:  50.00 %
Percentage done:  60.00 %
Percentage done:  70.00 %
Percentage done:  80.00 %
Percentage done:  90.00 %
Percentage done:  100.00 %
Ending abc-rs
245.189096 seconds (4.50 M allocations: 120.422 GiB, 1.72% gc time)
Round:221
Starting abc-rs
Percentage done:  10.00 %
Percentage done:  20.00 %
Percentage done:  30.00 %
Percentage done:  40.00 %
Percentage done:  50.00 %
Percentage done:  60.00 %
Percentage done:  70.00 %
Percentage done:  80.00 %
Percentage done:  90.00 %
Percentage done:  100.00 %
Ending abc-rs
248.350644 seconds (4.50 M allocations: 120.422 GiB, 1.72% gc time)
Round:225
Starting abc-rs
Percentage done:  10.00 %
Percentage done:  20.00 %
Percentage done:  30.00 %
Percentage done:  40.00 %
Percentage done:  50.00 %
Percentage done:  60.00 %
Percentage done:  70.00 %
Percentage done:  80.00 %
Percentage done:  90.00 %
Percentage done:  100.00 %
Ending abc-rs
245.261004 seconds (4.50 M allocations: 120.422 GiB, 1.71% gc time)
Round:229
Starting abc-rs
Percentage done:  10.00 %
Percentage done:  20.00 %
Percentage done:  30.00 %
Percentage done:  40.00 %
Percentage done:  50.00 %
Percentage done:  60.00 %
Percentage done:  70.00 %
Percentage done:  80.00 %
Percentage done:  90.00 %
Percentage done:  100.00 %
Ending abc-rs
246.615801 seconds (4.50 M allocations: 120.422 GiB, 1.73% gc time)
Round:233
Starting abc-rs
Percentage done:  10.00 %
Percentage done:  20.00 %
Percentage done:  30.00 %
Percentage done:  40.00 %
Percentage done:  50.00 %
Percentage done:  60.00 %
Percentage done:  70.00 %
Percentage done:  80.00 %
Percentage done:  90.00 %
Percentage done:  100.00 %
Ending abc-rs
246.237227 seconds (4.50 M allocations: 120.422 GiB, 1.72% gc time)
Round:237
Starting abc-rs
Percentage done:  10.00 %
Percentage done:  20.00 %
Percentage done:  30.00 %
Percentage done:  40.00 %
Percentage done:  50.00 %
Percentage done:  60.00 %
Percentage done:  70.00 %
Percentage done:  80.00 %
Percentage done:  90.00 %
Percentage done:  100.00 %
Ending abc-rs
249.690540 seconds (4.50 M allocations: 120.422 GiB, 1.70% gc time)
Round:241
Starting abc-rs
Percentage done:  10.00 %
Percentage done:  20.00 %
Percentage done:  30.00 %
Percentage done:  40.00 %
Percentage done:  50.00 %
Percentage done:  60.00 %
Percentage done:  70.00 %
Percentage done:  80.00 %
Percentage done:  90.00 %
Percentage done:  100.00 %
Ending abc-rs
246.905719 seconds (4.50 M allocations: 120.422 GiB, 1.70% gc time)
Round:245
Starting abc-rs
Percentage done:  10.00 %
Percentage done:  20.00 %
Percentage done:  30.00 %
Percentage done:  40.00 %
Percentage done:  50.00 %
Percentage done:  60.00 %
Percentage done:  70.00 %
Percentage done:  80.00 %
Percentage done:  90.00 %
Percentage done:  100.00 %
Ending abc-rs
247.772252 seconds (4.50 M allocations: 120.422 GiB, 1.71% gc time)
Round:249
Starting abc-rs
Percentage done:  10.00 %
Percentage done:  20.00 %
Percentage done:  30.00 %
Percentage done:  40.00 %
Percentage done:  50.00 %
Percentage done:  60.00 %
Percentage done:  70.00 %
Percentage done:  80.00 %
Percentage done:  90.00 %
Percentage done:  100.00 %
Ending abc-rs
248.915365 seconds (4.50 M allocations: 120.422 GiB, 1.70% gc time)
Round:253
Starting abc-rs
Percentage done:  10.00 %
Percentage done:  20.00 %
Percentage done:  30.00 %
Percentage done:  40.00 %
Percentage done:  50.00 %
Percentage done:  60.00 %
Percentage done:  70.00 %
Percentage done:  80.00 %
Percentage done:  90.00 %
Percentage done:  100.00 %
Ending abc-rs
251.105407 seconds (4.50 M allocations: 120.422 GiB, 1.69% gc time)
Round:257
Starting abc-rs
Percentage done:  10.00 %
Percentage done:  20.00 %
Percentage done:  30.00 %
Percentage done:  40.00 %
Percentage done:  50.00 %
Percentage done:  60.00 %
Percentage done:  70.00 %
Percentage done:  80.00 %
Percentage done:  90.00 %
Percentage done:  100.00 %
Ending abc-rs
250.373486 seconds (4.50 M allocations: 120.422 GiB, 1.68% gc time)
Round:261
Starting abc-rs
Percentage done:  10.00 %
Percentage done:  20.00 %
Percentage done:  30.00 %
Percentage done:  40.00 %
Percentage done:  50.00 %
Percentage done:  60.00 %
Percentage done:  70.00 %
Percentage done:  80.00 %
Percentage done:  90.00 %
Percentage done:  100.00 %
Ending abc-rs
251.074742 seconds (4.50 M allocations: 120.422 GiB, 1.73% gc time)
Round:265
Starting abc-rs
Percentage done:  10.00 %
Percentage done:  20.00 %
Percentage done:  30.00 %
Percentage done:  40.00 %
Percentage done:  50.00 %
Percentage done:  60.00 %
Percentage done:  70.00 %
Percentage done:  80.00 %
Percentage done:  90.00 %
Percentage done:  100.00 %
Ending abc-rs
249.806493 seconds (4.50 M allocations: 120.422 GiB, 1.70% gc time)
Round:269
Starting abc-rs
Percentage done:  10.00 %
Percentage done:  20.00 %
Percentage done:  30.00 %
Percentage done:  40.00 %
Percentage done:  50.00 %
Percentage done:  60.00 %
Percentage done:  70.00 %
Percentage done:  80.00 %
Percentage done:  90.00 %
Percentage done:  100.00 %
Ending abc-rs
251.274507 seconds (4.50 M allocations: 120.422 GiB, 1.71% gc time)
Round:273
Starting abc-rs
Percentage done:  10.00 %
Percentage done:  20.00 %
Percentage done:  30.00 %
Percentage done:  40.00 %
Percentage done:  50.00 %
Percentage done:  60.00 %
Percentage done:  70.00 %
Percentage done:  80.00 %
Percentage done:  90.00 %
Percentage done:  100.00 %
Ending abc-rs
250.558947 seconds (4.50 M allocations: 120.422 GiB, 1.68% gc time)
Round:277
Starting abc-rs
Percentage done:  10.00 %
Percentage done:  20.00 %
Percentage done:  30.00 %
Percentage done:  40.00 %
Percentage done:  50.00 %
Percentage done:  60.00 %
Percentage done:  70.00 %
Percentage done:  80.00 %
Percentage done:  90.00 %
Percentage done:  100.00 %
Ending abc-rs
250.635225 seconds (4.50 M allocations: 120.422 GiB, 1.73% gc time)
Round:281
Starting abc-rs
Percentage done:  10.00 %
Percentage done:  20.00 %
Percentage done:  30.00 %
Percentage done:  40.00 %
Percentage done:  50.00 %
Percentage done:  60.00 %
Percentage done:  70.00 %
Percentage done:  80.00 %
Percentage done:  90.00 %
Percentage done:  100.00 %
Ending abc-rs
248.924053 seconds (4.50 M allocations: 120.422 GiB, 1.71% gc time)
Round:285
Starting abc-rs
Percentage done:  10.00 %
Percentage done:  20.00 %
Percentage done:  30.00 %
Percentage done:  40.00 %
Percentage done:  50.00 %
Percentage done:  60.00 %
Percentage done:  70.00 %
Percentage done:  80.00 %
Percentage done:  90.00 %
Percentage done:  100.00 %
Ending abc-rs
251.010079 seconds (4.50 M allocations: 120.422 GiB, 1.70% gc time)
Round:289
Starting abc-rs
Percentage done:  10.00 %
Percentage done:  20.00 %
Percentage done:  30.00 %
Percentage done:  40.00 %
Percentage done:  50.00 %
Percentage done:  60.00 %
Percentage done:  70.00 %
Percentage done:  80.00 %
Percentage done:  90.00 %
Percentage done:  100.00 %
Ending abc-rs
249.406390 seconds (4.50 M allocations: 120.422 GiB, 1.67% gc time)
Round:293
Starting abc-rs
Percentage done:  10.00 %
Percentage done:  20.00 %
Percentage done:  30.00 %
Percentage done:  40.00 %
Percentage done:  50.00 %
Percentage done:  60.00 %
Percentage done:  70.00 %
Percentage done:  80.00 %
Percentage done:  90.00 %
Percentage done:  100.00 %
Ending abc-rs
250.861405 seconds (4.50 M allocations: 120.422 GiB, 1.70% gc time)
Round:297
Starting abc-rs
Percentage done:  10.00 %
Percentage done:  20.00 %
Percentage done:  30.00 %
Percentage done:  40.00 %
Percentage done:  50.00 %
Percentage done:  60.00 %
Percentage done:  70.00 %
Percentage done:  80.00 %
Percentage done:  90.00 %
Percentage done:  100.00 %
Ending abc-rs
249.562605 seconds (4.50 M allocations: 120.422 GiB, 1.68% gc time)
Round:301
Starting abc-rs
Percentage done:  10.00 %
Percentage done:  20.00 %
Percentage done:  30.00 %
Percentage done:  40.00 %
Percentage done:  50.00 %
Percentage done:  60.00 %
Percentage done:  70.00 %
Percentage done:  80.00 %
Percentage done:  90.00 %
Percentage done:  100.00 %
Ending abc-rs
254.084530 seconds (4.50 M allocations: 120.422 GiB, 1.69% gc time)
Round:305
Starting abc-rs
Percentage done:  10.00 %
Percentage done:  20.00 %
Percentage done:  30.00 %
Percentage done:  40.00 %
Percentage done:  50.00 %
Percentage done:  60.00 %
Percentage done:  70.00 %
Percentage done:  80.00 %
Percentage done:  90.00 %
Percentage done:  100.00 %
Ending abc-rs
252.310118 seconds (4.50 M allocations: 120.422 GiB, 1.67% gc time)
Round:309
Starting abc-rs
Percentage done:  10.00 %
Percentage done:  20.00 %
Percentage done:  30.00 %
Percentage done:  40.00 %
Percentage done:  50.00 %
Percentage done:  60.00 %
Percentage done:  70.00 %
Percentage done:  80.00 %
Percentage done:  90.00 %
Percentage done:  100.00 %
Ending abc-rs
252.214194 seconds (4.50 M allocations: 120.422 GiB, 1.70% gc time)
Round:313
Starting abc-rs
Percentage done:  10.00 %
Percentage done:  20.00 %
Percentage done:  30.00 %
Percentage done:  40.00 %
Percentage done:  50.00 %
Percentage done:  60.00 %
Percentage done:  70.00 %
Percentage done:  80.00 %
Percentage done:  90.00 %
Percentage done:  100.00 %
Ending abc-rs
250.249433 seconds (4.50 M allocations: 120.422 GiB, 1.68% gc time)
Round:317
Starting abc-rs
Percentage done:  10.00 %
Percentage done:  20.00 %
Percentage done:  30.00 %
Percentage done:  40.00 %
Percentage done:  50.00 %
Percentage done:  60.00 %
Percentage done:  70.00 %
Percentage done:  80.00 %
Percentage done:  90.00 %
Percentage done:  100.00 %
Ending abc-rs
253.252195 seconds (4.50 M allocations: 120.422 GiB, 1.70% gc time)
Round:321
Starting abc-rs
Percentage done:  10.00 %
Percentage done:  20.00 %
Percentage done:  30.00 %
Percentage done:  40.00 %
Percentage done:  50.00 %
Percentage done:  60.00 %
Percentage done:  70.00 %
Percentage done:  80.00 %
Percentage done:  90.00 %
Percentage done:  100.00 %
Ending abc-rs
251.057285 seconds (4.50 M allocations: 120.422 GiB, 1.67% gc time)
Round:325
Starting abc-rs
Percentage done:  10.00 %
Percentage done:  20.00 %
Percentage done:  30.00 %
Percentage done:  40.00 %
Percentage done:  50.00 %
Percentage done:  60.00 %
Percentage done:  70.00 %
Percentage done:  80.00 %
Percentage done:  90.00 %
Percentage done:  100.00 %
Ending abc-rs
251.729751 seconds (4.50 M allocations: 120.422 GiB, 1.70% gc time)
Round:329
Starting abc-rs
Percentage done:  10.00 %
Percentage done:  20.00 %
Percentage done:  30.00 %
Percentage done:  40.00 %
Percentage done:  50.00 %
Percentage done:  60.00 %
Percentage done:  70.00 %
Percentage done:  80.00 %
Percentage done:  90.00 %
Percentage done:  100.00 %
Ending abc-rs
249.859436 seconds (4.50 M allocations: 120.422 GiB, 1.68% gc time)
Round:333
Starting abc-rs
Percentage done:  10.00 %
Percentage done:  20.00 %
Percentage done:  30.00 %
Percentage done:  40.00 %
Percentage done:  50.00 %
Percentage done:  60.00 %
Percentage done:  70.00 %
Percentage done:  80.00 %
Percentage done:  90.00 %
Percentage done:  100.00 %
Ending abc-rs
253.347017 seconds (4.50 M allocations: 120.422 GiB, 1.68% gc time)
Round:337
Starting abc-rs
Percentage done:  10.00 %
Percentage done:  20.00 %
Percentage done:  30.00 %
Percentage done:  40.00 %
Percentage done:  50.00 %
Percentage done:  60.00 %
Percentage done:  70.00 %
Percentage done:  80.00 %
Percentage done:  90.00 %
Percentage done:  100.00 %
Ending abc-rs
251.214067 seconds (4.50 M allocations: 120.422 GiB, 1.66% gc time)
Round:341
Starting abc-rs
Percentage done:  10.00 %
Percentage done:  20.00 %
Percentage done:  30.00 %
Percentage done:  40.00 %
Percentage done:  50.00 %
Percentage done:  60.00 %
Percentage done:  70.00 %
Percentage done:  80.00 %
Percentage done:  90.00 %
Percentage done:  100.00 %
Ending abc-rs
252.207321 seconds (4.50 M allocations: 120.422 GiB, 1.68% gc time)
Round:345
Starting abc-rs
Percentage done:  10.00 %
Percentage done:  20.00 %
Percentage done:  30.00 %
Percentage done:  40.00 %
Percentage done:  50.00 %
Percentage done:  60.00 %
Percentage done:  70.00 %
Percentage done:  80.00 %
Percentage done:  90.00 %
Percentage done:  100.00 %
Ending abc-rs
251.105169 seconds (4.50 M allocations: 120.422 GiB, 1.67% gc time)
Round:349
Starting abc-rs
Percentage done:  10.00 %
Percentage done:  20.00 %
Percentage done:  30.00 %
Percentage done:  40.00 %
Percentage done:  50.00 %
Percentage done:  60.00 %
Percentage done:  70.00 %
Percentage done:  80.00 %
Percentage done:  90.00 %
Percentage done:  100.00 %
Ending abc-rs
254.230143 seconds (4.50 M allocations: 120.422 GiB, 1.69% gc time)
Round:353
Starting abc-rs
Percentage done:  10.00 %
Percentage done:  20.00 %
Percentage done:  30.00 %
Percentage done:  40.00 %
Percentage done:  50.00 %
Percentage done:  60.00 %
Percentage done:  70.00 %
Percentage done:  80.00 %
Percentage done:  90.00 %
Percentage done:  100.00 %
Ending abc-rs
250.794982 seconds (4.50 M allocations: 120.422 GiB, 1.67% gc time)
Round:357
Starting abc-rs
Percentage done:  10.00 %
Percentage done:  20.00 %
Percentage done:  30.00 %
Percentage done:  40.00 %
Percentage done:  50.00 %
Percentage done:  60.00 %
Percentage done:  70.00 %
Percentage done:  80.00 %
Percentage done:  90.00 %
Percentage done:  100.00 %
Ending abc-rs
251.296357 seconds (4.50 M allocations: 120.422 GiB, 1.71% gc time)
Round:361
Starting abc-rs
Percentage done:  10.00 %
Percentage done:  20.00 %
Percentage done:  30.00 %
Percentage done:  40.00 %
Percentage done:  50.00 %
Percentage done:  60.00 %
Percentage done:  70.00 %
Percentage done:  80.00 %
Percentage done:  90.00 %
Percentage done:  100.00 %
Ending abc-rs
263.307624 seconds (4.50 M allocations: 120.422 GiB, 1.82% gc time)
Round:365
Starting abc-rs
Percentage done:  10.00 %
Percentage done:  20.00 %
Percentage done:  30.00 %
Percentage done:  40.00 %
Percentage done:  50.00 %
Percentage done:  60.00 %
Percentage done:  70.00 %
Percentage done:  80.00 %
Percentage done:  90.00 %
Percentage done:  100.00 %
Ending abc-rs
262.644026 seconds (4.50 M allocations: 120.422 GiB, 1.82% gc time)
Round:369
Starting abc-rs
Percentage done:  10.00 %
Percentage done:  20.00 %
Percentage done:  30.00 %
Percentage done:  40.00 %
Percentage done:  50.00 %
Percentage done:  60.00 %
Percentage done:  70.00 %
Percentage done:  80.00 %
Percentage done:  90.00 %
Percentage done:  100.00 %
Ending abc-rs
260.238857 seconds (4.50 M allocations: 120.422 GiB, 1.80% gc time)
Round:373
Starting abc-rs
Percentage done:  10.00 %
Percentage done:  20.00 %
Percentage done:  30.00 %
Percentage done:  40.00 %
Percentage done:  50.00 %
Percentage done:  60.00 %
Percentage done:  70.00 %
Percentage done:  80.00 %
Percentage done:  90.00 %
Percentage done:  100.00 %
Ending abc-rs
258.265811 seconds (4.50 M allocations: 120.422 GiB, 1.79% gc time)
Round:377
Starting abc-rs
Percentage done:  10.00 %
Percentage done:  20.00 %
Percentage done:  30.00 %
Percentage done:  40.00 %
Percentage done:  50.00 %
Percentage done:  60.00 %
Percentage done:  70.00 %
Percentage done:  80.00 %
Percentage done:  90.00 %
Percentage done:  100.00 %
Ending abc-rs
255.502309 seconds (4.50 M allocations: 120.422 GiB, 1.77% gc time)
Round:381
Starting abc-rs
Percentage done:  10.00 %
Percentage done:  20.00 %
Percentage done:  30.00 %
Percentage done:  40.00 %
Percentage done:  50.00 %
Percentage done:  60.00 %
Percentage done:  70.00 %
Percentage done:  80.00 %
Percentage done:  90.00 %
Percentage done:  100.00 %
Ending abc-rs
255.278185 seconds (4.50 M allocations: 120.422 GiB, 1.74% gc time)
Round:385
Starting abc-rs
Percentage done:  10.00 %
Percentage done:  20.00 %
Percentage done:  30.00 %
Percentage done:  40.00 %
Percentage done:  50.00 %
Percentage done:  60.00 %
Percentage done:  70.00 %
Percentage done:  80.00 %
Percentage done:  90.00 %
Percentage done:  100.00 %
Ending abc-rs
254.042119 seconds (4.50 M allocations: 120.422 GiB, 1.71% gc time)
Round:389
Starting abc-rs
Percentage done:  10.00 %
Percentage done:  20.00 %
Percentage done:  30.00 %
Percentage done:  40.00 %
Percentage done:  50.00 %
Percentage done:  60.00 %
Percentage done:  70.00 %
Percentage done:  80.00 %
Percentage done:  90.00 %
Percentage done:  100.00 %
Ending abc-rs
251.086720 seconds (4.50 M allocations: 120.422 GiB, 1.71% gc time)
Round:393
Starting abc-rs
Percentage done:  10.00 %
Percentage done:  20.00 %
Percentage done:  30.00 %
Percentage done:  40.00 %
Percentage done:  50.00 %
Percentage done:  60.00 %
Percentage done:  70.00 %
Percentage done:  80.00 %
Percentage done:  90.00 %
Percentage done:  100.00 %
Ending abc-rs
253.774413 seconds (4.50 M allocations: 120.422 GiB, 1.68% gc time)
Round:397
Starting abc-rs
Percentage done:  10.00 %
Percentage done:  20.00 %
Percentage done:  30.00 %
Percentage done:  40.00 %
Percentage done:  50.00 %
Percentage done:  60.00 %
Percentage done:  70.00 %
Percentage done:  80.00 %
Percentage done:  90.00 %
Percentage done:  100.00 %
Ending abc-rs
253.536368 seconds (4.50 M allocations: 120.422 GiB, 1.69% gc time)
