Mon Oct 29 20:44:49 2018       
+-----------------------------------------------------------------------------+
| NVIDIA-SMI 396.44                 Driver Version: 396.44                    |
|-------------------------------+----------------------+----------------------+
| GPU  Name        Persistence-M| Bus-Id        Disp.A | Volatile Uncorr. ECC |
| Fan  Temp  Perf  Pwr:Usage/Cap|         Memory-Usage | GPU-Util  Compute M. |
|===============================+======================+======================|
|   0  Tesla K80           On   | 00000000:04:00.0 Off |                    0 |
| N/A   23C    P8    26W / 149W |      0MiB / 11441MiB |      0%      Default |
+-------------------------------+----------------------+----------------------+
|   1  Tesla K80           On   | 00000000:05:00.0 Off |                    0 |
| N/A   29C    P8    29W / 149W |      0MiB / 11441MiB |      0%      Default |
+-------------------------------+----------------------+----------------------+
|   2  Tesla K80           On   | 00000000:84:00.0 Off |                    0 |
| N/A   25C    P8    26W / 149W |      0MiB / 11441MiB |      0%      Default |
+-------------------------------+----------------------+----------------------+
|   3  Tesla K80           On   | 00000000:85:00.0 Off |                    0 |
| N/A   29C    P8    29W / 149W |      0MiB / 11441MiB |      0%      Default |
+-------------------------------+----------------------+----------------------+
                                                                               
+-----------------------------------------------------------------------------+
| Processes:                                                       GPU Memory |
|  GPU       PID   Type   Process name                             Usage      |
|=============================================================================|
|  No running processes found                                                 |
+-----------------------------------------------------------------------------+
/home/samwiq/ABC and deep learning project/abc-dl/lunarc
/home/samwiq/ABC and deep learning project/abc-dl
start script
500
check version of Knet
    Status `~/.julia/environments/v1.0/Project.toml`
  [336ed68f] CSV v0.3.1
  [a93c6f00] DataFrames v0.13.1
  [31c24e10] Distributions v0.16.4
  [1902f260] Knet v1.1.0
  [6f286f6a] MultivariateStats v0.6.0 #master (https://github.com/JuliaStats/MultivariateStats.jl.git)
  [2913bbd2] StatsBase v0.25.0
  [4c63d2b9] StatsFuns v0.7.0
build Knet
  Building SpecialFunctions → `~/.julia/packages/SpecialFunctions/KvXoO/deps/build.log`
  Building CodecZlib ───────→ `~/.julia/packages/CodecZlib/wwgbh/deps/build.log`
  Building Knet ────────────→ `~/.julia/packages/Knet/hxjeS/deps/build.log`
test gpu
4
-1
0
Loading g-and-k model
Loading g-and-k model
Starting: generate_parameter_data_pairs
Percentage done:  10.00 %
Percentage done:  20.00 %
Percentage done:  30.00 %
Percentage done:  40.00 %
Percentage done:  50.00 %
Percentage done:  60.00 %
Percentage done:  70.00 %
Percentage done:  80.00 %
Percentage done:  90.00 %
Percentage done:  100.00 %
Starting: generate_parameter_data_pairs
Percentage done:  2.00 %
Percentage done:  4.00 %
Percentage done:  6.00 %
Percentage done:  8.00 %
Percentage done:  10.00 %
Percentage done:  12.00 %
Percentage done:  14.00 %
Percentage done:  16.00 %
Percentage done:  18.00 %
Percentage done:  20.00 %
Percentage done:  22.00 %
Percentage done:  24.00 %
Percentage done:  26.00 %
Percentage done:  28.00 %
Percentage done:  30.00 %
Percentage done:  32.00 %
Percentage done:  34.00 %
Percentage done:  36.00 %
Percentage done:  38.00 %
Percentage done:  40.00 %
Percentage done:  42.00 %
Percentage done:  44.00 %
Percentage done:  46.00 %
Percentage done:  48.00 %
Percentage done:  50.00 %
Percentage done:  52.00 %
Percentage done:  54.00 %
Percentage done:  56.00 %
Percentage done:  58.00 %
Percentage done:  60.00 %
Percentage done:  62.00 %
Percentage done:  64.00 %
Percentage done:  66.00 %
Percentage done:  68.00 %
Percentage done:  70.00 %
Percentage done:  72.00 %
Percentage done:  74.00 %
Percentage done:  76.00 %
Percentage done:  78.00 %
Percentage done:  80.00 %
Percentage done:  82.00 %
Percentage done:  84.00 %
Percentage done:  86.00 %
Percentage done:  88.00 %
Percentage done:  90.00 %
Percentage done:  92.00 %
Percentage done:  94.00 %
Percentage done:  96.00 %
Percentage done:  98.00 %
Percentage done:  100.00 %
Starting: generate_parameter_data_pairs
Percentage done:  5.00 %
Percentage done:  10.00 %
Percentage done:  15.00 %
Percentage done:  20.00 %
Percentage done:  25.00 %
Percentage done:  30.00 %
Percentage done:  35.00 %
Percentage done:  40.00 %
Percentage done:  45.00 %
Percentage done:  50.00 %
Percentage done:  55.00 %
Percentage done:  60.00 %
Percentage done:  65.00 %
Percentage done:  70.00 %
Percentage done:  75.00 %
Percentage done:  80.00 %
Percentage done:  85.00 %
Percentage done:  90.00 %
Percentage done:  95.00 %
Percentage done:  100.00 %
Starting: generate_parameter_data_pairs
139.395240 seconds (25.49 M allocations: 33.849 GiB, 1.83% gc time)
Nbr training obs 10000, nbr parameters 25454, obs/parameters 0.39
0
  0.559181 seconds (824.63 k allocations: 40.835 MiB, 2.57% gc time)
  0.445789 seconds (1.08 M allocations: 56.735 MiB, 2.90% gc time)
  2.971053 seconds (6.63 M allocations: 351.503 MiB, 4.28% gc time)
  0.002815 seconds (112 allocations: 161.344 KiB)
Starting training
Epoch 1, current loss (training) 15.0449, current loss (val) 14.5259
Epoch 2, current loss (training) 14.9871, current loss (val) 14.2574
Epoch 3, current loss (training) 14.2235, current loss (val) 13.7258
Epoch 4, current loss (training) 13.2101, current loss (val) 12.6201
Epoch 5, current loss (training) 13.2449, current loss (val) 12.3763
Epoch 6, current loss (training) 12.9547, current loss (val) 12.2174
Epoch 7, current loss (training) 12.0770, current loss (val) 11.8580
Epoch 8, current loss (training) 11.5902, current loss (val) 11.5138
Epoch 9, current loss (training) 11.2665, current loss (val) 10.8322
Epoch 10, current loss (training) 10.8292, current loss (val) 10.6648
Epoch 11, current loss (training) 10.8597, current loss (val) 10.4889
Epoch 12, current loss (training) 10.7490, current loss (val) 10.4753
Epoch 13, current loss (training) 11.0943, current loss (val) 10.3364
Epoch 14, current loss (training) 11.2356, current loss (val) 10.3034
Epoch 15, current loss (training) 10.0615, current loss (val) 10.1981
Epoch 16, current loss (training) 10.8312, current loss (val) 10.1214
Epoch 17, current loss (training) 10.4563, current loss (val) 10.0867
Epoch 18, current loss (training) 10.2266, current loss (val) 10.0583
Epoch 19, current loss (training) 10.7113, current loss (val) 10.0447
Epoch 20, current loss (training) 10.7660, current loss (val) 10.0489
Epoch 21, current loss (training) 10.4023, current loss (val) 9.9348
Epoch 22, current loss (training) 10.2985, current loss (val) 9.7930
Epoch 23, current loss (training) 9.6687, current loss (val) 9.6009
Epoch 24, current loss (training) 10.4582, current loss (val) 9.5120
Epoch 25, current loss (training) 10.1353, current loss (val) 9.1179
Epoch 26, current loss (training) 9.1354, current loss (val) 8.8153
Epoch 27, current loss (training) 9.5278, current loss (val) 8.9058
Epoch 28, current loss (training) 9.4892, current loss (val) 8.4740
Epoch 29, current loss (training) 8.5854, current loss (val) 8.4634
Epoch 30, current loss (training) 8.3605, current loss (val) 8.0513
Epoch 31, current loss (training) 7.9709, current loss (val) 7.6854
Epoch 32, current loss (training) 8.2926, current loss (val) 7.9691
Epoch 33, current loss (training) 8.5551, current loss (val) 7.4514
Epoch 34, current loss (training) 8.0187, current loss (val) 7.6415
Epoch 35, current loss (training) 7.7294, current loss (val) 7.2526
Epoch 36, current loss (training) 7.4767, current loss (val) 7.3264
Epoch 37, current loss (training) 7.5806, current loss (val) 7.0926
Epoch 38, current loss (training) 8.1558, current loss (val) 7.1449
Epoch 39, current loss (training) 7.5368, current loss (val) 7.3171
Epoch 40, current loss (training) 7.6471, current loss (val) 6.8760
Epoch 41, current loss (training) 6.7827, current loss (val) 6.6853
Epoch 42, current loss (training) 7.0065, current loss (val) 6.5896
Epoch 43, current loss (training) 6.2131, current loss (val) 6.4035
Epoch 44, current loss (training) 6.6585, current loss (val) 6.5043
Epoch 45, current loss (training) 6.8735, current loss (val) 6.4688
Epoch 46, current loss (training) 6.7521, current loss (val) 6.3837
Epoch 47, current loss (training) 6.6305, current loss (val) 6.2063
Epoch 48, current loss (training) 6.4429, current loss (val) 6.2447
Epoch 49, current loss (training) 6.5115, current loss (val) 6.3567
Epoch 50, current loss (training) 6.2041, current loss (val) 6.0142
Epoch 51, current loss (training) 6.4850, current loss (val) 6.1605
Epoch 52, current loss (training) 6.3613, current loss (val) 6.1526
Epoch 53, current loss (training) 6.6425, current loss (val) 6.2078
Epoch 54, current loss (training) 6.4281, current loss (val) 6.3385
Epoch 55, current loss (training) 6.7126, current loss (val) 6.1564
Epoch 56, current loss (training) 7.1460, current loss (val) 6.9411
Epoch 57, current loss (training) 6.3650, current loss (val) 5.8492
Epoch 58, current loss (training) 6.2107, current loss (val) 5.9175
Epoch 59, current loss (training) 6.0603, current loss (val) 6.0419
Epoch 60, current loss (training) 6.2176, current loss (val) 5.9139
Epoch 61, current loss (training) 7.9719, current loss (val) 7.2251
Epoch 62, current loss (training) 6.1141, current loss (val) 5.7609
Epoch 63, current loss (training) 6.3192, current loss (val) 5.7827
Epoch 64, current loss (training) 6.8223, current loss (val) 6.4074
Epoch 65, current loss (training) 6.3483, current loss (val) 5.8259
Epoch 66, current loss (training) 6.4704, current loss (val) 5.8366
Epoch 67, current loss (training) 6.3965, current loss (val) 5.5578
Epoch 68, current loss (training) 6.2243, current loss (val) 5.6166
Epoch 69, current loss (training) 5.9632, current loss (val) 5.7333
Epoch 70, current loss (training) 5.9838, current loss (val) 5.8607
Epoch 71, current loss (training) 5.9285, current loss (val) 5.5676
Epoch 72, current loss (training) 6.0615, current loss (val) 5.4856
Epoch 73, current loss (training) 5.5087, current loss (val) 5.6593
Epoch 74, current loss (training) 6.1993, current loss (val) 5.8801
Epoch 75, current loss (training) 6.2032, current loss (val) 5.8809
Epoch 76, current loss (training) 6.2555, current loss (val) 5.7604
Epoch 77, current loss (training) 6.0279, current loss (val) 5.7013
Epoch 78, current loss (training) 6.2539, current loss (val) 6.0014
Epoch 79, current loss (training) 6.2683, current loss (val) 5.8734
Epoch 80, current loss (training) 5.8331, current loss (val) 5.5722
Epoch 81, current loss (training) 6.2976, current loss (val) 6.0667
Epoch 82, current loss (training) 5.7188, current loss (val) 5.3730
Epoch 83, current loss (training) 5.7427, current loss (val) 5.4027
Epoch 84, current loss (training) 5.4880, current loss (val) 5.4288
Epoch 85, current loss (training) 5.4637, current loss (val) 5.4225
Epoch 86, current loss (training) 5.4439, current loss (val) 5.4581
Epoch 87, current loss (training) 6.1205, current loss (val) 5.4598
Epoch 88, current loss (training) 6.1031, current loss (val) 5.4493
Epoch 89, current loss (training) 6.0971, current loss (val) 5.3452
Epoch 90, current loss (training) 7.3005, current loss (val) 6.5303
Epoch 91, current loss (training) 5.6826, current loss (val) 5.5266
Epoch 92, current loss (training) 5.9402, current loss (val) 5.7170
Epoch 93, current loss (training) 5.5953, current loss (val) 5.3355
Epoch 94, current loss (training) 6.6189, current loss (val) 5.6614
Epoch 95, current loss (training) 5.6678, current loss (val) 5.2666
Epoch 96, current loss (training) 5.3794, current loss (val) 5.2505
Epoch 97, current loss (training) 5.9363, current loss (val) 5.2690
Epoch 98, current loss (training) 5.6597, current loss (val) 5.3205
Epoch 99, current loss (training) 5.3863, current loss (val) 5.1617
Epoch 100, current loss (training) 5.4431, current loss (val) 5.3075
Epoch 101, current loss (training) 5.2726, current loss (val) 5.2112
Epoch 102, current loss (training) 5.8312, current loss (val) 5.5689
Epoch 103, current loss (training) 5.3517, current loss (val) 5.1851
Epoch 104, current loss (training) 5.5872, current loss (val) 5.3087
Epoch 105, current loss (training) 5.1858, current loss (val) 5.1049
Epoch 106, current loss (training) 5.9683, current loss (val) 5.6499
Epoch 107, current loss (training) 5.2372, current loss (val) 5.2991
Epoch 108, current loss (training) 6.1282, current loss (val) 6.0643
Epoch 109, current loss (training) 5.6300, current loss (val) 5.0917
Epoch 110, current loss (training) 6.3618, current loss (val) 5.7736
Epoch 111, current loss (training) 5.4756, current loss (val) 5.2097
Epoch 112, current loss (training) 5.5264, current loss (val) 5.2815
Epoch 113, current loss (training) 5.4521, current loss (val) 5.2121
Epoch 114, current loss (training) 5.3861, current loss (val) 5.1402
Epoch 115, current loss (training) 5.2533, current loss (val) 5.0763
Epoch 116, current loss (training) 5.2453, current loss (val) 5.1161
Epoch 117, current loss (training) 4.9392, current loss (val) 5.1470
Epoch 118, current loss (training) 5.2558, current loss (val) 5.0333
Epoch 119, current loss (training) 5.1615, current loss (val) 5.0790
Epoch 120, current loss (training) 5.2447, current loss (val) 5.1541
Epoch 121, current loss (training) 6.3537, current loss (val) 6.1227
Epoch 122, current loss (training) 5.1836, current loss (val) 5.1683
Epoch 123, current loss (training) 5.1263, current loss (val) 5.1365
Epoch 124, current loss (training) 5.5292, current loss (val) 5.2575
Epoch 125, current loss (training) 5.2975, current loss (val) 5.0864
Epoch 126, current loss (training) 5.4657, current loss (val) 5.0758
Epoch 127, current loss (training) 5.7124, current loss (val) 4.9815
Epoch 128, current loss (training) 5.5575, current loss (val) 5.0781
Epoch 129, current loss (training) 5.2587, current loss (val) 5.0142
Epoch 130, current loss (training) 5.5920, current loss (val) 5.4851
Epoch 131, current loss (training) 5.8940, current loss (val) 5.3894
Epoch 132, current loss (training) 5.4243, current loss (val) 5.2946
Epoch 133, current loss (training) 5.5991, current loss (val) 5.2008
Epoch 134, current loss (training) 5.4566, current loss (val) 5.2092
Epoch 135, current loss (training) 5.5039, current loss (val) 5.4079
Epoch 136, current loss (training) 5.4729, current loss (val) 5.1161
Epoch 137, current loss (training) 5.5060, current loss (val) 4.9856
Epoch 138, current loss (training) 5.5126, current loss (val) 5.3905
Epoch 139, current loss (training) 5.3076, current loss (val) 5.1121
Epoch 140, current loss (training) 5.4883, current loss (val) 5.2470
Epoch 141, current loss (training) 4.9669, current loss (val) 5.0426
Epoch 142, current loss (training) 5.6145, current loss (val) 5.0401
Epoch 143, current loss (training) 5.1716, current loss (val) 5.0658
Epoch 144, current loss (training) 5.0779, current loss (val) 5.0255
Epoch 145, current loss (training) 5.3594, current loss (val) 5.1122
Epoch 146, current loss (training) 6.0143, current loss (val) 5.4529
Epoch 147, current loss (training) 4.9513, current loss (val) 4.9979
Epoch 148, current loss (training) 5.5458, current loss (val) 5.0841
Epoch 149, current loss (training) 6.4468, current loss (val) 6.1606
Epoch 150, current loss (training) 5.5834, current loss (val) 5.0342
Epoch 151, current loss (training) 5.2353, current loss (val) 5.1821
Epoch 152, current loss (training) 5.3017, current loss (val) 5.0480
Epoch 153, current loss (training) 5.4797, current loss (val) 5.6007
Epoch 154, current loss (training) 5.3039, current loss (val) 5.2109
Epoch 155, current loss (training) 4.9343, current loss (val) 4.9611
Epoch 156, current loss (training) 5.0410, current loss (val) 5.0494
Epoch 157, current loss (training) 5.3883, current loss (val) 5.0816
Epoch 158, current loss (training) 5.9537, current loss (val) 5.9173
Epoch 159, current loss (training) 7.1120, current loss (val) 6.8888
Epoch 160, current loss (training) 5.1287, current loss (val) 4.9297
Epoch 161, current loss (training) 5.2354, current loss (val) 5.1683
Epoch 162, current loss (training) 5.6437, current loss (val) 5.2734
Epoch 163, current loss (training) 5.1832, current loss (val) 4.9001
Epoch 164, current loss (training) 5.6015, current loss (val) 5.0719
Epoch 165, current loss (training) 5.6903, current loss (val) 5.5166
Epoch 166, current loss (training) 5.0741, current loss (val) 4.9838
Epoch 167, current loss (training) 5.3955, current loss (val) 5.0961
Epoch 168, current loss (training) 5.3345, current loss (val) 4.9227
Epoch 169, current loss (training) 5.4133, current loss (val) 5.0156
Epoch 170, current loss (training) 5.3285, current loss (val) 5.2152
Epoch 171, current loss (training) 5.9700, current loss (val) 5.3109
Epoch 172, current loss (training) 5.1912, current loss (val) 5.2111
Epoch 173, current loss (training) 4.9963, current loss (val) 4.8689
Epoch 174, current loss (training) 5.5642, current loss (val) 5.0371
Epoch 175, current loss (training) 5.2861, current loss (val) 5.0692
Epoch 176, current loss (training) 4.9277, current loss (val) 4.8334
Epoch 177, current loss (training) 5.1738, current loss (val) 4.9772
Epoch 178, current loss (training) 4.9172, current loss (val) 4.9085
Epoch 179, current loss (training) 5.2953, current loss (val) 5.1126
Epoch 180, current loss (training) 4.9186, current loss (val) 4.9023
Epoch 181, current loss (training) 5.6175, current loss (val) 5.2375
Epoch 182, current loss (training) 5.5037, current loss (val) 4.9826
Epoch 183, current loss (training) 5.3788, current loss (val) 4.8841
Epoch 184, current loss (training) 5.6189, current loss (val) 5.1039
Epoch 185, current loss (training) 5.1384, current loss (val) 5.0995
Epoch 186, current loss (training) 5.0899, current loss (val) 5.0463
Epoch 187, current loss (training) 5.4636, current loss (val) 5.4814
Epoch 188, current loss (training) 5.7413, current loss (val) 5.1781
Epoch 189, current loss (training) 6.4102, current loss (val) 5.6906
Epoch 190, current loss (training) 5.0943, current loss (val) 4.9180
Epoch 191, current loss (training) 5.1101, current loss (val) 4.9018
Epoch 192, current loss (training) 5.9116, current loss (val) 5.8795
Epoch 193, current loss (training) 6.0119, current loss (val) 5.5085
Epoch 194, current loss (training) 5.2433, current loss (val) 4.9855
Epoch 195, current loss (training) 5.3268, current loss (val) 4.7942
Epoch 196, current loss (training) 5.1868, current loss (val) 4.9480
Epoch 197, current loss (training) 5.8398, current loss (val) 5.6142
Epoch 198, current loss (training) 4.5907, current loss (val) 4.7956
Epoch 199, current loss (training) 4.9608, current loss (val) 5.0106
Epoch 200, current loss (training) 4.9824, current loss (val) 4.8799
Epoch 201, current loss (training) 5.4252, current loss (val) 5.3217
Epoch 202, current loss (training) 5.0085, current loss (val) 4.7892
Epoch 203, current loss (training) 5.0351, current loss (val) 4.8466
Epoch 204, current loss (training) 5.1096, current loss (val) 4.7903
Epoch 205, current loss (training) 5.1310, current loss (val) 4.7881
Epoch 206, current loss (training) 5.5727, current loss (val) 5.1317
Epoch 207, current loss (training) 5.5569, current loss (val) 5.3584
Epoch 208, current loss (training) 5.0000, current loss (val) 4.9718
Epoch 209, current loss (training) 5.0867, current loss (val) 5.0228
Epoch 210, current loss (training) 5.6377, current loss (val) 5.5725
Epoch 211, current loss (training) 5.4459, current loss (val) 4.8175
Epoch 212, current loss (training) 5.1707, current loss (val) 4.7685
Epoch 213, current loss (training) 5.3675, current loss (val) 4.8213
Epoch 214, current loss (training) 5.4031, current loss (val) 5.2157
Epoch 215, current loss (training) 4.9297, current loss (val) 4.8144
Epoch 216, current loss (training) 5.0365, current loss (val) 4.9273
Epoch 217, current loss (training) 5.5520, current loss (val) 5.4278
Epoch 218, current loss (training) 6.1347, current loss (val) 5.9862
Epoch 219, current loss (training) 4.9650, current loss (val) 5.1645
Epoch 220, current loss (training) 5.7653, current loss (val) 5.0707
Epoch 221, current loss (training) 4.7287, current loss (val) 4.7078
Epoch 222, current loss (training) 4.6761, current loss (val) 4.8763
Epoch 223, current loss (training) 4.9923, current loss (val) 4.8268
Epoch 224, current loss (training) 5.0456, current loss (val) 4.8791
Epoch 225, current loss (training) 4.8015, current loss (val) 4.7385
Epoch 226, current loss (training) 4.9442, current loss (val) 4.7474
Epoch 227, current loss (training) 4.8719, current loss (val) 4.7689
Epoch 228, current loss (training) 5.1727, current loss (val) 4.9478
Epoch 229, current loss (training) 5.2859, current loss (val) 5.0947
Epoch 230, current loss (training) 5.6727, current loss (val) 4.8938
Epoch 231, current loss (training) 5.4338, current loss (val) 5.0184
Epoch 232, current loss (training) 4.7956, current loss (val) 4.7900
Epoch 233, current loss (training) 4.7812, current loss (val) 4.7353
Epoch 234, current loss (training) 5.2948, current loss (val) 4.8764
Epoch 235, current loss (training) 4.9680, current loss (val) 4.8029
Epoch 236, current loss (training) 4.8102, current loss (val) 4.8457
Epoch 237, current loss (training) 5.0480, current loss (val) 4.7680
Epoch 238, current loss (training) 4.7415, current loss (val) 4.8094
Epoch 239, current loss (training) 5.1925, current loss (val) 4.9947
Epoch 240, current loss (training) 4.8305, current loss (val) 4.7749
Epoch 241, current loss (training) 5.3151, current loss (val) 4.8798
Epoch 242, current loss (training) 5.5089, current loss (val) 5.1673
Epoch 243, current loss (training) 5.2697, current loss (val) 4.7074
Epoch 244, current loss (training) 4.5650, current loss (val) 4.7296
Epoch 245, current loss (training) 4.5318, current loss (val) 4.7453
Epoch 246, current loss (training) 4.8178, current loss (val) 4.8508
Epoch 247, current loss (training) 5.3532, current loss (val) 5.2438
Epoch 248, current loss (training) 4.8909, current loss (val) 4.7954
Epoch 249, current loss (training) 4.6306, current loss (val) 4.7481
Epoch 250, current loss (training) 4.8627, current loss (val) 4.7840
Epoch 251, current loss (training) 5.2301, current loss (val) 5.2472
Epoch 252, current loss (training) 4.8349, current loss (val) 4.8985
Epoch 253, current loss (training) 4.9177, current loss (val) 5.0181
Epoch 254, current loss (training) 5.0172, current loss (val) 4.7864
Epoch 255, current loss (training) 4.6542, current loss (val) 4.7629
Epoch 256, current loss (training) 5.2434, current loss (val) 4.8912
Epoch 257, current loss (training) 4.9409, current loss (val) 5.0636
Epoch 258, current loss (training) 5.1815, current loss (val) 5.0485
Epoch 259, current loss (training) 5.5174, current loss (val) 5.1553
Epoch 260, current loss (training) 4.9203, current loss (val) 4.8158
Epoch 261, current loss (training) 5.1643, current loss (val) 5.0548
Epoch 262, current loss (training) 5.8274, current loss (val) 5.3260
Epoch 263, current loss (training) 4.9048, current loss (val) 4.7654
Epoch 264, current loss (training) 5.4965, current loss (val) 4.9482
Epoch 265, current loss (training) 4.8938, current loss (val) 4.7236
Epoch 266, current loss (training) 5.6766, current loss (val) 5.5830
Epoch 267, current loss (training) 5.3690, current loss (val) 4.9884
Epoch 268, current loss (training) 5.0151, current loss (val) 5.1414
Epoch 269, current loss (training) 4.8193, current loss (val) 4.9150
Epoch 270, current loss (training) 4.9607, current loss (val) 4.6993
Epoch 271, current loss (training) 5.3858, current loss (val) 4.9713
Epoch 272, current loss (training) 4.7538, current loss (val) 4.9375
Epoch 273, current loss (training) 5.2297, current loss (val) 5.0562
Epoch 274, current loss (training) 5.1123, current loss (val) 4.6525
Epoch 275, current loss (training) 4.8323, current loss (val) 4.6452
Epoch 276, current loss (training) 5.6861, current loss (val) 5.4853
Epoch 277, current loss (training) 4.9356, current loss (val) 4.6166
Epoch 278, current loss (training) 4.7452, current loss (val) 4.6138
Epoch 279, current loss (training) 4.9334, current loss (val) 5.0319
Epoch 280, current loss (training) 5.3899, current loss (val) 4.7537
Epoch 281, current loss (training) 4.5846, current loss (val) 4.5708
Epoch 282, current loss (training) 4.6965, current loss (val) 4.6865
Epoch 283, current loss (training) 4.7893, current loss (val) 4.7230
Epoch 284, current loss (training) 4.7259, current loss (val) 4.9307
Epoch 285, current loss (training) 5.0195, current loss (val) 4.6816
Epoch 286, current loss (training) 5.3677, current loss (val) 4.7611
Epoch 287, current loss (training) 5.1623, current loss (val) 4.6401
Epoch 288, current loss (training) 4.6649, current loss (val) 4.7219
Epoch 289, current loss (training) 5.1927, current loss (val) 4.9325
Epoch 290, current loss (training) 5.3148, current loss (val) 5.3743
Epoch 291, current loss (training) 4.9691, current loss (val) 4.8160
Epoch 292, current loss (training) 5.2052, current loss (val) 4.7811
Epoch 293, current loss (training) 4.5988, current loss (val) 4.7548
Epoch 294, current loss (training) 4.9289, current loss (val) 4.7489
Epoch 295, current loss (training) 5.3098, current loss (val) 5.0727
Epoch 296, current loss (training) 4.5227, current loss (val) 4.7285
Epoch 297, current loss (training) 5.0316, current loss (val) 4.8431
Epoch 298, current loss (training) 5.0707, current loss (val) 4.8947
Epoch 299, current loss (training) 4.9266, current loss (val) 4.8709
Epoch 300, current loss (training) 5.6271, current loss (val) 5.6323
Epoch 301, current loss (training) 4.3695, current loss (val) 4.7036
Epoch 302, current loss (training) 4.8994, current loss (val) 4.7529
Epoch 303, current loss (training) 4.6304, current loss (val) 4.6588
Epoch 304, current loss (training) 4.3872, current loss (val) 4.6130
Epoch 305, current loss (training) 4.8768, current loss (val) 4.6650
Epoch 306, current loss (training) 4.6754, current loss (val) 4.6784
Epoch 307, current loss (training) 4.8912, current loss (val) 4.7055
Epoch 308, current loss (training) 4.8433, current loss (val) 4.8695
Epoch 309, current loss (training) 4.7131, current loss (val) 4.5893
Epoch 310, current loss (training) 4.8141, current loss (val) 4.6251
Epoch 311, current loss (training) 5.1742, current loss (val) 5.1413
Epoch 312, current loss (training) 4.9361, current loss (val) 4.5896
Epoch 313, current loss (training) 4.5752, current loss (val) 4.6416
Epoch 314, current loss (training) 5.0510, current loss (val) 4.8523
Epoch 315, current loss (training) 4.3500, current loss (val) 4.5322
Epoch 316, current loss (training) 4.7882, current loss (val) 5.1106
Epoch 317, current loss (training) 5.1283, current loss (val) 4.8253
Epoch 318, current loss (training) 4.6087, current loss (val) 4.5704
Epoch 319, current loss (training) 4.7118, current loss (val) 4.6710
Epoch 320, current loss (training) 5.0088, current loss (val) 4.8449
Epoch 321, current loss (training) 5.1054, current loss (val) 4.7361
Epoch 322, current loss (training) 4.8393, current loss (val) 4.6982
Epoch 323, current loss (training) 5.0829, current loss (val) 4.6453
Epoch 324, current loss (training) 4.9161, current loss (val) 4.6424
Epoch 325, current loss (training) 4.9164, current loss (val) 4.7230
Epoch 326, current loss (training) 4.6710, current loss (val) 4.6220
Epoch 327, current loss (training) 4.8686, current loss (val) 4.7448
Epoch 328, current loss (training) 4.7974, current loss (val) 4.7539
Epoch 329, current loss (training) 4.7996, current loss (val) 4.7389
Epoch 330, current loss (training) 4.6540, current loss (val) 4.7663
Epoch 331, current loss (training) 5.1750, current loss (val) 4.7319
Epoch 332, current loss (training) 4.9033, current loss (val) 4.8025
Epoch 333, current loss (training) 5.0519, current loss (val) 4.7561
Epoch 334, current loss (training) 4.8751, current loss (val) 4.8531
Epoch 335, current loss (training) 4.6107, current loss (val) 4.4880
Epoch 336, current loss (training) 4.9177, current loss (val) 4.9625
Epoch 337, current loss (training) 4.6324, current loss (val) 4.5772
Epoch 338, current loss (training) 5.4229, current loss (val) 5.2838
Epoch 339, current loss (training) 4.9102, current loss (val) 4.6222
Epoch 340, current loss (training) 5.7788, current loss (val) 5.2638
Epoch 341, current loss (training) 5.0648, current loss (val) 4.8247
Epoch 342, current loss (training) 4.9170, current loss (val) 5.0009
Epoch 343, current loss (training) 4.4711, current loss (val) 4.5089
Epoch 344, current loss (training) 5.0791, current loss (val) 4.8244
Epoch 345, current loss (training) 5.0605, current loss (val) 4.6303
Epoch 346, current loss (training) 4.5921, current loss (val) 4.6304
Epoch 347, current loss (training) 4.8030, current loss (val) 4.7569
Epoch 348, current loss (training) 5.2037, current loss (val) 5.4029
Epoch 349, current loss (training) 4.9051, current loss (val) 4.5645
Epoch 350, current loss (training) 4.9886, current loss (val) 4.8872
Epoch 351, current loss (training) 4.6839, current loss (val) 4.7362
Epoch 352, current loss (training) 4.9728, current loss (val) 4.6175
Epoch 353, current loss (training) 4.7854, current loss (val) 4.6792
Epoch 354, current loss (training) 4.6044, current loss (val) 4.5206
Epoch 355, current loss (training) 4.4042, current loss (val) 4.7059
Epoch 356, current loss (training) 4.6148, current loss (val) 4.7479
Epoch 357, current loss (training) 4.9852, current loss (val) 5.0274
Epoch 358, current loss (training) 4.8496, current loss (val) 4.7296
Epoch 359, current loss (training) 5.3274, current loss (val) 5.0498
Epoch 360, current loss (training) 4.7641, current loss (val) 4.7269
Epoch 361, current loss (training) 4.9813, current loss (val) 4.7167
Epoch 362, current loss (training) 5.0496, current loss (val) 4.7113
Epoch 363, current loss (training) 5.1790, current loss (val) 4.5572
Epoch 364, current loss (training) 5.0398, current loss (val) 4.5635
Epoch 365, current loss (training) 4.3771, current loss (val) 4.5366
Epoch 366, current loss (training) 4.6108, current loss (val) 4.6249
Epoch 367, current loss (training) 4.7234, current loss (val) 4.5075
Epoch 368, current loss (training) 4.4680, current loss (val) 4.4641
Epoch 369, current loss (training) 4.6948, current loss (val) 4.6160
Epoch 370, current loss (training) 4.9708, current loss (val) 4.8343
Epoch 371, current loss (training) 4.8122, current loss (val) 4.5144
Epoch 372, current loss (training) 4.4142, current loss (val) 4.5339
Epoch 373, current loss (training) 4.7051, current loss (val) 4.6248
Epoch 374, current loss (training) 4.3981, current loss (val) 4.5232
Epoch 375, current loss (training) 4.5279, current loss (val) 4.6252
Epoch 376, current loss (training) 5.1120, current loss (val) 4.9131
Epoch 377, current loss (training) 5.0302, current loss (val) 4.7486
Epoch 378, current loss (training) 4.6423, current loss (val) 4.8343
Epoch 379, current loss (training) 4.7813, current loss (val) 4.6237
Epoch 380, current loss (training) 5.3037, current loss (val) 4.9748
Epoch 381, current loss (training) 4.7735, current loss (val) 4.5593
Epoch 382, current loss (training) 4.6592, current loss (val) 4.4657
Epoch 383, current loss (training) 4.6248, current loss (val) 4.4651
Epoch 384, current loss (training) 5.0018, current loss (val) 4.9557
Epoch 385, current loss (training) 5.4127, current loss (val) 5.3975
Epoch 386, current loss (training) 4.9910, current loss (val) 4.6343
Epoch 387, current loss (training) 4.9628, current loss (val) 4.8359
Epoch 388, current loss (training) 4.7053, current loss (val) 4.5163
Epoch 389, current loss (training) 4.8755, current loss (val) 4.5326
Epoch 390, current loss (training) 4.4118, current loss (val) 4.8611
Epoch 391, current loss (training) 4.8544, current loss (val) 4.5553
Epoch 392, current loss (training) 4.7138, current loss (val) 4.7246
Epoch 393, current loss (training) 4.5911, current loss (val) 4.5648
Epoch 394, current loss (training) 4.3633, current loss (val) 4.5740
Epoch 395, current loss (training) 4.5737, current loss (val) 4.4739
Epoch 396, current loss (training) 4.8832, current loss (val) 4.6582
Epoch 397, current loss (training) 4.9195, current loss (val) 4.6827
Epoch 398, current loss (training) 4.9374, current loss (val) 4.6652
Epoch 399, current loss (training) 4.8883, current loss (val) 4.9549
Epoch 400, current loss (training) 5.0569, current loss (val) 4.7507
Epoch 401, current loss (training) 5.7326, current loss (val) 5.3803
Epoch 402, current loss (training) 4.5863, current loss (val) 4.8185
Epoch 403, current loss (training) 4.7461, current loss (val) 4.5819
Epoch 404, current loss (training) 5.0120, current loss (val) 4.6591
Epoch 405, current loss (training) 4.5629, current loss (val) 4.5186
Epoch 406, current loss (training) 4.4589, current loss (val) 4.6293
Epoch 407, current loss (training) 4.6664, current loss (val) 4.7485
Epoch 408, current loss (training) 4.7415, current loss (val) 4.6050
Epoch 409, current loss (training) 4.6252, current loss (val) 4.4811
Epoch 410, current loss (training) 4.5405, current loss (val) 4.5185
Epoch 411, current loss (training) 5.0701, current loss (val) 4.7843
Epoch 412, current loss (training) 4.9446, current loss (val) 4.4722
Epoch 413, current loss (training) 4.6452, current loss (val) 4.5014
Epoch 414, current loss (training) 4.8829, current loss (val) 4.6400
Epoch 415, current loss (training) 5.3145, current loss (val) 4.9571
Epoch 416, current loss (training) 4.9240, current loss (val) 4.5327
Epoch 417, current loss (training) 5.0174, current loss (val) 4.8904
Epoch 418, current loss (training) 4.8604, current loss (val) 4.6206
Epoch 419, current loss (training) 4.5244, current loss (val) 4.4174
Epoch 420, current loss (training) 4.7982, current loss (val) 4.4841
Epoch 421, current loss (training) 4.5105, current loss (val) 4.4430
Epoch 422, current loss (training) 4.7131, current loss (val) 4.4660
Epoch 423, current loss (training) 4.3029, current loss (val) 4.4870
Epoch 424, current loss (training) 5.1697, current loss (val) 4.6404
Epoch 425, current loss (training) 4.9868, current loss (val) 4.5029
Epoch 426, current loss (training) 4.6294, current loss (val) 4.6489
Epoch 427, current loss (training) 4.9482, current loss (val) 4.6245
Epoch 428, current loss (training) 4.7990, current loss (val) 4.5969
Epoch 429, current loss (training) 5.8992, current loss (val) 5.5864
Epoch 430, current loss (training) 5.0758, current loss (val) 5.0484
Epoch 431, current loss (training) 4.4422, current loss (val) 4.5241
Epoch 432, current loss (training) 4.5277, current loss (val) 4.4207
Epoch 433, current loss (training) 5.1905, current loss (val) 5.1348
Epoch 434, current loss (training) 5.3950, current loss (val) 4.9027
Epoch 435, current loss (training) 4.5356, current loss (val) 4.7368
Epoch 436, current loss (training) 4.5582, current loss (val) 4.5353
Epoch 437, current loss (training) 5.4237, current loss (val) 5.0740
Epoch 438, current loss (training) 5.2151, current loss (val) 4.7975
Epoch 439, current loss (training) 4.7441, current loss (val) 4.4136
Epoch 440, current loss (training) 4.5213, current loss (val) 4.5840
Epoch 441, current loss (training) 4.5728, current loss (val) 4.5282
Epoch 442, current loss (training) 4.8381, current loss (val) 4.4472
Epoch 443, current loss (training) 4.8851, current loss (val) 4.4927
Epoch 444, current loss (training) 4.5722, current loss (val) 4.3143
Epoch 445, current loss (training) 4.4548, current loss (val) 4.4939
Epoch 446, current loss (training) 4.5027, current loss (val) 4.4744
Epoch 447, current loss (training) 4.8891, current loss (val) 4.8564
Epoch 448, current loss (training) 4.4130, current loss (val) 4.4748
Epoch 449, current loss (training) 5.0038, current loss (val) 4.7881
Epoch 450, current loss (training) 4.7661, current loss (val) 4.4674
Epoch 451, current loss (training) 4.5237, current loss (val) 4.6138
Epoch 452, current loss (training) 4.6093, current loss (val) 4.5788
Epoch 453, current loss (training) 5.1263, current loss (val) 4.9257
Epoch 454, current loss (training) 4.6900, current loss (val) 4.4737
Epoch 455, current loss (training) 5.2900, current loss (val) 5.0444
Epoch 456, current loss (training) 4.6153, current loss (val) 4.6066
Epoch 457, current loss (training) 4.5079, current loss (val) 4.5114
Epoch 458, current loss (training) 4.8938, current loss (val) 4.4904
Epoch 459, current loss (training) 4.9232, current loss (val) 4.7228
Epoch 460, current loss (training) 4.6828, current loss (val) 4.5815
Epoch 461, current loss (training) 5.0153, current loss (val) 4.5818
Epoch 462, current loss (training) 4.7382, current loss (val) 4.6242
Epoch 463, current loss (training) 4.3939, current loss (val) 4.4116
Epoch 464, current loss (training) 5.2564, current loss (val) 5.4018
Epoch 465, current loss (training) 4.6551, current loss (val) 4.6906
Epoch 466, current loss (training) 4.8443, current loss (val) 4.4206
Epoch 467, current loss (training) 4.3191, current loss (val) 4.3695
Epoch 468, current loss (training) 4.4376, current loss (val) 4.5447
Epoch 469, current loss (training) 4.6138, current loss (val) 4.3907
Epoch 470, current loss (training) 4.8951, current loss (val) 4.7666
Epoch 471, current loss (training) 4.4921, current loss (val) 4.4531
Epoch 472, current loss (training) 4.6514, current loss (val) 4.3914
Epoch 473, current loss (training) 5.2763, current loss (val) 5.0007
Epoch 474, current loss (training) 5.0024, current loss (val) 4.7863
Epoch 475, current loss (training) 4.2625, current loss (val) 4.5093
Epoch 476, current loss (training) 4.9259, current loss (val) 4.5186
Epoch 477, current loss (training) 4.9804, current loss (val) 4.4837
Epoch 478, current loss (training) 4.6112, current loss (val) 4.2937
Epoch 479, current loss (training) 4.5005, current loss (val) 4.4380
Epoch 480, current loss (training) 5.0853, current loss (val) 4.9428
Epoch 481, current loss (training) 4.9159, current loss (val) 4.4986
Epoch 482, current loss (training) 4.4629, current loss (val) 4.4018
Epoch 483, current loss (training) 4.9398, current loss (val) 4.7339
Epoch 484, current loss (training) 4.5200, current loss (val) 4.4132
Epoch 485, current loss (training) 4.4040, current loss (val) 4.4315
Epoch 486, current loss (training) 4.6089, current loss (val) 4.6723
Epoch 487, current loss (training) 4.6013, current loss (val) 4.5294
Epoch 488, current loss (training) 5.1407, current loss (val) 4.8376
Epoch 489, current loss (training) 5.0322, current loss (val) 4.9574
Epoch 490, current loss (training) 4.4648, current loss (val) 4.6156
Epoch 491, current loss (training) 4.3616, current loss (val) 4.5816
Epoch 492, current loss (training) 4.7066, current loss (val) 4.5798
Epoch 493, current loss (training) 4.6106, current loss (val) 4.4716
Epoch 494, current loss (training) 4.6519, current loss (val) 4.5939
Epoch 495, current loss (training) 4.4589, current loss (val) 4.3746
Epoch 496, current loss (training) 5.0521, current loss (val) 4.9723
Epoch 497, current loss (training) 4.6199, current loss (val) 4.5350
Epoch 498, current loss (training) 4.4079, current loss (val) 4.4001
Epoch 499, current loss (training) 4.4246, current loss (val) 4.3310
Epoch 500, current loss (training) 4.8678, current loss (val) 4.6184
run_time_first_training_cycle:  41.05 

Epochs 500, batch size, 200
Nbr training obs 10000, nbr parameters 25454, obs/parameters 0.39

(100, 10000)
(100,)
Starting abc-rs
Percentage done:  10.00 %
Percentage done:  20.00 %
Percentage done:  30.00 %
Percentage done:  40.00 %
Percentage done:  50.00 %
Percentage done:  60.00 %
Percentage done:  70.00 %
Percentage done:  80.00 %
Percentage done:  90.00 %
Percentage done:  100.00 %
Ending abc-rs
end script
Round:1
Round:5
Starting abc-rs
Percentage done:  10.00 %
Percentage done:  20.00 %
Percentage done:  30.00 %
Percentage done:  40.00 %
Percentage done:  50.00 %
Percentage done:  60.00 %
Percentage done:  70.00 %
Percentage done:  80.00 %
Percentage done:  90.00 %
Percentage done:  100.00 %
Ending abc-rs
 15.241352 seconds (4.97 M allocations: 507.167 MiB, 1.14% gc time)
Round:9
Starting abc-rs
Percentage done:  10.00 %
Percentage done:  20.00 %
Percentage done:  30.00 %
Percentage done:  40.00 %
Percentage done:  50.00 %
Percentage done:  60.00 %
Percentage done:  70.00 %
Percentage done:  80.00 %
Percentage done:  90.00 %
Percentage done:  100.00 %
Ending abc-rs
 13.814000 seconds (2.80 M allocations: 404.360 MiB, 0.29% gc time)
Round:13
Starting abc-rs
Percentage done:  10.00 %
Percentage done:  20.00 %
Percentage done:  30.00 %
Percentage done:  40.00 %
Percentage done:  50.00 %
Percentage done:  60.00 %
Percentage done:  70.00 %
Percentage done:  80.00 %
Percentage done:  90.00 %
Percentage done:  100.00 %
Ending abc-rs
 13.807248 seconds (2.80 M allocations: 404.360 MiB, 0.28% gc time)
Round:17
Starting abc-rs
Percentage done:  10.00 %
Percentage done:  20.00 %
Percentage done:  30.00 %
Percentage done:  40.00 %
Percentage done:  50.00 %
Percentage done:  60.00 %
Percentage done:  70.00 %
Percentage done:  80.00 %
Percentage done:  90.00 %
Percentage done:  100.00 %
Ending abc-rs
 13.948424 seconds (2.80 M allocations: 404.360 MiB, 0.91% gc time)
Round:21
Starting abc-rs
Percentage done:  10.00 %
Percentage done:  20.00 %
Percentage done:  30.00 %
Percentage done:  40.00 %
Percentage done:  50.00 %
Percentage done:  60.00 %
Percentage done:  70.00 %
Percentage done:  80.00 %
Percentage done:  90.00 %
Percentage done:  100.00 %
Ending abc-rs
 13.802277 seconds (2.80 M allocations: 404.360 MiB, 0.28% gc time)
Round:25
Starting abc-rs
Percentage done:  10.00 %
Percentage done:  20.00 %
Percentage done:  30.00 %
Percentage done:  40.00 %
Percentage done:  50.00 %
Percentage done:  60.00 %
Percentage done:  70.00 %
Percentage done:  80.00 %
Percentage done:  90.00 %
Percentage done:  100.00 %
Ending abc-rs
 13.811521 seconds (2.80 M allocations: 404.360 MiB, 0.29% gc time)
Round:29
Starting abc-rs
Percentage done:  10.00 %
Percentage done:  20.00 %
Percentage done:  30.00 %
Percentage done:  40.00 %
Percentage done:  50.00 %
Percentage done:  60.00 %
Percentage done:  70.00 %
Percentage done:  80.00 %
Percentage done:  90.00 %
Percentage done:  100.00 %
Ending abc-rs
 13.759417 seconds (2.80 M allocations: 404.360 MiB, 0.28% gc time)
Round:33
Starting abc-rs
Percentage done:  10.00 %
Percentage done:  20.00 %
Percentage done:  30.00 %
Percentage done:  40.00 %
Percentage done:  50.00 %
Percentage done:  60.00 %
Percentage done:  70.00 %
Percentage done:  80.00 %
Percentage done:  90.00 %
Percentage done:  100.00 %
Ending abc-rs
 13.883672 seconds (2.80 M allocations: 404.360 MiB, 0.86% gc time)
Round:37
Starting abc-rs
Percentage done:  10.00 %
Percentage done:  20.00 %
Percentage done:  30.00 %
Percentage done:  40.00 %
Percentage done:  50.00 %
Percentage done:  60.00 %
Percentage done:  70.00 %
Percentage done:  80.00 %
Percentage done:  90.00 %
Percentage done:  100.00 %
Ending abc-rs
 13.797106 seconds (2.80 M allocations: 404.360 MiB, 0.28% gc time)
Round:41
Starting abc-rs
Percentage done:  10.00 %
Percentage done:  20.00 %
Percentage done:  30.00 %
Percentage done:  40.00 %
Percentage done:  50.00 %
Percentage done:  60.00 %
Percentage done:  70.00 %
Percentage done:  80.00 %
Percentage done:  90.00 %
Percentage done:  100.00 %
Ending abc-rs
 13.761181 seconds (2.80 M allocations: 404.360 MiB, 0.29% gc time)
Round:45
Starting abc-rs
Percentage done:  10.00 %
Percentage done:  20.00 %
Percentage done:  30.00 %
Percentage done:  40.00 %
Percentage done:  50.00 %
Percentage done:  60.00 %
Percentage done:  70.00 %
Percentage done:  80.00 %
Percentage done:  90.00 %
Percentage done:  100.00 %
Ending abc-rs
 13.768879 seconds (2.80 M allocations: 404.360 MiB, 0.27% gc time)
Round:49
Starting abc-rs
Percentage done:  10.00 %
Percentage done:  20.00 %
Percentage done:  30.00 %
Percentage done:  40.00 %
Percentage done:  50.00 %
Percentage done:  60.00 %
Percentage done:  70.00 %
Percentage done:  80.00 %
Percentage done:  90.00 %
Percentage done:  100.00 %
Ending abc-rs
 13.800061 seconds (2.80 M allocations: 404.360 MiB, 0.29% gc time)
Round:53
Starting abc-rs
Percentage done:  10.00 %
Percentage done:  20.00 %
Percentage done:  30.00 %
Percentage done:  40.00 %
Percentage done:  50.00 %
Percentage done:  60.00 %
Percentage done:  70.00 %
Percentage done:  80.00 %
Percentage done:  90.00 %
Percentage done:  100.00 %
Ending abc-rs
 13.772226 seconds (2.80 M allocations: 404.360 MiB, 0.28% gc time)
Round:57
Starting abc-rs
Percentage done:  10.00 %
Percentage done:  20.00 %
Percentage done:  30.00 %
Percentage done:  40.00 %
Percentage done:  50.00 %
Percentage done:  60.00 %
Percentage done:  70.00 %
Percentage done:  80.00 %
Percentage done:  90.00 %
Percentage done:  100.00 %
Ending abc-rs
 13.818993 seconds (2.80 M allocations: 404.360 MiB, 0.47% gc time)
Round:61
Starting abc-rs
Percentage done:  10.00 %
Percentage done:  20.00 %
Percentage done:  30.00 %
Percentage done:  40.00 %
Percentage done:  50.00 %
Percentage done:  60.00 %
Percentage done:  70.00 %
Percentage done:  80.00 %
Percentage done:  90.00 %
Percentage done:  100.00 %
Ending abc-rs
 13.847257 seconds (2.80 M allocations: 404.360 MiB, 0.70% gc time)
Round:65
Starting abc-rs
Percentage done:  10.00 %
Percentage done:  20.00 %
Percentage done:  30.00 %
Percentage done:  40.00 %
Percentage done:  50.00 %
Percentage done:  60.00 %
Percentage done:  70.00 %
Percentage done:  80.00 %
Percentage done:  90.00 %
Percentage done:  100.00 %
Ending abc-rs
 13.798909 seconds (2.80 M allocations: 404.360 MiB, 0.29% gc time)
Round:69
Starting abc-rs
Percentage done:  10.00 %
Percentage done:  20.00 %
Percentage done:  30.00 %
Percentage done:  40.00 %
Percentage done:  50.00 %
Percentage done:  60.00 %
Percentage done:  70.00 %
Percentage done:  80.00 %
Percentage done:  90.00 %
Percentage done:  100.00 %
Ending abc-rs
 13.752987 seconds (2.80 M allocations: 404.360 MiB, 0.28% gc time)
Round:73
Starting abc-rs
Percentage done:  10.00 %
Percentage done:  20.00 %
Percentage done:  30.00 %
Percentage done:  40.00 %
Percentage done:  50.00 %
Percentage done:  60.00 %
Percentage done:  70.00 %
Percentage done:  80.00 %
Percentage done:  90.00 %
Percentage done:  100.00 %
Ending abc-rs
 13.786958 seconds (2.80 M allocations: 404.360 MiB, 0.29% gc time)
Round:77
Starting abc-rs
Percentage done:  10.00 %
Percentage done:  20.00 %
Percentage done:  30.00 %
Percentage done:  40.00 %
Percentage done:  50.00 %
Percentage done:  60.00 %
Percentage done:  70.00 %
Percentage done:  80.00 %
Percentage done:  90.00 %
Percentage done:  100.00 %
Ending abc-rs
 13.781610 seconds (2.80 M allocations: 404.360 MiB, 0.28% gc time)
Round:81
Starting abc-rs
Percentage done:  10.00 %
Percentage done:  20.00 %
Percentage done:  30.00 %
Percentage done:  40.00 %
Percentage done:  50.00 %
Percentage done:  60.00 %
Percentage done:  70.00 %
Percentage done:  80.00 %
Percentage done:  90.00 %
Percentage done:  100.00 %
Ending abc-rs
 13.787878 seconds (2.80 M allocations: 404.360 MiB, 0.29% gc time)
Round:85
Starting abc-rs
Percentage done:  10.00 %
Percentage done:  20.00 %
Percentage done:  30.00 %
Percentage done:  40.00 %
Percentage done:  50.00 %
Percentage done:  60.00 %
Percentage done:  70.00 %
Percentage done:  80.00 %
Percentage done:  90.00 %
Percentage done:  100.00 %
Ending abc-rs
 13.775910 seconds (2.80 M allocations: 404.360 MiB, 0.28% gc time)
Round:89
Starting abc-rs
Percentage done:  10.00 %
Percentage done:  20.00 %
Percentage done:  30.00 %
Percentage done:  40.00 %
Percentage done:  50.00 %
Percentage done:  60.00 %
Percentage done:  70.00 %
Percentage done:  80.00 %
Percentage done:  90.00 %
Percentage done:  100.00 %
Ending abc-rs
 13.772999 seconds (2.80 M allocations: 404.360 MiB, 0.29% gc time)
Round:93
Starting abc-rs
Percentage done:  10.00 %
Percentage done:  20.00 %
Percentage done:  30.00 %
Percentage done:  40.00 %
Percentage done:  50.00 %
Percentage done:  60.00 %
Percentage done:  70.00 %
Percentage done:  80.00 %
Percentage done:  90.00 %
Percentage done:  100.00 %
Ending abc-rs
 13.769231 seconds (2.80 M allocations: 404.360 MiB, 0.27% gc time)
Round:97
Starting abc-rs
Percentage done:  10.00 %
Percentage done:  20.00 %
Percentage done:  30.00 %
Percentage done:  40.00 %
Percentage done:  50.00 %
Percentage done:  60.00 %
Percentage done:  70.00 %
Percentage done:  80.00 %
Percentage done:  90.00 %
Percentage done:  100.00 %
Ending abc-rs
 13.784180 seconds (2.80 M allocations: 404.360 MiB, 0.29% gc time)
Round:101
Starting abc-rs
Percentage done:  10.00 %
Percentage done:  20.00 %
Percentage done:  30.00 %
Percentage done:  40.00 %
Percentage done:  50.00 %
Percentage done:  60.00 %
Percentage done:  70.00 %
Percentage done:  80.00 %
Percentage done:  90.00 %
Percentage done:  100.00 %
Ending abc-rs
 13.786058 seconds (2.80 M allocations: 404.360 MiB, 0.30% gc time)
Round:105
Starting abc-rs
Percentage done:  10.00 %
Percentage done:  20.00 %
Percentage done:  30.00 %
Percentage done:  40.00 %
Percentage done:  50.00 %
Percentage done:  60.00 %
Percentage done:  70.00 %
Percentage done:  80.00 %
Percentage done:  90.00 %
Percentage done:  100.00 %
Ending abc-rs
 13.771217 seconds (2.80 M allocations: 404.360 MiB, 0.29% gc time)
Round:109
Starting abc-rs
Percentage done:  10.00 %
Percentage done:  20.00 %
Percentage done:  30.00 %
Percentage done:  40.00 %
Percentage done:  50.00 %
Percentage done:  60.00 %
Percentage done:  70.00 %
Percentage done:  80.00 %
Percentage done:  90.00 %
Percentage done:  100.00 %
Ending abc-rs
 13.834565 seconds (2.80 M allocations: 404.360 MiB, 0.65% gc time)
Round:113
Starting abc-rs
Percentage done:  10.00 %
Percentage done:  20.00 %
Percentage done:  30.00 %
Percentage done:  40.00 %
Percentage done:  50.00 %
Percentage done:  60.00 %
Percentage done:  70.00 %
Percentage done:  80.00 %
Percentage done:  90.00 %
Percentage done:  100.00 %
Ending abc-rs
 13.777395 seconds (2.80 M allocations: 404.360 MiB, 0.29% gc time)
Round:117
Starting abc-rs
Percentage done:  10.00 %
Percentage done:  20.00 %
Percentage done:  30.00 %
Percentage done:  40.00 %
Percentage done:  50.00 %
Percentage done:  60.00 %
Percentage done:  70.00 %
Percentage done:  80.00 %
Percentage done:  90.00 %
Percentage done:  100.00 %
Ending abc-rs
 13.761351 seconds (2.80 M allocations: 404.360 MiB, 0.28% gc time)
Round:121
Starting abc-rs
Percentage done:  10.00 %
Percentage done:  20.00 %
Percentage done:  30.00 %
Percentage done:  40.00 %
Percentage done:  50.00 %
Percentage done:  60.00 %
Percentage done:  70.00 %
Percentage done:  80.00 %
Percentage done:  90.00 %
Percentage done:  100.00 %
Ending abc-rs
 13.786740 seconds (2.80 M allocations: 404.360 MiB, 0.29% gc time)
Round:125
Starting abc-rs
Percentage done:  10.00 %
Percentage done:  20.00 %
Percentage done:  30.00 %
Percentage done:  40.00 %
Percentage done:  50.00 %
Percentage done:  60.00 %
Percentage done:  70.00 %
Percentage done:  80.00 %
Percentage done:  90.00 %
Percentage done:  100.00 %
Ending abc-rs
 13.773379 seconds (2.80 M allocations: 404.360 MiB, 0.28% gc time)
Round:129
Starting abc-rs
Percentage done:  10.00 %
Percentage done:  20.00 %
Percentage done:  30.00 %
Percentage done:  40.00 %
Percentage done:  50.00 %
Percentage done:  60.00 %
Percentage done:  70.00 %
Percentage done:  80.00 %
Percentage done:  90.00 %
Percentage done:  100.00 %
Ending abc-rs
 13.941592 seconds (2.80 M allocations: 404.360 MiB, 0.29% gc time)
Round:133
Starting abc-rs
Percentage done:  10.00 %
Percentage done:  20.00 %
Percentage done:  30.00 %
Percentage done:  40.00 %
Percentage done:  50.00 %
Percentage done:  60.00 %
Percentage done:  70.00 %
Percentage done:  80.00 %
Percentage done:  90.00 %
Percentage done:  100.00 %
Ending abc-rs
 13.763633 seconds (2.80 M allocations: 404.360 MiB, 0.28% gc time)
Round:137
Starting abc-rs
Percentage done:  10.00 %
Percentage done:  20.00 %
Percentage done:  30.00 %
Percentage done:  40.00 %
Percentage done:  50.00 %
Percentage done:  60.00 %
Percentage done:  70.00 %
Percentage done:  80.00 %
Percentage done:  90.00 %
Percentage done:  100.00 %
Ending abc-rs
 13.763009 seconds (2.80 M allocations: 404.360 MiB, 0.28% gc time)
Round:141
Starting abc-rs
Percentage done:  10.00 %
Percentage done:  20.00 %
Percentage done:  30.00 %
Percentage done:  40.00 %
Percentage done:  50.00 %
Percentage done:  60.00 %
Percentage done:  70.00 %
Percentage done:  80.00 %
Percentage done:  90.00 %
Percentage done:  100.00 %
Ending abc-rs
 13.801058 seconds (2.80 M allocations: 404.360 MiB, 0.46% gc time)
Round:145
Starting abc-rs
Percentage done:  10.00 %
Percentage done:  20.00 %
Percentage done:  30.00 %
Percentage done:  40.00 %
Percentage done:  50.00 %
Percentage done:  60.00 %
Percentage done:  70.00 %
Percentage done:  80.00 %
Percentage done:  90.00 %
Percentage done:  100.00 %
Ending abc-rs
 13.777421 seconds (2.80 M allocations: 404.360 MiB, 0.28% gc time)
Round:149
Starting abc-rs
Percentage done:  10.00 %
Percentage done:  20.00 %
Percentage done:  30.00 %
Percentage done:  40.00 %
Percentage done:  50.00 %
Percentage done:  60.00 %
Percentage done:  70.00 %
Percentage done:  80.00 %
Percentage done:  90.00 %
Percentage done:  100.00 %
Ending abc-rs
 13.779842 seconds (2.80 M allocations: 404.360 MiB, 0.29% gc time)
Round:153
Starting abc-rs
Percentage done:  10.00 %
Percentage done:  20.00 %
Percentage done:  30.00 %
Percentage done:  40.00 %
Percentage done:  50.00 %
Percentage done:  60.00 %
Percentage done:  70.00 %
Percentage done:  80.00 %
Percentage done:  90.00 %
Percentage done:  100.00 %
Ending abc-rs
 13.771820 seconds (2.80 M allocations: 404.360 MiB, 0.27% gc time)
Round:157
Starting abc-rs
Percentage done:  10.00 %
Percentage done:  20.00 %
Percentage done:  30.00 %
Percentage done:  40.00 %
Percentage done:  50.00 %
Percentage done:  60.00 %
Percentage done:  70.00 %
Percentage done:  80.00 %
Percentage done:  90.00 %
Percentage done:  100.00 %
Ending abc-rs
 13.782284 seconds (2.80 M allocations: 404.360 MiB, 0.29% gc time)
Round:161
Starting abc-rs
Percentage done:  10.00 %
Percentage done:  20.00 %
Percentage done:  30.00 %
Percentage done:  40.00 %
Percentage done:  50.00 %
Percentage done:  60.00 %
Percentage done:  70.00 %
Percentage done:  80.00 %
Percentage done:  90.00 %
Percentage done:  100.00 %
Ending abc-rs
 13.767864 seconds (2.80 M allocations: 404.360 MiB, 0.28% gc time)
Round:165
Starting abc-rs
Percentage done:  10.00 %
Percentage done:  20.00 %
Percentage done:  30.00 %
Percentage done:  40.00 %
Percentage done:  50.00 %
Percentage done:  60.00 %
Percentage done:  70.00 %
Percentage done:  80.00 %
Percentage done:  90.00 %
Percentage done:  100.00 %
Ending abc-rs
 13.785773 seconds (2.80 M allocations: 404.360 MiB, 0.29% gc time)
Round:169
Starting abc-rs
Percentage done:  10.00 %
Percentage done:  20.00 %
Percentage done:  30.00 %
Percentage done:  40.00 %
Percentage done:  50.00 %
Percentage done:  60.00 %
Percentage done:  70.00 %
Percentage done:  80.00 %
Percentage done:  90.00 %
Percentage done:  100.00 %
Ending abc-rs
 13.764454 seconds (2.80 M allocations: 404.360 MiB, 0.28% gc time)
Round:173
Starting abc-rs
Percentage done:  10.00 %
Percentage done:  20.00 %
Percentage done:  30.00 %
Percentage done:  40.00 %
Percentage done:  50.00 %
Percentage done:  60.00 %
Percentage done:  70.00 %
Percentage done:  80.00 %
Percentage done:  90.00 %
Percentage done:  100.00 %
Ending abc-rs
 13.791683 seconds (2.80 M allocations: 404.360 MiB, 0.29% gc time)
Round:177
Starting abc-rs
Percentage done:  10.00 %
Percentage done:  20.00 %
Percentage done:  30.00 %
Percentage done:  40.00 %
Percentage done:  50.00 %
Percentage done:  60.00 %
Percentage done:  70.00 %
Percentage done:  80.00 %
Percentage done:  90.00 %
Percentage done:  100.00 %
Ending abc-rs
 13.778830 seconds (2.80 M allocations: 404.360 MiB, 0.28% gc time)
Round:181
Starting abc-rs
Percentage done:  10.00 %
Percentage done:  20.00 %
Percentage done:  30.00 %
Percentage done:  40.00 %
Percentage done:  50.00 %
Percentage done:  60.00 %
Percentage done:  70.00 %
Percentage done:  80.00 %
Percentage done:  90.00 %
Percentage done:  100.00 %
Ending abc-rs
 13.787433 seconds (2.80 M allocations: 404.360 MiB, 0.29% gc time)
Round:185
Starting abc-rs
Percentage done:  10.00 %
Percentage done:  20.00 %
Percentage done:  30.00 %
Percentage done:  40.00 %
Percentage done:  50.00 %
Percentage done:  60.00 %
Percentage done:  70.00 %
Percentage done:  80.00 %
Percentage done:  90.00 %
Percentage done:  100.00 %
Ending abc-rs
 13.808077 seconds (2.80 M allocations: 404.360 MiB, 0.45% gc time)
Round:189
Starting abc-rs
Percentage done:  10.00 %
Percentage done:  20.00 %
Percentage done:  30.00 %
Percentage done:  40.00 %
Percentage done:  50.00 %
Percentage done:  60.00 %
Percentage done:  70.00 %
Percentage done:  80.00 %
Percentage done:  90.00 %
Percentage done:  100.00 %
Ending abc-rs
 13.774882 seconds (2.80 M allocations: 404.360 MiB, 0.29% gc time)
Round:193
Starting abc-rs
Percentage done:  10.00 %
Percentage done:  20.00 %
Percentage done:  30.00 %
Percentage done:  40.00 %
Percentage done:  50.00 %
Percentage done:  60.00 %
Percentage done:  70.00 %
Percentage done:  80.00 %
Percentage done:  90.00 %
Percentage done:  100.00 %
Ending abc-rs
 13.777656 seconds (2.80 M allocations: 404.360 MiB, 0.28% gc time)
Round:197
Starting abc-rs
Percentage done:  10.00 %
Percentage done:  20.00 %
Percentage done:  30.00 %
Percentage done:  40.00 %
Percentage done:  50.00 %
Percentage done:  60.00 %
Percentage done:  70.00 %
Percentage done:  80.00 %
Percentage done:  90.00 %
Percentage done:  100.00 %
Ending abc-rs
 13.871214 seconds (2.80 M allocations: 404.360 MiB, 0.70% gc time)
Round:201
Starting abc-rs
Percentage done:  10.00 %
Percentage done:  20.00 %
Percentage done:  30.00 %
Percentage done:  40.00 %
Percentage done:  50.00 %
Percentage done:  60.00 %
Percentage done:  70.00 %
Percentage done:  80.00 %
Percentage done:  90.00 %
Percentage done:  100.00 %
Ending abc-rs
 14.130142 seconds (2.80 M allocations: 404.360 MiB, 0.27% gc time)
Round:205
Starting abc-rs
Percentage done:  10.00 %
Percentage done:  20.00 %
Percentage done:  30.00 %
Percentage done:  40.00 %
Percentage done:  50.00 %
Percentage done:  60.00 %
Percentage done:  70.00 %
Percentage done:  80.00 %
Percentage done:  90.00 %
Percentage done:  100.00 %
Ending abc-rs
 14.919705 seconds (2.80 M allocations: 404.360 MiB, 2.44% gc time)
Round:209
Starting abc-rs
Percentage done:  10.00 %
Percentage done:  20.00 %
Percentage done:  30.00 %
Percentage done:  40.00 %
Percentage done:  50.00 %
Percentage done:  60.00 %
Percentage done:  70.00 %
Percentage done:  80.00 %
Percentage done:  90.00 %
Percentage done:  100.00 %
Ending abc-rs
 14.353771 seconds (2.80 M allocations: 404.360 MiB, 0.24% gc time)
Round:213
Starting abc-rs
Percentage done:  10.00 %
Percentage done:  20.00 %
Percentage done:  30.00 %
Percentage done:  40.00 %
Percentage done:  50.00 %
Percentage done:  60.00 %
Percentage done:  70.00 %
Percentage done:  80.00 %
Percentage done:  90.00 %
Percentage done:  100.00 %
Ending abc-rs
 14.352871 seconds (2.80 M allocations: 404.360 MiB, 0.25% gc time)
Round:217
Starting abc-rs
Percentage done:  10.00 %
Percentage done:  20.00 %
Percentage done:  30.00 %
Percentage done:  40.00 %
Percentage done:  50.00 %
Percentage done:  60.00 %
Percentage done:  70.00 %
Percentage done:  80.00 %
Percentage done:  90.00 %
Percentage done:  100.00 %
Ending abc-rs
 14.368451 seconds (2.80 M allocations: 404.360 MiB, 0.24% gc time)
Round:221
Starting abc-rs
Percentage done:  10.00 %
Percentage done:  20.00 %
Percentage done:  30.00 %
Percentage done:  40.00 %
Percentage done:  50.00 %
Percentage done:  60.00 %
Percentage done:  70.00 %
Percentage done:  80.00 %
Percentage done:  90.00 %
Percentage done:  100.00 %
Ending abc-rs
 14.367546 seconds (2.80 M allocations: 404.360 MiB, 0.25% gc time)
Round:225
Starting abc-rs
Percentage done:  10.00 %
Percentage done:  20.00 %
Percentage done:  30.00 %
Percentage done:  40.00 %
Percentage done:  50.00 %
Percentage done:  60.00 %
Percentage done:  70.00 %
Percentage done:  80.00 %
Percentage done:  90.00 %
Percentage done:  100.00 %
Ending abc-rs
 14.295565 seconds (2.80 M allocations: 404.360 MiB, 0.24% gc time)
Round:229
Starting abc-rs
Percentage done:  10.00 %
Percentage done:  20.00 %
Percentage done:  30.00 %
Percentage done:  40.00 %
Percentage done:  50.00 %
Percentage done:  60.00 %
Percentage done:  70.00 %
Percentage done:  80.00 %
Percentage done:  90.00 %
Percentage done:  100.00 %
Ending abc-rs
 13.725054 seconds (2.80 M allocations: 404.360 MiB, 0.26% gc time)
Round:233
Starting abc-rs
Percentage done:  10.00 %
Percentage done:  20.00 %
Percentage done:  30.00 %
Percentage done:  40.00 %
Percentage done:  50.00 %
Percentage done:  60.00 %
Percentage done:  70.00 %
Percentage done:  80.00 %
Percentage done:  90.00 %
Percentage done:  100.00 %
Ending abc-rs
 13.716929 seconds (2.80 M allocations: 404.360 MiB, 0.25% gc time)
Round:237
Starting abc-rs
Percentage done:  10.00 %
Percentage done:  20.00 %
Percentage done:  30.00 %
Percentage done:  40.00 %
Percentage done:  50.00 %
Percentage done:  60.00 %
Percentage done:  70.00 %
Percentage done:  80.00 %
Percentage done:  90.00 %
Percentage done:  100.00 %
Ending abc-rs
 13.716820 seconds (2.80 M allocations: 404.360 MiB, 0.26% gc time)
Round:241
Starting abc-rs
Percentage done:  10.00 %
Percentage done:  20.00 %
Percentage done:  30.00 %
Percentage done:  40.00 %
Percentage done:  50.00 %
Percentage done:  60.00 %
Percentage done:  70.00 %
Percentage done:  80.00 %
Percentage done:  90.00 %
Percentage done:  100.00 %
Ending abc-rs
 13.723382 seconds (2.80 M allocations: 404.360 MiB, 0.24% gc time)
Round:245
Starting abc-rs
Percentage done:  10.00 %
Percentage done:  20.00 %
Percentage done:  30.00 %
Percentage done:  40.00 %
Percentage done:  50.00 %
Percentage done:  60.00 %
Percentage done:  70.00 %
Percentage done:  80.00 %
Percentage done:  90.00 %
Percentage done:  100.00 %
Ending abc-rs
 13.751637 seconds (2.80 M allocations: 404.360 MiB, 0.26% gc time)
Round:249
Starting abc-rs
Percentage done:  10.00 %
Percentage done:  20.00 %
Percentage done:  30.00 %
Percentage done:  40.00 %
Percentage done:  50.00 %
Percentage done:  60.00 %
Percentage done:  70.00 %
Percentage done:  80.00 %
Percentage done:  90.00 %
Percentage done:  100.00 %
Ending abc-rs
 13.724325 seconds (2.80 M allocations: 404.360 MiB, 0.25% gc time)
Round:253
Starting abc-rs
Percentage done:  10.00 %
Percentage done:  20.00 %
Percentage done:  30.00 %
Percentage done:  40.00 %
Percentage done:  50.00 %
Percentage done:  60.00 %
Percentage done:  70.00 %
Percentage done:  80.00 %
Percentage done:  90.00 %
Percentage done:  100.00 %
Ending abc-rs
 13.726969 seconds (2.80 M allocations: 404.360 MiB, 0.26% gc time)
Round:257
Starting abc-rs
Percentage done:  10.00 %
Percentage done:  20.00 %
Percentage done:  30.00 %
Percentage done:  40.00 %
Percentage done:  50.00 %
Percentage done:  60.00 %
Percentage done:  70.00 %
Percentage done:  80.00 %
Percentage done:  90.00 %
Percentage done:  100.00 %
Ending abc-rs
 13.707772 seconds (2.80 M allocations: 404.360 MiB, 0.25% gc time)
Round:261
Starting abc-rs
Percentage done:  10.00 %
Percentage done:  20.00 %
Percentage done:  30.00 %
Percentage done:  40.00 %
Percentage done:  50.00 %
Percentage done:  60.00 %
Percentage done:  70.00 %
Percentage done:  80.00 %
Percentage done:  90.00 %
Percentage done:  100.00 %
Ending abc-rs
 13.727864 seconds (2.80 M allocations: 404.360 MiB, 0.26% gc time)
Round:265
Starting abc-rs
Percentage done:  10.00 %
Percentage done:  20.00 %
Percentage done:  30.00 %
Percentage done:  40.00 %
Percentage done:  50.00 %
Percentage done:  60.00 %
Percentage done:  70.00 %
Percentage done:  80.00 %
Percentage done:  90.00 %
Percentage done:  100.00 %
Ending abc-rs
 13.718020 seconds (2.80 M allocations: 404.360 MiB, 0.25% gc time)
Round:269
Starting abc-rs
Percentage done:  10.00 %
Percentage done:  20.00 %
Percentage done:  30.00 %
Percentage done:  40.00 %
Percentage done:  50.00 %
Percentage done:  60.00 %
Percentage done:  70.00 %
Percentage done:  80.00 %
Percentage done:  90.00 %
Percentage done:  100.00 %
Ending abc-rs
 13.712331 seconds (2.80 M allocations: 404.360 MiB, 0.25% gc time)
Round:273
Starting abc-rs
Percentage done:  10.00 %
Percentage done:  20.00 %
Percentage done:  30.00 %
Percentage done:  40.00 %
Percentage done:  50.00 %
Percentage done:  60.00 %
Percentage done:  70.00 %
Percentage done:  80.00 %
Percentage done:  90.00 %
Percentage done:  100.00 %
Ending abc-rs
 13.737124 seconds (2.80 M allocations: 404.360 MiB, 0.26% gc time)
Round:277
Starting abc-rs
Percentage done:  10.00 %
Percentage done:  20.00 %
Percentage done:  30.00 %
Percentage done:  40.00 %
Percentage done:  50.00 %
Percentage done:  60.00 %
Percentage done:  70.00 %
Percentage done:  80.00 %
Percentage done:  90.00 %
Percentage done:  100.00 %
Ending abc-rs
 13.722054 seconds (2.80 M allocations: 404.360 MiB, 0.25% gc time)
Round:281
Starting abc-rs
Percentage done:  10.00 %
Percentage done:  20.00 %
Percentage done:  30.00 %
Percentage done:  40.00 %
Percentage done:  50.00 %
Percentage done:  60.00 %
Percentage done:  70.00 %
Percentage done:  80.00 %
Percentage done:  90.00 %
Percentage done:  100.00 %
Ending abc-rs
 13.756118 seconds (2.80 M allocations: 404.360 MiB, 0.26% gc time)
Round:285
Starting abc-rs
Percentage done:  10.00 %
Percentage done:  20.00 %
Percentage done:  30.00 %
Percentage done:  40.00 %
Percentage done:  50.00 %
Percentage done:  60.00 %
Percentage done:  70.00 %
Percentage done:  80.00 %
Percentage done:  90.00 %
Percentage done:  100.00 %
Ending abc-rs
 13.694158 seconds (2.80 M allocations: 404.360 MiB, 0.25% gc time)
Round:289
Starting abc-rs
Percentage done:  10.00 %
Percentage done:  20.00 %
Percentage done:  30.00 %
Percentage done:  40.00 %
Percentage done:  50.00 %
Percentage done:  60.00 %
Percentage done:  70.00 %
Percentage done:  80.00 %
Percentage done:  90.00 %
Percentage done:  100.00 %
Ending abc-rs
 13.723036 seconds (2.80 M allocations: 404.360 MiB, 0.26% gc time)
Round:293
Starting abc-rs
Percentage done:  10.00 %
Percentage done:  20.00 %
Percentage done:  30.00 %
Percentage done:  40.00 %
Percentage done:  50.00 %
Percentage done:  60.00 %
Percentage done:  70.00 %
Percentage done:  80.00 %
Percentage done:  90.00 %
Percentage done:  100.00 %
Ending abc-rs
 13.701232 seconds (2.80 M allocations: 404.360 MiB, 0.25% gc time)
Round:297
Starting abc-rs
Percentage done:  10.00 %
Percentage done:  20.00 %
Percentage done:  30.00 %
Percentage done:  40.00 %
Percentage done:  50.00 %
Percentage done:  60.00 %
Percentage done:  70.00 %
Percentage done:  80.00 %
Percentage done:  90.00 %
Percentage done:  100.00 %
Ending abc-rs
 13.708835 seconds (2.80 M allocations: 404.360 MiB, 0.26% gc time)
Round:301
Starting abc-rs
Percentage done:  10.00 %
Percentage done:  20.00 %
Percentage done:  30.00 %
Percentage done:  40.00 %
Percentage done:  50.00 %
Percentage done:  60.00 %
Percentage done:  70.00 %
Percentage done:  80.00 %
Percentage done:  90.00 %
Percentage done:  100.00 %
Ending abc-rs
 13.893075 seconds (2.80 M allocations: 404.360 MiB, 0.60% gc time)
Round:305
Starting abc-rs
Percentage done:  10.00 %
Percentage done:  20.00 %
Percentage done:  30.00 %
Percentage done:  40.00 %
Percentage done:  50.00 %
Percentage done:  60.00 %
Percentage done:  70.00 %
Percentage done:  80.00 %
Percentage done:  90.00 %
Percentage done:  100.00 %
Ending abc-rs
 14.366841 seconds (2.80 M allocations: 404.360 MiB, 0.25% gc time)
Round:309
Starting abc-rs
Percentage done:  10.00 %
Percentage done:  20.00 %
Percentage done:  30.00 %
Percentage done:  40.00 %
Percentage done:  50.00 %
Percentage done:  60.00 %
Percentage done:  70.00 %
Percentage done:  80.00 %
Percentage done:  90.00 %
Percentage done:  100.00 %
Ending abc-rs
 14.353155 seconds (2.80 M allocations: 404.360 MiB, 0.24% gc time)
Round:313
Starting abc-rs
Percentage done:  10.00 %
Percentage done:  20.00 %
Percentage done:  30.00 %
Percentage done:  40.00 %
Percentage done:  50.00 %
Percentage done:  60.00 %
Percentage done:  70.00 %
Percentage done:  80.00 %
Percentage done:  90.00 %
Percentage done:  100.00 %
Ending abc-rs
 14.367505 seconds (2.80 M allocations: 404.360 MiB, 0.25% gc time)
Round:317
Starting abc-rs
Percentage done:  10.00 %
Percentage done:  20.00 %
Percentage done:  30.00 %
Percentage done:  40.00 %
Percentage done:  50.00 %
Percentage done:  60.00 %
Percentage done:  70.00 %
Percentage done:  80.00 %
Percentage done:  90.00 %
Percentage done:  100.00 %
Ending abc-rs
 14.353704 seconds (2.80 M allocations: 404.360 MiB, 0.24% gc time)
Round:321
Starting abc-rs
Percentage done:  10.00 %
Percentage done:  20.00 %
Percentage done:  30.00 %
Percentage done:  40.00 %
Percentage done:  50.00 %
Percentage done:  60.00 %
Percentage done:  70.00 %
Percentage done:  80.00 %
Percentage done:  90.00 %
Percentage done:  100.00 %
Ending abc-rs
 14.394287 seconds (2.80 M allocations: 404.360 MiB, 0.45% gc time)
Round:325
Starting abc-rs
Percentage done:  10.00 %
Percentage done:  20.00 %
Percentage done:  30.00 %
Percentage done:  40.00 %
Percentage done:  50.00 %
Percentage done:  60.00 %
Percentage done:  70.00 %
Percentage done:  80.00 %
Percentage done:  90.00 %
Percentage done:  100.00 %
Ending abc-rs
 14.383670 seconds (2.80 M allocations: 404.360 MiB, 0.25% gc time)
Round:329
Starting abc-rs
Percentage done:  10.00 %
Percentage done:  20.00 %
Percentage done:  30.00 %
Percentage done:  40.00 %
Percentage done:  50.00 %
Percentage done:  60.00 %
Percentage done:  70.00 %
Percentage done:  80.00 %
Percentage done:  90.00 %
Percentage done:  100.00 %
Ending abc-rs
 14.364856 seconds (2.80 M allocations: 404.360 MiB, 0.25% gc time)
Round:333
Starting abc-rs
Percentage done:  10.00 %
Percentage done:  20.00 %
Percentage done:  30.00 %
Percentage done:  40.00 %
Percentage done:  50.00 %
Percentage done:  60.00 %
Percentage done:  70.00 %
Percentage done:  80.00 %
Percentage done:  90.00 %
Percentage done:  100.00 %
Ending abc-rs
 14.099756 seconds (2.80 M allocations: 404.360 MiB, 0.24% gc time)
Round:337
Starting abc-rs
Percentage done:  10.00 %
Percentage done:  20.00 %
Percentage done:  30.00 %
Percentage done:  40.00 %
Percentage done:  50.00 %
Percentage done:  60.00 %
Percentage done:  70.00 %
Percentage done:  80.00 %
Percentage done:  90.00 %
Percentage done:  100.00 %
Ending abc-rs
 13.748476 seconds (2.80 M allocations: 404.360 MiB, 0.26% gc time)
Round:341
Starting abc-rs
Percentage done:  10.00 %
Percentage done:  20.00 %
Percentage done:  30.00 %
Percentage done:  40.00 %
Percentage done:  50.00 %
Percentage done:  60.00 %
Percentage done:  70.00 %
Percentage done:  80.00 %
Percentage done:  90.00 %
Percentage done:  100.00 %
Ending abc-rs
 13.755565 seconds (2.80 M allocations: 404.360 MiB, 0.24% gc time)
Round:345
Starting abc-rs
Percentage done:  10.00 %
Percentage done:  20.00 %
Percentage done:  30.00 %
Percentage done:  40.00 %
Percentage done:  50.00 %
Percentage done:  60.00 %
Percentage done:  70.00 %
Percentage done:  80.00 %
Percentage done:  90.00 %
Percentage done:  100.00 %
Ending abc-rs
 13.735503 seconds (2.80 M allocations: 404.360 MiB, 0.26% gc time)
Round:349
Starting abc-rs
Percentage done:  10.00 %
Percentage done:  20.00 %
Percentage done:  30.00 %
Percentage done:  40.00 %
Percentage done:  50.00 %
Percentage done:  60.00 %
Percentage done:  70.00 %
Percentage done:  80.00 %
Percentage done:  90.00 %
Percentage done:  100.00 %
Ending abc-rs
 13.713511 seconds (2.80 M allocations: 404.360 MiB, 0.25% gc time)
Round:353
Starting abc-rs
Percentage done:  10.00 %
Percentage done:  20.00 %
Percentage done:  30.00 %
Percentage done:  40.00 %
Percentage done:  50.00 %
Percentage done:  60.00 %
Percentage done:  70.00 %
Percentage done:  80.00 %
Percentage done:  90.00 %
Percentage done:  100.00 %
Ending abc-rs
 13.744741 seconds (2.80 M allocations: 404.360 MiB, 0.26% gc time)
Round:357
Starting abc-rs
Percentage done:  10.00 %
Percentage done:  20.00 %
Percentage done:  30.00 %
Percentage done:  40.00 %
Percentage done:  50.00 %
Percentage done:  60.00 %
Percentage done:  70.00 %
Percentage done:  80.00 %
Percentage done:  90.00 %
Percentage done:  100.00 %
Ending abc-rs
 13.719653 seconds (2.80 M allocations: 404.360 MiB, 0.25% gc time)
Round:361
Starting abc-rs
Percentage done:  10.00 %
Percentage done:  20.00 %
Percentage done:  30.00 %
Percentage done:  40.00 %
Percentage done:  50.00 %
Percentage done:  60.00 %
Percentage done:  70.00 %
Percentage done:  80.00 %
Percentage done:  90.00 %
Percentage done:  100.00 %
Ending abc-rs
 13.768511 seconds (2.80 M allocations: 404.360 MiB, 0.26% gc time)
Round:365
Starting abc-rs
Percentage done:  10.00 %
Percentage done:  20.00 %
Percentage done:  30.00 %
Percentage done:  40.00 %
Percentage done:  50.00 %
Percentage done:  60.00 %
Percentage done:  70.00 %
Percentage done:  80.00 %
Percentage done:  90.00 %
Percentage done:  100.00 %
Ending abc-rs
 14.349770 seconds (2.80 M allocations: 404.360 MiB, 0.24% gc time)
Round:369
Starting abc-rs
Percentage done:  10.00 %
Percentage done:  20.00 %
Percentage done:  30.00 %
Percentage done:  40.00 %
Percentage done:  50.00 %
Percentage done:  60.00 %
Percentage done:  70.00 %
Percentage done:  80.00 %
Percentage done:  90.00 %
Percentage done:  100.00 %
Ending abc-rs
 14.371264 seconds (2.80 M allocations: 404.360 MiB, 0.25% gc time)
Round:373
Starting abc-rs
Percentage done:  10.00 %
Percentage done:  20.00 %
Percentage done:  30.00 %
Percentage done:  40.00 %
Percentage done:  50.00 %
Percentage done:  60.00 %
Percentage done:  70.00 %
Percentage done:  80.00 %
Percentage done:  90.00 %
Percentage done:  100.00 %
Ending abc-rs
 14.353150 seconds (2.80 M allocations: 404.360 MiB, 0.24% gc time)
Round:377
Starting abc-rs
Percentage done:  10.00 %
Percentage done:  20.00 %
Percentage done:  30.00 %
Percentage done:  40.00 %
Percentage done:  50.00 %
Percentage done:  60.00 %
Percentage done:  70.00 %
Percentage done:  80.00 %
Percentage done:  90.00 %
Percentage done:  100.00 %
Ending abc-rs
 14.363607 seconds (2.80 M allocations: 404.360 MiB, 0.25% gc time)
Round:381
Starting abc-rs
Percentage done:  10.00 %
Percentage done:  20.00 %
Percentage done:  30.00 %
Percentage done:  40.00 %
Percentage done:  50.00 %
Percentage done:  60.00 %
Percentage done:  70.00 %
Percentage done:  80.00 %
Percentage done:  90.00 %
Percentage done:  100.00 %
Ending abc-rs
 14.340605 seconds (2.80 M allocations: 404.360 MiB, 0.24% gc time)
Round:385
Starting abc-rs
Percentage done:  10.00 %
Percentage done:  20.00 %
Percentage done:  30.00 %
Percentage done:  40.00 %
Percentage done:  50.00 %
Percentage done:  60.00 %
Percentage done:  70.00 %
Percentage done:  80.00 %
Percentage done:  90.00 %
Percentage done:  100.00 %
Ending abc-rs
 14.350782 seconds (2.80 M allocations: 404.360 MiB, 0.25% gc time)
Round:389
Starting abc-rs
Percentage done:  10.00 %
Percentage done:  20.00 %
Percentage done:  30.00 %
Percentage done:  40.00 %
Percentage done:  50.00 %
Percentage done:  60.00 %
Percentage done:  70.00 %
Percentage done:  80.00 %
Percentage done:  90.00 %
Percentage done:  100.00 %
Ending abc-rs
 14.346564 seconds (2.80 M allocations: 404.360 MiB, 0.24% gc time)
Round:393
Starting abc-rs
Percentage done:  10.00 %
Percentage done:  20.00 %
Percentage done:  30.00 %
Percentage done:  40.00 %
Percentage done:  50.00 %
Percentage done:  60.00 %
Percentage done:  70.00 %
Percentage done:  80.00 %
Percentage done:  90.00 %
Percentage done:  100.00 %
Ending abc-rs
 14.368794 seconds (2.80 M allocations: 404.360 MiB, 0.25% gc time)
Round:397
Starting abc-rs
Percentage done:  10.00 %
Percentage done:  20.00 %
Percentage done:  30.00 %
Percentage done:  40.00 %
Percentage done:  50.00 %
Percentage done:  60.00 %
Percentage done:  70.00 %
Percentage done:  80.00 %
Percentage done:  90.00 %
Percentage done:  100.00 %
Ending abc-rs
 14.339693 seconds (2.80 M allocations: 404.360 MiB, 0.24% gc time)
