Fri Oct 26 15:47:26 2018       
+-----------------------------------------------------------------------------+
| NVIDIA-SMI 396.44                 Driver Version: 396.44                    |
|-------------------------------+----------------------+----------------------+
| GPU  Name        Persistence-M| Bus-Id        Disp.A | Volatile Uncorr. ECC |
| Fan  Temp  Perf  Pwr:Usage/Cap|         Memory-Usage | GPU-Util  Compute M. |
|===============================+======================+======================|
|   0  Tesla K80           On   | 00000000:04:00.0 Off |                    0 |
| N/A   50C    P8    29W / 149W |      0MiB / 11441MiB |      0%      Default |
+-------------------------------+----------------------+----------------------+
|   1  Tesla K80           On   | 00000000:05:00.0 Off |                    0 |
| N/A   79C    P0    98W / 149W |    508MiB / 11441MiB |     43%      Default |
+-------------------------------+----------------------+----------------------+
|   2  Tesla K80           On   | 00000000:84:00.0 Off |                    0 |
| N/A   24C    P8    26W / 149W |      0MiB / 11441MiB |      0%      Default |
+-------------------------------+----------------------+----------------------+
|   3  Tesla K80           On   | 00000000:85:00.0 Off |                    0 |
| N/A   32C    P8    29W / 149W |      0MiB / 11441MiB |      0%      Default |
+-------------------------------+----------------------+----------------------+
                                                                               
+-----------------------------------------------------------------------------+
| Processes:                                                       GPU Memory |
|  GPU       PID   Type   Process name                             Usage      |
|=============================================================================|
|    1     42365      C   julia                                        497MiB |
+-----------------------------------------------------------------------------+
/home/samwiq/ABC and deep learning project/abc-dl/lunarc
/home/samwiq/ABC and deep learning project/abc-dl
start script
500
check version of Knet
    Status `~/.julia/environments/v1.0/Project.toml`
  [336ed68f] CSV v0.3.1
  [a93c6f00] DataFrames v0.13.1
  [31c24e10] Distributions v0.16.4
  [1902f260] Knet v1.1.0
  [6f286f6a] MultivariateStats v0.6.0 #master (https://github.com/JuliaStats/MultivariateStats.jl.git)
  [2913bbd2] StatsBase v0.25.0
  [4c63d2b9] StatsFuns v0.7.0
build Knet
  Building SpecialFunctions → `~/.julia/packages/SpecialFunctions/KvXoO/deps/build.log`
  Building CodecZlib ───────→ `~/.julia/packages/CodecZlib/wwgbh/deps/build.log`
  Building Knet ────────────→ `~/.julia/packages/Knet/hxjeS/deps/build.log`
test gpu
4
-1
0
Loading g-and-k model
Loading g-and-k model
Starting: generate_parameter_data_pairs
Percentage done:  10.00 %
Percentage done:  20.00 %
Percentage done:  30.00 %
Percentage done:  40.00 %
Percentage done:  50.00 %
Percentage done:  60.00 %
Percentage done:  70.00 %
Percentage done:  80.00 %
Percentage done:  90.00 %
Percentage done:  100.00 %
Starting: generate_parameter_data_pairs
Percentage done:  2.00 %
Percentage done:  4.00 %
Percentage done:  6.00 %
Percentage done:  8.00 %
Percentage done:  10.00 %
Percentage done:  12.00 %
Percentage done:  14.00 %
Percentage done:  16.00 %
Percentage done:  18.00 %
Percentage done:  20.00 %
Percentage done:  22.00 %
Percentage done:  24.00 %
Percentage done:  26.00 %
Percentage done:  28.00 %
Percentage done:  30.00 %
Percentage done:  32.00 %
Percentage done:  34.00 %
Percentage done:  36.00 %
Percentage done:  38.00 %
Percentage done:  40.00 %
Percentage done:  42.00 %
Percentage done:  44.00 %
Percentage done:  46.00 %
Percentage done:  48.00 %
Percentage done:  50.00 %
Percentage done:  52.00 %
Percentage done:  54.00 %
Percentage done:  56.00 %
Percentage done:  58.00 %
Percentage done:  60.00 %
Percentage done:  62.00 %
Percentage done:  64.00 %
Percentage done:  66.00 %
Percentage done:  68.00 %
Percentage done:  70.00 %
Percentage done:  72.00 %
Percentage done:  74.00 %
Percentage done:  76.00 %
Percentage done:  78.00 %
Percentage done:  80.00 %
Percentage done:  82.00 %
Percentage done:  84.00 %
Percentage done:  86.00 %
Percentage done:  88.00 %
Percentage done:  90.00 %
Percentage done:  92.00 %
Percentage done:  94.00 %
Percentage done:  96.00 %
Percentage done:  98.00 %
Percentage done:  100.00 %
Starting: generate_parameter_data_pairs
Percentage done:  5.00 %
Percentage done:  10.00 %
Percentage done:  15.00 %
Percentage done:  20.00 %
Percentage done:  25.00 %
Percentage done:  30.00 %
Percentage done:  35.00 %
Percentage done:  40.00 %
Percentage done:  45.00 %
Percentage done:  50.00 %
Percentage done:  55.00 %
Percentage done:  60.00 %
Percentage done:  65.00 %
Percentage done:  70.00 %
Percentage done:  75.00 %
Percentage done:  80.00 %
Percentage done:  85.00 %
Percentage done:  90.00 %
Percentage done:  95.00 %
Percentage done:  100.00 %
Starting: generate_parameter_data_pairs
138.873369 seconds (67.41 M allocations: 56.026 GiB, 2.08% gc time)
Nbr training obs 500000, nbr parameters 2504504, obs/parameters 0.20
0
  0.788265 seconds (1.53 M allocations: 77.699 MiB, 2.51% gc time)
  0.437874 seconds (1.07 M allocations: 56.274 MiB, 4.22% gc time)
 15.052182 seconds (9.65 M allocations: 2.310 GiB, 1.50% gc time)
  0.013367 seconds (104 allocations: 161.219 KiB)
Starting training
Epoch 1, current loss (training) 10.1958, current loss (val) 10.2639
Epoch 2, current loss (training) 10.4052, current loss (val) 10.1396
Epoch 3, current loss (training) 9.9558, current loss (val) 10.2565
Epoch 4, current loss (training) 10.2502, current loss (val) 10.4025
Epoch 5, current loss (training) 8.8701, current loss (val) 10.5594
Epoch 6, current loss (training) 8.3994, current loss (val) 10.5474
Epoch 7, current loss (training) 7.6201, current loss (val) 11.0795
Epoch 8, current loss (training) 7.1851, current loss (val) 11.5252
Epoch 9, current loss (training) 6.7552, current loss (val) 11.5012
Epoch 10, current loss (training) 6.4972, current loss (val) 12.0459
Epoch 11, current loss (training) 6.1134, current loss (val) 12.0897
Epoch 12, current loss (training) 5.7295, current loss (val) 12.3470
Epoch 13, current loss (training) 5.7945, current loss (val) 12.3074
Epoch 14, current loss (training) 5.5434, current loss (val) 13.1399
Epoch 15, current loss (training) 5.2448, current loss (val) 12.5022
Epoch 16, current loss (training) 4.9804, current loss (val) 12.6824
Epoch 17, current loss (training) 5.1596, current loss (val) 12.6847
Epoch 18, current loss (training) 4.7526, current loss (val) 13.1815
Epoch 19, current loss (training) 4.7647, current loss (val) 13.1468
Epoch 20, current loss (training) 4.7430, current loss (val) 13.4391
Epoch 21, current loss (training) 4.5982, current loss (val) 13.3754
Epoch 22, current loss (training) 4.3575, current loss (val) 13.2109
Epoch 23, current loss (training) 4.3837, current loss (val) 13.2446
Epoch 24, current loss (training) 4.3172, current loss (val) 13.7800
Epoch 25, current loss (training) 4.0385, current loss (val) 13.3763
Epoch 26, current loss (training) 4.1091, current loss (val) 13.9459
Epoch 27, current loss (training) 4.2125, current loss (val) 13.8271
Epoch 28, current loss (training) 3.9500, current loss (val) 13.9001
Epoch 29, current loss (training) 3.9341, current loss (val) 13.5444
Epoch 30, current loss (training) 3.8185, current loss (val) 13.8966
Epoch 31, current loss (training) 3.9562, current loss (val) 14.1087
Epoch 32, current loss (training) 3.9282, current loss (val) 14.4736
Epoch 33, current loss (training) 3.9430, current loss (val) 14.0487
Epoch 34, current loss (training) 3.6237, current loss (val) 14.0155
Epoch 35, current loss (training) 3.6221, current loss (val) 14.7514
Epoch 36, current loss (training) 3.6877, current loss (val) 14.7045
Epoch 37, current loss (training) 3.5744, current loss (val) 14.6568
Epoch 38, current loss (training) 3.5555, current loss (val) 14.6366
Epoch 39, current loss (training) 3.6162, current loss (val) 14.7385
Epoch 40, current loss (training) 3.5100, current loss (val) 15.0783
Epoch 41, current loss (training) 3.4960, current loss (val) 14.9004
Epoch 42, current loss (training) 3.3136, current loss (val) 14.9396
Epoch 43, current loss (training) 3.3726, current loss (val) 14.9298
Epoch 44, current loss (training) 3.4740, current loss (val) 14.7481
Epoch 45, current loss (training) 3.3173, current loss (val) 15.0313
Epoch 46, current loss (training) 3.1773, current loss (val) 15.0401
Epoch 47, current loss (training) 3.2875, current loss (val) 14.9342
Epoch 48, current loss (training) 3.1939, current loss (val) 15.1155
Epoch 49, current loss (training) 3.0591, current loss (val) 14.9732
Epoch 50, current loss (training) 3.2586, current loss (val) 14.8918
Epoch 51, current loss (training) 3.0347, current loss (val) 15.0760
Epoch 52, current loss (training) 3.1407, current loss (val) 15.2505
Epoch 53, current loss (training) 3.1517, current loss (val) 15.0522
Epoch 54, current loss (training) 2.8800, current loss (val) 15.2771
Epoch 55, current loss (training) 2.9647, current loss (val) 15.5267
Epoch 56, current loss (training) 2.9090, current loss (val) 15.3312
Epoch 57, current loss (training) 3.1724, current loss (val) 15.2258
Epoch 58, current loss (training) 2.8295, current loss (val) 15.7521
Epoch 59, current loss (training) 3.0008, current loss (val) 15.5981
Epoch 60, current loss (training) 2.8120, current loss (val) 15.6516
Epoch 61, current loss (training) 3.0961, current loss (val) 15.7712
Epoch 62, current loss (training) 3.0529, current loss (val) 15.8246
Epoch 63, current loss (training) 2.8619, current loss (val) 15.3438
Epoch 64, current loss (training) 2.7994, current loss (val) 15.2582
Epoch 65, current loss (training) 2.8314, current loss (val) 15.5769
Epoch 66, current loss (training) 2.9118, current loss (val) 15.4226
Epoch 67, current loss (training) 2.8822, current loss (val) 15.4777
Epoch 68, current loss (training) 2.7073, current loss (val) 15.6576
Epoch 69, current loss (training) 2.8909, current loss (val) 15.8255
Epoch 70, current loss (training) 2.8560, current loss (val) 15.8340
Epoch 71, current loss (training) 2.7473, current loss (val) 15.5870
Epoch 72, current loss (training) 2.7894, current loss (val) 15.7823
Epoch 73, current loss (training) 2.7525, current loss (val) 15.7850
Epoch 74, current loss (training) 2.7268, current loss (val) 15.8049
Epoch 75, current loss (training) 2.7133, current loss (val) 15.5758
Epoch 76, current loss (training) 2.7452, current loss (val) 15.7740
Epoch 77, current loss (training) 2.6627, current loss (val) 15.6437
Epoch 78, current loss (training) 2.7240, current loss (val) 16.3834
Epoch 79, current loss (training) 2.5303, current loss (val) 15.6991
Epoch 80, current loss (training) 2.6812, current loss (val) 15.9011
Epoch 81, current loss (training) 2.7174, current loss (val) 16.2503
Epoch 82, current loss (training) 2.7240, current loss (val) 16.0570
Epoch 83, current loss (training) 2.7334, current loss (val) 16.0479
Epoch 84, current loss (training) 2.4556, current loss (val) 16.2175
Epoch 85, current loss (training) 2.6552, current loss (val) 16.3172
Epoch 86, current loss (training) 2.4621, current loss (val) 15.9037
Epoch 87, current loss (training) 2.5569, current loss (val) 15.7511
Epoch 88, current loss (training) 2.5086, current loss (val) 16.0058
Epoch 89, current loss (training) 2.6136, current loss (val) 16.3996
Epoch 90, current loss (training) 2.6500, current loss (val) 15.8381
Epoch 91, current loss (training) 2.5672, current loss (val) 16.3785
Epoch 92, current loss (training) 2.6726, current loss (val) 16.2750
Epoch 93, current loss (training) 2.7708, current loss (val) 16.4055
Epoch 94, current loss (training) 2.4877, current loss (val) 16.1136
Epoch 95, current loss (training) 2.5479, current loss (val) 16.2083
Epoch 96, current loss (training) 2.5484, current loss (val) 16.2764
Epoch 97, current loss (training) 2.4933, current loss (val) 16.4871
Epoch 98, current loss (training) 2.5067, current loss (val) 16.6779
Epoch 99, current loss (training) 2.5375, current loss (val) 16.2394
Epoch 100, current loss (training) 2.4508, current loss (val) 16.4033
Epoch 101, current loss (training) 2.4806, current loss (val) 16.6118
Epoch 102, current loss (training) 2.6260, current loss (val) 16.8111
Epoch 103, current loss (training) 2.5852, current loss (val) 16.5748
Epoch 104, current loss (training) 2.5076, current loss (val) 16.0828
Epoch 105, current loss (training) 2.5412, current loss (val) 16.4745
Epoch 106, current loss (training) 2.4801, current loss (val) 16.7048
Epoch 107, current loss (training) 2.5984, current loss (val) 16.4356
Epoch 108, current loss (training) 2.3859, current loss (val) 16.7556
Epoch 109, current loss (training) 2.4752, current loss (val) 16.3021
Epoch 110, current loss (training) 2.4884, current loss (val) 16.5368
Epoch 111, current loss (training) 2.3625, current loss (val) 16.4982
Epoch 112, current loss (training) 2.3649, current loss (val) 16.6034
Epoch 113, current loss (training) 2.4700, current loss (val) 16.6789
Epoch 114, current loss (training) 2.5265, current loss (val) 16.9446
Epoch 115, current loss (training) 2.5418, current loss (val) 16.8014
Epoch 116, current loss (training) 2.4769, current loss (val) 16.7474
Epoch 117, current loss (training) 2.2970, current loss (val) 16.2607
Epoch 118, current loss (training) 2.4223, current loss (val) 17.0296
Epoch 119, current loss (training) 2.3052, current loss (val) 16.5583
Epoch 120, current loss (training) 2.3673, current loss (val) 16.5645
Epoch 121, current loss (training) 2.3544, current loss (val) 16.7147
Epoch 122, current loss (training) 2.3387, current loss (val) 16.7212
Epoch 123, current loss (training) 2.3162, current loss (val) 16.5865
Epoch 124, current loss (training) 2.5070, current loss (val) 16.5402
Epoch 125, current loss (training) 2.2950, current loss (val) 16.6423
Epoch 126, current loss (training) 2.3337, current loss (val) 16.9088
Epoch 127, current loss (training) 2.3019, current loss (val) 16.8578
Epoch 128, current loss (training) 2.3121, current loss (val) 17.2768
Epoch 129, current loss (training) 2.2049, current loss (val) 16.6110
Epoch 130, current loss (training) 2.2855, current loss (val) 16.9759
Epoch 131, current loss (training) 2.2359, current loss (val) 16.8944
Epoch 132, current loss (training) 2.3223, current loss (val) 16.8760
Epoch 133, current loss (training) 2.2239, current loss (val) 16.9031
Epoch 134, current loss (training) 2.3627, current loss (val) 16.7992
Epoch 135, current loss (training) 2.4190, current loss (val) 16.9156
Epoch 136, current loss (training) 2.2894, current loss (val) 16.9221
Epoch 137, current loss (training) 2.3964, current loss (val) 17.1593
Epoch 138, current loss (training) 2.2475, current loss (val) 16.6327
Epoch 139, current loss (training) 2.1849, current loss (val) 17.0528
Epoch 140, current loss (training) 2.2003, current loss (val) 16.5062
Epoch 141, current loss (training) 2.2679, current loss (val) 16.6689
Epoch 142, current loss (training) 2.1676, current loss (val) 17.1180
Epoch 143, current loss (training) 2.2534, current loss (val) 16.9914
Epoch 144, current loss (training) 2.2954, current loss (val) 16.6078
Epoch 145, current loss (training) 2.3538, current loss (val) 16.5923
Epoch 146, current loss (training) 2.3050, current loss (val) 16.9687
Epoch 147, current loss (training) 2.3627, current loss (val) 16.7632
Epoch 148, current loss (training) 2.1446, current loss (val) 16.9679
Epoch 149, current loss (training) 2.2093, current loss (val) 16.9878
Epoch 150, current loss (training) 2.4134, current loss (val) 17.4235
Epoch 151, current loss (training) 2.1314, current loss (val) 16.8672
Epoch 152, current loss (training) 2.3819, current loss (val) 17.0754
Epoch 153, current loss (training) 2.3235, current loss (val) 16.8569
Epoch 154, current loss (training) 2.1389, current loss (val) 16.9479
Epoch 155, current loss (training) 2.2337, current loss (val) 17.2510
Epoch 156, current loss (training) 2.3222, current loss (val) 17.0008
Epoch 157, current loss (training) 2.1386, current loss (val) 17.2128
Epoch 158, current loss (training) 2.1531, current loss (val) 17.1037
Epoch 159, current loss (training) 2.2213, current loss (val) 17.3637
Epoch 160, current loss (training) 2.0166, current loss (val) 17.2195
Epoch 161, current loss (training) 2.2656, current loss (val) 16.8934
Epoch 162, current loss (training) 2.2412, current loss (val) 17.6641
Epoch 163, current loss (training) 2.1323, current loss (val) 17.2121
Epoch 164, current loss (training) 2.2268, current loss (val) 16.5863
Epoch 165, current loss (training) 2.2432, current loss (val) 17.0386
Epoch 166, current loss (training) 2.1361, current loss (val) 17.1481
Epoch 167, current loss (training) 2.1468, current loss (val) 17.4182
Epoch 168, current loss (training) 2.2858, current loss (val) 17.3874
Epoch 169, current loss (training) 2.0880, current loss (val) 16.9830
Epoch 170, current loss (training) 2.0886, current loss (val) 17.4954
Epoch 171, current loss (training) 2.0232, current loss (val) 17.2453
Epoch 172, current loss (training) 2.1821, current loss (val) 17.6817
Epoch 173, current loss (training) 2.2310, current loss (val) 17.5274
Epoch 174, current loss (training) 2.1651, current loss (val) 17.6397
Epoch 175, current loss (training) 2.2050, current loss (val) 17.5604
Epoch 176, current loss (training) 2.1767, current loss (val) 16.9905
Epoch 177, current loss (training) 2.2056, current loss (val) 17.6075
Epoch 178, current loss (training) 2.2092, current loss (val) 17.1640
Epoch 179, current loss (training) 2.1824, current loss (val) 17.6497
Epoch 180, current loss (training) 2.1467, current loss (val) 17.1755
Epoch 181, current loss (training) 2.1421, current loss (val) 17.1954
Epoch 182, current loss (training) 2.1737, current loss (val) 17.4686
Epoch 183, current loss (training) 2.1091, current loss (val) 17.1872
Epoch 184, current loss (training) 2.1668, current loss (val) 17.1671
Epoch 185, current loss (training) 2.1122, current loss (val) 17.2871
Epoch 186, current loss (training) 2.1102, current loss (val) 17.3158
Epoch 187, current loss (training) 2.0795, current loss (val) 17.2192
Epoch 188, current loss (training) 2.2154, current loss (val) 17.2737
Epoch 189, current loss (training) 2.1523, current loss (val) 17.1489
Epoch 190, current loss (training) 2.1074, current loss (val) 17.7463
Epoch 191, current loss (training) 2.0620, current loss (val) 17.2949
Epoch 192, current loss (training) 2.0218, current loss (val) 17.0861
Epoch 193, current loss (training) 2.1645, current loss (val) 17.5442
Epoch 194, current loss (training) 2.1100, current loss (val) 17.5546
Epoch 195, current loss (training) 2.1775, current loss (val) 17.6354
Epoch 196, current loss (training) 1.9483, current loss (val) 17.5534
Epoch 197, current loss (training) 2.1395, current loss (val) 17.5278
Epoch 198, current loss (training) 2.1076, current loss (val) 17.2041
Epoch 199, current loss (training) 2.1002, current loss (val) 16.9885
Epoch 200, current loss (training) 1.9846, current loss (val) 17.3704
Epoch 201, current loss (training) 2.0894, current loss (val) 17.5986
Epoch 202, current loss (training) 2.1881, current loss (val) 17.4834
Epoch 203, current loss (training) 2.0653, current loss (val) 17.3343
Epoch 204, current loss (training) 2.0495, current loss (val) 17.6202
Epoch 205, current loss (training) 2.0514, current loss (val) 17.5842
Epoch 206, current loss (training) 2.2703, current loss (val) 17.5423
Epoch 207, current loss (training) 2.0004, current loss (val) 17.1796
Epoch 208, current loss (training) 2.1177, current loss (val) 17.5442
Epoch 209, current loss (training) 2.0516, current loss (val) 17.6703
Epoch 210, current loss (training) 2.0184, current loss (val) 17.1331
Epoch 211, current loss (training) 2.1073, current loss (val) 17.1071
Epoch 212, current loss (training) 2.1911, current loss (val) 17.0619
Epoch 213, current loss (training) 2.0388, current loss (val) 17.5534
Epoch 214, current loss (training) 2.0324, current loss (val) 17.1883
Epoch 215, current loss (training) 2.1125, current loss (val) 17.3478
Epoch 216, current loss (training) 2.0994, current loss (val) 17.8971
Epoch 217, current loss (training) 2.0758, current loss (val) 17.4386
Epoch 218, current loss (training) 2.0304, current loss (val) 17.5919
Epoch 219, current loss (training) 1.9992, current loss (val) 17.4018
Epoch 220, current loss (training) 2.0439, current loss (val) 17.5812
Epoch 221, current loss (training) 2.0358, current loss (val) 17.6414
Epoch 222, current loss (training) 2.0200, current loss (val) 17.9235
Epoch 223, current loss (training) 1.9509, current loss (val) 17.3243
Epoch 224, current loss (training) 1.9780, current loss (val) 17.5535
Epoch 225, current loss (training) 2.0866, current loss (val) 17.5091
Epoch 226, current loss (training) 2.0606, current loss (val) 17.5116
Epoch 227, current loss (training) 1.9131, current loss (val) 17.5214
Epoch 228, current loss (training) 2.1240, current loss (val) 17.7217
Epoch 229, current loss (training) 2.0233, current loss (val) 17.7076
Epoch 230, current loss (training) 1.9983, current loss (val) 17.3392
Epoch 231, current loss (training) 1.9169, current loss (val) 17.3956
Epoch 232, current loss (training) 2.0884, current loss (val) 17.6482
Epoch 233, current loss (training) 1.9815, current loss (val) 17.6893
Epoch 234, current loss (training) 1.9672, current loss (val) 17.3056
Epoch 235, current loss (training) 2.0358, current loss (val) 17.0664
Epoch 236, current loss (training) 1.9659, current loss (val) 17.5956
Epoch 237, current loss (training) 1.9974, current loss (val) 17.2931
Epoch 238, current loss (training) 2.0773, current loss (val) 17.1308
Epoch 239, current loss (training) 1.9902, current loss (val) 17.6330
Epoch 240, current loss (training) 1.9187, current loss (val) 17.5489
Epoch 241, current loss (training) 2.0227, current loss (val) 17.3870
Epoch 242, current loss (training) 1.9393, current loss (val) 17.2928
Epoch 243, current loss (training) 1.9031, current loss (val) 17.5560
Epoch 244, current loss (training) 1.8911, current loss (val) 17.5759
Epoch 245, current loss (training) 2.0263, current loss (val) 17.5790
Epoch 246, current loss (training) 1.8723, current loss (val) 17.4448
Epoch 247, current loss (training) 2.0613, current loss (val) 17.6859
Epoch 248, current loss (training) 2.1274, current loss (val) 17.9174
Epoch 249, current loss (training) 1.9093, current loss (val) 17.9397
Epoch 250, current loss (training) 2.0529, current loss (val) 17.6654
Epoch 251, current loss (training) 2.0996, current loss (val) 17.6934
Epoch 252, current loss (training) 1.9925, current loss (val) 17.3521
Epoch 253, current loss (training) 2.0123, current loss (val) 17.7323
Epoch 254, current loss (training) 2.0961, current loss (val) 17.5438
Epoch 255, current loss (training) 1.9549, current loss (val) 17.6569
Epoch 256, current loss (training) 1.9291, current loss (val) 17.8391
Epoch 257, current loss (training) 2.2282, current loss (val) 17.6631
Epoch 258, current loss (training) 1.9415, current loss (val) 17.6280
Epoch 259, current loss (training) 2.0319, current loss (val) 17.9597
Epoch 260, current loss (training) 1.9279, current loss (val) 17.8332
Epoch 261, current loss (training) 1.9361, current loss (val) 17.5952
Epoch 262, current loss (training) 1.9757, current loss (val) 17.7143
Epoch 263, current loss (training) 1.8728, current loss (val) 17.6096
Epoch 264, current loss (training) 1.9184, current loss (val) 17.6492
Epoch 265, current loss (training) 1.9973, current loss (val) 17.6340
Epoch 266, current loss (training) 1.9882, current loss (val) 17.7632
Epoch 267, current loss (training) 1.9827, current loss (val) 17.8431
Epoch 268, current loss (training) 1.8836, current loss (val) 17.7808
Epoch 269, current loss (training) 1.9877, current loss (val) 17.6191
Epoch 270, current loss (training) 1.9527, current loss (val) 17.1872
Epoch 271, current loss (training) 2.0217, current loss (val) 18.0894
Epoch 272, current loss (training) 1.9462, current loss (val) 17.4383
Epoch 273, current loss (training) 2.0639, current loss (val) 17.8465
Epoch 274, current loss (training) 1.9429, current loss (val) 17.2525
Epoch 275, current loss (training) 1.9913, current loss (val) 17.6349
Epoch 276, current loss (training) 1.8722, current loss (val) 17.5295
Epoch 277, current loss (training) 1.8897, current loss (val) 17.6297
Epoch 278, current loss (training) 1.9900, current loss (val) 17.6759
Epoch 279, current loss (training) 2.0389, current loss (val) 17.8102
Epoch 280, current loss (training) 2.0325, current loss (val) 18.2561
Epoch 281, current loss (training) 2.0002, current loss (val) 17.2293
Epoch 282, current loss (training) 1.9034, current loss (val) 17.6945
Epoch 283, current loss (training) 2.0707, current loss (val) 17.4741
Epoch 284, current loss (training) 1.9744, current loss (val) 17.7683
Epoch 285, current loss (training) 2.0150, current loss (val) 17.9606
Epoch 286, current loss (training) 1.8382, current loss (val) 17.5526
Epoch 287, current loss (training) 1.9903, current loss (val) 17.2832
Epoch 288, current loss (training) 1.8443, current loss (val) 17.6956
Epoch 289, current loss (training) 1.9213, current loss (val) 17.7391
Epoch 290, current loss (training) 1.7884, current loss (val) 18.0122
Epoch 291, current loss (training) 2.0072, current loss (val) 18.1031
Epoch 292, current loss (training) 1.8656, current loss (val) 17.6771
Epoch 293, current loss (training) 1.8916, current loss (val) 18.0318
Epoch 294, current loss (training) 2.0146, current loss (val) 17.5069
Epoch 295, current loss (training) 1.9856, current loss (val) 17.9696
Epoch 296, current loss (training) 1.8233, current loss (val) 17.6341
Epoch 297, current loss (training) 1.8879, current loss (val) 17.6264
Epoch 298, current loss (training) 1.8868, current loss (val) 17.4947
Epoch 299, current loss (training) 1.9236, current loss (val) 17.8076
Epoch 300, current loss (training) 1.9632, current loss (val) 17.8034
Epoch 301, current loss (training) 1.9105, current loss (val) 18.0090
Epoch 302, current loss (training) 1.8630, current loss (val) 18.0150
Epoch 303, current loss (training) 1.9442, current loss (val) 18.2015
Epoch 304, current loss (training) 1.8086, current loss (val) 17.6828
Epoch 305, current loss (training) 1.9547, current loss (val) 17.9794
Epoch 306, current loss (training) 1.9252, current loss (val) 17.9284
Epoch 307, current loss (training) 1.8816, current loss (val) 17.6762
Epoch 308, current loss (training) 1.9597, current loss (val) 17.9157
Epoch 309, current loss (training) 1.8424, current loss (val) 17.4110
Epoch 310, current loss (training) 1.8486, current loss (val) 17.9418
Epoch 311, current loss (training) 1.8092, current loss (val) 17.8147
Epoch 312, current loss (training) 1.8709, current loss (val) 17.7671
Epoch 313, current loss (training) 1.8874, current loss (val) 17.9252
Epoch 314, current loss (training) 1.8316, current loss (val) 17.7686
Epoch 315, current loss (training) 1.8901, current loss (val) 17.8903
Epoch 316, current loss (training) 1.9189, current loss (val) 17.9820
Epoch 317, current loss (training) 1.9688, current loss (val) 17.7165
Epoch 318, current loss (training) 1.9573, current loss (val) 17.6774
Epoch 319, current loss (training) 1.9230, current loss (val) 17.8536
Epoch 320, current loss (training) 1.8690, current loss (val) 17.9484
Epoch 321, current loss (training) 1.9168, current loss (val) 18.1940
Epoch 322, current loss (training) 1.8260, current loss (val) 17.7492
Epoch 323, current loss (training) 1.9104, current loss (val) 17.7948
Epoch 324, current loss (training) 1.8081, current loss (val) 17.7135
Epoch 325, current loss (training) 1.9293, current loss (val) 17.7232
Epoch 326, current loss (training) 1.9335, current loss (val) 17.6674
Epoch 327, current loss (training) 1.8490, current loss (val) 17.7389
Epoch 328, current loss (training) 1.9063, current loss (val) 17.6372
Epoch 329, current loss (training) 1.9993, current loss (val) 17.9208
Epoch 330, current loss (training) 1.8060, current loss (val) 18.0932
Epoch 331, current loss (training) 1.7963, current loss (val) 17.6810
Epoch 332, current loss (training) 1.8879, current loss (val) 17.2710
Epoch 333, current loss (training) 1.9021, current loss (val) 17.9761
Epoch 334, current loss (training) 1.8938, current loss (val) 18.2556
Epoch 335, current loss (training) 1.8067, current loss (val) 17.7189
Epoch 336, current loss (training) 1.9597, current loss (val) 17.7898
Epoch 337, current loss (training) 1.7650, current loss (val) 17.3057
Epoch 338, current loss (training) 1.8637, current loss (val) 18.2964
Epoch 339, current loss (training) 1.9453, current loss (val) 17.7601
Epoch 340, current loss (training) 1.8114, current loss (val) 18.4836
Epoch 341, current loss (training) 1.7972, current loss (val) 18.2837
Epoch 342, current loss (training) 1.9513, current loss (val) 18.0348
Epoch 343, current loss (training) 1.7957, current loss (val) 17.7889
Epoch 344, current loss (training) 1.8817, current loss (val) 17.9722
Epoch 345, current loss (training) 1.8879, current loss (val) 18.1613
Epoch 346, current loss (training) 1.8941, current loss (val) 18.0452
Epoch 347, current loss (training) 1.7848, current loss (val) 18.1223
Epoch 348, current loss (training) 1.8003, current loss (val) 17.7263
Epoch 349, current loss (training) 1.7670, current loss (val) 17.6310
Epoch 350, current loss (training) 2.1306, current loss (val) 18.1263
Epoch 351, current loss (training) 1.9490, current loss (val) 18.3295
Epoch 352, current loss (training) 1.9793, current loss (val) 17.9199
Epoch 353, current loss (training) 1.8496, current loss (val) 17.8703
Epoch 354, current loss (training) 1.8307, current loss (val) 17.8415
Epoch 355, current loss (training) 1.9619, current loss (val) 17.9308
Epoch 356, current loss (training) 1.7653, current loss (val) 18.2141
Epoch 357, current loss (training) 1.8561, current loss (val) 18.2148
Epoch 358, current loss (training) 1.7801, current loss (val) 17.9690
Epoch 359, current loss (training) 1.8708, current loss (val) 18.1765
Epoch 360, current loss (training) 1.7709, current loss (val) 18.0398
Epoch 361, current loss (training) 1.8157, current loss (val) 17.9323
Epoch 362, current loss (training) 1.7282, current loss (val) 18.1026
Epoch 363, current loss (training) 1.8264, current loss (val) 18.2654
Epoch 364, current loss (training) 1.9233, current loss (val) 18.0160
Epoch 365, current loss (training) 1.8186, current loss (val) 17.5970
Epoch 366, current loss (training) 1.8563, current loss (val) 17.7000
Epoch 367, current loss (training) 1.7541, current loss (val) 18.0018
Epoch 368, current loss (training) 1.7558, current loss (val) 18.1986
Epoch 369, current loss (training) 1.7819, current loss (val) 18.1342
Epoch 370, current loss (training) 1.8041, current loss (val) 17.9943
Epoch 371, current loss (training) 1.8100, current loss (val) 18.3059
Epoch 372, current loss (training) 1.8866, current loss (val) 18.4012
Epoch 373, current loss (training) 1.8590, current loss (val) 18.4776
Epoch 374, current loss (training) 1.9263, current loss (val) 18.1210
Epoch 375, current loss (training) 1.7468, current loss (val) 17.9837
Epoch 376, current loss (training) 1.8821, current loss (val) 18.3350
Epoch 377, current loss (training) 1.8076, current loss (val) 17.8847
Epoch 378, current loss (training) 1.7813, current loss (val) 18.2888
Epoch 379, current loss (training) 1.9548, current loss (val) 17.5179
Epoch 380, current loss (training) 1.7497, current loss (val) 17.9021
Epoch 381, current loss (training) 2.0625, current loss (val) 17.7960
Epoch 382, current loss (training) 1.8090, current loss (val) 18.5431
Epoch 383, current loss (training) 1.7133, current loss (val) 18.0619
Epoch 384, current loss (training) 1.7476, current loss (val) 18.3233
Epoch 385, current loss (training) 1.8625, current loss (val) 18.2929
Epoch 386, current loss (training) 1.9311, current loss (val) 18.2123
Epoch 387, current loss (training) 1.8017, current loss (val) 18.0960
Epoch 388, current loss (training) 1.7702, current loss (val) 17.8565
Epoch 389, current loss (training) 1.7491, current loss (val) 18.2323
Epoch 390, current loss (training) 1.8029, current loss (val) 17.7417
Epoch 391, current loss (training) 1.8126, current loss (val) 18.2193
Epoch 392, current loss (training) 1.7922, current loss (val) 17.5735
Epoch 393, current loss (training) 1.8473, current loss (val) 17.8274
Epoch 394, current loss (training) 1.7106, current loss (val) 18.3281
Epoch 395, current loss (training) 1.8374, current loss (val) 17.6991
Epoch 396, current loss (training) 1.7800, current loss (val) 18.5314
Epoch 397, current loss (training) 1.8053, current loss (val) 18.4644
Epoch 398, current loss (training) 1.7681, current loss (val) 18.1872
Epoch 399, current loss (training) 1.8597, current loss (val) 18.2337
Epoch 400, current loss (training) 1.8366, current loss (val) 17.9437
Epoch 401, current loss (training) 1.8049, current loss (val) 18.2487
Epoch 402, current loss (training) 1.8138, current loss (val) 18.0422
Epoch 403, current loss (training) 1.6616, current loss (val) 17.7729
Epoch 404, current loss (training) 1.7840, current loss (val) 18.2296
Epoch 405, current loss (training) 1.8127, current loss (val) 18.5482
Epoch 406, current loss (training) 1.7920, current loss (val) 18.4732
Epoch 407, current loss (training) 1.7886, current loss (val) 18.2189
Epoch 408, current loss (training) 1.7737, current loss (val) 18.1299
Epoch 409, current loss (training) 1.7370, current loss (val) 18.0322
Epoch 410, current loss (training) 1.7850, current loss (val) 17.8437
Epoch 411, current loss (training) 1.8007, current loss (val) 17.9829
Epoch 412, current loss (training) 1.8533, current loss (val) 17.8655
Epoch 413, current loss (training) 1.8780, current loss (val) 17.9004
Epoch 414, current loss (training) 1.7854, current loss (val) 18.0555
Epoch 415, current loss (training) 1.7312, current loss (val) 18.3446
Epoch 416, current loss (training) 1.7748, current loss (val) 18.4926
Epoch 417, current loss (training) 1.6995, current loss (val) 18.2918
Epoch 418, current loss (training) 1.7421, current loss (val) 18.2045
Epoch 419, current loss (training) 1.7421, current loss (val) 18.1225
Epoch 420, current loss (training) 1.7925, current loss (val) 18.2527
Epoch 421, current loss (training) 1.7109, current loss (val) 17.8300
Epoch 422, current loss (training) 1.7209, current loss (val) 17.8667
Epoch 423, current loss (training) 1.6501, current loss (val) 18.1092
Epoch 424, current loss (training) 1.8138, current loss (val) 18.1385
Epoch 425, current loss (training) 1.8535, current loss (val) 18.6378
Epoch 426, current loss (training) 1.7447, current loss (val) 18.0751
Epoch 427, current loss (training) 1.7182, current loss (val) 18.4359
Epoch 428, current loss (training) 1.7310, current loss (val) 18.4416
Epoch 429, current loss (training) 1.7561, current loss (val) 18.9263
Epoch 430, current loss (training) 1.7432, current loss (val) 17.9959
Epoch 431, current loss (training) 1.7004, current loss (val) 18.3137
Epoch 432, current loss (training) 1.8735, current loss (val) 18.0387
Epoch 433, current loss (training) 1.7207, current loss (val) 18.3959
Epoch 434, current loss (training) 1.8169, current loss (val) 18.4550
Epoch 435, current loss (training) 1.8356, current loss (val) 18.0561
Epoch 436, current loss (training) 1.7632, current loss (val) 18.3980
Epoch 437, current loss (training) 1.7958, current loss (val) 18.0417
Epoch 438, current loss (training) 1.7428, current loss (val) 18.6991
Epoch 439, current loss (training) 1.7743, current loss (val) 18.1066
Epoch 440, current loss (training) 1.7866, current loss (val) 18.3746
Epoch 441, current loss (training) 1.8848, current loss (val) 18.0915
Epoch 442, current loss (training) 1.6968, current loss (val) 18.3203
Epoch 443, current loss (training) 1.8230, current loss (val) 18.9679
Epoch 444, current loss (training) 1.9370, current loss (val) 18.2760
Epoch 445, current loss (training) 1.8407, current loss (val) 18.2482
Epoch 446, current loss (training) 1.7136, current loss (val) 18.3820
Epoch 447, current loss (training) 1.7753, current loss (val) 17.8969
Epoch 448, current loss (training) 1.5964, current loss (val) 18.2318
Epoch 449, current loss (training) 1.7116, current loss (val) 18.4663
Epoch 450, current loss (training) 1.7610, current loss (val) 18.0095
Epoch 451, current loss (training) 1.7589, current loss (val) 18.3444
Epoch 452, current loss (training) 1.7160, current loss (val) 18.1520
Epoch 453, current loss (training) 1.7023, current loss (val) 18.7191
Epoch 454, current loss (training) 1.6353, current loss (val) 18.6261
Epoch 455, current loss (training) 1.8541, current loss (val) 18.3130
Epoch 456, current loss (training) 1.7220, current loss (val) 18.6960
Epoch 457, current loss (training) 1.8284, current loss (val) 18.4566
Epoch 458, current loss (training) 1.6987, current loss (val) 18.2281
Epoch 459, current loss (training) 1.6788, current loss (val) 18.4035
Epoch 460, current loss (training) 1.6332, current loss (val) 18.2701
Epoch 461, current loss (training) 1.7290, current loss (val) 18.4744
Epoch 462, current loss (training) 1.7924, current loss (val) 18.5542
Epoch 463, current loss (training) 1.7464, current loss (val) 18.3876
Epoch 464, current loss (training) 1.6654, current loss (val) 18.8169
Epoch 465, current loss (training) 1.6752, current loss (val) 17.9638
Epoch 466, current loss (training) 1.7090, current loss (val) 19.0148
Epoch 467, current loss (training) 1.6316, current loss (val) 18.4153
Epoch 468, current loss (training) 1.7830, current loss (val) 18.7852
Epoch 469, current loss (training) 1.7145, current loss (val) 18.8773
Epoch 470, current loss (training) 1.7729, current loss (val) 18.5426
Epoch 471, current loss (training) 1.6986, current loss (val) 19.0665
Epoch 472, current loss (training) 1.6393, current loss (val) 18.6391
Epoch 473, current loss (training) 1.6789, current loss (val) 18.2671
Epoch 474, current loss (training) 1.9642, current loss (val) 18.1063
Epoch 475, current loss (training) 1.7089, current loss (val) 18.4680
Epoch 476, current loss (training) 1.8931, current loss (val) 18.3355
Epoch 477, current loss (training) 1.7407, current loss (val) 18.9789
Epoch 478, current loss (training) 1.7528, current loss (val) 18.3974
Epoch 479, current loss (training) 1.8265, current loss (val) 18.6558
Epoch 480, current loss (training) 1.7179, current loss (val) 18.7837
Epoch 481, current loss (training) 1.7177, current loss (val) 18.3424
Epoch 482, current loss (training) 1.8382, current loss (val) 18.7578
Epoch 483, current loss (training) 1.6180, current loss (val) 18.3223
Epoch 484, current loss (training) 1.8286, current loss (val) 18.1445
Epoch 485, current loss (training) 1.6868, current loss (val) 18.6538
Epoch 486, current loss (training) 1.7056, current loss (val) 18.8229
Epoch 487, current loss (training) 1.6146, current loss (val) 18.0943
Epoch 488, current loss (training) 1.6353, current loss (val) 18.7738
Epoch 489, current loss (training) 1.6127, current loss (val) 18.6020
Epoch 490, current loss (training) 1.6572, current loss (val) 18.2208
Epoch 491, current loss (training) 1.6349, current loss (val) 18.7883
Epoch 492, current loss (training) 1.7127, current loss (val) 18.9488
Epoch 493, current loss (training) 1.7978, current loss (val) 18.9303
Epoch 494, current loss (training) 1.8343, current loss (val) 18.3588
Epoch 495, current loss (training) 1.7899, current loss (val) 18.5830
Epoch 496, current loss (training) 1.7180, current loss (val) 18.2591
Epoch 497, current loss (training) 1.6103, current loss (val) 18.8433
Epoch 498, current loss (training) 1.6990, current loss (val) 18.6787
Epoch 499, current loss (training) 1.7237, current loss (val) 18.3276
Epoch 500, current loss (training) 3.7421, current loss (val) 18.7447
run_time_first_training_cycle:  6125.95 

Epochs 500, batch size, 200
Nbr training obs 500000, nbr parameters 2504504, obs/parameters 0.20

Starting abc-rs
Percentage done:  10.00 %
Percentage done:  20.00 %
Percentage done:  30.00 %
Percentage done:  40.00 %
Percentage done:  50.00 %
Percentage done:  60.00 %
Percentage done:  70.00 %
Percentage done:  80.00 %
Percentage done:  90.00 %
Percentage done:  100.00 %
Ending abc-rs
end script
Round:1
Round:5
Starting abc-rs
Percentage done:  10.00 %
Percentage done:  20.00 %
Percentage done:  30.00 %
Percentage done:  40.00 %
Percentage done:  50.00 %
Percentage done:  60.00 %
Percentage done:  70.00 %
Percentage done:  80.00 %
Percentage done:  90.00 %
Percentage done:  100.00 %
Ending abc-rs
194.372763 seconds (4.98 M allocations: 2.522 GiB, 0.13% gc time)
Round:9
Starting abc-rs
Percentage done:  10.00 %
Percentage done:  20.00 %
Percentage done:  30.00 %
Percentage done:  40.00 %
Percentage done:  50.00 %
Percentage done:  60.00 %
Percentage done:  70.00 %
Percentage done:  80.00 %
Percentage done:  90.00 %
Percentage done:  100.00 %
Ending abc-rs
193.111711 seconds (2.80 M allocations: 2.421 GiB, 0.11% gc time)
Round:13
Starting abc-rs
Percentage done:  10.00 %
Percentage done:  20.00 %
Percentage done:  30.00 %
Percentage done:  40.00 %
Percentage done:  50.00 %
Percentage done:  60.00 %
Percentage done:  70.00 %
Percentage done:  80.00 %
Percentage done:  90.00 %
Percentage done:  100.00 %
Ending abc-rs
193.498748 seconds (2.80 M allocations: 2.421 GiB, 0.11% gc time)
Round:17
Starting abc-rs
Percentage done:  10.00 %
Percentage done:  20.00 %
Percentage done:  30.00 %
Percentage done:  40.00 %
Percentage done:  50.00 %
Percentage done:  60.00 %
Percentage done:  70.00 %
Percentage done:  80.00 %
Percentage done:  90.00 %
Percentage done:  100.00 %
Ending abc-rs
193.243091 seconds (2.80 M allocations: 2.421 GiB, 0.10% gc time)
Round:21
Starting abc-rs
Percentage done:  10.00 %
Percentage done:  20.00 %
Percentage done:  30.00 %
Percentage done:  40.00 %
Percentage done:  50.00 %
Percentage done:  60.00 %
Percentage done:  70.00 %
Percentage done:  80.00 %
Percentage done:  90.00 %
Percentage done:  100.00 %
Ending abc-rs
193.196221 seconds (2.80 M allocations: 2.421 GiB, 0.11% gc time)
Round:25
Starting abc-rs
Percentage done:  10.00 %
Percentage done:  20.00 %
Percentage done:  30.00 %
Percentage done:  40.00 %
Percentage done:  50.00 %
Percentage done:  60.00 %
Percentage done:  70.00 %
Percentage done:  80.00 %
Percentage done:  90.00 %
Percentage done:  100.00 %
Ending abc-rs
193.197822 seconds (2.80 M allocations: 2.421 GiB, 0.10% gc time)
Round:29
Starting abc-rs
Percentage done:  10.00 %
Percentage done:  20.00 %
Percentage done:  30.00 %
Percentage done:  40.00 %
Percentage done:  50.00 %
Percentage done:  60.00 %
Percentage done:  70.00 %
Percentage done:  80.00 %
Percentage done:  90.00 %
Percentage done:  100.00 %
Ending abc-rs
193.196964 seconds (2.80 M allocations: 2.421 GiB, 0.10% gc time)
Round:33
Starting abc-rs
Percentage done:  10.00 %
Percentage done:  20.00 %
Percentage done:  30.00 %
Percentage done:  40.00 %
Percentage done:  50.00 %
Percentage done:  60.00 %
Percentage done:  70.00 %
Percentage done:  80.00 %
Percentage done:  90.00 %
Percentage done:  100.00 %
Ending abc-rs
193.309011 seconds (2.80 M allocations: 2.421 GiB, 0.11% gc time)
Round:37
Starting abc-rs
Percentage done:  10.00 %
Percentage done:  20.00 %
Percentage done:  30.00 %
Percentage done:  40.00 %
Percentage done:  50.00 %
Percentage done:  60.00 %
Percentage done:  70.00 %
Percentage done:  80.00 %
Percentage done:  90.00 %
Percentage done:  100.00 %
Ending abc-rs
193.204909 seconds (2.80 M allocations: 2.421 GiB, 0.10% gc time)
Round:41
Starting abc-rs
Percentage done:  10.00 %
Percentage done:  20.00 %
Percentage done:  30.00 %
Percentage done:  40.00 %
Percentage done:  50.00 %
Percentage done:  60.00 %
Percentage done:  70.00 %
Percentage done:  80.00 %
Percentage done:  90.00 %
Percentage done:  100.00 %
Ending abc-rs
193.142305 seconds (2.80 M allocations: 2.421 GiB, 0.11% gc time)
Round:45
Starting abc-rs
Percentage done:  10.00 %
Percentage done:  20.00 %
Percentage done:  30.00 %
Percentage done:  40.00 %
Percentage done:  50.00 %
Percentage done:  60.00 %
Percentage done:  70.00 %
Percentage done:  80.00 %
Percentage done:  90.00 %
Percentage done:  100.00 %
Ending abc-rs
193.160809 seconds (2.80 M allocations: 2.421 GiB, 0.10% gc time)
Round:49
Starting abc-rs
Percentage done:  10.00 %
Percentage done:  20.00 %
Percentage done:  30.00 %
Percentage done:  40.00 %
Percentage done:  50.00 %
Percentage done:  60.00 %
Percentage done:  70.00 %
Percentage done:  80.00 %
Percentage done:  90.00 %
Percentage done:  100.00 %
Ending abc-rs
193.245962 seconds (2.80 M allocations: 2.421 GiB, 0.10% gc time)
Round:53
Starting abc-rs
Percentage done:  10.00 %
Percentage done:  20.00 %
Percentage done:  30.00 %
Percentage done:  40.00 %
Percentage done:  50.00 %
Percentage done:  60.00 %
Percentage done:  70.00 %
Percentage done:  80.00 %
Percentage done:  90.00 %
Percentage done:  100.00 %
Ending abc-rs
193.281215 seconds (2.80 M allocations: 2.421 GiB, 0.10% gc time)
Round:57
Starting abc-rs
Percentage done:  10.00 %
Percentage done:  20.00 %
Percentage done:  30.00 %
Percentage done:  40.00 %
Percentage done:  50.00 %
Percentage done:  60.00 %
Percentage done:  70.00 %
Percentage done:  80.00 %
Percentage done:  90.00 %
Percentage done:  100.00 %
Ending abc-rs
193.256640 seconds (2.80 M allocations: 2.421 GiB, 0.10% gc time)
Round:61
Starting abc-rs
Percentage done:  10.00 %
Percentage done:  20.00 %
Percentage done:  30.00 %
Percentage done:  40.00 %
Percentage done:  50.00 %
Percentage done:  60.00 %
Percentage done:  70.00 %
Percentage done:  80.00 %
Percentage done:  90.00 %
Percentage done:  100.00 %
Ending abc-rs
193.136459 seconds (2.80 M allocations: 2.421 GiB, 0.10% gc time)
Round:65
Starting abc-rs
Percentage done:  10.00 %
Percentage done:  20.00 %
Percentage done:  30.00 %
Percentage done:  40.00 %
Percentage done:  50.00 %
Percentage done:  60.00 %
Percentage done:  70.00 %
Percentage done:  80.00 %
Percentage done:  90.00 %
Percentage done:  100.00 %
Ending abc-rs
193.197318 seconds (2.80 M allocations: 2.421 GiB, 0.11% gc time)
Round:69
Starting abc-rs
Percentage done:  10.00 %
Percentage done:  20.00 %
Percentage done:  30.00 %
Percentage done:  40.00 %
Percentage done:  50.00 %
Percentage done:  60.00 %
Percentage done:  70.00 %
Percentage done:  80.00 %
Percentage done:  90.00 %
Percentage done:  100.00 %
Ending abc-rs
193.226326 seconds (2.80 M allocations: 2.421 GiB, 0.10% gc time)
Round:73
Starting abc-rs
Percentage done:  10.00 %
Percentage done:  20.00 %
Percentage done:  30.00 %
Percentage done:  40.00 %
Percentage done:  50.00 %
Percentage done:  60.00 %
Percentage done:  70.00 %
Percentage done:  80.00 %
Percentage done:  90.00 %
Percentage done:  100.00 %
Ending abc-rs
193.150032 seconds (2.80 M allocations: 2.421 GiB, 0.10% gc time)
Round:77
Starting abc-rs
Percentage done:  10.00 %
Percentage done:  20.00 %
Percentage done:  30.00 %
Percentage done:  40.00 %
Percentage done:  50.00 %
Percentage done:  60.00 %
Percentage done:  70.00 %
Percentage done:  80.00 %
Percentage done:  90.00 %
Percentage done:  100.00 %
Ending abc-rs
193.233154 seconds (2.80 M allocations: 2.421 GiB, 0.11% gc time)
Round:81
Starting abc-rs
Percentage done:  10.00 %
Percentage done:  20.00 %
Percentage done:  30.00 %
Percentage done:  40.00 %
Percentage done:  50.00 %
Percentage done:  60.00 %
Percentage done:  70.00 %
Percentage done:  80.00 %
Percentage done:  90.00 %
Percentage done:  100.00 %
Ending abc-rs
193.198652 seconds (2.80 M allocations: 2.421 GiB, 0.10% gc time)
Round:85
Starting abc-rs
Percentage done:  10.00 %
Percentage done:  20.00 %
Percentage done:  30.00 %
Percentage done:  40.00 %
Percentage done:  50.00 %
Percentage done:  60.00 %
Percentage done:  70.00 %
Percentage done:  80.00 %
Percentage done:  90.00 %
Percentage done:  100.00 %
Ending abc-rs
193.182121 seconds (2.80 M allocations: 2.421 GiB, 0.10% gc time)
Round:89
Starting abc-rs
Percentage done:  10.00 %
Percentage done:  20.00 %
Percentage done:  30.00 %
Percentage done:  40.00 %
Percentage done:  50.00 %
Percentage done:  60.00 %
Percentage done:  70.00 %
Percentage done:  80.00 %
Percentage done:  90.00 %
Percentage done:  100.00 %
Ending abc-rs
193.263799 seconds (2.80 M allocations: 2.421 GiB, 0.11% gc time)
Round:93
Starting abc-rs
Percentage done:  10.00 %
Percentage done:  20.00 %
Percentage done:  30.00 %
Percentage done:  40.00 %
Percentage done:  50.00 %
Percentage done:  60.00 %
Percentage done:  70.00 %
Percentage done:  80.00 %
Percentage done:  90.00 %
Percentage done:  100.00 %
Ending abc-rs
193.125543 seconds (2.80 M allocations: 2.421 GiB, 0.10% gc time)
Round:97
Starting abc-rs
Percentage done:  10.00 %
Percentage done:  20.00 %
Percentage done:  30.00 %
Percentage done:  40.00 %
Percentage done:  50.00 %
Percentage done:  60.00 %
Percentage done:  70.00 %
Percentage done:  80.00 %
Percentage done:  90.00 %
Percentage done:  100.00 %
Ending abc-rs
193.229809 seconds (2.80 M allocations: 2.421 GiB, 0.11% gc time)
Round:101
Starting abc-rs
Percentage done:  10.00 %
Percentage done:  20.00 %
Percentage done:  30.00 %
Percentage done:  40.00 %
Percentage done:  50.00 %
Percentage done:  60.00 %
Percentage done:  70.00 %
Percentage done:  80.00 %
Percentage done:  90.00 %
Percentage done:  100.00 %
Ending abc-rs
193.262365 seconds (2.80 M allocations: 2.421 GiB, 0.10% gc time)
Round:105
Starting abc-rs
Percentage done:  10.00 %
Percentage done:  20.00 %
Percentage done:  30.00 %
Percentage done:  40.00 %
Percentage done:  50.00 %
Percentage done:  60.00 %
Percentage done:  70.00 %
Percentage done:  80.00 %
Percentage done:  90.00 %
Percentage done:  100.00 %
Ending abc-rs
193.114238 seconds (2.80 M allocations: 2.421 GiB, 0.10% gc time)
Round:109
Starting abc-rs
Percentage done:  10.00 %
Percentage done:  20.00 %
Percentage done:  30.00 %
Percentage done:  40.00 %
Percentage done:  50.00 %
Percentage done:  60.00 %
Percentage done:  70.00 %
Percentage done:  80.00 %
Percentage done:  90.00 %
Percentage done:  100.00 %
Ending abc-rs
193.185085 seconds (2.80 M allocations: 2.421 GiB, 0.11% gc time)
Round:113
Starting abc-rs
Percentage done:  10.00 %
Percentage done:  20.00 %
Percentage done:  30.00 %
Percentage done:  40.00 %
Percentage done:  50.00 %
Percentage done:  60.00 %
Percentage done:  70.00 %
Percentage done:  80.00 %
Percentage done:  90.00 %
Percentage done:  100.00 %
Ending abc-rs
193.219135 seconds (2.80 M allocations: 2.421 GiB, 0.10% gc time)
Round:117
Starting abc-rs
Percentage done:  10.00 %
Percentage done:  20.00 %
Percentage done:  30.00 %
Percentage done:  40.00 %
Percentage done:  50.00 %
Percentage done:  60.00 %
Percentage done:  70.00 %
Percentage done:  80.00 %
Percentage done:  90.00 %
Percentage done:  100.00 %
Ending abc-rs
193.182801 seconds (2.80 M allocations: 2.421 GiB, 0.10% gc time)
Round:121
Starting abc-rs
Percentage done:  10.00 %
Percentage done:  20.00 %
Percentage done:  30.00 %
Percentage done:  40.00 %
Percentage done:  50.00 %
Percentage done:  60.00 %
Percentage done:  70.00 %
Percentage done:  80.00 %
Percentage done:  90.00 %
Percentage done:  100.00 %
Ending abc-rs
193.121039 seconds (2.80 M allocations: 2.421 GiB, 0.11% gc time)
Round:125
Starting abc-rs
Percentage done:  10.00 %
Percentage done:  20.00 %
Percentage done:  30.00 %
Percentage done:  40.00 %
Percentage done:  50.00 %
Percentage done:  60.00 %
Percentage done:  70.00 %
Percentage done:  80.00 %
Percentage done:  90.00 %
Percentage done:  100.00 %
Ending abc-rs
193.119434 seconds (2.80 M allocations: 2.421 GiB, 0.10% gc time)
Round:129
Starting abc-rs
Percentage done:  10.00 %
Percentage done:  20.00 %
Percentage done:  30.00 %
Percentage done:  40.00 %
Percentage done:  50.00 %
Percentage done:  60.00 %
Percentage done:  70.00 %
Percentage done:  80.00 %
Percentage done:  90.00 %
Percentage done:  100.00 %
Ending abc-rs
193.141892 seconds (2.80 M allocations: 2.421 GiB, 0.10% gc time)
Round:133
Starting abc-rs
Percentage done:  10.00 %
Percentage done:  20.00 %
Percentage done:  30.00 %
Percentage done:  40.00 %
Percentage done:  50.00 %
Percentage done:  60.00 %
Percentage done:  70.00 %
Percentage done:  80.00 %
Percentage done:  90.00 %
Percentage done:  100.00 %
Ending abc-rs
193.154063 seconds (2.80 M allocations: 2.421 GiB, 0.11% gc time)
Round:137
Starting abc-rs
Percentage done:  10.00 %
Percentage done:  20.00 %
Percentage done:  30.00 %
Percentage done:  40.00 %
Percentage done:  50.00 %
Percentage done:  60.00 %
Percentage done:  70.00 %
Percentage done:  80.00 %
Percentage done:  90.00 %
Percentage done:  100.00 %
Ending abc-rs
193.082350 seconds (2.80 M allocations: 2.421 GiB, 0.10% gc time)
Round:141
Starting abc-rs
Percentage done:  10.00 %
Percentage done:  20.00 %
Percentage done:  30.00 %
Percentage done:  40.00 %
Percentage done:  50.00 %
Percentage done:  60.00 %
Percentage done:  70.00 %
Percentage done:  80.00 %
Percentage done:  90.00 %
Percentage done:  100.00 %
Ending abc-rs
193.229269 seconds (2.80 M allocations: 2.421 GiB, 0.12% gc time)
Round:145
Starting abc-rs
Percentage done:  10.00 %
Percentage done:  20.00 %
Percentage done:  30.00 %
Percentage done:  40.00 %
Percentage done:  50.00 %
Percentage done:  60.00 %
Percentage done:  70.00 %
Percentage done:  80.00 %
Percentage done:  90.00 %
Percentage done:  100.00 %
Ending abc-rs
193.161512 seconds (2.80 M allocations: 2.421 GiB, 0.10% gc time)
Round:149
Starting abc-rs
Percentage done:  10.00 %
Percentage done:  20.00 %
Percentage done:  30.00 %
Percentage done:  40.00 %
Percentage done:  50.00 %
Percentage done:  60.00 %
Percentage done:  70.00 %
Percentage done:  80.00 %
Percentage done:  90.00 %
Percentage done:  100.00 %
Ending abc-rs
193.086547 seconds (2.80 M allocations: 2.421 GiB, 0.10% gc time)
Round:153
Starting abc-rs
Percentage done:  10.00 %
Percentage done:  20.00 %
Percentage done:  30.00 %
Percentage done:  40.00 %
Percentage done:  50.00 %
Percentage done:  60.00 %
Percentage done:  70.00 %
Percentage done:  80.00 %
Percentage done:  90.00 %
Percentage done:  100.00 %
Ending abc-rs
193.182925 seconds (2.80 M allocations: 2.421 GiB, 0.11% gc time)
Round:157
Starting abc-rs
Percentage done:  10.00 %
Percentage done:  20.00 %
Percentage done:  30.00 %
Percentage done:  40.00 %
Percentage done:  50.00 %
Percentage done:  60.00 %
Percentage done:  70.00 %
Percentage done:  80.00 %
Percentage done:  90.00 %
Percentage done:  100.00 %
Ending abc-rs
193.082626 seconds (2.80 M allocations: 2.421 GiB, 0.10% gc time)
Round:161
Starting abc-rs
Percentage done:  10.00 %
Percentage done:  20.00 %
Percentage done:  30.00 %
Percentage done:  40.00 %
Percentage done:  50.00 %
Percentage done:  60.00 %
Percentage done:  70.00 %
Percentage done:  80.00 %
Percentage done:  90.00 %
Percentage done:  100.00 %
Ending abc-rs
193.146307 seconds (2.80 M allocations: 2.421 GiB, 0.10% gc time)
Round:165
Starting abc-rs
Percentage done:  10.00 %
Percentage done:  20.00 %
Percentage done:  30.00 %
Percentage done:  40.00 %
Percentage done:  50.00 %
Percentage done:  60.00 %
Percentage done:  70.00 %
Percentage done:  80.00 %
Percentage done:  90.00 %
Percentage done:  100.00 %
Ending abc-rs
193.322133 seconds (2.80 M allocations: 2.421 GiB, 0.11% gc time)
Round:169
Starting abc-rs
Percentage done:  10.00 %
Percentage done:  20.00 %
Percentage done:  30.00 %
Percentage done:  40.00 %
Percentage done:  50.00 %
Percentage done:  60.00 %
Percentage done:  70.00 %
Percentage done:  80.00 %
Percentage done:  90.00 %
Percentage done:  100.00 %
Ending abc-rs
193.128760 seconds (2.80 M allocations: 2.421 GiB, 0.10% gc time)
Round:173
Starting abc-rs
Percentage done:  10.00 %
Percentage done:  20.00 %
Percentage done:  30.00 %
Percentage done:  40.00 %
Percentage done:  50.00 %
Percentage done:  60.00 %
Percentage done:  70.00 %
Percentage done:  80.00 %
Percentage done:  90.00 %
Percentage done:  100.00 %
Ending abc-rs
193.170285 seconds (2.80 M allocations: 2.421 GiB, 0.10% gc time)
Round:177
Starting abc-rs
Percentage done:  10.00 %
Percentage done:  20.00 %
Percentage done:  30.00 %
Percentage done:  40.00 %
Percentage done:  50.00 %
Percentage done:  60.00 %
Percentage done:  70.00 %
Percentage done:  80.00 %
Percentage done:  90.00 %
Percentage done:  100.00 %
Ending abc-rs
193.225267 seconds (2.80 M allocations: 2.421 GiB, 0.11% gc time)
Round:181
Starting abc-rs
Percentage done:  10.00 %
Percentage done:  20.00 %
Percentage done:  30.00 %
Percentage done:  40.00 %
Percentage done:  50.00 %
Percentage done:  60.00 %
Percentage done:  70.00 %
Percentage done:  80.00 %
Percentage done:  90.00 %
Percentage done:  100.00 %
Ending abc-rs
193.078318 seconds (2.80 M allocations: 2.421 GiB, 0.10% gc time)
Round:185
Starting abc-rs
Percentage done:  10.00 %
Percentage done:  20.00 %
Percentage done:  30.00 %
Percentage done:  40.00 %
Percentage done:  50.00 %
Percentage done:  60.00 %
Percentage done:  70.00 %
Percentage done:  80.00 %
Percentage done:  90.00 %
Percentage done:  100.00 %
Ending abc-rs
193.204137 seconds (2.80 M allocations: 2.421 GiB, 0.11% gc time)
Round:189
Starting abc-rs
Percentage done:  10.00 %
Percentage done:  20.00 %
Percentage done:  30.00 %
Percentage done:  40.00 %
Percentage done:  50.00 %
Percentage done:  60.00 %
Percentage done:  70.00 %
Percentage done:  80.00 %
Percentage done:  90.00 %
Percentage done:  100.00 %
Ending abc-rs
193.111531 seconds (2.80 M allocations: 2.421 GiB, 0.10% gc time)
Round:193
Starting abc-rs
Percentage done:  10.00 %
Percentage done:  20.00 %
Percentage done:  30.00 %
Percentage done:  40.00 %
Percentage done:  50.00 %
Percentage done:  60.00 %
Percentage done:  70.00 %
Percentage done:  80.00 %
Percentage done:  90.00 %
Percentage done:  100.00 %
Ending abc-rs
193.104948 seconds (2.80 M allocations: 2.421 GiB, 0.10% gc time)
Round:197
Starting abc-rs
Percentage done:  10.00 %
Percentage done:  20.00 %
Percentage done:  30.00 %
Percentage done:  40.00 %
Percentage done:  50.00 %
Percentage done:  60.00 %
Percentage done:  70.00 %
Percentage done:  80.00 %
Percentage done:  90.00 %
Percentage done:  100.00 %
Ending abc-rs
193.361545 seconds (2.80 M allocations: 2.421 GiB, 0.10% gc time)
Round:201
Starting abc-rs
Percentage done:  10.00 %
Percentage done:  20.00 %
Percentage done:  30.00 %
Percentage done:  40.00 %
Percentage done:  50.00 %
Percentage done:  60.00 %
Percentage done:  70.00 %
Percentage done:  80.00 %
Percentage done:  90.00 %
Percentage done:  100.00 %
Ending abc-rs
193.119373 seconds (2.80 M allocations: 2.421 GiB, 0.11% gc time)
Round:205
Starting abc-rs
Percentage done:  10.00 %
Percentage done:  20.00 %
Percentage done:  30.00 %
Percentage done:  40.00 %
Percentage done:  50.00 %
Percentage done:  60.00 %
Percentage done:  70.00 %
Percentage done:  80.00 %
Percentage done:  90.00 %
Percentage done:  100.00 %
Ending abc-rs
193.519904 seconds (2.80 M allocations: 2.421 GiB, 0.25% gc time)
Round:209
Starting abc-rs
Percentage done:  10.00 %
Percentage done:  20.00 %
Percentage done:  30.00 %
Percentage done:  40.00 %
Percentage done:  50.00 %
Percentage done:  60.00 %
Percentage done:  70.00 %
Percentage done:  80.00 %
Percentage done:  90.00 %
Percentage done:  100.00 %
Ending abc-rs
193.013390 seconds (2.80 M allocations: 2.421 GiB, 0.09% gc time)
Round:213
Starting abc-rs
Percentage done:  10.00 %
Percentage done:  20.00 %
Percentage done:  30.00 %
Percentage done:  40.00 %
Percentage done:  50.00 %
Percentage done:  60.00 %
Percentage done:  70.00 %
Percentage done:  80.00 %
Percentage done:  90.00 %
Percentage done:  100.00 %
Ending abc-rs
193.044127 seconds (2.80 M allocations: 2.421 GiB, 0.11% gc time)
Round:217
Starting abc-rs
Percentage done:  10.00 %
Percentage done:  20.00 %
Percentage done:  30.00 %
Percentage done:  40.00 %
Percentage done:  50.00 %
Percentage done:  60.00 %
Percentage done:  70.00 %
Percentage done:  80.00 %
Percentage done:  90.00 %
Percentage done:  100.00 %
Ending abc-rs
193.166084 seconds (2.80 M allocations: 2.421 GiB, 0.09% gc time)
Round:221
Starting abc-rs
Percentage done:  10.00 %
Percentage done:  20.00 %
Percentage done:  30.00 %
Percentage done:  40.00 %
Percentage done:  50.00 %
Percentage done:  60.00 %
Percentage done:  70.00 %
Percentage done:  80.00 %
Percentage done:  90.00 %
Percentage done:  100.00 %
Ending abc-rs
193.670527 seconds (2.80 M allocations: 2.421 GiB, 0.09% gc time)
Round:225
Starting abc-rs
Percentage done:  10.00 %
Percentage done:  20.00 %
Percentage done:  30.00 %
Percentage done:  40.00 %
Percentage done:  50.00 %
Percentage done:  60.00 %
Percentage done:  70.00 %
Percentage done:  80.00 %
Percentage done:  90.00 %
Percentage done:  100.00 %
Ending abc-rs
193.753505 seconds (2.80 M allocations: 2.421 GiB, 0.09% gc time)
Round:229
Starting abc-rs
Percentage done:  10.00 %
Percentage done:  20.00 %
Percentage done:  30.00 %
Percentage done:  40.00 %
Percentage done:  50.00 %
Percentage done:  60.00 %
Percentage done:  70.00 %
Percentage done:  80.00 %
Percentage done:  90.00 %
Percentage done:  100.00 %
Ending abc-rs
193.079837 seconds (2.80 M allocations: 2.421 GiB, 0.11% gc time)
Round:233
Starting abc-rs
Percentage done:  10.00 %
Percentage done:  20.00 %
Percentage done:  30.00 %
Percentage done:  40.00 %
Percentage done:  50.00 %
Percentage done:  60.00 %
Percentage done:  70.00 %
Percentage done:  80.00 %
Percentage done:  90.00 %
Percentage done:  100.00 %
Ending abc-rs
193.137481 seconds (2.80 M allocations: 2.421 GiB, 0.09% gc time)
Round:237
Starting abc-rs
Percentage done:  10.00 %
Percentage done:  20.00 %
Percentage done:  30.00 %
Percentage done:  40.00 %
Percentage done:  50.00 %
Percentage done:  60.00 %
Percentage done:  70.00 %
Percentage done:  80.00 %
Percentage done:  90.00 %
Percentage done:  100.00 %
Ending abc-rs
193.136728 seconds (2.80 M allocations: 2.421 GiB, 0.09% gc time)
Round:241
Starting abc-rs
Percentage done:  10.00 %
Percentage done:  20.00 %
Percentage done:  30.00 %
Percentage done:  40.00 %
Percentage done:  50.00 %
Percentage done:  60.00 %
Percentage done:  70.00 %
Percentage done:  80.00 %
Percentage done:  90.00 %
Percentage done:  100.00 %
Ending abc-rs
193.230944 seconds (2.80 M allocations: 2.421 GiB, 0.11% gc time)
Round:245
Starting abc-rs
Percentage done:  10.00 %
Percentage done:  20.00 %
Percentage done:  30.00 %
Percentage done:  40.00 %
Percentage done:  50.00 %
Percentage done:  60.00 %
Percentage done:  70.00 %
Percentage done:  80.00 %
Percentage done:  90.00 %
Percentage done:  100.00 %
Ending abc-rs
193.153404 seconds (2.80 M allocations: 2.421 GiB, 0.09% gc time)
Round:249
Starting abc-rs
Percentage done:  10.00 %
Percentage done:  20.00 %
Percentage done:  30.00 %
Percentage done:  40.00 %
Percentage done:  50.00 %
Percentage done:  60.00 %
Percentage done:  70.00 %
Percentage done:  80.00 %
Percentage done:  90.00 %
Percentage done:  100.00 %
Ending abc-rs
193.133429 seconds (2.80 M allocations: 2.421 GiB, 0.09% gc time)
Round:253
Starting abc-rs
Percentage done:  10.00 %
Percentage done:  20.00 %
Percentage done:  30.00 %
Percentage done:  40.00 %
Percentage done:  50.00 %
Percentage done:  60.00 %
Percentage done:  70.00 %
Percentage done:  80.00 %
Percentage done:  90.00 %
Percentage done:  100.00 %
Ending abc-rs
193.120811 seconds (2.80 M allocations: 2.421 GiB, 0.09% gc time)
Round:257
Starting abc-rs
Percentage done:  10.00 %
Percentage done:  20.00 %
Percentage done:  30.00 %
Percentage done:  40.00 %
Percentage done:  50.00 %
Percentage done:  60.00 %
Percentage done:  70.00 %
Percentage done:  80.00 %
Percentage done:  90.00 %
Percentage done:  100.00 %
Ending abc-rs
193.165332 seconds (2.80 M allocations: 2.421 GiB, 0.11% gc time)
Round:261
Starting abc-rs
Percentage done:  10.00 %
Percentage done:  20.00 %
Percentage done:  30.00 %
Percentage done:  40.00 %
Percentage done:  50.00 %
Percentage done:  60.00 %
Percentage done:  70.00 %
Percentage done:  80.00 %
Percentage done:  90.00 %
Percentage done:  100.00 %
Ending abc-rs
193.491674 seconds (2.80 M allocations: 2.421 GiB, 0.09% gc time)
Round:265
Starting abc-rs
Percentage done:  10.00 %
Percentage done:  20.00 %
Percentage done:  30.00 %
Percentage done:  40.00 %
Percentage done:  50.00 %
Percentage done:  60.00 %
Percentage done:  70.00 %
Percentage done:  80.00 %
Percentage done:  90.00 %
Percentage done:  100.00 %
Ending abc-rs
193.024508 seconds (2.80 M allocations: 2.421 GiB, 0.09% gc time)
Round:269
Starting abc-rs
Percentage done:  10.00 %
Percentage done:  20.00 %
Percentage done:  30.00 %
Percentage done:  40.00 %
Percentage done:  50.00 %
Percentage done:  60.00 %
Percentage done:  70.00 %
Percentage done:  80.00 %
Percentage done:  90.00 %
Percentage done:  100.00 %
Ending abc-rs
193.250615 seconds (2.80 M allocations: 2.421 GiB, 0.12% gc time)
Round:273
Starting abc-rs
Percentage done:  10.00 %
Percentage done:  20.00 %
Percentage done:  30.00 %
Percentage done:  40.00 %
Percentage done:  50.00 %
Percentage done:  60.00 %
Percentage done:  70.00 %
Percentage done:  80.00 %
Percentage done:  90.00 %
Percentage done:  100.00 %
Ending abc-rs
193.265936 seconds (2.80 M allocations: 2.421 GiB, 0.09% gc time)
Round:277
Starting abc-rs
Percentage done:  10.00 %
Percentage done:  20.00 %
Percentage done:  30.00 %
Percentage done:  40.00 %
Percentage done:  50.00 %
Percentage done:  60.00 %
Percentage done:  70.00 %
Percentage done:  80.00 %
Percentage done:  90.00 %
Percentage done:  100.00 %
Ending abc-rs
193.091559 seconds (2.80 M allocations: 2.421 GiB, 0.09% gc time)
Round:281
Starting abc-rs
Percentage done:  10.00 %
Percentage done:  20.00 %
Percentage done:  30.00 %
Percentage done:  40.00 %
Percentage done:  50.00 %
Percentage done:  60.00 %
Percentage done:  70.00 %
Percentage done:  80.00 %
Percentage done:  90.00 %
Percentage done:  100.00 %
Ending abc-rs
193.249243 seconds (2.80 M allocations: 2.421 GiB, 0.11% gc time)
Round:285
Starting abc-rs
Percentage done:  10.00 %
Percentage done:  20.00 %
Percentage done:  30.00 %
Percentage done:  40.00 %
Percentage done:  50.00 %
Percentage done:  60.00 %
Percentage done:  70.00 %
Percentage done:  80.00 %
Percentage done:  90.00 %
Percentage done:  100.00 %
Ending abc-rs
193.098293 seconds (2.80 M allocations: 2.421 GiB, 0.09% gc time)
Round:289
Starting abc-rs
Percentage done:  10.00 %
Percentage done:  20.00 %
Percentage done:  30.00 %
Percentage done:  40.00 %
Percentage done:  50.00 %
Percentage done:  60.00 %
Percentage done:  70.00 %
Percentage done:  80.00 %
Percentage done:  90.00 %
Percentage done:  100.00 %
Ending abc-rs
193.116610 seconds (2.80 M allocations: 2.421 GiB, 0.09% gc time)
Round:293
Starting abc-rs
Percentage done:  10.00 %
Percentage done:  20.00 %
Percentage done:  30.00 %
Percentage done:  40.00 %
Percentage done:  50.00 %
Percentage done:  60.00 %
Percentage done:  70.00 %
Percentage done:  80.00 %
Percentage done:  90.00 %
Percentage done:  100.00 %
Ending abc-rs
193.122371 seconds (2.80 M allocations: 2.421 GiB, 0.09% gc time)
Round:297
Starting abc-rs
Percentage done:  10.00 %
Percentage done:  20.00 %
Percentage done:  30.00 %
Percentage done:  40.00 %
Percentage done:  50.00 %
Percentage done:  60.00 %
Percentage done:  70.00 %
Percentage done:  80.00 %
Percentage done:  90.00 %
Percentage done:  100.00 %
Ending abc-rs
193.055040 seconds (2.80 M allocations: 2.421 GiB, 0.11% gc time)
Round:301
Starting abc-rs
Percentage done:  10.00 %
Percentage done:  20.00 %
Percentage done:  30.00 %
Percentage done:  40.00 %
Percentage done:  50.00 %
Percentage done:  60.00 %
Percentage done:  70.00 %
Percentage done:  80.00 %
Percentage done:  90.00 %
Percentage done:  100.00 %
Ending abc-rs
193.087446 seconds (2.80 M allocations: 2.421 GiB, 0.09% gc time)
Round:305
Starting abc-rs
Percentage done:  10.00 %
Percentage done:  20.00 %
Percentage done:  30.00 %
Percentage done:  40.00 %
Percentage done:  50.00 %
Percentage done:  60.00 %
Percentage done:  70.00 %
Percentage done:  80.00 %
Percentage done:  90.00 %
Percentage done:  100.00 %
Ending abc-rs
193.197018 seconds (2.80 M allocations: 2.421 GiB, 0.09% gc time)
Round:309
Starting abc-rs
Percentage done:  10.00 %
Percentage done:  20.00 %
Percentage done:  30.00 %
Percentage done:  40.00 %
Percentage done:  50.00 %
Percentage done:  60.00 %
Percentage done:  70.00 %
Percentage done:  80.00 %
Percentage done:  90.00 %
Percentage done:  100.00 %
Ending abc-rs
193.087177 seconds (2.80 M allocations: 2.421 GiB, 0.11% gc time)
Round:313
Starting abc-rs
Percentage done:  10.00 %
Percentage done:  20.00 %
Percentage done:  30.00 %
Percentage done:  40.00 %
Percentage done:  50.00 %
Percentage done:  60.00 %
Percentage done:  70.00 %
Percentage done:  80.00 %
Percentage done:  90.00 %
Percentage done:  100.00 %
Ending abc-rs
193.077423 seconds (2.80 M allocations: 2.421 GiB, 0.09% gc time)
Round:317
Starting abc-rs
Percentage done:  10.00 %
Percentage done:  20.00 %
Percentage done:  30.00 %
Percentage done:  40.00 %
Percentage done:  50.00 %
Percentage done:  60.00 %
Percentage done:  70.00 %
Percentage done:  80.00 %
Percentage done:  90.00 %
Percentage done:  100.00 %
Ending abc-rs
193.049112 seconds (2.80 M allocations: 2.421 GiB, 0.09% gc time)
Round:321
Starting abc-rs
Percentage done:  10.00 %
Percentage done:  20.00 %
Percentage done:  30.00 %
Percentage done:  40.00 %
Percentage done:  50.00 %
Percentage done:  60.00 %
Percentage done:  70.00 %
Percentage done:  80.00 %
Percentage done:  90.00 %
Percentage done:  100.00 %
Ending abc-rs
193.062623 seconds (2.80 M allocations: 2.421 GiB, 0.09% gc time)
Round:325
Starting abc-rs
Percentage done:  10.00 %
Percentage done:  20.00 %
Percentage done:  30.00 %
Percentage done:  40.00 %
Percentage done:  50.00 %
Percentage done:  60.00 %
Percentage done:  70.00 %
Percentage done:  80.00 %
Percentage done:  90.00 %
Percentage done:  100.00 %
Ending abc-rs
193.124559 seconds (2.80 M allocations: 2.421 GiB, 0.09% gc time)
Round:329
Starting abc-rs
Percentage done:  10.00 %
Percentage done:  20.00 %
Percentage done:  30.00 %
Percentage done:  40.00 %
Percentage done:  50.00 %
Percentage done:  60.00 %
Percentage done:  70.00 %
Percentage done:  80.00 %
Percentage done:  90.00 %
Percentage done:  100.00 %
Ending abc-rs
193.061141 seconds (2.80 M allocations: 2.421 GiB, 0.09% gc time)
Round:333
Starting abc-rs
Percentage done:  10.00 %
Percentage done:  20.00 %
Percentage done:  30.00 %
Percentage done:  40.00 %
Percentage done:  50.00 %
Percentage done:  60.00 %
Percentage done:  70.00 %
Percentage done:  80.00 %
Percentage done:  90.00 %
Percentage done:  100.00 %
Ending abc-rs
193.044990 seconds (2.80 M allocations: 2.421 GiB, 0.09% gc time)
Round:337
Starting abc-rs
Percentage done:  10.00 %
Percentage done:  20.00 %
Percentage done:  30.00 %
Percentage done:  40.00 %
Percentage done:  50.00 %
Percentage done:  60.00 %
Percentage done:  70.00 %
Percentage done:  80.00 %
Percentage done:  90.00 %
Percentage done:  100.00 %
Ending abc-rs
193.077559 seconds (2.80 M allocations: 2.421 GiB, 0.11% gc time)
Round:341
Starting abc-rs
Percentage done:  10.00 %
Percentage done:  20.00 %
Percentage done:  30.00 %
Percentage done:  40.00 %
Percentage done:  50.00 %
Percentage done:  60.00 %
Percentage done:  70.00 %
Percentage done:  80.00 %
Percentage done:  90.00 %
Percentage done:  100.00 %
Ending abc-rs
193.239242 seconds (2.80 M allocations: 2.421 GiB, 0.09% gc time)
Round:345
Starting abc-rs
Percentage done:  10.00 %
Percentage done:  20.00 %
Percentage done:  30.00 %
Percentage done:  40.00 %
Percentage done:  50.00 %
Percentage done:  60.00 %
Percentage done:  70.00 %
Percentage done:  80.00 %
Percentage done:  90.00 %
Percentage done:  100.00 %
Ending abc-rs
193.067234 seconds (2.80 M allocations: 2.421 GiB, 0.09% gc time)
Round:349
Starting abc-rs
Percentage done:  10.00 %
Percentage done:  20.00 %
Percentage done:  30.00 %
Percentage done:  40.00 %
Percentage done:  50.00 %
Percentage done:  60.00 %
Percentage done:  70.00 %
Percentage done:  80.00 %
Percentage done:  90.00 %
Percentage done:  100.00 %
Ending abc-rs
193.039161 seconds (2.80 M allocations: 2.421 GiB, 0.09% gc time)
Round:353
Starting abc-rs
Percentage done:  10.00 %
Percentage done:  20.00 %
Percentage done:  30.00 %
Percentage done:  40.00 %
Percentage done:  50.00 %
Percentage done:  60.00 %
Percentage done:  70.00 %
Percentage done:  80.00 %
Percentage done:  90.00 %
Percentage done:  100.00 %
Ending abc-rs
193.123939 seconds (2.80 M allocations: 2.421 GiB, 0.11% gc time)
Round:357
Starting abc-rs
Percentage done:  10.00 %
Percentage done:  20.00 %
Percentage done:  30.00 %
Percentage done:  40.00 %
Percentage done:  50.00 %
Percentage done:  60.00 %
Percentage done:  70.00 %
Percentage done:  80.00 %
Percentage done:  90.00 %
Percentage done:  100.00 %
Ending abc-rs
193.087400 seconds (2.80 M allocations: 2.421 GiB, 0.09% gc time)
Round:361
Starting abc-rs
Percentage done:  10.00 %
Percentage done:  20.00 %
Percentage done:  30.00 %
Percentage done:  40.00 %
Percentage done:  50.00 %
Percentage done:  60.00 %
Percentage done:  70.00 %
Percentage done:  80.00 %
Percentage done:  90.00 %
Percentage done:  100.00 %
Ending abc-rs
192.997475 seconds (2.80 M allocations: 2.421 GiB, 0.09% gc time)
Round:365
Starting abc-rs
Percentage done:  10.00 %
Percentage done:  20.00 %
Percentage done:  30.00 %
Percentage done:  40.00 %
Percentage done:  50.00 %
Percentage done:  60.00 %
Percentage done:  70.00 %
Percentage done:  80.00 %
Percentage done:  90.00 %
Percentage done:  100.00 %
Ending abc-rs
193.104657 seconds (2.80 M allocations: 2.421 GiB, 0.11% gc time)
Round:369
Starting abc-rs
Percentage done:  10.00 %
Percentage done:  20.00 %
Percentage done:  30.00 %
Percentage done:  40.00 %
Percentage done:  50.00 %
Percentage done:  60.00 %
Percentage done:  70.00 %
Percentage done:  80.00 %
Percentage done:  90.00 %
Percentage done:  100.00 %
Ending abc-rs
193.095009 seconds (2.80 M allocations: 2.421 GiB, 0.09% gc time)
Round:373
Starting abc-rs
Percentage done:  10.00 %
Percentage done:  20.00 %
Percentage done:  30.00 %
Percentage done:  40.00 %
Percentage done:  50.00 %
Percentage done:  60.00 %
Percentage done:  70.00 %
Percentage done:  80.00 %
Percentage done:  90.00 %
Percentage done:  100.00 %
Ending abc-rs
193.047412 seconds (2.80 M allocations: 2.421 GiB, 0.09% gc time)
Round:377
Starting abc-rs
Percentage done:  10.00 %
Percentage done:  20.00 %
Percentage done:  30.00 %
Percentage done:  40.00 %
Percentage done:  50.00 %
Percentage done:  60.00 %
Percentage done:  70.00 %
Percentage done:  80.00 %
Percentage done:  90.00 %
Percentage done:  100.00 %
Ending abc-rs
193.061034 seconds (2.80 M allocations: 2.421 GiB, 0.09% gc time)
Round:381
Starting abc-rs
Percentage done:  10.00 %
Percentage done:  20.00 %
Percentage done:  30.00 %
Percentage done:  40.00 %
Percentage done:  50.00 %
Percentage done:  60.00 %
Percentage done:  70.00 %
Percentage done:  80.00 %
Percentage done:  90.00 %
Percentage done:  100.00 %
Ending abc-rs
193.085382 seconds (2.80 M allocations: 2.421 GiB, 0.11% gc time)
Round:385
Starting abc-rs
Percentage done:  10.00 %
Percentage done:  20.00 %
Percentage done:  30.00 %
Percentage done:  40.00 %
Percentage done:  50.00 %
Percentage done:  60.00 %
Percentage done:  70.00 %
Percentage done:  80.00 %
Percentage done:  90.00 %
Percentage done:  100.00 %
Ending abc-rs
193.112163 seconds (2.80 M allocations: 2.421 GiB, 0.09% gc time)
Round:389
Starting abc-rs
Percentage done:  10.00 %
Percentage done:  20.00 %
Percentage done:  30.00 %
Percentage done:  40.00 %
Percentage done:  50.00 %
Percentage done:  60.00 %
Percentage done:  70.00 %
Percentage done:  80.00 %
Percentage done:  90.00 %
Percentage done:  100.00 %
Ending abc-rs
193.058065 seconds (2.80 M allocations: 2.421 GiB, 0.09% gc time)
Round:393
Starting abc-rs
Percentage done:  10.00 %
Percentage done:  20.00 %
Percentage done:  30.00 %
Percentage done:  40.00 %
Percentage done:  50.00 %
Percentage done:  60.00 %
Percentage done:  70.00 %
Percentage done:  80.00 %
Percentage done:  90.00 %
Percentage done:  100.00 %
Ending abc-rs
193.035429 seconds (2.80 M allocations: 2.421 GiB, 0.11% gc time)
Round:397
Starting abc-rs
Percentage done:  10.00 %
Percentage done:  20.00 %
Percentage done:  30.00 %
Percentage done:  40.00 %
Percentage done:  50.00 %
Percentage done:  60.00 %
Percentage done:  70.00 %
Percentage done:  80.00 %
Percentage done:  90.00 %
Percentage done:  100.00 %
Ending abc-rs
193.075242 seconds (2.80 M allocations: 2.421 GiB, 0.09% gc time)
