Tue Oct 30 23:07:22 2018       
+-----------------------------------------------------------------------------+
| NVIDIA-SMI 396.44                 Driver Version: 396.44                    |
|-------------------------------+----------------------+----------------------+
| GPU  Name        Persistence-M| Bus-Id        Disp.A | Volatile Uncorr. ECC |
| Fan  Temp  Perf  Pwr:Usage/Cap|         Memory-Usage | GPU-Util  Compute M. |
|===============================+======================+======================|
|   0  Tesla K80           On   | 00000000:04:00.0 Off |                    0 |
| N/A   34C    P8    28W / 149W |      0MiB / 11441MiB |      0%      Default |
+-------------------------------+----------------------+----------------------+
|   1  Tesla K80           On   | 00000000:05:00.0 Off |                    0 |
| N/A   49C    P8    32W / 149W |      0MiB / 11441MiB |      0%      Default |
+-------------------------------+----------------------+----------------------+
|   2  Tesla K80           On   | 00000000:84:00.0 Off |                    0 |
| N/A   32C    P8    26W / 149W |      0MiB / 11441MiB |      0%      Default |
+-------------------------------+----------------------+----------------------+
|   3  Tesla K80           On   | 00000000:85:00.0 Off |                    0 |
| N/A   33C    P8    30W / 149W |      0MiB / 11441MiB |      0%      Default |
+-------------------------------+----------------------+----------------------+
                                                                               
+-----------------------------------------------------------------------------+
| Processes:                                                       GPU Memory |
|  GPU       PID   Type   Process name                             Usage      |
|=============================================================================|
|  No running processes found                                                 |
+-----------------------------------------------------------------------------+
/home/samwiq/ABC and deep learning project/abc-dl/lunarc
/home/samwiq/ABC and deep learning project/abc-dl
start script
500
check version of Knet
    Status `~/.julia/environments/v1.0/Project.toml`
  [336ed68f] CSV v0.3.1
  [a93c6f00] DataFrames v0.13.1
  [31c24e10] Distributions v0.16.4
  [1902f260] Knet v1.1.0
  [6f286f6a] MultivariateStats v0.6.0 #master (https://github.com/JuliaStats/MultivariateStats.jl.git)
  [2913bbd2] StatsBase v0.25.0
  [4c63d2b9] StatsFuns v0.7.0
build Knet
  Building SpecialFunctions → `~/.julia/packages/SpecialFunctions/KvXoO/deps/build.log`
  Building CodecZlib ───────→ `~/.julia/packages/CodecZlib/wwgbh/deps/build.log`
  Building Knet ────────────→ `~/.julia/packages/Knet/hxjeS/deps/build.log`
test gpu
4
-1
0
Loading g-and-k model
Loading g-and-k model
Starting: generate_parameter_data_pairs
Percentage done:  10.00 %
Percentage done:  20.00 %
Percentage done:  30.00 %
Percentage done:  40.00 %
Percentage done:  50.00 %
Percentage done:  60.00 %
Percentage done:  70.00 %
Percentage done:  80.00 %
Percentage done:  90.00 %
Percentage done:  100.00 %
Starting: generate_parameter_data_pairs
Percentage done:  2.00 %
Percentage done:  4.00 %
Percentage done:  6.00 %
Percentage done:  8.00 %
Percentage done:  10.00 %
Percentage done:  12.00 %
Percentage done:  14.00 %
Percentage done:  16.00 %
Percentage done:  18.00 %
Percentage done:  20.00 %
Percentage done:  22.00 %
Percentage done:  24.00 %
Percentage done:  26.00 %
Percentage done:  28.00 %
Percentage done:  30.00 %
Percentage done:  32.00 %
Percentage done:  34.00 %
Percentage done:  36.00 %
Percentage done:  38.00 %
Percentage done:  40.00 %
Percentage done:  42.00 %
Percentage done:  44.00 %
Percentage done:  46.00 %
Percentage done:  48.00 %
Percentage done:  50.00 %
Percentage done:  52.00 %
Percentage done:  54.00 %
Percentage done:  56.00 %
Percentage done:  58.00 %
Percentage done:  60.00 %
Percentage done:  62.00 %
Percentage done:  64.00 %
Percentage done:  66.00 %
Percentage done:  68.00 %
Percentage done:  70.00 %
Percentage done:  72.00 %
Percentage done:  74.00 %
Percentage done:  76.00 %
Percentage done:  78.00 %
Percentage done:  80.00 %
Percentage done:  82.00 %
Percentage done:  84.00 %
Percentage done:  86.00 %
Percentage done:  88.00 %
Percentage done:  90.00 %
Percentage done:  92.00 %
Percentage done:  94.00 %
Percentage done:  96.00 %
Percentage done:  98.00 %
Percentage done:  100.00 %
Starting: generate_parameter_data_pairs
Percentage done:  5.00 %
Percentage done:  10.00 %
Percentage done:  15.00 %
Percentage done:  20.00 %
Percentage done:  25.00 %
Percentage done:  30.00 %
Percentage done:  35.00 %
Percentage done:  40.00 %
Percentage done:  45.00 %
Percentage done:  50.00 %
Percentage done:  55.00 %
Percentage done:  60.00 %
Percentage done:  65.00 %
Percentage done:  70.00 %
Percentage done:  75.00 %
Percentage done:  80.00 %
Percentage done:  85.00 %
Percentage done:  90.00 %
Percentage done:  95.00 %
Percentage done:  100.00 %
Starting: generate_parameter_data_pairs
140.852846 seconds (67.56 M allocations: 56.034 GiB, 2.18% gc time)
0
Nbr training obs 10000, nbr parameters 22214, obs/parameters 0.45
  1.267824 seconds (2.49 M allocations: 130.266 MiB, 3.60% gc time)
  0.439868 seconds (1.05 M allocations: 55.463 MiB, 3.18% gc time)
  5.000198 seconds (6.56 M allocations: 380.977 MiB, 7.29% gc time)
  1.553692 seconds (91.53 k allocations: 4.721 MiB, 15.26% gc time)
Starting training
Epoch 1, current loss (training) 9.9799, current loss (val) 9.4998
Epoch 2, current loss (training) 9.6207, current loss (val) 8.9134
Epoch 3, current loss (training) 8.5772, current loss (val) 8.3018
Epoch 4, current loss (training) 8.8541, current loss (val) 8.4627
Epoch 5, current loss (training) 7.8625, current loss (val) 7.8187
Epoch 6, current loss (training) 8.5373, current loss (val) 7.9351
Epoch 7, current loss (training) 7.9728, current loss (val) 7.6651
Epoch 8, current loss (training) 8.0316, current loss (val) 7.3966
Epoch 9, current loss (training) 7.5228, current loss (val) 7.0897
Epoch 10, current loss (training) 7.6795, current loss (val) 6.9614
Epoch 11, current loss (training) 8.1572, current loss (val) 7.5925
Epoch 12, current loss (training) 7.3036, current loss (val) 7.1066
Epoch 13, current loss (training) 6.9698, current loss (val) 6.7832
Epoch 14, current loss (training) 6.7794, current loss (val) 6.5152
Epoch 15, current loss (training) 6.8243, current loss (val) 6.4433
Epoch 16, current loss (training) 7.0054, current loss (val) 6.9942
Epoch 17, current loss (training) 6.9990, current loss (val) 6.8416
Epoch 18, current loss (training) 6.7467, current loss (val) 6.4187
Epoch 19, current loss (training) 6.4809, current loss (val) 6.6011
Epoch 20, current loss (training) 6.7547, current loss (val) 6.3567
Epoch 21, current loss (training) 7.1173, current loss (val) 6.8613
Epoch 22, current loss (training) 6.2853, current loss (val) 6.0953
Epoch 23, current loss (training) 6.1601, current loss (val) 6.1823
Epoch 24, current loss (training) 6.8074, current loss (val) 6.4492
Epoch 25, current loss (training) 6.1393, current loss (val) 6.3100
Epoch 26, current loss (training) 6.5458, current loss (val) 6.3345
Epoch 27, current loss (training) 6.2616, current loss (val) 5.9360
Epoch 28, current loss (training) 6.1640, current loss (val) 6.1719
Epoch 29, current loss (training) 5.9874, current loss (val) 6.0736
Epoch 30, current loss (training) 6.1257, current loss (val) 5.8405
Epoch 31, current loss (training) 6.2509, current loss (val) 5.8066
Epoch 32, current loss (training) 5.8165, current loss (val) 5.7723
Epoch 33, current loss (training) 5.7649, current loss (val) 5.7819
Epoch 34, current loss (training) 5.8267, current loss (val) 5.7088
Epoch 35, current loss (training) 5.7265, current loss (val) 5.7383
Epoch 36, current loss (training) 7.0687, current loss (val) 7.1797
Epoch 37, current loss (training) 5.9875, current loss (val) 5.8301
Epoch 38, current loss (training) 5.9278, current loss (val) 5.7868
Epoch 39, current loss (training) 6.3033, current loss (val) 6.1915
Epoch 40, current loss (training) 6.0244, current loss (val) 6.1290
Epoch 41, current loss (training) 5.9502, current loss (val) 5.6980
Epoch 42, current loss (training) 6.1931, current loss (val) 5.5089
Epoch 43, current loss (training) 5.7021, current loss (val) 5.7462
Epoch 44, current loss (training) 5.7462, current loss (val) 5.6238
Epoch 45, current loss (training) 5.7224, current loss (val) 5.7364
Epoch 46, current loss (training) 5.6122, current loss (val) 5.4400
Epoch 47, current loss (training) 6.2656, current loss (val) 5.8433
Epoch 48, current loss (training) 6.5419, current loss (val) 6.0301
Epoch 49, current loss (training) 5.4063, current loss (val) 5.4223
Epoch 50, current loss (training) 5.6470, current loss (val) 5.3979
Epoch 51, current loss (training) 5.9805, current loss (val) 6.0069
Epoch 52, current loss (training) 5.5721, current loss (val) 5.5159
Epoch 53, current loss (training) 5.5560, current loss (val) 5.4887
Epoch 54, current loss (training) 5.4981, current loss (val) 5.6279
Epoch 55, current loss (training) 5.3131, current loss (val) 5.4720
Epoch 56, current loss (training) 5.7331, current loss (val) 5.6872
Epoch 57, current loss (training) 5.7691, current loss (val) 5.7666
Epoch 58, current loss (training) 5.6710, current loss (val) 5.4697
Epoch 59, current loss (training) 5.2554, current loss (val) 5.3708
Epoch 60, current loss (training) 5.4771, current loss (val) 5.4623
Epoch 61, current loss (training) 5.3080, current loss (val) 5.3492
Epoch 62, current loss (training) 5.7404, current loss (val) 5.2872
Epoch 63, current loss (training) 5.2261, current loss (val) 5.1791
Epoch 64, current loss (training) 5.3970, current loss (val) 5.5881
Epoch 65, current loss (training) 5.6217, current loss (val) 5.3353
Epoch 66, current loss (training) 5.7940, current loss (val) 5.6252
Epoch 67, current loss (training) 5.1459, current loss (val) 5.2461
Epoch 68, current loss (training) 5.3688, current loss (val) 5.3219
Epoch 69, current loss (training) 5.2293, current loss (val) 5.2172
Epoch 70, current loss (training) 5.2040, current loss (val) 5.2023
Epoch 71, current loss (training) 5.9675, current loss (val) 5.4153
Epoch 72, current loss (training) 5.1938, current loss (val) 5.4228
Epoch 73, current loss (training) 5.3977, current loss (val) 5.3966
Epoch 74, current loss (training) 4.7585, current loss (val) 5.1765
Epoch 75, current loss (training) 5.7693, current loss (val) 5.5956
Epoch 76, current loss (training) 5.1846, current loss (val) 5.4014
Epoch 77, current loss (training) 5.4024, current loss (val) 5.5204
Epoch 78, current loss (training) 5.1663, current loss (val) 5.1626
Epoch 79, current loss (training) 5.1302, current loss (val) 5.4761
Epoch 80, current loss (training) 4.9545, current loss (val) 5.1651
Epoch 81, current loss (training) 4.9438, current loss (val) 5.2383
Epoch 82, current loss (training) 5.1315, current loss (val) 5.1144
Epoch 83, current loss (training) 5.5686, current loss (val) 5.3123
Epoch 84, current loss (training) 4.9054, current loss (val) 5.3230
Epoch 85, current loss (training) 5.1624, current loss (val) 5.2983
Epoch 86, current loss (training) 5.9096, current loss (val) 5.5648
Epoch 87, current loss (training) 5.4118, current loss (val) 5.2704
Epoch 88, current loss (training) 5.4432, current loss (val) 5.6361
Epoch 89, current loss (training) 4.9905, current loss (val) 5.0850
Epoch 90, current loss (training) 5.1259, current loss (val) 5.1581
Epoch 91, current loss (training) 5.0556, current loss (val) 5.4393
Epoch 92, current loss (training) 5.2504, current loss (val) 5.3403
Epoch 93, current loss (training) 5.3504, current loss (val) 5.8284
Epoch 94, current loss (training) 5.0621, current loss (val) 5.2406
Epoch 95, current loss (training) 5.8107, current loss (val) 5.8291
Epoch 96, current loss (training) 5.0913, current loss (val) 5.3200
Epoch 97, current loss (training) 5.2100, current loss (val) 5.1495
Epoch 98, current loss (training) 5.1231, current loss (val) 5.0356
Epoch 99, current loss (training) 5.1155, current loss (val) 5.2159
Epoch 100, current loss (training) 4.8973, current loss (val) 5.4198
Epoch 101, current loss (training) 5.0706, current loss (val) 5.2580
Epoch 102, current loss (training) 5.3765, current loss (val) 5.3265
Epoch 103, current loss (training) 4.6348, current loss (val) 4.9279
Epoch 104, current loss (training) 5.0163, current loss (val) 5.0602
Epoch 105, current loss (training) 4.7503, current loss (val) 5.0644
Epoch 106, current loss (training) 4.6233, current loss (val) 4.9520
Epoch 107, current loss (training) 5.0529, current loss (val) 4.9760
Epoch 108, current loss (training) 4.9872, current loss (val) 5.0537
Epoch 109, current loss (training) 5.3691, current loss (val) 5.5136
Epoch 110, current loss (training) 5.2259, current loss (val) 4.9673
Epoch 111, current loss (training) 4.9360, current loss (val) 5.0778
Epoch 112, current loss (training) 4.8956, current loss (val) 5.1843
Epoch 113, current loss (training) 4.9302, current loss (val) 5.0425
Epoch 114, current loss (training) 5.2030, current loss (val) 5.0938
Epoch 115, current loss (training) 5.4934, current loss (val) 5.3220
Epoch 116, current loss (training) 4.9980, current loss (val) 5.2540
Epoch 117, current loss (training) 4.9962, current loss (val) 4.9897
Epoch 118, current loss (training) 5.1526, current loss (val) 5.1919
Epoch 119, current loss (training) 5.0428, current loss (val) 5.1648
Epoch 120, current loss (training) 5.2368, current loss (val) 4.8788
Epoch 121, current loss (training) 5.1686, current loss (val) 4.9994
Epoch 122, current loss (training) 5.1358, current loss (val) 5.0151
Epoch 123, current loss (training) 5.1107, current loss (val) 5.0970
Epoch 124, current loss (training) 4.5606, current loss (val) 4.8996
Epoch 125, current loss (training) 4.7292, current loss (val) 5.1193
Epoch 126, current loss (training) 4.7543, current loss (val) 4.7772
Epoch 127, current loss (training) 4.7002, current loss (val) 5.0536
Epoch 128, current loss (training) 4.8948, current loss (val) 5.1725
Epoch 129, current loss (training) 4.6530, current loss (val) 4.8530
Epoch 130, current loss (training) 4.4297, current loss (val) 4.8466
Epoch 131, current loss (training) 4.7831, current loss (val) 4.9195
Epoch 132, current loss (training) 5.2785, current loss (val) 4.9501
Epoch 133, current loss (training) 4.7092, current loss (val) 4.9093
Epoch 134, current loss (training) 4.6637, current loss (val) 4.9586
Epoch 135, current loss (training) 5.2126, current loss (val) 5.0438
Epoch 136, current loss (training) 4.7286, current loss (val) 4.8679
Epoch 137, current loss (training) 4.6562, current loss (val) 5.0369
Epoch 138, current loss (training) 4.9866, current loss (val) 5.3541
Epoch 139, current loss (training) 4.6293, current loss (val) 5.0273
Epoch 140, current loss (training) 4.6933, current loss (val) 5.2518
Epoch 141, current loss (training) 4.6921, current loss (val) 4.9641
Epoch 142, current loss (training) 4.2881, current loss (val) 4.7408
Epoch 143, current loss (training) 4.8277, current loss (val) 5.0300
Epoch 144, current loss (training) 4.8435, current loss (val) 4.9677
Epoch 145, current loss (training) 5.2198, current loss (val) 5.2374
Epoch 146, current loss (training) 5.2707, current loss (val) 5.0424
Epoch 147, current loss (training) 4.7157, current loss (val) 4.8482
Epoch 148, current loss (training) 4.8194, current loss (val) 4.9267
Epoch 149, current loss (training) 4.5129, current loss (val) 4.8822
Epoch 150, current loss (training) 5.4523, current loss (val) 5.5298
Epoch 151, current loss (training) 4.8419, current loss (val) 4.8761
Epoch 152, current loss (training) 5.0216, current loss (val) 4.9898
Epoch 153, current loss (training) 4.7157, current loss (val) 4.8832
Epoch 154, current loss (training) 5.3860, current loss (val) 5.1155
Epoch 155, current loss (training) 4.6159, current loss (val) 4.8506
Epoch 156, current loss (training) 4.6141, current loss (val) 4.8359
Epoch 157, current loss (training) 4.8737, current loss (val) 4.8454
Epoch 158, current loss (training) 4.8768, current loss (val) 4.9394
Epoch 159, current loss (training) 4.5111, current loss (val) 4.8112
Epoch 160, current loss (training) 4.8570, current loss (val) 4.8791
Epoch 161, current loss (training) 6.0253, current loss (val) 5.6632
Epoch 162, current loss (training) 4.1618, current loss (val) 4.7712
Epoch 163, current loss (training) 4.5931, current loss (val) 4.9764
Epoch 164, current loss (training) 4.9564, current loss (val) 4.9815
Epoch 165, current loss (training) 4.5588, current loss (val) 4.8015
Epoch 166, current loss (training) 4.8418, current loss (val) 4.9717
Epoch 167, current loss (training) 4.8738, current loss (val) 4.9366
Epoch 168, current loss (training) 4.8315, current loss (val) 4.9373
Epoch 169, current loss (training) 4.5570, current loss (val) 5.0915
Epoch 170, current loss (training) 4.3613, current loss (val) 4.7106
Epoch 171, current loss (training) 4.5444, current loss (val) 4.8735
Epoch 172, current loss (training) 4.4634, current loss (val) 4.8769
Epoch 173, current loss (training) 4.7121, current loss (val) 4.8180
Epoch 174, current loss (training) 4.0665, current loss (val) 4.8023
Epoch 175, current loss (training) 4.6254, current loss (val) 4.9414
Epoch 176, current loss (training) 4.5936, current loss (val) 4.9299
Epoch 177, current loss (training) 4.6084, current loss (val) 4.8594
Epoch 178, current loss (training) 4.3469, current loss (val) 4.8569
Epoch 179, current loss (training) 4.4557, current loss (val) 4.7748
Epoch 180, current loss (training) 4.9496, current loss (val) 5.1067
Epoch 181, current loss (training) 4.5417, current loss (val) 4.7785
Epoch 182, current loss (training) 4.4062, current loss (val) 4.8891
Epoch 183, current loss (training) 4.5966, current loss (val) 4.8426
Epoch 184, current loss (training) 4.7501, current loss (val) 4.9130
Epoch 185, current loss (training) 4.5313, current loss (val) 4.8543
Epoch 186, current loss (training) 4.6658, current loss (val) 4.9551
Epoch 187, current loss (training) 5.2070, current loss (val) 5.2452
Epoch 188, current loss (training) 4.6146, current loss (val) 4.8022
Epoch 189, current loss (training) 4.0108, current loss (val) 4.6351
Epoch 190, current loss (training) 4.0227, current loss (val) 4.6304
Epoch 191, current loss (training) 4.3754, current loss (val) 4.8681
Epoch 192, current loss (training) 4.2578, current loss (val) 4.7484
Epoch 193, current loss (training) 4.0701, current loss (val) 4.6540
Epoch 194, current loss (training) 4.4314, current loss (val) 4.6977
Epoch 195, current loss (training) 4.2571, current loss (val) 4.6935
Epoch 196, current loss (training) 4.1938, current loss (val) 4.6470
Epoch 197, current loss (training) 4.3295, current loss (val) 4.7474
Epoch 198, current loss (training) 4.2192, current loss (val) 4.7577
Epoch 199, current loss (training) 4.6932, current loss (val) 5.0656
Epoch 200, current loss (training) 4.0720, current loss (val) 4.6780
Epoch 201, current loss (training) 4.5819, current loss (val) 4.7391
Epoch 202, current loss (training) 4.3565, current loss (val) 4.5442
Epoch 203, current loss (training) 4.4311, current loss (val) 4.8308
Epoch 204, current loss (training) 4.2873, current loss (val) 4.6312
Epoch 205, current loss (training) 4.4801, current loss (val) 4.8360
Epoch 206, current loss (training) 4.3600, current loss (val) 4.7700
Epoch 207, current loss (training) 4.1575, current loss (val) 4.6635
Epoch 208, current loss (training) 4.2326, current loss (val) 4.7443
Epoch 209, current loss (training) 4.8075, current loss (val) 4.8978
Epoch 210, current loss (training) 4.5310, current loss (val) 4.6712
Epoch 211, current loss (training) 4.3898, current loss (val) 4.8751
Epoch 212, current loss (training) 4.2422, current loss (val) 4.6403
Epoch 213, current loss (training) 4.3581, current loss (val) 5.0291
Epoch 214, current loss (training) 4.4837, current loss (val) 4.8050
Epoch 215, current loss (training) 4.1669, current loss (val) 4.7084
Epoch 216, current loss (training) 4.4660, current loss (val) 4.7878
Epoch 217, current loss (training) 4.0916, current loss (val) 4.8013
Epoch 218, current loss (training) 4.3521, current loss (val) 4.6355
Epoch 219, current loss (training) 4.7430, current loss (val) 4.8528
Epoch 220, current loss (training) 4.1462, current loss (val) 4.8250
Epoch 221, current loss (training) 4.4197, current loss (val) 4.9778
Epoch 222, current loss (training) 4.4749, current loss (val) 4.8829
Epoch 223, current loss (training) 4.6344, current loss (val) 4.7935
Epoch 224, current loss (training) 4.1566, current loss (val) 4.7336
Epoch 225, current loss (training) 4.3074, current loss (val) 4.6851
Epoch 226, current loss (training) 4.2584, current loss (val) 4.7231
Epoch 227, current loss (training) 4.4136, current loss (val) 4.9385
Epoch 228, current loss (training) 4.9133, current loss (val) 5.1859
Epoch 229, current loss (training) 4.2327, current loss (val) 4.5671
Epoch 230, current loss (training) 4.4551, current loss (val) 5.0018
Epoch 231, current loss (training) 4.2029, current loss (val) 4.7228
Epoch 232, current loss (training) 4.4653, current loss (val) 5.0619
Epoch 233, current loss (training) 4.0935, current loss (val) 4.6324
Epoch 234, current loss (training) 4.7691, current loss (val) 5.0467
Epoch 235, current loss (training) 4.5595, current loss (val) 5.1720
Epoch 236, current loss (training) 4.7674, current loss (val) 4.7171
Epoch 237, current loss (training) 4.3606, current loss (val) 4.9175
Epoch 238, current loss (training) 3.8392, current loss (val) 4.7082
Epoch 239, current loss (training) 4.0766, current loss (val) 4.7349
Epoch 240, current loss (training) 4.3618, current loss (val) 4.7109
Epoch 241, current loss (training) 4.3885, current loss (val) 4.6756
Epoch 242, current loss (training) 4.2605, current loss (val) 4.5586
Epoch 243, current loss (training) 4.4858, current loss (val) 4.9390
Epoch 244, current loss (training) 4.5232, current loss (val) 4.7922
Epoch 245, current loss (training) 4.6380, current loss (val) 4.8643
Epoch 246, current loss (training) 3.8973, current loss (val) 4.8323
Epoch 247, current loss (training) 4.4100, current loss (val) 4.6018
Epoch 248, current loss (training) 3.8159, current loss (val) 4.6032
Epoch 249, current loss (training) 4.0887, current loss (val) 4.6358
Epoch 250, current loss (training) 4.2030, current loss (val) 4.5548
Epoch 251, current loss (training) 4.2749, current loss (val) 4.8565
Epoch 252, current loss (training) 4.1334, current loss (val) 4.7425
Epoch 253, current loss (training) 4.1127, current loss (val) 4.6602
Epoch 254, current loss (training) 4.3832, current loss (val) 4.9691
Epoch 255, current loss (training) 5.2819, current loss (val) 5.4157
Epoch 256, current loss (training) 4.4397, current loss (val) 4.8941
Epoch 257, current loss (training) 4.4408, current loss (val) 4.8755
Epoch 258, current loss (training) 4.2536, current loss (val) 4.6838
Epoch 259, current loss (training) 4.0438, current loss (val) 4.7808
Epoch 260, current loss (training) 4.0415, current loss (val) 4.6920
Epoch 261, current loss (training) 4.3651, current loss (val) 4.8261
Epoch 262, current loss (training) 4.1871, current loss (val) 4.7642
Epoch 263, current loss (training) 4.3458, current loss (val) 4.7408
Epoch 264, current loss (training) 4.1042, current loss (val) 4.7627
Epoch 265, current loss (training) 3.9255, current loss (val) 4.6878
Epoch 266, current loss (training) 4.9191, current loss (val) 5.3472
Epoch 267, current loss (training) 3.9593, current loss (val) 4.5766
Epoch 268, current loss (training) 4.1807, current loss (val) 4.6251
Epoch 269, current loss (training) 4.1262, current loss (val) 4.5850
Epoch 270, current loss (training) 4.5959, current loss (val) 5.0705
Epoch 271, current loss (training) 4.0765, current loss (val) 4.5926
Epoch 272, current loss (training) 3.8040, current loss (val) 4.6789
Epoch 273, current loss (training) 4.3688, current loss (val) 5.0188
Epoch 274, current loss (training) 4.1866, current loss (val) 4.7355
Epoch 275, current loss (training) 4.1086, current loss (val) 4.7471
Epoch 276, current loss (training) 4.0925, current loss (val) 4.7129
Epoch 277, current loss (training) 4.3790, current loss (val) 4.8313
Epoch 278, current loss (training) 3.9803, current loss (val) 4.8629
Epoch 279, current loss (training) 4.1366, current loss (val) 4.6470
Epoch 280, current loss (training) 4.0422, current loss (val) 4.7856
Epoch 281, current loss (training) 3.9910, current loss (val) 4.5095
Epoch 282, current loss (training) 4.8744, current loss (val) 5.2120
Epoch 283, current loss (training) 3.9206, current loss (val) 4.6533
Epoch 284, current loss (training) 4.5168, current loss (val) 4.9055
Epoch 285, current loss (training) 3.9639, current loss (val) 4.6510
Epoch 286, current loss (training) 4.3704, current loss (val) 4.9508
Epoch 287, current loss (training) 3.8566, current loss (val) 4.4840
Epoch 288, current loss (training) 4.1877, current loss (val) 4.9175
Epoch 289, current loss (training) 4.1372, current loss (val) 4.9711
Epoch 290, current loss (training) 3.6048, current loss (val) 4.6466
Epoch 291, current loss (training) 3.9844, current loss (val) 4.5691
Epoch 292, current loss (training) 4.1688, current loss (val) 4.6390
Epoch 293, current loss (training) 3.8607, current loss (val) 4.6526
Epoch 294, current loss (training) 3.9559, current loss (val) 4.7322
Epoch 295, current loss (training) 3.9902, current loss (val) 4.7433
Epoch 296, current loss (training) 3.6827, current loss (val) 4.5734
Epoch 297, current loss (training) 4.2876, current loss (val) 4.9140
Epoch 298, current loss (training) 3.7169, current loss (val) 4.7071
Epoch 299, current loss (training) 4.0292, current loss (val) 4.5152
Epoch 300, current loss (training) 3.9576, current loss (val) 4.7567
Epoch 301, current loss (training) 4.3226, current loss (val) 4.8770
Epoch 302, current loss (training) 3.9061, current loss (val) 4.6683
Epoch 303, current loss (training) 4.0583, current loss (val) 4.9194
Epoch 304, current loss (training) 3.8142, current loss (val) 5.0411
Epoch 305, current loss (training) 4.2415, current loss (val) 4.6751
Epoch 306, current loss (training) 4.3845, current loss (val) 4.8884
Epoch 307, current loss (training) 3.7561, current loss (val) 4.7058
Epoch 308, current loss (training) 3.7991, current loss (val) 4.7146
Epoch 309, current loss (training) 4.0767, current loss (val) 4.8098
Epoch 310, current loss (training) 3.6208, current loss (val) 4.5514
Epoch 311, current loss (training) 4.0044, current loss (val) 4.7815
Epoch 312, current loss (training) 3.8985, current loss (val) 4.7182
Epoch 313, current loss (training) 3.9256, current loss (val) 4.6613
Epoch 314, current loss (training) 3.8255, current loss (val) 4.6700
Epoch 315, current loss (training) 4.2721, current loss (val) 4.8046
Epoch 316, current loss (training) 3.8353, current loss (val) 4.5821
Epoch 317, current loss (training) 3.8883, current loss (val) 4.7679
Epoch 318, current loss (training) 4.1746, current loss (val) 4.7884
Epoch 319, current loss (training) 3.9567, current loss (val) 4.5815
Epoch 320, current loss (training) 3.9108, current loss (val) 4.7711
Epoch 321, current loss (training) 3.9082, current loss (val) 4.7349
Epoch 322, current loss (training) 3.8729, current loss (val) 4.7119
Epoch 323, current loss (training) 4.1320, current loss (val) 4.7627
Epoch 324, current loss (training) 3.7912, current loss (val) 4.7047
Epoch 325, current loss (training) 3.8552, current loss (val) 4.5976
Epoch 326, current loss (training) 3.8584, current loss (val) 4.6448
Epoch 327, current loss (training) 3.4572, current loss (val) 4.6081
Epoch 328, current loss (training) 3.7351, current loss (val) 4.6231
Epoch 329, current loss (training) 3.8461, current loss (val) 4.6899
Epoch 330, current loss (training) 3.7994, current loss (val) 4.6062
Epoch 331, current loss (training) 3.7872, current loss (val) 4.6531
Epoch 332, current loss (training) 3.5749, current loss (val) 4.5935
Epoch 333, current loss (training) 3.5336, current loss (val) 4.6384
Epoch 334, current loss (training) 3.8231, current loss (val) 4.6451
Epoch 335, current loss (training) 4.3339, current loss (val) 5.0226
Epoch 336, current loss (training) 3.8339, current loss (val) 4.7393
Epoch 337, current loss (training) 4.0087, current loss (val) 4.8053
Epoch 338, current loss (training) 3.5927, current loss (val) 4.5530
Epoch 339, current loss (training) 3.7420, current loss (val) 4.5791
Epoch 340, current loss (training) 4.1302, current loss (val) 4.7873
Epoch 341, current loss (training) 3.8855, current loss (val) 4.8319
Epoch 342, current loss (training) 4.6110, current loss (val) 5.2293
Epoch 343, current loss (training) 3.8685, current loss (val) 4.6349
Epoch 344, current loss (training) 3.6999, current loss (val) 4.7286
Epoch 345, current loss (training) 3.9612, current loss (val) 4.8023
Epoch 346, current loss (training) 3.8835, current loss (val) 4.7757
Epoch 347, current loss (training) 3.5490, current loss (val) 4.5207
Epoch 348, current loss (training) 3.8999, current loss (val) 4.7663
Epoch 349, current loss (training) 4.0836, current loss (val) 4.7814
Epoch 350, current loss (training) 3.8135, current loss (val) 4.6081
Epoch 351, current loss (training) 4.0087, current loss (val) 4.7078
Epoch 352, current loss (training) 3.7891, current loss (val) 4.6022
Epoch 353, current loss (training) 3.7106, current loss (val) 4.7003
Epoch 354, current loss (training) 3.5850, current loss (val) 4.6581
Epoch 355, current loss (training) 3.5706, current loss (val) 4.6826
Epoch 356, current loss (training) 3.9850, current loss (val) 4.7605
Epoch 357, current loss (training) 3.9668, current loss (val) 4.8459
Epoch 358, current loss (training) 3.7791, current loss (val) 4.5431
Epoch 359, current loss (training) 3.8099, current loss (val) 4.6485
Epoch 360, current loss (training) 3.5936, current loss (val) 4.5385
Epoch 361, current loss (training) 3.9331, current loss (val) 4.7613
Epoch 362, current loss (training) 3.7789, current loss (val) 4.6026
Epoch 363, current loss (training) 3.4877, current loss (val) 4.4754
Epoch 364, current loss (training) 3.6955, current loss (val) 4.7339
Epoch 365, current loss (training) 3.8576, current loss (val) 4.6347
Epoch 366, current loss (training) 4.2374, current loss (val) 4.9465
Epoch 367, current loss (training) 4.1697, current loss (val) 4.7794
Epoch 368, current loss (training) 3.7924, current loss (val) 4.7075
Epoch 369, current loss (training) 4.0094, current loss (val) 4.9289
Epoch 370, current loss (training) 3.6017, current loss (val) 4.6029
Epoch 371, current loss (training) 4.0947, current loss (val) 4.6508
Epoch 372, current loss (training) 3.7234, current loss (val) 4.7831
Epoch 373, current loss (training) 3.4768, current loss (val) 4.7193
Epoch 374, current loss (training) 3.6528, current loss (val) 4.7236
Epoch 375, current loss (training) 3.8046, current loss (val) 4.7265
Epoch 376, current loss (training) 3.9835, current loss (val) 4.9339
Epoch 377, current loss (training) 3.6706, current loss (val) 4.6078
Epoch 378, current loss (training) 3.8796, current loss (val) 4.6553
Epoch 379, current loss (training) 3.7253, current loss (val) 4.6875
Epoch 380, current loss (training) 3.9962, current loss (val) 4.8831
Epoch 381, current loss (training) 3.7342, current loss (val) 4.6343
Epoch 382, current loss (training) 3.6065, current loss (val) 4.6392
Epoch 383, current loss (training) 3.5695, current loss (val) 4.7824
Epoch 384, current loss (training) 3.9105, current loss (val) 4.6864
Epoch 385, current loss (training) 3.6456, current loss (val) 4.7657
Epoch 386, current loss (training) 4.2254, current loss (val) 4.9457
Epoch 387, current loss (training) 3.3506, current loss (val) 4.7414
Epoch 388, current loss (training) 3.7710, current loss (val) 4.7027
Epoch 389, current loss (training) 3.3606, current loss (val) 4.5670
Epoch 390, current loss (training) 4.3113, current loss (val) 4.8617
Epoch 391, current loss (training) 3.6211, current loss (val) 4.5978
Epoch 392, current loss (training) 3.7206, current loss (val) 4.8017
Epoch 393, current loss (training) 3.7459, current loss (val) 4.7414
Epoch 394, current loss (training) 3.4646, current loss (val) 4.7011
Epoch 395, current loss (training) 3.8273, current loss (val) 4.7439
Epoch 396, current loss (training) 3.7112, current loss (val) 4.7838
Epoch 397, current loss (training) 3.7634, current loss (val) 4.7344
Epoch 398, current loss (training) 3.4608, current loss (val) 4.6839
Epoch 399, current loss (training) 3.5348, current loss (val) 4.7498
Epoch 400, current loss (training) 3.6008, current loss (val) 4.6058
Epoch 401, current loss (training) 3.5163, current loss (val) 4.6762
Epoch 402, current loss (training) 3.6369, current loss (val) 4.5987
Epoch 403, current loss (training) 3.5977, current loss (val) 4.5758
Epoch 404, current loss (training) 3.6010, current loss (val) 4.7286
Epoch 405, current loss (training) 3.7783, current loss (val) 4.7012
Epoch 406, current loss (training) 3.6427, current loss (val) 4.5568
Epoch 407, current loss (training) 3.2098, current loss (val) 4.6007
Epoch 408, current loss (training) 4.2120, current loss (val) 4.8032
Epoch 409, current loss (training) 3.8921, current loss (val) 4.5800
Epoch 410, current loss (training) 3.3585, current loss (val) 4.7663
Epoch 411, current loss (training) 3.4818, current loss (val) 4.5032
Epoch 412, current loss (training) 3.7224, current loss (val) 4.6738
Epoch 413, current loss (training) 3.4554, current loss (val) 4.5578
Epoch 414, current loss (training) 3.8582, current loss (val) 4.7919
Epoch 415, current loss (training) 3.5273, current loss (val) 4.6878
Epoch 416, current loss (training) 4.2240, current loss (val) 5.1433
Epoch 417, current loss (training) 3.8188, current loss (val) 4.9396
Epoch 418, current loss (training) 3.9196, current loss (val) 4.7134
Epoch 419, current loss (training) 3.8694, current loss (val) 4.5653
Epoch 420, current loss (training) 3.9819, current loss (val) 5.1572
Epoch 421, current loss (training) 3.3900, current loss (val) 4.6327
Epoch 422, current loss (training) 3.5875, current loss (val) 4.6202
Epoch 423, current loss (training) 3.6250, current loss (val) 4.5692
Epoch 424, current loss (training) 4.1582, current loss (val) 5.1093
Epoch 425, current loss (training) 3.3465, current loss (val) 4.5500
Epoch 426, current loss (training) 3.1840, current loss (val) 4.6529
Epoch 427, current loss (training) 3.6693, current loss (val) 4.5430
Epoch 428, current loss (training) 3.7319, current loss (val) 4.8820
Epoch 429, current loss (training) 3.4471, current loss (val) 4.6580
Epoch 430, current loss (training) 3.3255, current loss (val) 4.6209
Epoch 431, current loss (training) 3.6309, current loss (val) 4.7013
Epoch 432, current loss (training) 3.4889, current loss (val) 4.6296
Epoch 433, current loss (training) 3.1623, current loss (val) 4.6422
Epoch 434, current loss (training) 3.1941, current loss (val) 4.6867
Epoch 435, current loss (training) 4.1495, current loss (val) 4.9839
Epoch 436, current loss (training) 4.1392, current loss (val) 5.0486
Epoch 437, current loss (training) 3.7140, current loss (val) 4.6248
Epoch 438, current loss (training) 3.9916, current loss (val) 4.9976
Epoch 439, current loss (training) 3.3512, current loss (val) 4.6238
Epoch 440, current loss (training) 3.6092, current loss (val) 4.8043
Epoch 441, current loss (training) 3.4378, current loss (val) 4.6544
Epoch 442, current loss (training) 3.4263, current loss (val) 4.6764
Epoch 443, current loss (training) 3.7397, current loss (val) 4.8062
Epoch 444, current loss (training) 3.5595, current loss (val) 4.9231
Epoch 445, current loss (training) 3.3845, current loss (val) 4.5095
Epoch 446, current loss (training) 3.8287, current loss (val) 4.8224
Epoch 447, current loss (training) 3.7881, current loss (val) 4.7604
Epoch 448, current loss (training) 4.0401, current loss (val) 5.0251
Epoch 449, current loss (training) 3.3127, current loss (val) 4.6236
Epoch 450, current loss (training) 4.0108, current loss (val) 4.8974
Epoch 451, current loss (training) 3.2904, current loss (val) 4.5334
Epoch 452, current loss (training) 3.6849, current loss (val) 4.7190
Epoch 453, current loss (training) 4.0584, current loss (val) 4.8684
Epoch 454, current loss (training) 3.3679, current loss (val) 4.7049
Epoch 455, current loss (training) 3.4222, current loss (val) 4.5782
Epoch 456, current loss (training) 3.4343, current loss (val) 4.6535
Epoch 457, current loss (training) 3.4541, current loss (val) 4.6963
Epoch 458, current loss (training) 3.3942, current loss (val) 4.7046
Epoch 459, current loss (training) 3.5749, current loss (val) 4.8479
Epoch 460, current loss (training) 3.2862, current loss (val) 4.7174
Epoch 461, current loss (training) 3.2654, current loss (val) 4.6884
Epoch 462, current loss (training) 3.5689, current loss (val) 4.6638
Epoch 463, current loss (training) 3.4704, current loss (val) 4.6730
Epoch 464, current loss (training) 3.1910, current loss (val) 4.5919
Epoch 465, current loss (training) 3.6575, current loss (val) 4.9116
Epoch 466, current loss (training) 3.0551, current loss (val) 4.6641
Epoch 467, current loss (training) 3.2572, current loss (val) 4.6213
Epoch 468, current loss (training) 3.5484, current loss (val) 4.7269
Epoch 469, current loss (training) 3.3125, current loss (val) 4.6029
Epoch 470, current loss (training) 3.2171, current loss (val) 4.6368
Epoch 471, current loss (training) 3.5582, current loss (val) 4.9135
Epoch 472, current loss (training) 4.2180, current loss (val) 4.9390
Epoch 473, current loss (training) 3.3029, current loss (val) 4.6662
Epoch 474, current loss (training) 3.6854, current loss (val) 4.8317
Epoch 475, current loss (training) 3.5157, current loss (val) 4.7131
Epoch 476, current loss (training) 3.2756, current loss (val) 4.6402
Epoch 477, current loss (training) 3.6865, current loss (val) 4.8657
Epoch 478, current loss (training) 3.6707, current loss (val) 4.6617
Epoch 479, current loss (training) 3.9248, current loss (val) 5.3090
Epoch 480, current loss (training) 3.5458, current loss (val) 4.8050
Epoch 481, current loss (training) 3.4517, current loss (val) 4.9173
Epoch 482, current loss (training) 3.4718, current loss (val) 4.6166
Epoch 483, current loss (training) 3.7922, current loss (val) 4.9829
Epoch 484, current loss (training) 3.3740, current loss (val) 4.6923
Epoch 485, current loss (training) 3.2876, current loss (val) 4.5779
Epoch 486, current loss (training) 3.5017, current loss (val) 4.7087
Epoch 487, current loss (training) 3.3188, current loss (val) 4.7119
Epoch 488, current loss (training) 3.4155, current loss (val) 4.7241
Epoch 489, current loss (training) 3.6434, current loss (val) 4.7892
Epoch 490, current loss (training) 3.3247, current loss (val) 4.7074
Epoch 491, current loss (training) 3.5580, current loss (val) 4.5984
Epoch 492, current loss (training) 3.4002, current loss (val) 4.9329
Epoch 493, current loss (training) 3.3228, current loss (val) 4.7090
Epoch 494, current loss (training) 3.3014, current loss (val) 4.6095
Epoch 495, current loss (training) 3.4164, current loss (val) 4.6735
Epoch 496, current loss (training) 3.1476, current loss (val) 4.6993
Epoch 497, current loss (training) 3.4984, current loss (val) 4.6324
Epoch 498, current loss (training) 3.4479, current loss (val) 4.6631
Epoch 499, current loss (training) 3.5735, current loss (val) 4.7915
Epoch 500, current loss (training) 3.3158, current loss (val) 4.7723
run_time_first_training_cycle:  2517.71 

Epochs 500, batch size, 200
Nbr training obs 10000, nbr parameters 22214, obs/parameters 0.45

Starting abc-rs
Percentage done:  10.00 %
Percentage done:  20.00 %
Percentage done:  30.00 %
Percentage done:  40.00 %
Percentage done:  50.00 %
Percentage done:  60.00 %
Percentage done:  70.00 %
Percentage done:  80.00 %
Percentage done:  90.00 %
Percentage done:  100.00 %
Ending abc-rs
end script
Round:1
Round:5
Starting abc-rs
Percentage done:  10.00 %
Percentage done:  20.00 %
Percentage done:  30.00 %
Percentage done:  40.00 %
Percentage done:  50.00 %
Percentage done:  60.00 %
Percentage done:  70.00 %
Percentage done:  80.00 %
Percentage done:  90.00 %
Percentage done:  100.00 %
Ending abc-rs
275.086589 seconds (6.98 M allocations: 120.537 GiB, 1.78% gc time)
Round:9
Starting abc-rs
Percentage done:  10.00 %
Percentage done:  20.00 %
Percentage done:  30.00 %
Percentage done:  40.00 %
Percentage done:  50.00 %
Percentage done:  60.00 %
Percentage done:  70.00 %
Percentage done:  80.00 %
Percentage done:  90.00 %
Percentage done:  100.00 %
Ending abc-rs
268.420155 seconds (4.50 M allocations: 120.422 GiB, 1.80% gc time)
Round:13
Starting abc-rs
Percentage done:  10.00 %
Percentage done:  20.00 %
Percentage done:  30.00 %
Percentage done:  40.00 %
Percentage done:  50.00 %
Percentage done:  60.00 %
Percentage done:  70.00 %
Percentage done:  80.00 %
Percentage done:  90.00 %
Percentage done:  100.00 %
Ending abc-rs
270.755969 seconds (4.50 M allocations: 120.422 GiB, 1.80% gc time)
Round:17
Starting abc-rs
Percentage done:  10.00 %
Percentage done:  20.00 %
Percentage done:  30.00 %
Percentage done:  40.00 %
Percentage done:  50.00 %
Percentage done:  60.00 %
Percentage done:  70.00 %
Percentage done:  80.00 %
Percentage done:  90.00 %
Percentage done:  100.00 %
Ending abc-rs
272.786078 seconds (4.50 M allocations: 120.422 GiB, 1.78% gc time)
Round:21
Starting abc-rs
Percentage done:  10.00 %
Percentage done:  20.00 %
Percentage done:  30.00 %
Percentage done:  40.00 %
Percentage done:  50.00 %
Percentage done:  60.00 %
Percentage done:  70.00 %
Percentage done:  80.00 %
Percentage done:  90.00 %
Percentage done:  100.00 %
Ending abc-rs
270.921049 seconds (4.50 M allocations: 120.422 GiB, 1.79% gc time)
Round:25
Starting abc-rs
Percentage done:  10.00 %
Percentage done:  20.00 %
Percentage done:  30.00 %
Percentage done:  40.00 %
Percentage done:  50.00 %
Percentage done:  60.00 %
Percentage done:  70.00 %
Percentage done:  80.00 %
Percentage done:  90.00 %
Percentage done:  100.00 %
Ending abc-rs
273.690252 seconds (4.50 M allocations: 120.422 GiB, 1.76% gc time)
Round:29
Starting abc-rs
Percentage done:  10.00 %
Percentage done:  20.00 %
Percentage done:  30.00 %
Percentage done:  40.00 %
Percentage done:  50.00 %
Percentage done:  60.00 %
Percentage done:  70.00 %
Percentage done:  80.00 %
Percentage done:  90.00 %
Percentage done:  100.00 %
Ending abc-rs
273.889324 seconds (4.50 M allocations: 120.422 GiB, 1.77% gc time)
Round:33
Starting abc-rs
Percentage done:  10.00 %
Percentage done:  20.00 %
Percentage done:  30.00 %
Percentage done:  40.00 %
Percentage done:  50.00 %
Percentage done:  60.00 %
Percentage done:  70.00 %
Percentage done:  80.00 %
Percentage done:  90.00 %
Percentage done:  100.00 %
Ending abc-rs
274.131125 seconds (4.50 M allocations: 120.422 GiB, 1.77% gc time)
Round:37
Starting abc-rs
Percentage done:  10.00 %
Percentage done:  20.00 %
Percentage done:  30.00 %
Percentage done:  40.00 %
Percentage done:  50.00 %
Percentage done:  60.00 %
Percentage done:  70.00 %
Percentage done:  80.00 %
Percentage done:  90.00 %
Percentage done:  100.00 %
Ending abc-rs
273.262526 seconds (4.50 M allocations: 120.422 GiB, 1.77% gc time)
Round:41
Starting abc-rs
Percentage done:  10.00 %
Percentage done:  20.00 %
Percentage done:  30.00 %
Percentage done:  40.00 %
Percentage done:  50.00 %
Percentage done:  60.00 %
Percentage done:  70.00 %
Percentage done:  80.00 %
Percentage done:  90.00 %
Percentage done:  100.00 %
Ending abc-rs
270.456040 seconds (4.50 M allocations: 120.422 GiB, 1.77% gc time)
Round:45
Starting abc-rs
Percentage done:  10.00 %
Percentage done:  20.00 %
Percentage done:  30.00 %
Percentage done:  40.00 %
Percentage done:  50.00 %
Percentage done:  60.00 %
Percentage done:  70.00 %
Percentage done:  80.00 %
Percentage done:  90.00 %
Percentage done:  100.00 %
Ending abc-rs
271.786943 seconds (4.50 M allocations: 120.422 GiB, 1.78% gc time)
Round:49
Starting abc-rs
Percentage done:  10.00 %
Percentage done:  20.00 %
Percentage done:  30.00 %
Percentage done:  40.00 %
Percentage done:  50.00 %
Percentage done:  60.00 %
Percentage done:  70.00 %
Percentage done:  80.00 %
Percentage done:  90.00 %
Percentage done:  100.00 %
Ending abc-rs
270.418496 seconds (4.50 M allocations: 120.422 GiB, 1.77% gc time)
Round:53
Starting abc-rs
Percentage done:  10.00 %
Percentage done:  20.00 %
Percentage done:  30.00 %
Percentage done:  40.00 %
Percentage done:  50.00 %
Percentage done:  60.00 %
Percentage done:  70.00 %
Percentage done:  80.00 %
Percentage done:  90.00 %
Percentage done:  100.00 %
Ending abc-rs
270.149944 seconds (4.50 M allocations: 120.422 GiB, 1.78% gc time)
Round:57
Starting abc-rs
Percentage done:  10.00 %
Percentage done:  20.00 %
Percentage done:  30.00 %
Percentage done:  40.00 %
Percentage done:  50.00 %
Percentage done:  60.00 %
Percentage done:  70.00 %
Percentage done:  80.00 %
Percentage done:  90.00 %
Percentage done:  100.00 %
Ending abc-rs
270.189554 seconds (4.50 M allocations: 120.422 GiB, 1.77% gc time)
Round:61
Starting abc-rs
Percentage done:  10.00 %
Percentage done:  20.00 %
Percentage done:  30.00 %
Percentage done:  40.00 %
Percentage done:  50.00 %
Percentage done:  60.00 %
Percentage done:  70.00 %
Percentage done:  80.00 %
Percentage done:  90.00 %
Percentage done:  100.00 %
Ending abc-rs
270.835334 seconds (4.50 M allocations: 120.422 GiB, 1.77% gc time)
Round:65
Starting abc-rs
Percentage done:  10.00 %
Percentage done:  20.00 %
Percentage done:  30.00 %
Percentage done:  40.00 %
Percentage done:  50.00 %
Percentage done:  60.00 %
Percentage done:  70.00 %
Percentage done:  80.00 %
Percentage done:  90.00 %
Percentage done:  100.00 %
Ending abc-rs
271.563899 seconds (4.50 M allocations: 120.422 GiB, 1.76% gc time)
Round:69
Starting abc-rs
Percentage done:  10.00 %
Percentage done:  20.00 %
Percentage done:  30.00 %
Percentage done:  40.00 %
Percentage done:  50.00 %
Percentage done:  60.00 %
Percentage done:  70.00 %
Percentage done:  80.00 %
Percentage done:  90.00 %
Percentage done:  100.00 %
Ending abc-rs
270.895725 seconds (4.50 M allocations: 120.422 GiB, 1.78% gc time)
Round:73
Starting abc-rs
Percentage done:  10.00 %
Percentage done:  20.00 %
Percentage done:  30.00 %
Percentage done:  40.00 %
Percentage done:  50.00 %
Percentage done:  60.00 %
Percentage done:  70.00 %
Percentage done:  80.00 %
Percentage done:  90.00 %
Percentage done:  100.00 %
Ending abc-rs
272.602081 seconds (4.50 M allocations: 120.422 GiB, 1.77% gc time)
Round:77
Starting abc-rs
Percentage done:  10.00 %
Percentage done:  20.00 %
Percentage done:  30.00 %
Percentage done:  40.00 %
Percentage done:  50.00 %
Percentage done:  60.00 %
Percentage done:  70.00 %
Percentage done:  80.00 %
Percentage done:  90.00 %
Percentage done:  100.00 %
Ending abc-rs
270.860072 seconds (4.50 M allocations: 120.422 GiB, 1.77% gc time)
Round:81
Starting abc-rs
Percentage done:  10.00 %
Percentage done:  20.00 %
Percentage done:  30.00 %
Percentage done:  40.00 %
Percentage done:  50.00 %
Percentage done:  60.00 %
Percentage done:  70.00 %
Percentage done:  80.00 %
Percentage done:  90.00 %
Percentage done:  100.00 %
Ending abc-rs
268.838902 seconds (4.50 M allocations: 120.422 GiB, 1.77% gc time)
Round:85
Starting abc-rs
Percentage done:  10.00 %
Percentage done:  20.00 %
Percentage done:  30.00 %
Percentage done:  40.00 %
Percentage done:  50.00 %
Percentage done:  60.00 %
Percentage done:  70.00 %
Percentage done:  80.00 %
Percentage done:  90.00 %
Percentage done:  100.00 %
Ending abc-rs
270.807913 seconds (4.50 M allocations: 120.422 GiB, 1.78% gc time)
Round:89
Starting abc-rs
Percentage done:  10.00 %
Percentage done:  20.00 %
Percentage done:  30.00 %
Percentage done:  40.00 %
Percentage done:  50.00 %
Percentage done:  60.00 %
Percentage done:  70.00 %
Percentage done:  80.00 %
Percentage done:  90.00 %
Percentage done:  100.00 %
Ending abc-rs
268.925696 seconds (4.50 M allocations: 120.422 GiB, 1.77% gc time)
Round:93
Starting abc-rs
Percentage done:  10.00 %
Percentage done:  20.00 %
Percentage done:  30.00 %
Percentage done:  40.00 %
Percentage done:  50.00 %
Percentage done:  60.00 %
Percentage done:  70.00 %
Percentage done:  80.00 %
Percentage done:  90.00 %
Percentage done:  100.00 %
Ending abc-rs
269.950916 seconds (4.50 M allocations: 120.422 GiB, 1.78% gc time)
Round:97
Starting abc-rs
Percentage done:  10.00 %
Percentage done:  20.00 %
Percentage done:  30.00 %
Percentage done:  40.00 %
Percentage done:  50.00 %
Percentage done:  60.00 %
Percentage done:  70.00 %
Percentage done:  80.00 %
Percentage done:  90.00 %
Percentage done:  100.00 %
Ending abc-rs
270.533851 seconds (4.50 M allocations: 120.422 GiB, 1.77% gc time)
Round:101
Starting abc-rs
Percentage done:  10.00 %
Percentage done:  20.00 %
Percentage done:  30.00 %
Percentage done:  40.00 %
Percentage done:  50.00 %
Percentage done:  60.00 %
Percentage done:  70.00 %
Percentage done:  80.00 %
Percentage done:  90.00 %
Percentage done:  100.00 %
Ending abc-rs
269.458319 seconds (4.50 M allocations: 120.422 GiB, 1.79% gc time)
Round:105
Starting abc-rs
Percentage done:  10.00 %
Percentage done:  20.00 %
Percentage done:  30.00 %
Percentage done:  40.00 %
Percentage done:  50.00 %
Percentage done:  60.00 %
Percentage done:  70.00 %
Percentage done:  80.00 %
Percentage done:  90.00 %
Percentage done:  100.00 %
Ending abc-rs
269.142422 seconds (4.50 M allocations: 120.422 GiB, 1.78% gc time)
Round:109
Starting abc-rs
Percentage done:  10.00 %
Percentage done:  20.00 %
Percentage done:  30.00 %
Percentage done:  40.00 %
Percentage done:  50.00 %
Percentage done:  60.00 %
Percentage done:  70.00 %
Percentage done:  80.00 %
Percentage done:  90.00 %
Percentage done:  100.00 %
Ending abc-rs
270.339626 seconds (4.50 M allocations: 120.422 GiB, 1.77% gc time)
Round:113
Starting abc-rs
Percentage done:  10.00 %
Percentage done:  20.00 %
Percentage done:  30.00 %
Percentage done:  40.00 %
Percentage done:  50.00 %
Percentage done:  60.00 %
Percentage done:  70.00 %
Percentage done:  80.00 %
Percentage done:  90.00 %
Percentage done:  100.00 %
Ending abc-rs
271.250171 seconds (4.50 M allocations: 120.422 GiB, 1.76% gc time)
Round:117
Starting abc-rs
Percentage done:  10.00 %
Percentage done:  20.00 %
Percentage done:  30.00 %
Percentage done:  40.00 %
Percentage done:  50.00 %
Percentage done:  60.00 %
Percentage done:  70.00 %
Percentage done:  80.00 %
Percentage done:  90.00 %
Percentage done:  100.00 %
Ending abc-rs
274.251583 seconds (4.50 M allocations: 120.422 GiB, 1.78% gc time)
Round:121
Starting abc-rs
Percentage done:  10.00 %
Percentage done:  20.00 %
Percentage done:  30.00 %
Percentage done:  40.00 %
Percentage done:  50.00 %
Percentage done:  60.00 %
Percentage done:  70.00 %
Percentage done:  80.00 %
Percentage done:  90.00 %
Percentage done:  100.00 %
Ending abc-rs
270.621010 seconds (4.50 M allocations: 120.422 GiB, 1.77% gc time)
Round:125
Starting abc-rs
Percentage done:  10.00 %
Percentage done:  20.00 %
Percentage done:  30.00 %
Percentage done:  40.00 %
Percentage done:  50.00 %
Percentage done:  60.00 %
Percentage done:  70.00 %
Percentage done:  80.00 %
Percentage done:  90.00 %
Percentage done:  100.00 %
Ending abc-rs
271.862776 seconds (4.50 M allocations: 120.422 GiB, 1.78% gc time)
Round:129
Starting abc-rs
Percentage done:  10.00 %
Percentage done:  20.00 %
Percentage done:  30.00 %
Percentage done:  40.00 %
Percentage done:  50.00 %
Percentage done:  60.00 %
Percentage done:  70.00 %
Percentage done:  80.00 %
Percentage done:  90.00 %
Percentage done:  100.00 %
Ending abc-rs
285.738874 seconds (4.50 M allocations: 120.422 GiB, 1.82% gc time)
Round:133
Starting abc-rs
Percentage done:  10.00 %
Percentage done:  20.00 %
Percentage done:  30.00 %
Percentage done:  40.00 %
Percentage done:  50.00 %
Percentage done:  60.00 %
Percentage done:  70.00 %
Percentage done:  80.00 %
Percentage done:  90.00 %
Percentage done:  100.00 %
Ending abc-rs
285.657962 seconds (4.50 M allocations: 120.422 GiB, 1.82% gc time)
Round:137
Starting abc-rs
Percentage done:  10.00 %
Percentage done:  20.00 %
Percentage done:  30.00 %
Percentage done:  40.00 %
Percentage done:  50.00 %
Percentage done:  60.00 %
Percentage done:  70.00 %
Percentage done:  80.00 %
Percentage done:  90.00 %
Percentage done:  100.00 %
Ending abc-rs
286.735600 seconds (4.50 M allocations: 120.422 GiB, 1.83% gc time)
Round:141
Starting abc-rs
Percentage done:  10.00 %
Percentage done:  20.00 %
Percentage done:  30.00 %
Percentage done:  40.00 %
Percentage done:  50.00 %
Percentage done:  60.00 %
Percentage done:  70.00 %
Percentage done:  80.00 %
Percentage done:  90.00 %
Percentage done:  100.00 %
Ending abc-rs
285.941413 seconds (4.50 M allocations: 120.422 GiB, 1.82% gc time)
Round:145
Starting abc-rs
Percentage done:  10.00 %
Percentage done:  20.00 %
Percentage done:  30.00 %
Percentage done:  40.00 %
Percentage done:  50.00 %
Percentage done:  60.00 %
Percentage done:  70.00 %
Percentage done:  80.00 %
Percentage done:  90.00 %
Percentage done:  100.00 %
Ending abc-rs
286.202847 seconds (4.50 M allocations: 120.422 GiB, 1.82% gc time)
Round:149
Starting abc-rs
Percentage done:  10.00 %
Percentage done:  20.00 %
Percentage done:  30.00 %
Percentage done:  40.00 %
Percentage done:  50.00 %
Percentage done:  60.00 %
Percentage done:  70.00 %
Percentage done:  80.00 %
Percentage done:  90.00 %
Percentage done:  100.00 %
Ending abc-rs
286.576603 seconds (4.50 M allocations: 120.422 GiB, 1.82% gc time)
Round:153
Starting abc-rs
Percentage done:  10.00 %
Percentage done:  20.00 %
Percentage done:  30.00 %
Percentage done:  40.00 %
Percentage done:  50.00 %
Percentage done:  60.00 %
Percentage done:  70.00 %
Percentage done:  80.00 %
Percentage done:  90.00 %
Percentage done:  100.00 %
Ending abc-rs
286.998930 seconds (4.50 M allocations: 120.422 GiB, 1.83% gc time)
Round:157
Starting abc-rs
Percentage done:  10.00 %
Percentage done:  20.00 %
Percentage done:  30.00 %
Percentage done:  40.00 %
Percentage done:  50.00 %
Percentage done:  60.00 %
Percentage done:  70.00 %
Percentage done:  80.00 %
Percentage done:  90.00 %
Percentage done:  100.00 %
Ending abc-rs
288.062971 seconds (4.50 M allocations: 120.422 GiB, 1.83% gc time)
Round:161
Starting abc-rs
Percentage done:  10.00 %
Percentage done:  20.00 %
Percentage done:  30.00 %
Percentage done:  40.00 %
Percentage done:  50.00 %
Percentage done:  60.00 %
Percentage done:  70.00 %
Percentage done:  80.00 %
Percentage done:  90.00 %
Percentage done:  100.00 %
Ending abc-rs
287.543428 seconds (4.50 M allocations: 120.422 GiB, 1.82% gc time)
Round:165
Starting abc-rs
Percentage done:  10.00 %
Percentage done:  20.00 %
Percentage done:  30.00 %
Percentage done:  40.00 %
Percentage done:  50.00 %
Percentage done:  60.00 %
Percentage done:  70.00 %
Percentage done:  80.00 %
Percentage done:  90.00 %
Percentage done:  100.00 %
Ending abc-rs
287.442420 seconds (4.50 M allocations: 120.422 GiB, 1.82% gc time)
Round:169
Starting abc-rs
Percentage done:  10.00 %
Percentage done:  20.00 %
Percentage done:  30.00 %
Percentage done:  40.00 %
Percentage done:  50.00 %
Percentage done:  60.00 %
Percentage done:  70.00 %
Percentage done:  80.00 %
Percentage done:  90.00 %
Percentage done:  100.00 %
Ending abc-rs
287.970879 seconds (4.50 M allocations: 120.422 GiB, 1.82% gc time)
Round:173
Starting abc-rs
Percentage done:  10.00 %
Percentage done:  20.00 %
Percentage done:  30.00 %
Percentage done:  40.00 %
Percentage done:  50.00 %
Percentage done:  60.00 %
Percentage done:  70.00 %
Percentage done:  80.00 %
Percentage done:  90.00 %
Percentage done:  100.00 %
Ending abc-rs
287.920085 seconds (4.50 M allocations: 120.422 GiB, 1.82% gc time)
Round:177
Starting abc-rs
Percentage done:  10.00 %
Percentage done:  20.00 %
Percentage done:  30.00 %
Percentage done:  40.00 %
Percentage done:  50.00 %
Percentage done:  60.00 %
Percentage done:  70.00 %
Percentage done:  80.00 %
Percentage done:  90.00 %
Percentage done:  100.00 %
Ending abc-rs
288.180254 seconds (4.50 M allocations: 120.422 GiB, 1.82% gc time)
Round:181
Starting abc-rs
Percentage done:  10.00 %
Percentage done:  20.00 %
Percentage done:  30.00 %
Percentage done:  40.00 %
Percentage done:  50.00 %
Percentage done:  60.00 %
Percentage done:  70.00 %
Percentage done:  80.00 %
Percentage done:  90.00 %
Percentage done:  100.00 %
Ending abc-rs
287.813854 seconds (4.50 M allocations: 120.422 GiB, 1.82% gc time)
Round:185
Starting abc-rs
Percentage done:  10.00 %
Percentage done:  20.00 %
Percentage done:  30.00 %
Percentage done:  40.00 %
Percentage done:  50.00 %
Percentage done:  60.00 %
Percentage done:  70.00 %
Percentage done:  80.00 %
Percentage done:  90.00 %
Percentage done:  100.00 %
Ending abc-rs
288.240108 seconds (4.50 M allocations: 120.422 GiB, 1.82% gc time)
Round:189
Starting abc-rs
Percentage done:  10.00 %
Percentage done:  20.00 %
Percentage done:  30.00 %
Percentage done:  40.00 %
Percentage done:  50.00 %
Percentage done:  60.00 %
Percentage done:  70.00 %
Percentage done:  80.00 %
Percentage done:  90.00 %
Percentage done:  100.00 %
Ending abc-rs
288.050451 seconds (4.50 M allocations: 120.422 GiB, 1.82% gc time)
Round:193
Starting abc-rs
Percentage done:  10.00 %
Percentage done:  20.00 %
Percentage done:  30.00 %
Percentage done:  40.00 %
Percentage done:  50.00 %
Percentage done:  60.00 %
Percentage done:  70.00 %
Percentage done:  80.00 %
Percentage done:  90.00 %
Percentage done:  100.00 %
Ending abc-rs
287.871866 seconds (4.50 M allocations: 120.422 GiB, 1.83% gc time)
Round:197
Starting abc-rs
Percentage done:  10.00 %
Percentage done:  20.00 %
Percentage done:  30.00 %
Percentage done:  40.00 %
Percentage done:  50.00 %
Percentage done:  60.00 %
Percentage done:  70.00 %
Percentage done:  80.00 %
Percentage done:  90.00 %
Percentage done:  100.00 %
Ending abc-rs
288.146998 seconds (4.50 M allocations: 120.422 GiB, 1.82% gc time)
Round:201
Starting abc-rs
Percentage done:  10.00 %
Percentage done:  20.00 %
Percentage done:  30.00 %
Percentage done:  40.00 %
Percentage done:  50.00 %
Percentage done:  60.00 %
Percentage done:  70.00 %
Percentage done:  80.00 %
Percentage done:  90.00 %
Percentage done:  100.00 %
Ending abc-rs
288.103033 seconds (4.50 M allocations: 120.422 GiB, 1.82% gc time)
Round:205
Starting abc-rs
Percentage done:  10.00 %
Percentage done:  20.00 %
Percentage done:  30.00 %
Percentage done:  40.00 %
Percentage done:  50.00 %
Percentage done:  60.00 %
Percentage done:  70.00 %
Percentage done:  80.00 %
Percentage done:  90.00 %
Percentage done:  100.00 %
Ending abc-rs
288.209169 seconds (4.50 M allocations: 120.422 GiB, 1.82% gc time)
Round:209
Starting abc-rs
Percentage done:  10.00 %
Percentage done:  20.00 %
Percentage done:  30.00 %
Percentage done:  40.00 %
Percentage done:  50.00 %
Percentage done:  60.00 %
Percentage done:  70.00 %
Percentage done:  80.00 %
Percentage done:  90.00 %
Percentage done:  100.00 %
Ending abc-rs
285.502614 seconds (4.50 M allocations: 120.422 GiB, 1.90% gc time)
Round:213
Starting abc-rs
Percentage done:  10.00 %
Percentage done:  20.00 %
Percentage done:  30.00 %
Percentage done:  40.00 %
Percentage done:  50.00 %
Percentage done:  60.00 %
Percentage done:  70.00 %
Percentage done:  80.00 %
Percentage done:  90.00 %
Percentage done:  100.00 %
Ending abc-rs
284.994772 seconds (4.50 M allocations: 120.422 GiB, 1.80% gc time)
Round:217
Starting abc-rs
Percentage done:  10.00 %
Percentage done:  20.00 %
Percentage done:  30.00 %
Percentage done:  40.00 %
Percentage done:  50.00 %
Percentage done:  60.00 %
Percentage done:  70.00 %
Percentage done:  80.00 %
Percentage done:  90.00 %
Percentage done:  100.00 %
Ending abc-rs
283.059682 seconds (4.50 M allocations: 120.422 GiB, 1.80% gc time)
Round:221
Starting abc-rs
Percentage done:  10.00 %
Percentage done:  20.00 %
Percentage done:  30.00 %
Percentage done:  40.00 %
Percentage done:  50.00 %
Percentage done:  60.00 %
Percentage done:  70.00 %
Percentage done:  80.00 %
Percentage done:  90.00 %
Percentage done:  100.00 %
Ending abc-rs
284.566343 seconds (4.50 M allocations: 120.422 GiB, 1.79% gc time)
Round:225
Starting abc-rs
Percentage done:  10.00 %
Percentage done:  20.00 %
Percentage done:  30.00 %
Percentage done:  40.00 %
Percentage done:  50.00 %
Percentage done:  60.00 %
Percentage done:  70.00 %
Percentage done:  80.00 %
Percentage done:  90.00 %
Percentage done:  100.00 %
Ending abc-rs
284.567750 seconds (4.50 M allocations: 120.422 GiB, 1.80% gc time)
Round:229
Starting abc-rs
Percentage done:  10.00 %
Percentage done:  20.00 %
Percentage done:  30.00 %
Percentage done:  40.00 %
Percentage done:  50.00 %
Percentage done:  60.00 %
Percentage done:  70.00 %
Percentage done:  80.00 %
Percentage done:  90.00 %
Percentage done:  100.00 %
Ending abc-rs
284.167424 seconds (4.50 M allocations: 120.422 GiB, 1.80% gc time)
Round:233
Starting abc-rs
Percentage done:  10.00 %
Percentage done:  20.00 %
Percentage done:  30.00 %
Percentage done:  40.00 %
Percentage done:  50.00 %
Percentage done:  60.00 %
Percentage done:  70.00 %
Percentage done:  80.00 %
Percentage done:  90.00 %
Percentage done:  100.00 %
Ending abc-rs
285.236015 seconds (4.50 M allocations: 120.422 GiB, 1.79% gc time)
Round:237
Starting abc-rs
Percentage done:  10.00 %
Percentage done:  20.00 %
Percentage done:  30.00 %
Percentage done:  40.00 %
Percentage done:  50.00 %
Percentage done:  60.00 %
Percentage done:  70.00 %
Percentage done:  80.00 %
Percentage done:  90.00 %
Percentage done:  100.00 %
Ending abc-rs
284.973698 seconds (4.50 M allocations: 120.422 GiB, 1.80% gc time)
Round:241
Starting abc-rs
Percentage done:  10.00 %
Percentage done:  20.00 %
Percentage done:  30.00 %
Percentage done:  40.00 %
Percentage done:  50.00 %
Percentage done:  60.00 %
Percentage done:  70.00 %
Percentage done:  80.00 %
Percentage done:  90.00 %
Percentage done:  100.00 %
Ending abc-rs
285.186175 seconds (4.50 M allocations: 120.422 GiB, 1.79% gc time)
Round:245
Starting abc-rs
Percentage done:  10.00 %
Percentage done:  20.00 %
Percentage done:  30.00 %
Percentage done:  40.00 %
Percentage done:  50.00 %
Percentage done:  60.00 %
Percentage done:  70.00 %
Percentage done:  80.00 %
Percentage done:  90.00 %
Percentage done:  100.00 %
Ending abc-rs
284.767658 seconds (4.50 M allocations: 120.422 GiB, 1.79% gc time)
Round:249
Starting abc-rs
Percentage done:  10.00 %
Percentage done:  20.00 %
Percentage done:  30.00 %
Percentage done:  40.00 %
Percentage done:  50.00 %
Percentage done:  60.00 %
Percentage done:  70.00 %
Percentage done:  80.00 %
Percentage done:  90.00 %
Percentage done:  100.00 %
Ending abc-rs
285.022715 seconds (4.50 M allocations: 120.422 GiB, 1.79% gc time)
Round:253
Starting abc-rs
Percentage done:  10.00 %
Percentage done:  20.00 %
Percentage done:  30.00 %
Percentage done:  40.00 %
Percentage done:  50.00 %
Percentage done:  60.00 %
Percentage done:  70.00 %
Percentage done:  80.00 %
Percentage done:  90.00 %
Percentage done:  100.00 %
Ending abc-rs
285.241842 seconds (4.50 M allocations: 120.422 GiB, 1.81% gc time)
Round:257
Starting abc-rs
Percentage done:  10.00 %
Percentage done:  20.00 %
Percentage done:  30.00 %
Percentage done:  40.00 %
Percentage done:  50.00 %
Percentage done:  60.00 %
Percentage done:  70.00 %
Percentage done:  80.00 %
Percentage done:  90.00 %
Percentage done:  100.00 %
Ending abc-rs
285.744082 seconds (4.50 M allocations: 120.422 GiB, 1.79% gc time)
Round:261
Starting abc-rs
Percentage done:  10.00 %
Percentage done:  20.00 %
Percentage done:  30.00 %
Percentage done:  40.00 %
Percentage done:  50.00 %
Percentage done:  60.00 %
Percentage done:  70.00 %
Percentage done:  80.00 %
Percentage done:  90.00 %
Percentage done:  100.00 %
Ending abc-rs
284.527587 seconds (4.50 M allocations: 120.422 GiB, 1.80% gc time)
Round:265
Starting abc-rs
Percentage done:  10.00 %
Percentage done:  20.00 %
Percentage done:  30.00 %
Percentage done:  40.00 %
Percentage done:  50.00 %
Percentage done:  60.00 %
Percentage done:  70.00 %
Percentage done:  80.00 %
Percentage done:  90.00 %
Percentage done:  100.00 %
Ending abc-rs
285.726509 seconds (4.50 M allocations: 120.422 GiB, 1.79% gc time)
Round:269
Starting abc-rs
Percentage done:  10.00 %
Percentage done:  20.00 %
Percentage done:  30.00 %
Percentage done:  40.00 %
Percentage done:  50.00 %
Percentage done:  60.00 %
Percentage done:  70.00 %
Percentage done:  80.00 %
Percentage done:  90.00 %
Percentage done:  100.00 %
Ending abc-rs
285.190385 seconds (4.50 M allocations: 120.422 GiB, 1.79% gc time)
Round:273
Starting abc-rs
Percentage done:  10.00 %
Percentage done:  20.00 %
Percentage done:  30.00 %
Percentage done:  40.00 %
Percentage done:  50.00 %
Percentage done:  60.00 %
Percentage done:  70.00 %
Percentage done:  80.00 %
Percentage done:  90.00 %
Percentage done:  100.00 %
Ending abc-rs
284.158568 seconds (4.50 M allocations: 120.422 GiB, 1.80% gc time)
Round:277
Starting abc-rs
Percentage done:  10.00 %
Percentage done:  20.00 %
Percentage done:  30.00 %
Percentage done:  40.00 %
Percentage done:  50.00 %
Percentage done:  60.00 %
Percentage done:  70.00 %
Percentage done:  80.00 %
Percentage done:  90.00 %
Percentage done:  100.00 %
Ending abc-rs
284.110390 seconds (4.50 M allocations: 120.422 GiB, 1.80% gc time)
Round:281
Starting abc-rs
Percentage done:  10.00 %
Percentage done:  20.00 %
Percentage done:  30.00 %
Percentage done:  40.00 %
Percentage done:  50.00 %
Percentage done:  60.00 %
Percentage done:  70.00 %
Percentage done:  80.00 %
Percentage done:  90.00 %
Percentage done:  100.00 %
Ending abc-rs
284.703722 seconds (4.50 M allocations: 120.422 GiB, 1.79% gc time)
Round:285
Starting abc-rs
Percentage done:  10.00 %
Percentage done:  20.00 %
Percentage done:  30.00 %
Percentage done:  40.00 %
Percentage done:  50.00 %
Percentage done:  60.00 %
Percentage done:  70.00 %
Percentage done:  80.00 %
Percentage done:  90.00 %
Percentage done:  100.00 %
Ending abc-rs
284.069053 seconds (4.50 M allocations: 120.422 GiB, 1.80% gc time)
Round:289
Starting abc-rs
Percentage done:  10.00 %
Percentage done:  20.00 %
Percentage done:  30.00 %
Percentage done:  40.00 %
Percentage done:  50.00 %
Percentage done:  60.00 %
Percentage done:  70.00 %
Percentage done:  80.00 %
Percentage done:  90.00 %
Percentage done:  100.00 %
Ending abc-rs
284.076682 seconds (4.50 M allocations: 120.422 GiB, 1.79% gc time)
Round:293
Starting abc-rs
Percentage done:  10.00 %
Percentage done:  20.00 %
Percentage done:  30.00 %
Percentage done:  40.00 %
Percentage done:  50.00 %
Percentage done:  60.00 %
Percentage done:  70.00 %
Percentage done:  80.00 %
Percentage done:  90.00 %
Percentage done:  100.00 %
Ending abc-rs
283.524297 seconds (4.50 M allocations: 120.422 GiB, 1.80% gc time)
Round:297
Starting abc-rs
Percentage done:  10.00 %
Percentage done:  20.00 %
Percentage done:  30.00 %
Percentage done:  40.00 %
Percentage done:  50.00 %
Percentage done:  60.00 %
Percentage done:  70.00 %
Percentage done:  80.00 %
Percentage done:  90.00 %
Percentage done:  100.00 %
Ending abc-rs
284.168063 seconds (4.50 M allocations: 120.422 GiB, 1.80% gc time)
Round:301
Starting abc-rs
Percentage done:  10.00 %
Percentage done:  20.00 %
Percentage done:  30.00 %
Percentage done:  40.00 %
Percentage done:  50.00 %
Percentage done:  60.00 %
Percentage done:  70.00 %
Percentage done:  80.00 %
Percentage done:  90.00 %
Percentage done:  100.00 %
Ending abc-rs
284.113036 seconds (4.50 M allocations: 120.422 GiB, 1.79% gc time)
Round:305
Starting abc-rs
Percentage done:  10.00 %
Percentage done:  20.00 %
Percentage done:  30.00 %
Percentage done:  40.00 %
Percentage done:  50.00 %
Percentage done:  60.00 %
Percentage done:  70.00 %
Percentage done:  80.00 %
Percentage done:  90.00 %
Percentage done:  100.00 %
Ending abc-rs
284.099697 seconds (4.50 M allocations: 120.422 GiB, 1.79% gc time)
Round:309
Starting abc-rs
Percentage done:  10.00 %
Percentage done:  20.00 %
Percentage done:  30.00 %
Percentage done:  40.00 %
Percentage done:  50.00 %
Percentage done:  60.00 %
Percentage done:  70.00 %
Percentage done:  80.00 %
Percentage done:  90.00 %
Percentage done:  100.00 %
Ending abc-rs
284.125515 seconds (4.50 M allocations: 120.422 GiB, 1.80% gc time)
Round:313
Starting abc-rs
Percentage done:  10.00 %
Percentage done:  20.00 %
Percentage done:  30.00 %
Percentage done:  40.00 %
Percentage done:  50.00 %
Percentage done:  60.00 %
Percentage done:  70.00 %
Percentage done:  80.00 %
Percentage done:  90.00 %
Percentage done:  100.00 %
Ending abc-rs
284.131659 seconds (4.50 M allocations: 120.422 GiB, 1.80% gc time)
Round:317
Starting abc-rs
Percentage done:  10.00 %
Percentage done:  20.00 %
Percentage done:  30.00 %
Percentage done:  40.00 %
Percentage done:  50.00 %
Percentage done:  60.00 %
Percentage done:  70.00 %
Percentage done:  80.00 %
Percentage done:  90.00 %
Percentage done:  100.00 %
Ending abc-rs
284.628634 seconds (4.50 M allocations: 120.422 GiB, 1.79% gc time)
Round:321
Starting abc-rs
Percentage done:  10.00 %
Percentage done:  20.00 %
Percentage done:  30.00 %
Percentage done:  40.00 %
Percentage done:  50.00 %
Percentage done:  60.00 %
Percentage done:  70.00 %
Percentage done:  80.00 %
Percentage done:  90.00 %
Percentage done:  100.00 %
Ending abc-rs
284.314064 seconds (4.50 M allocations: 120.422 GiB, 1.79% gc time)
Round:325
Starting abc-rs
Percentage done:  10.00 %
Percentage done:  20.00 %
Percentage done:  30.00 %
Percentage done:  40.00 %
Percentage done:  50.00 %
Percentage done:  60.00 %
Percentage done:  70.00 %
Percentage done:  80.00 %
Percentage done:  90.00 %
Percentage done:  100.00 %
Ending abc-rs
284.283760 seconds (4.50 M allocations: 120.422 GiB, 1.80% gc time)
Round:329
Starting abc-rs
Percentage done:  10.00 %
Percentage done:  20.00 %
Percentage done:  30.00 %
Percentage done:  40.00 %
Percentage done:  50.00 %
Percentage done:  60.00 %
Percentage done:  70.00 %
Percentage done:  80.00 %
Percentage done:  90.00 %
Percentage done:  100.00 %
Ending abc-rs
284.758619 seconds (4.50 M allocations: 120.422 GiB, 1.79% gc time)
Round:333
Starting abc-rs
Percentage done:  10.00 %
Percentage done:  20.00 %
Percentage done:  30.00 %
Percentage done:  40.00 %
Percentage done:  50.00 %
Percentage done:  60.00 %
Percentage done:  70.00 %
Percentage done:  80.00 %
Percentage done:  90.00 %
Percentage done:  100.00 %
Ending abc-rs
284.880851 seconds (4.50 M allocations: 120.422 GiB, 1.79% gc time)
Round:337
Starting abc-rs
Percentage done:  10.00 %
Percentage done:  20.00 %
Percentage done:  30.00 %
Percentage done:  40.00 %
Percentage done:  50.00 %
Percentage done:  60.00 %
Percentage done:  70.00 %
Percentage done:  80.00 %
Percentage done:  90.00 %
Percentage done:  100.00 %
Ending abc-rs
284.679228 seconds (4.50 M allocations: 120.422 GiB, 1.79% gc time)
Round:341
Starting abc-rs
Percentage done:  10.00 %
Percentage done:  20.00 %
Percentage done:  30.00 %
Percentage done:  40.00 %
Percentage done:  50.00 %
Percentage done:  60.00 %
Percentage done:  70.00 %
Percentage done:  80.00 %
Percentage done:  90.00 %
Percentage done:  100.00 %
Ending abc-rs
285.060962 seconds (4.50 M allocations: 120.422 GiB, 1.79% gc time)
Round:345
Starting abc-rs
Percentage done:  10.00 %
Percentage done:  20.00 %
Percentage done:  30.00 %
Percentage done:  40.00 %
Percentage done:  50.00 %
Percentage done:  60.00 %
Percentage done:  70.00 %
Percentage done:  80.00 %
Percentage done:  90.00 %
Percentage done:  100.00 %
Ending abc-rs
284.634055 seconds (4.50 M allocations: 120.422 GiB, 1.79% gc time)
Round:349
Starting abc-rs
Percentage done:  10.00 %
Percentage done:  20.00 %
Percentage done:  30.00 %
Percentage done:  40.00 %
Percentage done:  50.00 %
Percentage done:  60.00 %
Percentage done:  70.00 %
Percentage done:  80.00 %
Percentage done:  90.00 %
Percentage done:  100.00 %
Ending abc-rs
284.917627 seconds (4.50 M allocations: 120.422 GiB, 1.79% gc time)
Round:353
Starting abc-rs
Percentage done:  10.00 %
Percentage done:  20.00 %
Percentage done:  30.00 %
Percentage done:  40.00 %
Percentage done:  50.00 %
Percentage done:  60.00 %
Percentage done:  70.00 %
Percentage done:  80.00 %
Percentage done:  90.00 %
Percentage done:  100.00 %
Ending abc-rs
284.896099 seconds (4.50 M allocations: 120.422 GiB, 1.80% gc time)
Round:357
Starting abc-rs
Percentage done:  10.00 %
Percentage done:  20.00 %
Percentage done:  30.00 %
Percentage done:  40.00 %
Percentage done:  50.00 %
Percentage done:  60.00 %
Percentage done:  70.00 %
Percentage done:  80.00 %
Percentage done:  90.00 %
Percentage done:  100.00 %
Ending abc-rs
285.062677 seconds (4.50 M allocations: 120.422 GiB, 1.80% gc time)
Round:361
Starting abc-rs
Percentage done:  10.00 %
Percentage done:  20.00 %
Percentage done:  30.00 %
Percentage done:  40.00 %
Percentage done:  50.00 %
Percentage done:  60.00 %
Percentage done:  70.00 %
Percentage done:  80.00 %
Percentage done:  90.00 %
Percentage done:  100.00 %
Ending abc-rs
285.198988 seconds (4.50 M allocations: 120.422 GiB, 1.79% gc time)
Round:365
Starting abc-rs
Percentage done:  10.00 %
Percentage done:  20.00 %
Percentage done:  30.00 %
Percentage done:  40.00 %
Percentage done:  50.00 %
Percentage done:  60.00 %
Percentage done:  70.00 %
Percentage done:  80.00 %
Percentage done:  90.00 %
Percentage done:  100.00 %
Ending abc-rs
285.582944 seconds (4.50 M allocations: 120.422 GiB, 1.79% gc time)
Round:369
Starting abc-rs
Percentage done:  10.00 %
Percentage done:  20.00 %
Percentage done:  30.00 %
Percentage done:  40.00 %
Percentage done:  50.00 %
Percentage done:  60.00 %
Percentage done:  70.00 %
Percentage done:  80.00 %
Percentage done:  90.00 %
Percentage done:  100.00 %
Ending abc-rs
285.207095 seconds (4.50 M allocations: 120.422 GiB, 1.79% gc time)
Round:373
Starting abc-rs
Percentage done:  10.00 %
Percentage done:  20.00 %
Percentage done:  30.00 %
Percentage done:  40.00 %
Percentage done:  50.00 %
Percentage done:  60.00 %
Percentage done:  70.00 %
Percentage done:  80.00 %
Percentage done:  90.00 %
Percentage done:  100.00 %
Ending abc-rs
284.890688 seconds (4.50 M allocations: 120.422 GiB, 1.80% gc time)
Round:377
Starting abc-rs
Percentage done:  10.00 %
Percentage done:  20.00 %
Percentage done:  30.00 %
Percentage done:  40.00 %
Percentage done:  50.00 %
Percentage done:  60.00 %
Percentage done:  70.00 %
Percentage done:  80.00 %
Percentage done:  90.00 %
Percentage done:  100.00 %
Ending abc-rs
285.646087 seconds (4.50 M allocations: 120.422 GiB, 1.79% gc time)
Round:381
Starting abc-rs
Percentage done:  10.00 %
Percentage done:  20.00 %
Percentage done:  30.00 %
Percentage done:  40.00 %
Percentage done:  50.00 %
Percentage done:  60.00 %
Percentage done:  70.00 %
Percentage done:  80.00 %
Percentage done:  90.00 %
Percentage done:  100.00 %
Ending abc-rs
285.252420 seconds (4.50 M allocations: 120.422 GiB, 1.80% gc time)
Round:385
Starting abc-rs
Percentage done:  10.00 %
Percentage done:  20.00 %
Percentage done:  30.00 %
Percentage done:  40.00 %
Percentage done:  50.00 %
Percentage done:  60.00 %
Percentage done:  70.00 %
Percentage done:  80.00 %
Percentage done:  90.00 %
Percentage done:  100.00 %
Ending abc-rs
285.260724 seconds (4.50 M allocations: 120.422 GiB, 1.79% gc time)
Round:389
Starting abc-rs
Percentage done:  10.00 %
Percentage done:  20.00 %
Percentage done:  30.00 %
Percentage done:  40.00 %
Percentage done:  50.00 %
Percentage done:  60.00 %
Percentage done:  70.00 %
Percentage done:  80.00 %
Percentage done:  90.00 %
Percentage done:  100.00 %
Ending abc-rs
285.108011 seconds (4.50 M allocations: 120.422 GiB, 1.79% gc time)
Round:393
Starting abc-rs
Percentage done:  10.00 %
Percentage done:  20.00 %
Percentage done:  30.00 %
Percentage done:  40.00 %
Percentage done:  50.00 %
Percentage done:  60.00 %
Percentage done:  70.00 %
Percentage done:  80.00 %
Percentage done:  90.00 %
Percentage done:  100.00 %
Ending abc-rs
286.691773 seconds (4.50 M allocations: 120.422 GiB, 1.78% gc time)
Round:397
Starting abc-rs
Percentage done:  10.00 %
Percentage done:  20.00 %
Percentage done:  30.00 %
Percentage done:  40.00 %
Percentage done:  50.00 %
Percentage done:  60.00 %
Percentage done:  70.00 %
Percentage done:  80.00 %
Percentage done:  90.00 %
Percentage done:  100.00 %
Ending abc-rs
286.440007 seconds (4.50 M allocations: 120.422 GiB, 1.79% gc time)
