Mon Oct 29 20:44:39 2018       
+-----------------------------------------------------------------------------+
| NVIDIA-SMI 396.44                 Driver Version: 396.44                    |
|-------------------------------+----------------------+----------------------+
| GPU  Name        Persistence-M| Bus-Id        Disp.A | Volatile Uncorr. ECC |
| Fan  Temp  Perf  Pwr:Usage/Cap|         Memory-Usage | GPU-Util  Compute M. |
|===============================+======================+======================|
|   0  Tesla K80           On   | 00000000:04:00.0 Off |                    0 |
| N/A   23C    P8    26W / 149W |      0MiB / 11441MiB |      0%      Default |
+-------------------------------+----------------------+----------------------+
|   1  Tesla K80           On   | 00000000:05:00.0 Off |                    0 |
| N/A   29C    P8    29W / 149W |      0MiB / 11441MiB |      0%      Default |
+-------------------------------+----------------------+----------------------+
|   2  Tesla K80           On   | 00000000:84:00.0 Off |                    0 |
| N/A   25C    P8    26W / 149W |      0MiB / 11441MiB |      0%      Default |
+-------------------------------+----------------------+----------------------+
|   3  Tesla K80           On   | 00000000:85:00.0 Off |                    0 |
| N/A   29C    P8    29W / 149W |      0MiB / 11441MiB |      0%      Default |
+-------------------------------+----------------------+----------------------+
                                                                               
+-----------------------------------------------------------------------------+
| Processes:                                                       GPU Memory |
|  GPU       PID   Type   Process name                             Usage      |
|=============================================================================|
|  No running processes found                                                 |
+-----------------------------------------------------------------------------+
/home/samwiq/ABC and deep learning project/abc-dl/lunarc
/home/samwiq/ABC and deep learning project/abc-dl
start script
500
check version of Knet
    Status `~/.julia/environments/v1.0/Project.toml`
  [336ed68f] CSV v0.3.1
  [a93c6f00] DataFrames v0.13.1
  [31c24e10] Distributions v0.16.4
  [1902f260] Knet v1.1.0
  [6f286f6a] MultivariateStats v0.6.0 #master (https://github.com/JuliaStats/MultivariateStats.jl.git)
  [2913bbd2] StatsBase v0.25.0
  [4c63d2b9] StatsFuns v0.7.0
build Knet
  Building SpecialFunctions → `~/.julia/packages/SpecialFunctions/KvXoO/deps/build.log`
  Building CodecZlib ───────→ `~/.julia/packages/CodecZlib/wwgbh/deps/build.log`
  Building Knet ────────────→ `~/.julia/packages/Knet/hxjeS/deps/build.log`
test gpu
4
-1
0
Loading g-and-k model
Loading g-and-k model
Starting: generate_parameter_data_pairs
Percentage done:  10.00 %
Percentage done:  20.00 %
Percentage done:  30.00 %
Percentage done:  40.00 %
Percentage done:  50.00 %
Percentage done:  60.00 %
Percentage done:  70.00 %
Percentage done:  80.00 %
Percentage done:  90.00 %
Percentage done:  100.00 %
Starting: generate_parameter_data_pairs
Percentage done:  2.00 %
Percentage done:  4.00 %
Percentage done:  6.00 %
Percentage done:  8.00 %
Percentage done:  10.00 %
Percentage done:  12.00 %
Percentage done:  14.00 %
Percentage done:  16.00 %
Percentage done:  18.00 %
Percentage done:  20.00 %
Percentage done:  22.00 %
Percentage done:  24.00 %
Percentage done:  26.00 %
Percentage done:  28.00 %
Percentage done:  30.00 %
Percentage done:  32.00 %
Percentage done:  34.00 %
Percentage done:  36.00 %
Percentage done:  38.00 %
Percentage done:  40.00 %
Percentage done:  42.00 %
Percentage done:  44.00 %
Percentage done:  46.00 %
Percentage done:  48.00 %
Percentage done:  50.00 %
Percentage done:  52.00 %
Percentage done:  54.00 %
Percentage done:  56.00 %
Percentage done:  58.00 %
Percentage done:  60.00 %
Percentage done:  62.00 %
Percentage done:  64.00 %
Percentage done:  66.00 %
Percentage done:  68.00 %
Percentage done:  70.00 %
Percentage done:  72.00 %
Percentage done:  74.00 %
Percentage done:  76.00 %
Percentage done:  78.00 %
Percentage done:  80.00 %
Percentage done:  82.00 %
Percentage done:  84.00 %
Percentage done:  86.00 %
Percentage done:  88.00 %
Percentage done:  90.00 %
Percentage done:  92.00 %
Percentage done:  94.00 %
Percentage done:  96.00 %
Percentage done:  98.00 %
Percentage done:  100.00 %
Starting: generate_parameter_data_pairs
Percentage done:  5.00 %
Percentage done:  10.00 %
Percentage done:  15.00 %
Percentage done:  20.00 %
Percentage done:  25.00 %
Percentage done:  30.00 %
Percentage done:  35.00 %
Percentage done:  40.00 %
Percentage done:  45.00 %
Percentage done:  50.00 %
Percentage done:  55.00 %
Percentage done:  60.00 %
Percentage done:  65.00 %
Percentage done:  70.00 %
Percentage done:  75.00 %
Percentage done:  80.00 %
Percentage done:  85.00 %
Percentage done:  90.00 %
Percentage done:  95.00 %
Percentage done:  100.00 %
Starting: generate_parameter_data_pairs
142.430546 seconds (67.41 M allocations: 56.027 GiB, 2.74% gc time)
Nbr training obs 1000, nbr parameters 2504504, obs/parameters 0.00
0
  0.813175 seconds (1.52 M allocations: 76.468 MiB, 2.74% gc time)
  0.460510 seconds (1.07 M allocations: 56.227 MiB, 4.49% gc time)
  2.945966 seconds (6.49 M allocations: 345.838 MiB, 4.26% gc time)
  0.011405 seconds (104 allocations: 161.219 KiB)
Starting training
Epoch 1, current loss (training) 17.9349, current loss (val) 16.6845
Epoch 2, current loss (training) 15.7635, current loss (val) 15.4418
Epoch 3, current loss (training) 14.5543, current loss (val) 13.9122
Epoch 4, current loss (training) 13.9200, current loss (val) 12.9432
Epoch 5, current loss (training) 12.4806, current loss (val) 12.5468
Epoch 6, current loss (training) 11.2962, current loss (val) 12.1968
Epoch 7, current loss (training) 11.2340, current loss (val) 12.2797
Epoch 8, current loss (training) 9.6733, current loss (val) 12.6503
Epoch 9, current loss (training) 8.2965, current loss (val) 13.2276
Epoch 10, current loss (training) 7.1118, current loss (val) 13.9922
Epoch 11, current loss (training) 6.7569, current loss (val) 13.9340
Epoch 12, current loss (training) 5.0575, current loss (val) 14.0722
Epoch 13, current loss (training) 4.1316, current loss (val) 14.9548
Epoch 14, current loss (training) 3.3386, current loss (val) 15.3838
Epoch 15, current loss (training) 3.4759, current loss (val) 16.6784
Epoch 16, current loss (training) 2.7051, current loss (val) 15.3693
Epoch 17, current loss (training) 2.2202, current loss (val) 16.1723
Epoch 18, current loss (training) 1.9968, current loss (val) 16.4400
Epoch 19, current loss (training) 1.9395, current loss (val) 16.9243
Epoch 20, current loss (training) 1.6419, current loss (val) 16.7835
Epoch 21, current loss (training) 1.3866, current loss (val) 17.1514
Epoch 22, current loss (training) 1.3890, current loss (val) 17.3184
Epoch 23, current loss (training) 1.3499, current loss (val) 17.5401
Epoch 24, current loss (training) 2.2725, current loss (val) 16.9311
Epoch 25, current loss (training) 1.2250, current loss (val) 18.0833
Epoch 26, current loss (training) 1.1022, current loss (val) 19.3065
Epoch 27, current loss (training) 1.2767, current loss (val) 17.3444
Epoch 28, current loss (training) 1.0546, current loss (val) 19.9190
Epoch 29, current loss (training) 1.0938, current loss (val) 17.2458
Epoch 30, current loss (training) 1.2626, current loss (val) 17.5719
Epoch 31, current loss (training) 1.9403, current loss (val) 22.1404
Epoch 32, current loss (training) 1.1759, current loss (val) 17.4128
Epoch 33, current loss (training) 0.7681, current loss (val) 18.8313
Epoch 34, current loss (training) 0.8015, current loss (val) 18.8535
Epoch 35, current loss (training) 0.7104, current loss (val) 19.2544
Epoch 36, current loss (training) 0.5879, current loss (val) 19.5102
Epoch 37, current loss (training) 0.5524, current loss (val) 18.9503
Epoch 38, current loss (training) 0.5723, current loss (val) 20.5284
Epoch 39, current loss (training) 0.5474, current loss (val) 20.3578
Epoch 40, current loss (training) 0.4258, current loss (val) 19.5854
Epoch 41, current loss (training) 0.3849, current loss (val) 19.8232
Epoch 42, current loss (training) 0.4680, current loss (val) 21.1727
Epoch 43, current loss (training) 0.7327, current loss (val) 22.8623
Epoch 44, current loss (training) 0.3936, current loss (val) 20.0576
Epoch 45, current loss (training) 0.4322, current loss (val) 20.7889
Epoch 46, current loss (training) 0.3438, current loss (val) 20.3042
Epoch 47, current loss (training) 0.3641, current loss (val) 20.1501
Epoch 48, current loss (training) 0.5458, current loss (val) 18.6427
Epoch 49, current loss (training) 1.8109, current loss (val) 26.4020
Epoch 50, current loss (training) 1.5179, current loss (val) 16.7125
Epoch 51, current loss (training) 0.7546, current loss (val) 18.4062
Epoch 52, current loss (training) 1.0461, current loss (val) 23.6782
Epoch 53, current loss (training) 0.5618, current loss (val) 18.8950
Epoch 54, current loss (training) 0.4773, current loss (val) 19.2634
Epoch 55, current loss (training) 0.4242, current loss (val) 21.4339
Epoch 56, current loss (training) 0.3570, current loss (val) 19.6116
Epoch 57, current loss (training) 0.2220, current loss (val) 20.5426
Epoch 58, current loss (training) 0.2255, current loss (val) 20.4317
Epoch 59, current loss (training) 0.2130, current loss (val) 21.1298
Epoch 60, current loss (training) 0.1641, current loss (val) 20.5047
Epoch 61, current loss (training) 0.1755, current loss (val) 20.6725
Epoch 62, current loss (training) 0.1361, current loss (val) 20.8802
Epoch 63, current loss (training) 0.1508, current loss (val) 21.4290
Epoch 64, current loss (training) 0.2016, current loss (val) 19.5994
Epoch 65, current loss (training) 0.2328, current loss (val) 22.7104
Epoch 66, current loss (training) 0.2765, current loss (val) 19.4788
Epoch 67, current loss (training) 0.2489, current loss (val) 22.6331
Epoch 68, current loss (training) 0.3313, current loss (val) 19.5776
Epoch 69, current loss (training) 0.2083, current loss (val) 22.5071
Epoch 70, current loss (training) 0.1358, current loss (val) 20.7301
Epoch 71, current loss (training) 0.2989, current loss (val) 23.7426
Epoch 72, current loss (training) 0.5620, current loss (val) 18.7053
Epoch 73, current loss (training) 0.5713, current loss (val) 25.3185
Epoch 74, current loss (training) 0.4906, current loss (val) 18.2433
Epoch 75, current loss (training) 0.2666, current loss (val) 22.0860
Epoch 76, current loss (training) 0.2638, current loss (val) 20.3302
Epoch 77, current loss (training) 0.1952, current loss (val) 20.4170
Epoch 78, current loss (training) 0.2516, current loss (val) 23.3285
Epoch 79, current loss (training) 0.2337, current loss (val) 20.4056
Epoch 80, current loss (training) 0.2035, current loss (val) 20.2074
Epoch 81, current loss (training) 0.3682, current loss (val) 25.4591
Epoch 82, current loss (training) 0.2137, current loss (val) 19.7149
Epoch 83, current loss (training) 0.1426, current loss (val) 21.1849
Epoch 84, current loss (training) 0.1524, current loss (val) 23.0729
Epoch 85, current loss (training) 0.0830, current loss (val) 21.7429
Epoch 86, current loss (training) 0.0772, current loss (val) 22.0572
Epoch 87, current loss (training) 0.0784, current loss (val) 22.1906
Epoch 88, current loss (training) 0.0841, current loss (val) 21.3479
Epoch 89, current loss (training) 0.0663, current loss (val) 22.5460
Epoch 90, current loss (training) 0.0576, current loss (val) 22.0467
Epoch 91, current loss (training) 0.0546, current loss (val) 22.4221
Epoch 92, current loss (training) 0.0410, current loss (val) 21.9705
Epoch 93, current loss (training) 0.0452, current loss (val) 22.9454
Epoch 94, current loss (training) 0.0598, current loss (val) 21.4979
Epoch 95, current loss (training) 0.0702, current loss (val) 23.6056
Epoch 96, current loss (training) 0.1114, current loss (val) 20.6747
Epoch 97, current loss (training) 0.0592, current loss (val) 23.5075
Epoch 98, current loss (training) 0.0410, current loss (val) 21.4450
Epoch 99, current loss (training) 0.0705, current loss (val) 23.8026
Epoch 100, current loss (training) 0.0711, current loss (val) 20.8757
Epoch 101, current loss (training) 0.1046, current loss (val) 24.4567
Epoch 102, current loss (training) 0.1326, current loss (val) 20.3667
Epoch 103, current loss (training) 0.2571, current loss (val) 25.3869
Epoch 104, current loss (training) 0.1898, current loss (val) 20.3085
Epoch 105, current loss (training) 0.1280, current loss (val) 23.3567
Epoch 106, current loss (training) 0.1261, current loss (val) 22.8442
Epoch 107, current loss (training) 0.1246, current loss (val) 22.1956
Epoch 108, current loss (training) 0.2017, current loss (val) 21.9499
Epoch 109, current loss (training) 0.2198, current loss (val) 21.6279
Epoch 110, current loss (training) 0.1411, current loss (val) 23.0954
Epoch 111, current loss (training) 0.1178, current loss (val) 22.1885
Epoch 112, current loss (training) 0.1810, current loss (val) 21.7254
Epoch 113, current loss (training) 0.2119, current loss (val) 25.4676
Epoch 114, current loss (training) 0.2161, current loss (val) 20.1056
Epoch 115, current loss (training) 0.1129, current loss (val) 23.0467
Epoch 116, current loss (training) 0.1146, current loss (val) 22.1569
Epoch 117, current loss (training) 0.0732, current loss (val) 22.7015
Epoch 118, current loss (training) 0.0845, current loss (val) 22.1052
Epoch 119, current loss (training) 0.0823, current loss (val) 22.8503
Epoch 120, current loss (training) 0.0510, current loss (val) 23.3896
Epoch 121, current loss (training) 0.0400, current loss (val) 22.2285
Epoch 122, current loss (training) 0.0451, current loss (val) 23.5343
Epoch 123, current loss (training) 0.0402, current loss (val) 22.5729
Epoch 124, current loss (training) 0.0318, current loss (val) 22.7316
Epoch 125, current loss (training) 0.0255, current loss (val) 22.7762
Epoch 126, current loss (training) 0.0213, current loss (val) 23.0455
Epoch 127, current loss (training) 0.0146, current loss (val) 22.6549
Epoch 128, current loss (training) 0.0217, current loss (val) 23.1347
Epoch 129, current loss (training) 0.0189, current loss (val) 22.4536
Epoch 130, current loss (training) 0.0243, current loss (val) 23.5357
Epoch 131, current loss (training) 0.0174, current loss (val) 22.4245
Epoch 132, current loss (training) 0.0134, current loss (val) 23.0505
Epoch 133, current loss (training) 0.0112, current loss (val) 22.8708
Epoch 134, current loss (training) 0.0111, current loss (val) 23.0529
Epoch 135, current loss (training) 0.0111, current loss (val) 22.7720
Epoch 136, current loss (training) 0.0126, current loss (val) 23.1221
Epoch 137, current loss (training) 0.0140, current loss (val) 22.5176
Epoch 138, current loss (training) 0.0150, current loss (val) 22.6854
Epoch 139, current loss (training) 0.0219, current loss (val) 23.5978
Epoch 140, current loss (training) 0.0155, current loss (val) 22.4256
Epoch 141, current loss (training) 0.0119, current loss (val) 23.1229
Epoch 142, current loss (training) 0.0087, current loss (val) 22.6825
Epoch 143, current loss (training) 0.0076, current loss (val) 23.0211
Epoch 144, current loss (training) 0.0100, current loss (val) 22.9862
Epoch 145, current loss (training) 0.0078, current loss (val) 22.9092
Epoch 146, current loss (training) 0.0089, current loss (val) 22.9178
Epoch 147, current loss (training) 0.0081, current loss (val) 22.6200
Epoch 148, current loss (training) 0.0315, current loss (val) 24.0265
Epoch 149, current loss (training) 0.0445, current loss (val) 21.6147
Epoch 150, current loss (training) 0.0473, current loss (val) 24.3442
Epoch 151, current loss (training) 0.0305, current loss (val) 22.7963
Epoch 152, current loss (training) 0.0241, current loss (val) 22.8374
Epoch 153, current loss (training) 0.0229, current loss (val) 22.6146
Epoch 154, current loss (training) 0.0274, current loss (val) 22.1570
Epoch 155, current loss (training) 0.0515, current loss (val) 24.3227
Epoch 156, current loss (training) 0.0439, current loss (val) 21.9147
Epoch 157, current loss (training) 0.0256, current loss (val) 23.3296
Epoch 158, current loss (training) 0.0339, current loss (val) 21.8728
Epoch 159, current loss (training) 0.0245, current loss (val) 22.3927
Epoch 160, current loss (training) 0.0353, current loss (val) 23.1316
Epoch 161, current loss (training) 0.0221, current loss (val) 22.5870
Epoch 162, current loss (training) 0.0175, current loss (val) 22.6415
Epoch 163, current loss (training) 0.0170, current loss (val) 23.1608
Epoch 164, current loss (training) 0.0122, current loss (val) 22.6459
Epoch 165, current loss (training) 0.0139, current loss (val) 22.6670
Epoch 166, current loss (training) 0.0156, current loss (val) 23.1186
Epoch 167, current loss (training) 0.0116, current loss (val) 23.0239
Epoch 168, current loss (training) 0.0092, current loss (val) 22.4378
Epoch 169, current loss (training) 0.0075, current loss (val) 23.1154
Epoch 170, current loss (training) 0.0085, current loss (val) 22.5152
Epoch 171, current loss (training) 0.0080, current loss (val) 23.0451
Epoch 172, current loss (training) 0.0079, current loss (val) 23.0027
Epoch 173, current loss (training) 0.0105, current loss (val) 22.5964
Epoch 174, current loss (training) 0.0060, current loss (val) 22.8844
Epoch 175, current loss (training) 0.0071, current loss (val) 23.2097
Epoch 176, current loss (training) 0.0056, current loss (val) 22.6744
Epoch 177, current loss (training) 0.0089, current loss (val) 23.2694
Epoch 178, current loss (training) 0.0094, current loss (val) 22.8048
Epoch 179, current loss (training) 0.0067, current loss (val) 22.9253
Epoch 180, current loss (training) 0.0119, current loss (val) 22.3714
Epoch 181, current loss (training) 0.0083, current loss (val) 23.2314
Epoch 182, current loss (training) 0.0116, current loss (val) 23.4443
Epoch 183, current loss (training) 0.0066, current loss (val) 22.7931
Epoch 184, current loss (training) 0.0072, current loss (val) 22.8972
Epoch 185, current loss (training) 0.0063, current loss (val) 23.0807
Epoch 186, current loss (training) 0.0047, current loss (val) 23.0343
Epoch 187, current loss (training) 0.0045, current loss (val) 22.8651
Epoch 188, current loss (training) 0.0037, current loss (val) 22.8982
Epoch 189, current loss (training) 0.0056, current loss (val) 23.1176
Epoch 190, current loss (training) 0.0041, current loss (val) 22.9292
Epoch 191, current loss (training) 0.0043, current loss (val) 23.0631
Epoch 192, current loss (training) 0.0049, current loss (val) 22.8176
Epoch 193, current loss (training) 0.0079, current loss (val) 23.3717
Epoch 194, current loss (training) 0.0091, current loss (val) 23.3842
Epoch 195, current loss (training) 0.0065, current loss (val) 22.7246
Epoch 196, current loss (training) 0.0101, current loss (val) 22.5760
Epoch 197, current loss (training) 0.0058, current loss (val) 23.2434
Epoch 198, current loss (training) 0.0094, current loss (val) 22.9612
Epoch 199, current loss (training) 0.0092, current loss (val) 23.4632
Epoch 200, current loss (training) 0.0083, current loss (val) 22.8275
Epoch 201, current loss (training) 0.0054, current loss (val) 23.0286
Epoch 202, current loss (training) 0.0064, current loss (val) 22.9071
Epoch 203, current loss (training) 0.0052, current loss (val) 22.9238
Epoch 204, current loss (training) 0.0068, current loss (val) 22.6259
Epoch 205, current loss (training) 0.0049, current loss (val) 23.0040
Epoch 206, current loss (training) 0.0043, current loss (val) 22.9218
Epoch 207, current loss (training) 0.0040, current loss (val) 22.9965
Epoch 208, current loss (training) 0.0054, current loss (val) 22.8393
Epoch 209, current loss (training) 0.0064, current loss (val) 23.1332
Epoch 210, current loss (training) 0.0062, current loss (val) 22.7797
Epoch 211, current loss (training) 0.0068, current loss (val) 23.4730
Epoch 212, current loss (training) 0.0064, current loss (val) 23.1275
Epoch 213, current loss (training) 0.0059, current loss (val) 23.3837
Epoch 214, current loss (training) 0.0088, current loss (val) 23.6385
Epoch 215, current loss (training) 0.0250, current loss (val) 23.5686
Epoch 216, current loss (training) 0.0635, current loss (val) 24.8122
Epoch 217, current loss (training) 0.0410, current loss (val) 23.6198
Epoch 218, current loss (training) 0.0378, current loss (val) 22.9720
Epoch 219, current loss (training) 0.1208, current loss (val) 21.6443
Epoch 220, current loss (training) 0.1876, current loss (val) 20.7541
Epoch 221, current loss (training) 0.4356, current loss (val) 18.9657
Epoch 222, current loss (training) 0.3676, current loss (val) 28.5802
Epoch 223, current loss (training) 0.8047, current loss (val) 18.9412
Epoch 224, current loss (training) 0.7975, current loss (val) 28.1228
Epoch 225, current loss (training) 1.7522, current loss (val) 16.3960
Epoch 226, current loss (training) 0.8799, current loss (val) 24.4516
Epoch 227, current loss (training) 0.5799, current loss (val) 20.2785
Epoch 228, current loss (training) 0.3401, current loss (val) 22.5062
Epoch 229, current loss (training) 0.2542, current loss (val) 23.0949
Epoch 230, current loss (training) 0.1783, current loss (val) 22.1336
Epoch 231, current loss (training) 0.1561, current loss (val) 22.3032
Epoch 232, current loss (training) 0.2526, current loss (val) 24.6953
Epoch 233, current loss (training) 0.1246, current loss (val) 21.5659
Epoch 234, current loss (training) 0.1116, current loss (val) 24.8941
Epoch 235, current loss (training) 0.0891, current loss (val) 21.7591
Epoch 236, current loss (training) 0.1087, current loss (val) 25.1841
Epoch 237, current loss (training) 0.0530, current loss (val) 22.3350
Epoch 238, current loss (training) 0.0497, current loss (val) 23.1287
Epoch 239, current loss (training) 0.0397, current loss (val) 22.7701
Epoch 240, current loss (training) 0.0351, current loss (val) 22.8016
Epoch 241, current loss (training) 0.0186, current loss (val) 22.9039
Epoch 242, current loss (training) 0.0137, current loss (val) 22.9878
Epoch 243, current loss (training) 0.0121, current loss (val) 22.7611
Epoch 244, current loss (training) 0.0100, current loss (val) 22.8839
Epoch 245, current loss (training) 0.0107, current loss (val) 22.6398
Epoch 246, current loss (training) 0.0078, current loss (val) 22.9907
Epoch 247, current loss (training) 0.0086, current loss (val) 22.8354
Epoch 248, current loss (training) 0.0071, current loss (val) 22.8243
Epoch 249, current loss (training) 0.0058, current loss (val) 22.8871
Epoch 250, current loss (training) 0.0048, current loss (val) 22.8637
Epoch 251, current loss (training) 0.0043, current loss (val) 22.9313
Epoch 252, current loss (training) 0.0055, current loss (val) 22.9392
Epoch 253, current loss (training) 0.0044, current loss (val) 22.7292
Epoch 254, current loss (training) 0.0042, current loss (val) 22.9726
Epoch 255, current loss (training) 0.0059, current loss (val) 22.5879
Epoch 256, current loss (training) 0.0041, current loss (val) 23.2107
Epoch 257, current loss (training) 0.0044, current loss (val) 22.6908
Epoch 258, current loss (training) 0.0035, current loss (val) 23.0264
Epoch 259, current loss (training) 0.0037, current loss (val) 22.7577
Epoch 260, current loss (training) 0.0025, current loss (val) 22.8815
Epoch 261, current loss (training) 0.0034, current loss (val) 22.9183
Epoch 262, current loss (training) 0.0032, current loss (val) 22.8663
Epoch 263, current loss (training) 0.0031, current loss (val) 22.8138
Epoch 264, current loss (training) 0.0044, current loss (val) 22.7987
Epoch 265, current loss (training) 0.0030, current loss (val) 22.8299
Epoch 266, current loss (training) 0.0031, current loss (val) 22.9547
Epoch 267, current loss (training) 0.0029, current loss (val) 22.9453
Epoch 268, current loss (training) 0.0036, current loss (val) 22.9158
Epoch 269, current loss (training) 0.0024, current loss (val) 22.8188
Epoch 270, current loss (training) 0.0024, current loss (val) 22.8463
Epoch 271, current loss (training) 0.0029, current loss (val) 22.8036
Epoch 272, current loss (training) 0.0024, current loss (val) 22.7942
Epoch 273, current loss (training) 0.0026, current loss (val) 22.9873
Epoch 274, current loss (training) 0.0018, current loss (val) 22.8634
Epoch 275, current loss (training) 0.0022, current loss (val) 22.9237
Epoch 276, current loss (training) 0.0031, current loss (val) 22.9296
Epoch 277, current loss (training) 0.0023, current loss (val) 22.8982
Epoch 278, current loss (training) 0.0023, current loss (val) 22.8415
Epoch 279, current loss (training) 0.0021, current loss (val) 22.7403
Epoch 280, current loss (training) 0.0018, current loss (val) 23.0201
Epoch 281, current loss (training) 0.0026, current loss (val) 22.7269
Epoch 282, current loss (training) 0.0031, current loss (val) 23.1644
Epoch 283, current loss (training) 0.0018, current loss (val) 22.8696
Epoch 284, current loss (training) 0.0023, current loss (val) 22.9101
Epoch 285, current loss (training) 0.0026, current loss (val) 23.1794
Epoch 286, current loss (training) 0.0030, current loss (val) 22.7276
Epoch 287, current loss (training) 0.0036, current loss (val) 22.7902
Epoch 288, current loss (training) 0.0019, current loss (val) 22.8331
Epoch 289, current loss (training) 0.0023, current loss (val) 22.9722
Epoch 290, current loss (training) 0.0028, current loss (val) 22.8367
Epoch 291, current loss (training) 0.0021, current loss (val) 22.8875
Epoch 292, current loss (training) 0.0023, current loss (val) 22.8514
Epoch 293, current loss (training) 0.0014, current loss (val) 22.8938
Epoch 294, current loss (training) 0.0017, current loss (val) 22.9670
Epoch 295, current loss (training) 0.0020, current loss (val) 22.9488
Epoch 296, current loss (training) 0.0017, current loss (val) 22.7581
Epoch 297, current loss (training) 0.0021, current loss (val) 22.7545
Epoch 298, current loss (training) 0.0023, current loss (val) 23.0505
Epoch 299, current loss (training) 0.0027, current loss (val) 22.9760
Epoch 300, current loss (training) 0.0018, current loss (val) 22.9063
Epoch 301, current loss (training) 0.0019, current loss (val) 22.9596
Epoch 302, current loss (training) 0.0020, current loss (val) 23.0384
Epoch 303, current loss (training) 0.0015, current loss (val) 22.9633
Epoch 304, current loss (training) 0.0016, current loss (val) 22.9997
Epoch 305, current loss (training) 0.0025, current loss (val) 22.7508
Epoch 306, current loss (training) 0.0017, current loss (val) 22.8183
Epoch 307, current loss (training) 0.0020, current loss (val) 22.9490
Epoch 308, current loss (training) 0.0021, current loss (val) 23.0321
Epoch 309, current loss (training) 0.0019, current loss (val) 22.7915
Epoch 310, current loss (training) 0.0021, current loss (val) 23.0752
Epoch 311, current loss (training) 0.0011, current loss (val) 22.8926
Epoch 312, current loss (training) 0.0016, current loss (val) 22.9908
Epoch 313, current loss (training) 0.0011, current loss (val) 22.9519
Epoch 314, current loss (training) 0.0015, current loss (val) 22.8357
Epoch 315, current loss (training) 0.0013, current loss (val) 22.9430
Epoch 316, current loss (training) 0.0013, current loss (val) 23.1171
Epoch 317, current loss (training) 0.0008, current loss (val) 22.8616
Epoch 318, current loss (training) 0.0014, current loss (val) 22.9438
Epoch 319, current loss (training) 0.0013, current loss (val) 22.9765
Epoch 320, current loss (training) 0.0016, current loss (val) 22.8269
Epoch 321, current loss (training) 0.0017, current loss (val) 23.1414
Epoch 322, current loss (training) 0.0011, current loss (val) 22.9897
Epoch 323, current loss (training) 0.0027, current loss (val) 22.7699
Epoch 324, current loss (training) 0.0074, current loss (val) 22.5965
Epoch 325, current loss (training) 0.0043, current loss (val) 22.6748
Epoch 326, current loss (training) 0.0040, current loss (val) 23.0585
Epoch 327, current loss (training) 0.0026, current loss (val) 22.9718
Epoch 328, current loss (training) 0.0025, current loss (val) 23.0717
Epoch 329, current loss (training) 0.0025, current loss (val) 23.1473
Epoch 330, current loss (training) 0.0044, current loss (val) 22.9617
Epoch 331, current loss (training) 0.0041, current loss (val) 23.0826
Epoch 332, current loss (training) 0.0031, current loss (val) 22.8656
Epoch 333, current loss (training) 0.0030, current loss (val) 23.1691
Epoch 334, current loss (training) 0.0063, current loss (val) 23.3745
Epoch 335, current loss (training) 0.0079, current loss (val) 23.1814
Epoch 336, current loss (training) 0.0043, current loss (val) 23.0523
Epoch 337, current loss (training) 0.0098, current loss (val) 22.4414
Epoch 338, current loss (training) 0.0100, current loss (val) 22.5069
Epoch 339, current loss (training) 0.0132, current loss (val) 22.9982
Epoch 340, current loss (training) 0.0265, current loss (val) 23.3375
Epoch 341, current loss (training) 0.0360, current loss (val) 23.8805
Epoch 342, current loss (training) 0.0284, current loss (val) 23.5373
Epoch 343, current loss (training) 0.0320, current loss (val) 22.1937
Epoch 344, current loss (training) 0.0304, current loss (val) 22.5965
Epoch 345, current loss (training) 0.0271, current loss (val) 22.3367
Epoch 346, current loss (training) 0.0333, current loss (val) 22.2271
Epoch 347, current loss (training) 0.0150, current loss (val) 23.4373
Epoch 348, current loss (training) 0.0281, current loss (val) 22.9701
Epoch 349, current loss (training) 0.0164, current loss (val) 23.6415
Epoch 350, current loss (training) 0.0118, current loss (val) 22.5249
Epoch 351, current loss (training) 0.0117, current loss (val) 22.8291
Epoch 352, current loss (training) 0.0105, current loss (val) 23.6830
Epoch 353, current loss (training) 0.0145, current loss (val) 23.2440
Epoch 354, current loss (training) 0.0078, current loss (val) 23.2420
Epoch 355, current loss (training) 0.0085, current loss (val) 23.0687
Epoch 356, current loss (training) 0.0142, current loss (val) 22.2447
Epoch 357, current loss (training) 0.0117, current loss (val) 23.5013
Epoch 358, current loss (training) 0.0214, current loss (val) 23.6571
Epoch 359, current loss (training) 0.0214, current loss (val) 23.9341
Epoch 360, current loss (training) 0.0174, current loss (val) 23.0526
Epoch 361, current loss (training) 0.0387, current loss (val) 21.8406
Epoch 362, current loss (training) 0.0129, current loss (val) 23.1177
Epoch 363, current loss (training) 0.0647, current loss (val) 24.1227
Epoch 364, current loss (training) 0.0832, current loss (val) 24.3092
Epoch 365, current loss (training) 0.1100, current loss (val) 21.4434
Epoch 366, current loss (training) 0.0632, current loss (val) 22.5279
Epoch 367, current loss (training) 0.0967, current loss (val) 22.9001
Epoch 368, current loss (training) 0.0440, current loss (val) 23.2096
Epoch 369, current loss (training) 0.0944, current loss (val) 23.0530
Epoch 370, current loss (training) 0.0358, current loss (val) 22.3899
Epoch 371, current loss (training) 0.0626, current loss (val) 22.4419
Epoch 372, current loss (training) 0.0363, current loss (val) 21.8857
Epoch 373, current loss (training) 0.0443, current loss (val) 22.2431
Epoch 374, current loss (training) 0.1189, current loss (val) 24.3036
Epoch 375, current loss (training) 0.0882, current loss (val) 23.8390
Epoch 376, current loss (training) 0.5934, current loss (val) 19.0418
Epoch 377, current loss (training) 3.4797, current loss (val) 28.0491
Epoch 378, current loss (training) 1.6239, current loss (val) 18.7243
Epoch 379, current loss (training) 1.2295, current loss (val) 22.0387
Epoch 380, current loss (training) 0.8672, current loss (val) 21.0621
Epoch 381, current loss (training) 0.5826, current loss (val) 20.7635
Epoch 382, current loss (training) 0.3953, current loss (val) 23.7073
Epoch 383, current loss (training) 0.3643, current loss (val) 20.2936
Epoch 384, current loss (training) 0.2995, current loss (val) 25.3444
Epoch 385, current loss (training) 0.1894, current loss (val) 21.6042
Epoch 386, current loss (training) 0.1781, current loss (val) 21.8509
Epoch 387, current loss (training) 0.0875, current loss (val) 22.5734
Epoch 388, current loss (training) 0.1091, current loss (val) 22.3259
Epoch 389, current loss (training) 0.0788, current loss (val) 22.4023
Epoch 390, current loss (training) 0.0875, current loss (val) 21.0132
Epoch 391, current loss (training) 0.0589, current loss (val) 23.2198
Epoch 392, current loss (training) 0.0392, current loss (val) 22.1169
Epoch 393, current loss (training) 0.0669, current loss (val) 21.1251
Epoch 394, current loss (training) 0.0205, current loss (val) 22.4070
Epoch 395, current loss (training) 0.0361, current loss (val) 22.4020
Epoch 396, current loss (training) 0.0339, current loss (val) 21.7711
Epoch 397, current loss (training) 0.0250, current loss (val) 21.3051
Epoch 398, current loss (training) 0.0410, current loss (val) 23.6103
Epoch 399, current loss (training) 0.0175, current loss (val) 21.4663
Epoch 400, current loss (training) 0.0201, current loss (val) 21.8055
Epoch 401, current loss (training) 0.0135, current loss (val) 21.9429
Epoch 402, current loss (training) 0.0101, current loss (val) 21.9572
Epoch 403, current loss (training) 0.0093, current loss (val) 21.8368
Epoch 404, current loss (training) 0.0069, current loss (val) 22.0649
Epoch 405, current loss (training) 0.0062, current loss (val) 22.2473
Epoch 406, current loss (training) 0.0077, current loss (val) 21.5455
Epoch 407, current loss (training) 0.0054, current loss (val) 22.2478
Epoch 408, current loss (training) 0.0051, current loss (val) 21.6864
Epoch 409, current loss (training) 0.0063, current loss (val) 22.4179
Epoch 410, current loss (training) 0.0057, current loss (val) 21.5757
Epoch 411, current loss (training) 0.0035, current loss (val) 22.2259
Epoch 412, current loss (training) 0.0043, current loss (val) 22.0490
Epoch 413, current loss (training) 0.0025, current loss (val) 21.8032
Epoch 414, current loss (training) 0.0026, current loss (val) 22.1524
Epoch 415, current loss (training) 0.0021, current loss (val) 21.8319
Epoch 416, current loss (training) 0.0028, current loss (val) 22.0854
Epoch 417, current loss (training) 0.0021, current loss (val) 22.0105
Epoch 418, current loss (training) 0.0022, current loss (val) 21.9451
Epoch 419, current loss (training) 0.0019, current loss (val) 21.9431
Epoch 420, current loss (training) 0.0023, current loss (val) 22.1131
Epoch 421, current loss (training) 0.0018, current loss (val) 21.9740
Epoch 422, current loss (training) 0.0018, current loss (val) 21.8764
Epoch 423, current loss (training) 0.0019, current loss (val) 22.0317
Epoch 424, current loss (training) 0.0013, current loss (val) 21.9366
Epoch 425, current loss (training) 0.0013, current loss (val) 21.9761
Epoch 426, current loss (training) 0.0016, current loss (val) 22.0172
Epoch 427, current loss (training) 0.0016, current loss (val) 21.9116
Epoch 428, current loss (training) 0.0015, current loss (val) 21.9533
Epoch 429, current loss (training) 0.0010, current loss (val) 22.0328
Epoch 430, current loss (training) 0.0013, current loss (val) 21.9444
Epoch 431, current loss (training) 0.0013, current loss (val) 21.9279
Epoch 432, current loss (training) 0.0014, current loss (val) 21.9885
Epoch 433, current loss (training) 0.0014, current loss (val) 21.9207
Epoch 434, current loss (training) 0.0011, current loss (val) 21.9457
Epoch 435, current loss (training) 0.0013, current loss (val) 22.0045
Epoch 436, current loss (training) 0.0009, current loss (val) 21.8704
Epoch 437, current loss (training) 0.0011, current loss (val) 22.0002
Epoch 438, current loss (training) 0.0009, current loss (val) 21.9150
Epoch 439, current loss (training) 0.0011, current loss (val) 22.0123
Epoch 440, current loss (training) 0.0009, current loss (val) 21.8987
Epoch 441, current loss (training) 0.0013, current loss (val) 21.9789
Epoch 442, current loss (training) 0.0011, current loss (val) 21.9359
Epoch 443, current loss (training) 0.0010, current loss (val) 21.9293
Epoch 444, current loss (training) 0.0012, current loss (val) 21.9536
Epoch 445, current loss (training) 0.0011, current loss (val) 21.8892
Epoch 446, current loss (training) 0.0008, current loss (val) 21.9537
Epoch 447, current loss (training) 0.0007, current loss (val) 21.9363
Epoch 448, current loss (training) 0.0010, current loss (val) 21.9799
Epoch 449, current loss (training) 0.0008, current loss (val) 21.9496
Epoch 450, current loss (training) 0.0008, current loss (val) 21.8763
Epoch 451, current loss (training) 0.0008, current loss (val) 21.9673
Epoch 452, current loss (training) 0.0009, current loss (val) 21.9136
Epoch 453, current loss (training) 0.0005, current loss (val) 21.9256
Epoch 454, current loss (training) 0.0015, current loss (val) 21.9750
Epoch 455, current loss (training) 0.0007, current loss (val) 21.9041
Epoch 456, current loss (training) 0.0007, current loss (val) 21.9162
Epoch 457, current loss (training) 0.0011, current loss (val) 22.0020
Epoch 458, current loss (training) 0.0010, current loss (val) 21.8849
Epoch 459, current loss (training) 0.0009, current loss (val) 21.9909
Epoch 460, current loss (training) 0.0009, current loss (val) 21.9437
Epoch 461, current loss (training) 0.0010, current loss (val) 21.9579
Epoch 462, current loss (training) 0.0008, current loss (val) 21.9314
Epoch 463, current loss (training) 0.0007, current loss (val) 21.9168
Epoch 464, current loss (training) 0.0009, current loss (val) 21.9826
Epoch 465, current loss (training) 0.0008, current loss (val) 21.9752
Epoch 466, current loss (training) 0.0006, current loss (val) 21.8926
Epoch 467, current loss (training) 0.0009, current loss (val) 21.9655
Epoch 468, current loss (training) 0.0008, current loss (val) 21.9081
Epoch 469, current loss (training) 0.0010, current loss (val) 22.0504
Epoch 470, current loss (training) 0.0009, current loss (val) 21.9057
Epoch 471, current loss (training) 0.0006, current loss (val) 21.9770
Epoch 472, current loss (training) 0.0008, current loss (val) 21.9245
Epoch 473, current loss (training) 0.0008, current loss (val) 21.9609
Epoch 474, current loss (training) 0.0008, current loss (val) 21.9345
Epoch 475, current loss (training) 0.0008, current loss (val) 22.0604
Epoch 476, current loss (training) 0.0008, current loss (val) 21.8272
Epoch 477, current loss (training) 0.0008, current loss (val) 22.1050
Epoch 478, current loss (training) 0.0009, current loss (val) 21.8220
Epoch 479, current loss (training) 0.0007, current loss (val) 22.0771
Epoch 480, current loss (training) 0.0010, current loss (val) 21.9009
Epoch 481, current loss (training) 0.0007, current loss (val) 21.9522
Epoch 482, current loss (training) 0.0013, current loss (val) 22.0160
Epoch 483, current loss (training) 0.0011, current loss (val) 21.8136
Epoch 484, current loss (training) 0.0012, current loss (val) 22.1097
Epoch 485, current loss (training) 0.0009, current loss (val) 21.9642
Epoch 486, current loss (training) 0.0008, current loss (val) 21.8068
Epoch 487, current loss (training) 0.0007, current loss (val) 21.9895
Epoch 488, current loss (training) 0.0010, current loss (val) 22.0324
Epoch 489, current loss (training) 0.0006, current loss (val) 21.8542
Epoch 490, current loss (training) 0.0009, current loss (val) 22.1121
Epoch 491, current loss (training) 0.0008, current loss (val) 21.9074
Epoch 492, current loss (training) 0.0010, current loss (val) 21.8317
Epoch 493, current loss (training) 0.0008, current loss (val) 22.1618
Epoch 494, current loss (training) 0.0012, current loss (val) 21.8888
Epoch 495, current loss (training) 0.0010, current loss (val) 21.7783
Epoch 496, current loss (training) 0.0013, current loss (val) 22.2054
Epoch 497, current loss (training) 0.0005, current loss (val) 21.9140
Epoch 498, current loss (training) 0.0009, current loss (val) 21.8673
Epoch 499, current loss (training) 0.0008, current loss (val) 22.0981
Epoch 500, current loss (training) 0.0006, current loss (val) 21.9134
run_time_first_training_cycle:  28.17 

Epochs 500, batch size, 200
Nbr training obs 1000, nbr parameters 2504504, obs/parameters 0.00

Starting abc-rs
Percentage done:  10.00 %
Percentage done:  20.00 %
Percentage done:  30.00 %
Percentage done:  40.00 %
Percentage done:  50.00 %
Percentage done:  60.00 %
Percentage done:  70.00 %
Percentage done:  80.00 %
Percentage done:  90.00 %
Percentage done:  100.00 %
Ending abc-rs
end script
Round:1
Round:5
Starting abc-rs
Percentage done:  10.00 %
Percentage done:  20.00 %
Percentage done:  30.00 %
Percentage done:  40.00 %
Percentage done:  50.00 %
Percentage done:  60.00 %
Percentage done:  70.00 %
Percentage done:  80.00 %
Percentage done:  90.00 %
Percentage done:  100.00 %
Ending abc-rs
215.458635 seconds (4.98 M allocations: 2.522 GiB, 0.20% gc time)
Round:9
Starting abc-rs
Percentage done:  10.00 %
Percentage done:  20.00 %
Percentage done:  30.00 %
Percentage done:  40.00 %
Percentage done:  50.00 %
Percentage done:  60.00 %
Percentage done:  70.00 %
Percentage done:  80.00 %
Percentage done:  90.00 %
Percentage done:  100.00 %
Ending abc-rs
207.880699 seconds (2.80 M allocations: 2.421 GiB, 0.13% gc time)
Round:13
Starting abc-rs
Percentage done:  10.00 %
Percentage done:  20.00 %
Percentage done:  30.00 %
Percentage done:  40.00 %
Percentage done:  50.00 %
Percentage done:  60.00 %
Percentage done:  70.00 %
Percentage done:  80.00 %
Percentage done:  90.00 %
Percentage done:  100.00 %
Ending abc-rs
215.549306 seconds (2.80 M allocations: 2.421 GiB, 0.13% gc time)
Round:17
Starting abc-rs
Percentage done:  10.00 %
Percentage done:  20.00 %
Percentage done:  30.00 %
Percentage done:  40.00 %
Percentage done:  50.00 %
Percentage done:  60.00 %
Percentage done:  70.00 %
Percentage done:  80.00 %
Percentage done:  90.00 %
Percentage done:  100.00 %
Ending abc-rs
217.704524 seconds (2.80 M allocations: 2.421 GiB, 0.14% gc time)
Round:21
Starting abc-rs
Percentage done:  10.00 %
Percentage done:  20.00 %
Percentage done:  30.00 %
Percentage done:  40.00 %
Percentage done:  50.00 %
Percentage done:  60.00 %
Percentage done:  70.00 %
Percentage done:  80.00 %
Percentage done:  90.00 %
Percentage done:  100.00 %
Ending abc-rs
209.293688 seconds (2.80 M allocations: 2.421 GiB, 0.11% gc time)
Round:25
Starting abc-rs
Percentage done:  10.00 %
Percentage done:  20.00 %
Percentage done:  30.00 %
Percentage done:  40.00 %
Percentage done:  50.00 %
Percentage done:  60.00 %
Percentage done:  70.00 %
Percentage done:  80.00 %
Percentage done:  90.00 %
Percentage done:  100.00 %
Ending abc-rs
208.701670 seconds (2.80 M allocations: 2.421 GiB, 0.11% gc time)
Round:29
Starting abc-rs
Percentage done:  10.00 %
Percentage done:  20.00 %
Percentage done:  30.00 %
Percentage done:  40.00 %
Percentage done:  50.00 %
Percentage done:  60.00 %
Percentage done:  70.00 %
Percentage done:  80.00 %
Percentage done:  90.00 %
Percentage done:  100.00 %
Ending abc-rs
207.694110 seconds (2.80 M allocations: 2.421 GiB, 0.11% gc time)
Round:33
Starting abc-rs
Percentage done:  10.00 %
Percentage done:  20.00 %
Percentage done:  30.00 %
Percentage done:  40.00 %
Percentage done:  50.00 %
Percentage done:  60.00 %
Percentage done:  70.00 %
Percentage done:  80.00 %
Percentage done:  90.00 %
Percentage done:  100.00 %
Ending abc-rs
207.927401 seconds (2.80 M allocations: 2.421 GiB, 0.13% gc time)
Round:37
Starting abc-rs
Percentage done:  10.00 %
Percentage done:  20.00 %
Percentage done:  30.00 %
Percentage done:  40.00 %
Percentage done:  50.00 %
Percentage done:  60.00 %
Percentage done:  70.00 %
Percentage done:  80.00 %
Percentage done:  90.00 %
Percentage done:  100.00 %
Ending abc-rs
207.753734 seconds (2.80 M allocations: 2.421 GiB, 0.13% gc time)
Round:41
Starting abc-rs
Percentage done:  10.00 %
Percentage done:  20.00 %
Percentage done:  30.00 %
Percentage done:  40.00 %
Percentage done:  50.00 %
Percentage done:  60.00 %
Percentage done:  70.00 %
Percentage done:  80.00 %
Percentage done:  90.00 %
Percentage done:  100.00 %
Ending abc-rs
208.450850 seconds (2.80 M allocations: 2.421 GiB, 0.11% gc time)
Round:45
Starting abc-rs
Percentage done:  10.00 %
Percentage done:  20.00 %
Percentage done:  30.00 %
Percentage done:  40.00 %
Percentage done:  50.00 %
Percentage done:  60.00 %
Percentage done:  70.00 %
Percentage done:  80.00 %
Percentage done:  90.00 %
Percentage done:  100.00 %
Ending abc-rs
207.680145 seconds (2.80 M allocations: 2.421 GiB, 0.12% gc time)
Round:49
Starting abc-rs
Percentage done:  10.00 %
Percentage done:  20.00 %
Percentage done:  30.00 %
Percentage done:  40.00 %
Percentage done:  50.00 %
Percentage done:  60.00 %
Percentage done:  70.00 %
Percentage done:  80.00 %
Percentage done:  90.00 %
Percentage done:  100.00 %
Ending abc-rs
207.894744 seconds (2.80 M allocations: 2.421 GiB, 0.11% gc time)
Round:53
Starting abc-rs
Percentage done:  10.00 %
Percentage done:  20.00 %
Percentage done:  30.00 %
Percentage done:  40.00 %
Percentage done:  50.00 %
Percentage done:  60.00 %
Percentage done:  70.00 %
Percentage done:  80.00 %
Percentage done:  90.00 %
Percentage done:  100.00 %
Ending abc-rs
206.411940 seconds (2.80 M allocations: 2.421 GiB, 0.12% gc time)
Round:57
Starting abc-rs
Percentage done:  10.00 %
Percentage done:  20.00 %
Percentage done:  30.00 %
Percentage done:  40.00 %
Percentage done:  50.00 %
Percentage done:  60.00 %
Percentage done:  70.00 %
Percentage done:  80.00 %
Percentage done:  90.00 %
Percentage done:  100.00 %
Ending abc-rs
206.352777 seconds (2.80 M allocations: 2.421 GiB, 0.13% gc time)
Round:61
Starting abc-rs
Percentage done:  10.00 %
Percentage done:  20.00 %
Percentage done:  30.00 %
Percentage done:  40.00 %
Percentage done:  50.00 %
Percentage done:  60.00 %
Percentage done:  70.00 %
Percentage done:  80.00 %
Percentage done:  90.00 %
Percentage done:  100.00 %
Ending abc-rs
206.271155 seconds (2.80 M allocations: 2.421 GiB, 0.13% gc time)
Round:65
Starting abc-rs
Percentage done:  10.00 %
Percentage done:  20.00 %
Percentage done:  30.00 %
Percentage done:  40.00 %
Percentage done:  50.00 %
Percentage done:  60.00 %
Percentage done:  70.00 %
Percentage done:  80.00 %
Percentage done:  90.00 %
Percentage done:  100.00 %
Ending abc-rs
206.257956 seconds (2.80 M allocations: 2.421 GiB, 0.12% gc time)
Round:69
Starting abc-rs
Percentage done:  10.00 %
Percentage done:  20.00 %
Percentage done:  30.00 %
Percentage done:  40.00 %
Percentage done:  50.00 %
Percentage done:  60.00 %
Percentage done:  70.00 %
Percentage done:  80.00 %
Percentage done:  90.00 %
Percentage done:  100.00 %
Ending abc-rs
206.943988 seconds (2.80 M allocations: 2.421 GiB, 0.12% gc time)
Round:73
Starting abc-rs
Percentage done:  10.00 %
Percentage done:  20.00 %
Percentage done:  30.00 %
Percentage done:  40.00 %
Percentage done:  50.00 %
Percentage done:  60.00 %
Percentage done:  70.00 %
Percentage done:  80.00 %
Percentage done:  90.00 %
Percentage done:  100.00 %
Ending abc-rs
208.062441 seconds (2.80 M allocations: 2.421 GiB, 0.11% gc time)
Round:77
Starting abc-rs
Percentage done:  10.00 %
Percentage done:  20.00 %
Percentage done:  30.00 %
Percentage done:  40.00 %
Percentage done:  50.00 %
Percentage done:  60.00 %
Percentage done:  70.00 %
Percentage done:  80.00 %
Percentage done:  90.00 %
Percentage done:  100.00 %
Ending abc-rs
208.270605 seconds (2.80 M allocations: 2.421 GiB, 0.11% gc time)
Round:81
Starting abc-rs
Percentage done:  10.00 %
Percentage done:  20.00 %
Percentage done:  30.00 %
Percentage done:  40.00 %
Percentage done:  50.00 %
Percentage done:  60.00 %
Percentage done:  70.00 %
Percentage done:  80.00 %
Percentage done:  90.00 %
Percentage done:  100.00 %
Ending abc-rs
207.601918 seconds (2.80 M allocations: 2.421 GiB, 0.12% gc time)
Round:85
Starting abc-rs
Percentage done:  10.00 %
Percentage done:  20.00 %
Percentage done:  30.00 %
Percentage done:  40.00 %
Percentage done:  50.00 %
Percentage done:  60.00 %
Percentage done:  70.00 %
Percentage done:  80.00 %
Percentage done:  90.00 %
Percentage done:  100.00 %
Ending abc-rs
206.406398 seconds (2.80 M allocations: 2.421 GiB, 0.13% gc time)
Round:89
Starting abc-rs
Percentage done:  10.00 %
Percentage done:  20.00 %
Percentage done:  30.00 %
Percentage done:  40.00 %
Percentage done:  50.00 %
Percentage done:  60.00 %
Percentage done:  70.00 %
Percentage done:  80.00 %
Percentage done:  90.00 %
Percentage done:  100.00 %
Ending abc-rs
207.171903 seconds (2.80 M allocations: 2.421 GiB, 0.13% gc time)
Round:93
Starting abc-rs
Percentage done:  10.00 %
Percentage done:  20.00 %
Percentage done:  30.00 %
Percentage done:  40.00 %
Percentage done:  50.00 %
Percentage done:  60.00 %
Percentage done:  70.00 %
Percentage done:  80.00 %
Percentage done:  90.00 %
Percentage done:  100.00 %
Ending abc-rs
207.479386 seconds (2.80 M allocations: 2.421 GiB, 0.12% gc time)
Round:97
Starting abc-rs
Percentage done:  10.00 %
Percentage done:  20.00 %
Percentage done:  30.00 %
Percentage done:  40.00 %
Percentage done:  50.00 %
Percentage done:  60.00 %
Percentage done:  70.00 %
Percentage done:  80.00 %
Percentage done:  90.00 %
Percentage done:  100.00 %
Ending abc-rs
208.053231 seconds (2.80 M allocations: 2.421 GiB, 0.11% gc time)
Round:101
Starting abc-rs
Percentage done:  10.00 %
Percentage done:  20.00 %
Percentage done:  30.00 %
Percentage done:  40.00 %
Percentage done:  50.00 %
Percentage done:  60.00 %
Percentage done:  70.00 %
Percentage done:  80.00 %
Percentage done:  90.00 %
Percentage done:  100.00 %
Ending abc-rs
208.302024 seconds (2.80 M allocations: 2.421 GiB, 0.11% gc time)
Round:105
Starting abc-rs
Percentage done:  10.00 %
Percentage done:  20.00 %
Percentage done:  30.00 %
Percentage done:  40.00 %
Percentage done:  50.00 %
Percentage done:  60.00 %
Percentage done:  70.00 %
Percentage done:  80.00 %
Percentage done:  90.00 %
Percentage done:  100.00 %
Ending abc-rs
208.562254 seconds (2.80 M allocations: 2.421 GiB, 0.12% gc time)
Round:109
Starting abc-rs
Percentage done:  10.00 %
Percentage done:  20.00 %
Percentage done:  30.00 %
Percentage done:  40.00 %
Percentage done:  50.00 %
Percentage done:  60.00 %
Percentage done:  70.00 %
Percentage done:  80.00 %
Percentage done:  90.00 %
Percentage done:  100.00 %
Ending abc-rs
208.027407 seconds (2.80 M allocations: 2.421 GiB, 0.11% gc time)
Round:113
Starting abc-rs
Percentage done:  10.00 %
Percentage done:  20.00 %
Percentage done:  30.00 %
Percentage done:  40.00 %
Percentage done:  50.00 %
Percentage done:  60.00 %
Percentage done:  70.00 %
Percentage done:  80.00 %
Percentage done:  90.00 %
Percentage done:  100.00 %
Ending abc-rs
208.674435 seconds (2.80 M allocations: 2.421 GiB, 0.15% gc time)
Round:117
Starting abc-rs
Percentage done:  10.00 %
Percentage done:  20.00 %
Percentage done:  30.00 %
Percentage done:  40.00 %
Percentage done:  50.00 %
Percentage done:  60.00 %
Percentage done:  70.00 %
Percentage done:  80.00 %
Percentage done:  90.00 %
Percentage done:  100.00 %
Ending abc-rs
208.256735 seconds (2.80 M allocations: 2.421 GiB, 0.12% gc time)
Round:121
Starting abc-rs
Percentage done:  10.00 %
Percentage done:  20.00 %
Percentage done:  30.00 %
Percentage done:  40.00 %
Percentage done:  50.00 %
Percentage done:  60.00 %
Percentage done:  70.00 %
Percentage done:  80.00 %
Percentage done:  90.00 %
Percentage done:  100.00 %
Ending abc-rs
208.030057 seconds (2.80 M allocations: 2.421 GiB, 0.12% gc time)
Round:125
Starting abc-rs
Percentage done:  10.00 %
Percentage done:  20.00 %
Percentage done:  30.00 %
Percentage done:  40.00 %
Percentage done:  50.00 %
Percentage done:  60.00 %
Percentage done:  70.00 %
Percentage done:  80.00 %
Percentage done:  90.00 %
Percentage done:  100.00 %
Ending abc-rs
206.773538 seconds (2.80 M allocations: 2.421 GiB, 0.12% gc time)
Round:129
Starting abc-rs
Percentage done:  10.00 %
Percentage done:  20.00 %
Percentage done:  30.00 %
Percentage done:  40.00 %
Percentage done:  50.00 %
Percentage done:  60.00 %
Percentage done:  70.00 %
Percentage done:  80.00 %
Percentage done:  90.00 %
Percentage done:  100.00 %
Ending abc-rs
207.015667 seconds (2.80 M allocations: 2.421 GiB, 0.12% gc time)
Round:133
Starting abc-rs
Percentage done:  10.00 %
Percentage done:  20.00 %
Percentage done:  30.00 %
Percentage done:  40.00 %
Percentage done:  50.00 %
Percentage done:  60.00 %
Percentage done:  70.00 %
Percentage done:  80.00 %
Percentage done:  90.00 %
Percentage done:  100.00 %
Ending abc-rs
207.214361 seconds (2.80 M allocations: 2.421 GiB, 0.12% gc time)
Round:137
Starting abc-rs
Percentage done:  10.00 %
Percentage done:  20.00 %
Percentage done:  30.00 %
Percentage done:  40.00 %
Percentage done:  50.00 %
Percentage done:  60.00 %
Percentage done:  70.00 %
Percentage done:  80.00 %
Percentage done:  90.00 %
Percentage done:  100.00 %
Ending abc-rs
207.478373 seconds (2.80 M allocations: 2.421 GiB, 0.12% gc time)
Round:141
Starting abc-rs
Percentage done:  10.00 %
Percentage done:  20.00 %
Percentage done:  30.00 %
Percentage done:  40.00 %
Percentage done:  50.00 %
Percentage done:  60.00 %
Percentage done:  70.00 %
Percentage done:  80.00 %
Percentage done:  90.00 %
Percentage done:  100.00 %
Ending abc-rs
207.229989 seconds (2.80 M allocations: 2.421 GiB, 0.16% gc time)
Round:145
Starting abc-rs
Percentage done:  10.00 %
Percentage done:  20.00 %
Percentage done:  30.00 %
Percentage done:  40.00 %
Percentage done:  50.00 %
Percentage done:  60.00 %
Percentage done:  70.00 %
Percentage done:  80.00 %
Percentage done:  90.00 %
Percentage done:  100.00 %
Ending abc-rs
207.657551 seconds (2.80 M allocations: 2.421 GiB, 0.12% gc time)
Round:149
Starting abc-rs
Percentage done:  10.00 %
Percentage done:  20.00 %
Percentage done:  30.00 %
Percentage done:  40.00 %
Percentage done:  50.00 %
Percentage done:  60.00 %
Percentage done:  70.00 %
Percentage done:  80.00 %
Percentage done:  90.00 %
Percentage done:  100.00 %
Ending abc-rs
208.190384 seconds (2.80 M allocations: 2.421 GiB, 0.12% gc time)
Round:153
Starting abc-rs
Percentage done:  10.00 %
Percentage done:  20.00 %
Percentage done:  30.00 %
Percentage done:  40.00 %
Percentage done:  50.00 %
Percentage done:  60.00 %
Percentage done:  70.00 %
Percentage done:  80.00 %
Percentage done:  90.00 %
Percentage done:  100.00 %
Ending abc-rs
207.331833 seconds (2.80 M allocations: 2.421 GiB, 0.12% gc time)
Round:157
Starting abc-rs
Percentage done:  10.00 %
Percentage done:  20.00 %
Percentage done:  30.00 %
Percentage done:  40.00 %
Percentage done:  50.00 %
Percentage done:  60.00 %
Percentage done:  70.00 %
Percentage done:  80.00 %
Percentage done:  90.00 %
Percentage done:  100.00 %
Ending abc-rs
207.196535 seconds (2.80 M allocations: 2.421 GiB, 0.12% gc time)
Round:161
Starting abc-rs
Percentage done:  10.00 %
Percentage done:  20.00 %
Percentage done:  30.00 %
Percentage done:  40.00 %
Percentage done:  50.00 %
Percentage done:  60.00 %
Percentage done:  70.00 %
Percentage done:  80.00 %
Percentage done:  90.00 %
Percentage done:  100.00 %
Ending abc-rs
206.552267 seconds (2.80 M allocations: 2.421 GiB, 0.12% gc time)
Round:165
Starting abc-rs
Percentage done:  10.00 %
Percentage done:  20.00 %
Percentage done:  30.00 %
Percentage done:  40.00 %
Percentage done:  50.00 %
Percentage done:  60.00 %
Percentage done:  70.00 %
Percentage done:  80.00 %
Percentage done:  90.00 %
Percentage done:  100.00 %
Ending abc-rs
206.269422 seconds (2.80 M allocations: 2.421 GiB, 0.13% gc time)
Round:169
Starting abc-rs
Percentage done:  10.00 %
Percentage done:  20.00 %
Percentage done:  30.00 %
Percentage done:  40.00 %
Percentage done:  50.00 %
Percentage done:  60.00 %
Percentage done:  70.00 %
Percentage done:  80.00 %
Percentage done:  90.00 %
Percentage done:  100.00 %
Ending abc-rs
206.781299 seconds (2.80 M allocations: 2.421 GiB, 0.13% gc time)
Round:173
Starting abc-rs
Percentage done:  10.00 %
Percentage done:  20.00 %
Percentage done:  30.00 %
Percentage done:  40.00 %
Percentage done:  50.00 %
Percentage done:  60.00 %
Percentage done:  70.00 %
Percentage done:  80.00 %
Percentage done:  90.00 %
Percentage done:  100.00 %
Ending abc-rs
207.693481 seconds (2.80 M allocations: 2.421 GiB, 0.12% gc time)
Round:177
Starting abc-rs
Percentage done:  10.00 %
Percentage done:  20.00 %
Percentage done:  30.00 %
Percentage done:  40.00 %
Percentage done:  50.00 %
Percentage done:  60.00 %
Percentage done:  70.00 %
Percentage done:  80.00 %
Percentage done:  90.00 %
Percentage done:  100.00 %
Ending abc-rs
207.182833 seconds (2.80 M allocations: 2.421 GiB, 0.12% gc time)
Round:181
Starting abc-rs
Percentage done:  10.00 %
Percentage done:  20.00 %
Percentage done:  30.00 %
Percentage done:  40.00 %
Percentage done:  50.00 %
Percentage done:  60.00 %
Percentage done:  70.00 %
Percentage done:  80.00 %
Percentage done:  90.00 %
Percentage done:  100.00 %
Ending abc-rs
208.193731 seconds (2.80 M allocations: 2.421 GiB, 0.12% gc time)
Round:185
Starting abc-rs
Percentage done:  10.00 %
Percentage done:  20.00 %
Percentage done:  30.00 %
Percentage done:  40.00 %
Percentage done:  50.00 %
Percentage done:  60.00 %
Percentage done:  70.00 %
Percentage done:  80.00 %
Percentage done:  90.00 %
Percentage done:  100.00 %
Ending abc-rs
207.925158 seconds (2.80 M allocations: 2.421 GiB, 0.12% gc time)
Round:189
Starting abc-rs
Percentage done:  10.00 %
Percentage done:  20.00 %
Percentage done:  30.00 %
Percentage done:  40.00 %
Percentage done:  50.00 %
Percentage done:  60.00 %
Percentage done:  70.00 %
Percentage done:  80.00 %
Percentage done:  90.00 %
Percentage done:  100.00 %
Ending abc-rs
207.891616 seconds (2.80 M allocations: 2.421 GiB, 0.12% gc time)
Round:193
Starting abc-rs
Percentage done:  10.00 %
Percentage done:  20.00 %
Percentage done:  30.00 %
Percentage done:  40.00 %
Percentage done:  50.00 %
Percentage done:  60.00 %
Percentage done:  70.00 %
Percentage done:  80.00 %
Percentage done:  90.00 %
Percentage done:  100.00 %
Ending abc-rs
207.536911 seconds (2.80 M allocations: 2.421 GiB, 0.13% gc time)
Round:197
Starting abc-rs
Percentage done:  10.00 %
Percentage done:  20.00 %
Percentage done:  30.00 %
Percentage done:  40.00 %
Percentage done:  50.00 %
Percentage done:  60.00 %
Percentage done:  70.00 %
Percentage done:  80.00 %
Percentage done:  90.00 %
Percentage done:  100.00 %
Ending abc-rs
207.849108 seconds (2.80 M allocations: 2.421 GiB, 0.13% gc time)
Round:201
Starting abc-rs
Percentage done:  10.00 %
Percentage done:  20.00 %
Percentage done:  30.00 %
Percentage done:  40.00 %
Percentage done:  50.00 %
Percentage done:  60.00 %
Percentage done:  70.00 %
Percentage done:  80.00 %
Percentage done:  90.00 %
Percentage done:  100.00 %
Ending abc-rs
206.983696 seconds (2.80 M allocations: 2.421 GiB, 0.12% gc time)
Round:205
Starting abc-rs
Percentage done:  10.00 %
Percentage done:  20.00 %
Percentage done:  30.00 %
Percentage done:  40.00 %
Percentage done:  50.00 %
Percentage done:  60.00 %
Percentage done:  70.00 %
Percentage done:  80.00 %
Percentage done:  90.00 %
Percentage done:  100.00 %
Ending abc-rs
207.215718 seconds (2.80 M allocations: 2.421 GiB, 0.26% gc time)
Round:209
Starting abc-rs
Percentage done:  10.00 %
Percentage done:  20.00 %
Percentage done:  30.00 %
Percentage done:  40.00 %
Percentage done:  50.00 %
Percentage done:  60.00 %
Percentage done:  70.00 %
Percentage done:  80.00 %
Percentage done:  90.00 %
Percentage done:  100.00 %
Ending abc-rs
206.780294 seconds (2.80 M allocations: 2.421 GiB, 0.11% gc time)
Round:213
Starting abc-rs
Percentage done:  10.00 %
Percentage done:  20.00 %
Percentage done:  30.00 %
Percentage done:  40.00 %
Percentage done:  50.00 %
Percentage done:  60.00 %
Percentage done:  70.00 %
Percentage done:  80.00 %
Percentage done:  90.00 %
Percentage done:  100.00 %
Ending abc-rs
206.391779 seconds (2.80 M allocations: 2.421 GiB, 0.11% gc time)
Round:217
Starting abc-rs
Percentage done:  10.00 %
Percentage done:  20.00 %
Percentage done:  30.00 %
Percentage done:  40.00 %
Percentage done:  50.00 %
Percentage done:  60.00 %
Percentage done:  70.00 %
Percentage done:  80.00 %
Percentage done:  90.00 %
Percentage done:  100.00 %
Ending abc-rs
206.578622 seconds (2.80 M allocations: 2.421 GiB, 0.11% gc time)
Round:221
Starting abc-rs
Percentage done:  10.00 %
Percentage done:  20.00 %
Percentage done:  30.00 %
Percentage done:  40.00 %
Percentage done:  50.00 %
Percentage done:  60.00 %
Percentage done:  70.00 %
Percentage done:  80.00 %
Percentage done:  90.00 %
Percentage done:  100.00 %
Ending abc-rs
206.877323 seconds (2.80 M allocations: 2.421 GiB, 0.12% gc time)
Round:225
Starting abc-rs
Percentage done:  10.00 %
Percentage done:  20.00 %
Percentage done:  30.00 %
Percentage done:  40.00 %
Percentage done:  50.00 %
Percentage done:  60.00 %
Percentage done:  70.00 %
Percentage done:  80.00 %
Percentage done:  90.00 %
Percentage done:  100.00 %
Ending abc-rs
207.768780 seconds (2.80 M allocations: 2.421 GiB, 0.13% gc time)
Round:229
Starting abc-rs
Percentage done:  10.00 %
Percentage done:  20.00 %
Percentage done:  30.00 %
Percentage done:  40.00 %
Percentage done:  50.00 %
Percentage done:  60.00 %
Percentage done:  70.00 %
Percentage done:  80.00 %
Percentage done:  90.00 %
Percentage done:  100.00 %
Ending abc-rs
207.130993 seconds (2.80 M allocations: 2.421 GiB, 0.11% gc time)
Round:233
Starting abc-rs
Percentage done:  10.00 %
Percentage done:  20.00 %
Percentage done:  30.00 %
Percentage done:  40.00 %
Percentage done:  50.00 %
Percentage done:  60.00 %
Percentage done:  70.00 %
Percentage done:  80.00 %
Percentage done:  90.00 %
Percentage done:  100.00 %
Ending abc-rs
207.718394 seconds (2.80 M allocations: 2.421 GiB, 0.11% gc time)
Round:237
Starting abc-rs
Percentage done:  10.00 %
Percentage done:  20.00 %
Percentage done:  30.00 %
Percentage done:  40.00 %
Percentage done:  50.00 %
Percentage done:  60.00 %
Percentage done:  70.00 %
Percentage done:  80.00 %
Percentage done:  90.00 %
Percentage done:  100.00 %
Ending abc-rs
207.595179 seconds (2.80 M allocations: 2.421 GiB, 0.11% gc time)
Round:241
Starting abc-rs
Percentage done:  10.00 %
Percentage done:  20.00 %
Percentage done:  30.00 %
Percentage done:  40.00 %
Percentage done:  50.00 %
Percentage done:  60.00 %
Percentage done:  70.00 %
Percentage done:  80.00 %
Percentage done:  90.00 %
Percentage done:  100.00 %
Ending abc-rs
207.692257 seconds (2.80 M allocations: 2.421 GiB, 0.11% gc time)
Round:245
Starting abc-rs
Percentage done:  10.00 %
Percentage done:  20.00 %
Percentage done:  30.00 %
Percentage done:  40.00 %
Percentage done:  50.00 %
Percentage done:  60.00 %
Percentage done:  70.00 %
Percentage done:  80.00 %
Percentage done:  90.00 %
Percentage done:  100.00 %
Ending abc-rs
206.793331 seconds (2.80 M allocations: 2.421 GiB, 0.11% gc time)
Round:249
Starting abc-rs
Percentage done:  10.00 %
Percentage done:  20.00 %
Percentage done:  30.00 %
Percentage done:  40.00 %
Percentage done:  50.00 %
Percentage done:  60.00 %
Percentage done:  70.00 %
Percentage done:  80.00 %
Percentage done:  90.00 %
Percentage done:  100.00 %
Ending abc-rs
206.101256 seconds (2.80 M allocations: 2.421 GiB, 0.12% gc time)
Round:253
Starting abc-rs
Percentage done:  10.00 %
Percentage done:  20.00 %
Percentage done:  30.00 %
Percentage done:  40.00 %
Percentage done:  50.00 %
Percentage done:  60.00 %
Percentage done:  70.00 %
Percentage done:  80.00 %
Percentage done:  90.00 %
Percentage done:  100.00 %
Ending abc-rs
206.311541 seconds (2.80 M allocations: 2.421 GiB, 0.13% gc time)
Round:257
Starting abc-rs
Percentage done:  10.00 %
Percentage done:  20.00 %
Percentage done:  30.00 %
Percentage done:  40.00 %
Percentage done:  50.00 %
Percentage done:  60.00 %
Percentage done:  70.00 %
Percentage done:  80.00 %
Percentage done:  90.00 %
Percentage done:  100.00 %
Ending abc-rs
206.076234 seconds (2.80 M allocations: 2.421 GiB, 0.11% gc time)
Round:261
Starting abc-rs
Percentage done:  10.00 %
Percentage done:  20.00 %
Percentage done:  30.00 %
Percentage done:  40.00 %
Percentage done:  50.00 %
Percentage done:  60.00 %
Percentage done:  70.00 %
Percentage done:  80.00 %
Percentage done:  90.00 %
Percentage done:  100.00 %
Ending abc-rs
206.682234 seconds (2.80 M allocations: 2.421 GiB, 0.11% gc time)
Round:265
Starting abc-rs
Percentage done:  10.00 %
Percentage done:  20.00 %
Percentage done:  30.00 %
Percentage done:  40.00 %
Percentage done:  50.00 %
Percentage done:  60.00 %
Percentage done:  70.00 %
Percentage done:  80.00 %
Percentage done:  90.00 %
Percentage done:  100.00 %
Ending abc-rs
207.022779 seconds (2.80 M allocations: 2.421 GiB, 0.11% gc time)
Round:269
Starting abc-rs
Percentage done:  10.00 %
Percentage done:  20.00 %
Percentage done:  30.00 %
Percentage done:  40.00 %
Percentage done:  50.00 %
Percentage done:  60.00 %
Percentage done:  70.00 %
Percentage done:  80.00 %
Percentage done:  90.00 %
Percentage done:  100.00 %
Ending abc-rs
206.313113 seconds (2.80 M allocations: 2.421 GiB, 0.12% gc time)
Round:273
Starting abc-rs
Percentage done:  10.00 %
Percentage done:  20.00 %
Percentage done:  30.00 %
Percentage done:  40.00 %
Percentage done:  50.00 %
Percentage done:  60.00 %
Percentage done:  70.00 %
Percentage done:  80.00 %
Percentage done:  90.00 %
Percentage done:  100.00 %
Ending abc-rs
207.162990 seconds (2.80 M allocations: 2.421 GiB, 0.11% gc time)
Round:277
Starting abc-rs
Percentage done:  10.00 %
Percentage done:  20.00 %
Percentage done:  30.00 %
Percentage done:  40.00 %
Percentage done:  50.00 %
Percentage done:  60.00 %
Percentage done:  70.00 %
Percentage done:  80.00 %
Percentage done:  90.00 %
Percentage done:  100.00 %
Ending abc-rs
206.662494 seconds (2.80 M allocations: 2.421 GiB, 0.13% gc time)
Round:281
Starting abc-rs
Percentage done:  10.00 %
Percentage done:  20.00 %
Percentage done:  30.00 %
Percentage done:  40.00 %
Percentage done:  50.00 %
Percentage done:  60.00 %
Percentage done:  70.00 %
Percentage done:  80.00 %
Percentage done:  90.00 %
Percentage done:  100.00 %
Ending abc-rs
206.187757 seconds (2.80 M allocations: 2.421 GiB, 0.13% gc time)
Round:285
Starting abc-rs
Percentage done:  10.00 %
Percentage done:  20.00 %
Percentage done:  30.00 %
Percentage done:  40.00 %
Percentage done:  50.00 %
Percentage done:  60.00 %
Percentage done:  70.00 %
Percentage done:  80.00 %
Percentage done:  90.00 %
Percentage done:  100.00 %
Ending abc-rs
206.338695 seconds (2.80 M allocations: 2.421 GiB, 0.11% gc time)
Round:289
Starting abc-rs
Percentage done:  10.00 %
Percentage done:  20.00 %
Percentage done:  30.00 %
Percentage done:  40.00 %
Percentage done:  50.00 %
Percentage done:  60.00 %
Percentage done:  70.00 %
Percentage done:  80.00 %
Percentage done:  90.00 %
Percentage done:  100.00 %
Ending abc-rs
206.345648 seconds (2.80 M allocations: 2.421 GiB, 0.11% gc time)
Round:293
Starting abc-rs
Percentage done:  10.00 %
Percentage done:  20.00 %
Percentage done:  30.00 %
Percentage done:  40.00 %
Percentage done:  50.00 %
Percentage done:  60.00 %
Percentage done:  70.00 %
Percentage done:  80.00 %
Percentage done:  90.00 %
Percentage done:  100.00 %
Ending abc-rs
206.982682 seconds (2.80 M allocations: 2.421 GiB, 0.11% gc time)
Round:297
Starting abc-rs
Percentage done:  10.00 %
Percentage done:  20.00 %
Percentage done:  30.00 %
Percentage done:  40.00 %
Percentage done:  50.00 %
Percentage done:  60.00 %
Percentage done:  70.00 %
Percentage done:  80.00 %
Percentage done:  90.00 %
Percentage done:  100.00 %
Ending abc-rs
207.083075 seconds (2.80 M allocations: 2.421 GiB, 0.11% gc time)
Round:301
Starting abc-rs
Percentage done:  10.00 %
Percentage done:  20.00 %
Percentage done:  30.00 %
Percentage done:  40.00 %
Percentage done:  50.00 %
Percentage done:  60.00 %
Percentage done:  70.00 %
Percentage done:  80.00 %
Percentage done:  90.00 %
Percentage done:  100.00 %
Ending abc-rs
207.473480 seconds (2.80 M allocations: 2.421 GiB, 0.11% gc time)
Round:305
Starting abc-rs
Percentage done:  10.00 %
Percentage done:  20.00 %
Percentage done:  30.00 %
Percentage done:  40.00 %
Percentage done:  50.00 %
Percentage done:  60.00 %
Percentage done:  70.00 %
Percentage done:  80.00 %
Percentage done:  90.00 %
Percentage done:  100.00 %
Ending abc-rs
206.888666 seconds (2.80 M allocations: 2.421 GiB, 0.13% gc time)
Round:309
Starting abc-rs
Percentage done:  10.00 %
Percentage done:  20.00 %
Percentage done:  30.00 %
Percentage done:  40.00 %
Percentage done:  50.00 %
Percentage done:  60.00 %
Percentage done:  70.00 %
Percentage done:  80.00 %
Percentage done:  90.00 %
Percentage done:  100.00 %
Ending abc-rs
207.408969 seconds (2.80 M allocations: 2.421 GiB, 0.12% gc time)
Round:313
Starting abc-rs
Percentage done:  10.00 %
Percentage done:  20.00 %
Percentage done:  30.00 %
Percentage done:  40.00 %
Percentage done:  50.00 %
Percentage done:  60.00 %
Percentage done:  70.00 %
Percentage done:  80.00 %
Percentage done:  90.00 %
Percentage done:  100.00 %
Ending abc-rs
207.391384 seconds (2.80 M allocations: 2.421 GiB, 0.11% gc time)
Round:317
Starting abc-rs
Percentage done:  10.00 %
Percentage done:  20.00 %
Percentage done:  30.00 %
Percentage done:  40.00 %
Percentage done:  50.00 %
Percentage done:  60.00 %
Percentage done:  70.00 %
Percentage done:  80.00 %
Percentage done:  90.00 %
Percentage done:  100.00 %
Ending abc-rs
207.698144 seconds (2.80 M allocations: 2.421 GiB, 0.12% gc time)
Round:321
Starting abc-rs
Percentage done:  10.00 %
Percentage done:  20.00 %
Percentage done:  30.00 %
Percentage done:  40.00 %
Percentage done:  50.00 %
Percentage done:  60.00 %
Percentage done:  70.00 %
Percentage done:  80.00 %
Percentage done:  90.00 %
Percentage done:  100.00 %
Ending abc-rs
207.188958 seconds (2.80 M allocations: 2.421 GiB, 0.11% gc time)
Round:325
Starting abc-rs
Percentage done:  10.00 %
Percentage done:  20.00 %
Percentage done:  30.00 %
Percentage done:  40.00 %
Percentage done:  50.00 %
Percentage done:  60.00 %
Percentage done:  70.00 %
Percentage done:  80.00 %
Percentage done:  90.00 %
Percentage done:  100.00 %
Ending abc-rs
207.582872 seconds (2.80 M allocations: 2.421 GiB, 0.11% gc time)
Round:329
Starting abc-rs
Percentage done:  10.00 %
Percentage done:  20.00 %
Percentage done:  30.00 %
Percentage done:  40.00 %
Percentage done:  50.00 %
Percentage done:  60.00 %
Percentage done:  70.00 %
Percentage done:  80.00 %
Percentage done:  90.00 %
Percentage done:  100.00 %
Ending abc-rs
206.755247 seconds (2.80 M allocations: 2.421 GiB, 0.11% gc time)
Round:333
Starting abc-rs
Percentage done:  10.00 %
Percentage done:  20.00 %
Percentage done:  30.00 %
Percentage done:  40.00 %
Percentage done:  50.00 %
Percentage done:  60.00 %
Percentage done:  70.00 %
Percentage done:  80.00 %
Percentage done:  90.00 %
Percentage done:  100.00 %
Ending abc-rs
207.728949 seconds (2.80 M allocations: 2.421 GiB, 0.14% gc time)
Round:337
Starting abc-rs
Percentage done:  10.00 %
Percentage done:  20.00 %
Percentage done:  30.00 %
Percentage done:  40.00 %
Percentage done:  50.00 %
Percentage done:  60.00 %
Percentage done:  70.00 %
Percentage done:  80.00 %
Percentage done:  90.00 %
Percentage done:  100.00 %
Ending abc-rs
207.582188 seconds (2.80 M allocations: 2.421 GiB, 0.11% gc time)
Round:341
Starting abc-rs
Percentage done:  10.00 %
Percentage done:  20.00 %
Percentage done:  30.00 %
Percentage done:  40.00 %
Percentage done:  50.00 %
Percentage done:  60.00 %
Percentage done:  70.00 %
Percentage done:  80.00 %
Percentage done:  90.00 %
Percentage done:  100.00 %
Ending abc-rs
207.313709 seconds (2.80 M allocations: 2.421 GiB, 0.11% gc time)
Round:345
Starting abc-rs
Percentage done:  10.00 %
Percentage done:  20.00 %
Percentage done:  30.00 %
Percentage done:  40.00 %
Percentage done:  50.00 %
Percentage done:  60.00 %
Percentage done:  70.00 %
Percentage done:  80.00 %
Percentage done:  90.00 %
Percentage done:  100.00 %
Ending abc-rs
207.135964 seconds (2.80 M allocations: 2.421 GiB, 0.11% gc time)
Round:349
Starting abc-rs
Percentage done:  10.00 %
Percentage done:  20.00 %
Percentage done:  30.00 %
Percentage done:  40.00 %
Percentage done:  50.00 %
Percentage done:  60.00 %
Percentage done:  70.00 %
Percentage done:  80.00 %
Percentage done:  90.00 %
Percentage done:  100.00 %
Ending abc-rs
206.784664 seconds (2.80 M allocations: 2.421 GiB, 0.11% gc time)
Round:353
Starting abc-rs
Percentage done:  10.00 %
Percentage done:  20.00 %
Percentage done:  30.00 %
Percentage done:  40.00 %
Percentage done:  50.00 %
Percentage done:  60.00 %
Percentage done:  70.00 %
Percentage done:  80.00 %
Percentage done:  90.00 %
Percentage done:  100.00 %
Ending abc-rs
207.778985 seconds (2.80 M allocations: 2.421 GiB, 0.11% gc time)
Round:357
Starting abc-rs
Percentage done:  10.00 %
Percentage done:  20.00 %
Percentage done:  30.00 %
Percentage done:  40.00 %
Percentage done:  50.00 %
Percentage done:  60.00 %
Percentage done:  70.00 %
Percentage done:  80.00 %
Percentage done:  90.00 %
Percentage done:  100.00 %
Ending abc-rs
207.280611 seconds (2.80 M allocations: 2.421 GiB, 0.13% gc time)
Round:361
Starting abc-rs
Percentage done:  10.00 %
Percentage done:  20.00 %
Percentage done:  30.00 %
Percentage done:  40.00 %
Percentage done:  50.00 %
Percentage done:  60.00 %
Percentage done:  70.00 %
Percentage done:  80.00 %
Percentage done:  90.00 %
Percentage done:  100.00 %
Ending abc-rs
206.268938 seconds (2.80 M allocations: 2.421 GiB, 0.13% gc time)
Round:365
Starting abc-rs
Percentage done:  10.00 %
Percentage done:  20.00 %
Percentage done:  30.00 %
Percentage done:  40.00 %
Percentage done:  50.00 %
Percentage done:  60.00 %
Percentage done:  70.00 %
Percentage done:  80.00 %
Percentage done:  90.00 %
Percentage done:  100.00 %
Ending abc-rs
206.548195 seconds (2.80 M allocations: 2.421 GiB, 0.11% gc time)
Round:369
Starting abc-rs
Percentage done:  10.00 %
Percentage done:  20.00 %
Percentage done:  30.00 %
Percentage done:  40.00 %
Percentage done:  50.00 %
Percentage done:  60.00 %
Percentage done:  70.00 %
Percentage done:  80.00 %
Percentage done:  90.00 %
Percentage done:  100.00 %
Ending abc-rs
206.841148 seconds (2.80 M allocations: 2.421 GiB, 0.11% gc time)
Round:373
Starting abc-rs
Percentage done:  10.00 %
Percentage done:  20.00 %
Percentage done:  30.00 %
Percentage done:  40.00 %
Percentage done:  50.00 %
Percentage done:  60.00 %
Percentage done:  70.00 %
Percentage done:  80.00 %
Percentage done:  90.00 %
Percentage done:  100.00 %
Ending abc-rs
208.315271 seconds (2.80 M allocations: 2.421 GiB, 0.11% gc time)
Round:377
Starting abc-rs
Percentage done:  10.00 %
Percentage done:  20.00 %
Percentage done:  30.00 %
Percentage done:  40.00 %
Percentage done:  50.00 %
Percentage done:  60.00 %
Percentage done:  70.00 %
Percentage done:  80.00 %
Percentage done:  90.00 %
Percentage done:  100.00 %
Ending abc-rs
208.311684 seconds (2.80 M allocations: 2.421 GiB, 0.11% gc time)
Round:381
Starting abc-rs
Percentage done:  10.00 %
Percentage done:  20.00 %
Percentage done:  30.00 %
Percentage done:  40.00 %
Percentage done:  50.00 %
Percentage done:  60.00 %
Percentage done:  70.00 %
Percentage done:  80.00 %
Percentage done:  90.00 %
Percentage done:  100.00 %
Ending abc-rs
207.301199 seconds (2.80 M allocations: 2.421 GiB, 0.11% gc time)
Round:385
Starting abc-rs
Percentage done:  10.00 %
Percentage done:  20.00 %
Percentage done:  30.00 %
Percentage done:  40.00 %
Percentage done:  50.00 %
Percentage done:  60.00 %
Percentage done:  70.00 %
Percentage done:  80.00 %
Percentage done:  90.00 %
Percentage done:  100.00 %
Ending abc-rs
207.835327 seconds (2.80 M allocations: 2.421 GiB, 0.13% gc time)
Round:389
Starting abc-rs
Percentage done:  10.00 %
Percentage done:  20.00 %
Percentage done:  30.00 %
Percentage done:  40.00 %
Percentage done:  50.00 %
Percentage done:  60.00 %
Percentage done:  70.00 %
Percentage done:  80.00 %
Percentage done:  90.00 %
Percentage done:  100.00 %
Ending abc-rs
208.319579 seconds (2.80 M allocations: 2.421 GiB, 0.13% gc time)
Round:393
Starting abc-rs
Percentage done:  10.00 %
Percentage done:  20.00 %
Percentage done:  30.00 %
Percentage done:  40.00 %
Percentage done:  50.00 %
Percentage done:  60.00 %
Percentage done:  70.00 %
Percentage done:  80.00 %
Percentage done:  90.00 %
Percentage done:  100.00 %
Ending abc-rs
208.197905 seconds (2.80 M allocations: 2.421 GiB, 0.11% gc time)
Round:397
Starting abc-rs
Percentage done:  10.00 %
Percentage done:  20.00 %
Percentage done:  30.00 %
Percentage done:  40.00 %
Percentage done:  50.00 %
Percentage done:  60.00 %
Percentage done:  70.00 %
Percentage done:  80.00 %
Percentage done:  90.00 %
Percentage done:  100.00 %
Ending abc-rs
207.685599 seconds (2.80 M allocations: 2.421 GiB, 0.11% gc time)
