/home/samwiq/ABC and deep learning project/abc-dl/lunarc
/home/samwiq/ABC and deep learning project/abc-dl
start script
250
check version of Knet
    Status `~/.julia/environments/v1.0/Project.toml`
  [336ed68f] CSV v0.3.1
  [a93c6f00] DataFrames v0.13.1
  [31c24e10] Distributions v0.16.4
  [1902f260] Knet v1.1.0
  [6f286f6a] MultivariateStats v0.6.0 #master (https://github.com/JuliaStats/MultivariateStats.jl.git)
  [2913bbd2] StatsBase v0.25.0
  [4c63d2b9] StatsFuns v0.7.0
build Knet
  Building SpecialFunctions → `~/.julia/packages/SpecialFunctions/KvXoO/deps/build.log`
  Building CodecZlib ───────→ `~/.julia/packages/CodecZlib/wwgbh/deps/build.log`
  Building Knet ────────────→ `~/.julia/packages/Knet/hxjeS/deps/build.log`
test gpu
0
-1
-1
Loading g-and-k model
Loading g-and-k model
Starting: generate_parameter_data_pairs
Percentage done:  10.00 %
Percentage done:  20.00 %
Percentage done:  30.00 %
Percentage done:  40.00 %
Percentage done:  50.00 %
Percentage done:  60.00 %
Percentage done:  70.00 %
Percentage done:  80.00 %
Percentage done:  90.00 %
Percentage done:  100.00 %
Starting: generate_parameter_data_pairs
Percentage done:  2.00 %
Percentage done:  4.00 %
Percentage done:  6.00 %
Percentage done:  8.00 %
Percentage done:  10.00 %
Percentage done:  12.00 %
Percentage done:  14.00 %
Percentage done:  16.00 %
Percentage done:  18.00 %
Percentage done:  20.00 %
Percentage done:  22.00 %
Percentage done:  24.00 %
Percentage done:  26.00 %
Percentage done:  28.00 %
Percentage done:  30.00 %
Percentage done:  32.00 %
Percentage done:  34.00 %
Percentage done:  36.00 %
Percentage done:  38.00 %
Percentage done:  40.00 %
Percentage done:  42.00 %
Percentage done:  44.00 %
Percentage done:  46.00 %
Percentage done:  48.00 %
Percentage done:  50.00 %
Percentage done:  52.00 %
Percentage done:  54.00 %
Percentage done:  56.00 %
Percentage done:  58.00 %
Percentage done:  60.00 %
Percentage done:  62.00 %
Percentage done:  64.00 %
Percentage done:  66.00 %
Percentage done:  68.00 %
Percentage done:  70.00 %
Percentage done:  72.00 %
Percentage done:  74.00 %
Percentage done:  76.00 %
Percentage done:  78.00 %
Percentage done:  80.00 %
Percentage done:  82.00 %
Percentage done:  84.00 %
Percentage done:  86.00 %
Percentage done:  88.00 %
Percentage done:  90.00 %
Percentage done:  92.00 %
Percentage done:  94.00 %
Percentage done:  96.00 %
Percentage done:  98.00 %
Percentage done:  100.00 %
Starting: generate_parameter_data_pairs
Percentage done:  5.00 %
Percentage done:  10.00 %
Percentage done:  15.00 %
Percentage done:  20.00 %
Percentage done:  25.00 %
Percentage done:  30.00 %
Percentage done:  35.00 %
Percentage done:  40.00 %
Percentage done:  45.00 %
Percentage done:  50.00 %
Percentage done:  55.00 %
Percentage done:  60.00 %
Percentage done:  65.00 %
Percentage done:  70.00 %
Percentage done:  75.00 %
Percentage done:  80.00 %
Percentage done:  85.00 %
Percentage done:  90.00 %
Percentage done:  95.00 %
Percentage done:  100.00 %
Starting: generate_parameter_data_pairs
184.675122 seconds (66.70 M allocations: 55.994 GiB, 3.13% gc time)
Nbr training obs 500000, nbr parameters 26039, obs/parameters 19.20
Starting training
Epoch 1, current loss (training) 11.3772, current loss (val) 11.5506, best loss (val) 11.5506 
Epoch 2, current loss (training) 11.3564, current loss (val) 11.2259, best loss (val) 11.2259 
Epoch 3, current loss (training) 10.9674, current loss (val) 11.0370, best loss (val) 11.0370 
Epoch 4, current loss (training) 11.3859, current loss (val) 10.9928, best loss (val) 10.9928 
Epoch 5, current loss (training) 10.8477, current loss (val) 10.9378, best loss (val) 10.9378 
Epoch 6, current loss (training) 11.1040, current loss (val) 11.0530, best loss (val) 10.9378 
Epoch 7, current loss (training) 10.9534, current loss (val) 10.9681, best loss (val) 10.9378 
Epoch 8, current loss (training) 10.7126, current loss (val) 10.9080, best loss (val) 10.9080 
Epoch 9, current loss (training) 11.0850, current loss (val) 10.8325, best loss (val) 10.8325 
Epoch 10, current loss (training) 10.6531, current loss (val) 10.8305, best loss (val) 10.8305 
Epoch 11, current loss (training) 10.4470, current loss (val) 10.8530, best loss (val) 10.8305 
Epoch 12, current loss (training) 10.5120, current loss (val) 10.8411, best loss (val) 10.8305 
Epoch 13, current loss (training) 10.4641, current loss (val) 10.8490, best loss (val) 10.8305 
Epoch 14, current loss (training) 10.6879, current loss (val) 10.8389, best loss (val) 10.8305 
Epoch 15, current loss (training) 10.8280, current loss (val) 10.8888, best loss (val) 10.8305 
Epoch 16, current loss (training) 10.2905, current loss (val) 10.8769, best loss (val) 10.8305 
Epoch 17, current loss (training) 10.9045, current loss (val) 10.8696, best loss (val) 10.8305 
Epoch 18, current loss (training) 10.7770, current loss (val) 10.8881, best loss (val) 10.8305 
Epoch 19, current loss (training) 10.6055, current loss (val) 10.9623, best loss (val) 10.8305 
Epoch 20, current loss (training) 10.4459, current loss (val) 10.8149, best loss (val) 10.8149 
Epoch 21, current loss (training) 10.6716, current loss (val) 10.7292, best loss (val) 10.7292 
Epoch 22, current loss (training) 10.5278, current loss (val) 10.7968, best loss (val) 10.7292 
Epoch 23, current loss (training) 10.6218, current loss (val) 10.7354, best loss (val) 10.7292 
Epoch 24, current loss (training) 10.4481, current loss (val) 10.7330, best loss (val) 10.7292 
Epoch 25, current loss (training) 10.1930, current loss (val) 10.7332, best loss (val) 10.7292 
Epoch 26, current loss (training) 10.7633, current loss (val) 10.8374, best loss (val) 10.7292 
Epoch 27, current loss (training) 10.6387, current loss (val) 10.8387, best loss (val) 10.7292 
Epoch 28, current loss (training) 10.6949, current loss (val) 10.7553, best loss (val) 10.7292 
Epoch 29, current loss (training) 10.4145, current loss (val) 10.8071, best loss (val) 10.7292 
Epoch 30, current loss (training) 10.4080, current loss (val) 10.7518, best loss (val) 10.7292 
Epoch 31, current loss (training) 10.2383, current loss (val) 10.7653, best loss (val) 10.7292 
Epoch 32, current loss (training) 10.1377, current loss (val) 10.7528, best loss (val) 10.7292 
Epoch 33, current loss (training) 10.3592, current loss (val) 10.7741, best loss (val) 10.7292 
Epoch 34, current loss (training) 10.4355, current loss (val) 10.8057, best loss (val) 10.7292 
Epoch 35, current loss (training) 10.3674, current loss (val) 10.7467, best loss (val) 10.7292 
Epoch 36, current loss (training) 10.7300, current loss (val) 10.7945, best loss (val) 10.7292 
Epoch 37, current loss (training) 9.9745, current loss (val) 10.8449, best loss (val) 10.7292 
Epoch 38, current loss (training) 10.1268, current loss (val) 10.8230, best loss (val) 10.7292 
Epoch 39, current loss (training) 10.1341, current loss (val) 10.8247, best loss (val) 10.7292 
Epoch 40, current loss (training) 10.3794, current loss (val) 10.8351, best loss (val) 10.7292 
Epoch 41, current loss (training) 10.2008, current loss (val) 10.8711, best loss (val) 10.7292 
Epoch 42, current loss (training) 10.3241, current loss (val) 10.8246, best loss (val) 10.7292 
Epoch 43, current loss (training) 9.9460, current loss (val) 10.9216, best loss (val) 10.7292 
Epoch 44, current loss (training) 9.8229, current loss (val) 10.8753, best loss (val) 10.7292 
Epoch 45, current loss (training) 10.3014, current loss (val) 10.9094, best loss (val) 10.7292 
Epoch 46, current loss (training) 10.3105, current loss (val) 10.9337, best loss (val) 10.7292 
Epoch 47, current loss (training) 9.9100, current loss (val) 11.0225, best loss (val) 10.7292 
Epoch 48, current loss (training) 10.3121, current loss (val) 10.9758, best loss (val) 10.7292 
Epoch 49, current loss (training) 10.5528, current loss (val) 10.9828, best loss (val) 10.7292 
Epoch 50, current loss (training) 10.1264, current loss (val) 10.8683, best loss (val) 10.7292 
Epoch 51, current loss (training) 10.1536, current loss (val) 11.0089, best loss (val) 10.7292 
Epoch 52, current loss (training) 10.3083, current loss (val) 10.9726, best loss (val) 10.7292 
Epoch 53, current loss (training) 10.1961, current loss (val) 10.9981, best loss (val) 10.7292 
Epoch 54, current loss (training) 10.2703, current loss (val) 11.0024, best loss (val) 10.7292 
Epoch 55, current loss (training) 10.1589, current loss (val) 11.0086, best loss (val) 10.7292 
Epoch 56, current loss (training) 10.0647, current loss (val) 10.9714, best loss (val) 10.7292 
Epoch 57, current loss (training) 10.1536, current loss (val) 10.8667, best loss (val) 10.7292 
Epoch 58, current loss (training) 10.2602, current loss (val) 11.0494, best loss (val) 10.7292 
Epoch 59, current loss (training) 10.4526, current loss (val) 11.0289, best loss (val) 10.7292 
Epoch 60, current loss (training) 10.0615, current loss (val) 11.0206, best loss (val) 10.7292 
Epoch 61, current loss (training) 10.0605, current loss (val) 11.0143, best loss (val) 10.7292 
Epoch 62, current loss (training) 9.7844, current loss (val) 11.0644, best loss (val) 10.7292 
Epoch 63, current loss (training) 10.0263, current loss (val) 10.9793, best loss (val) 10.7292 
Epoch 64, current loss (training) 9.8358, current loss (val) 11.0179, best loss (val) 10.7292 
Epoch 65, current loss (training) 10.2852, current loss (val) 11.0622, best loss (val) 10.7292 
Epoch 66, current loss (training) 9.8672, current loss (val) 11.0242, best loss (val) 10.7292 
Epoch 67, current loss (training) 9.9095, current loss (val) 11.0327, best loss (val) 10.7292 
Epoch 68, current loss (training) 10.4279, current loss (val) 11.0988, best loss (val) 10.7292 
Epoch 69, current loss (training) 10.1859, current loss (val) 11.1048, best loss (val) 10.7292 
Epoch 70, current loss (training) 10.0390, current loss (val) 11.0276, best loss (val) 10.7292 
Epoch 71, current loss (training) 10.3184, current loss (val) 11.0869, best loss (val) 10.7292 
Epoch 72, current loss (training) 9.8158, current loss (val) 11.1495, best loss (val) 10.7292 
Epoch 73, current loss (training) 9.7450, current loss (val) 11.0334, best loss (val) 10.7292 
Epoch 74, current loss (training) 9.8743, current loss (val) 11.1306, best loss (val) 10.7292 
Epoch 75, current loss (training) 9.6634, current loss (val) 11.0577, best loss (val) 10.7292 
Epoch 76, current loss (training) 9.9009, current loss (val) 11.2682, best loss (val) 10.7292 
Epoch 77, current loss (training) 10.4036, current loss (val) 11.0858, best loss (val) 10.7292 
Epoch 78, current loss (training) 9.9543, current loss (val) 11.1653, best loss (val) 10.7292 
Epoch 79, current loss (training) 10.2541, current loss (val) 11.1786, best loss (val) 10.7292 
Epoch 80, current loss (training) 9.7632, current loss (val) 11.1439, best loss (val) 10.7292 
Epoch 81, current loss (training) 10.1262, current loss (val) 11.1759, best loss (val) 10.7292 
Epoch 82, current loss (training) 10.0308, current loss (val) 11.1198, best loss (val) 10.7292 
Epoch 83, current loss (training) 10.0710, current loss (val) 11.2809, best loss (val) 10.7292 
Epoch 84, current loss (training) 9.7816, current loss (val) 11.1950, best loss (val) 10.7292 
Epoch 85, current loss (training) 9.8087, current loss (val) 11.1512, best loss (val) 10.7292 
Epoch 86, current loss (training) 10.0854, current loss (val) 11.1171, best loss (val) 10.7292 
Epoch 87, current loss (training) 10.2039, current loss (val) 11.2230, best loss (val) 10.7292 
Epoch 88, current loss (training) 9.5670, current loss (val) 11.1548, best loss (val) 10.7292 
Epoch 89, current loss (training) 9.4564, current loss (val) 11.2563, best loss (val) 10.7292 
Epoch 90, current loss (training) 10.1025, current loss (val) 11.2125, best loss (val) 10.7292 
Epoch 91, current loss (training) 9.7446, current loss (val) 11.2106, best loss (val) 10.7292 
Epoch 92, current loss (training) 10.1018, current loss (val) 11.1489, best loss (val) 10.7292 
Epoch 93, current loss (training) 9.5858, current loss (val) 11.3539, best loss (val) 10.7292 
Epoch 94, current loss (training) 9.7166, current loss (val) 11.2042, best loss (val) 10.7292 
Epoch 95, current loss (training) 10.2050, current loss (val) 11.2345, best loss (val) 10.7292 
Epoch 96, current loss (training) 9.8839, current loss (val) 11.2025, best loss (val) 10.7292 
Epoch 97, current loss (training) 9.9734, current loss (val) 11.2495, best loss (val) 10.7292 
Epoch 98, current loss (training) 9.9885, current loss (val) 11.2868, best loss (val) 10.7292 
Epoch 99, current loss (training) 10.1223, current loss (val) 11.3188, best loss (val) 10.7292 
Epoch 100, current loss (training) 9.9035, current loss (val) 11.3279, best loss (val) 10.7292 
Epoch 101, current loss (training) 9.7086, current loss (val) 11.2363, best loss (val) 10.7292 
Epoch 102, current loss (training) 9.7141, current loss (val) 11.3843, best loss (val) 10.7292 
Epoch 103, current loss (training) 9.6205, current loss (val) 11.2505, best loss (val) 10.7292 
Epoch 104, current loss (training) 9.7426, current loss (val) 11.3143, best loss (val) 10.7292 
Epoch 105, current loss (training) 9.5736, current loss (val) 11.3486, best loss (val) 10.7292 
Epoch 106, current loss (training) 10.2083, current loss (val) 11.3930, best loss (val) 10.7292 
Epoch 107, current loss (training) 9.7300, current loss (val) 11.2299, best loss (val) 10.7292 
Epoch 108, current loss (training) 9.5784, current loss (val) 11.2841, best loss (val) 10.7292 
Epoch 109, current loss (training) 9.8455, current loss (val) 11.2221, best loss (val) 10.7292 
Epoch 110, current loss (training) 9.9645, current loss (val) 11.3531, best loss (val) 10.7292 
Epoch 111, current loss (training) 9.7075, current loss (val) 11.3161, best loss (val) 10.7292 
Epoch 112, current loss (training) 9.8753, current loss (val) 11.3450, best loss (val) 10.7292 
Epoch 113, current loss (training) 9.8503, current loss (val) 11.2946, best loss (val) 10.7292 
Epoch 114, current loss (training) 9.8295, current loss (val) 11.2575, best loss (val) 10.7292 
Epoch 115, current loss (training) 10.1043, current loss (val) 11.3020, best loss (val) 10.7292 
Epoch 116, current loss (training) 9.8577, current loss (val) 11.2579, best loss (val) 10.7292 
Epoch 117, current loss (training) 9.7680, current loss (val) 11.4342, best loss (val) 10.7292 
Epoch 118, current loss (training) 9.8937, current loss (val) 11.2303, best loss (val) 10.7292 
Epoch 119, current loss (training) 10.0291, current loss (val) 11.2795, best loss (val) 10.7292 
Epoch 120, current loss (training) 10.3436, current loss (val) 11.3334, best loss (val) 10.7292 
Epoch 121, current loss (training) 9.9047, current loss (val) 11.2627, best loss (val) 10.7292 
Epoch 122, current loss (training) 9.8860, current loss (val) 11.4537, best loss (val) 10.7292 
Epoch 123, current loss (training) 9.5413, current loss (val) 11.3089, best loss (val) 10.7292 
Epoch 124, current loss (training) 9.8900, current loss (val) 11.2838, best loss (val) 10.7292 
Epoch 125, current loss (training) 9.6702, current loss (val) 11.2786, best loss (val) 10.7292 
Epoch 126, current loss (training) 9.7205, current loss (val) 11.3032, best loss (val) 10.7292 
Epoch 127, current loss (training) 9.7820, current loss (val) 11.4101, best loss (val) 10.7292 
Epoch 128, current loss (training) 10.4262, current loss (val) 11.3489, best loss (val) 10.7292 
Epoch 129, current loss (training) 9.5684, current loss (val) 11.3380, best loss (val) 10.7292 
Epoch 130, current loss (training) 9.9401, current loss (val) 11.4008, best loss (val) 10.7292 
Epoch 131, current loss (training) 9.7986, current loss (val) 11.4263, best loss (val) 10.7292 
Epoch 132, current loss (training) 9.8167, current loss (val) 11.2871, best loss (val) 10.7292 
Epoch 133, current loss (training) 9.7773, current loss (val) 11.3832, best loss (val) 10.7292 
Epoch 134, current loss (training) 9.8806, current loss (val) 11.3043, best loss (val) 10.7292 
Epoch 135, current loss (training) 10.1406, current loss (val) 11.3385, best loss (val) 10.7292 
Epoch 136, current loss (training) 9.5967, current loss (val) 11.3690, best loss (val) 10.7292 
Epoch 137, current loss (training) 9.8948, current loss (val) 11.3575, best loss (val) 10.7292 
Epoch 138, current loss (training) 10.1027, current loss (val) 11.3237, best loss (val) 10.7292 
Epoch 139, current loss (training) 10.0745, current loss (val) 11.3356, best loss (val) 10.7292 
Epoch 140, current loss (training) 9.6536, current loss (val) 11.3599, best loss (val) 10.7292 
Epoch 141, current loss (training) 9.7605, current loss (val) 11.2931, best loss (val) 10.7292 
Epoch 142, current loss (training) 9.6658, current loss (val) 11.3418, best loss (val) 10.7292 
Epoch 143, current loss (training) 9.6719, current loss (val) 11.3311, best loss (val) 10.7292 
Epoch 144, current loss (training) 9.5044, current loss (val) 11.3328, best loss (val) 10.7292 
Epoch 145, current loss (training) 9.7645, current loss (val) 11.3591, best loss (val) 10.7292 
Epoch 146, current loss (training) 9.7646, current loss (val) 11.4267, best loss (val) 10.7292 
Epoch 147, current loss (training) 9.7469, current loss (val) 11.3626, best loss (val) 10.7292 
Epoch 148, current loss (training) 9.5898, current loss (val) 11.3692, best loss (val) 10.7292 
Epoch 149, current loss (training) 9.8978, current loss (val) 11.3579, best loss (val) 10.7292 
Epoch 150, current loss (training) 9.8002, current loss (val) 11.4926, best loss (val) 10.7292 
Epoch 151, current loss (training) 9.5024, current loss (val) 11.5285, best loss (val) 10.7292 
Epoch 152, current loss (training) 9.6402, current loss (val) 11.4344, best loss (val) 10.7292 
Epoch 153, current loss (training) 9.6774, current loss (val) 11.5611, best loss (val) 10.7292 
Epoch 154, current loss (training) 9.8274, current loss (val) 11.3433, best loss (val) 10.7292 
Epoch 155, current loss (training) 9.4588, current loss (val) 11.4356, best loss (val) 10.7292 
Epoch 156, current loss (training) 9.7493, current loss (val) 11.2264, best loss (val) 10.7292 
Epoch 157, current loss (training) 9.8099, current loss (val) 11.4374, best loss (val) 10.7292 
Epoch 158, current loss (training) 9.9026, current loss (val) 11.4308, best loss (val) 10.7292 
Epoch 159, current loss (training) 10.0438, current loss (val) 11.4820, best loss (val) 10.7292 
Epoch 160, current loss (training) 9.7520, current loss (val) 11.4992, best loss (val) 10.7292 
Epoch 161, current loss (training) 9.5466, current loss (val) 11.4720, best loss (val) 10.7292 
Epoch 162, current loss (training) 9.6908, current loss (val) 11.3857, best loss (val) 10.7292 
Epoch 163, current loss (training) 9.5030, current loss (val) 11.4126, best loss (val) 10.7292 
Epoch 164, current loss (training) 9.9053, current loss (val) 11.3046, best loss (val) 10.7292 
Epoch 165, current loss (training) 9.6335, current loss (val) 11.3892, best loss (val) 10.7292 
Epoch 166, current loss (training) 9.5637, current loss (val) 11.4523, best loss (val) 10.7292 
Epoch 167, current loss (training) 9.4726, current loss (val) 11.4079, best loss (val) 10.7292 
Epoch 168, current loss (training) 10.6039, current loss (val) 11.5120, best loss (val) 10.7292 
Epoch 169, current loss (training) 9.7288, current loss (val) 11.4011, best loss (val) 10.7292 
Epoch 170, current loss (training) 9.6394, current loss (val) 11.5009, best loss (val) 10.7292 
Epoch 171, current loss (training) 9.2359, current loss (val) 11.4386, best loss (val) 10.7292 
Epoch 172, current loss (training) 9.3347, current loss (val) 11.5019, best loss (val) 10.7292 
Epoch 173, current loss (training) 9.5951, current loss (val) 11.3902, best loss (val) 10.7292 
Epoch 174, current loss (training) 9.2952, current loss (val) 11.3236, best loss (val) 10.7292 
Epoch 175, current loss (training) 9.8459, current loss (val) 11.4890, best loss (val) 10.7292 
Epoch 176, current loss (training) 9.5181, current loss (val) 11.4172, best loss (val) 10.7292 
Epoch 177, current loss (training) 9.3890, current loss (val) 11.3699, best loss (val) 10.7292 
Epoch 178, current loss (training) 9.4328, current loss (val) 11.5446, best loss (val) 10.7292 
Epoch 179, current loss (training) 9.7658, current loss (val) 11.4670, best loss (val) 10.7292 
Epoch 180, current loss (training) 9.7694, current loss (val) 11.5735, best loss (val) 10.7292 
Epoch 181, current loss (training) 9.8579, current loss (val) 11.5109, best loss (val) 10.7292 
Epoch 182, current loss (training) 9.3923, current loss (val) 11.6240, best loss (val) 10.7292 
Epoch 183, current loss (training) 9.5674, current loss (val) 11.5717, best loss (val) 10.7292 
Epoch 184, current loss (training) 9.6728, current loss (val) 11.3642, best loss (val) 10.7292 
Epoch 185, current loss (training) 9.4586, current loss (val) 11.5434, best loss (val) 10.7292 
Epoch 186, current loss (training) 9.4327, current loss (val) 11.4500, best loss (val) 10.7292 
Epoch 187, current loss (training) 9.4454, current loss (val) 11.6205, best loss (val) 10.7292 
Epoch 188, current loss (training) 9.5239, current loss (val) 11.3975, best loss (val) 10.7292 
Epoch 189, current loss (training) 9.7526, current loss (val) 11.3075, best loss (val) 10.7292 
Epoch 190, current loss (training) 9.4432, current loss (val) 11.4192, best loss (val) 10.7292 
Epoch 191, current loss (training) 9.8123, current loss (val) 11.3817, best loss (val) 10.7292 
Epoch 192, current loss (training) 9.5973, current loss (val) 11.5338, best loss (val) 10.7292 
Epoch 193, current loss (training) 9.2620, current loss (val) 11.4552, best loss (val) 10.7292 
Epoch 194, current loss (training) 9.7239, current loss (val) 11.4084, best loss (val) 10.7292 
Epoch 195, current loss (training) 9.8271, current loss (val) 11.3698, best loss (val) 10.7292 
Epoch 196, current loss (training) 9.6253, current loss (val) 11.4306, best loss (val) 10.7292 
Epoch 197, current loss (training) 9.8279, current loss (val) 11.5617, best loss (val) 10.7292 
Epoch 198, current loss (training) 9.5733, current loss (val) 11.5229, best loss (val) 10.7292 
Epoch 199, current loss (training) 9.6510, current loss (val) 11.3834, best loss (val) 10.7292 
Epoch 200, current loss (training) 9.5358, current loss (val) 11.4435, best loss (val) 10.7292 
Epoch 201, current loss (training) 9.4332, current loss (val) 11.5079, best loss (val) 10.7292 
Epoch 202, current loss (training) 9.5676, current loss (val) 11.5623, best loss (val) 10.7292 
Epoch 203, current loss (training) 9.5895, current loss (val) 11.6715, best loss (val) 10.7292 
Epoch 204, current loss (training) 9.5373, current loss (val) 11.5292, best loss (val) 10.7292 
Epoch 205, current loss (training) 9.4592, current loss (val) 11.5609, best loss (val) 10.7292 
Epoch 206, current loss (training) 9.3840, current loss (val) 11.5481, best loss (val) 10.7292 
Epoch 207, current loss (training) 9.3352, current loss (val) 11.6530, best loss (val) 10.7292 
Epoch 208, current loss (training) 9.9397, current loss (val) 11.6106, best loss (val) 10.7292 
Epoch 209, current loss (training) 9.3858, current loss (val) 11.3908, best loss (val) 10.7292 
Epoch 210, current loss (training) 9.2912, current loss (val) 11.5427, best loss (val) 10.7292 
Epoch 211, current loss (training) 9.4017, current loss (val) 11.5427, best loss (val) 10.7292 
Epoch 212, current loss (training) 9.8234, current loss (val) 11.4073, best loss (val) 10.7292 
Epoch 213, current loss (training) 9.6082, current loss (val) 11.4963, best loss (val) 10.7292 
Epoch 214, current loss (training) 9.5884, current loss (val) 11.5827, best loss (val) 10.7292 
Epoch 215, current loss (training) 9.4719, current loss (val) 11.4180, best loss (val) 10.7292 
Epoch 216, current loss (training) 10.1008, current loss (val) 11.5446, best loss (val) 10.7292 
Epoch 217, current loss (training) 9.7251, current loss (val) 11.3659, best loss (val) 10.7292 
Epoch 218, current loss (training) 9.5575, current loss (val) 11.3970, best loss (val) 10.7292 
Epoch 219, current loss (training) 9.6939, current loss (val) 11.8970, best loss (val) 10.7292 
Epoch 220, current loss (training) 9.6167, current loss (val) 11.4598, best loss (val) 10.7292 
Epoch 221, current loss (training) 9.9636, current loss (val) 11.7753, best loss (val) 10.7292 
Epoch 222, current loss (training) 9.8566, current loss (val) 11.6453, best loss (val) 10.7292 
Epoch 223, current loss (training) 9.1868, current loss (val) 11.5375, best loss (val) 10.7292 
Epoch 224, current loss (training) 9.4677, current loss (val) 11.4919, best loss (val) 10.7292 
Epoch 225, current loss (training) 9.4734, current loss (val) 11.5790, best loss (val) 10.7292 
Epoch 226, current loss (training) 9.6962, current loss (val) 11.4880, best loss (val) 10.7292 
Epoch 227, current loss (training) 9.8426, current loss (val) 11.5099, best loss (val) 10.7292 
Epoch 228, current loss (training) 9.5330, current loss (val) 11.4795, best loss (val) 10.7292 
Epoch 229, current loss (training) 9.5055, current loss (val) 11.5142, best loss (val) 10.7292 
Epoch 230, current loss (training) 9.6780, current loss (val) 11.4352, best loss (val) 10.7292 
Epoch 231, current loss (training) 9.4051, current loss (val) 11.4255, best loss (val) 10.7292 
Epoch 232, current loss (training) 9.2701, current loss (val) 11.4815, best loss (val) 10.7292 
Epoch 233, current loss (training) 9.8166, current loss (val) 11.6620, best loss (val) 10.7292 
Epoch 234, current loss (training) 9.5492, current loss (val) 11.7901, best loss (val) 10.7292 
Epoch 235, current loss (training) 9.9065, current loss (val) 11.3870, best loss (val) 10.7292 
Epoch 236, current loss (training) 9.3586, current loss (val) 11.4577, best loss (val) 10.7292 
Epoch 237, current loss (training) 9.4701, current loss (val) 11.6240, best loss (val) 10.7292 
Epoch 238, current loss (training) 9.8056, current loss (val) 11.5669, best loss (val) 10.7292 
Epoch 239, current loss (training) 9.5221, current loss (val) 11.4837, best loss (val) 10.7292 
Epoch 240, current loss (training) 9.9256, current loss (val) 11.5353, best loss (val) 10.7292 
Epoch 241, current loss (training) 9.7061, current loss (val) 11.5258, best loss (val) 10.7292 
Epoch 242, current loss (training) 9.9899, current loss (val) 11.6625, best loss (val) 10.7292 
Epoch 243, current loss (training) 9.4622, current loss (val) 11.7049, best loss (val) 10.7292 
Epoch 244, current loss (training) 9.6738, current loss (val) 11.5501, best loss (val) 10.7292 
Epoch 245, current loss (training) 9.6445, current loss (val) 11.5501, best loss (val) 10.7292 
Epoch 246, current loss (training) 10.2166, current loss (val) 11.5428, best loss (val) 10.7292 
Epoch 247, current loss (training) 9.6059, current loss (val) 11.6097, best loss (val) 10.7292 
Epoch 248, current loss (training) 9.3809, current loss (val) 11.6320, best loss (val) 10.7292 
Epoch 249, current loss (training) 9.4554, current loss (val) 11.4549, best loss (val) 10.7292 
Epoch 250, current loss (training) 9.8733, current loss (val) 11.4498, best loss (val) 10.7292 
10.729222
run_time_first_training_cycle:  14191.20 

Epochs 250, batch size, 200
Nbr training obs 500000, nbr parameters 26039, obs/parameters 19.20

Starting abc-rs
Percentage done:  10.00 %
Percentage done:  20.00 %
Percentage done:  30.00 %
Percentage done:  40.00 %
Percentage done:  50.00 %
Percentage done:  60.00 %
Percentage done:  70.00 %
Percentage done:  80.00 %
Percentage done:  90.00 %
Percentage done:  100.00 %
Ending abc-rs
end script
Round:1
Round:5
Starting abc-rs
Percentage done:  10.00 %
Percentage done:  20.00 %
Percentage done:  30.00 %
Percentage done:  40.00 %
Percentage done:  50.00 %
Percentage done:  60.00 %
Percentage done:  70.00 %
Percentage done:  80.00 %
Percentage done:  90.00 %
Percentage done:  100.00 %
Ending abc-rs
 15.047634 seconds (4.75 M allocations: 668.886 MiB, 1.40% gc time)
Round:9
Starting abc-rs
Percentage done:  10.00 %
Percentage done:  20.00 %
Percentage done:  30.00 %
Percentage done:  40.00 %
Percentage done:  50.00 %
Percentage done:  60.00 %
Percentage done:  70.00 %
Percentage done:  80.00 %
Percentage done:  90.00 %
Percentage done:  100.00 %
Ending abc-rs
 13.740616 seconds (2.80 M allocations: 575.256 MiB, 0.56% gc time)
Round:13
Starting abc-rs
Percentage done:  10.00 %
Percentage done:  20.00 %
Percentage done:  30.00 %
Percentage done:  40.00 %
Percentage done:  50.00 %
Percentage done:  60.00 %
Percentage done:  70.00 %
Percentage done:  80.00 %
Percentage done:  90.00 %
Percentage done:  100.00 %
Ending abc-rs
 13.746201 seconds (2.80 M allocations: 575.256 MiB, 0.56% gc time)
Round:17
Starting abc-rs
Percentage done:  10.00 %
Percentage done:  20.00 %
Percentage done:  30.00 %
Percentage done:  40.00 %
Percentage done:  50.00 %
Percentage done:  60.00 %
Percentage done:  70.00 %
Percentage done:  80.00 %
Percentage done:  90.00 %
Percentage done:  100.00 %
Ending abc-rs
 13.803432 seconds (2.80 M allocations: 575.256 MiB, 0.58% gc time)
Round:21
Starting abc-rs
Percentage done:  10.00 %
Percentage done:  20.00 %
Percentage done:  30.00 %
Percentage done:  40.00 %
Percentage done:  50.00 %
Percentage done:  60.00 %
Percentage done:  70.00 %
Percentage done:  80.00 %
Percentage done:  90.00 %
Percentage done:  100.00 %
Ending abc-rs
 13.764045 seconds (2.80 M allocations: 575.256 MiB, 0.56% gc time)
Round:25
Starting abc-rs
Percentage done:  10.00 %
Percentage done:  20.00 %
Percentage done:  30.00 %
Percentage done:  40.00 %
Percentage done:  50.00 %
Percentage done:  60.00 %
Percentage done:  70.00 %
Percentage done:  80.00 %
Percentage done:  90.00 %
Percentage done:  100.00 %
Ending abc-rs
 13.753210 seconds (2.80 M allocations: 575.256 MiB, 0.56% gc time)
Round:29
Starting abc-rs
Percentage done:  10.00 %
Percentage done:  20.00 %
Percentage done:  30.00 %
Percentage done:  40.00 %
Percentage done:  50.00 %
Percentage done:  60.00 %
Percentage done:  70.00 %
Percentage done:  80.00 %
Percentage done:  90.00 %
Percentage done:  100.00 %
Ending abc-rs
 13.807949 seconds (2.80 M allocations: 575.256 MiB, 0.56% gc time)
Round:33
Starting abc-rs
Percentage done:  10.00 %
Percentage done:  20.00 %
Percentage done:  30.00 %
Percentage done:  40.00 %
Percentage done:  50.00 %
Percentage done:  60.00 %
Percentage done:  70.00 %
Percentage done:  80.00 %
Percentage done:  90.00 %
Percentage done:  100.00 %
Ending abc-rs
 13.798885 seconds (2.80 M allocations: 575.256 MiB, 0.58% gc time)
Round:37
Starting abc-rs
Percentage done:  10.00 %
Percentage done:  20.00 %
Percentage done:  30.00 %
Percentage done:  40.00 %
Percentage done:  50.00 %
Percentage done:  60.00 %
Percentage done:  70.00 %
Percentage done:  80.00 %
Percentage done:  90.00 %
Percentage done:  100.00 %
Ending abc-rs
 13.770612 seconds (2.80 M allocations: 575.256 MiB, 0.99% gc time)
Round:41
Starting abc-rs
Percentage done:  10.00 %
Percentage done:  20.00 %
Percentage done:  30.00 %
Percentage done:  40.00 %
Percentage done:  50.00 %
Percentage done:  60.00 %
Percentage done:  70.00 %
Percentage done:  80.00 %
Percentage done:  90.00 %
Percentage done:  100.00 %
Ending abc-rs
 13.766705 seconds (2.80 M allocations: 575.256 MiB, 0.56% gc time)
Round:45
Starting abc-rs
Percentage done:  10.00 %
Percentage done:  20.00 %
Percentage done:  30.00 %
Percentage done:  40.00 %
Percentage done:  50.00 %
Percentage done:  60.00 %
Percentage done:  70.00 %
Percentage done:  80.00 %
Percentage done:  90.00 %
Percentage done:  100.00 %
Ending abc-rs
 13.788909 seconds (2.80 M allocations: 575.256 MiB, 0.73% gc time)
Round:49
Starting abc-rs
Percentage done:  10.00 %
Percentage done:  20.00 %
Percentage done:  30.00 %
Percentage done:  40.00 %
Percentage done:  50.00 %
Percentage done:  60.00 %
Percentage done:  70.00 %
Percentage done:  80.00 %
Percentage done:  90.00 %
Percentage done:  100.00 %
Ending abc-rs
 13.790780 seconds (2.80 M allocations: 575.256 MiB, 0.56% gc time)
Round:53
Starting abc-rs
Percentage done:  10.00 %
Percentage done:  20.00 %
Percentage done:  30.00 %
Percentage done:  40.00 %
Percentage done:  50.00 %
Percentage done:  60.00 %
Percentage done:  70.00 %
Percentage done:  80.00 %
Percentage done:  90.00 %
Percentage done:  100.00 %
Ending abc-rs
 13.771828 seconds (2.80 M allocations: 575.256 MiB, 0.56% gc time)
Round:57
Starting abc-rs
Percentage done:  10.00 %
Percentage done:  20.00 %
Percentage done:  30.00 %
Percentage done:  40.00 %
Percentage done:  50.00 %
Percentage done:  60.00 %
Percentage done:  70.00 %
Percentage done:  80.00 %
Percentage done:  90.00 %
Percentage done:  100.00 %
Ending abc-rs
 13.825820 seconds (2.80 M allocations: 575.256 MiB, 0.56% gc time)
Round:61
Starting abc-rs
Percentage done:  10.00 %
Percentage done:  20.00 %
Percentage done:  30.00 %
Percentage done:  40.00 %
Percentage done:  50.00 %
Percentage done:  60.00 %
Percentage done:  70.00 %
Percentage done:  80.00 %
Percentage done:  90.00 %
Percentage done:  100.00 %
Ending abc-rs
 13.790757 seconds (2.80 M allocations: 575.256 MiB, 0.77% gc time)
Round:65
Starting abc-rs
Percentage done:  10.00 %
Percentage done:  20.00 %
Percentage done:  30.00 %
Percentage done:  40.00 %
Percentage done:  50.00 %
Percentage done:  60.00 %
Percentage done:  70.00 %
Percentage done:  80.00 %
Percentage done:  90.00 %
Percentage done:  100.00 %
Ending abc-rs
 13.784342 seconds (2.80 M allocations: 575.256 MiB, 0.56% gc time)
Round:69
Starting abc-rs
Percentage done:  10.00 %
Percentage done:  20.00 %
Percentage done:  30.00 %
Percentage done:  40.00 %
Percentage done:  50.00 %
Percentage done:  60.00 %
Percentage done:  70.00 %
Percentage done:  80.00 %
Percentage done:  90.00 %
Percentage done:  100.00 %
Ending abc-rs
 13.771773 seconds (2.80 M allocations: 575.256 MiB, 0.56% gc time)
Round:73
Starting abc-rs
Percentage done:  10.00 %
Percentage done:  20.00 %
Percentage done:  30.00 %
Percentage done:  40.00 %
Percentage done:  50.00 %
Percentage done:  60.00 %
Percentage done:  70.00 %
Percentage done:  80.00 %
Percentage done:  90.00 %
Percentage done:  100.00 %
Ending abc-rs
 13.790958 seconds (2.80 M allocations: 575.256 MiB, 0.58% gc time)
Round:77
Starting abc-rs
Percentage done:  10.00 %
Percentage done:  20.00 %
Percentage done:  30.00 %
Percentage done:  40.00 %
Percentage done:  50.00 %
Percentage done:  60.00 %
Percentage done:  70.00 %
Percentage done:  80.00 %
Percentage done:  90.00 %
Percentage done:  100.00 %
Ending abc-rs
 13.773254 seconds (2.80 M allocations: 575.256 MiB, 0.72% gc time)
Round:81
Starting abc-rs
Percentage done:  10.00 %
Percentage done:  20.00 %
Percentage done:  30.00 %
Percentage done:  40.00 %
Percentage done:  50.00 %
Percentage done:  60.00 %
Percentage done:  70.00 %
Percentage done:  80.00 %
Percentage done:  90.00 %
Percentage done:  100.00 %
Ending abc-rs
 13.769956 seconds (2.80 M allocations: 575.256 MiB, 0.56% gc time)
Round:85
Starting abc-rs
Percentage done:  10.00 %
Percentage done:  20.00 %
Percentage done:  30.00 %
Percentage done:  40.00 %
Percentage done:  50.00 %
Percentage done:  60.00 %
Percentage done:  70.00 %
Percentage done:  80.00 %
Percentage done:  90.00 %
Percentage done:  100.00 %
Ending abc-rs
 13.813689 seconds (2.80 M allocations: 575.256 MiB, 0.58% gc time)
Round:89
Starting abc-rs
Percentage done:  10.00 %
Percentage done:  20.00 %
Percentage done:  30.00 %
Percentage done:  40.00 %
Percentage done:  50.00 %
Percentage done:  60.00 %
Percentage done:  70.00 %
Percentage done:  80.00 %
Percentage done:  90.00 %
Percentage done:  100.00 %
Ending abc-rs
 13.771009 seconds (2.80 M allocations: 575.256 MiB, 0.56% gc time)
Round:93
Starting abc-rs
Percentage done:  10.00 %
Percentage done:  20.00 %
Percentage done:  30.00 %
Percentage done:  40.00 %
Percentage done:  50.00 %
Percentage done:  60.00 %
Percentage done:  70.00 %
Percentage done:  80.00 %
Percentage done:  90.00 %
Percentage done:  100.00 %
Ending abc-rs
 13.765671 seconds (2.80 M allocations: 575.256 MiB, 0.56% gc time)
Round:97
Starting abc-rs
Percentage done:  10.00 %
Percentage done:  20.00 %
Percentage done:  30.00 %
Percentage done:  40.00 %
Percentage done:  50.00 %
Percentage done:  60.00 %
Percentage done:  70.00 %
Percentage done:  80.00 %
Percentage done:  90.00 %
Percentage done:  100.00 %
Ending abc-rs
 13.814922 seconds (2.80 M allocations: 575.256 MiB, 0.77% gc time)
Round:101
Starting abc-rs
Percentage done:  10.00 %
Percentage done:  20.00 %
Percentage done:  30.00 %
Percentage done:  40.00 %
Percentage done:  50.00 %
Percentage done:  60.00 %
Percentage done:  70.00 %
Percentage done:  80.00 %
Percentage done:  90.00 %
Percentage done:  100.00 %
Ending abc-rs
 13.797307 seconds (2.80 M allocations: 575.256 MiB, 0.58% gc time)
Round:105
Starting abc-rs
Percentage done:  10.00 %
Percentage done:  20.00 %
Percentage done:  30.00 %
Percentage done:  40.00 %
Percentage done:  50.00 %
Percentage done:  60.00 %
Percentage done:  70.00 %
Percentage done:  80.00 %
Percentage done:  90.00 %
Percentage done:  100.00 %
Ending abc-rs
 13.776112 seconds (2.80 M allocations: 575.256 MiB, 0.72% gc time)
Round:109
Starting abc-rs
Percentage done:  10.00 %
Percentage done:  20.00 %
Percentage done:  30.00 %
Percentage done:  40.00 %
Percentage done:  50.00 %
Percentage done:  60.00 %
Percentage done:  70.00 %
Percentage done:  80.00 %
Percentage done:  90.00 %
Percentage done:  100.00 %
Ending abc-rs
 13.770278 seconds (2.80 M allocations: 575.256 MiB, 0.56% gc time)
Round:113
Starting abc-rs
Percentage done:  10.00 %
Percentage done:  20.00 %
Percentage done:  30.00 %
Percentage done:  40.00 %
Percentage done:  50.00 %
Percentage done:  60.00 %
Percentage done:  70.00 %
Percentage done:  80.00 %
Percentage done:  90.00 %
Percentage done:  100.00 %
Ending abc-rs
 13.794274 seconds (2.80 M allocations: 575.256 MiB, 0.73% gc time)
Round:117
Starting abc-rs
Percentage done:  10.00 %
Percentage done:  20.00 %
Percentage done:  30.00 %
Percentage done:  40.00 %
Percentage done:  50.00 %
Percentage done:  60.00 %
Percentage done:  70.00 %
Percentage done:  80.00 %
Percentage done:  90.00 %
Percentage done:  100.00 %
Ending abc-rs
 13.806398 seconds (2.80 M allocations: 575.256 MiB, 0.87% gc time)
Round:121
Starting abc-rs
Percentage done:  10.00 %
Percentage done:  20.00 %
Percentage done:  30.00 %
Percentage done:  40.00 %
Percentage done:  50.00 %
Percentage done:  60.00 %
Percentage done:  70.00 %
Percentage done:  80.00 %
Percentage done:  90.00 %
Percentage done:  100.00 %
Ending abc-rs
 13.797119 seconds (2.80 M allocations: 575.256 MiB, 0.56% gc time)
Round:125
Starting abc-rs
Percentage done:  10.00 %
Percentage done:  20.00 %
Percentage done:  30.00 %
Percentage done:  40.00 %
Percentage done:  50.00 %
Percentage done:  60.00 %
Percentage done:  70.00 %
Percentage done:  80.00 %
Percentage done:  90.00 %
Percentage done:  100.00 %
Ending abc-rs
 13.875658 seconds (2.80 M allocations: 575.256 MiB, 0.97% gc time)
Round:129
Starting abc-rs
Percentage done:  10.00 %
Percentage done:  20.00 %
Percentage done:  30.00 %
Percentage done:  40.00 %
Percentage done:  50.00 %
Percentage done:  60.00 %
Percentage done:  70.00 %
Percentage done:  80.00 %
Percentage done:  90.00 %
Percentage done:  100.00 %
Ending abc-rs
 13.786564 seconds (2.80 M allocations: 575.256 MiB, 0.56% gc time)
Round:133
Starting abc-rs
Percentage done:  10.00 %
Percentage done:  20.00 %
Percentage done:  30.00 %
Percentage done:  40.00 %
Percentage done:  50.00 %
Percentage done:  60.00 %
Percentage done:  70.00 %
Percentage done:  80.00 %
Percentage done:  90.00 %
Percentage done:  100.00 %
Ending abc-rs
 13.785077 seconds (2.80 M allocations: 575.256 MiB, 0.56% gc time)
Round:137
Starting abc-rs
Percentage done:  10.00 %
Percentage done:  20.00 %
Percentage done:  30.00 %
Percentage done:  40.00 %
Percentage done:  50.00 %
Percentage done:  60.00 %
Percentage done:  70.00 %
Percentage done:  80.00 %
Percentage done:  90.00 %
Percentage done:  100.00 %
Ending abc-rs
 13.788985 seconds (2.80 M allocations: 575.256 MiB, 0.72% gc time)
Round:141
Starting abc-rs
Percentage done:  10.00 %
Percentage done:  20.00 %
Percentage done:  30.00 %
Percentage done:  40.00 %
Percentage done:  50.00 %
Percentage done:  60.00 %
Percentage done:  70.00 %
Percentage done:  80.00 %
Percentage done:  90.00 %
Percentage done:  100.00 %
Ending abc-rs
 13.802311 seconds (2.80 M allocations: 575.256 MiB, 0.89% gc time)
Round:145
Starting abc-rs
Percentage done:  10.00 %
Percentage done:  20.00 %
Percentage done:  30.00 %
Percentage done:  40.00 %
Percentage done:  50.00 %
Percentage done:  60.00 %
Percentage done:  70.00 %
Percentage done:  80.00 %
Percentage done:  90.00 %
Percentage done:  100.00 %
Ending abc-rs
 13.777573 seconds (2.80 M allocations: 575.256 MiB, 0.57% gc time)
Round:149
Starting abc-rs
Percentage done:  10.00 %
Percentage done:  20.00 %
Percentage done:  30.00 %
Percentage done:  40.00 %
Percentage done:  50.00 %
Percentage done:  60.00 %
Percentage done:  70.00 %
Percentage done:  80.00 %
Percentage done:  90.00 %
Percentage done:  100.00 %
Ending abc-rs
 13.780065 seconds (2.80 M allocations: 575.256 MiB, 0.56% gc time)
Round:153
Starting abc-rs
Percentage done:  10.00 %
Percentage done:  20.00 %
Percentage done:  30.00 %
Percentage done:  40.00 %
Percentage done:  50.00 %
Percentage done:  60.00 %
Percentage done:  70.00 %
Percentage done:  80.00 %
Percentage done:  90.00 %
Percentage done:  100.00 %
Ending abc-rs
 13.794661 seconds (2.80 M allocations: 575.256 MiB, 0.73% gc time)
Round:157
Starting abc-rs
Percentage done:  10.00 %
Percentage done:  20.00 %
Percentage done:  30.00 %
Percentage done:  40.00 %
Percentage done:  50.00 %
Percentage done:  60.00 %
Percentage done:  70.00 %
Percentage done:  80.00 %
Percentage done:  90.00 %
Percentage done:  100.00 %
Ending abc-rs
 13.776929 seconds (2.80 M allocations: 575.256 MiB, 0.56% gc time)
Round:161
Starting abc-rs
Percentage done:  10.00 %
Percentage done:  20.00 %
Percentage done:  30.00 %
Percentage done:  40.00 %
Percentage done:  50.00 %
Percentage done:  60.00 %
Percentage done:  70.00 %
Percentage done:  80.00 %
Percentage done:  90.00 %
Percentage done:  100.00 %
Ending abc-rs
 13.778737 seconds (2.80 M allocations: 575.256 MiB, 0.56% gc time)
Round:165
Starting abc-rs
Percentage done:  10.00 %
Percentage done:  20.00 %
Percentage done:  30.00 %
Percentage done:  40.00 %
Percentage done:  50.00 %
Percentage done:  60.00 %
Percentage done:  70.00 %
Percentage done:  80.00 %
Percentage done:  90.00 %
Percentage done:  100.00 %
Ending abc-rs
 13.813564 seconds (2.80 M allocations: 575.256 MiB, 0.75% gc time)
Round:169
Starting abc-rs
Percentage done:  10.00 %
Percentage done:  20.00 %
Percentage done:  30.00 %
Percentage done:  40.00 %
Percentage done:  50.00 %
Percentage done:  60.00 %
Percentage done:  70.00 %
Percentage done:  80.00 %
Percentage done:  90.00 %
Percentage done:  100.00 %
Ending abc-rs
 13.806339 seconds (2.80 M allocations: 575.256 MiB, 0.73% gc time)
Round:173
Starting abc-rs
Percentage done:  10.00 %
Percentage done:  20.00 %
Percentage done:  30.00 %
Percentage done:  40.00 %
Percentage done:  50.00 %
Percentage done:  60.00 %
Percentage done:  70.00 %
Percentage done:  80.00 %
Percentage done:  90.00 %
Percentage done:  100.00 %
Ending abc-rs
 13.774615 seconds (2.80 M allocations: 575.256 MiB, 0.56% gc time)
Round:177
Starting abc-rs
Percentage done:  10.00 %
Percentage done:  20.00 %
Percentage done:  30.00 %
Percentage done:  40.00 %
Percentage done:  50.00 %
Percentage done:  60.00 %
Percentage done:  70.00 %
Percentage done:  80.00 %
Percentage done:  90.00 %
Percentage done:  100.00 %
Ending abc-rs
 13.794436 seconds (2.80 M allocations: 575.256 MiB, 0.56% gc time)
Round:181
Starting abc-rs
Percentage done:  10.00 %
Percentage done:  20.00 %
Percentage done:  30.00 %
Percentage done:  40.00 %
Percentage done:  50.00 %
Percentage done:  60.00 %
Percentage done:  70.00 %
Percentage done:  80.00 %
Percentage done:  90.00 %
Percentage done:  100.00 %
Ending abc-rs
 13.800434 seconds (2.80 M allocations: 575.256 MiB, 0.74% gc time)
Round:185
Starting abc-rs
Percentage done:  10.00 %
Percentage done:  20.00 %
Percentage done:  30.00 %
Percentage done:  40.00 %
Percentage done:  50.00 %
Percentage done:  60.00 %
Percentage done:  70.00 %
Percentage done:  80.00 %
Percentage done:  90.00 %
Percentage done:  100.00 %
Ending abc-rs
 13.779101 seconds (2.80 M allocations: 575.256 MiB, 0.56% gc time)
Round:189
Starting abc-rs
Percentage done:  10.00 %
Percentage done:  20.00 %
Percentage done:  30.00 %
Percentage done:  40.00 %
Percentage done:  50.00 %
Percentage done:  60.00 %
Percentage done:  70.00 %
Percentage done:  80.00 %
Percentage done:  90.00 %
Percentage done:  100.00 %
Ending abc-rs
 13.784387 seconds (2.80 M allocations: 575.256 MiB, 0.56% gc time)
Round:193
Starting abc-rs
Percentage done:  10.00 %
Percentage done:  20.00 %
Percentage done:  30.00 %
Percentage done:  40.00 %
Percentage done:  50.00 %
Percentage done:  60.00 %
Percentage done:  70.00 %
Percentage done:  80.00 %
Percentage done:  90.00 %
Percentage done:  100.00 %
Ending abc-rs
 13.810265 seconds (2.80 M allocations: 575.256 MiB, 0.58% gc time)
Round:197
Starting abc-rs
Percentage done:  10.00 %
Percentage done:  20.00 %
Percentage done:  30.00 %
Percentage done:  40.00 %
Percentage done:  50.00 %
Percentage done:  60.00 %
Percentage done:  70.00 %
Percentage done:  80.00 %
Percentage done:  90.00 %
Percentage done:  100.00 %
Ending abc-rs
 13.789264 seconds (2.80 M allocations: 575.256 MiB, 0.72% gc time)
Round:201
Starting abc-rs
Percentage done:  10.00 %
Percentage done:  20.00 %
Percentage done:  30.00 %
Percentage done:  40.00 %
Percentage done:  50.00 %
Percentage done:  60.00 %
Percentage done:  70.00 %
Percentage done:  80.00 %
Percentage done:  90.00 %
Percentage done:  100.00 %
Ending abc-rs
 13.783405 seconds (2.80 M allocations: 575.256 MiB, 0.56% gc time)
Round:205
Starting abc-rs
Percentage done:  10.00 %
Percentage done:  20.00 %
Percentage done:  30.00 %
Percentage done:  40.00 %
Percentage done:  50.00 %
Percentage done:  60.00 %
Percentage done:  70.00 %
Percentage done:  80.00 %
Percentage done:  90.00 %
Percentage done:  100.00 %
Ending abc-rs
 13.774776 seconds (2.80 M allocations: 575.256 MiB, 0.71% gc time)
Round:209
Starting abc-rs
Percentage done:  10.00 %
Percentage done:  20.00 %
Percentage done:  30.00 %
Percentage done:  40.00 %
Percentage done:  50.00 %
Percentage done:  60.00 %
Percentage done:  70.00 %
Percentage done:  80.00 %
Percentage done:  90.00 %
Percentage done:  100.00 %
Ending abc-rs
 13.804431 seconds (2.80 M allocations: 575.256 MiB, 0.58% gc time)
Round:213
Starting abc-rs
Percentage done:  10.00 %
Percentage done:  20.00 %
Percentage done:  30.00 %
Percentage done:  40.00 %
Percentage done:  50.00 %
Percentage done:  60.00 %
Percentage done:  70.00 %
Percentage done:  80.00 %
Percentage done:  90.00 %
Percentage done:  100.00 %
Ending abc-rs
 13.782106 seconds (2.80 M allocations: 575.256 MiB, 0.71% gc time)
Round:217
Starting abc-rs
Percentage done:  10.00 %
Percentage done:  20.00 %
Percentage done:  30.00 %
Percentage done:  40.00 %
Percentage done:  50.00 %
Percentage done:  60.00 %
Percentage done:  70.00 %
Percentage done:  80.00 %
Percentage done:  90.00 %
Percentage done:  100.00 %
Ending abc-rs
 13.781310 seconds (2.80 M allocations: 575.256 MiB, 0.56% gc time)
Round:221
Starting abc-rs
Percentage done:  10.00 %
Percentage done:  20.00 %
Percentage done:  30.00 %
Percentage done:  40.00 %
Percentage done:  50.00 %
Percentage done:  60.00 %
Percentage done:  70.00 %
Percentage done:  80.00 %
Percentage done:  90.00 %
Percentage done:  100.00 %
Ending abc-rs
 13.807259 seconds (2.80 M allocations: 575.256 MiB, 0.58% gc time)
Round:225
Starting abc-rs
Percentage done:  10.00 %
Percentage done:  20.00 %
Percentage done:  30.00 %
Percentage done:  40.00 %
Percentage done:  50.00 %
Percentage done:  60.00 %
Percentage done:  70.00 %
Percentage done:  80.00 %
Percentage done:  90.00 %
Percentage done:  100.00 %
Ending abc-rs
 14.244155 seconds (2.80 M allocations: 575.256 MiB, 2.75% gc time)
Round:229
Starting abc-rs
Percentage done:  10.00 %
Percentage done:  20.00 %
Percentage done:  30.00 %
Percentage done:  40.00 %
Percentage done:  50.00 %
Percentage done:  60.00 %
Percentage done:  70.00 %
Percentage done:  80.00 %
Percentage done:  90.00 %
Percentage done:  100.00 %
Ending abc-rs
 13.741865 seconds (2.80 M allocations: 575.256 MiB, 0.56% gc time)
Round:233
Starting abc-rs
Percentage done:  10.00 %
Percentage done:  20.00 %
Percentage done:  30.00 %
Percentage done:  40.00 %
Percentage done:  50.00 %
Percentage done:  60.00 %
Percentage done:  70.00 %
Percentage done:  80.00 %
Percentage done:  90.00 %
Percentage done:  100.00 %
Ending abc-rs
 13.789754 seconds (2.80 M allocations: 575.256 MiB, 0.58% gc time)
Round:237
Starting abc-rs
Percentage done:  10.00 %
Percentage done:  20.00 %
Percentage done:  30.00 %
Percentage done:  40.00 %
Percentage done:  50.00 %
Percentage done:  60.00 %
Percentage done:  70.00 %
Percentage done:  80.00 %
Percentage done:  90.00 %
Percentage done:  100.00 %
Ending abc-rs
 13.742235 seconds (2.80 M allocations: 575.256 MiB, 0.55% gc time)
Round:241
Starting abc-rs
Percentage done:  10.00 %
Percentage done:  20.00 %
Percentage done:  30.00 %
Percentage done:  40.00 %
Percentage done:  50.00 %
Percentage done:  60.00 %
Percentage done:  70.00 %
Percentage done:  80.00 %
Percentage done:  90.00 %
Percentage done:  100.00 %
Ending abc-rs
 13.745094 seconds (2.80 M allocations: 575.256 MiB, 0.55% gc time)
Round:245
Starting abc-rs
Percentage done:  10.00 %
Percentage done:  20.00 %
Percentage done:  30.00 %
Percentage done:  40.00 %
Percentage done:  50.00 %
Percentage done:  60.00 %
Percentage done:  70.00 %
Percentage done:  80.00 %
Percentage done:  90.00 %
Percentage done:  100.00 %
Ending abc-rs
 13.787774 seconds (2.80 M allocations: 575.256 MiB, 0.55% gc time)
Round:249
Starting abc-rs
Percentage done:  10.00 %
Percentage done:  20.00 %
Percentage done:  30.00 %
Percentage done:  40.00 %
Percentage done:  50.00 %
Percentage done:  60.00 %
Percentage done:  70.00 %
Percentage done:  80.00 %
Percentage done:  90.00 %
Percentage done:  100.00 %
Ending abc-rs
 13.784200 seconds (2.80 M allocations: 575.256 MiB, 0.57% gc time)
Round:253
Starting abc-rs
Percentage done:  10.00 %
Percentage done:  20.00 %
Percentage done:  30.00 %
Percentage done:  40.00 %
Percentage done:  50.00 %
Percentage done:  60.00 %
Percentage done:  70.00 %
Percentage done:  80.00 %
Percentage done:  90.00 %
Percentage done:  100.00 %
Ending abc-rs
 13.757388 seconds (2.80 M allocations: 575.256 MiB, 0.55% gc time)
Round:257
Starting abc-rs
Percentage done:  10.00 %
Percentage done:  20.00 %
Percentage done:  30.00 %
Percentage done:  40.00 %
Percentage done:  50.00 %
Percentage done:  60.00 %
Percentage done:  70.00 %
Percentage done:  80.00 %
Percentage done:  90.00 %
Percentage done:  100.00 %
Ending abc-rs
 13.759321 seconds (2.80 M allocations: 575.256 MiB, 0.55% gc time)
Round:261
Starting abc-rs
Percentage done:  10.00 %
Percentage done:  20.00 %
Percentage done:  30.00 %
Percentage done:  40.00 %
Percentage done:  50.00 %
Percentage done:  60.00 %
Percentage done:  70.00 %
Percentage done:  80.00 %
Percentage done:  90.00 %
Percentage done:  100.00 %
Ending abc-rs
 13.786196 seconds (2.80 M allocations: 575.256 MiB, 0.57% gc time)
Round:265
Starting abc-rs
Percentage done:  10.00 %
Percentage done:  20.00 %
Percentage done:  30.00 %
Percentage done:  40.00 %
Percentage done:  50.00 %
Percentage done:  60.00 %
Percentage done:  70.00 %
Percentage done:  80.00 %
Percentage done:  90.00 %
Percentage done:  100.00 %
Ending abc-rs
 13.779764 seconds (2.80 M allocations: 575.256 MiB, 0.55% gc time)
Round:269
Starting abc-rs
Percentage done:  10.00 %
Percentage done:  20.00 %
Percentage done:  30.00 %
Percentage done:  40.00 %
Percentage done:  50.00 %
Percentage done:  60.00 %
Percentage done:  70.00 %
Percentage done:  80.00 %
Percentage done:  90.00 %
Percentage done:  100.00 %
Ending abc-rs
 13.763595 seconds (2.80 M allocations: 575.256 MiB, 0.56% gc time)
Round:273
Starting abc-rs
Percentage done:  10.00 %
Percentage done:  20.00 %
Percentage done:  30.00 %
Percentage done:  40.00 %
Percentage done:  50.00 %
Percentage done:  60.00 %
Percentage done:  70.00 %
Percentage done:  80.00 %
Percentage done:  90.00 %
Percentage done:  100.00 %
Ending abc-rs
 13.800024 seconds (2.80 M allocations: 575.256 MiB, 0.55% gc time)
Round:277
Starting abc-rs
Percentage done:  10.00 %
Percentage done:  20.00 %
Percentage done:  30.00 %
Percentage done:  40.00 %
Percentage done:  50.00 %
Percentage done:  60.00 %
Percentage done:  70.00 %
Percentage done:  80.00 %
Percentage done:  90.00 %
Percentage done:  100.00 %
Ending abc-rs
 13.791348 seconds (2.80 M allocations: 575.256 MiB, 0.74% gc time)
Round:281
Starting abc-rs
Percentage done:  10.00 %
Percentage done:  20.00 %
Percentage done:  30.00 %
Percentage done:  40.00 %
Percentage done:  50.00 %
Percentage done:  60.00 %
Percentage done:  70.00 %
Percentage done:  80.00 %
Percentage done:  90.00 %
Percentage done:  100.00 %
Ending abc-rs
 13.761906 seconds (2.80 M allocations: 575.256 MiB, 0.55% gc time)
Round:285
Starting abc-rs
Percentage done:  10.00 %
Percentage done:  20.00 %
Percentage done:  30.00 %
Percentage done:  40.00 %
Percentage done:  50.00 %
Percentage done:  60.00 %
Percentage done:  70.00 %
Percentage done:  80.00 %
Percentage done:  90.00 %
Percentage done:  100.00 %
Ending abc-rs
 13.765784 seconds (2.80 M allocations: 575.256 MiB, 0.55% gc time)
Round:289
Starting abc-rs
Percentage done:  10.00 %
Percentage done:  20.00 %
Percentage done:  30.00 %
Percentage done:  40.00 %
Percentage done:  50.00 %
Percentage done:  60.00 %
Percentage done:  70.00 %
Percentage done:  80.00 %
Percentage done:  90.00 %
Percentage done:  100.00 %
Ending abc-rs
 13.785284 seconds (2.80 M allocations: 575.256 MiB, 0.57% gc time)
Round:293
Starting abc-rs
Percentage done:  10.00 %
Percentage done:  20.00 %
Percentage done:  30.00 %
Percentage done:  40.00 %
Percentage done:  50.00 %
Percentage done:  60.00 %
Percentage done:  70.00 %
Percentage done:  80.00 %
Percentage done:  90.00 %
Percentage done:  100.00 %
Ending abc-rs
 13.771506 seconds (2.80 M allocations: 575.256 MiB, 0.55% gc time)
Round:297
Starting abc-rs
Percentage done:  10.00 %
Percentage done:  20.00 %
Percentage done:  30.00 %
Percentage done:  40.00 %
Percentage done:  50.00 %
Percentage done:  60.00 %
Percentage done:  70.00 %
Percentage done:  80.00 %
Percentage done:  90.00 %
Percentage done:  100.00 %
Ending abc-rs
 13.772665 seconds (2.80 M allocations: 575.256 MiB, 0.86% gc time)
Round:301
Starting abc-rs
Percentage done:  10.00 %
Percentage done:  20.00 %
Percentage done:  30.00 %
Percentage done:  40.00 %
Percentage done:  50.00 %
Percentage done:  60.00 %
Percentage done:  70.00 %
Percentage done:  80.00 %
Percentage done:  90.00 %
Percentage done:  100.00 %
Ending abc-rs
 13.800702 seconds (2.80 M allocations: 575.256 MiB, 0.57% gc time)
Round:305
Starting abc-rs
Percentage done:  10.00 %
Percentage done:  20.00 %
Percentage done:  30.00 %
Percentage done:  40.00 %
Percentage done:  50.00 %
Percentage done:  60.00 %
Percentage done:  70.00 %
Percentage done:  80.00 %
Percentage done:  90.00 %
Percentage done:  100.00 %
Ending abc-rs
 13.765426 seconds (2.80 M allocations: 575.256 MiB, 0.55% gc time)
Round:309
Starting abc-rs
Percentage done:  10.00 %
Percentage done:  20.00 %
Percentage done:  30.00 %
Percentage done:  40.00 %
Percentage done:  50.00 %
Percentage done:  60.00 %
Percentage done:  70.00 %
Percentage done:  80.00 %
Percentage done:  90.00 %
Percentage done:  100.00 %
Ending abc-rs
 13.770955 seconds (2.80 M allocations: 575.256 MiB, 0.56% gc time)
Round:313
Starting abc-rs
Percentage done:  10.00 %
Percentage done:  20.00 %
Percentage done:  30.00 %
Percentage done:  40.00 %
Percentage done:  50.00 %
Percentage done:  60.00 %
Percentage done:  70.00 %
Percentage done:  80.00 %
Percentage done:  90.00 %
Percentage done:  100.00 %
Ending abc-rs
 13.773336 seconds (2.80 M allocations: 575.256 MiB, 0.55% gc time)
Round:317
Starting abc-rs
Percentage done:  10.00 %
Percentage done:  20.00 %
Percentage done:  30.00 %
Percentage done:  40.00 %
Percentage done:  50.00 %
Percentage done:  60.00 %
Percentage done:  70.00 %
Percentage done:  80.00 %
Percentage done:  90.00 %
Percentage done:  100.00 %
Ending abc-rs
 13.789510 seconds (2.80 M allocations: 575.256 MiB, 0.58% gc time)
Round:321
Starting abc-rs
Percentage done:  10.00 %
Percentage done:  20.00 %
Percentage done:  30.00 %
Percentage done:  40.00 %
Percentage done:  50.00 %
Percentage done:  60.00 %
Percentage done:  70.00 %
Percentage done:  80.00 %
Percentage done:  90.00 %
Percentage done:  100.00 %
Ending abc-rs
 13.767844 seconds (2.80 M allocations: 575.256 MiB, 0.71% gc time)
Round:325
Starting abc-rs
Percentage done:  10.00 %
Percentage done:  20.00 %
Percentage done:  30.00 %
Percentage done:  40.00 %
Percentage done:  50.00 %
Percentage done:  60.00 %
Percentage done:  70.00 %
Percentage done:  80.00 %
Percentage done:  90.00 %
Percentage done:  100.00 %
Ending abc-rs
 13.762292 seconds (2.80 M allocations: 575.256 MiB, 0.55% gc time)
Round:329
Starting abc-rs
Percentage done:  10.00 %
Percentage done:  20.00 %
Percentage done:  30.00 %
Percentage done:  40.00 %
Percentage done:  50.00 %
Percentage done:  60.00 %
Percentage done:  70.00 %
Percentage done:  80.00 %
Percentage done:  90.00 %
Percentage done:  100.00 %
Ending abc-rs
 13.787219 seconds (2.80 M allocations: 575.256 MiB, 0.57% gc time)
Round:333
Starting abc-rs
Percentage done:  10.00 %
Percentage done:  20.00 %
Percentage done:  30.00 %
Percentage done:  40.00 %
Percentage done:  50.00 %
Percentage done:  60.00 %
Percentage done:  70.00 %
Percentage done:  80.00 %
Percentage done:  90.00 %
Percentage done:  100.00 %
Ending abc-rs
 13.781509 seconds (2.80 M allocations: 575.256 MiB, 0.55% gc time)
Round:337
Starting abc-rs
Percentage done:  10.00 %
Percentage done:  20.00 %
Percentage done:  30.00 %
Percentage done:  40.00 %
Percentage done:  50.00 %
Percentage done:  60.00 %
Percentage done:  70.00 %
Percentage done:  80.00 %
Percentage done:  90.00 %
Percentage done:  100.00 %
Ending abc-rs
 13.773685 seconds (2.80 M allocations: 575.256 MiB, 0.56% gc time)
Round:341
Starting abc-rs
Percentage done:  10.00 %
Percentage done:  20.00 %
Percentage done:  30.00 %
Percentage done:  40.00 %
Percentage done:  50.00 %
Percentage done:  60.00 %
Percentage done:  70.00 %
Percentage done:  80.00 %
Percentage done:  90.00 %
Percentage done:  100.00 %
Ending abc-rs
 13.795436 seconds (2.80 M allocations: 575.256 MiB, 0.58% gc time)
Round:345
Starting abc-rs
Percentage done:  10.00 %
Percentage done:  20.00 %
Percentage done:  30.00 %
Percentage done:  40.00 %
Percentage done:  50.00 %
Percentage done:  60.00 %
Percentage done:  70.00 %
Percentage done:  80.00 %
Percentage done:  90.00 %
Percentage done:  100.00 %
Ending abc-rs
 13.753934 seconds (2.80 M allocations: 575.256 MiB, 0.55% gc time)
Round:349
Starting abc-rs
Percentage done:  10.00 %
Percentage done:  20.00 %
Percentage done:  30.00 %
Percentage done:  40.00 %
Percentage done:  50.00 %
Percentage done:  60.00 %
Percentage done:  70.00 %
Percentage done:  80.00 %
Percentage done:  90.00 %
Percentage done:  100.00 %
Ending abc-rs
 13.774586 seconds (2.80 M allocations: 575.256 MiB, 0.55% gc time)
Round:353
Starting abc-rs
Percentage done:  10.00 %
Percentage done:  20.00 %
Percentage done:  30.00 %
Percentage done:  40.00 %
Percentage done:  50.00 %
Percentage done:  60.00 %
Percentage done:  70.00 %
Percentage done:  80.00 %
Percentage done:  90.00 %
Percentage done:  100.00 %
Ending abc-rs
 13.806829 seconds (2.80 M allocations: 575.256 MiB, 0.73% gc time)
Round:357
Starting abc-rs
Percentage done:  10.00 %
Percentage done:  20.00 %
Percentage done:  30.00 %
Percentage done:  40.00 %
Percentage done:  50.00 %
Percentage done:  60.00 %
Percentage done:  70.00 %
Percentage done:  80.00 %
Percentage done:  90.00 %
Percentage done:  100.00 %
Ending abc-rs
 13.785468 seconds (2.80 M allocations: 575.256 MiB, 0.57% gc time)
Round:361
Starting abc-rs
Percentage done:  10.00 %
Percentage done:  20.00 %
Percentage done:  30.00 %
Percentage done:  40.00 %
Percentage done:  50.00 %
Percentage done:  60.00 %
Percentage done:  70.00 %
Percentage done:  80.00 %
Percentage done:  90.00 %
Percentage done:  100.00 %
Ending abc-rs
 13.759867 seconds (2.80 M allocations: 575.256 MiB, 0.55% gc time)
Round:365
Starting abc-rs
Percentage done:  10.00 %
Percentage done:  20.00 %
Percentage done:  30.00 %
Percentage done:  40.00 %
Percentage done:  50.00 %
Percentage done:  60.00 %
Percentage done:  70.00 %
Percentage done:  80.00 %
Percentage done:  90.00 %
Percentage done:  100.00 %
Ending abc-rs
 13.761726 seconds (2.80 M allocations: 575.256 MiB, 0.55% gc time)
Round:369
Starting abc-rs
Percentage done:  10.00 %
Percentage done:  20.00 %
Percentage done:  30.00 %
Percentage done:  40.00 %
Percentage done:  50.00 %
Percentage done:  60.00 %
Percentage done:  70.00 %
Percentage done:  80.00 %
Percentage done:  90.00 %
Percentage done:  100.00 %
Ending abc-rs
 13.800390 seconds (2.80 M allocations: 575.256 MiB, 0.69% gc time)
Round:373
Starting abc-rs
Percentage done:  10.00 %
Percentage done:  20.00 %
Percentage done:  30.00 %
Percentage done:  40.00 %
Percentage done:  50.00 %
Percentage done:  60.00 %
Percentage done:  70.00 %
Percentage done:  80.00 %
Percentage done:  90.00 %
Percentage done:  100.00 %
Ending abc-rs
 13.771045 seconds (2.80 M allocations: 575.256 MiB, 0.55% gc time)
Round:377
Starting abc-rs
Percentage done:  10.00 %
Percentage done:  20.00 %
Percentage done:  30.00 %
Percentage done:  40.00 %
Percentage done:  50.00 %
Percentage done:  60.00 %
Percentage done:  70.00 %
Percentage done:  80.00 %
Percentage done:  90.00 %
Percentage done:  100.00 %
Ending abc-rs
 13.771225 seconds (2.80 M allocations: 575.256 MiB, 0.55% gc time)
Round:381
Starting abc-rs
Percentage done:  10.00 %
Percentage done:  20.00 %
Percentage done:  30.00 %
Percentage done:  40.00 %
Percentage done:  50.00 %
Percentage done:  60.00 %
Percentage done:  70.00 %
Percentage done:  80.00 %
Percentage done:  90.00 %
Percentage done:  100.00 %
Ending abc-rs
 13.841523 seconds (2.80 M allocations: 575.256 MiB, 0.94% gc time)
Round:385
Starting abc-rs
Percentage done:  10.00 %
Percentage done:  20.00 %
Percentage done:  30.00 %
Percentage done:  40.00 %
Percentage done:  50.00 %
Percentage done:  60.00 %
Percentage done:  70.00 %
Percentage done:  80.00 %
Percentage done:  90.00 %
Percentage done:  100.00 %
Ending abc-rs
 13.806601 seconds (2.80 M allocations: 575.256 MiB, 0.75% gc time)
Round:389
Starting abc-rs
Percentage done:  10.00 %
Percentage done:  20.00 %
Percentage done:  30.00 %
Percentage done:  40.00 %
Percentage done:  50.00 %
Percentage done:  60.00 %
Percentage done:  70.00 %
Percentage done:  80.00 %
Percentage done:  90.00 %
Percentage done:  100.00 %
Ending abc-rs
 13.796197 seconds (2.80 M allocations: 575.256 MiB, 0.75% gc time)
Round:393
Starting abc-rs
Percentage done:  10.00 %
Percentage done:  20.00 %
Percentage done:  30.00 %
Percentage done:  40.00 %
Percentage done:  50.00 %
Percentage done:  60.00 %
Percentage done:  70.00 %
Percentage done:  80.00 %
Percentage done:  90.00 %
Percentage done:  100.00 %
Ending abc-rs
 13.788605 seconds (2.80 M allocations: 575.256 MiB, 0.55% gc time)
Round:397
Starting abc-rs
Percentage done:  10.00 %
Percentage done:  20.00 %
Percentage done:  30.00 %
Percentage done:  40.00 %
Percentage done:  50.00 %
Percentage done:  60.00 %
Percentage done:  70.00 %
Percentage done:  80.00 %
Percentage done:  90.00 %
Percentage done:  100.00 %
Ending abc-rs
 13.791931 seconds (2.80 M allocations: 575.256 MiB, 0.58% gc time)
