ERROR: LoadError: LoadError: SystemError: opening file data/alpha stable/abcrs_post.csv: No such file or directory
Stacktrace:
 [1] #systemerror#39(::Nothing, ::Function, ::String, ::Bool) at ./error.jl:106
 [2] systemerror at ./error.jl:106 [inlined]
 [3] #open#293(::Nothing, ::Nothing, ::Nothing, ::Bool, ::Nothing, ::Function, ::String) at ./iostream.jl:283
 [4] #open at ./none:0 [inlined]
 [5] open(::String, ::String) at ./iostream.jl:339
 [6] close!(::CSV.Sink{Nothing,DataType}) at /home/samwiq/.julia/packages/CSV/tT4Xy/src/Sink.jl:69
 [7] #write#49(::Bool, ::Dict{Int64,Function}, ::Base.Iterators.Pairs{Union{},Union{},Tuple{},NamedTuple{(),Tuple{}}}, ::Function, ::String, ::DataFrame) at /home/samwiq/.julia/packages/CSV/tT4Xy/src/Sink.jl:137
 [8] write(::String, ::DataFrame) at /home/samwiq/.julia/packages/CSV/tT4Xy/src/Sink.jl:136
 [9] top-level scope at /home/samwiq/ABC and deep learning project/abc-dl/src/alpha stable dist/abcrs_inference.jl:121
 [10] include at ./boot.jl:317 [inlined]
 [11] include_relative(::Module, ::String) at ./loading.jl:1038
 [12] include(::Module, ::String) at ./sysimg.jl:29
 [13] include(::String) at ./client.jl:388
 [14] top-level scope at none:0
 [15] include at ./boot.jl:317 [inlined]
 [16] include_relative(::Module, ::String) at ./loading.jl:1038
 [17] include(::Module, ::String) at ./sysimg.jl:29
 [18] exec_options(::Base.JLOptions) at ./client.jl:229
 [19] _start() at ./client.jl:421
in expression starting at /home/samwiq/ABC and deep learning project/abc-dl/src/alpha stable dist/abcrs_inference.jl:119
in expression starting at /home/samwiq/ABC and deep learning project/abc-dl/src/alpha stable dist/mutiple_ABC_runs_abcrs.jl:5
slurmstepd: error: Exceeded step memory limit at some point.
