/var/spool/slurm/job1929592/slurm_script: line 36: nvidia-smi: command not found
ERROR: LoadError: LoadError: ArgumentError: "data/alpha stable/abc_data_parameters.csv" is not a valid file
Stacktrace:
 [1] #Source#22(::String, ::CSV.Options{Nothing}, ::Int64, ::Int64, ::Array{Type,1}, ::Symbol, ::Nothing, ::Bool, ::Nothing, ::Symbol, ::Int64, ::Int64, ::Int64, ::Bool, ::Type) at /home/samwiq/.julia/packages/CSV/tT4Xy/src/Source.jl:59
 [2] Type at ./none:0 [inlined]
 [3] #Source#21(::UInt8, ::UInt8, ::UInt8, ::String, ::Nothing, ::Int64, ::Int64, ::Array{Type,1}, ::Symbol, ::Nothing, ::Nothing, ::UInt8, ::String, ::String, ::Bool, ::Nothing, ::Symbol, ::Int64, ::Int64, ::Int64, ::Bool, ::Type, ::String) at /home/samwiq/.julia/packages/CSV/tT4Xy/src/Source.jl:31
 [4] Type at ./none:0 [inlined]
 [5] #read#39(::Bool, ::Dict{Int64,Function}, ::Bool, ::Base.Iterators.Pairs{Symbol,Symbol,Tuple{Symbol},NamedTuple{(:allowmissing,),Tuple{Symbol}}}, ::Function, ::String, ::Type) at /home/samwiq/.julia/packages/CSV/tT4Xy/src/Source.jl:347
 [6] #read at ./none:0 [inlined] (repeats 2 times)
 [7] top-level scope at none:0
 [8] include at ./boot.jl:317 [inlined]
 [9] include_relative(::Module, ::String) at ./loading.jl:1038
 [10] include(::Module, ::String) at ./sysimg.jl:29
 [11] include(::String) at ./client.jl:388
 [12] top-level scope at none:0
 [13] include at ./boot.jl:317 [inlined]
 [14] include_relative(::Module, ::String) at ./loading.jl:1038
 [15] include(::Module, ::String) at ./sysimg.jl:29
 [16] exec_options(::Base.JLOptions) at ./client.jl:229
 [17] _start() at ./client.jl:421
in expression starting at /home/samwiq/ABC and deep learning project/abc-dl/src/alpha stable dist/abcrs_inference.jl:13
in expression starting at /home/samwiq/ABC and deep learning project/abc-dl/src/alpha stable dist/mutiple_ABC_runs_abcrs.jl:5
