/home/samwiq/ABC and deep learning project/abc-dl/lunarc
/home/samwiq/ABC and deep learning project/abc-dl
start script
250
check version of Knet
    Status `~/.julia/environments/v1.0/Project.toml`
  [336ed68f] CSV v0.3.1
  [a93c6f00] DataFrames v0.13.1
  [31c24e10] Distributions v0.16.4
  [1902f260] Knet v1.1.0
  [6f286f6a] MultivariateStats v0.6.0 #master (https://github.com/JuliaStats/MultivariateStats.jl.git)
  [2913bbd2] StatsBase v0.25.0
  [4c63d2b9] StatsFuns v0.7.0
build Knet
  Building SpecialFunctions → `~/.julia/packages/SpecialFunctions/KvXoO/deps/build.log`
  Building CodecZlib ───────→ `~/.julia/packages/CodecZlib/wwgbh/deps/build.log`
  Building Knet ────────────→ `~/.julia/packages/Knet/hxjeS/deps/build.log`
test gpu
0
-1
-1
Loading alpha-stable model
Nbr training obs 1000, nbr parameters 25454, obs/parameters 0.04
Starting training
Epoch 1, current loss (training) 17.7952, current loss (val) 6.5384, best loss (val) 6.5384 
Epoch 2, current loss (training) 19.0838, current loss (val) 7.3018, best loss (val) 6.5384 
Epoch 3, current loss (training) 13.7543, current loss (val) 6.0991, best loss (val) 6.0991 
Epoch 4, current loss (training) 19.5318, current loss (val) 5.8653, best loss (val) 5.8653 
Epoch 5, current loss (training) 13.8898, current loss (val) 5.5584, best loss (val) 5.5584 
Epoch 6, current loss (training) 15.5691, current loss (val) 5.3438, best loss (val) 5.3438 
Epoch 7, current loss (training) 17.5932, current loss (val) 5.0892, best loss (val) 5.0892 
Epoch 8, current loss (training) 13.2041, current loss (val) 4.8674, best loss (val) 4.8674 
Epoch 9, current loss (training) 7.4221, current loss (val) 4.6365, best loss (val) 4.6365 
Epoch 10, current loss (training) 7.4973, current loss (val) 4.3478, best loss (val) 4.3478 
Epoch 11, current loss (training) 12.2331, current loss (val) 4.0594, best loss (val) 4.0594 
Epoch 12, current loss (training) 10.4524, current loss (val) 3.7356, best loss (val) 3.7356 
Epoch 13, current loss (training) 11.1166, current loss (val) 3.4113, best loss (val) 3.4113 
Epoch 14, current loss (training) 9.8661, current loss (val) 3.0576, best loss (val) 3.0576 
Epoch 15, current loss (training) 8.3106, current loss (val) 2.7278, best loss (val) 2.7278 
Epoch 16, current loss (training) 10.8190, current loss (val) 2.4872, best loss (val) 2.4872 
Epoch 17, current loss (training) 9.7886, current loss (val) 2.2011, best loss (val) 2.2011 
Epoch 18, current loss (training) 13.0998, current loss (val) 1.9644, best loss (val) 1.9644 
Epoch 19, current loss (training) 11.1592, current loss (val) 1.9011, best loss (val) 1.9011 
Epoch 20, current loss (training) 8.6271, current loss (val) 1.7247, best loss (val) 1.7247 
Epoch 21, current loss (training) 4.5099, current loss (val) 1.7366, best loss (val) 1.7247 
Epoch 22, current loss (training) 7.6313, current loss (val) 1.6106, best loss (val) 1.6106 
Epoch 23, current loss (training) 6.6244, current loss (val) 1.7467, best loss (val) 1.6106 
Epoch 24, current loss (training) 7.6107, current loss (val) 1.7396, best loss (val) 1.6106 
Epoch 25, current loss (training) 4.2327, current loss (val) 1.5046, best loss (val) 1.5046 
Epoch 26, current loss (training) 9.6219, current loss (val) 1.4680, best loss (val) 1.4680 
Epoch 27, current loss (training) 9.5906, current loss (val) 1.4697, best loss (val) 1.4680 
Epoch 28, current loss (training) 7.3237, current loss (val) 1.5106, best loss (val) 1.4680 
Epoch 29, current loss (training) 11.1192, current loss (val) 1.4794, best loss (val) 1.4680 
Epoch 30, current loss (training) 9.0994, current loss (val) 1.5970, best loss (val) 1.4680 
Epoch 31, current loss (training) 4.7810, current loss (val) 1.5798, best loss (val) 1.4680 
Epoch 32, current loss (training) 6.7391, current loss (val) 1.6361, best loss (val) 1.4680 
Epoch 33, current loss (training) 8.6548, current loss (val) 1.4568, best loss (val) 1.4568 
Epoch 34, current loss (training) 5.2145, current loss (val) 1.9882, best loss (val) 1.4568 
Epoch 35, current loss (training) 8.2540, current loss (val) 2.1797, best loss (val) 1.4568 
Epoch 36, current loss (training) 9.5537, current loss (val) 1.4549, best loss (val) 1.4549 
Epoch 37, current loss (training) 5.3556, current loss (val) 1.3813, best loss (val) 1.3813 
Epoch 38, current loss (training) 8.5074, current loss (val) 1.6293, best loss (val) 1.3813 
Epoch 39, current loss (training) 3.5720, current loss (val) 1.4913, best loss (val) 1.3813 
Epoch 40, current loss (training) 3.7018, current loss (val) 1.8991, best loss (val) 1.3813 
Epoch 41, current loss (training) 5.3742, current loss (val) 1.8590, best loss (val) 1.3813 
Epoch 42, current loss (training) 7.1890, current loss (val) 1.4603, best loss (val) 1.3813 
Epoch 43, current loss (training) 6.0113, current loss (val) 1.6281, best loss (val) 1.3813 
Epoch 44, current loss (training) 5.4242, current loss (val) 1.5106, best loss (val) 1.3813 
Epoch 45, current loss (training) 2.5377, current loss (val) 1.5079, best loss (val) 1.3813 
Epoch 46, current loss (training) 6.4643, current loss (val) 1.7745, best loss (val) 1.3813 
Epoch 47, current loss (training) 4.4538, current loss (val) 1.3570, best loss (val) 1.3570 
Epoch 48, current loss (training) 3.7001, current loss (val) 1.9915, best loss (val) 1.3570 
Epoch 49, current loss (training) 5.3473, current loss (val) 1.3291, best loss (val) 1.3291 
Epoch 50, current loss (training) 6.0847, current loss (val) 1.6583, best loss (val) 1.3291 
Epoch 51, current loss (training) 4.4960, current loss (val) 1.6783, best loss (val) 1.3291 
Epoch 52, current loss (training) 4.0824, current loss (val) 1.6066, best loss (val) 1.3291 
Epoch 53, current loss (training) 4.8217, current loss (val) 1.7171, best loss (val) 1.3291 
Epoch 54, current loss (training) 4.9036, current loss (val) 1.3871, best loss (val) 1.3291 
Epoch 55, current loss (training) 1.9529, current loss (val) 1.5127, best loss (val) 1.3291 
Epoch 56, current loss (training) 7.6831, current loss (val) 1.4685, best loss (val) 1.3291 
Epoch 57, current loss (training) 2.7267, current loss (val) 1.3973, best loss (val) 1.3291 
Epoch 58, current loss (training) 6.0539, current loss (val) 1.7704, best loss (val) 1.3291 
Epoch 59, current loss (training) 2.5739, current loss (val) 1.6013, best loss (val) 1.3291 
Epoch 60, current loss (training) 3.8813, current loss (val) 1.5702, best loss (val) 1.3291 
Epoch 61, current loss (training) 3.3176, current loss (val) 1.5293, best loss (val) 1.3291 
Epoch 62, current loss (training) 4.3261, current loss (val) 1.6852, best loss (val) 1.3291 
Epoch 63, current loss (training) 4.4547, current loss (val) 1.5511, best loss (val) 1.3291 
Epoch 64, current loss (training) 4.2746, current loss (val) 1.3818, best loss (val) 1.3291 
Epoch 65, current loss (training) 4.5214, current loss (val) 1.9385, best loss (val) 1.3291 
Epoch 66, current loss (training) 3.5555, current loss (val) 1.4769, best loss (val) 1.3291 
Epoch 67, current loss (training) 5.3292, current loss (val) 2.3741, best loss (val) 1.3291 
Epoch 68, current loss (training) 3.9778, current loss (val) 1.6611, best loss (val) 1.3291 
Epoch 69, current loss (training) 2.8452, current loss (val) 1.3166, best loss (val) 1.3166 
Epoch 70, current loss (training) 4.8534, current loss (val) 1.2565, best loss (val) 1.2565 
Epoch 71, current loss (training) 2.3903, current loss (val) 1.6108, best loss (val) 1.2565 
Epoch 72, current loss (training) 5.6835, current loss (val) 1.8695, best loss (val) 1.2565 
Epoch 73, current loss (training) 6.0571, current loss (val) 1.4102, best loss (val) 1.2565 
Epoch 74, current loss (training) 3.2851, current loss (val) 1.3878, best loss (val) 1.2565 
Epoch 75, current loss (training) 3.1815, current loss (val) 1.3786, best loss (val) 1.2565 
Epoch 76, current loss (training) 3.7460, current loss (val) 1.6069, best loss (val) 1.2565 
Epoch 77, current loss (training) 5.1889, current loss (val) 2.0690, best loss (val) 1.2565 
Epoch 78, current loss (training) 2.7403, current loss (val) 1.4255, best loss (val) 1.2565 
Epoch 79, current loss (training) 5.8316, current loss (val) 1.3927, best loss (val) 1.2565 
Epoch 80, current loss (training) 4.0136, current loss (val) 1.3054, best loss (val) 1.2565 
Epoch 81, current loss (training) 3.3650, current loss (val) 1.3789, best loss (val) 1.2565 
Epoch 82, current loss (training) 4.3218, current loss (val) 2.4441, best loss (val) 1.2565 
Epoch 83, current loss (training) 3.8701, current loss (val) 1.4435, best loss (val) 1.2565 
Epoch 84, current loss (training) 4.5221, current loss (val) 2.1744, best loss (val) 1.2565 
Epoch 85, current loss (training) 3.5626, current loss (val) 1.7250, best loss (val) 1.2565 
Epoch 86, current loss (training) 3.6162, current loss (val) 1.5745, best loss (val) 1.2565 
Epoch 87, current loss (training) 3.3552, current loss (val) 1.4696, best loss (val) 1.2565 
Epoch 88, current loss (training) 2.6197, current loss (val) 1.3537, best loss (val) 1.2565 
Epoch 89, current loss (training) 2.4882, current loss (val) 1.2743, best loss (val) 1.2565 
Epoch 90, current loss (training) 2.7442, current loss (val) 1.5558, best loss (val) 1.2565 
Epoch 91, current loss (training) 2.4483, current loss (val) 1.3136, best loss (val) 1.2565 
Epoch 92, current loss (training) 3.5161, current loss (val) 1.2348, best loss (val) 1.2348 
Epoch 93, current loss (training) 2.5630, current loss (val) 1.5600, best loss (val) 1.2348 
Epoch 94, current loss (training) 3.3336, current loss (val) 1.4299, best loss (val) 1.2348 
Epoch 95, current loss (training) 3.4153, current loss (val) 1.1994, best loss (val) 1.1994 
Epoch 96, current loss (training) 2.7708, current loss (val) 1.3735, best loss (val) 1.1994 
Epoch 97, current loss (training) 2.4981, current loss (val) 1.3391, best loss (val) 1.1994 
Epoch 98, current loss (training) 3.0828, current loss (val) 1.8151, best loss (val) 1.1994 
Epoch 99, current loss (training) 2.9173, current loss (val) 1.3444, best loss (val) 1.1994 
Epoch 100, current loss (training) 4.0636, current loss (val) 1.2291, best loss (val) 1.1994 
Epoch 101, current loss (training) 3.4773, current loss (val) 1.6111, best loss (val) 1.1994 
Epoch 102, current loss (training) 2.2319, current loss (val) 1.1667, best loss (val) 1.1667 
Epoch 103, current loss (training) 2.1784, current loss (val) 1.4338, best loss (val) 1.1667 
Epoch 104, current loss (training) 1.8532, current loss (val) 1.2673, best loss (val) 1.1667 
Epoch 105, current loss (training) 2.9122, current loss (val) 1.2023, best loss (val) 1.1667 
Epoch 106, current loss (training) 2.1077, current loss (val) 1.3568, best loss (val) 1.1667 
Epoch 107, current loss (training) 1.8050, current loss (val) 1.4015, best loss (val) 1.1667 
Epoch 108, current loss (training) 3.0120, current loss (val) 1.3727, best loss (val) 1.1667 
Epoch 109, current loss (training) 1.9308, current loss (val) 1.1692, best loss (val) 1.1667 
Epoch 110, current loss (training) 2.4103, current loss (val) 1.3365, best loss (val) 1.1667 
Epoch 111, current loss (training) 1.7953, current loss (val) 1.2860, best loss (val) 1.1667 
Epoch 112, current loss (training) 2.4431, current loss (val) 1.4851, best loss (val) 1.1667 
Epoch 113, current loss (training) 2.2082, current loss (val) 1.1722, best loss (val) 1.1667 
Epoch 114, current loss (training) 2.0965, current loss (val) 1.1940, best loss (val) 1.1667 
Epoch 115, current loss (training) 2.3487, current loss (val) 1.3131, best loss (val) 1.1667 
Epoch 116, current loss (training) 2.3183, current loss (val) 1.1284, best loss (val) 1.1284 
Epoch 117, current loss (training) 2.8110, current loss (val) 1.8724, best loss (val) 1.1284 
Epoch 118, current loss (training) 2.1475, current loss (val) 1.1437, best loss (val) 1.1284 
Epoch 119, current loss (training) 3.1486, current loss (val) 1.4006, best loss (val) 1.1284 
Epoch 120, current loss (training) 3.2943, current loss (val) 1.2501, best loss (val) 1.1284 
Epoch 121, current loss (training) 2.0311, current loss (val) 1.2692, best loss (val) 1.1284 
Epoch 122, current loss (training) 2.5121, current loss (val) 1.2987, best loss (val) 1.1284 
Epoch 123, current loss (training) 1.7120, current loss (val) 1.1380, best loss (val) 1.1284 
Epoch 124, current loss (training) 2.4209, current loss (val) 1.1122, best loss (val) 1.1122 
Epoch 125, current loss (training) 2.0433, current loss (val) 1.1568, best loss (val) 1.1122 
Epoch 126, current loss (training) 2.4188, current loss (val) 1.8020, best loss (val) 1.1122 
Epoch 127, current loss (training) 2.1494, current loss (val) 1.1607, best loss (val) 1.1122 
Epoch 128, current loss (training) 3.7227, current loss (val) 1.3496, best loss (val) 1.1122 
Epoch 129, current loss (training) 1.8277, current loss (val) 1.2924, best loss (val) 1.1122 
Epoch 130, current loss (training) 1.5090, current loss (val) 1.2925, best loss (val) 1.1122 
Epoch 131, current loss (training) 1.6424, current loss (val) 1.1289, best loss (val) 1.1122 
Epoch 132, current loss (training) 1.7312, current loss (val) 1.1292, best loss (val) 1.1122 
Epoch 133, current loss (training) 2.0967, current loss (val) 1.4354, best loss (val) 1.1122 
Epoch 134, current loss (training) 1.8866, current loss (val) 1.0961, best loss (val) 1.0961 
Epoch 135, current loss (training) 2.0918, current loss (val) 1.1767, best loss (val) 1.0961 
Epoch 136, current loss (training) 1.7034, current loss (val) 1.3167, best loss (val) 1.0961 
Epoch 137, current loss (training) 2.0304, current loss (val) 1.5162, best loss (val) 1.0961 
Epoch 138, current loss (training) 1.2362, current loss (val) 1.2790, best loss (val) 1.0961 
Epoch 139, current loss (training) 1.8264, current loss (val) 1.2355, best loss (val) 1.0961 
Epoch 140, current loss (training) 2.1637, current loss (val) 1.2717, best loss (val) 1.0961 
Epoch 141, current loss (training) 1.9108, current loss (val) 1.1373, best loss (val) 1.0961 
Epoch 142, current loss (training) 1.8685, current loss (val) 1.3831, best loss (val) 1.0961 
Epoch 143, current loss (training) 1.4157, current loss (val) 1.3235, best loss (val) 1.0961 
Epoch 144, current loss (training) 1.7043, current loss (val) 1.1655, best loss (val) 1.0961 
Epoch 145, current loss (training) 1.7770, current loss (val) 1.1600, best loss (val) 1.0961 
Epoch 146, current loss (training) 1.2957, current loss (val) 1.1595, best loss (val) 1.0961 
Epoch 147, current loss (training) 1.3982, current loss (val) 1.0834, best loss (val) 1.0834 
Epoch 148, current loss (training) 1.4740, current loss (val) 1.0826, best loss (val) 1.0826 
Epoch 149, current loss (training) 1.5067, current loss (val) 1.1787, best loss (val) 1.0826 
Epoch 150, current loss (training) 1.2316, current loss (val) 1.0654, best loss (val) 1.0654 
Epoch 151, current loss (training) 1.4935, current loss (val) 1.0784, best loss (val) 1.0654 
Epoch 152, current loss (training) 1.7936, current loss (val) 1.1839, best loss (val) 1.0654 
Epoch 153, current loss (training) 2.2302, current loss (val) 1.4075, best loss (val) 1.0654 
Epoch 154, current loss (training) 1.2112, current loss (val) 1.1379, best loss (val) 1.0654 
Epoch 155, current loss (training) 1.9423, current loss (val) 1.1536, best loss (val) 1.0654 
Epoch 156, current loss (training) 1.4612, current loss (val) 1.0839, best loss (val) 1.0654 
Epoch 157, current loss (training) 2.1295, current loss (val) 1.6416, best loss (val) 1.0654 
Epoch 158, current loss (training) 1.2039, current loss (val) 1.0906, best loss (val) 1.0654 
Epoch 159, current loss (training) 2.1879, current loss (val) 1.6877, best loss (val) 1.0654 
Epoch 160, current loss (training) 1.5248, current loss (val) 1.1516, best loss (val) 1.0654 
Epoch 161, current loss (training) 1.6197, current loss (val) 1.3147, best loss (val) 1.0654 
Epoch 162, current loss (training) 1.7822, current loss (val) 1.1796, best loss (val) 1.0654 
Epoch 163, current loss (training) 1.7573, current loss (val) 1.5669, best loss (val) 1.0654 
Epoch 164, current loss (training) 1.8787, current loss (val) 1.3807, best loss (val) 1.0654 
Epoch 165, current loss (training) 1.5781, current loss (val) 1.0665, best loss (val) 1.0654 
Epoch 166, current loss (training) 1.2753, current loss (val) 1.0461, best loss (val) 1.0461 
Epoch 167, current loss (training) 1.2371, current loss (val) 1.0415, best loss (val) 1.0415 
Epoch 168, current loss (training) 1.2477, current loss (val) 1.0411, best loss (val) 1.0411 
Epoch 169, current loss (training) 1.0219, current loss (val) 1.0637, best loss (val) 1.0411 
Epoch 170, current loss (training) 1.2887, current loss (val) 1.0182, best loss (val) 1.0182 
Epoch 171, current loss (training) 1.3246, current loss (val) 1.2119, best loss (val) 1.0182 
Epoch 172, current loss (training) 1.2892, current loss (val) 1.1464, best loss (val) 1.0182 
Epoch 173, current loss (training) 1.0664, current loss (val) 1.1703, best loss (val) 1.0182 
Epoch 174, current loss (training) 0.7135, current loss (val) 1.0556, best loss (val) 1.0182 
Epoch 175, current loss (training) 1.0570, current loss (val) 1.1578, best loss (val) 1.0182 
Epoch 176, current loss (training) 1.0964, current loss (val) 1.1147, best loss (val) 1.0182 
Epoch 177, current loss (training) 1.0226, current loss (val) 1.0758, best loss (val) 1.0182 
Epoch 178, current loss (training) 0.9712, current loss (val) 1.0691, best loss (val) 1.0182 
Epoch 179, current loss (training) 1.0896, current loss (val) 0.9992, best loss (val) 0.9992 
Epoch 180, current loss (training) 1.0748, current loss (val) 1.0881, best loss (val) 0.9992 
Epoch 181, current loss (training) 1.6166, current loss (val) 1.3591, best loss (val) 0.9992 
Epoch 182, current loss (training) 1.4133, current loss (val) 1.3923, best loss (val) 0.9992 
Epoch 183, current loss (training) 1.1341, current loss (val) 1.3363, best loss (val) 0.9992 
Epoch 184, current loss (training) 1.1891, current loss (val) 1.1742, best loss (val) 0.9992 
Epoch 185, current loss (training) 0.9588, current loss (val) 1.0073, best loss (val) 0.9992 
Epoch 186, current loss (training) 1.1677, current loss (val) 1.2320, best loss (val) 0.9992 
Epoch 187, current loss (training) 1.2229, current loss (val) 1.0661, best loss (val) 0.9992 
Epoch 188, current loss (training) 1.1168, current loss (val) 1.1617, best loss (val) 0.9992 
Epoch 189, current loss (training) 1.1974, current loss (val) 0.9880, best loss (val) 0.9880 
Epoch 190, current loss (training) 1.2445, current loss (val) 1.0247, best loss (val) 0.9880 
Epoch 191, current loss (training) 0.8431, current loss (val) 0.9874, best loss (val) 0.9874 
Epoch 192, current loss (training) 0.9144, current loss (val) 0.9896, best loss (val) 0.9874 
Epoch 193, current loss (training) 0.8244, current loss (val) 0.9517, best loss (val) 0.9517 
Epoch 194, current loss (training) 0.9577, current loss (val) 1.0013, best loss (val) 0.9517 
Epoch 195, current loss (training) 1.0362, current loss (val) 1.0160, best loss (val) 0.9517 
Epoch 196, current loss (training) 1.2115, current loss (val) 1.2010, best loss (val) 0.9517 
Epoch 197, current loss (training) 1.2941, current loss (val) 1.1917, best loss (val) 0.9517 
Epoch 198, current loss (training) 0.8191, current loss (val) 0.9415, best loss (val) 0.9415 
Epoch 199, current loss (training) 1.4448, current loss (val) 1.1547, best loss (val) 0.9415 
Epoch 200, current loss (training) 0.9484, current loss (val) 1.0259, best loss (val) 0.9415 
Epoch 201, current loss (training) 1.4282, current loss (val) 1.1589, best loss (val) 0.9415 
Epoch 202, current loss (training) 0.8657, current loss (val) 0.9550, best loss (val) 0.9415 
Epoch 203, current loss (training) 0.9837, current loss (val) 1.0733, best loss (val) 0.9415 
Epoch 204, current loss (training) 0.8865, current loss (val) 0.9545, best loss (val) 0.9415 
Epoch 205, current loss (training) 1.0118, current loss (val) 1.0296, best loss (val) 0.9415 
Epoch 206, current loss (training) 0.8801, current loss (val) 0.9476, best loss (val) 0.9415 
Epoch 207, current loss (training) 0.9205, current loss (val) 0.9974, best loss (val) 0.9415 
Epoch 208, current loss (training) 0.7666, current loss (val) 0.9715, best loss (val) 0.9415 
Epoch 209, current loss (training) 1.1323, current loss (val) 1.0318, best loss (val) 0.9415 
Epoch 210, current loss (training) 1.1695, current loss (val) 1.0522, best loss (val) 0.9415 
Epoch 211, current loss (training) 0.9155, current loss (val) 0.9647, best loss (val) 0.9415 
Epoch 212, current loss (training) 0.8746, current loss (val) 0.9822, best loss (val) 0.9415 
Epoch 213, current loss (training) 0.7602, current loss (val) 0.9419, best loss (val) 0.9415 
Epoch 214, current loss (training) 1.2170, current loss (val) 0.9964, best loss (val) 0.9415 
Epoch 215, current loss (training) 0.9579, current loss (val) 0.9375, best loss (val) 0.9375 
Epoch 216, current loss (training) 0.8885, current loss (val) 1.0107, best loss (val) 0.9375 
Epoch 217, current loss (training) 0.9608, current loss (val) 1.0379, best loss (val) 0.9375 
Epoch 218, current loss (training) 0.7921, current loss (val) 0.9030, best loss (val) 0.9030 
Epoch 219, current loss (training) 0.7811, current loss (val) 0.9271, best loss (val) 0.9030 
Epoch 220, current loss (training) 0.8236, current loss (val) 0.9092, best loss (val) 0.9030 
Epoch 221, current loss (training) 0.8533, current loss (val) 0.9339, best loss (val) 0.9030 
Epoch 222, current loss (training) 0.7366, current loss (val) 0.8835, best loss (val) 0.8835 
Epoch 223, current loss (training) 0.9200, current loss (val) 0.9008, best loss (val) 0.8835 
Epoch 224, current loss (training) 0.8352, current loss (val) 0.9443, best loss (val) 0.8835 
Epoch 225, current loss (training) 0.8290, current loss (val) 0.9144, best loss (val) 0.8835 
Epoch 226, current loss (training) 0.8595, current loss (val) 0.9991, best loss (val) 0.8835 
Epoch 227, current loss (training) 0.8636, current loss (val) 0.9391, best loss (val) 0.8835 
Epoch 228, current loss (training) 1.0029, current loss (val) 1.1416, best loss (val) 0.8835 
Epoch 229, current loss (training) 0.9065, current loss (val) 0.9110, best loss (val) 0.8835 
Epoch 230, current loss (training) 1.0524, current loss (val) 1.0871, best loss (val) 0.8835 
Epoch 231, current loss (training) 0.9754, current loss (val) 1.1131, best loss (val) 0.8835 
Epoch 232, current loss (training) 0.9213, current loss (val) 1.1040, best loss (val) 0.8835 
Epoch 233, current loss (training) 0.8721, current loss (val) 0.9862, best loss (val) 0.8835 
Epoch 234, current loss (training) 0.7396, current loss (val) 0.8555, best loss (val) 0.8555 
Epoch 235, current loss (training) 0.7851, current loss (val) 0.9271, best loss (val) 0.8555 
Epoch 236, current loss (training) 0.6915, current loss (val) 0.8627, best loss (val) 0.8555 
Epoch 237, current loss (training) 0.8626, current loss (val) 0.8902, best loss (val) 0.8555 
Epoch 238, current loss (training) 0.7034, current loss (val) 0.8541, best loss (val) 0.8541 
Epoch 239, current loss (training) 0.7056, current loss (val) 0.8916, best loss (val) 0.8541 
Epoch 240, current loss (training) 0.7112, current loss (val) 0.8708, best loss (val) 0.8541 
Epoch 241, current loss (training) 0.6778, current loss (val) 0.8372, best loss (val) 0.8372 
Epoch 242, current loss (training) 0.7268, current loss (val) 0.8592, best loss (val) 0.8372 
Epoch 243, current loss (training) 0.7650, current loss (val) 0.8687, best loss (val) 0.8372 
Epoch 244, current loss (training) 0.7401, current loss (val) 0.8624, best loss (val) 0.8372 
Epoch 245, current loss (training) 0.7197, current loss (val) 0.9048, best loss (val) 0.8372 
Epoch 246, current loss (training) 0.7187, current loss (val) 0.8334, best loss (val) 0.8334 
Epoch 247, current loss (training) 0.9336, current loss (val) 1.0707, best loss (val) 0.8334 
Epoch 248, current loss (training) 0.8331, current loss (val) 0.8954, best loss (val) 0.8334 
Epoch 249, current loss (training) 0.8087, current loss (val) 0.9788, best loss (val) 0.8334 
Epoch 250, current loss (training) 0.7295, current loss (val) 0.8759, best loss (val) 0.8334 
0.8334262
run_time_first_training_cycle:  40.18 

Epochs 250, batch size, 200
Nbr training obs 1000, nbr parameters 25454, obs/parameters 0.04

Starting abc-rs
Percentage done:  10.00 %
Percentage done:  20.00 %
Percentage done:  30.00 %
Percentage done:  40.00 %
Percentage done:  50.00 %
Percentage done:  60.00 %
Percentage done:  70.00 %
Percentage done:  80.00 %
Percentage done:  90.00 %
Percentage done:  100.00 %
Ending abc-rs
end script
Round:1
Round:5
Starting abc-rs
Percentage done:  10.00 %
Percentage done:  20.00 %
Percentage done:  30.00 %
Percentage done:  40.00 %
Percentage done:  50.00 %
Percentage done:  60.00 %
Percentage done:  70.00 %
Percentage done:  80.00 %
Percentage done:  90.00 %
Percentage done:  100.00 %
Ending abc-rs
  7.981547 seconds (4.95 M allocations: 808.940 MiB, 2.82% gc time)
Round:9
Starting abc-rs
Percentage done:  10.00 %
Percentage done:  20.00 %
Percentage done:  30.00 %
Percentage done:  40.00 %
Percentage done:  50.00 %
Percentage done:  60.00 %
Percentage done:  70.00 %
Percentage done:  80.00 %
Percentage done:  90.00 %
Percentage done:  100.00 %
Ending abc-rs
  7.791370 seconds (4.60 M allocations: 791.936 MiB, 2.78% gc time)
Round:13
Starting abc-rs
Percentage done:  10.00 %
Percentage done:  20.00 %
Percentage done:  30.00 %
Percentage done:  40.00 %
Percentage done:  50.00 %
Percentage done:  60.00 %
Percentage done:  70.00 %
Percentage done:  80.00 %
Percentage done:  90.00 %
Percentage done:  100.00 %
Ending abc-rs
  7.769894 seconds (4.60 M allocations: 791.936 MiB, 2.65% gc time)
Round:17
Starting abc-rs
Percentage done:  10.00 %
Percentage done:  20.00 %
Percentage done:  30.00 %
Percentage done:  40.00 %
Percentage done:  50.00 %
Percentage done:  60.00 %
Percentage done:  70.00 %
Percentage done:  80.00 %
Percentage done:  90.00 %
Percentage done:  100.00 %
Ending abc-rs
  7.771378 seconds (4.60 M allocations: 791.936 MiB, 2.66% gc time)
Round:21
Starting abc-rs
Percentage done:  10.00 %
Percentage done:  20.00 %
Percentage done:  30.00 %
Percentage done:  40.00 %
Percentage done:  50.00 %
Percentage done:  60.00 %
Percentage done:  70.00 %
Percentage done:  80.00 %
Percentage done:  90.00 %
Percentage done:  100.00 %
Ending abc-rs
  8.005229 seconds (4.60 M allocations: 791.936 MiB, 2.61% gc time)
Round:25
Starting abc-rs
Percentage done:  10.00 %
Percentage done:  20.00 %
Percentage done:  30.00 %
Percentage done:  40.00 %
Percentage done:  50.00 %
Percentage done:  60.00 %
Percentage done:  70.00 %
Percentage done:  80.00 %
Percentage done:  90.00 %
Percentage done:  100.00 %
Ending abc-rs
  8.123957 seconds (4.60 M allocations: 791.936 MiB, 2.60% gc time)
Round:29
Starting abc-rs
Percentage done:  10.00 %
Percentage done:  20.00 %
Percentage done:  30.00 %
Percentage done:  40.00 %
Percentage done:  50.00 %
Percentage done:  60.00 %
Percentage done:  70.00 %
Percentage done:  80.00 %
Percentage done:  90.00 %
Percentage done:  100.00 %
Ending abc-rs
  7.913875 seconds (4.60 M allocations: 791.936 MiB, 2.65% gc time)
Round:33
Starting abc-rs
Percentage done:  10.00 %
Percentage done:  20.00 %
Percentage done:  30.00 %
Percentage done:  40.00 %
Percentage done:  50.00 %
Percentage done:  60.00 %
Percentage done:  70.00 %
Percentage done:  80.00 %
Percentage done:  90.00 %
Percentage done:  100.00 %
Ending abc-rs
  7.769964 seconds (4.60 M allocations: 791.936 MiB, 2.67% gc time)
Round:37
Starting abc-rs
Percentage done:  10.00 %
Percentage done:  20.00 %
Percentage done:  30.00 %
Percentage done:  40.00 %
Percentage done:  50.00 %
Percentage done:  60.00 %
Percentage done:  70.00 %
Percentage done:  80.00 %
Percentage done:  90.00 %
Percentage done:  100.00 %
Ending abc-rs
  7.771487 seconds (4.60 M allocations: 791.936 MiB, 2.65% gc time)
Round:41
Starting abc-rs
Percentage done:  10.00 %
Percentage done:  20.00 %
Percentage done:  30.00 %
Percentage done:  40.00 %
Percentage done:  50.00 %
Percentage done:  60.00 %
Percentage done:  70.00 %
Percentage done:  80.00 %
Percentage done:  90.00 %
Percentage done:  100.00 %
Ending abc-rs
  7.810450 seconds (4.60 M allocations: 791.936 MiB, 2.67% gc time)
Round:45
Starting abc-rs
Percentage done:  10.00 %
Percentage done:  20.00 %
Percentage done:  30.00 %
Percentage done:  40.00 %
Percentage done:  50.00 %
Percentage done:  60.00 %
Percentage done:  70.00 %
Percentage done:  80.00 %
Percentage done:  90.00 %
Percentage done:  100.00 %
Ending abc-rs
  7.767871 seconds (4.60 M allocations: 791.936 MiB, 2.64% gc time)
Round:49
Starting abc-rs
Percentage done:  10.00 %
Percentage done:  20.00 %
Percentage done:  30.00 %
Percentage done:  40.00 %
Percentage done:  50.00 %
Percentage done:  60.00 %
Percentage done:  70.00 %
Percentage done:  80.00 %
Percentage done:  90.00 %
Percentage done:  100.00 %
Ending abc-rs
  7.785085 seconds (4.60 M allocations: 791.936 MiB, 2.71% gc time)
Round:53
Starting abc-rs
Percentage done:  10.00 %
Percentage done:  20.00 %
Percentage done:  30.00 %
Percentage done:  40.00 %
Percentage done:  50.00 %
Percentage done:  60.00 %
Percentage done:  70.00 %
Percentage done:  80.00 %
Percentage done:  90.00 %
Percentage done:  100.00 %
Ending abc-rs
  7.864526 seconds (4.60 M allocations: 791.936 MiB, 3.01% gc time)
Round:57
Starting abc-rs
Percentage done:  10.00 %
Percentage done:  20.00 %
Percentage done:  30.00 %
Percentage done:  40.00 %
Percentage done:  50.00 %
Percentage done:  60.00 %
Percentage done:  70.00 %
Percentage done:  80.00 %
Percentage done:  90.00 %
Percentage done:  100.00 %
Ending abc-rs
  7.858838 seconds (4.60 M allocations: 791.936 MiB, 2.75% gc time)
Round:61
Starting abc-rs
Percentage done:  10.00 %
Percentage done:  20.00 %
Percentage done:  30.00 %
Percentage done:  40.00 %
Percentage done:  50.00 %
Percentage done:  60.00 %
Percentage done:  70.00 %
Percentage done:  80.00 %
Percentage done:  90.00 %
Percentage done:  100.00 %
Ending abc-rs
  7.774946 seconds (4.60 M allocations: 791.936 MiB, 2.71% gc time)
Round:65
Starting abc-rs
Percentage done:  10.00 %
Percentage done:  20.00 %
Percentage done:  30.00 %
Percentage done:  40.00 %
Percentage done:  50.00 %
Percentage done:  60.00 %
Percentage done:  70.00 %
Percentage done:  80.00 %
Percentage done:  90.00 %
Percentage done:  100.00 %
Ending abc-rs
  7.788832 seconds (4.60 M allocations: 791.936 MiB, 2.66% gc time)
Round:69
Starting abc-rs
Percentage done:  10.00 %
Percentage done:  20.00 %
Percentage done:  30.00 %
Percentage done:  40.00 %
Percentage done:  50.00 %
Percentage done:  60.00 %
Percentage done:  70.00 %
Percentage done:  80.00 %
Percentage done:  90.00 %
Percentage done:  100.00 %
Ending abc-rs
  7.784249 seconds (4.60 M allocations: 791.936 MiB, 2.68% gc time)
Round:73
Starting abc-rs
Percentage done:  10.00 %
Percentage done:  20.00 %
Percentage done:  30.00 %
Percentage done:  40.00 %
Percentage done:  50.00 %
Percentage done:  60.00 %
Percentage done:  70.00 %
Percentage done:  80.00 %
Percentage done:  90.00 %
Percentage done:  100.00 %
Ending abc-rs
  7.786760 seconds (4.60 M allocations: 791.936 MiB, 2.67% gc time)
Round:77
Starting abc-rs
Percentage done:  10.00 %
Percentage done:  20.00 %
Percentage done:  30.00 %
Percentage done:  40.00 %
Percentage done:  50.00 %
Percentage done:  60.00 %
Percentage done:  70.00 %
Percentage done:  80.00 %
Percentage done:  90.00 %
Percentage done:  100.00 %
Ending abc-rs
  7.773414 seconds (4.60 M allocations: 791.936 MiB, 2.66% gc time)
Round:81
Starting abc-rs
Percentage done:  10.00 %
Percentage done:  20.00 %
Percentage done:  30.00 %
Percentage done:  40.00 %
Percentage done:  50.00 %
Percentage done:  60.00 %
Percentage done:  70.00 %
Percentage done:  80.00 %
Percentage done:  90.00 %
Percentage done:  100.00 %
Ending abc-rs
  7.782426 seconds (4.60 M allocations: 791.936 MiB, 2.65% gc time)
Round:85
Starting abc-rs
Percentage done:  10.00 %
Percentage done:  20.00 %
Percentage done:  30.00 %
Percentage done:  40.00 %
Percentage done:  50.00 %
Percentage done:  60.00 %
Percentage done:  70.00 %
Percentage done:  80.00 %
Percentage done:  90.00 %
Percentage done:  100.00 %
Ending abc-rs
  7.793377 seconds (4.60 M allocations: 791.936 MiB, 2.65% gc time)
Round:89
Starting abc-rs
Percentage done:  10.00 %
Percentage done:  20.00 %
Percentage done:  30.00 %
Percentage done:  40.00 %
Percentage done:  50.00 %
Percentage done:  60.00 %
Percentage done:  70.00 %
Percentage done:  80.00 %
Percentage done:  90.00 %
Percentage done:  100.00 %
Ending abc-rs
  7.823780 seconds (4.60 M allocations: 791.936 MiB, 2.77% gc time)
Round:93
Starting abc-rs
Percentage done:  10.00 %
Percentage done:  20.00 %
Percentage done:  30.00 %
Percentage done:  40.00 %
Percentage done:  50.00 %
Percentage done:  60.00 %
Percentage done:  70.00 %
Percentage done:  80.00 %
Percentage done:  90.00 %
Percentage done:  100.00 %
Ending abc-rs
  7.797052 seconds (4.60 M allocations: 791.936 MiB, 2.67% gc time)
Round:97
Starting abc-rs
Percentage done:  10.00 %
Percentage done:  20.00 %
Percentage done:  30.00 %
Percentage done:  40.00 %
Percentage done:  50.00 %
Percentage done:  60.00 %
Percentage done:  70.00 %
Percentage done:  80.00 %
Percentage done:  90.00 %
Percentage done:  100.00 %
Ending abc-rs
  7.761002 seconds (4.60 M allocations: 791.936 MiB, 2.64% gc time)
Round:101
Starting abc-rs
Percentage done:  10.00 %
Percentage done:  20.00 %
Percentage done:  30.00 %
Percentage done:  40.00 %
Percentage done:  50.00 %
Percentage done:  60.00 %
Percentage done:  70.00 %
Percentage done:  80.00 %
Percentage done:  90.00 %
Percentage done:  100.00 %
Ending abc-rs
  7.766028 seconds (4.60 M allocations: 791.936 MiB, 2.65% gc time)
Round:105
Starting abc-rs
Percentage done:  10.00 %
Percentage done:  20.00 %
Percentage done:  30.00 %
Percentage done:  40.00 %
Percentage done:  50.00 %
Percentage done:  60.00 %
Percentage done:  70.00 %
Percentage done:  80.00 %
Percentage done:  90.00 %
Percentage done:  100.00 %
Ending abc-rs
  7.782776 seconds (4.60 M allocations: 791.936 MiB, 2.63% gc time)
Round:109
Starting abc-rs
Percentage done:  10.00 %
Percentage done:  20.00 %
Percentage done:  30.00 %
Percentage done:  40.00 %
Percentage done:  50.00 %
Percentage done:  60.00 %
Percentage done:  70.00 %
Percentage done:  80.00 %
Percentage done:  90.00 %
Percentage done:  100.00 %
Ending abc-rs
  7.766078 seconds (4.60 M allocations: 791.936 MiB, 2.64% gc time)
Round:113
Starting abc-rs
Percentage done:  10.00 %
Percentage done:  20.00 %
Percentage done:  30.00 %
Percentage done:  40.00 %
Percentage done:  50.00 %
Percentage done:  60.00 %
Percentage done:  70.00 %
Percentage done:  80.00 %
Percentage done:  90.00 %
Percentage done:  100.00 %
Ending abc-rs
  7.795943 seconds (4.60 M allocations: 791.936 MiB, 2.63% gc time)
Round:117
Starting abc-rs
Percentage done:  10.00 %
Percentage done:  20.00 %
Percentage done:  30.00 %
Percentage done:  40.00 %
Percentage done:  50.00 %
Percentage done:  60.00 %
Percentage done:  70.00 %
Percentage done:  80.00 %
Percentage done:  90.00 %
Percentage done:  100.00 %
Ending abc-rs
  7.763066 seconds (4.60 M allocations: 791.936 MiB, 2.65% gc time)
Round:121
Starting abc-rs
Percentage done:  10.00 %
Percentage done:  20.00 %
Percentage done:  30.00 %
Percentage done:  40.00 %
Percentage done:  50.00 %
Percentage done:  60.00 %
Percentage done:  70.00 %
Percentage done:  80.00 %
Percentage done:  90.00 %
Percentage done:  100.00 %
Ending abc-rs
  7.771015 seconds (4.60 M allocations: 791.936 MiB, 2.64% gc time)
Round:125
Starting abc-rs
Percentage done:  10.00 %
Percentage done:  20.00 %
Percentage done:  30.00 %
Percentage done:  40.00 %
Percentage done:  50.00 %
Percentage done:  60.00 %
Percentage done:  70.00 %
Percentage done:  80.00 %
Percentage done:  90.00 %
Percentage done:  100.00 %
Ending abc-rs
  7.768725 seconds (4.60 M allocations: 791.936 MiB, 2.64% gc time)
Round:129
Starting abc-rs
Percentage done:  10.00 %
Percentage done:  20.00 %
Percentage done:  30.00 %
Percentage done:  40.00 %
Percentage done:  50.00 %
Percentage done:  60.00 %
Percentage done:  70.00 %
Percentage done:  80.00 %
Percentage done:  90.00 %
Percentage done:  100.00 %
Ending abc-rs
  7.769084 seconds (4.60 M allocations: 791.936 MiB, 2.64% gc time)
Round:133
Starting abc-rs
Percentage done:  10.00 %
Percentage done:  20.00 %
Percentage done:  30.00 %
Percentage done:  40.00 %
Percentage done:  50.00 %
Percentage done:  60.00 %
Percentage done:  70.00 %
Percentage done:  80.00 %
Percentage done:  90.00 %
Percentage done:  100.00 %
Ending abc-rs
  7.771544 seconds (4.60 M allocations: 791.936 MiB, 2.64% gc time)
Round:137
Starting abc-rs
Percentage done:  10.00 %
Percentage done:  20.00 %
Percentage done:  30.00 %
Percentage done:  40.00 %
Percentage done:  50.00 %
Percentage done:  60.00 %
Percentage done:  70.00 %
Percentage done:  80.00 %
Percentage done:  90.00 %
Percentage done:  100.00 %
Ending abc-rs
  7.772198 seconds (4.60 M allocations: 791.936 MiB, 2.63% gc time)
Round:141
Starting abc-rs
Percentage done:  10.00 %
Percentage done:  20.00 %
Percentage done:  30.00 %
Percentage done:  40.00 %
Percentage done:  50.00 %
Percentage done:  60.00 %
Percentage done:  70.00 %
Percentage done:  80.00 %
Percentage done:  90.00 %
Percentage done:  100.00 %
Ending abc-rs
  7.770844 seconds (4.60 M allocations: 791.936 MiB, 2.64% gc time)
Round:145
Starting abc-rs
Percentage done:  10.00 %
Percentage done:  20.00 %
Percentage done:  30.00 %
Percentage done:  40.00 %
Percentage done:  50.00 %
Percentage done:  60.00 %
Percentage done:  70.00 %
Percentage done:  80.00 %
Percentage done:  90.00 %
Percentage done:  100.00 %
Ending abc-rs
  7.823962 seconds (4.60 M allocations: 791.936 MiB, 2.62% gc time)
Round:149
Starting abc-rs
Percentage done:  10.00 %
Percentage done:  20.00 %
Percentage done:  30.00 %
Percentage done:  40.00 %
Percentage done:  50.00 %
Percentage done:  60.00 %
Percentage done:  70.00 %
Percentage done:  80.00 %
Percentage done:  90.00 %
Percentage done:  100.00 %
Ending abc-rs
  7.765597 seconds (4.60 M allocations: 791.936 MiB, 2.64% gc time)
Round:153
Starting abc-rs
Percentage done:  10.00 %
Percentage done:  20.00 %
Percentage done:  30.00 %
Percentage done:  40.00 %
Percentage done:  50.00 %
Percentage done:  60.00 %
Percentage done:  70.00 %
Percentage done:  80.00 %
Percentage done:  90.00 %
Percentage done:  100.00 %
Ending abc-rs
  7.768825 seconds (4.60 M allocations: 791.936 MiB, 2.64% gc time)
Round:157
Starting abc-rs
Percentage done:  10.00 %
Percentage done:  20.00 %
Percentage done:  30.00 %
Percentage done:  40.00 %
Percentage done:  50.00 %
Percentage done:  60.00 %
Percentage done:  70.00 %
Percentage done:  80.00 %
Percentage done:  90.00 %
Percentage done:  100.00 %
Ending abc-rs
  7.771185 seconds (4.60 M allocations: 791.936 MiB, 2.64% gc time)
Round:161
Starting abc-rs
Percentage done:  10.00 %
Percentage done:  20.00 %
Percentage done:  30.00 %
Percentage done:  40.00 %
Percentage done:  50.00 %
Percentage done:  60.00 %
Percentage done:  70.00 %
Percentage done:  80.00 %
Percentage done:  90.00 %
Percentage done:  100.00 %
Ending abc-rs
  7.774129 seconds (4.60 M allocations: 791.936 MiB, 2.64% gc time)
Round:165
Starting abc-rs
Percentage done:  10.00 %
Percentage done:  20.00 %
Percentage done:  30.00 %
Percentage done:  40.00 %
Percentage done:  50.00 %
Percentage done:  60.00 %
Percentage done:  70.00 %
Percentage done:  80.00 %
Percentage done:  90.00 %
Percentage done:  100.00 %
Ending abc-rs
  7.776158 seconds (4.60 M allocations: 791.936 MiB, 2.69% gc time)
Round:169
Starting abc-rs
Percentage done:  10.00 %
Percentage done:  20.00 %
Percentage done:  30.00 %
Percentage done:  40.00 %
Percentage done:  50.00 %
Percentage done:  60.00 %
Percentage done:  70.00 %
Percentage done:  80.00 %
Percentage done:  90.00 %
Percentage done:  100.00 %
Ending abc-rs
  7.788259 seconds (4.60 M allocations: 791.936 MiB, 3.00% gc time)
Round:173
Starting abc-rs
Percentage done:  10.00 %
Percentage done:  20.00 %
Percentage done:  30.00 %
Percentage done:  40.00 %
Percentage done:  50.00 %
Percentage done:  60.00 %
Percentage done:  70.00 %
Percentage done:  80.00 %
Percentage done:  90.00 %
Percentage done:  100.00 %
Ending abc-rs
  7.768254 seconds (4.60 M allocations: 791.936 MiB, 2.65% gc time)
Round:177
Starting abc-rs
Percentage done:  10.00 %
Percentage done:  20.00 %
Percentage done:  30.00 %
Percentage done:  40.00 %
Percentage done:  50.00 %
Percentage done:  60.00 %
Percentage done:  70.00 %
Percentage done:  80.00 %
Percentage done:  90.00 %
Percentage done:  100.00 %
Ending abc-rs
  7.863824 seconds (4.60 M allocations: 791.936 MiB, 2.73% gc time)
Round:181
Starting abc-rs
Percentage done:  10.00 %
Percentage done:  20.00 %
Percentage done:  30.00 %
Percentage done:  40.00 %
Percentage done:  50.00 %
Percentage done:  60.00 %
Percentage done:  70.00 %
Percentage done:  80.00 %
Percentage done:  90.00 %
Percentage done:  100.00 %
Ending abc-rs
  7.782272 seconds (4.60 M allocations: 791.936 MiB, 2.68% gc time)
Round:185
Starting abc-rs
Percentage done:  10.00 %
Percentage done:  20.00 %
Percentage done:  30.00 %
Percentage done:  40.00 %
Percentage done:  50.00 %
Percentage done:  60.00 %
Percentage done:  70.00 %
Percentage done:  80.00 %
Percentage done:  90.00 %
Percentage done:  100.00 %
Ending abc-rs
  7.767715 seconds (4.60 M allocations: 791.936 MiB, 2.64% gc time)
Round:189
Starting abc-rs
Percentage done:  10.00 %
Percentage done:  20.00 %
Percentage done:  30.00 %
Percentage done:  40.00 %
Percentage done:  50.00 %
Percentage done:  60.00 %
Percentage done:  70.00 %
Percentage done:  80.00 %
Percentage done:  90.00 %
Percentage done:  100.00 %
Ending abc-rs
  7.768461 seconds (4.60 M allocations: 791.936 MiB, 2.64% gc time)
Round:193
Starting abc-rs
Percentage done:  10.00 %
Percentage done:  20.00 %
Percentage done:  30.00 %
Percentage done:  40.00 %
Percentage done:  50.00 %
Percentage done:  60.00 %
Percentage done:  70.00 %
Percentage done:  80.00 %
Percentage done:  90.00 %
Percentage done:  100.00 %
Ending abc-rs
  7.770252 seconds (4.60 M allocations: 791.936 MiB, 2.64% gc time)
Round:197
Starting abc-rs
Percentage done:  10.00 %
Percentage done:  20.00 %
Percentage done:  30.00 %
Percentage done:  40.00 %
Percentage done:  50.00 %
Percentage done:  60.00 %
Percentage done:  70.00 %
Percentage done:  80.00 %
Percentage done:  90.00 %
Percentage done:  100.00 %
Ending abc-rs
  7.784220 seconds (4.60 M allocations: 791.936 MiB, 2.65% gc time)
Round:201
Starting abc-rs
Percentage done:  10.00 %
Percentage done:  20.00 %
Percentage done:  30.00 %
Percentage done:  40.00 %
Percentage done:  50.00 %
Percentage done:  60.00 %
Percentage done:  70.00 %
Percentage done:  80.00 %
Percentage done:  90.00 %
Percentage done:  100.00 %
Ending abc-rs
  7.781873 seconds (4.60 M allocations: 791.936 MiB, 2.64% gc time)
Round:205
Starting abc-rs
Percentage done:  10.00 %
Percentage done:  20.00 %
Percentage done:  30.00 %
Percentage done:  40.00 %
Percentage done:  50.00 %
Percentage done:  60.00 %
Percentage done:  70.00 %
Percentage done:  80.00 %
Percentage done:  90.00 %
Percentage done:  100.00 %
Ending abc-rs
  7.818802 seconds (4.60 M allocations: 791.936 MiB, 2.63% gc time)
Round:209
Starting abc-rs
Percentage done:  10.00 %
Percentage done:  20.00 %
Percentage done:  30.00 %
Percentage done:  40.00 %
Percentage done:  50.00 %
Percentage done:  60.00 %
Percentage done:  70.00 %
Percentage done:  80.00 %
Percentage done:  90.00 %
Percentage done:  100.00 %
Ending abc-rs
  7.791341 seconds (4.60 M allocations: 791.936 MiB, 2.80% gc time)
Round:213
Starting abc-rs
Percentage done:  10.00 %
Percentage done:  20.00 %
Percentage done:  30.00 %
Percentage done:  40.00 %
Percentage done:  50.00 %
Percentage done:  60.00 %
Percentage done:  70.00 %
Percentage done:  80.00 %
Percentage done:  90.00 %
Percentage done:  100.00 %
Ending abc-rs
  7.803187 seconds (4.60 M allocations: 791.936 MiB, 2.66% gc time)
Round:217
Starting abc-rs
Percentage done:  10.00 %
Percentage done:  20.00 %
Percentage done:  30.00 %
Percentage done:  40.00 %
Percentage done:  50.00 %
Percentage done:  60.00 %
Percentage done:  70.00 %
Percentage done:  80.00 %
Percentage done:  90.00 %
Percentage done:  100.00 %
Ending abc-rs
  7.769074 seconds (4.60 M allocations: 791.936 MiB, 2.64% gc time)
Round:221
Starting abc-rs
Percentage done:  10.00 %
Percentage done:  20.00 %
Percentage done:  30.00 %
Percentage done:  40.00 %
Percentage done:  50.00 %
Percentage done:  60.00 %
Percentage done:  70.00 %
Percentage done:  80.00 %
Percentage done:  90.00 %
Percentage done:  100.00 %
Ending abc-rs
  7.816473 seconds (4.60 M allocations: 791.936 MiB, 2.63% gc time)
Round:225
Starting abc-rs
Percentage done:  10.00 %
Percentage done:  20.00 %
Percentage done:  30.00 %
Percentage done:  40.00 %
Percentage done:  50.00 %
Percentage done:  60.00 %
Percentage done:  70.00 %
Percentage done:  80.00 %
Percentage done:  90.00 %
Percentage done:  100.00 %
Ending abc-rs
  7.765013 seconds (4.60 M allocations: 791.936 MiB, 2.64% gc time)
Round:229
Starting abc-rs
Percentage done:  10.00 %
Percentage done:  20.00 %
Percentage done:  30.00 %
Percentage done:  40.00 %
Percentage done:  50.00 %
Percentage done:  60.00 %
Percentage done:  70.00 %
Percentage done:  80.00 %
Percentage done:  90.00 %
Percentage done:  100.00 %
Ending abc-rs
  7.803194 seconds (4.60 M allocations: 791.936 MiB, 2.63% gc time)
Round:233
Starting abc-rs
Percentage done:  10.00 %
Percentage done:  20.00 %
Percentage done:  30.00 %
Percentage done:  40.00 %
Percentage done:  50.00 %
Percentage done:  60.00 %
Percentage done:  70.00 %
Percentage done:  80.00 %
Percentage done:  90.00 %
Percentage done:  100.00 %
Ending abc-rs
  7.773481 seconds (4.60 M allocations: 791.936 MiB, 2.64% gc time)
Round:237
Starting abc-rs
Percentage done:  10.00 %
Percentage done:  20.00 %
Percentage done:  30.00 %
Percentage done:  40.00 %
Percentage done:  50.00 %
Percentage done:  60.00 %
Percentage done:  70.00 %
Percentage done:  80.00 %
Percentage done:  90.00 %
Percentage done:  100.00 %
Ending abc-rs
  7.808275 seconds (4.60 M allocations: 791.936 MiB, 2.63% gc time)
Round:241
Starting abc-rs
Percentage done:  10.00 %
Percentage done:  20.00 %
Percentage done:  30.00 %
Percentage done:  40.00 %
Percentage done:  50.00 %
Percentage done:  60.00 %
Percentage done:  70.00 %
Percentage done:  80.00 %
Percentage done:  90.00 %
Percentage done:  100.00 %
Ending abc-rs
  7.773140 seconds (4.60 M allocations: 791.936 MiB, 2.64% gc time)
Round:245
Starting abc-rs
Percentage done:  10.00 %
Percentage done:  20.00 %
Percentage done:  30.00 %
Percentage done:  40.00 %
Percentage done:  50.00 %
Percentage done:  60.00 %
Percentage done:  70.00 %
Percentage done:  80.00 %
Percentage done:  90.00 %
Percentage done:  100.00 %
Ending abc-rs
  7.770725 seconds (4.60 M allocations: 791.936 MiB, 2.64% gc time)
Round:249
Starting abc-rs
Percentage done:  10.00 %
Percentage done:  20.00 %
Percentage done:  30.00 %
Percentage done:  40.00 %
Percentage done:  50.00 %
Percentage done:  60.00 %
Percentage done:  70.00 %
Percentage done:  80.00 %
Percentage done:  90.00 %
Percentage done:  100.00 %
Ending abc-rs
  7.765843 seconds (4.60 M allocations: 791.936 MiB, 2.64% gc time)
Round:253
Starting abc-rs
Percentage done:  10.00 %
Percentage done:  20.00 %
Percentage done:  30.00 %
Percentage done:  40.00 %
Percentage done:  50.00 %
Percentage done:  60.00 %
Percentage done:  70.00 %
Percentage done:  80.00 %
Percentage done:  90.00 %
Percentage done:  100.00 %
Ending abc-rs
  7.772004 seconds (4.60 M allocations: 791.936 MiB, 2.64% gc time)
Round:257
Starting abc-rs
Percentage done:  10.00 %
Percentage done:  20.00 %
Percentage done:  30.00 %
Percentage done:  40.00 %
Percentage done:  50.00 %
Percentage done:  60.00 %
Percentage done:  70.00 %
Percentage done:  80.00 %
Percentage done:  90.00 %
Percentage done:  100.00 %
Ending abc-rs
  7.767822 seconds (4.60 M allocations: 791.936 MiB, 2.64% gc time)
Round:261
Starting abc-rs
Percentage done:  10.00 %
Percentage done:  20.00 %
Percentage done:  30.00 %
Percentage done:  40.00 %
Percentage done:  50.00 %
Percentage done:  60.00 %
Percentage done:  70.00 %
Percentage done:  80.00 %
Percentage done:  90.00 %
Percentage done:  100.00 %
Ending abc-rs
  7.766526 seconds (4.60 M allocations: 791.936 MiB, 2.65% gc time)
Round:265
Starting abc-rs
Percentage done:  10.00 %
Percentage done:  20.00 %
Percentage done:  30.00 %
Percentage done:  40.00 %
Percentage done:  50.00 %
Percentage done:  60.00 %
Percentage done:  70.00 %
Percentage done:  80.00 %
Percentage done:  90.00 %
Percentage done:  100.00 %
Ending abc-rs
  7.766463 seconds (4.60 M allocations: 791.936 MiB, 2.64% gc time)
Round:269
Starting abc-rs
Percentage done:  10.00 %
Percentage done:  20.00 %
Percentage done:  30.00 %
Percentage done:  40.00 %
Percentage done:  50.00 %
Percentage done:  60.00 %
Percentage done:  70.00 %
Percentage done:  80.00 %
Percentage done:  90.00 %
Percentage done:  100.00 %
Ending abc-rs
  7.802195 seconds (4.60 M allocations: 791.936 MiB, 2.63% gc time)
Round:273
Starting abc-rs
Percentage done:  10.00 %
Percentage done:  20.00 %
Percentage done:  30.00 %
Percentage done:  40.00 %
Percentage done:  50.00 %
Percentage done:  60.00 %
Percentage done:  70.00 %
Percentage done:  80.00 %
Percentage done:  90.00 %
Percentage done:  100.00 %
Ending abc-rs
  7.774528 seconds (4.60 M allocations: 791.936 MiB, 2.64% gc time)
Round:277
Starting abc-rs
Percentage done:  10.00 %
Percentage done:  20.00 %
Percentage done:  30.00 %
Percentage done:  40.00 %
Percentage done:  50.00 %
Percentage done:  60.00 %
Percentage done:  70.00 %
Percentage done:  80.00 %
Percentage done:  90.00 %
Percentage done:  100.00 %
Ending abc-rs
  7.765967 seconds (4.60 M allocations: 791.936 MiB, 2.64% gc time)
Round:281
Starting abc-rs
Percentage done:  10.00 %
Percentage done:  20.00 %
Percentage done:  30.00 %
Percentage done:  40.00 %
Percentage done:  50.00 %
Percentage done:  60.00 %
Percentage done:  70.00 %
Percentage done:  80.00 %
Percentage done:  90.00 %
Percentage done:  100.00 %
Ending abc-rs
  7.774144 seconds (4.60 M allocations: 791.936 MiB, 2.64% gc time)
Round:285
Starting abc-rs
Percentage done:  10.00 %
Percentage done:  20.00 %
Percentage done:  30.00 %
Percentage done:  40.00 %
Percentage done:  50.00 %
Percentage done:  60.00 %
Percentage done:  70.00 %
Percentage done:  80.00 %
Percentage done:  90.00 %
Percentage done:  100.00 %
Ending abc-rs
  7.788928 seconds (4.60 M allocations: 791.936 MiB, 2.69% gc time)
Round:289
Starting abc-rs
Percentage done:  10.00 %
Percentage done:  20.00 %
Percentage done:  30.00 %
Percentage done:  40.00 %
Percentage done:  50.00 %
Percentage done:  60.00 %
Percentage done:  70.00 %
Percentage done:  80.00 %
Percentage done:  90.00 %
Percentage done:  100.00 %
Ending abc-rs
  7.801937 seconds (4.60 M allocations: 791.936 MiB, 3.00% gc time)
Round:293
Starting abc-rs
Percentage done:  10.00 %
Percentage done:  20.00 %
Percentage done:  30.00 %
Percentage done:  40.00 %
Percentage done:  50.00 %
Percentage done:  60.00 %
Percentage done:  70.00 %
Percentage done:  80.00 %
Percentage done:  90.00 %
Percentage done:  100.00 %
Ending abc-rs
  7.768231 seconds (4.60 M allocations: 791.936 MiB, 2.64% gc time)
Round:297
Starting abc-rs
Percentage done:  10.00 %
Percentage done:  20.00 %
Percentage done:  30.00 %
Percentage done:  40.00 %
Percentage done:  50.00 %
Percentage done:  60.00 %
Percentage done:  70.00 %
Percentage done:  80.00 %
Percentage done:  90.00 %
Percentage done:  100.00 %
Ending abc-rs
  7.780210 seconds (4.60 M allocations: 791.936 MiB, 2.75% gc time)
Round:301
Starting abc-rs
Percentage done:  10.00 %
Percentage done:  20.00 %
Percentage done:  30.00 %
Percentage done:  40.00 %
Percentage done:  50.00 %
Percentage done:  60.00 %
Percentage done:  70.00 %
Percentage done:  80.00 %
Percentage done:  90.00 %
Percentage done:  100.00 %
Ending abc-rs
  7.789611 seconds (4.60 M allocations: 791.936 MiB, 2.68% gc time)
Round:305
Starting abc-rs
Percentage done:  10.00 %
Percentage done:  20.00 %
Percentage done:  30.00 %
Percentage done:  40.00 %
Percentage done:  50.00 %
Percentage done:  60.00 %
Percentage done:  70.00 %
Percentage done:  80.00 %
Percentage done:  90.00 %
Percentage done:  100.00 %
Ending abc-rs
  7.796629 seconds (4.60 M allocations: 791.936 MiB, 2.63% gc time)
Round:309
Starting abc-rs
Percentage done:  10.00 %
Percentage done:  20.00 %
Percentage done:  30.00 %
Percentage done:  40.00 %
Percentage done:  50.00 %
Percentage done:  60.00 %
Percentage done:  70.00 %
Percentage done:  80.00 %
Percentage done:  90.00 %
Percentage done:  100.00 %
Ending abc-rs
  7.766244 seconds (4.60 M allocations: 791.936 MiB, 2.65% gc time)
Round:313
Starting abc-rs
Percentage done:  10.00 %
Percentage done:  20.00 %
Percentage done:  30.00 %
Percentage done:  40.00 %
Percentage done:  50.00 %
Percentage done:  60.00 %
Percentage done:  70.00 %
Percentage done:  80.00 %
Percentage done:  90.00 %
Percentage done:  100.00 %
Ending abc-rs
  7.761447 seconds (4.60 M allocations: 791.936 MiB, 2.64% gc time)
Round:317
Starting abc-rs
Percentage done:  10.00 %
Percentage done:  20.00 %
Percentage done:  30.00 %
Percentage done:  40.00 %
Percentage done:  50.00 %
Percentage done:  60.00 %
Percentage done:  70.00 %
Percentage done:  80.00 %
Percentage done:  90.00 %
Percentage done:  100.00 %
Ending abc-rs
  7.774049 seconds (4.60 M allocations: 791.936 MiB, 2.64% gc time)
Round:321
Starting abc-rs
Percentage done:  10.00 %
Percentage done:  20.00 %
Percentage done:  30.00 %
Percentage done:  40.00 %
Percentage done:  50.00 %
Percentage done:  60.00 %
Percentage done:  70.00 %
Percentage done:  80.00 %
Percentage done:  90.00 %
Percentage done:  100.00 %
Ending abc-rs
  7.777613 seconds (4.60 M allocations: 791.936 MiB, 2.64% gc time)
Round:325
Starting abc-rs
Percentage done:  10.00 %
Percentage done:  20.00 %
Percentage done:  30.00 %
Percentage done:  40.00 %
Percentage done:  50.00 %
Percentage done:  60.00 %
Percentage done:  70.00 %
Percentage done:  80.00 %
Percentage done:  90.00 %
Percentage done:  100.00 %
Ending abc-rs
  7.799576 seconds (4.60 M allocations: 791.936 MiB, 2.64% gc time)
Round:329
Starting abc-rs
Percentage done:  10.00 %
Percentage done:  20.00 %
Percentage done:  30.00 %
Percentage done:  40.00 %
Percentage done:  50.00 %
Percentage done:  60.00 %
Percentage done:  70.00 %
Percentage done:  80.00 %
Percentage done:  90.00 %
Percentage done:  100.00 %
Ending abc-rs
  7.808874 seconds (4.60 M allocations: 791.936 MiB, 2.81% gc time)
Round:333
Starting abc-rs
Percentage done:  10.00 %
Percentage done:  20.00 %
Percentage done:  30.00 %
Percentage done:  40.00 %
Percentage done:  50.00 %
Percentage done:  60.00 %
Percentage done:  70.00 %
Percentage done:  80.00 %
Percentage done:  90.00 %
Percentage done:  100.00 %
Ending abc-rs
  7.769809 seconds (4.60 M allocations: 791.936 MiB, 2.72% gc time)
Round:337
Starting abc-rs
Percentage done:  10.00 %
Percentage done:  20.00 %
Percentage done:  30.00 %
Percentage done:  40.00 %
Percentage done:  50.00 %
Percentage done:  60.00 %
Percentage done:  70.00 %
Percentage done:  80.00 %
Percentage done:  90.00 %
Percentage done:  100.00 %
Ending abc-rs
  7.769833 seconds (4.60 M allocations: 791.936 MiB, 2.65% gc time)
Round:341
Starting abc-rs
Percentage done:  10.00 %
Percentage done:  20.00 %
Percentage done:  30.00 %
Percentage done:  40.00 %
Percentage done:  50.00 %
Percentage done:  60.00 %
Percentage done:  70.00 %
Percentage done:  80.00 %
Percentage done:  90.00 %
Percentage done:  100.00 %
Ending abc-rs
  7.768551 seconds (4.60 M allocations: 791.936 MiB, 2.65% gc time)
Round:345
Starting abc-rs
Percentage done:  10.00 %
Percentage done:  20.00 %
Percentage done:  30.00 %
Percentage done:  40.00 %
Percentage done:  50.00 %
Percentage done:  60.00 %
Percentage done:  70.00 %
Percentage done:  80.00 %
Percentage done:  90.00 %
Percentage done:  100.00 %
Ending abc-rs
  7.767763 seconds (4.60 M allocations: 791.936 MiB, 2.64% gc time)
Round:349
Starting abc-rs
Percentage done:  10.00 %
Percentage done:  20.00 %
Percentage done:  30.00 %
Percentage done:  40.00 %
Percentage done:  50.00 %
Percentage done:  60.00 %
Percentage done:  70.00 %
Percentage done:  80.00 %
Percentage done:  90.00 %
Percentage done:  100.00 %
Ending abc-rs
  7.772031 seconds (4.60 M allocations: 791.936 MiB, 2.64% gc time)
Round:353
Starting abc-rs
Percentage done:  10.00 %
Percentage done:  20.00 %
Percentage done:  30.00 %
Percentage done:  40.00 %
Percentage done:  50.00 %
Percentage done:  60.00 %
Percentage done:  70.00 %
Percentage done:  80.00 %
Percentage done:  90.00 %
Percentage done:  100.00 %
Ending abc-rs
  7.767116 seconds (4.60 M allocations: 791.936 MiB, 2.67% gc time)
Round:357
Starting abc-rs
Percentage done:  10.00 %
Percentage done:  20.00 %
Percentage done:  30.00 %
Percentage done:  40.00 %
Percentage done:  50.00 %
Percentage done:  60.00 %
Percentage done:  70.00 %
Percentage done:  80.00 %
Percentage done:  90.00 %
Percentage done:  100.00 %
Ending abc-rs
  7.768249 seconds (4.60 M allocations: 791.936 MiB, 2.64% gc time)
Round:361
Starting abc-rs
Percentage done:  10.00 %
Percentage done:  20.00 %
Percentage done:  30.00 %
Percentage done:  40.00 %
Percentage done:  50.00 %
Percentage done:  60.00 %
Percentage done:  70.00 %
Percentage done:  80.00 %
Percentage done:  90.00 %
Percentage done:  100.00 %
Ending abc-rs
  7.792999 seconds (4.60 M allocations: 791.936 MiB, 2.63% gc time)
Round:365
Starting abc-rs
Percentage done:  10.00 %
Percentage done:  20.00 %
Percentage done:  30.00 %
Percentage done:  40.00 %
Percentage done:  50.00 %
Percentage done:  60.00 %
Percentage done:  70.00 %
Percentage done:  80.00 %
Percentage done:  90.00 %
Percentage done:  100.00 %
Ending abc-rs
  7.790840 seconds (4.60 M allocations: 791.936 MiB, 2.64% gc time)
Round:369
Starting abc-rs
Percentage done:  10.00 %
Percentage done:  20.00 %
Percentage done:  30.00 %
Percentage done:  40.00 %
Percentage done:  50.00 %
Percentage done:  60.00 %
Percentage done:  70.00 %
Percentage done:  80.00 %
Percentage done:  90.00 %
Percentage done:  100.00 %
Ending abc-rs
  7.765586 seconds (4.60 M allocations: 791.936 MiB, 2.65% gc time)
Round:373
Starting abc-rs
Percentage done:  10.00 %
Percentage done:  20.00 %
Percentage done:  30.00 %
Percentage done:  40.00 %
Percentage done:  50.00 %
Percentage done:  60.00 %
Percentage done:  70.00 %
Percentage done:  80.00 %
Percentage done:  90.00 %
Percentage done:  100.00 %
Ending abc-rs
  7.780173 seconds (4.60 M allocations: 791.936 MiB, 2.64% gc time)
Round:377
Starting abc-rs
Percentage done:  10.00 %
Percentage done:  20.00 %
Percentage done:  30.00 %
Percentage done:  40.00 %
Percentage done:  50.00 %
Percentage done:  60.00 %
Percentage done:  70.00 %
Percentage done:  80.00 %
Percentage done:  90.00 %
Percentage done:  100.00 %
Ending abc-rs
  7.776647 seconds (4.60 M allocations: 791.936 MiB, 2.64% gc time)
Round:381
Starting abc-rs
Percentage done:  10.00 %
Percentage done:  20.00 %
Percentage done:  30.00 %
Percentage done:  40.00 %
Percentage done:  50.00 %
Percentage done:  60.00 %
Percentage done:  70.00 %
Percentage done:  80.00 %
Percentage done:  90.00 %
Percentage done:  100.00 %
Ending abc-rs
  7.777510 seconds (4.60 M allocations: 791.936 MiB, 2.64% gc time)
Round:385
Starting abc-rs
Percentage done:  10.00 %
Percentage done:  20.00 %
Percentage done:  30.00 %
Percentage done:  40.00 %
Percentage done:  50.00 %
Percentage done:  60.00 %
Percentage done:  70.00 %
Percentage done:  80.00 %
Percentage done:  90.00 %
Percentage done:  100.00 %
Ending abc-rs
  7.772122 seconds (4.60 M allocations: 791.936 MiB, 2.65% gc time)
Round:389
Starting abc-rs
Percentage done:  10.00 %
Percentage done:  20.00 %
Percentage done:  30.00 %
Percentage done:  40.00 %
Percentage done:  50.00 %
Percentage done:  60.00 %
Percentage done:  70.00 %
Percentage done:  80.00 %
Percentage done:  90.00 %
Percentage done:  100.00 %
Ending abc-rs
  7.771000 seconds (4.60 M allocations: 791.936 MiB, 2.64% gc time)
Round:393
Starting abc-rs
Percentage done:  10.00 %
Percentage done:  20.00 %
Percentage done:  30.00 %
Percentage done:  40.00 %
Percentage done:  50.00 %
Percentage done:  60.00 %
Percentage done:  70.00 %
Percentage done:  80.00 %
Percentage done:  90.00 %
Percentage done:  100.00 %
Ending abc-rs
  7.809851 seconds (4.60 M allocations: 791.936 MiB, 2.63% gc time)
Round:397
Starting abc-rs
Percentage done:  10.00 %
Percentage done:  20.00 %
Percentage done:  30.00 %
Percentage done:  40.00 %
Percentage done:  50.00 %
Percentage done:  60.00 %
Percentage done:  70.00 %
Percentage done:  80.00 %
Percentage done:  90.00 %
Percentage done:  100.00 %
Ending abc-rs
  7.777358 seconds (4.60 M allocations: 791.936 MiB, 2.64% gc time)
