Thu Jan 17 17:35:27 2019       
+-----------------------------------------------------------------------------+
| NVIDIA-SMI 410.79       Driver Version: 410.79       CUDA Version: 10.0     |
|-------------------------------+----------------------+----------------------+
| GPU  Name        Persistence-M| Bus-Id        Disp.A | Volatile Uncorr. ECC |
| Fan  Temp  Perf  Pwr:Usage/Cap|         Memory-Usage | GPU-Util  Compute M. |
|===============================+======================+======================|
|   0  Tesla K80           Off  | 00000000:04:00.0 Off |                    0 |
| N/A   29C    P0    60W / 149W |      0MiB / 11441MiB |      0%      Default |
+-------------------------------+----------------------+----------------------+
|   1  Tesla K80           Off  | 00000000:05:00.0 Off |                    0 |
| N/A   39C    P0    72W / 149W |      0MiB / 11441MiB |      0%      Default |
+-------------------------------+----------------------+----------------------+
|   2  Tesla K80           Off  | 00000000:84:00.0 Off |                    0 |
| N/A   31C    P0    61W / 149W |      0MiB / 11441MiB |      0%      Default |
+-------------------------------+----------------------+----------------------+
|   3  Tesla K80           Off  | 00000000:85:00.0 Off |                    0 |
| N/A   38C    P0    73W / 149W |      0MiB / 11441MiB |     49%      Default |
+-------------------------------+----------------------+----------------------+
                                                                               
+-----------------------------------------------------------------------------+
| Processes:                                                       GPU Memory |
|  GPU       PID   Type   Process name                             Usage      |
|=============================================================================|
|  No running processes found                                                 |
+-----------------------------------------------------------------------------+
/home/samwiq/ABC and deep learning project/abc-dl/lunarc
/home/samwiq/ABC and deep learning project/abc-dl
start script
500
check version of Knet
    Status `~/.julia/environments/v1.0/Project.toml`
  [336ed68f] CSV v0.3.1
  [a93c6f00] DataFrames v0.13.1
  [31c24e10] Distributions v0.16.4
  [1902f260] Knet v1.1.0
  [6f286f6a] MultivariateStats v0.6.0 #master (https://github.com/JuliaStats/MultivariateStats.jl.git)
  [2913bbd2] StatsBase v0.25.0
  [4c63d2b9] StatsFuns v0.7.0
build Knet
  Building SpecialFunctions → `~/.julia/packages/SpecialFunctions/KvXoO/deps/build.log`
  Building CodecZlib ───────→ `~/.julia/packages/CodecZlib/wwgbh/deps/build.log`
  Building Knet ────────────→ `~/.julia/packages/Knet/hxjeS/deps/build.log`
test gpu
1
0
0
Loading alpha-stable model
Nbr training obs 1000, nbr parameters 25454, obs/parameters 0.04
0
Starting training
Epoch 1, current loss (training) 17.7952, current loss (val) 6.5384, best loss (val) 6.5384 
Epoch 2, current loss (training) 19.0838, current loss (val) 7.3018, best loss (val) 6.5384 
Epoch 3, current loss (training) 13.7543, current loss (val) 6.0991, best loss (val) 6.0991 
Epoch 4, current loss (training) 19.5318, current loss (val) 5.8653, best loss (val) 5.8653 
Epoch 5, current loss (training) 13.8898, current loss (val) 5.5584, best loss (val) 5.5584 
Epoch 6, current loss (training) 15.5691, current loss (val) 5.3438, best loss (val) 5.3438 
Epoch 7, current loss (training) 17.5932, current loss (val) 5.0892, best loss (val) 5.0892 
Epoch 8, current loss (training) 13.2041, current loss (val) 4.8674, best loss (val) 4.8674 
Epoch 9, current loss (training) 7.4221, current loss (val) 4.6365, best loss (val) 4.6365 
Epoch 10, current loss (training) 7.4973, current loss (val) 4.3478, best loss (val) 4.3478 
Epoch 11, current loss (training) 12.2331, current loss (val) 4.0594, best loss (val) 4.0594 
Epoch 12, current loss (training) 10.4524, current loss (val) 3.7356, best loss (val) 3.7356 
Epoch 13, current loss (training) 11.1166, current loss (val) 3.4113, best loss (val) 3.4113 
Epoch 14, current loss (training) 9.8661, current loss (val) 3.0576, best loss (val) 3.0576 
Epoch 15, current loss (training) 8.3106, current loss (val) 2.7278, best loss (val) 2.7278 
Epoch 16, current loss (training) 10.8190, current loss (val) 2.4872, best loss (val) 2.4872 
Epoch 17, current loss (training) 9.7886, current loss (val) 2.2011, best loss (val) 2.2011 
Epoch 18, current loss (training) 13.0998, current loss (val) 1.9644, best loss (val) 1.9644 
Epoch 19, current loss (training) 11.1592, current loss (val) 1.9011, best loss (val) 1.9011 
Epoch 20, current loss (training) 8.6271, current loss (val) 1.7247, best loss (val) 1.7247 
Epoch 21, current loss (training) 4.5099, current loss (val) 1.7366, best loss (val) 1.7247 
Epoch 22, current loss (training) 7.6313, current loss (val) 1.6106, best loss (val) 1.6106 
Epoch 23, current loss (training) 6.6244, current loss (val) 1.7467, best loss (val) 1.6106 
Epoch 24, current loss (training) 7.6107, current loss (val) 1.7396, best loss (val) 1.6106 
Epoch 25, current loss (training) 4.2327, current loss (val) 1.5046, best loss (val) 1.5046 
Epoch 26, current loss (training) 9.6219, current loss (val) 1.4680, best loss (val) 1.4680 
Epoch 27, current loss (training) 9.5906, current loss (val) 1.4697, best loss (val) 1.4680 
Epoch 28, current loss (training) 7.3237, current loss (val) 1.5106, best loss (val) 1.4680 
Epoch 29, current loss (training) 11.1192, current loss (val) 1.4794, best loss (val) 1.4680 
Epoch 30, current loss (training) 9.0994, current loss (val) 1.5969, best loss (val) 1.4680 
Epoch 31, current loss (training) 4.7810, current loss (val) 1.5798, best loss (val) 1.4680 
Epoch 32, current loss (training) 6.7390, current loss (val) 1.6361, best loss (val) 1.4680 
Epoch 33, current loss (training) 8.6548, current loss (val) 1.4568, best loss (val) 1.4568 
Epoch 34, current loss (training) 5.2145, current loss (val) 1.9882, best loss (val) 1.4568 
Epoch 35, current loss (training) 8.2540, current loss (val) 2.1797, best loss (val) 1.4568 
Epoch 36, current loss (training) 9.5537, current loss (val) 1.4549, best loss (val) 1.4549 
Epoch 37, current loss (training) 5.3556, current loss (val) 1.3813, best loss (val) 1.3813 
Epoch 38, current loss (training) 8.5074, current loss (val) 1.6293, best loss (val) 1.3813 
Epoch 39, current loss (training) 3.5720, current loss (val) 1.4913, best loss (val) 1.3813 
Epoch 40, current loss (training) 3.7018, current loss (val) 1.8991, best loss (val) 1.3813 
Epoch 41, current loss (training) 5.3742, current loss (val) 1.8590, best loss (val) 1.3813 
Epoch 42, current loss (training) 7.1890, current loss (val) 1.4603, best loss (val) 1.3813 
Epoch 43, current loss (training) 6.0113, current loss (val) 1.6281, best loss (val) 1.3813 
Epoch 44, current loss (training) 5.4242, current loss (val) 1.5106, best loss (val) 1.3813 
Epoch 45, current loss (training) 2.5377, current loss (val) 1.5079, best loss (val) 1.3813 
Epoch 46, current loss (training) 6.4643, current loss (val) 1.7745, best loss (val) 1.3813 
Epoch 47, current loss (training) 4.4538, current loss (val) 1.3570, best loss (val) 1.3570 
Epoch 48, current loss (training) 3.7001, current loss (val) 1.9915, best loss (val) 1.3570 
Epoch 49, current loss (training) 5.3473, current loss (val) 1.3291, best loss (val) 1.3291 
Epoch 50, current loss (training) 6.0847, current loss (val) 1.6583, best loss (val) 1.3291 
Epoch 51, current loss (training) 4.4960, current loss (val) 1.6783, best loss (val) 1.3291 
Epoch 52, current loss (training) 4.0824, current loss (val) 1.6066, best loss (val) 1.3291 
Epoch 53, current loss (training) 4.8217, current loss (val) 1.7171, best loss (val) 1.3291 
Epoch 54, current loss (training) 4.9036, current loss (val) 1.3871, best loss (val) 1.3291 
Epoch 55, current loss (training) 1.9529, current loss (val) 1.5127, best loss (val) 1.3291 
Epoch 56, current loss (training) 7.6831, current loss (val) 1.4685, best loss (val) 1.3291 
Epoch 57, current loss (training) 2.7267, current loss (val) 1.3973, best loss (val) 1.3291 
Epoch 58, current loss (training) 6.0539, current loss (val) 1.7704, best loss (val) 1.3291 
Epoch 59, current loss (training) 2.5739, current loss (val) 1.6013, best loss (val) 1.3291 
Epoch 60, current loss (training) 3.8813, current loss (val) 1.5702, best loss (val) 1.3291 
Epoch 61, current loss (training) 3.3176, current loss (val) 1.5293, best loss (val) 1.3291 
Epoch 62, current loss (training) 4.3261, current loss (val) 1.6852, best loss (val) 1.3291 
Epoch 63, current loss (training) 4.4547, current loss (val) 1.5511, best loss (val) 1.3291 
Epoch 64, current loss (training) 4.2746, current loss (val) 1.3818, best loss (val) 1.3291 
Epoch 65, current loss (training) 4.5214, current loss (val) 1.9385, best loss (val) 1.3291 
Epoch 66, current loss (training) 3.5555, current loss (val) 1.4769, best loss (val) 1.3291 
Epoch 67, current loss (training) 5.3292, current loss (val) 2.3741, best loss (val) 1.3291 
Epoch 68, current loss (training) 3.9778, current loss (val) 1.6611, best loss (val) 1.3291 
Epoch 69, current loss (training) 2.8452, current loss (val) 1.3166, best loss (val) 1.3166 
Epoch 70, current loss (training) 4.8534, current loss (val) 1.2565, best loss (val) 1.2565 
Epoch 71, current loss (training) 2.3903, current loss (val) 1.6108, best loss (val) 1.2565 
Epoch 72, current loss (training) 5.6835, current loss (val) 1.8695, best loss (val) 1.2565 
Epoch 73, current loss (training) 6.0571, current loss (val) 1.4102, best loss (val) 1.2565 
Epoch 74, current loss (training) 3.2851, current loss (val) 1.3878, best loss (val) 1.2565 
Epoch 75, current loss (training) 3.1815, current loss (val) 1.3786, best loss (val) 1.2565 
Epoch 76, current loss (training) 3.7460, current loss (val) 1.6069, best loss (val) 1.2565 
Epoch 77, current loss (training) 5.1889, current loss (val) 2.0690, best loss (val) 1.2565 
Epoch 78, current loss (training) 2.7403, current loss (val) 1.4255, best loss (val) 1.2565 
Epoch 79, current loss (training) 5.8316, current loss (val) 1.3927, best loss (val) 1.2565 
Epoch 80, current loss (training) 4.0136, current loss (val) 1.3054, best loss (val) 1.2565 
Epoch 81, current loss (training) 3.3650, current loss (val) 1.3789, best loss (val) 1.2565 
Epoch 82, current loss (training) 4.3218, current loss (val) 2.4441, best loss (val) 1.2565 
Epoch 83, current loss (training) 3.8701, current loss (val) 1.4435, best loss (val) 1.2565 
Epoch 84, current loss (training) 4.5221, current loss (val) 2.1744, best loss (val) 1.2565 
Epoch 85, current loss (training) 3.5626, current loss (val) 1.7250, best loss (val) 1.2565 
Epoch 86, current loss (training) 3.6162, current loss (val) 1.5745, best loss (val) 1.2565 
Epoch 87, current loss (training) 3.3552, current loss (val) 1.4696, best loss (val) 1.2565 
Epoch 88, current loss (training) 2.6197, current loss (val) 1.3537, best loss (val) 1.2565 
Epoch 89, current loss (training) 2.4882, current loss (val) 1.2743, best loss (val) 1.2565 
Epoch 90, current loss (training) 2.7442, current loss (val) 1.5558, best loss (val) 1.2565 
Epoch 91, current loss (training) 2.4483, current loss (val) 1.3136, best loss (val) 1.2565 
Epoch 92, current loss (training) 3.5161, current loss (val) 1.2348, best loss (val) 1.2348 
Epoch 93, current loss (training) 2.5630, current loss (val) 1.5600, best loss (val) 1.2348 
Epoch 94, current loss (training) 3.3336, current loss (val) 1.4299, best loss (val) 1.2348 
Epoch 95, current loss (training) 3.4153, current loss (val) 1.1994, best loss (val) 1.1994 
Epoch 96, current loss (training) 2.7708, current loss (val) 1.3735, best loss (val) 1.1994 
Epoch 97, current loss (training) 2.4981, current loss (val) 1.3391, best loss (val) 1.1994 
Epoch 98, current loss (training) 3.0828, current loss (val) 1.8151, best loss (val) 1.1994 
Epoch 99, current loss (training) 2.9173, current loss (val) 1.3444, best loss (val) 1.1994 
Epoch 100, current loss (training) 4.0636, current loss (val) 1.2291, best loss (val) 1.1994 
Epoch 101, current loss (training) 3.4773, current loss (val) 1.6111, best loss (val) 1.1994 
Epoch 102, current loss (training) 2.2319, current loss (val) 1.1667, best loss (val) 1.1667 
Epoch 103, current loss (training) 2.1784, current loss (val) 1.4338, best loss (val) 1.1667 
Epoch 104, current loss (training) 1.8532, current loss (val) 1.2673, best loss (val) 1.1667 
Epoch 105, current loss (training) 2.9122, current loss (val) 1.2023, best loss (val) 1.1667 
Epoch 106, current loss (training) 2.1077, current loss (val) 1.3568, best loss (val) 1.1667 
Epoch 107, current loss (training) 1.8050, current loss (val) 1.4015, best loss (val) 1.1667 
Epoch 108, current loss (training) 3.0120, current loss (val) 1.3727, best loss (val) 1.1667 
Epoch 109, current loss (training) 1.9308, current loss (val) 1.1692, best loss (val) 1.1667 
Epoch 110, current loss (training) 2.4103, current loss (val) 1.3365, best loss (val) 1.1667 
Epoch 111, current loss (training) 1.7953, current loss (val) 1.2860, best loss (val) 1.1667 
Epoch 112, current loss (training) 2.4431, current loss (val) 1.4851, best loss (val) 1.1667 
Epoch 113, current loss (training) 2.2082, current loss (val) 1.1722, best loss (val) 1.1667 
Epoch 114, current loss (training) 2.0965, current loss (val) 1.1940, best loss (val) 1.1667 
Epoch 115, current loss (training) 2.3487, current loss (val) 1.3131, best loss (val) 1.1667 
Epoch 116, current loss (training) 2.3183, current loss (val) 1.1284, best loss (val) 1.1284 
Epoch 117, current loss (training) 2.8110, current loss (val) 1.8724, best loss (val) 1.1284 
Epoch 118, current loss (training) 2.1475, current loss (val) 1.1437, best loss (val) 1.1284 
Epoch 119, current loss (training) 3.1486, current loss (val) 1.4006, best loss (val) 1.1284 
Epoch 120, current loss (training) 3.2943, current loss (val) 1.2501, best loss (val) 1.1284 
Epoch 121, current loss (training) 2.0311, current loss (val) 1.2692, best loss (val) 1.1284 
Epoch 122, current loss (training) 2.5121, current loss (val) 1.2987, best loss (val) 1.1284 
Epoch 123, current loss (training) 1.7120, current loss (val) 1.1380, best loss (val) 1.1284 
Epoch 124, current loss (training) 2.4209, current loss (val) 1.1122, best loss (val) 1.1122 
Epoch 125, current loss (training) 2.0433, current loss (val) 1.1568, best loss (val) 1.1122 
Epoch 126, current loss (training) 2.4188, current loss (val) 1.8020, best loss (val) 1.1122 
Epoch 127, current loss (training) 2.1494, current loss (val) 1.1606, best loss (val) 1.1122 
Epoch 128, current loss (training) 3.7227, current loss (val) 1.3496, best loss (val) 1.1122 
Epoch 129, current loss (training) 1.8277, current loss (val) 1.2924, best loss (val) 1.1122 
Epoch 130, current loss (training) 1.5090, current loss (val) 1.2925, best loss (val) 1.1122 
Epoch 131, current loss (training) 1.6424, current loss (val) 1.1289, best loss (val) 1.1122 
Epoch 132, current loss (training) 1.7312, current loss (val) 1.1292, best loss (val) 1.1122 
Epoch 133, current loss (training) 2.0967, current loss (val) 1.4354, best loss (val) 1.1122 
Epoch 134, current loss (training) 1.8867, current loss (val) 1.0961, best loss (val) 1.0961 
Epoch 135, current loss (training) 2.0918, current loss (val) 1.1767, best loss (val) 1.0961 
Epoch 136, current loss (training) 1.7034, current loss (val) 1.3167, best loss (val) 1.0961 
Epoch 137, current loss (training) 2.0304, current loss (val) 1.5162, best loss (val) 1.0961 
Epoch 138, current loss (training) 1.2362, current loss (val) 1.2790, best loss (val) 1.0961 
Epoch 139, current loss (training) 1.8264, current loss (val) 1.2355, best loss (val) 1.0961 
Epoch 140, current loss (training) 2.1637, current loss (val) 1.2717, best loss (val) 1.0961 
Epoch 141, current loss (training) 1.9108, current loss (val) 1.1372, best loss (val) 1.0961 
Epoch 142, current loss (training) 1.8685, current loss (val) 1.3831, best loss (val) 1.0961 
Epoch 143, current loss (training) 1.4157, current loss (val) 1.3235, best loss (val) 1.0961 
Epoch 144, current loss (training) 1.7043, current loss (val) 1.1655, best loss (val) 1.0961 
Epoch 145, current loss (training) 1.7770, current loss (val) 1.1600, best loss (val) 1.0961 
Epoch 146, current loss (training) 1.2957, current loss (val) 1.1595, best loss (val) 1.0961 
Epoch 147, current loss (training) 1.3982, current loss (val) 1.0834, best loss (val) 1.0834 
Epoch 148, current loss (training) 1.4740, current loss (val) 1.0826, best loss (val) 1.0826 
Epoch 149, current loss (training) 1.5067, current loss (val) 1.1787, best loss (val) 1.0826 
Epoch 150, current loss (training) 1.2316, current loss (val) 1.0654, best loss (val) 1.0654 
Epoch 151, current loss (training) 1.4935, current loss (val) 1.0784, best loss (val) 1.0654 
Epoch 152, current loss (training) 1.7936, current loss (val) 1.1839, best loss (val) 1.0654 
Epoch 153, current loss (training) 2.2302, current loss (val) 1.4075, best loss (val) 1.0654 
Epoch 154, current loss (training) 1.2112, current loss (val) 1.1380, best loss (val) 1.0654 
Epoch 155, current loss (training) 1.9423, current loss (val) 1.1536, best loss (val) 1.0654 
Epoch 156, current loss (training) 1.4612, current loss (val) 1.0839, best loss (val) 1.0654 
Epoch 157, current loss (training) 2.1295, current loss (val) 1.6416, best loss (val) 1.0654 
Epoch 158, current loss (training) 1.2039, current loss (val) 1.0906, best loss (val) 1.0654 
Epoch 159, current loss (training) 2.1879, current loss (val) 1.6877, best loss (val) 1.0654 
Epoch 160, current loss (training) 1.5248, current loss (val) 1.1516, best loss (val) 1.0654 
Epoch 161, current loss (training) 1.6197, current loss (val) 1.3147, best loss (val) 1.0654 
Epoch 162, current loss (training) 1.7822, current loss (val) 1.1796, best loss (val) 1.0654 
Epoch 163, current loss (training) 1.7573, current loss (val) 1.5669, best loss (val) 1.0654 
Epoch 164, current loss (training) 1.8787, current loss (val) 1.3807, best loss (val) 1.0654 
Epoch 165, current loss (training) 1.5781, current loss (val) 1.0665, best loss (val) 1.0654 
Epoch 166, current loss (training) 1.2753, current loss (val) 1.0461, best loss (val) 1.0461 
Epoch 167, current loss (training) 1.2371, current loss (val) 1.0415, best loss (val) 1.0415 
Epoch 168, current loss (training) 1.2477, current loss (val) 1.0411, best loss (val) 1.0411 
Epoch 169, current loss (training) 1.0219, current loss (val) 1.0637, best loss (val) 1.0411 
Epoch 170, current loss (training) 1.2887, current loss (val) 1.0182, best loss (val) 1.0182 
Epoch 171, current loss (training) 1.3246, current loss (val) 1.2119, best loss (val) 1.0182 
Epoch 172, current loss (training) 1.2892, current loss (val) 1.1464, best loss (val) 1.0182 
Epoch 173, current loss (training) 1.0664, current loss (val) 1.1703, best loss (val) 1.0182 
Epoch 174, current loss (training) 0.7135, current loss (val) 1.0556, best loss (val) 1.0182 
Epoch 175, current loss (training) 1.0570, current loss (val) 1.1578, best loss (val) 1.0182 
Epoch 176, current loss (training) 1.0964, current loss (val) 1.1147, best loss (val) 1.0182 
Epoch 177, current loss (training) 1.0226, current loss (val) 1.0758, best loss (val) 1.0182 
Epoch 178, current loss (training) 0.9712, current loss (val) 1.0691, best loss (val) 1.0182 
Epoch 179, current loss (training) 1.0896, current loss (val) 0.9992, best loss (val) 0.9992 
Epoch 180, current loss (training) 1.0748, current loss (val) 1.0881, best loss (val) 0.9992 
Epoch 181, current loss (training) 1.6166, current loss (val) 1.3591, best loss (val) 0.9992 
Epoch 182, current loss (training) 1.4133, current loss (val) 1.3923, best loss (val) 0.9992 
Epoch 183, current loss (training) 1.1341, current loss (val) 1.3363, best loss (val) 0.9992 
Epoch 184, current loss (training) 1.1891, current loss (val) 1.1742, best loss (val) 0.9992 
Epoch 185, current loss (training) 0.9588, current loss (val) 1.0073, best loss (val) 0.9992 
Epoch 186, current loss (training) 1.1677, current loss (val) 1.2320, best loss (val) 0.9992 
Epoch 187, current loss (training) 1.2229, current loss (val) 1.0661, best loss (val) 0.9992 
Epoch 188, current loss (training) 1.1168, current loss (val) 1.1617, best loss (val) 0.9992 
Epoch 189, current loss (training) 1.1974, current loss (val) 0.9880, best loss (val) 0.9880 
Epoch 190, current loss (training) 1.2445, current loss (val) 1.0247, best loss (val) 0.9880 
Epoch 191, current loss (training) 0.8431, current loss (val) 0.9874, best loss (val) 0.9874 
Epoch 192, current loss (training) 0.9144, current loss (val) 0.9896, best loss (val) 0.9874 
Epoch 193, current loss (training) 0.8244, current loss (val) 0.9517, best loss (val) 0.9517 
Epoch 194, current loss (training) 0.9577, current loss (val) 1.0013, best loss (val) 0.9517 
Epoch 195, current loss (training) 1.0362, current loss (val) 1.0160, best loss (val) 0.9517 
Epoch 196, current loss (training) 1.2115, current loss (val) 1.2010, best loss (val) 0.9517 
Epoch 197, current loss (training) 1.2941, current loss (val) 1.1916, best loss (val) 0.9517 
Epoch 198, current loss (training) 0.8191, current loss (val) 0.9415, best loss (val) 0.9415 
Epoch 199, current loss (training) 1.4448, current loss (val) 1.1547, best loss (val) 0.9415 
Epoch 200, current loss (training) 0.9484, current loss (val) 1.0259, best loss (val) 0.9415 
Epoch 201, current loss (training) 1.4282, current loss (val) 1.1589, best loss (val) 0.9415 
Epoch 202, current loss (training) 0.8657, current loss (val) 0.9550, best loss (val) 0.9415 
Epoch 203, current loss (training) 0.9837, current loss (val) 1.0733, best loss (val) 0.9415 
Epoch 204, current loss (training) 0.8865, current loss (val) 0.9545, best loss (val) 0.9415 
Epoch 205, current loss (training) 1.0118, current loss (val) 1.0296, best loss (val) 0.9415 
Epoch 206, current loss (training) 0.8801, current loss (val) 0.9476, best loss (val) 0.9415 
Epoch 207, current loss (training) 0.9205, current loss (val) 0.9974, best loss (val) 0.9415 
Epoch 208, current loss (training) 0.7667, current loss (val) 0.9715, best loss (val) 0.9415 
Epoch 209, current loss (training) 1.1323, current loss (val) 1.0318, best loss (val) 0.9415 
Epoch 210, current loss (training) 1.1695, current loss (val) 1.0522, best loss (val) 0.9415 
Epoch 211, current loss (training) 0.9155, current loss (val) 0.9647, best loss (val) 0.9415 
Epoch 212, current loss (training) 0.8746, current loss (val) 0.9822, best loss (val) 0.9415 
Epoch 213, current loss (training) 0.7602, current loss (val) 0.9419, best loss (val) 0.9415 
Epoch 214, current loss (training) 1.2170, current loss (val) 0.9964, best loss (val) 0.9415 
Epoch 215, current loss (training) 0.9579, current loss (val) 0.9375, best loss (val) 0.9375 
Epoch 216, current loss (training) 0.8885, current loss (val) 1.0107, best loss (val) 0.9375 
Epoch 217, current loss (training) 0.9608, current loss (val) 1.0379, best loss (val) 0.9375 
Epoch 218, current loss (training) 0.7921, current loss (val) 0.9030, best loss (val) 0.9030 
Epoch 219, current loss (training) 0.7811, current loss (val) 0.9271, best loss (val) 0.9030 
Epoch 220, current loss (training) 0.8236, current loss (val) 0.9092, best loss (val) 0.9030 
Epoch 221, current loss (training) 0.8533, current loss (val) 0.9339, best loss (val) 0.9030 
Epoch 222, current loss (training) 0.7366, current loss (val) 0.8835, best loss (val) 0.8835 
Epoch 223, current loss (training) 0.9200, current loss (val) 0.9008, best loss (val) 0.8835 
Epoch 224, current loss (training) 0.8352, current loss (val) 0.9443, best loss (val) 0.8835 
Epoch 225, current loss (training) 0.8290, current loss (val) 0.9144, best loss (val) 0.8835 
Epoch 226, current loss (training) 0.8595, current loss (val) 0.9991, best loss (val) 0.8835 
Epoch 227, current loss (training) 0.8637, current loss (val) 0.9391, best loss (val) 0.8835 
Epoch 228, current loss (training) 1.0029, current loss (val) 1.1416, best loss (val) 0.8835 
Epoch 229, current loss (training) 0.9065, current loss (val) 0.9110, best loss (val) 0.8835 
Epoch 230, current loss (training) 1.0524, current loss (val) 1.0871, best loss (val) 0.8835 
Epoch 231, current loss (training) 0.9754, current loss (val) 1.1131, best loss (val) 0.8835 
Epoch 232, current loss (training) 0.9213, current loss (val) 1.1040, best loss (val) 0.8835 
Epoch 233, current loss (training) 0.8721, current loss (val) 0.9862, best loss (val) 0.8835 
Epoch 234, current loss (training) 0.7396, current loss (val) 0.8555, best loss (val) 0.8555 
Epoch 235, current loss (training) 0.7851, current loss (val) 0.9271, best loss (val) 0.8555 
Epoch 236, current loss (training) 0.6915, current loss (val) 0.8627, best loss (val) 0.8555 
Epoch 237, current loss (training) 0.8626, current loss (val) 0.8902, best loss (val) 0.8555 
Epoch 238, current loss (training) 0.7034, current loss (val) 0.8541, best loss (val) 0.8541 
Epoch 239, current loss (training) 0.7056, current loss (val) 0.8916, best loss (val) 0.8541 
Epoch 240, current loss (training) 0.7112, current loss (val) 0.8708, best loss (val) 0.8541 
Epoch 241, current loss (training) 0.6778, current loss (val) 0.8372, best loss (val) 0.8372 
Epoch 242, current loss (training) 0.7268, current loss (val) 0.8592, best loss (val) 0.8372 
Epoch 243, current loss (training) 0.7650, current loss (val) 0.8687, best loss (val) 0.8372 
Epoch 244, current loss (training) 0.7401, current loss (val) 0.8624, best loss (val) 0.8372 
Epoch 245, current loss (training) 0.7197, current loss (val) 0.9048, best loss (val) 0.8372 
Epoch 246, current loss (training) 0.7187, current loss (val) 0.8334, best loss (val) 0.8334 
Epoch 247, current loss (training) 0.9336, current loss (val) 1.0707, best loss (val) 0.8334 
Epoch 248, current loss (training) 0.8331, current loss (val) 0.8954, best loss (val) 0.8334 
Epoch 249, current loss (training) 0.8087, current loss (val) 0.9788, best loss (val) 0.8334 
Epoch 250, current loss (training) 0.7295, current loss (val) 0.8759, best loss (val) 0.8334 
Epoch 251, current loss (training) 0.7273, current loss (val) 0.8546, best loss (val) 0.8334 
Epoch 252, current loss (training) 0.6684, current loss (val) 0.8402, best loss (val) 0.8334 
Epoch 253, current loss (training) 0.6793, current loss (val) 0.8365, best loss (val) 0.8334 
Epoch 254, current loss (training) 0.7023, current loss (val) 0.8804, best loss (val) 0.8334 
Epoch 255, current loss (training) 0.9184, current loss (val) 0.9996, best loss (val) 0.8334 
Epoch 256, current loss (training) 0.8263, current loss (val) 0.8598, best loss (val) 0.8334 
Epoch 257, current loss (training) 0.8811, current loss (val) 1.0005, best loss (val) 0.8334 
Epoch 258, current loss (training) 0.7782, current loss (val) 0.8411, best loss (val) 0.8334 
Epoch 259, current loss (training) 0.7622, current loss (val) 0.8620, best loss (val) 0.8334 
Epoch 260, current loss (training) 0.6446, current loss (val) 0.8289, best loss (val) 0.8289 
Epoch 261, current loss (training) 0.6721, current loss (val) 0.8184, best loss (val) 0.8184 
Epoch 262, current loss (training) 0.6214, current loss (val) 0.8210, best loss (val) 0.8184 
Epoch 263, current loss (training) 0.6055, current loss (val) 0.8018, best loss (val) 0.8018 
Epoch 264, current loss (training) 0.6336, current loss (val) 0.8051, best loss (val) 0.8018 
Epoch 265, current loss (training) 0.6338, current loss (val) 0.7992, best loss (val) 0.7992 
Epoch 266, current loss (training) 0.7386, current loss (val) 0.8226, best loss (val) 0.7992 
Epoch 267, current loss (training) 0.8209, current loss (val) 0.8765, best loss (val) 0.7992 
Epoch 268, current loss (training) 0.6900, current loss (val) 0.7962, best loss (val) 0.7962 
Epoch 269, current loss (training) 0.8702, current loss (val) 0.8942, best loss (val) 0.7962 
Epoch 270, current loss (training) 1.0355, current loss (val) 1.0083, best loss (val) 0.7962 
Epoch 271, current loss (training) 0.8676, current loss (val) 0.8350, best loss (val) 0.7962 
Epoch 272, current loss (training) 0.7717, current loss (val) 0.8612, best loss (val) 0.7962 
Epoch 273, current loss (training) 0.8454, current loss (val) 0.8864, best loss (val) 0.7962 
Epoch 274, current loss (training) 0.6947, current loss (val) 0.7827, best loss (val) 0.7827 
Epoch 275, current loss (training) 0.7373, current loss (val) 0.8726, best loss (val) 0.7827 
Epoch 276, current loss (training) 0.7485, current loss (val) 0.8456, best loss (val) 0.7827 
Epoch 277, current loss (training) 0.6946, current loss (val) 0.8188, best loss (val) 0.7827 
Epoch 278, current loss (training) 0.6592, current loss (val) 0.7900, best loss (val) 0.7827 
Epoch 279, current loss (training) 0.6461, current loss (val) 0.7885, best loss (val) 0.7827 
Epoch 280, current loss (training) 0.6409, current loss (val) 0.7917, best loss (val) 0.7827 
Epoch 281, current loss (training) 0.6592, current loss (val) 0.8307, best loss (val) 0.7827 
Epoch 282, current loss (training) 0.7709, current loss (val) 0.8846, best loss (val) 0.7827 
Epoch 283, current loss (training) 0.7132, current loss (val) 0.7788, best loss (val) 0.7788 
Epoch 284, current loss (training) 0.8692, current loss (val) 0.8191, best loss (val) 0.7788 
Epoch 285, current loss (training) 0.5953, current loss (val) 0.7646, best loss (val) 0.7646 
Epoch 286, current loss (training) 0.7557, current loss (val) 0.8580, best loss (val) 0.7646 
Epoch 287, current loss (training) 0.7902, current loss (val) 0.8051, best loss (val) 0.7646 
Epoch 288, current loss (training) 0.7221, current loss (val) 0.8707, best loss (val) 0.7646 
Epoch 289, current loss (training) 0.9492, current loss (val) 1.0000, best loss (val) 0.7646 
Epoch 290, current loss (training) 0.9003, current loss (val) 0.9314, best loss (val) 0.7646 
Epoch 291, current loss (training) 0.7362, current loss (val) 0.8108, best loss (val) 0.7646 
Epoch 292, current loss (training) 0.8524, current loss (val) 0.8273, best loss (val) 0.7646 
Epoch 293, current loss (training) 0.7066, current loss (val) 0.7758, best loss (val) 0.7646 
Epoch 294, current loss (training) 0.7569, current loss (val) 0.8440, best loss (val) 0.7646 
Epoch 295, current loss (training) 0.8326, current loss (val) 0.7841, best loss (val) 0.7646 
Epoch 296, current loss (training) 0.7059, current loss (val) 0.7905, best loss (val) 0.7646 
Epoch 297, current loss (training) 0.8217, current loss (val) 0.8345, best loss (val) 0.7646 
Epoch 298, current loss (training) 2.0075, current loss (val) 1.1355, best loss (val) 0.7646 
Epoch 299, current loss (training) 0.8996, current loss (val) 1.0463, best loss (val) 0.7646 
Epoch 300, current loss (training) 1.5888, current loss (val) 1.1462, best loss (val) 0.7646 
Epoch 301, current loss (training) 0.7970, current loss (val) 0.8372, best loss (val) 0.7646 
Epoch 302, current loss (training) 1.0408, current loss (val) 0.8858, best loss (val) 0.7646 
Epoch 303, current loss (training) 1.0405, current loss (val) 0.8618, best loss (val) 0.7646 
Epoch 304, current loss (training) 0.6980, current loss (val) 0.8407, best loss (val) 0.7646 
Epoch 305, current loss (training) 0.7505, current loss (val) 0.8112, best loss (val) 0.7646 
Epoch 306, current loss (training) 0.8519, current loss (val) 0.8536, best loss (val) 0.7646 
Epoch 307, current loss (training) 0.6432, current loss (val) 0.8322, best loss (val) 0.7646 
Epoch 308, current loss (training) 0.6731, current loss (val) 0.8338, best loss (val) 0.7646 
Epoch 309, current loss (training) 0.6336, current loss (val) 0.7876, best loss (val) 0.7646 
Epoch 310, current loss (training) 0.7127, current loss (val) 0.8394, best loss (val) 0.7646 
Epoch 311, current loss (training) 0.7167, current loss (val) 0.8455, best loss (val) 0.7646 
Epoch 312, current loss (training) 0.7162, current loss (val) 0.8820, best loss (val) 0.7646 
Epoch 313, current loss (training) 0.6677, current loss (val) 0.7855, best loss (val) 0.7646 
Epoch 314, current loss (training) 0.6965, current loss (val) 0.7921, best loss (val) 0.7646 
Epoch 315, current loss (training) 0.6581, current loss (val) 0.7823, best loss (val) 0.7646 
Epoch 316, current loss (training) 0.6952, current loss (val) 0.7988, best loss (val) 0.7646 
Epoch 317, current loss (training) 0.6476, current loss (val) 0.7702, best loss (val) 0.7646 
Epoch 318, current loss (training) 0.7154, current loss (val) 0.7599, best loss (val) 0.7599 
Epoch 319, current loss (training) 0.7393, current loss (val) 0.7921, best loss (val) 0.7599 
Epoch 320, current loss (training) 0.6362, current loss (val) 0.7638, best loss (val) 0.7599 
Epoch 321, current loss (training) 0.6181, current loss (val) 0.7592, best loss (val) 0.7592 
Epoch 322, current loss (training) 0.6783, current loss (val) 0.7718, best loss (val) 0.7592 
Epoch 323, current loss (training) 0.6077, current loss (val) 0.7632, best loss (val) 0.7592 
Epoch 324, current loss (training) 0.5870, current loss (val) 0.7543, best loss (val) 0.7543 
Epoch 325, current loss (training) 0.6204, current loss (val) 0.7545, best loss (val) 0.7543 
Epoch 326, current loss (training) 0.6096, current loss (val) 0.7498, best loss (val) 0.7498 
Epoch 327, current loss (training) 0.6603, current loss (val) 0.7701, best loss (val) 0.7498 
Epoch 328, current loss (training) 0.5971, current loss (val) 0.7479, best loss (val) 0.7479 
Epoch 329, current loss (training) 0.6037, current loss (val) 0.7522, best loss (val) 0.7479 
Epoch 330, current loss (training) 0.5804, current loss (val) 0.7556, best loss (val) 0.7479 
Epoch 331, current loss (training) 0.6134, current loss (val) 0.7402, best loss (val) 0.7402 
Epoch 332, current loss (training) 0.6013, current loss (val) 0.7650, best loss (val) 0.7402 
Epoch 333, current loss (training) 0.5985, current loss (val) 0.7424, best loss (val) 0.7402 
Epoch 334, current loss (training) 0.7451, current loss (val) 0.8036, best loss (val) 0.7402 
Epoch 335, current loss (training) 0.5924, current loss (val) 0.7641, best loss (val) 0.7402 
Epoch 336, current loss (training) 0.6283, current loss (val) 0.7588, best loss (val) 0.7402 
Epoch 337, current loss (training) 0.6398, current loss (val) 0.7396, best loss (val) 0.7396 
Epoch 338, current loss (training) 0.6036, current loss (val) 0.7399, best loss (val) 0.7396 
Epoch 339, current loss (training) 0.6372, current loss (val) 0.7548, best loss (val) 0.7396 
Epoch 340, current loss (training) 0.6900, current loss (val) 0.7890, best loss (val) 0.7396 
Epoch 341, current loss (training) 0.7199, current loss (val) 0.8623, best loss (val) 0.7396 
Epoch 342, current loss (training) 0.7638, current loss (val) 0.9043, best loss (val) 0.7396 
Epoch 343, current loss (training) 0.6538, current loss (val) 0.7976, best loss (val) 0.7396 
Epoch 344, current loss (training) 0.6877, current loss (val) 0.7787, best loss (val) 0.7396 
Epoch 345, current loss (training) 0.6425, current loss (val) 0.7232, best loss (val) 0.7232 
Epoch 346, current loss (training) 0.7744, current loss (val) 0.7647, best loss (val) 0.7232 
Epoch 347, current loss (training) 0.8460, current loss (val) 0.9442, best loss (val) 0.7232 
Epoch 348, current loss (training) 1.2359, current loss (val) 0.9809, best loss (val) 0.7232 
Epoch 349, current loss (training) 0.6874, current loss (val) 0.7503, best loss (val) 0.7232 
Epoch 350, current loss (training) 0.9819, current loss (val) 1.0601, best loss (val) 0.7232 
Epoch 351, current loss (training) 1.4110, current loss (val) 0.9188, best loss (val) 0.7232 
Epoch 352, current loss (training) 0.6654, current loss (val) 0.7524, best loss (val) 0.7232 
Epoch 353, current loss (training) 1.0604, current loss (val) 0.9585, best loss (val) 0.7232 
Epoch 354, current loss (training) 0.6590, current loss (val) 0.7758, best loss (val) 0.7232 
Epoch 355, current loss (training) 0.7073, current loss (val) 0.7706, best loss (val) 0.7232 
Epoch 356, current loss (training) 0.5624, current loss (val) 0.7139, best loss (val) 0.7139 
Epoch 357, current loss (training) 0.7137, current loss (val) 0.7390, best loss (val) 0.7139 
Epoch 358, current loss (training) 0.6077, current loss (val) 0.7703, best loss (val) 0.7139 
Epoch 359, current loss (training) 0.8340, current loss (val) 0.8192, best loss (val) 0.7139 
Epoch 360, current loss (training) 0.6128, current loss (val) 0.7121, best loss (val) 0.7121 
Epoch 361, current loss (training) 0.6293, current loss (val) 0.7318, best loss (val) 0.7121 
Epoch 362, current loss (training) 0.6308, current loss (val) 0.7154, best loss (val) 0.7121 
Epoch 363, current loss (training) 0.6251, current loss (val) 0.7410, best loss (val) 0.7121 
Epoch 364, current loss (training) 0.8094, current loss (val) 0.7463, best loss (val) 0.7121 
Epoch 365, current loss (training) 0.5845, current loss (val) 0.7292, best loss (val) 0.7121 
Epoch 366, current loss (training) 0.6575, current loss (val) 0.7307, best loss (val) 0.7121 
Epoch 367, current loss (training) 0.6273, current loss (val) 0.7123, best loss (val) 0.7121 
Epoch 368, current loss (training) 0.6495, current loss (val) 0.6907, best loss (val) 0.6907 
Epoch 369, current loss (training) 0.6634, current loss (val) 0.7630, best loss (val) 0.6907 
Epoch 370, current loss (training) 0.6321, current loss (val) 0.7475, best loss (val) 0.6907 
Epoch 371, current loss (training) 0.5902, current loss (val) 0.7121, best loss (val) 0.6907 
Epoch 372, current loss (training) 0.6077, current loss (val) 0.7384, best loss (val) 0.6907 
Epoch 373, current loss (training) 0.6071, current loss (val) 0.7085, best loss (val) 0.6907 
Epoch 374, current loss (training) 0.5878, current loss (val) 0.6997, best loss (val) 0.6907 
Epoch 375, current loss (training) 0.6204, current loss (val) 0.7072, best loss (val) 0.6907 
Epoch 376, current loss (training) 0.6045, current loss (val) 0.7017, best loss (val) 0.6907 
Epoch 377, current loss (training) 0.5890, current loss (val) 0.7006, best loss (val) 0.6907 
Epoch 378, current loss (training) 0.5962, current loss (val) 0.7265, best loss (val) 0.6907 
Epoch 379, current loss (training) 0.6543, current loss (val) 0.7696, best loss (val) 0.6907 
Epoch 380, current loss (training) 0.6046, current loss (val) 0.6853, best loss (val) 0.6853 
Epoch 381, current loss (training) 0.5828, current loss (val) 0.6998, best loss (val) 0.6853 
Epoch 382, current loss (training) 0.5927, current loss (val) 0.7207, best loss (val) 0.6853 
Epoch 383, current loss (training) 0.6004, current loss (val) 0.7224, best loss (val) 0.6853 
Epoch 384, current loss (training) 0.7536, current loss (val) 0.7137, best loss (val) 0.6853 
Epoch 385, current loss (training) 0.5873, current loss (val) 0.6939, best loss (val) 0.6853 
Epoch 386, current loss (training) 0.7251, current loss (val) 0.7387, best loss (val) 0.6853 
Epoch 387, current loss (training) 0.6358, current loss (val) 0.7280, best loss (val) 0.6853 
Epoch 388, current loss (training) 0.6436, current loss (val) 0.7299, best loss (val) 0.6853 
Epoch 389, current loss (training) 0.5854, current loss (val) 0.6877, best loss (val) 0.6853 
Epoch 390, current loss (training) 0.6182, current loss (val) 0.7005, best loss (val) 0.6853 
Epoch 391, current loss (training) 0.6019, current loss (val) 0.6996, best loss (val) 0.6853 
Epoch 392, current loss (training) 0.6110, current loss (val) 0.7218, best loss (val) 0.6853 
Epoch 393, current loss (training) 0.5927, current loss (val) 0.7143, best loss (val) 0.6853 
Epoch 394, current loss (training) 0.6180, current loss (val) 0.6952, best loss (val) 0.6853 
Epoch 395, current loss (training) 0.5719, current loss (val) 0.6910, best loss (val) 0.6853 
Epoch 396, current loss (training) 0.5570, current loss (val) 0.6823, best loss (val) 0.6823 
Epoch 397, current loss (training) 0.6245, current loss (val) 0.6922, best loss (val) 0.6823 
Epoch 398, current loss (training) 0.5984, current loss (val) 0.6775, best loss (val) 0.6775 
Epoch 399, current loss (training) 0.5780, current loss (val) 0.6870, best loss (val) 0.6775 
Epoch 400, current loss (training) 0.5541, current loss (val) 0.6881, best loss (val) 0.6775 
Epoch 401, current loss (training) 0.5897, current loss (val) 0.7003, best loss (val) 0.6775 
Epoch 402, current loss (training) 0.6134, current loss (val) 0.7192, best loss (val) 0.6775 
Epoch 403, current loss (training) 0.6364, current loss (val) 0.7065, best loss (val) 0.6775 
Epoch 404, current loss (training) 0.5692, current loss (val) 0.7053, best loss (val) 0.6775 
Epoch 405, current loss (training) 0.5512, current loss (val) 0.6615, best loss (val) 0.6615 
Epoch 406, current loss (training) 0.5851, current loss (val) 0.7331, best loss (val) 0.6615 
Epoch 407, current loss (training) 0.5851, current loss (val) 0.7068, best loss (val) 0.6615 
Epoch 408, current loss (training) 0.5498, current loss (val) 0.6644, best loss (val) 0.6615 
Epoch 409, current loss (training) 0.5294, current loss (val) 0.6735, best loss (val) 0.6615 
Epoch 410, current loss (training) 0.5793, current loss (val) 0.6927, best loss (val) 0.6615 
Epoch 411, current loss (training) 0.6298, current loss (val) 0.6965, best loss (val) 0.6615 
Epoch 412, current loss (training) 0.6358, current loss (val) 0.7384, best loss (val) 0.6615 
Epoch 413, current loss (training) 0.5790, current loss (val) 0.7366, best loss (val) 0.6615 
Epoch 414, current loss (training) 0.5708, current loss (val) 0.6815, best loss (val) 0.6615 
Epoch 415, current loss (training) 0.5735, current loss (val) 0.6752, best loss (val) 0.6615 
Epoch 416, current loss (training) 0.6071, current loss (val) 0.6842, best loss (val) 0.6615 
Epoch 417, current loss (training) 0.5278, current loss (val) 0.6543, best loss (val) 0.6543 
Epoch 418, current loss (training) 0.5553, current loss (val) 0.6645, best loss (val) 0.6543 
Epoch 419, current loss (training) 0.5687, current loss (val) 0.6652, best loss (val) 0.6543 
Epoch 420, current loss (training) 0.6059, current loss (val) 0.6592, best loss (val) 0.6543 
Epoch 421, current loss (training) 0.6359, current loss (val) 0.7449, best loss (val) 0.6543 
Epoch 422, current loss (training) 0.5921, current loss (val) 0.7097, best loss (val) 0.6543 
Epoch 423, current loss (training) 0.5510, current loss (val) 0.6628, best loss (val) 0.6543 
Epoch 424, current loss (training) 0.6059, current loss (val) 0.7084, best loss (val) 0.6543 
Epoch 425, current loss (training) 0.6161, current loss (val) 0.7006, best loss (val) 0.6543 
Epoch 426, current loss (training) 0.5500, current loss (val) 0.6531, best loss (val) 0.6531 
Epoch 427, current loss (training) 0.5318, current loss (val) 0.6696, best loss (val) 0.6531 
Epoch 428, current loss (training) 0.5632, current loss (val) 0.6666, best loss (val) 0.6531 
Epoch 429, current loss (training) 0.5385, current loss (val) 0.6497, best loss (val) 0.6497 
Epoch 430, current loss (training) 0.5616, current loss (val) 0.6776, best loss (val) 0.6497 
Epoch 431, current loss (training) 0.5075, current loss (val) 0.6582, best loss (val) 0.6497 
Epoch 432, current loss (training) 0.5875, current loss (val) 0.6980, best loss (val) 0.6497 
Epoch 433, current loss (training) 0.5922, current loss (val) 0.7236, best loss (val) 0.6497 
Epoch 434, current loss (training) 0.5589, current loss (val) 0.6708, best loss (val) 0.6497 
Epoch 435, current loss (training) 0.5296, current loss (val) 0.6597, best loss (val) 0.6497 
Epoch 436, current loss (training) 0.5214, current loss (val) 0.6530, best loss (val) 0.6497 
Epoch 437, current loss (training) 0.5492, current loss (val) 0.6583, best loss (val) 0.6497 
Epoch 438, current loss (training) 0.5564, current loss (val) 0.6568, best loss (val) 0.6497 
Epoch 439, current loss (training) 0.5178, current loss (val) 0.6514, best loss (val) 0.6497 
Epoch 440, current loss (training) 0.5493, current loss (val) 0.6799, best loss (val) 0.6497 
Epoch 441, current loss (training) 0.5594, current loss (val) 0.6736, best loss (val) 0.6497 
Epoch 442, current loss (training) 0.5693, current loss (val) 0.6547, best loss (val) 0.6497 
Epoch 443, current loss (training) 0.6403, current loss (val) 0.7531, best loss (val) 0.6497 
Epoch 444, current loss (training) 0.7113, current loss (val) 0.7675, best loss (val) 0.6497 
Epoch 445, current loss (training) 1.1879, current loss (val) 0.7335, best loss (val) 0.6497 
Epoch 446, current loss (training) 0.8708, current loss (val) 0.7282, best loss (val) 0.6497 
Epoch 447, current loss (training) 0.8614, current loss (val) 0.7142, best loss (val) 0.6497 
Epoch 448, current loss (training) 0.6647, current loss (val) 0.7388, best loss (val) 0.6497 
Epoch 449, current loss (training) 0.7793, current loss (val) 0.7550, best loss (val) 0.6497 
Epoch 450, current loss (training) 1.0992, current loss (val) 0.7740, best loss (val) 0.6497 
Epoch 451, current loss (training) 0.6583, current loss (val) 0.6970, best loss (val) 0.6497 
Epoch 452, current loss (training) 0.8740, current loss (val) 0.7095, best loss (val) 0.6497 
Epoch 453, current loss (training) 0.8410, current loss (val) 0.6977, best loss (val) 0.6497 
Epoch 454, current loss (training) 0.6895, current loss (val) 0.7726, best loss (val) 0.6497 
Epoch 455, current loss (training) 0.6905, current loss (val) 0.7188, best loss (val) 0.6497 
Epoch 456, current loss (training) 0.9622, current loss (val) 0.9378, best loss (val) 0.6497 
Epoch 457, current loss (training) 1.1325, current loss (val) 0.9406, best loss (val) 0.6497 
Epoch 458, current loss (training) 1.2260, current loss (val) 0.9745, best loss (val) 0.6497 
Epoch 459, current loss (training) 0.7009, current loss (val) 0.7169, best loss (val) 0.6497 
Epoch 460, current loss (training) 1.4959, current loss (val) 0.8247, best loss (val) 0.6497 
Epoch 461, current loss (training) 0.8068, current loss (val) 0.8019, best loss (val) 0.6497 
Epoch 462, current loss (training) 0.7027, current loss (val) 0.7219, best loss (val) 0.6497 
Epoch 463, current loss (training) 0.5485, current loss (val) 0.6599, best loss (val) 0.6497 
Epoch 464, current loss (training) 0.8601, current loss (val) 0.8609, best loss (val) 0.6497 
Epoch 465, current loss (training) 0.8713, current loss (val) 0.8461, best loss (val) 0.6497 
Epoch 466, current loss (training) 0.5663, current loss (val) 0.7039, best loss (val) 0.6497 
Epoch 467, current loss (training) 0.5812, current loss (val) 0.6674, best loss (val) 0.6497 
Epoch 468, current loss (training) 0.7588, current loss (val) 0.7979, best loss (val) 0.6497 
Epoch 469, current loss (training) 0.6272, current loss (val) 0.7046, best loss (val) 0.6497 
Epoch 470, current loss (training) 0.5546, current loss (val) 0.6546, best loss (val) 0.6497 
Epoch 471, current loss (training) 0.6608, current loss (val) 0.6287, best loss (val) 0.6287 
Epoch 472, current loss (training) 0.5302, current loss (val) 0.6282, best loss (val) 0.6282 
Epoch 473, current loss (training) 0.5597, current loss (val) 0.6395, best loss (val) 0.6282 
Epoch 474, current loss (training) 0.5116, current loss (val) 0.6282, best loss (val) 0.6282 
Epoch 475, current loss (training) 0.5463, current loss (val) 0.6304, best loss (val) 0.6282 
Epoch 476, current loss (training) 0.5450, current loss (val) 0.6354, best loss (val) 0.6282 
Epoch 477, current loss (training) 0.5000, current loss (val) 0.6292, best loss (val) 0.6282 
Epoch 478, current loss (training) 0.5178, current loss (val) 0.6347, best loss (val) 0.6282 
Epoch 479, current loss (training) 0.5377, current loss (val) 0.6236, best loss (val) 0.6236 
Epoch 480, current loss (training) 0.5634, current loss (val) 0.6591, best loss (val) 0.6236 
Epoch 481, current loss (training) 0.5695, current loss (val) 0.6815, best loss (val) 0.6236 
Epoch 482, current loss (training) 0.5289, current loss (val) 0.6547, best loss (val) 0.6236 
Epoch 483, current loss (training) 0.4939, current loss (val) 0.6256, best loss (val) 0.6236 
Epoch 484, current loss (training) 0.5198, current loss (val) 0.6522, best loss (val) 0.6236 
Epoch 485, current loss (training) 0.5737, current loss (val) 0.6692, best loss (val) 0.6236 
Epoch 486, current loss (training) 0.5149, current loss (val) 0.6440, best loss (val) 0.6236 
Epoch 487, current loss (training) 0.4955, current loss (val) 0.6250, best loss (val) 0.6236 
Epoch 488, current loss (training) 0.5239, current loss (val) 0.6235, best loss (val) 0.6235 
Epoch 489, current loss (training) 0.5483, current loss (val) 0.6426, best loss (val) 0.6235 
Epoch 490, current loss (training) 0.5259, current loss (val) 0.6299, best loss (val) 0.6235 
Epoch 491, current loss (training) 0.5655, current loss (val) 0.6162, best loss (val) 0.6162 
Epoch 492, current loss (training) 0.5115, current loss (val) 0.6377, best loss (val) 0.6162 
Epoch 493, current loss (training) 0.5071, current loss (val) 0.6261, best loss (val) 0.6162 
Epoch 494, current loss (training) 0.5202, current loss (val) 0.6295, best loss (val) 0.6162 
Epoch 495, current loss (training) 0.5248, current loss (val) 0.6227, best loss (val) 0.6162 
Epoch 496, current loss (training) 0.5058, current loss (val) 0.6213, best loss (val) 0.6162 
Epoch 497, current loss (training) 0.5105, current loss (val) 0.6152, best loss (val) 0.6152 
Epoch 498, current loss (training) 0.5166, current loss (val) 0.6267, best loss (val) 0.6152 
Epoch 499, current loss (training) 0.5169, current loss (val) 0.6121, best loss (val) 0.6121 
Epoch 500, current loss (training) 0.5111, current loss (val) 0.6127, best loss (val) 0.6121 
run_time_first_training_cycle:  10.19 

Epochs 500, batch size, 200
Nbr training obs 1000, nbr parameters 25454, obs/parameters 0.04

Starting abc-rs
Percentage done:  10.00 %
Percentage done:  20.00 %
Percentage done:  30.00 %
Percentage done:  40.00 %
Percentage done:  50.00 %
Percentage done:  60.00 %
Percentage done:  70.00 %
Percentage done:  80.00 %
Percentage done:  90.00 %
Percentage done:  100.00 %
Ending abc-rs
end script
Round:1
Round:5
Starting abc-rs
Percentage done:  10.00 %
Percentage done:  20.00 %
Percentage done:  30.00 %
Percentage done:  40.00 %
Percentage done:  50.00 %
Percentage done:  60.00 %
Percentage done:  70.00 %
Percentage done:  80.00 %
Percentage done:  90.00 %
Percentage done:  100.00 %
Ending abc-rs
  5.209146 seconds (4.95 M allocations: 808.913 MiB, 3.61% gc time)
Round:9
Starting abc-rs
Percentage done:  10.00 %
Percentage done:  20.00 %
Percentage done:  30.00 %
Percentage done:  40.00 %
Percentage done:  50.00 %
Percentage done:  60.00 %
Percentage done:  70.00 %
Percentage done:  80.00 %
Percentage done:  90.00 %
Percentage done:  100.00 %
Ending abc-rs
  5.045799 seconds (4.60 M allocations: 791.936 MiB, 3.58% gc time)
Round:13
Starting abc-rs
Percentage done:  10.00 %
Percentage done:  20.00 %
Percentage done:  30.00 %
Percentage done:  40.00 %
Percentage done:  50.00 %
Percentage done:  60.00 %
Percentage done:  70.00 %
Percentage done:  80.00 %
Percentage done:  90.00 %
Percentage done:  100.00 %
Ending abc-rs
  5.031445 seconds (4.60 M allocations: 791.936 MiB, 3.58% gc time)
Round:17
Starting abc-rs
Percentage done:  10.00 %
Percentage done:  20.00 %
Percentage done:  30.00 %
Percentage done:  40.00 %
Percentage done:  50.00 %
Percentage done:  60.00 %
Percentage done:  70.00 %
Percentage done:  80.00 %
Percentage done:  90.00 %
Percentage done:  100.00 %
Ending abc-rs
  5.019729 seconds (4.60 M allocations: 791.936 MiB, 3.49% gc time)
Round:21
Starting abc-rs
Percentage done:  10.00 %
Percentage done:  20.00 %
Percentage done:  30.00 %
Percentage done:  40.00 %
Percentage done:  50.00 %
Percentage done:  60.00 %
Percentage done:  70.00 %
Percentage done:  80.00 %
Percentage done:  90.00 %
Percentage done:  100.00 %
Ending abc-rs
  5.031245 seconds (4.60 M allocations: 791.936 MiB, 3.49% gc time)
Round:25
Starting abc-rs
Percentage done:  10.00 %
Percentage done:  20.00 %
Percentage done:  30.00 %
Percentage done:  40.00 %
Percentage done:  50.00 %
Percentage done:  60.00 %
Percentage done:  70.00 %
Percentage done:  80.00 %
Percentage done:  90.00 %
Percentage done:  100.00 %
Ending abc-rs
  5.026411 seconds (4.60 M allocations: 791.936 MiB, 3.49% gc time)
Round:29
Starting abc-rs
Percentage done:  10.00 %
Percentage done:  20.00 %
Percentage done:  30.00 %
Percentage done:  40.00 %
Percentage done:  50.00 %
Percentage done:  60.00 %
Percentage done:  70.00 %
Percentage done:  80.00 %
Percentage done:  90.00 %
Percentage done:  100.00 %
Ending abc-rs
  5.030610 seconds (4.60 M allocations: 791.936 MiB, 3.54% gc time)
Round:33
Starting abc-rs
Percentage done:  10.00 %
Percentage done:  20.00 %
Percentage done:  30.00 %
Percentage done:  40.00 %
Percentage done:  50.00 %
Percentage done:  60.00 %
Percentage done:  70.00 %
Percentage done:  80.00 %
Percentage done:  90.00 %
Percentage done:  100.00 %
Ending abc-rs
  5.017537 seconds (4.60 M allocations: 791.936 MiB, 3.49% gc time)
Round:37
Starting abc-rs
Percentage done:  10.00 %
Percentage done:  20.00 %
Percentage done:  30.00 %
Percentage done:  40.00 %
Percentage done:  50.00 %
Percentage done:  60.00 %
Percentage done:  70.00 %
Percentage done:  80.00 %
Percentage done:  90.00 %
Percentage done:  100.00 %
Ending abc-rs
  5.027342 seconds (4.60 M allocations: 791.936 MiB, 3.49% gc time)
Round:41
Starting abc-rs
Percentage done:  10.00 %
Percentage done:  20.00 %
Percentage done:  30.00 %
Percentage done:  40.00 %
Percentage done:  50.00 %
Percentage done:  60.00 %
Percentage done:  70.00 %
Percentage done:  80.00 %
Percentage done:  90.00 %
Percentage done:  100.00 %
Ending abc-rs
  5.033162 seconds (4.60 M allocations: 791.936 MiB, 3.48% gc time)
Round:45
Starting abc-rs
Percentage done:  10.00 %
Percentage done:  20.00 %
Percentage done:  30.00 %
Percentage done:  40.00 %
Percentage done:  50.00 %
Percentage done:  60.00 %
Percentage done:  70.00 %
Percentage done:  80.00 %
Percentage done:  90.00 %
Percentage done:  100.00 %
Ending abc-rs
  5.028604 seconds (4.60 M allocations: 791.936 MiB, 3.49% gc time)
Round:49
Starting abc-rs
Percentage done:  10.00 %
Percentage done:  20.00 %
Percentage done:  30.00 %
Percentage done:  40.00 %
Percentage done:  50.00 %
Percentage done:  60.00 %
Percentage done:  70.00 %
Percentage done:  80.00 %
Percentage done:  90.00 %
Percentage done:  100.00 %
Ending abc-rs
  5.026983 seconds (4.60 M allocations: 791.936 MiB, 3.49% gc time)
Round:53
Starting abc-rs
Percentage done:  10.00 %
Percentage done:  20.00 %
Percentage done:  30.00 %
Percentage done:  40.00 %
Percentage done:  50.00 %
Percentage done:  60.00 %
Percentage done:  70.00 %
Percentage done:  80.00 %
Percentage done:  90.00 %
Percentage done:  100.00 %
Ending abc-rs
  5.035403 seconds (4.60 M allocations: 791.936 MiB, 3.48% gc time)
Round:57
Starting abc-rs
Percentage done:  10.00 %
Percentage done:  20.00 %
Percentage done:  30.00 %
Percentage done:  40.00 %
Percentage done:  50.00 %
Percentage done:  60.00 %
Percentage done:  70.00 %
Percentage done:  80.00 %
Percentage done:  90.00 %
Percentage done:  100.00 %
Ending abc-rs
  5.039835 seconds (4.60 M allocations: 791.936 MiB, 3.49% gc time)
Round:61
Starting abc-rs
Percentage done:  10.00 %
Percentage done:  20.00 %
Percentage done:  30.00 %
Percentage done:  40.00 %
Percentage done:  50.00 %
Percentage done:  60.00 %
Percentage done:  70.00 %
Percentage done:  80.00 %
Percentage done:  90.00 %
Percentage done:  100.00 %
Ending abc-rs
  5.027003 seconds (4.60 M allocations: 791.936 MiB, 3.49% gc time)
Round:65
Starting abc-rs
Percentage done:  10.00 %
Percentage done:  20.00 %
Percentage done:  30.00 %
Percentage done:  40.00 %
Percentage done:  50.00 %
Percentage done:  60.00 %
Percentage done:  70.00 %
Percentage done:  80.00 %
Percentage done:  90.00 %
Percentage done:  100.00 %
Ending abc-rs
  5.019978 seconds (4.60 M allocations: 791.936 MiB, 3.49% gc time)
Round:69
Starting abc-rs
Percentage done:  10.00 %
Percentage done:  20.00 %
Percentage done:  30.00 %
Percentage done:  40.00 %
Percentage done:  50.00 %
Percentage done:  60.00 %
Percentage done:  70.00 %
Percentage done:  80.00 %
Percentage done:  90.00 %
Percentage done:  100.00 %
Ending abc-rs
  5.024424 seconds (4.60 M allocations: 791.936 MiB, 3.49% gc time)
Round:73
Starting abc-rs
Percentage done:  10.00 %
Percentage done:  20.00 %
Percentage done:  30.00 %
Percentage done:  40.00 %
Percentage done:  50.00 %
Percentage done:  60.00 %
Percentage done:  70.00 %
Percentage done:  80.00 %
Percentage done:  90.00 %
Percentage done:  100.00 %
Ending abc-rs
  5.031299 seconds (4.60 M allocations: 791.936 MiB, 3.48% gc time)
Round:77
Starting abc-rs
Percentage done:  10.00 %
Percentage done:  20.00 %
Percentage done:  30.00 %
Percentage done:  40.00 %
Percentage done:  50.00 %
Percentage done:  60.00 %
Percentage done:  70.00 %
Percentage done:  80.00 %
Percentage done:  90.00 %
Percentage done:  100.00 %
Ending abc-rs
  5.023489 seconds (4.60 M allocations: 791.936 MiB, 3.48% gc time)
Round:81
Starting abc-rs
Percentage done:  10.00 %
Percentage done:  20.00 %
Percentage done:  30.00 %
Percentage done:  40.00 %
Percentage done:  50.00 %
Percentage done:  60.00 %
Percentage done:  70.00 %
Percentage done:  80.00 %
Percentage done:  90.00 %
Percentage done:  100.00 %
Ending abc-rs
  5.020167 seconds (4.60 M allocations: 791.936 MiB, 3.49% gc time)
Round:85
Starting abc-rs
Percentage done:  10.00 %
Percentage done:  20.00 %
Percentage done:  30.00 %
Percentage done:  40.00 %
Percentage done:  50.00 %
Percentage done:  60.00 %
Percentage done:  70.00 %
Percentage done:  80.00 %
Percentage done:  90.00 %
Percentage done:  100.00 %
Ending abc-rs
  5.018188 seconds (4.60 M allocations: 791.936 MiB, 3.49% gc time)
Round:89
Starting abc-rs
Percentage done:  10.00 %
Percentage done:  20.00 %
Percentage done:  30.00 %
Percentage done:  40.00 %
Percentage done:  50.00 %
Percentage done:  60.00 %
Percentage done:  70.00 %
Percentage done:  80.00 %
Percentage done:  90.00 %
Percentage done:  100.00 %
Ending abc-rs
  5.023299 seconds (4.60 M allocations: 791.936 MiB, 3.48% gc time)
Round:93
Starting abc-rs
Percentage done:  10.00 %
Percentage done:  20.00 %
Percentage done:  30.00 %
Percentage done:  40.00 %
Percentage done:  50.00 %
Percentage done:  60.00 %
Percentage done:  70.00 %
Percentage done:  80.00 %
Percentage done:  90.00 %
Percentage done:  100.00 %
Ending abc-rs
  5.022913 seconds (4.60 M allocations: 791.936 MiB, 3.49% gc time)
Round:97
Starting abc-rs
Percentage done:  10.00 %
Percentage done:  20.00 %
Percentage done:  30.00 %
Percentage done:  40.00 %
Percentage done:  50.00 %
Percentage done:  60.00 %
Percentage done:  70.00 %
Percentage done:  80.00 %
Percentage done:  90.00 %
Percentage done:  100.00 %
Ending abc-rs
  5.026826 seconds (4.60 M allocations: 791.936 MiB, 3.53% gc time)
Round:101
Starting abc-rs
Percentage done:  10.00 %
Percentage done:  20.00 %
Percentage done:  30.00 %
Percentage done:  40.00 %
Percentage done:  50.00 %
Percentage done:  60.00 %
Percentage done:  70.00 %
Percentage done:  80.00 %
Percentage done:  90.00 %
Percentage done:  100.00 %
Ending abc-rs
  5.049937 seconds (4.60 M allocations: 791.936 MiB, 3.85% gc time)
Round:105
Starting abc-rs
Percentage done:  10.00 %
Percentage done:  20.00 %
Percentage done:  30.00 %
Percentage done:  40.00 %
Percentage done:  50.00 %
Percentage done:  60.00 %
Percentage done:  70.00 %
Percentage done:  80.00 %
Percentage done:  90.00 %
Percentage done:  100.00 %
Ending abc-rs
  5.036778 seconds (4.60 M allocations: 791.936 MiB, 3.48% gc time)
Round:109
Starting abc-rs
Percentage done:  10.00 %
Percentage done:  20.00 %
Percentage done:  30.00 %
Percentage done:  40.00 %
Percentage done:  50.00 %
Percentage done:  60.00 %
Percentage done:  70.00 %
Percentage done:  80.00 %
Percentage done:  90.00 %
Percentage done:  100.00 %
Ending abc-rs
  5.023307 seconds (4.60 M allocations: 791.936 MiB, 3.56% gc time)
Round:113
Starting abc-rs
Percentage done:  10.00 %
Percentage done:  20.00 %
Percentage done:  30.00 %
Percentage done:  40.00 %
Percentage done:  50.00 %
Percentage done:  60.00 %
Percentage done:  70.00 %
Percentage done:  80.00 %
Percentage done:  90.00 %
Percentage done:  100.00 %
Ending abc-rs
  5.033634 seconds (4.60 M allocations: 791.936 MiB, 3.51% gc time)
Round:117
Starting abc-rs
Percentage done:  10.00 %
Percentage done:  20.00 %
Percentage done:  30.00 %
Percentage done:  40.00 %
Percentage done:  50.00 %
Percentage done:  60.00 %
Percentage done:  70.00 %
Percentage done:  80.00 %
Percentage done:  90.00 %
Percentage done:  100.00 %
Ending abc-rs
  5.038190 seconds (4.60 M allocations: 791.936 MiB, 3.49% gc time)
Round:121
Starting abc-rs
Percentage done:  10.00 %
Percentage done:  20.00 %
Percentage done:  30.00 %
Percentage done:  40.00 %
Percentage done:  50.00 %
Percentage done:  60.00 %
Percentage done:  70.00 %
Percentage done:  80.00 %
Percentage done:  90.00 %
Percentage done:  100.00 %
Ending abc-rs
  5.038605 seconds (4.60 M allocations: 791.936 MiB, 3.49% gc time)
Round:125
Starting abc-rs
Percentage done:  10.00 %
Percentage done:  20.00 %
Percentage done:  30.00 %
Percentage done:  40.00 %
Percentage done:  50.00 %
Percentage done:  60.00 %
Percentage done:  70.00 %
Percentage done:  80.00 %
Percentage done:  90.00 %
Percentage done:  100.00 %
Ending abc-rs
  5.034742 seconds (4.60 M allocations: 791.936 MiB, 3.49% gc time)
Round:129
Starting abc-rs
Percentage done:  10.00 %
Percentage done:  20.00 %
Percentage done:  30.00 %
Percentage done:  40.00 %
Percentage done:  50.00 %
Percentage done:  60.00 %
Percentage done:  70.00 %
Percentage done:  80.00 %
Percentage done:  90.00 %
Percentage done:  100.00 %
Ending abc-rs
  5.025892 seconds (4.60 M allocations: 791.936 MiB, 3.49% gc time)
Round:133
Starting abc-rs
Percentage done:  10.00 %
Percentage done:  20.00 %
Percentage done:  30.00 %
Percentage done:  40.00 %
Percentage done:  50.00 %
Percentage done:  60.00 %
Percentage done:  70.00 %
Percentage done:  80.00 %
Percentage done:  90.00 %
Percentage done:  100.00 %
Ending abc-rs
  5.032502 seconds (4.60 M allocations: 791.936 MiB, 3.49% gc time)
Round:137
Starting abc-rs
Percentage done:  10.00 %
Percentage done:  20.00 %
Percentage done:  30.00 %
Percentage done:  40.00 %
Percentage done:  50.00 %
Percentage done:  60.00 %
Percentage done:  70.00 %
Percentage done:  80.00 %
Percentage done:  90.00 %
Percentage done:  100.00 %
Ending abc-rs
  5.025900 seconds (4.60 M allocations: 791.936 MiB, 3.49% gc time)
Round:141
Starting abc-rs
Percentage done:  10.00 %
Percentage done:  20.00 %
Percentage done:  30.00 %
Percentage done:  40.00 %
Percentage done:  50.00 %
Percentage done:  60.00 %
Percentage done:  70.00 %
Percentage done:  80.00 %
Percentage done:  90.00 %
Percentage done:  100.00 %
Ending abc-rs
  5.035163 seconds (4.60 M allocations: 791.936 MiB, 3.49% gc time)
Round:145
Starting abc-rs
Percentage done:  10.00 %
Percentage done:  20.00 %
Percentage done:  30.00 %
Percentage done:  40.00 %
Percentage done:  50.00 %
Percentage done:  60.00 %
Percentage done:  70.00 %
Percentage done:  80.00 %
Percentage done:  90.00 %
Percentage done:  100.00 %
Ending abc-rs
  5.029629 seconds (4.60 M allocations: 791.936 MiB, 3.49% gc time)
Round:149
Starting abc-rs
Percentage done:  10.00 %
Percentage done:  20.00 %
Percentage done:  30.00 %
Percentage done:  40.00 %
Percentage done:  50.00 %
Percentage done:  60.00 %
Percentage done:  70.00 %
Percentage done:  80.00 %
Percentage done:  90.00 %
Percentage done:  100.00 %
Ending abc-rs
  5.045799 seconds (4.60 M allocations: 791.936 MiB, 3.49% gc time)
Round:153
Starting abc-rs
Percentage done:  10.00 %
Percentage done:  20.00 %
Percentage done:  30.00 %
Percentage done:  40.00 %
Percentage done:  50.00 %
Percentage done:  60.00 %
Percentage done:  70.00 %
Percentage done:  80.00 %
Percentage done:  90.00 %
Percentage done:  100.00 %
Ending abc-rs
  5.032717 seconds (4.60 M allocations: 791.936 MiB, 3.62% gc time)
Round:157
Starting abc-rs
Percentage done:  10.00 %
Percentage done:  20.00 %
Percentage done:  30.00 %
Percentage done:  40.00 %
Percentage done:  50.00 %
Percentage done:  60.00 %
Percentage done:  70.00 %
Percentage done:  80.00 %
Percentage done:  90.00 %
Percentage done:  100.00 %
Ending abc-rs
  5.032469 seconds (4.60 M allocations: 791.936 MiB, 3.49% gc time)
Round:161
Starting abc-rs
Percentage done:  10.00 %
Percentage done:  20.00 %
Percentage done:  30.00 %
Percentage done:  40.00 %
Percentage done:  50.00 %
Percentage done:  60.00 %
Percentage done:  70.00 %
Percentage done:  80.00 %
Percentage done:  90.00 %
Percentage done:  100.00 %
Ending abc-rs
  5.025206 seconds (4.60 M allocations: 791.936 MiB, 3.49% gc time)
Round:165
Starting abc-rs
Percentage done:  10.00 %
Percentage done:  20.00 %
Percentage done:  30.00 %
Percentage done:  40.00 %
Percentage done:  50.00 %
Percentage done:  60.00 %
Percentage done:  70.00 %
Percentage done:  80.00 %
Percentage done:  90.00 %
Percentage done:  100.00 %
Ending abc-rs
  5.024925 seconds (4.60 M allocations: 791.936 MiB, 3.48% gc time)
Round:169
Starting abc-rs
Percentage done:  10.00 %
Percentage done:  20.00 %
Percentage done:  30.00 %
Percentage done:  40.00 %
Percentage done:  50.00 %
Percentage done:  60.00 %
Percentage done:  70.00 %
Percentage done:  80.00 %
Percentage done:  90.00 %
Percentage done:  100.00 %
Ending abc-rs
  5.029339 seconds (4.60 M allocations: 791.936 MiB, 3.49% gc time)
Round:173
Starting abc-rs
Percentage done:  10.00 %
Percentage done:  20.00 %
Percentage done:  30.00 %
Percentage done:  40.00 %
Percentage done:  50.00 %
Percentage done:  60.00 %
Percentage done:  70.00 %
Percentage done:  80.00 %
Percentage done:  90.00 %
Percentage done:  100.00 %
Ending abc-rs
  5.030251 seconds (4.60 M allocations: 791.936 MiB, 3.48% gc time)
Round:177
Starting abc-rs
Percentage done:  10.00 %
Percentage done:  20.00 %
Percentage done:  30.00 %
Percentage done:  40.00 %
Percentage done:  50.00 %
Percentage done:  60.00 %
Percentage done:  70.00 %
Percentage done:  80.00 %
Percentage done:  90.00 %
Percentage done:  100.00 %
Ending abc-rs
  5.034827 seconds (4.60 M allocations: 791.936 MiB, 3.48% gc time)
Round:181
Starting abc-rs
Percentage done:  10.00 %
Percentage done:  20.00 %
Percentage done:  30.00 %
Percentage done:  40.00 %
Percentage done:  50.00 %
Percentage done:  60.00 %
Percentage done:  70.00 %
Percentage done:  80.00 %
Percentage done:  90.00 %
Percentage done:  100.00 %
Ending abc-rs
  5.025346 seconds (4.60 M allocations: 791.936 MiB, 3.50% gc time)
Round:185
Starting abc-rs
Percentage done:  10.00 %
Percentage done:  20.00 %
Percentage done:  30.00 %
Percentage done:  40.00 %
Percentage done:  50.00 %
Percentage done:  60.00 %
Percentage done:  70.00 %
Percentage done:  80.00 %
Percentage done:  90.00 %
Percentage done:  100.00 %
Ending abc-rs
  5.029752 seconds (4.60 M allocations: 791.936 MiB, 3.51% gc time)
Round:189
Starting abc-rs
Percentage done:  10.00 %
Percentage done:  20.00 %
Percentage done:  30.00 %
Percentage done:  40.00 %
Percentage done:  50.00 %
Percentage done:  60.00 %
Percentage done:  70.00 %
Percentage done:  80.00 %
Percentage done:  90.00 %
Percentage done:  100.00 %
Ending abc-rs
  5.038391 seconds (4.60 M allocations: 791.936 MiB, 3.48% gc time)
Round:193
Starting abc-rs
Percentage done:  10.00 %
Percentage done:  20.00 %
Percentage done:  30.00 %
Percentage done:  40.00 %
Percentage done:  50.00 %
Percentage done:  60.00 %
Percentage done:  70.00 %
Percentage done:  80.00 %
Percentage done:  90.00 %
Percentage done:  100.00 %
Ending abc-rs
  5.021507 seconds (4.60 M allocations: 791.936 MiB, 3.49% gc time)
Round:197
Starting abc-rs
Percentage done:  10.00 %
Percentage done:  20.00 %
Percentage done:  30.00 %
Percentage done:  40.00 %
Percentage done:  50.00 %
Percentage done:  60.00 %
Percentage done:  70.00 %
Percentage done:  80.00 %
Percentage done:  90.00 %
Percentage done:  100.00 %
Ending abc-rs
  5.028185 seconds (4.60 M allocations: 791.936 MiB, 3.49% gc time)
Round:201
Starting abc-rs
Percentage done:  10.00 %
Percentage done:  20.00 %
Percentage done:  30.00 %
Percentage done:  40.00 %
Percentage done:  50.00 %
Percentage done:  60.00 %
Percentage done:  70.00 %
Percentage done:  80.00 %
Percentage done:  90.00 %
Percentage done:  100.00 %
Ending abc-rs
  5.023044 seconds (4.60 M allocations: 791.936 MiB, 3.49% gc time)
Round:205
Starting abc-rs
Percentage done:  10.00 %
Percentage done:  20.00 %
Percentage done:  30.00 %
Percentage done:  40.00 %
Percentage done:  50.00 %
Percentage done:  60.00 %
Percentage done:  70.00 %
Percentage done:  80.00 %
Percentage done:  90.00 %
Percentage done:  100.00 %
Ending abc-rs
  5.020539 seconds (4.60 M allocations: 791.936 MiB, 3.49% gc time)
Round:209
Starting abc-rs
Percentage done:  10.00 %
Percentage done:  20.00 %
Percentage done:  30.00 %
Percentage done:  40.00 %
Percentage done:  50.00 %
Percentage done:  60.00 %
Percentage done:  70.00 %
Percentage done:  80.00 %
Percentage done:  90.00 %
Percentage done:  100.00 %
Ending abc-rs
  5.024747 seconds (4.60 M allocations: 791.936 MiB, 3.49% gc time)
Round:213
Starting abc-rs
Percentage done:  10.00 %
Percentage done:  20.00 %
Percentage done:  30.00 %
Percentage done:  40.00 %
Percentage done:  50.00 %
Percentage done:  60.00 %
Percentage done:  70.00 %
Percentage done:  80.00 %
Percentage done:  90.00 %
Percentage done:  100.00 %
Ending abc-rs
  5.024616 seconds (4.60 M allocations: 791.936 MiB, 3.48% gc time)
Round:217
Starting abc-rs
Percentage done:  10.00 %
Percentage done:  20.00 %
Percentage done:  30.00 %
Percentage done:  40.00 %
Percentage done:  50.00 %
Percentage done:  60.00 %
Percentage done:  70.00 %
Percentage done:  80.00 %
Percentage done:  90.00 %
Percentage done:  100.00 %
Ending abc-rs
  5.024927 seconds (4.60 M allocations: 791.936 MiB, 3.48% gc time)
Round:221
Starting abc-rs
Percentage done:  10.00 %
Percentage done:  20.00 %
Percentage done:  30.00 %
Percentage done:  40.00 %
Percentage done:  50.00 %
Percentage done:  60.00 %
Percentage done:  70.00 %
Percentage done:  80.00 %
Percentage done:  90.00 %
Percentage done:  100.00 %
Ending abc-rs
  5.033926 seconds (4.60 M allocations: 791.936 MiB, 3.48% gc time)
Round:225
Starting abc-rs
Percentage done:  10.00 %
Percentage done:  20.00 %
Percentage done:  30.00 %
Percentage done:  40.00 %
Percentage done:  50.00 %
Percentage done:  60.00 %
Percentage done:  70.00 %
Percentage done:  80.00 %
Percentage done:  90.00 %
Percentage done:  100.00 %
Ending abc-rs
  5.024159 seconds (4.60 M allocations: 791.936 MiB, 3.49% gc time)
Round:229
Starting abc-rs
Percentage done:  10.00 %
Percentage done:  20.00 %
Percentage done:  30.00 %
Percentage done:  40.00 %
Percentage done:  50.00 %
Percentage done:  60.00 %
Percentage done:  70.00 %
Percentage done:  80.00 %
Percentage done:  90.00 %
Percentage done:  100.00 %
Ending abc-rs
  5.031377 seconds (4.60 M allocations: 791.936 MiB, 3.49% gc time)
Round:233
Starting abc-rs
Percentage done:  10.00 %
Percentage done:  20.00 %
Percentage done:  30.00 %
Percentage done:  40.00 %
Percentage done:  50.00 %
Percentage done:  60.00 %
Percentage done:  70.00 %
Percentage done:  80.00 %
Percentage done:  90.00 %
Percentage done:  100.00 %
Ending abc-rs
  5.024707 seconds (4.60 M allocations: 791.936 MiB, 3.49% gc time)
Round:237
Starting abc-rs
Percentage done:  10.00 %
Percentage done:  20.00 %
Percentage done:  30.00 %
Percentage done:  40.00 %
Percentage done:  50.00 %
Percentage done:  60.00 %
Percentage done:  70.00 %
Percentage done:  80.00 %
Percentage done:  90.00 %
Percentage done:  100.00 %
Ending abc-rs
  5.023553 seconds (4.60 M allocations: 791.936 MiB, 3.49% gc time)
Round:241
Starting abc-rs
Percentage done:  10.00 %
Percentage done:  20.00 %
Percentage done:  30.00 %
Percentage done:  40.00 %
Percentage done:  50.00 %
Percentage done:  60.00 %
Percentage done:  70.00 %
Percentage done:  80.00 %
Percentage done:  90.00 %
Percentage done:  100.00 %
Ending abc-rs
  5.021984 seconds (4.60 M allocations: 791.936 MiB, 3.49% gc time)
Round:245
Starting abc-rs
Percentage done:  10.00 %
Percentage done:  20.00 %
Percentage done:  30.00 %
Percentage done:  40.00 %
Percentage done:  50.00 %
Percentage done:  60.00 %
Percentage done:  70.00 %
Percentage done:  80.00 %
Percentage done:  90.00 %
Percentage done:  100.00 %
Ending abc-rs
  5.029680 seconds (4.60 M allocations: 791.936 MiB, 3.48% gc time)
Round:249
Starting abc-rs
Percentage done:  10.00 %
Percentage done:  20.00 %
Percentage done:  30.00 %
Percentage done:  40.00 %
Percentage done:  50.00 %
Percentage done:  60.00 %
Percentage done:  70.00 %
Percentage done:  80.00 %
Percentage done:  90.00 %
Percentage done:  100.00 %
Ending abc-rs
  5.032831 seconds (4.60 M allocations: 791.936 MiB, 3.48% gc time)
Round:253
Starting abc-rs
Percentage done:  10.00 %
Percentage done:  20.00 %
Percentage done:  30.00 %
Percentage done:  40.00 %
Percentage done:  50.00 %
Percentage done:  60.00 %
Percentage done:  70.00 %
Percentage done:  80.00 %
Percentage done:  90.00 %
Percentage done:  100.00 %
Ending abc-rs
  5.024630 seconds (4.60 M allocations: 791.936 MiB, 3.49% gc time)
Round:257
Starting abc-rs
Percentage done:  10.00 %
Percentage done:  20.00 %
Percentage done:  30.00 %
Percentage done:  40.00 %
Percentage done:  50.00 %
Percentage done:  60.00 %
Percentage done:  70.00 %
Percentage done:  80.00 %
Percentage done:  90.00 %
Percentage done:  100.00 %
Ending abc-rs
  5.027276 seconds (4.60 M allocations: 791.936 MiB, 3.49% gc time)
Round:261
Starting abc-rs
Percentage done:  10.00 %
Percentage done:  20.00 %
Percentage done:  30.00 %
Percentage done:  40.00 %
Percentage done:  50.00 %
Percentage done:  60.00 %
Percentage done:  70.00 %
Percentage done:  80.00 %
Percentage done:  90.00 %
Percentage done:  100.00 %
Ending abc-rs
  5.031699 seconds (4.60 M allocations: 791.936 MiB, 3.48% gc time)
Round:265
Starting abc-rs
Percentage done:  10.00 %
Percentage done:  20.00 %
Percentage done:  30.00 %
Percentage done:  40.00 %
Percentage done:  50.00 %
Percentage done:  60.00 %
Percentage done:  70.00 %
Percentage done:  80.00 %
Percentage done:  90.00 %
Percentage done:  100.00 %
Ending abc-rs
  5.029276 seconds (4.60 M allocations: 791.936 MiB, 3.48% gc time)
Round:269
Starting abc-rs
Percentage done:  10.00 %
Percentage done:  20.00 %
Percentage done:  30.00 %
Percentage done:  40.00 %
Percentage done:  50.00 %
Percentage done:  60.00 %
Percentage done:  70.00 %
Percentage done:  80.00 %
Percentage done:  90.00 %
Percentage done:  100.00 %
Ending abc-rs
  5.026522 seconds (4.60 M allocations: 791.936 MiB, 3.48% gc time)
Round:273
Starting abc-rs
Percentage done:  10.00 %
Percentage done:  20.00 %
Percentage done:  30.00 %
Percentage done:  40.00 %
Percentage done:  50.00 %
Percentage done:  60.00 %
Percentage done:  70.00 %
Percentage done:  80.00 %
Percentage done:  90.00 %
Percentage done:  100.00 %
Ending abc-rs
  5.030257 seconds (4.60 M allocations: 791.936 MiB, 3.48% gc time)
Round:277
Starting abc-rs
Percentage done:  10.00 %
Percentage done:  20.00 %
Percentage done:  30.00 %
Percentage done:  40.00 %
Percentage done:  50.00 %
Percentage done:  60.00 %
Percentage done:  70.00 %
Percentage done:  80.00 %
Percentage done:  90.00 %
Percentage done:  100.00 %
Ending abc-rs
  5.033001 seconds (4.60 M allocations: 791.936 MiB, 3.48% gc time)
Round:281
Starting abc-rs
Percentage done:  10.00 %
Percentage done:  20.00 %
Percentage done:  30.00 %
Percentage done:  40.00 %
Percentage done:  50.00 %
Percentage done:  60.00 %
Percentage done:  70.00 %
Percentage done:  80.00 %
Percentage done:  90.00 %
Percentage done:  100.00 %
Ending abc-rs
  5.031873 seconds (4.60 M allocations: 791.936 MiB, 3.48% gc time)
Round:285
Starting abc-rs
Percentage done:  10.00 %
Percentage done:  20.00 %
Percentage done:  30.00 %
Percentage done:  40.00 %
Percentage done:  50.00 %
Percentage done:  60.00 %
Percentage done:  70.00 %
Percentage done:  80.00 %
Percentage done:  90.00 %
Percentage done:  100.00 %
Ending abc-rs
  5.024202 seconds (4.60 M allocations: 791.936 MiB, 3.49% gc time)
Round:289
Starting abc-rs
Percentage done:  10.00 %
Percentage done:  20.00 %
Percentage done:  30.00 %
Percentage done:  40.00 %
Percentage done:  50.00 %
Percentage done:  60.00 %
Percentage done:  70.00 %
Percentage done:  80.00 %
Percentage done:  90.00 %
Percentage done:  100.00 %
Ending abc-rs
  5.025289 seconds (4.60 M allocations: 791.936 MiB, 3.49% gc time)
Round:293
Starting abc-rs
Percentage done:  10.00 %
Percentage done:  20.00 %
Percentage done:  30.00 %
Percentage done:  40.00 %
Percentage done:  50.00 %
Percentage done:  60.00 %
Percentage done:  70.00 %
Percentage done:  80.00 %
Percentage done:  90.00 %
Percentage done:  100.00 %
Ending abc-rs
  5.039160 seconds (4.60 M allocations: 791.936 MiB, 3.53% gc time)
Round:297
Starting abc-rs
Percentage done:  10.00 %
Percentage done:  20.00 %
Percentage done:  30.00 %
Percentage done:  40.00 %
Percentage done:  50.00 %
Percentage done:  60.00 %
Percentage done:  70.00 %
Percentage done:  80.00 %
Percentage done:  90.00 %
Percentage done:  100.00 %
Ending abc-rs
  5.041851 seconds (4.60 M allocations: 791.936 MiB, 3.85% gc time)
Round:301
Starting abc-rs
Percentage done:  10.00 %
Percentage done:  20.00 %
Percentage done:  30.00 %
Percentage done:  40.00 %
Percentage done:  50.00 %
Percentage done:  60.00 %
Percentage done:  70.00 %
Percentage done:  80.00 %
Percentage done:  90.00 %
Percentage done:  100.00 %
Ending abc-rs
  5.024181 seconds (4.60 M allocations: 791.936 MiB, 3.49% gc time)
Round:305
Starting abc-rs
Percentage done:  10.00 %
Percentage done:  20.00 %
Percentage done:  30.00 %
Percentage done:  40.00 %
Percentage done:  50.00 %
Percentage done:  60.00 %
Percentage done:  70.00 %
Percentage done:  80.00 %
Percentage done:  90.00 %
Percentage done:  100.00 %
Ending abc-rs
  5.024887 seconds (4.60 M allocations: 791.936 MiB, 3.49% gc time)
Round:309
Starting abc-rs
Percentage done:  10.00 %
Percentage done:  20.00 %
Percentage done:  30.00 %
Percentage done:  40.00 %
Percentage done:  50.00 %
Percentage done:  60.00 %
Percentage done:  70.00 %
Percentage done:  80.00 %
Percentage done:  90.00 %
Percentage done:  100.00 %
Ending abc-rs
  5.032242 seconds (4.60 M allocations: 791.936 MiB, 3.48% gc time)
Round:313
Starting abc-rs
Percentage done:  10.00 %
Percentage done:  20.00 %
Percentage done:  30.00 %
Percentage done:  40.00 %
Percentage done:  50.00 %
Percentage done:  60.00 %
Percentage done:  70.00 %
Percentage done:  80.00 %
Percentage done:  90.00 %
Percentage done:  100.00 %
Ending abc-rs
  5.037059 seconds (4.60 M allocations: 791.936 MiB, 3.56% gc time)
Round:317
Starting abc-rs
Percentage done:  10.00 %
Percentage done:  20.00 %
Percentage done:  30.00 %
Percentage done:  40.00 %
Percentage done:  50.00 %
Percentage done:  60.00 %
Percentage done:  70.00 %
Percentage done:  80.00 %
Percentage done:  90.00 %
Percentage done:  100.00 %
Ending abc-rs
  5.033364 seconds (4.60 M allocations: 791.936 MiB, 3.51% gc time)
Round:321
Starting abc-rs
Percentage done:  10.00 %
Percentage done:  20.00 %
Percentage done:  30.00 %
Percentage done:  40.00 %
Percentage done:  50.00 %
Percentage done:  60.00 %
Percentage done:  70.00 %
Percentage done:  80.00 %
Percentage done:  90.00 %
Percentage done:  100.00 %
Ending abc-rs
  5.032332 seconds (4.60 M allocations: 791.936 MiB, 3.52% gc time)
Round:325
Starting abc-rs
Percentage done:  10.00 %
Percentage done:  20.00 %
Percentage done:  30.00 %
Percentage done:  40.00 %
Percentage done:  50.00 %
Percentage done:  60.00 %
Percentage done:  70.00 %
Percentage done:  80.00 %
Percentage done:  90.00 %
Percentage done:  100.00 %
Ending abc-rs
  5.030238 seconds (4.60 M allocations: 791.936 MiB, 3.49% gc time)
Round:329
Starting abc-rs
Percentage done:  10.00 %
Percentage done:  20.00 %
Percentage done:  30.00 %
Percentage done:  40.00 %
Percentage done:  50.00 %
Percentage done:  60.00 %
Percentage done:  70.00 %
Percentage done:  80.00 %
Percentage done:  90.00 %
Percentage done:  100.00 %
Ending abc-rs
  5.024729 seconds (4.60 M allocations: 791.936 MiB, 3.49% gc time)
Round:333
Starting abc-rs
Percentage done:  10.00 %
Percentage done:  20.00 %
Percentage done:  30.00 %
Percentage done:  40.00 %
Percentage done:  50.00 %
Percentage done:  60.00 %
Percentage done:  70.00 %
Percentage done:  80.00 %
Percentage done:  90.00 %
Percentage done:  100.00 %
Ending abc-rs
  5.042682 seconds (4.60 M allocations: 791.936 MiB, 3.48% gc time)
Round:337
Starting abc-rs
Percentage done:  10.00 %
Percentage done:  20.00 %
Percentage done:  30.00 %
Percentage done:  40.00 %
Percentage done:  50.00 %
Percentage done:  60.00 %
Percentage done:  70.00 %
Percentage done:  80.00 %
Percentage done:  90.00 %
Percentage done:  100.00 %
Ending abc-rs
  5.024335 seconds (4.60 M allocations: 791.936 MiB, 3.49% gc time)
Round:341
Starting abc-rs
Percentage done:  10.00 %
Percentage done:  20.00 %
Percentage done:  30.00 %
Percentage done:  40.00 %
Percentage done:  50.00 %
Percentage done:  60.00 %
Percentage done:  70.00 %
Percentage done:  80.00 %
Percentage done:  90.00 %
Percentage done:  100.00 %
Ending abc-rs
  5.027392 seconds (4.60 M allocations: 791.936 MiB, 3.49% gc time)
Round:345
Starting abc-rs
Percentage done:  10.00 %
Percentage done:  20.00 %
Percentage done:  30.00 %
Percentage done:  40.00 %
Percentage done:  50.00 %
Percentage done:  60.00 %
Percentage done:  70.00 %
Percentage done:  80.00 %
Percentage done:  90.00 %
Percentage done:  100.00 %
Ending abc-rs
  5.027984 seconds (4.60 M allocations: 791.936 MiB, 3.49% gc time)
Round:349
Starting abc-rs
Percentage done:  10.00 %
Percentage done:  20.00 %
Percentage done:  30.00 %
Percentage done:  40.00 %
Percentage done:  50.00 %
Percentage done:  60.00 %
Percentage done:  70.00 %
Percentage done:  80.00 %
Percentage done:  90.00 %
Percentage done:  100.00 %
Ending abc-rs
  5.031817 seconds (4.60 M allocations: 791.936 MiB, 3.50% gc time)
Round:353
Starting abc-rs
Percentage done:  10.00 %
Percentage done:  20.00 %
Percentage done:  30.00 %
Percentage done:  40.00 %
Percentage done:  50.00 %
Percentage done:  60.00 %
Percentage done:  70.00 %
Percentage done:  80.00 %
Percentage done:  90.00 %
Percentage done:  100.00 %
Ending abc-rs
  5.047762 seconds (4.60 M allocations: 791.936 MiB, 3.52% gc time)
Round:357
Starting abc-rs
Percentage done:  10.00 %
Percentage done:  20.00 %
Percentage done:  30.00 %
Percentage done:  40.00 %
Percentage done:  50.00 %
Percentage done:  60.00 %
Percentage done:  70.00 %
Percentage done:  80.00 %
Percentage done:  90.00 %
Percentage done:  100.00 %
Ending abc-rs
  5.035778 seconds (4.60 M allocations: 791.936 MiB, 3.56% gc time)
Round:361
Starting abc-rs
Percentage done:  10.00 %
Percentage done:  20.00 %
Percentage done:  30.00 %
Percentage done:  40.00 %
Percentage done:  50.00 %
Percentage done:  60.00 %
Percentage done:  70.00 %
Percentage done:  80.00 %
Percentage done:  90.00 %
Percentage done:  100.00 %
Ending abc-rs
  5.022476 seconds (4.60 M allocations: 791.936 MiB, 3.48% gc time)
Round:365
Starting abc-rs
Percentage done:  10.00 %
Percentage done:  20.00 %
Percentage done:  30.00 %
Percentage done:  40.00 %
Percentage done:  50.00 %
Percentage done:  60.00 %
Percentage done:  70.00 %
Percentage done:  80.00 %
Percentage done:  90.00 %
Percentage done:  100.00 %
Ending abc-rs
  5.031748 seconds (4.60 M allocations: 791.936 MiB, 3.48% gc time)
Round:369
Starting abc-rs
Percentage done:  10.00 %
Percentage done:  20.00 %
Percentage done:  30.00 %
Percentage done:  40.00 %
Percentage done:  50.00 %
Percentage done:  60.00 %
Percentage done:  70.00 %
Percentage done:  80.00 %
Percentage done:  90.00 %
Percentage done:  100.00 %
Ending abc-rs
  5.046461 seconds (4.60 M allocations: 791.936 MiB, 3.47% gc time)
Round:373
Starting abc-rs
Percentage done:  10.00 %
Percentage done:  20.00 %
Percentage done:  30.00 %
Percentage done:  40.00 %
Percentage done:  50.00 %
Percentage done:  60.00 %
Percentage done:  70.00 %
Percentage done:  80.00 %
Percentage done:  90.00 %
Percentage done:  100.00 %
Ending abc-rs
  5.092689 seconds (4.60 M allocations: 791.936 MiB, 3.50% gc time)
Round:377
Starting abc-rs
Percentage done:  10.00 %
Percentage done:  20.00 %
Percentage done:  30.00 %
Percentage done:  40.00 %
Percentage done:  50.00 %
Percentage done:  60.00 %
Percentage done:  70.00 %
Percentage done:  80.00 %
Percentage done:  90.00 %
Percentage done:  100.00 %
Ending abc-rs
  5.030463 seconds (4.60 M allocations: 791.936 MiB, 3.49% gc time)
Round:381
Starting abc-rs
Percentage done:  10.00 %
Percentage done:  20.00 %
Percentage done:  30.00 %
Percentage done:  40.00 %
Percentage done:  50.00 %
Percentage done:  60.00 %
Percentage done:  70.00 %
Percentage done:  80.00 %
Percentage done:  90.00 %
Percentage done:  100.00 %
Ending abc-rs
  5.026294 seconds (4.60 M allocations: 791.936 MiB, 3.49% gc time)
Round:385
Starting abc-rs
Percentage done:  10.00 %
Percentage done:  20.00 %
Percentage done:  30.00 %
Percentage done:  40.00 %
Percentage done:  50.00 %
Percentage done:  60.00 %
Percentage done:  70.00 %
Percentage done:  80.00 %
Percentage done:  90.00 %
Percentage done:  100.00 %
Ending abc-rs
  5.026279 seconds (4.60 M allocations: 791.936 MiB, 3.48% gc time)
Round:389
Starting abc-rs
Percentage done:  10.00 %
Percentage done:  20.00 %
Percentage done:  30.00 %
Percentage done:  40.00 %
Percentage done:  50.00 %
Percentage done:  60.00 %
Percentage done:  70.00 %
Percentage done:  80.00 %
Percentage done:  90.00 %
Percentage done:  100.00 %
Ending abc-rs
  5.030409 seconds (4.60 M allocations: 791.936 MiB, 3.54% gc time)
Round:393
Starting abc-rs
Percentage done:  10.00 %
Percentage done:  20.00 %
Percentage done:  30.00 %
Percentage done:  40.00 %
Percentage done:  50.00 %
Percentage done:  60.00 %
Percentage done:  70.00 %
Percentage done:  80.00 %
Percentage done:  90.00 %
Percentage done:  100.00 %
Ending abc-rs
  5.025215 seconds (4.60 M allocations: 791.936 MiB, 3.48% gc time)
Round:397
Starting abc-rs
Percentage done:  10.00 %
Percentage done:  20.00 %
Percentage done:  30.00 %
Percentage done:  40.00 %
Percentage done:  50.00 %
Percentage done:  60.00 %
Percentage done:  70.00 %
Percentage done:  80.00 %
Percentage done:  90.00 %
Percentage done:  100.00 %
Ending abc-rs
  5.031807 seconds (4.60 M allocations: 791.936 MiB, 3.48% gc time)
