Thu Jan 17 17:26:57 2019       
+-----------------------------------------------------------------------------+
| NVIDIA-SMI 410.79       Driver Version: 410.79       CUDA Version: 10.0     |
|-------------------------------+----------------------+----------------------+
| GPU  Name        Persistence-M| Bus-Id        Disp.A | Volatile Uncorr. ECC |
| Fan  Temp  Perf  Pwr:Usage/Cap|         Memory-Usage | GPU-Util  Compute M. |
|===============================+======================+======================|
|   0  Tesla K80           Off  | 00000000:04:00.0 Off |                    0 |
| N/A   37C    P0    65W / 149W |     72MiB / 11441MiB |      0%      Default |
+-------------------------------+----------------------+----------------------+
|   1  Tesla K80           Off  | 00000000:05:00.0 Off |                    0 |
| N/A   47C    P0    79W / 149W |      0MiB / 11441MiB |      0%      Default |
+-------------------------------+----------------------+----------------------+
|   2  Tesla K80           Off  | 00000000:84:00.0 Off |                    0 |
| N/A   33C    P0    66W / 149W |      0MiB / 11441MiB |      0%      Default |
+-------------------------------+----------------------+----------------------+
|   3  Tesla K80           Off  | 00000000:85:00.0 Off |                    0 |
| N/A   41C    P0    75W / 149W |      0MiB / 11441MiB |     67%      Default |
+-------------------------------+----------------------+----------------------+
                                                                               
+-----------------------------------------------------------------------------+
| Processes:                                                       GPU Memory |
|  GPU       PID   Type   Process name                             Usage      |
|=============================================================================|
|    0    160855      C   julia                                         61MiB |
+-----------------------------------------------------------------------------+
/home/samwiq/ABC and deep learning project/abc-dl/lunarc
/home/samwiq/ABC and deep learning project/abc-dl
start script
500
check version of Knet
    Status `~/.julia/environments/v1.0/Project.toml`
  [336ed68f] CSV v0.3.1
  [a93c6f00] DataFrames v0.13.1
  [31c24e10] Distributions v0.16.4
  [1902f260] Knet v1.1.0
  [6f286f6a] MultivariateStats v0.6.0 #master (https://github.com/JuliaStats/MultivariateStats.jl.git)
  [2913bbd2] StatsBase v0.25.0
  [4c63d2b9] StatsFuns v0.7.0
build Knet
  Building SpecialFunctions → `~/.julia/packages/SpecialFunctions/KvXoO/deps/build.log`
  Building CodecZlib ───────→ `~/.julia/packages/CodecZlib/wwgbh/deps/build.log`
  Building Knet ────────────→ `~/.julia/packages/Knet/hxjeS/deps/build.log`
test gpu
1
0
0
Loading alpha-stable model
Nbr training obs 100000, nbr parameters 25454, obs/parameters 3.93
0
Starting training
Epoch 1, current loss (training) 0.6627, current loss (val) 0.9261, best loss (val) 0.9261 
Epoch 2, current loss (training) 0.7479, current loss (val) 0.9278, best loss (val) 0.9261 
Epoch 3, current loss (training) 0.5491, current loss (val) 0.6615, best loss (val) 0.6615 
Epoch 4, current loss (training) 0.4467, current loss (val) 0.5666, best loss (val) 0.5666 
Epoch 5, current loss (training) 0.4806, current loss (val) 0.5575, best loss (val) 0.5575 
Epoch 6, current loss (training) 0.3957, current loss (val) 0.4723, best loss (val) 0.4723 
Epoch 7, current loss (training) 0.3349, current loss (val) 0.4139, best loss (val) 0.4139 
Epoch 8, current loss (training) 0.3210, current loss (val) 0.3732, best loss (val) 0.3732 
Epoch 9, current loss (training) 0.3828, current loss (val) 0.3443, best loss (val) 0.3443 
Epoch 10, current loss (training) 0.3677, current loss (val) 0.4381, best loss (val) 0.3443 
Epoch 11, current loss (training) 0.2607, current loss (val) 0.3029, best loss (val) 0.3029 
Epoch 12, current loss (training) 0.3048, current loss (val) 0.3458, best loss (val) 0.3029 
Epoch 13, current loss (training) 0.2960, current loss (val) 0.2921, best loss (val) 0.2921 
Epoch 14, current loss (training) 0.2689, current loss (val) 0.2851, best loss (val) 0.2851 
Epoch 15, current loss (training) 0.2526, current loss (val) 0.2723, best loss (val) 0.2723 
Epoch 16, current loss (training) 1.0285, current loss (val) 0.2574, best loss (val) 0.2574 
Epoch 17, current loss (training) 0.2444, current loss (val) 0.2465, best loss (val) 0.2465 
Epoch 18, current loss (training) 0.8297, current loss (val) 0.7664, best loss (val) 0.2465 
Epoch 19, current loss (training) 0.2273, current loss (val) 0.2530, best loss (val) 0.2465 
Epoch 20, current loss (training) 0.2383, current loss (val) 0.2537, best loss (val) 0.2465 
Epoch 21, current loss (training) 0.2389, current loss (val) 0.2542, best loss (val) 0.2465 
Epoch 22, current loss (training) 0.3169, current loss (val) 0.3384, best loss (val) 0.2465 
Epoch 23, current loss (training) 0.2307, current loss (val) 0.2353, best loss (val) 0.2353 
Epoch 24, current loss (training) 0.2406, current loss (val) 0.2419, best loss (val) 0.2353 
Epoch 25, current loss (training) 0.2646, current loss (val) 0.2724, best loss (val) 0.2353 
Epoch 26, current loss (training) 0.2233, current loss (val) 0.2077, best loss (val) 0.2077 
Epoch 27, current loss (training) 0.2365, current loss (val) 0.2628, best loss (val) 0.2077 
Epoch 28, current loss (training) 0.1967, current loss (val) 0.2063, best loss (val) 0.2063 
Epoch 29, current loss (training) 0.2092, current loss (val) 0.2008, best loss (val) 0.2008 
Epoch 30, current loss (training) 0.2093, current loss (val) 0.2018, best loss (val) 0.2008 
Epoch 31, current loss (training) 0.2161, current loss (val) 0.2255, best loss (val) 0.2008 
Epoch 32, current loss (training) 0.2115, current loss (val) 0.2030, best loss (val) 0.2008 
Epoch 33, current loss (training) 0.2187, current loss (val) 0.2256, best loss (val) 0.2008 
Epoch 34, current loss (training) 0.3305, current loss (val) 0.3283, best loss (val) 0.2008 
Epoch 35, current loss (training) 0.2250, current loss (val) 0.2482, best loss (val) 0.2008 
Epoch 36, current loss (training) 0.4126, current loss (val) 0.4540, best loss (val) 0.2008 
Epoch 37, current loss (training) 0.1963, current loss (val) 0.2129, best loss (val) 0.2008 
Epoch 38, current loss (training) 0.2157, current loss (val) 0.2199, best loss (val) 0.2008 
Epoch 39, current loss (training) 0.1929, current loss (val) 0.1902, best loss (val) 0.1902 
Epoch 40, current loss (training) 0.2066, current loss (val) 0.2061, best loss (val) 0.1902 
Epoch 41, current loss (training) 0.1787, current loss (val) 0.1819, best loss (val) 0.1819 
Epoch 42, current loss (training) 1.5546, current loss (val) 1.5080, best loss (val) 0.1819 
Epoch 43, current loss (training) 0.3781, current loss (val) 0.5085, best loss (val) 0.1819 
Epoch 44, current loss (training) 0.1789, current loss (val) 0.1865, best loss (val) 0.1819 
Epoch 45, current loss (training) 1.7610, current loss (val) 1.7252, best loss (val) 0.1819 
Epoch 46, current loss (training) 0.1753, current loss (val) 0.1905, best loss (val) 0.1819 
Epoch 47, current loss (training) 0.2029, current loss (val) 0.2123, best loss (val) 0.1819 
Epoch 48, current loss (training) 0.2278, current loss (val) 0.2048, best loss (val) 0.1819 
Epoch 49, current loss (training) 1.1796, current loss (val) 0.2253, best loss (val) 0.1819 
Epoch 50, current loss (training) 0.2181, current loss (val) 0.2215, best loss (val) 0.1819 
Epoch 51, current loss (training) 0.1697, current loss (val) 0.1791, best loss (val) 0.1791 
Epoch 52, current loss (training) 0.1837, current loss (val) 0.1785, best loss (val) 0.1785 
Epoch 53, current loss (training) 0.1999, current loss (val) 0.2059, best loss (val) 0.1785 
Epoch 54, current loss (training) 0.1712, current loss (val) 0.1768, best loss (val) 0.1768 
Epoch 55, current loss (training) 0.5383, current loss (val) 0.2059, best loss (val) 0.1768 
Epoch 56, current loss (training) 0.1904, current loss (val) 0.1943, best loss (val) 0.1768 
Epoch 57, current loss (training) 0.1932, current loss (val) 0.2138, best loss (val) 0.1768 
Epoch 58, current loss (training) 0.2060, current loss (val) 0.2261, best loss (val) 0.1768 
Epoch 59, current loss (training) 0.8434, current loss (val) 0.8116, best loss (val) 0.1768 
Epoch 60, current loss (training) 0.1755, current loss (val) 0.1808, best loss (val) 0.1768 
Epoch 61, current loss (training) 1.0975, current loss (val) 0.2160, best loss (val) 0.1768 
Epoch 62, current loss (training) 0.3167, current loss (val) 0.3327, best loss (val) 0.1768 
Epoch 63, current loss (training) 0.2360, current loss (val) 0.2496, best loss (val) 0.1768 
Epoch 64, current loss (training) 0.2264, current loss (val) 0.2104, best loss (val) 0.1768 
Epoch 65, current loss (training) 0.1920, current loss (val) 0.1908, best loss (val) 0.1768 
Epoch 66, current loss (training) 0.1932, current loss (val) 0.1970, best loss (val) 0.1768 
Epoch 67, current loss (training) 0.2458, current loss (val) 0.3065, best loss (val) 0.1768 
Epoch 68, current loss (training) 0.2012, current loss (val) 0.2422, best loss (val) 0.1768 
Epoch 69, current loss (training) 0.2765, current loss (val) 0.2674, best loss (val) 0.1768 
Epoch 70, current loss (training) 0.1845, current loss (val) 0.1870, best loss (val) 0.1768 
Epoch 71, current loss (training) 0.2015, current loss (val) 0.2104, best loss (val) 0.1768 
Epoch 72, current loss (training) 0.1989, current loss (val) 0.2135, best loss (val) 0.1768 
Epoch 73, current loss (training) 0.1682, current loss (val) 0.1797, best loss (val) 0.1768 
Epoch 74, current loss (training) 0.1695, current loss (val) 0.1699, best loss (val) 0.1699 
Epoch 75, current loss (training) 0.1903, current loss (val) 0.1931, best loss (val) 0.1699 
Epoch 76, current loss (training) 0.7439, current loss (val) 0.1931, best loss (val) 0.1699 
Epoch 77, current loss (training) 0.1701, current loss (val) 0.1664, best loss (val) 0.1664 
Epoch 78, current loss (training) 0.1905, current loss (val) 0.1756, best loss (val) 0.1664 
Epoch 79, current loss (training) 0.1581, current loss (val) 0.1636, best loss (val) 0.1636 
Epoch 80, current loss (training) 0.1731, current loss (val) 0.1642, best loss (val) 0.1636 
Epoch 81, current loss (training) 1.1658, current loss (val) 0.2687, best loss (val) 0.1636 
Epoch 82, current loss (training) 0.2023, current loss (val) 0.1924, best loss (val) 0.1636 
Epoch 83, current loss (training) 0.1966, current loss (val) 0.2010, best loss (val) 0.1636 
Epoch 84, current loss (training) 0.1946, current loss (val) 0.1897, best loss (val) 0.1636 
Epoch 85, current loss (training) 0.1826, current loss (val) 0.1737, best loss (val) 0.1636 
Epoch 86, current loss (training) 0.2003, current loss (val) 0.2036, best loss (val) 0.1636 
Epoch 87, current loss (training) 0.2345, current loss (val) 0.2673, best loss (val) 0.1636 
Epoch 88, current loss (training) 0.2191, current loss (val) 0.2213, best loss (val) 0.1636 
Epoch 89, current loss (training) 0.1804, current loss (val) 0.1801, best loss (val) 0.1636 
Epoch 90, current loss (training) 0.2249, current loss (val) 0.1910, best loss (val) 0.1636 
Epoch 91, current loss (training) 0.2017, current loss (val) 0.1838, best loss (val) 0.1636 
Epoch 92, current loss (training) 0.2031, current loss (val) 0.1850, best loss (val) 0.1636 
Epoch 93, current loss (training) 0.5888, current loss (val) 0.3598, best loss (val) 0.1636 
Epoch 94, current loss (training) 0.2048, current loss (val) 0.2001, best loss (val) 0.1636 
Epoch 95, current loss (training) 0.1744, current loss (val) 0.1861, best loss (val) 0.1636 
Epoch 96, current loss (training) 1.6720, current loss (val) 0.3972, best loss (val) 0.1636 
Epoch 97, current loss (training) 0.1800, current loss (val) 0.1906, best loss (val) 0.1636 
Epoch 98, current loss (training) 0.2053, current loss (val) 0.2129, best loss (val) 0.1636 
Epoch 99, current loss (training) 0.1867, current loss (val) 0.2016, best loss (val) 0.1636 
Epoch 100, current loss (training) 0.2132, current loss (val) 0.2331, best loss (val) 0.1636 
Epoch 101, current loss (training) 0.2535, current loss (val) 0.2724, best loss (val) 0.1636 
Epoch 102, current loss (training) 0.1778, current loss (val) 0.1868, best loss (val) 0.1636 
Epoch 103, current loss (training) 0.2160, current loss (val) 0.1816, best loss (val) 0.1636 
Epoch 104, current loss (training) 0.2005, current loss (val) 0.1769, best loss (val) 0.1636 
Epoch 105, current loss (training) 0.1900, current loss (val) 0.2088, best loss (val) 0.1636 
Epoch 106, current loss (training) 0.3737, current loss (val) 0.1753, best loss (val) 0.1636 
Epoch 107, current loss (training) 0.3473, current loss (val) 0.3472, best loss (val) 0.1636 
Epoch 108, current loss (training) 0.2527, current loss (val) 0.3195, best loss (val) 0.1636 
Epoch 109, current loss (training) 0.1764, current loss (val) 0.1726, best loss (val) 0.1636 
Epoch 110, current loss (training) 0.3480, current loss (val) 0.2566, best loss (val) 0.1636 
Epoch 111, current loss (training) 0.2073, current loss (val) 0.2347, best loss (val) 0.1636 
Epoch 112, current loss (training) 0.4687, current loss (val) 0.4629, best loss (val) 0.1636 
Epoch 113, current loss (training) 0.1992, current loss (val) 0.1835, best loss (val) 0.1636 
Epoch 114, current loss (training) 0.1841, current loss (val) 0.1990, best loss (val) 0.1636 
Epoch 115, current loss (training) 0.3784, current loss (val) 0.4081, best loss (val) 0.1636 
Epoch 116, current loss (training) 0.2152, current loss (val) 0.2481, best loss (val) 0.1636 
Epoch 117, current loss (training) 0.1721, current loss (val) 0.1762, best loss (val) 0.1636 
Epoch 118, current loss (training) 0.3293, current loss (val) 0.4291, best loss (val) 0.1636 
Epoch 119, current loss (training) 0.2491, current loss (val) 0.2997, best loss (val) 0.1636 
Epoch 120, current loss (training) 0.2133, current loss (val) 0.2499, best loss (val) 0.1636 
Epoch 121, current loss (training) 0.1867, current loss (val) 0.2167, best loss (val) 0.1636 
Epoch 122, current loss (training) 0.2345, current loss (val) 0.2382, best loss (val) 0.1636 
Epoch 123, current loss (training) 0.1875, current loss (val) 0.1986, best loss (val) 0.1636 
Epoch 124, current loss (training) 0.1801, current loss (val) 0.1909, best loss (val) 0.1636 
Epoch 125, current loss (training) 0.1882, current loss (val) 0.1985, best loss (val) 0.1636 
Epoch 126, current loss (training) 0.2075, current loss (val) 0.2154, best loss (val) 0.1636 
Epoch 127, current loss (training) 0.7278, current loss (val) 0.6191, best loss (val) 0.1636 
Epoch 128, current loss (training) 0.1797, current loss (val) 0.1746, best loss (val) 0.1636 
Epoch 129, current loss (training) 0.1695, current loss (val) 0.1812, best loss (val) 0.1636 
Epoch 130, current loss (training) 0.3800, current loss (val) 0.3522, best loss (val) 0.1636 
Epoch 131, current loss (training) 0.5768, current loss (val) 0.5792, best loss (val) 0.1636 
Epoch 132, current loss (training) 0.2004, current loss (val) 0.1941, best loss (val) 0.1636 
Epoch 133, current loss (training) 0.1961, current loss (val) 0.2067, best loss (val) 0.1636 
Epoch 134, current loss (training) 0.1928, current loss (val) 0.1704, best loss (val) 0.1636 
Epoch 135, current loss (training) 0.1737, current loss (val) 0.1622, best loss (val) 0.1622 
Epoch 136, current loss (training) 0.1989, current loss (val) 0.1994, best loss (val) 0.1622 
Epoch 137, current loss (training) 0.1810, current loss (val) 0.1746, best loss (val) 0.1622 
Epoch 138, current loss (training) 0.1681, current loss (val) 0.1652, best loss (val) 0.1622 
Epoch 139, current loss (training) 0.2756, current loss (val) 0.3007, best loss (val) 0.1622 
Epoch 140, current loss (training) 0.1707, current loss (val) 0.1660, best loss (val) 0.1622 
Epoch 141, current loss (training) 0.1532, current loss (val) 0.1585, best loss (val) 0.1585 
Epoch 142, current loss (training) 0.1817, current loss (val) 0.1684, best loss (val) 0.1585 
Epoch 143, current loss (training) 0.1627, current loss (val) 0.1756, best loss (val) 0.1585 
Epoch 144, current loss (training) 0.2465, current loss (val) 0.2429, best loss (val) 0.1585 
Epoch 145, current loss (training) 0.2129, current loss (val) 0.1860, best loss (val) 0.1585 
Epoch 146, current loss (training) 0.1657, current loss (val) 0.1691, best loss (val) 0.1585 
Epoch 147, current loss (training) 0.1641, current loss (val) 0.1670, best loss (val) 0.1585 
Epoch 148, current loss (training) 0.1645, current loss (val) 0.1706, best loss (val) 0.1585 
Epoch 149, current loss (training) 0.1674, current loss (val) 0.1675, best loss (val) 0.1585 
Epoch 150, current loss (training) 0.1769, current loss (val) 0.1716, best loss (val) 0.1585 
Epoch 151, current loss (training) 0.1625, current loss (val) 0.1594, best loss (val) 0.1585 
Epoch 152, current loss (training) 0.1716, current loss (val) 0.1779, best loss (val) 0.1585 
Epoch 153, current loss (training) 0.1814, current loss (val) 0.1736, best loss (val) 0.1585 
Epoch 154, current loss (training) 0.2358, current loss (val) 0.1699, best loss (val) 0.1585 
Epoch 155, current loss (training) 0.1638, current loss (val) 0.1698, best loss (val) 0.1585 
Epoch 156, current loss (training) 0.2301, current loss (val) 0.1631, best loss (val) 0.1585 
Epoch 157, current loss (training) 0.1678, current loss (val) 0.1629, best loss (val) 0.1585 
Epoch 158, current loss (training) 0.1603, current loss (val) 0.1628, best loss (val) 0.1585 
Epoch 159, current loss (training) 0.6882, current loss (val) 0.8543, best loss (val) 0.1585 
Epoch 160, current loss (training) 0.1762, current loss (val) 0.1735, best loss (val) 0.1585 
Epoch 161, current loss (training) 0.1665, current loss (val) 0.1703, best loss (val) 0.1585 
Epoch 162, current loss (training) 0.1934, current loss (val) 0.1695, best loss (val) 0.1585 
Epoch 163, current loss (training) 0.7621, current loss (val) 0.7076, best loss (val) 0.1585 
Epoch 164, current loss (training) 0.1842, current loss (val) 0.1832, best loss (val) 0.1585 
Epoch 165, current loss (training) 0.1718, current loss (val) 0.1664, best loss (val) 0.1585 
Epoch 166, current loss (training) 0.1844, current loss (val) 0.2004, best loss (val) 0.1585 
Epoch 167, current loss (training) 0.1817, current loss (val) 0.1704, best loss (val) 0.1585 
Epoch 168, current loss (training) 0.5097, current loss (val) 0.5203, best loss (val) 0.1585 
Epoch 169, current loss (training) 0.2876, current loss (val) 0.3200, best loss (val) 0.1585 
Epoch 170, current loss (training) 0.2474, current loss (val) 0.2648, best loss (val) 0.1585 
Epoch 171, current loss (training) 0.2031, current loss (val) 0.1975, best loss (val) 0.1585 
Epoch 172, current loss (training) 0.1667, current loss (val) 0.1669, best loss (val) 0.1585 
Epoch 173, current loss (training) 0.2552, current loss (val) 0.1731, best loss (val) 0.1585 
Epoch 174, current loss (training) 0.1629, current loss (val) 0.1675, best loss (val) 0.1585 
Epoch 175, current loss (training) 0.1681, current loss (val) 0.1734, best loss (val) 0.1585 
Epoch 176, current loss (training) 0.2861, current loss (val) 0.2889, best loss (val) 0.1585 
Epoch 177, current loss (training) 0.1873, current loss (val) 0.2004, best loss (val) 0.1585 
Epoch 178, current loss (training) 0.1636, current loss (val) 0.1681, best loss (val) 0.1585 
Epoch 179, current loss (training) 0.1593, current loss (val) 0.1666, best loss (val) 0.1585 
Epoch 180, current loss (training) 0.4417, current loss (val) 0.4513, best loss (val) 0.1585 
Epoch 181, current loss (training) 0.1630, current loss (val) 0.1619, best loss (val) 0.1585 
Epoch 182, current loss (training) 0.2199, current loss (val) 0.1656, best loss (val) 0.1585 
Epoch 183, current loss (training) 0.1673, current loss (val) 0.1603, best loss (val) 0.1585 
Epoch 184, current loss (training) 0.1571, current loss (val) 0.1664, best loss (val) 0.1585 
Epoch 185, current loss (training) 0.4414, current loss (val) 0.1709, best loss (val) 0.1585 
Epoch 186, current loss (training) 0.1764, current loss (val) 0.1740, best loss (val) 0.1585 
Epoch 187, current loss (training) 0.1708, current loss (val) 0.1734, best loss (val) 0.1585 
Epoch 188, current loss (training) 0.2245, current loss (val) 0.2266, best loss (val) 0.1585 
Epoch 189, current loss (training) 0.1777, current loss (val) 0.1722, best loss (val) 0.1585 
Epoch 190, current loss (training) 0.1686, current loss (val) 0.1780, best loss (val) 0.1585 
Epoch 191, current loss (training) 0.1756, current loss (val) 0.1740, best loss (val) 0.1585 
Epoch 192, current loss (training) 0.9463, current loss (val) 0.7130, best loss (val) 0.1585 
Epoch 193, current loss (training) 0.3645, current loss (val) 0.3813, best loss (val) 0.1585 
Epoch 194, current loss (training) 0.2844, current loss (val) 0.3112, best loss (val) 0.1585 
Epoch 195, current loss (training) 0.2568, current loss (val) 0.2776, best loss (val) 0.1585 
Epoch 196, current loss (training) 0.2311, current loss (val) 0.2611, best loss (val) 0.1585 
Epoch 197, current loss (training) 0.2418, current loss (val) 0.2452, best loss (val) 0.1585 
Epoch 198, current loss (training) 0.2413, current loss (val) 0.2509, best loss (val) 0.1585 
Epoch 199, current loss (training) 0.2203, current loss (val) 0.2366, best loss (val) 0.1585 
Epoch 200, current loss (training) 0.3178, current loss (val) 0.3139, best loss (val) 0.1585 
Epoch 201, current loss (training) 0.2181, current loss (val) 0.2216, best loss (val) 0.1585 
Epoch 202, current loss (training) 0.2258, current loss (val) 0.2443, best loss (val) 0.1585 
Epoch 203, current loss (training) 0.2179, current loss (val) 0.2354, best loss (val) 0.1585 
Epoch 204, current loss (training) 0.2111, current loss (val) 0.2242, best loss (val) 0.1585 
Epoch 205, current loss (training) 0.2030, current loss (val) 0.2159, best loss (val) 0.1585 
Epoch 206, current loss (training) 0.2106, current loss (val) 0.2141, best loss (val) 0.1585 
Epoch 207, current loss (training) 0.1954, current loss (val) 0.2062, best loss (val) 0.1585 
Epoch 208, current loss (training) 0.2261, current loss (val) 0.2248, best loss (val) 0.1585 
Epoch 209, current loss (training) 0.2235, current loss (val) 0.2175, best loss (val) 0.1585 
Epoch 210, current loss (training) 0.6545, current loss (val) 0.2081, best loss (val) 0.1585 
Epoch 211, current loss (training) 0.2112, current loss (val) 0.2130, best loss (val) 0.1585 
Epoch 212, current loss (training) 0.2305, current loss (val) 0.2011, best loss (val) 0.1585 
Epoch 213, current loss (training) 0.2128, current loss (val) 0.2107, best loss (val) 0.1585 
Epoch 214, current loss (training) 0.2038, current loss (val) 0.2078, best loss (val) 0.1585 
Epoch 215, current loss (training) 0.2467, current loss (val) 0.2448, best loss (val) 0.1585 
Epoch 216, current loss (training) 0.1933, current loss (val) 0.1919, best loss (val) 0.1585 
Epoch 217, current loss (training) 0.1964, current loss (val) 0.1944, best loss (val) 0.1585 
Epoch 218, current loss (training) 0.1932, current loss (val) 0.1919, best loss (val) 0.1585 
Epoch 219, current loss (training) 0.1893, current loss (val) 0.2010, best loss (val) 0.1585 
Epoch 220, current loss (training) 0.2038, current loss (val) 0.2020, best loss (val) 0.1585 
Epoch 221, current loss (training) 0.1949, current loss (val) 0.1880, best loss (val) 0.1585 
Epoch 222, current loss (training) 0.1915, current loss (val) 0.1864, best loss (val) 0.1585 
Epoch 223, current loss (training) 0.4084, current loss (val) 0.4528, best loss (val) 0.1585 
Epoch 224, current loss (training) 0.1749, current loss (val) 0.1888, best loss (val) 0.1585 
Epoch 225, current loss (training) 0.2490, current loss (val) 0.2063, best loss (val) 0.1585 
Epoch 226, current loss (training) 0.4414, current loss (val) 0.4248, best loss (val) 0.1585 
Epoch 227, current loss (training) 0.2434, current loss (val) 0.2274, best loss (val) 0.1585 
Epoch 228, current loss (training) 0.4277, current loss (val) 0.1848, best loss (val) 0.1585 
Epoch 229, current loss (training) 0.2383, current loss (val) 0.1886, best loss (val) 0.1585 
Epoch 230, current loss (training) 0.1951, current loss (val) 0.1830, best loss (val) 0.1585 
Epoch 231, current loss (training) 0.2105, current loss (val) 0.2179, best loss (val) 0.1585 
Epoch 232, current loss (training) 0.1833, current loss (val) 0.1875, best loss (val) 0.1585 
Epoch 233, current loss (training) 0.1917, current loss (val) 0.1896, best loss (val) 0.1585 
Epoch 234, current loss (training) 0.1933, current loss (val) 0.1957, best loss (val) 0.1585 
Epoch 235, current loss (training) 0.2059, current loss (val) 0.2237, best loss (val) 0.1585 
Epoch 236, current loss (training) 0.2039, current loss (val) 0.2032, best loss (val) 0.1585 
Epoch 237, current loss (training) 0.2255, current loss (val) 0.2428, best loss (val) 0.1585 
Epoch 238, current loss (training) 0.2036, current loss (val) 0.1878, best loss (val) 0.1585 
Epoch 239, current loss (training) 0.1848, current loss (val) 0.1841, best loss (val) 0.1585 
Epoch 240, current loss (training) 0.1867, current loss (val) 0.1815, best loss (val) 0.1585 
Epoch 241, current loss (training) 0.1873, current loss (val) 0.1851, best loss (val) 0.1585 
Epoch 242, current loss (training) 0.1840, current loss (val) 0.1837, best loss (val) 0.1585 
Epoch 243, current loss (training) 0.2190, current loss (val) 0.1909, best loss (val) 0.1585 
Epoch 244, current loss (training) 0.1818, current loss (val) 0.1885, best loss (val) 0.1585 
Epoch 245, current loss (training) 0.2031, current loss (val) 0.1854, best loss (val) 0.1585 
Epoch 246, current loss (training) 0.1680, current loss (val) 0.1835, best loss (val) 0.1585 
Epoch 247, current loss (training) 0.1767, current loss (val) 0.1821, best loss (val) 0.1585 
Epoch 248, current loss (training) 0.2328, current loss (val) 0.1794, best loss (val) 0.1585 
Epoch 249, current loss (training) 0.1813, current loss (val) 0.1889, best loss (val) 0.1585 
Epoch 250, current loss (training) 0.2199, current loss (val) 0.1788, best loss (val) 0.1585 
Epoch 251, current loss (training) 0.1841, current loss (val) 0.1841, best loss (val) 0.1585 
Epoch 252, current loss (training) 0.1771, current loss (val) 0.1813, best loss (val) 0.1585 
Epoch 253, current loss (training) 0.1934, current loss (val) 0.1896, best loss (val) 0.1585 
Epoch 254, current loss (training) 0.1831, current loss (val) 0.1761, best loss (val) 0.1585 
Epoch 255, current loss (training) 0.1837, current loss (val) 0.1911, best loss (val) 0.1585 
Epoch 256, current loss (training) 0.6326, current loss (val) 0.2821, best loss (val) 0.1585 
Epoch 257, current loss (training) 0.2047, current loss (val) 0.2105, best loss (val) 0.1585 
Epoch 258, current loss (training) 0.2098, current loss (val) 0.1910, best loss (val) 0.1585 
Epoch 259, current loss (training) 0.5553, current loss (val) 0.2193, best loss (val) 0.1585 
Epoch 260, current loss (training) 0.4670, current loss (val) 0.4560, best loss (val) 0.1585 
Epoch 261, current loss (training) 0.1814, current loss (val) 0.1761, best loss (val) 0.1585 
Epoch 262, current loss (training) 0.1883, current loss (val) 0.2109, best loss (val) 0.1585 
Epoch 263, current loss (training) 0.4063, current loss (val) 0.2703, best loss (val) 0.1585 
Epoch 264, current loss (training) 0.1725, current loss (val) 0.1766, best loss (val) 0.1585 
Epoch 265, current loss (training) 0.1808, current loss (val) 0.1778, best loss (val) 0.1585 
Epoch 266, current loss (training) 1.4645, current loss (val) 1.5793, best loss (val) 0.1585 
Epoch 267, current loss (training) 0.1895, current loss (val) 0.1990, best loss (val) 0.1585 
Epoch 268, current loss (training) 0.1798, current loss (val) 0.1777, best loss (val) 0.1585 
Epoch 269, current loss (training) 0.1891, current loss (val) 0.1827, best loss (val) 0.1585 
Epoch 270, current loss (training) 0.1923, current loss (val) 0.1907, best loss (val) 0.1585 
Epoch 271, current loss (training) 0.1818, current loss (val) 0.1850, best loss (val) 0.1585 
Epoch 272, current loss (training) 0.1855, current loss (val) 0.1851, best loss (val) 0.1585 
Epoch 273, current loss (training) 0.3195, current loss (val) 0.3328, best loss (val) 0.1585 
Epoch 274, current loss (training) 0.2839, current loss (val) 0.2541, best loss (val) 0.1585 
Epoch 275, current loss (training) 0.6142, current loss (val) 0.1878, best loss (val) 0.1585 
Epoch 276, current loss (training) 0.1743, current loss (val) 0.1796, best loss (val) 0.1585 
Epoch 277, current loss (training) 0.1786, current loss (val) 0.1744, best loss (val) 0.1585 
Epoch 278, current loss (training) 0.1888, current loss (val) 0.1901, best loss (val) 0.1585 
Epoch 279, current loss (training) 0.1721, current loss (val) 0.1767, best loss (val) 0.1585 
Epoch 280, current loss (training) 0.1862, current loss (val) 0.1824, best loss (val) 0.1585 
Epoch 281, current loss (training) 0.1774, current loss (val) 0.1766, best loss (val) 0.1585 
Epoch 282, current loss (training) 0.2145, current loss (val) 0.1707, best loss (val) 0.1585 
Epoch 283, current loss (training) 0.2017, current loss (val) 0.1839, best loss (val) 0.1585 
Epoch 284, current loss (training) 0.1768, current loss (val) 0.1779, best loss (val) 0.1585 
Epoch 285, current loss (training) 0.2286, current loss (val) 0.2294, best loss (val) 0.1585 
Epoch 286, current loss (training) 0.2559, current loss (val) 0.2248, best loss (val) 0.1585 
Epoch 287, current loss (training) 0.1904, current loss (val) 0.1838, best loss (val) 0.1585 
Epoch 288, current loss (training) 0.2053, current loss (val) 0.2055, best loss (val) 0.1585 
Epoch 289, current loss (training) 0.1783, current loss (val) 0.1779, best loss (val) 0.1585 
Epoch 290, current loss (training) 0.3557, current loss (val) 0.4254, best loss (val) 0.1585 
Epoch 291, current loss (training) 0.1890, current loss (val) 0.1914, best loss (val) 0.1585 
Epoch 292, current loss (training) 0.1954, current loss (val) 0.1749, best loss (val) 0.1585 
Epoch 293, current loss (training) 0.2064, current loss (val) 0.1918, best loss (val) 0.1585 
Epoch 294, current loss (training) 0.3029, current loss (val) 0.2291, best loss (val) 0.1585 
Epoch 295, current loss (training) 0.1715, current loss (val) 0.1774, best loss (val) 0.1585 
Epoch 296, current loss (training) 0.1664, current loss (val) 0.1696, best loss (val) 0.1585 
Epoch 297, current loss (training) 0.1837, current loss (val) 0.1723, best loss (val) 0.1585 
Epoch 298, current loss (training) 0.2179, current loss (val) 0.1915, best loss (val) 0.1585 
Epoch 299, current loss (training) 0.1802, current loss (val) 0.1717, best loss (val) 0.1585 
Epoch 300, current loss (training) 0.1711, current loss (val) 0.1761, best loss (val) 0.1585 
Epoch 301, current loss (training) 0.2277, current loss (val) 0.2360, best loss (val) 0.1585 
Epoch 302, current loss (training) 0.2138, current loss (val) 0.1962, best loss (val) 0.1585 
Epoch 303, current loss (training) 0.1724, current loss (val) 0.1707, best loss (val) 0.1585 
Epoch 304, current loss (training) 0.3956, current loss (val) 0.3450, best loss (val) 0.1585 
Epoch 305, current loss (training) 0.1752, current loss (val) 0.1663, best loss (val) 0.1585 
Epoch 306, current loss (training) 0.1923, current loss (val) 0.1635, best loss (val) 0.1585 
Epoch 307, current loss (training) 0.1896, current loss (val) 0.1797, best loss (val) 0.1585 
Epoch 308, current loss (training) 0.1979, current loss (val) 0.2022, best loss (val) 0.1585 
Epoch 309, current loss (training) 0.1806, current loss (val) 0.1702, best loss (val) 0.1585 
Epoch 310, current loss (training) 0.1666, current loss (val) 0.1675, best loss (val) 0.1585 
Epoch 311, current loss (training) 0.1985, current loss (val) 0.2041, best loss (val) 0.1585 
Epoch 312, current loss (training) 0.9886, current loss (val) 1.1043, best loss (val) 0.1585 
Epoch 313, current loss (training) 0.1781, current loss (val) 0.1749, best loss (val) 0.1585 
Epoch 314, current loss (training) 0.1865, current loss (val) 0.1756, best loss (val) 0.1585 
Epoch 315, current loss (training) 0.2207, current loss (val) 0.2164, best loss (val) 0.1585 
Epoch 316, current loss (training) 0.1723, current loss (val) 0.1666, best loss (val) 0.1585 
Epoch 317, current loss (training) 0.2311, current loss (val) 0.1808, best loss (val) 0.1585 
Epoch 318, current loss (training) 0.1746, current loss (val) 0.1659, best loss (val) 0.1585 
Epoch 319, current loss (training) 0.1765, current loss (val) 0.1688, best loss (val) 0.1585 
Epoch 320, current loss (training) 0.1619, current loss (val) 0.1662, best loss (val) 0.1585 
Epoch 321, current loss (training) 0.1683, current loss (val) 0.1703, best loss (val) 0.1585 
Epoch 322, current loss (training) 0.1666, current loss (val) 0.1676, best loss (val) 0.1585 
Epoch 323, current loss (training) 0.1688, current loss (val) 0.1672, best loss (val) 0.1585 
Epoch 324, current loss (training) 0.1546, current loss (val) 0.1597, best loss (val) 0.1585 
Epoch 325, current loss (training) 0.1862, current loss (val) 0.1812, best loss (val) 0.1585 
Epoch 326, current loss (training) 0.1668, current loss (val) 0.1620, best loss (val) 0.1585 
Epoch 327, current loss (training) 0.1791, current loss (val) 0.1731, best loss (val) 0.1585 
Epoch 328, current loss (training) 0.1717, current loss (val) 0.1668, best loss (val) 0.1585 
Epoch 329, current loss (training) 0.1664, current loss (val) 0.1598, best loss (val) 0.1585 
Epoch 330, current loss (training) 0.1920, current loss (val) 0.1764, best loss (val) 0.1585 
Epoch 331, current loss (training) 0.2751, current loss (val) 0.2636, best loss (val) 0.1585 
Epoch 332, current loss (training) 0.1951, current loss (val) 0.1973, best loss (val) 0.1585 
Epoch 333, current loss (training) 0.1745, current loss (val) 0.1755, best loss (val) 0.1585 
Epoch 334, current loss (training) 0.1937, current loss (val) 0.1782, best loss (val) 0.1585 
Epoch 335, current loss (training) 0.2048, current loss (val) 0.1782, best loss (val) 0.1585 
Epoch 336, current loss (training) 0.2357, current loss (val) 0.2509, best loss (val) 0.1585 
Epoch 337, current loss (training) 0.1765, current loss (val) 0.1657, best loss (val) 0.1585 
Epoch 338, current loss (training) 0.1704, current loss (val) 0.1640, best loss (val) 0.1585 
Epoch 339, current loss (training) 0.1587, current loss (val) 0.1603, best loss (val) 0.1585 
Epoch 340, current loss (training) 0.1787, current loss (val) 0.1734, best loss (val) 0.1585 
Epoch 341, current loss (training) 0.1584, current loss (val) 0.1630, best loss (val) 0.1585 
Epoch 342, current loss (training) 0.1597, current loss (val) 0.1638, best loss (val) 0.1585 
Epoch 343, current loss (training) 0.1811, current loss (val) 0.1748, best loss (val) 0.1585 
Epoch 344, current loss (training) 0.1651, current loss (val) 0.1848, best loss (val) 0.1585 
Epoch 345, current loss (training) 0.1628, current loss (val) 0.1675, best loss (val) 0.1585 
Epoch 346, current loss (training) 0.2107, current loss (val) 0.2321, best loss (val) 0.1585 
Epoch 347, current loss (training) 0.1696, current loss (val) 0.1691, best loss (val) 0.1585 
Epoch 348, current loss (training) 0.1849, current loss (val) 0.1728, best loss (val) 0.1585 
Epoch 349, current loss (training) 0.1656, current loss (val) 0.1680, best loss (val) 0.1585 
Epoch 350, current loss (training) 0.1586, current loss (val) 0.1614, best loss (val) 0.1585 
Epoch 351, current loss (training) 0.3487, current loss (val) 0.3217, best loss (val) 0.1585 
Epoch 352, current loss (training) 0.9507, current loss (val) 0.9780, best loss (val) 0.1585 
Epoch 353, current loss (training) 0.1669, current loss (val) 0.1627, best loss (val) 0.1585 
Epoch 354, current loss (training) 0.1714, current loss (val) 0.1603, best loss (val) 0.1585 
Epoch 355, current loss (training) 0.1850, current loss (val) 0.1756, best loss (val) 0.1585 
Epoch 356, current loss (training) 0.1769, current loss (val) 0.1725, best loss (val) 0.1585 
Epoch 357, current loss (training) 0.1562, current loss (val) 0.1629, best loss (val) 0.1585 
Epoch 358, current loss (training) 0.1724, current loss (val) 0.1708, best loss (val) 0.1585 
Epoch 359, current loss (training) 0.1667, current loss (val) 0.1645, best loss (val) 0.1585 
Epoch 360, current loss (training) 0.1614, current loss (val) 0.1637, best loss (val) 0.1585 
Epoch 361, current loss (training) 0.1835, current loss (val) 0.1785, best loss (val) 0.1585 
Epoch 362, current loss (training) 0.4786, current loss (val) 0.4667, best loss (val) 0.1585 
Epoch 363, current loss (training) 0.1617, current loss (val) 0.1608, best loss (val) 0.1585 
Epoch 364, current loss (training) 0.1616, current loss (val) 0.1666, best loss (val) 0.1585 
Epoch 365, current loss (training) 0.1629, current loss (val) 0.1640, best loss (val) 0.1585 
Epoch 366, current loss (training) 0.1712, current loss (val) 0.1617, best loss (val) 0.1585 
Epoch 367, current loss (training) 0.1655, current loss (val) 0.1631, best loss (val) 0.1585 
Epoch 368, current loss (training) 0.1664, current loss (val) 0.1671, best loss (val) 0.1585 
Epoch 369, current loss (training) 0.1721, current loss (val) 0.1601, best loss (val) 0.1585 
Epoch 370, current loss (training) 0.1586, current loss (val) 0.1526, best loss (val) 0.1526 
Epoch 371, current loss (training) 0.1472, current loss (val) 0.1554, best loss (val) 0.1526 
Epoch 372, current loss (training) 0.1654, current loss (val) 0.1639, best loss (val) 0.1526 
Epoch 373, current loss (training) 0.1760, current loss (val) 0.1690, best loss (val) 0.1526 
Epoch 374, current loss (training) 0.1784, current loss (val) 0.1817, best loss (val) 0.1526 
Epoch 375, current loss (training) 0.1648, current loss (val) 0.1602, best loss (val) 0.1526 
Epoch 376, current loss (training) 0.1704, current loss (val) 0.1623, best loss (val) 0.1526 
Epoch 377, current loss (training) 0.1536, current loss (val) 0.1560, best loss (val) 0.1526 
Epoch 378, current loss (training) 0.1598, current loss (val) 0.1567, best loss (val) 0.1526 
Epoch 379, current loss (training) 0.1861, current loss (val) 0.1811, best loss (val) 0.1526 
Epoch 380, current loss (training) 0.8531, current loss (val) 0.8295, best loss (val) 0.1526 
Epoch 381, current loss (training) 0.1826, current loss (val) 0.1718, best loss (val) 0.1526 
Epoch 382, current loss (training) 0.1586, current loss (val) 0.1624, best loss (val) 0.1526 
Epoch 383, current loss (training) 0.1661, current loss (val) 0.1650, best loss (val) 0.1526 
Epoch 384, current loss (training) 0.1597, current loss (val) 0.1568, best loss (val) 0.1526 
Epoch 385, current loss (training) 0.1569, current loss (val) 0.1554, best loss (val) 0.1526 
Epoch 386, current loss (training) 0.1651, current loss (val) 0.1583, best loss (val) 0.1526 
Epoch 387, current loss (training) 0.1722, current loss (val) 0.1667, best loss (val) 0.1526 
Epoch 388, current loss (training) 0.1613, current loss (val) 0.1602, best loss (val) 0.1526 
Epoch 389, current loss (training) 0.1580, current loss (val) 0.1582, best loss (val) 0.1526 
Epoch 390, current loss (training) 0.1582, current loss (val) 0.1503, best loss (val) 0.1503 
Epoch 391, current loss (training) 0.1518, current loss (val) 0.1495, best loss (val) 0.1495 
Epoch 392, current loss (training) 0.1837, current loss (val) 0.1663, best loss (val) 0.1495 
Epoch 393, current loss (training) 0.2356, current loss (val) 0.2192, best loss (val) 0.1495 
Epoch 394, current loss (training) 0.3528, current loss (val) 0.1802, best loss (val) 0.1495 
Epoch 395, current loss (training) 0.1638, current loss (val) 0.1591, best loss (val) 0.1495 
Epoch 396, current loss (training) 0.1574, current loss (val) 0.1591, best loss (val) 0.1495 
Epoch 397, current loss (training) 0.2092, current loss (val) 0.2295, best loss (val) 0.1495 
Epoch 398, current loss (training) 0.1622, current loss (val) 0.1610, best loss (val) 0.1495 
Epoch 399, current loss (training) 0.1636, current loss (val) 0.1588, best loss (val) 0.1495 
Epoch 400, current loss (training) 0.1688, current loss (val) 0.1523, best loss (val) 0.1495 
Epoch 401, current loss (training) 0.1786, current loss (val) 0.1755, best loss (val) 0.1495 
Epoch 402, current loss (training) 0.1597, current loss (val) 0.1624, best loss (val) 0.1495 
Epoch 403, current loss (training) 0.2307, current loss (val) 0.2272, best loss (val) 0.1495 
Epoch 404, current loss (training) 0.2063, current loss (val) 0.1797, best loss (val) 0.1495 
Epoch 405, current loss (training) 0.1649, current loss (val) 0.1571, best loss (val) 0.1495 
Epoch 406, current loss (training) 0.1678, current loss (val) 0.1699, best loss (val) 0.1495 
Epoch 407, current loss (training) 0.1635, current loss (val) 0.1625, best loss (val) 0.1495 
Epoch 408, current loss (training) 0.1581, current loss (val) 0.1563, best loss (val) 0.1495 
Epoch 409, current loss (training) 0.1761, current loss (val) 0.1718, best loss (val) 0.1495 
Epoch 410, current loss (training) 0.1571, current loss (val) 0.1572, best loss (val) 0.1495 
Epoch 411, current loss (training) 0.1641, current loss (val) 0.1561, best loss (val) 0.1495 
Epoch 412, current loss (training) 0.1638, current loss (val) 0.1585, best loss (val) 0.1495 
Epoch 413, current loss (training) 0.1486, current loss (val) 0.1548, best loss (val) 0.1495 
Epoch 414, current loss (training) 0.1674, current loss (val) 0.1821, best loss (val) 0.1495 
Epoch 415, current loss (training) 0.2237, current loss (val) 0.2179, best loss (val) 0.1495 
Epoch 416, current loss (training) 0.1656, current loss (val) 0.1620, best loss (val) 0.1495 
Epoch 417, current loss (training) 0.1606, current loss (val) 0.1601, best loss (val) 0.1495 
Epoch 418, current loss (training) 0.1589, current loss (val) 0.1649, best loss (val) 0.1495 
Epoch 419, current loss (training) 0.1581, current loss (val) 0.1532, best loss (val) 0.1495 
Epoch 420, current loss (training) 0.1454, current loss (val) 0.1511, best loss (val) 0.1495 
Epoch 421, current loss (training) 0.1558, current loss (val) 0.1486, best loss (val) 0.1486 
Epoch 422, current loss (training) 0.1663, current loss (val) 0.1870, best loss (val) 0.1486 
Epoch 423, current loss (training) 0.1910, current loss (val) 0.1642, best loss (val) 0.1486 
Epoch 424, current loss (training) 0.1504, current loss (val) 0.1580, best loss (val) 0.1486 
Epoch 425, current loss (training) 0.1775, current loss (val) 0.1570, best loss (val) 0.1486 
Epoch 426, current loss (training) 0.2456, current loss (val) 0.1652, best loss (val) 0.1486 
Epoch 427, current loss (training) 0.1568, current loss (val) 0.1506, best loss (val) 0.1486 
Epoch 428, current loss (training) 0.1637, current loss (val) 0.1594, best loss (val) 0.1486 
Epoch 429, current loss (training) 0.1954, current loss (val) 0.1803, best loss (val) 0.1486 
Epoch 430, current loss (training) 0.1721, current loss (val) 0.1652, best loss (val) 0.1486 
Epoch 431, current loss (training) 0.2093, current loss (val) 0.2130, best loss (val) 0.1486 
Epoch 432, current loss (training) 0.1638, current loss (val) 0.1683, best loss (val) 0.1486 
Epoch 433, current loss (training) 0.1564, current loss (val) 0.1570, best loss (val) 0.1486 
Epoch 434, current loss (training) 0.1684, current loss (val) 0.1691, best loss (val) 0.1486 
Epoch 435, current loss (training) 0.1552, current loss (val) 0.1564, best loss (val) 0.1486 
Epoch 436, current loss (training) 0.1891, current loss (val) 0.1889, best loss (val) 0.1486 
Epoch 437, current loss (training) 0.1577, current loss (val) 0.1613, best loss (val) 0.1486 
Epoch 438, current loss (training) 0.1774, current loss (val) 0.1606, best loss (val) 0.1486 
Epoch 439, current loss (training) 0.1480, current loss (val) 0.1541, best loss (val) 0.1486 
Epoch 440, current loss (training) 0.1679, current loss (val) 0.1607, best loss (val) 0.1486 
Epoch 441, current loss (training) 0.2819, current loss (val) 0.1795, best loss (val) 0.1486 
Epoch 442, current loss (training) 0.1612, current loss (val) 0.1539, best loss (val) 0.1486 
Epoch 443, current loss (training) 0.1686, current loss (val) 0.1755, best loss (val) 0.1486 
Epoch 444, current loss (training) 0.1579, current loss (val) 0.1543, best loss (val) 0.1486 
Epoch 445, current loss (training) 0.1677, current loss (val) 0.1661, best loss (val) 0.1486 
Epoch 446, current loss (training) 0.1460, current loss (val) 0.1469, best loss (val) 0.1469 
Epoch 447, current loss (training) 0.1557, current loss (val) 0.1452, best loss (val) 0.1452 
Epoch 448, current loss (training) 0.1519, current loss (val) 0.1490, best loss (val) 0.1452 
Epoch 449, current loss (training) 0.1492, current loss (val) 0.1475, best loss (val) 0.1452 
Epoch 450, current loss (training) 0.1454, current loss (val) 0.1433, best loss (val) 0.1433 
Epoch 451, current loss (training) 0.3397, current loss (val) 0.1882, best loss (val) 0.1433 
Epoch 452, current loss (training) 0.1605, current loss (val) 0.1601, best loss (val) 0.1433 
Epoch 453, current loss (training) 0.1584, current loss (val) 0.1525, best loss (val) 0.1433 
Epoch 454, current loss (training) 0.1527, current loss (val) 0.1449, best loss (val) 0.1433 
Epoch 455, current loss (training) 0.1536, current loss (val) 0.1558, best loss (val) 0.1433 
Epoch 456, current loss (training) 0.1557, current loss (val) 0.1486, best loss (val) 0.1433 
Epoch 457, current loss (training) 0.1718, current loss (val) 0.1693, best loss (val) 0.1433 
Epoch 458, current loss (training) 0.1769, current loss (val) 0.1640, best loss (val) 0.1433 
Epoch 459, current loss (training) 0.1518, current loss (val) 0.1464, best loss (val) 0.1433 
Epoch 460, current loss (training) 0.1437, current loss (val) 0.1460, best loss (val) 0.1433 
Epoch 461, current loss (training) 0.2392, current loss (val) 0.1488, best loss (val) 0.1433 
Epoch 462, current loss (training) 0.1567, current loss (val) 0.1568, best loss (val) 0.1433 
Epoch 463, current loss (training) 0.1967, current loss (val) 0.1778, best loss (val) 0.1433 
Epoch 464, current loss (training) 0.1687, current loss (val) 0.1640, best loss (val) 0.1433 
Epoch 465, current loss (training) 0.1510, current loss (val) 0.1496, best loss (val) 0.1433 
Epoch 466, current loss (training) 0.1511, current loss (val) 0.1475, best loss (val) 0.1433 
Epoch 467, current loss (training) 0.1632, current loss (val) 0.1507, best loss (val) 0.1433 
Epoch 468, current loss (training) 0.1608, current loss (val) 0.1504, best loss (val) 0.1433 
Epoch 469, current loss (training) 0.1551, current loss (val) 0.1435, best loss (val) 0.1433 
Epoch 470, current loss (training) 0.1492, current loss (val) 0.1487, best loss (val) 0.1433 
Epoch 471, current loss (training) 0.2345, current loss (val) 0.2552, best loss (val) 0.1433 
Epoch 472, current loss (training) 0.1503, current loss (val) 0.1478, best loss (val) 0.1433 
Epoch 473, current loss (training) 0.1572, current loss (val) 0.1627, best loss (val) 0.1433 
Epoch 474, current loss (training) 0.2800, current loss (val) 0.2644, best loss (val) 0.1433 
Epoch 475, current loss (training) 0.1458, current loss (val) 0.1487, best loss (val) 0.1433 
Epoch 476, current loss (training) 0.1509, current loss (val) 0.1438, best loss (val) 0.1433 
Epoch 477, current loss (training) 0.1585, current loss (val) 0.1505, best loss (val) 0.1433 
Epoch 478, current loss (training) 0.1632, current loss (val) 0.1533, best loss (val) 0.1433 
Epoch 479, current loss (training) 0.1594, current loss (val) 0.1495, best loss (val) 0.1433 
Epoch 480, current loss (training) 0.1667, current loss (val) 0.1792, best loss (val) 0.1433 
Epoch 481, current loss (training) 0.2214, current loss (val) 0.2091, best loss (val) 0.1433 
Epoch 482, current loss (training) 0.2967, current loss (val) 0.2078, best loss (val) 0.1433 
Epoch 483, current loss (training) 0.4415, current loss (val) 0.1569, best loss (val) 0.1433 
Epoch 484, current loss (training) 0.1596, current loss (val) 0.1508, best loss (val) 0.1433 
Epoch 485, current loss (training) 0.1437, current loss (val) 0.1441, best loss (val) 0.1433 
Epoch 486, current loss (training) 0.1631, current loss (val) 0.1650, best loss (val) 0.1433 
Epoch 487, current loss (training) 0.1445, current loss (val) 0.1433, best loss (val) 0.1433 
Epoch 488, current loss (training) 0.1538, current loss (val) 0.1477, best loss (val) 0.1433 
Epoch 489, current loss (training) 0.1599, current loss (val) 0.1552, best loss (val) 0.1433 
Epoch 490, current loss (training) 0.1384, current loss (val) 0.1396, best loss (val) 0.1396 
Epoch 491, current loss (training) 0.1548, current loss (val) 0.1502, best loss (val) 0.1396 
Epoch 492, current loss (training) 0.1470, current loss (val) 0.1503, best loss (val) 0.1396 
Epoch 493, current loss (training) 0.1732, current loss (val) 0.1742, best loss (val) 0.1396 
Epoch 494, current loss (training) 0.1955, current loss (val) 0.1909, best loss (val) 0.1396 
Epoch 495, current loss (training) 0.1425, current loss (val) 0.1424, best loss (val) 0.1396 
Epoch 496, current loss (training) 0.1469, current loss (val) 0.1403, best loss (val) 0.1396 
Epoch 497, current loss (training) 0.5073, current loss (val) 0.5563, best loss (val) 0.1396 
Epoch 498, current loss (training) 0.1595, current loss (val) 0.1642, best loss (val) 0.1396 
Epoch 499, current loss (training) 0.1552, current loss (val) 0.1514, best loss (val) 0.1396 
Epoch 500, current loss (training) 0.1583, current loss (val) 0.1502, best loss (val) 0.1396 
run_time_first_training_cycle:  458.05 

Epochs 500, batch size, 200
Nbr training obs 100000, nbr parameters 25454, obs/parameters 3.93

Starting abc-rs
Percentage done:  10.00 %
Percentage done:  20.00 %
Percentage done:  30.00 %
Percentage done:  40.00 %
Percentage done:  50.00 %
Percentage done:  60.00 %
Percentage done:  70.00 %
Percentage done:  80.00 %
Percentage done:  90.00 %
Percentage done:  100.00 %
Ending abc-rs
end script
Round:1
Round:5
Starting abc-rs
Percentage done:  10.00 %
Percentage done:  20.00 %
Percentage done:  30.00 %
Percentage done:  40.00 %
Percentage done:  50.00 %
Percentage done:  60.00 %
Percentage done:  70.00 %
Percentage done:  80.00 %
Percentage done:  90.00 %
Percentage done:  100.00 %
Ending abc-rs
  5.240279 seconds (4.95 M allocations: 808.915 MiB, 4.41% gc time)
Round:9
Starting abc-rs
Percentage done:  10.00 %
Percentage done:  20.00 %
Percentage done:  30.00 %
Percentage done:  40.00 %
Percentage done:  50.00 %
Percentage done:  60.00 %
Percentage done:  70.00 %
Percentage done:  80.00 %
Percentage done:  90.00 %
Percentage done:  100.00 %
Ending abc-rs
  5.065479 seconds (4.60 M allocations: 791.936 MiB, 4.40% gc time)
Round:13
Starting abc-rs
Percentage done:  10.00 %
Percentage done:  20.00 %
Percentage done:  30.00 %
Percentage done:  40.00 %
Percentage done:  50.00 %
Percentage done:  60.00 %
Percentage done:  70.00 %
Percentage done:  80.00 %
Percentage done:  90.00 %
Percentage done:  100.00 %
Ending abc-rs
  5.065648 seconds (4.60 M allocations: 791.936 MiB, 4.40% gc time)
Round:17
Starting abc-rs
Percentage done:  10.00 %
Percentage done:  20.00 %
Percentage done:  30.00 %
Percentage done:  40.00 %
Percentage done:  50.00 %
Percentage done:  60.00 %
Percentage done:  70.00 %
Percentage done:  80.00 %
Percentage done:  90.00 %
Percentage done:  100.00 %
Ending abc-rs
  5.052025 seconds (4.60 M allocations: 791.936 MiB, 4.33% gc time)
Round:21
Starting abc-rs
Percentage done:  10.00 %
Percentage done:  20.00 %
Percentage done:  30.00 %
Percentage done:  40.00 %
Percentage done:  50.00 %
Percentage done:  60.00 %
Percentage done:  70.00 %
Percentage done:  80.00 %
Percentage done:  90.00 %
Percentage done:  100.00 %
Ending abc-rs
  5.042008 seconds (4.60 M allocations: 791.936 MiB, 4.35% gc time)
Round:25
Starting abc-rs
Percentage done:  10.00 %
Percentage done:  20.00 %
Percentage done:  30.00 %
Percentage done:  40.00 %
Percentage done:  50.00 %
Percentage done:  60.00 %
Percentage done:  70.00 %
Percentage done:  80.00 %
Percentage done:  90.00 %
Percentage done:  100.00 %
Ending abc-rs
  5.048947 seconds (4.60 M allocations: 791.936 MiB, 4.36% gc time)
Round:29
Starting abc-rs
Percentage done:  10.00 %
Percentage done:  20.00 %
Percentage done:  30.00 %
Percentage done:  40.00 %
Percentage done:  50.00 %
Percentage done:  60.00 %
Percentage done:  70.00 %
Percentage done:  80.00 %
Percentage done:  90.00 %
Percentage done:  100.00 %
Ending abc-rs
  5.054416 seconds (4.60 M allocations: 791.936 MiB, 4.38% gc time)
Round:33
Starting abc-rs
Percentage done:  10.00 %
Percentage done:  20.00 %
Percentage done:  30.00 %
Percentage done:  40.00 %
Percentage done:  50.00 %
Percentage done:  60.00 %
Percentage done:  70.00 %
Percentage done:  80.00 %
Percentage done:  90.00 %
Percentage done:  100.00 %
Ending abc-rs
  5.061404 seconds (4.60 M allocations: 791.936 MiB, 4.37% gc time)
Round:37
Starting abc-rs
Percentage done:  10.00 %
Percentage done:  20.00 %
Percentage done:  30.00 %
Percentage done:  40.00 %
Percentage done:  50.00 %
Percentage done:  60.00 %
Percentage done:  70.00 %
Percentage done:  80.00 %
Percentage done:  90.00 %
Percentage done:  100.00 %
Ending abc-rs
  5.055487 seconds (4.60 M allocations: 791.936 MiB, 4.34% gc time)
Round:41
Starting abc-rs
Percentage done:  10.00 %
Percentage done:  20.00 %
Percentage done:  30.00 %
Percentage done:  40.00 %
Percentage done:  50.00 %
Percentage done:  60.00 %
Percentage done:  70.00 %
Percentage done:  80.00 %
Percentage done:  90.00 %
Percentage done:  100.00 %
Ending abc-rs
  5.042426 seconds (4.60 M allocations: 791.936 MiB, 4.35% gc time)
Round:45
Starting abc-rs
Percentage done:  10.00 %
Percentage done:  20.00 %
Percentage done:  30.00 %
Percentage done:  40.00 %
Percentage done:  50.00 %
Percentage done:  60.00 %
Percentage done:  70.00 %
Percentage done:  80.00 %
Percentage done:  90.00 %
Percentage done:  100.00 %
Ending abc-rs
  5.061578 seconds (4.60 M allocations: 791.936 MiB, 4.36% gc time)
Round:49
Starting abc-rs
Percentage done:  10.00 %
Percentage done:  20.00 %
Percentage done:  30.00 %
Percentage done:  40.00 %
Percentage done:  50.00 %
Percentage done:  60.00 %
Percentage done:  70.00 %
Percentage done:  80.00 %
Percentage done:  90.00 %
Percentage done:  100.00 %
Ending abc-rs
  5.043305 seconds (4.60 M allocations: 791.936 MiB, 4.31% gc time)
Round:53
Starting abc-rs
Percentage done:  10.00 %
Percentage done:  20.00 %
Percentage done:  30.00 %
Percentage done:  40.00 %
Percentage done:  50.00 %
Percentage done:  60.00 %
Percentage done:  70.00 %
Percentage done:  80.00 %
Percentage done:  90.00 %
Percentage done:  100.00 %
Ending abc-rs
  5.036150 seconds (4.60 M allocations: 791.936 MiB, 4.33% gc time)
Round:57
Starting abc-rs
Percentage done:  10.00 %
Percentage done:  20.00 %
Percentage done:  30.00 %
Percentage done:  40.00 %
Percentage done:  50.00 %
Percentage done:  60.00 %
Percentage done:  70.00 %
Percentage done:  80.00 %
Percentage done:  90.00 %
Percentage done:  100.00 %
Ending abc-rs
  5.038375 seconds (4.60 M allocations: 791.936 MiB, 4.30% gc time)
Round:61
Starting abc-rs
Percentage done:  10.00 %
Percentage done:  20.00 %
Percentage done:  30.00 %
Percentage done:  40.00 %
Percentage done:  50.00 %
Percentage done:  60.00 %
Percentage done:  70.00 %
Percentage done:  80.00 %
Percentage done:  90.00 %
Percentage done:  100.00 %
Ending abc-rs
  5.027409 seconds (4.60 M allocations: 791.936 MiB, 4.34% gc time)
Round:65
Starting abc-rs
Percentage done:  10.00 %
Percentage done:  20.00 %
Percentage done:  30.00 %
Percentage done:  40.00 %
Percentage done:  50.00 %
Percentage done:  60.00 %
Percentage done:  70.00 %
Percentage done:  80.00 %
Percentage done:  90.00 %
Percentage done:  100.00 %
Ending abc-rs
  5.022505 seconds (4.60 M allocations: 791.936 MiB, 4.30% gc time)
Round:69
Starting abc-rs
Percentage done:  10.00 %
Percentage done:  20.00 %
Percentage done:  30.00 %
Percentage done:  40.00 %
Percentage done:  50.00 %
Percentage done:  60.00 %
Percentage done:  70.00 %
Percentage done:  80.00 %
Percentage done:  90.00 %
Percentage done:  100.00 %
Ending abc-rs
  5.049788 seconds (4.60 M allocations: 791.936 MiB, 4.31% gc time)
Round:73
Starting abc-rs
Percentage done:  10.00 %
Percentage done:  20.00 %
Percentage done:  30.00 %
Percentage done:  40.00 %
Percentage done:  50.00 %
Percentage done:  60.00 %
Percentage done:  70.00 %
Percentage done:  80.00 %
Percentage done:  90.00 %
Percentage done:  100.00 %
Ending abc-rs
  5.045657 seconds (4.60 M allocations: 791.936 MiB, 4.29% gc time)
Round:77
Starting abc-rs
Percentage done:  10.00 %
Percentage done:  20.00 %
Percentage done:  30.00 %
Percentage done:  40.00 %
Percentage done:  50.00 %
Percentage done:  60.00 %
Percentage done:  70.00 %
Percentage done:  80.00 %
Percentage done:  90.00 %
Percentage done:  100.00 %
Ending abc-rs
  5.037293 seconds (4.60 M allocations: 791.936 MiB, 4.32% gc time)
Round:81
Starting abc-rs
Percentage done:  10.00 %
Percentage done:  20.00 %
Percentage done:  30.00 %
Percentage done:  40.00 %
Percentage done:  50.00 %
Percentage done:  60.00 %
Percentage done:  70.00 %
Percentage done:  80.00 %
Percentage done:  90.00 %
Percentage done:  100.00 %
Ending abc-rs
  5.016113 seconds (4.60 M allocations: 791.936 MiB, 4.28% gc time)
Round:85
Starting abc-rs
Percentage done:  10.00 %
Percentage done:  20.00 %
Percentage done:  30.00 %
Percentage done:  40.00 %
Percentage done:  50.00 %
Percentage done:  60.00 %
Percentage done:  70.00 %
Percentage done:  80.00 %
Percentage done:  90.00 %
Percentage done:  100.00 %
Ending abc-rs
  5.017069 seconds (4.60 M allocations: 791.936 MiB, 4.31% gc time)
Round:89
Starting abc-rs
Percentage done:  10.00 %
Percentage done:  20.00 %
Percentage done:  30.00 %
Percentage done:  40.00 %
Percentage done:  50.00 %
Percentage done:  60.00 %
Percentage done:  70.00 %
Percentage done:  80.00 %
Percentage done:  90.00 %
Percentage done:  100.00 %
Ending abc-rs
  5.029488 seconds (4.60 M allocations: 791.936 MiB, 4.30% gc time)
Round:93
Starting abc-rs
Percentage done:  10.00 %
Percentage done:  20.00 %
Percentage done:  30.00 %
Percentage done:  40.00 %
Percentage done:  50.00 %
Percentage done:  60.00 %
Percentage done:  70.00 %
Percentage done:  80.00 %
Percentage done:  90.00 %
Percentage done:  100.00 %
Ending abc-rs
  5.030298 seconds (4.60 M allocations: 791.936 MiB, 4.23% gc time)
Round:97
Starting abc-rs
Percentage done:  10.00 %
Percentage done:  20.00 %
Percentage done:  30.00 %
Percentage done:  40.00 %
Percentage done:  50.00 %
Percentage done:  60.00 %
Percentage done:  70.00 %
Percentage done:  80.00 %
Percentage done:  90.00 %
Percentage done:  100.00 %
Ending abc-rs
  5.047102 seconds (4.60 M allocations: 791.936 MiB, 4.26% gc time)
Round:101
Starting abc-rs
Percentage done:  10.00 %
Percentage done:  20.00 %
Percentage done:  30.00 %
Percentage done:  40.00 %
Percentage done:  50.00 %
Percentage done:  60.00 %
Percentage done:  70.00 %
Percentage done:  80.00 %
Percentage done:  90.00 %
Percentage done:  100.00 %
Ending abc-rs
  5.055448 seconds (4.60 M allocations: 791.936 MiB, 4.32% gc time)
Round:105
Starting abc-rs
Percentage done:  10.00 %
Percentage done:  20.00 %
Percentage done:  30.00 %
Percentage done:  40.00 %
Percentage done:  50.00 %
Percentage done:  60.00 %
Percentage done:  70.00 %
Percentage done:  80.00 %
Percentage done:  90.00 %
Percentage done:  100.00 %
Ending abc-rs
  5.037695 seconds (4.60 M allocations: 791.936 MiB, 4.63% gc time)
Round:109
Starting abc-rs
Percentage done:  10.00 %
Percentage done:  20.00 %
Percentage done:  30.00 %
Percentage done:  40.00 %
Percentage done:  50.00 %
Percentage done:  60.00 %
Percentage done:  70.00 %
Percentage done:  80.00 %
Percentage done:  90.00 %
Percentage done:  100.00 %
Ending abc-rs
  4.983221 seconds (4.60 M allocations: 791.936 MiB, 4.39% gc time)
Round:113
Starting abc-rs
Percentage done:  10.00 %
Percentage done:  20.00 %
Percentage done:  30.00 %
Percentage done:  40.00 %
Percentage done:  50.00 %
Percentage done:  60.00 %
Percentage done:  70.00 %
Percentage done:  80.00 %
Percentage done:  90.00 %
Percentage done:  100.00 %
Ending abc-rs
  4.982068 seconds (4.60 M allocations: 791.936 MiB, 4.54% gc time)
Round:117
Starting abc-rs
Percentage done:  10.00 %
Percentage done:  20.00 %
Percentage done:  30.00 %
Percentage done:  40.00 %
Percentage done:  50.00 %
Percentage done:  60.00 %
Percentage done:  70.00 %
Percentage done:  80.00 %
Percentage done:  90.00 %
Percentage done:  100.00 %
Ending abc-rs
  4.991949 seconds (4.60 M allocations: 791.936 MiB, 4.44% gc time)
Round:121
Starting abc-rs
Percentage done:  10.00 %
Percentage done:  20.00 %
Percentage done:  30.00 %
Percentage done:  40.00 %
Percentage done:  50.00 %
Percentage done:  60.00 %
Percentage done:  70.00 %
Percentage done:  80.00 %
Percentage done:  90.00 %
Percentage done:  100.00 %
Ending abc-rs
  4.983900 seconds (4.60 M allocations: 791.936 MiB, 4.40% gc time)
Round:125
Starting abc-rs
Percentage done:  10.00 %
Percentage done:  20.00 %
Percentage done:  30.00 %
Percentage done:  40.00 %
Percentage done:  50.00 %
Percentage done:  60.00 %
Percentage done:  70.00 %
Percentage done:  80.00 %
Percentage done:  90.00 %
Percentage done:  100.00 %
Ending abc-rs
  4.989002 seconds (4.60 M allocations: 791.936 MiB, 4.42% gc time)
Round:129
Starting abc-rs
Percentage done:  10.00 %
Percentage done:  20.00 %
Percentage done:  30.00 %
Percentage done:  40.00 %
Percentage done:  50.00 %
Percentage done:  60.00 %
Percentage done:  70.00 %
Percentage done:  80.00 %
Percentage done:  90.00 %
Percentage done:  100.00 %
Ending abc-rs
  4.986894 seconds (4.60 M allocations: 791.936 MiB, 4.41% gc time)
Round:133
Starting abc-rs
Percentage done:  10.00 %
Percentage done:  20.00 %
Percentage done:  30.00 %
Percentage done:  40.00 %
Percentage done:  50.00 %
Percentage done:  60.00 %
Percentage done:  70.00 %
Percentage done:  80.00 %
Percentage done:  90.00 %
Percentage done:  100.00 %
Ending abc-rs
  4.975654 seconds (4.60 M allocations: 791.936 MiB, 4.42% gc time)
Round:137
Starting abc-rs
Percentage done:  10.00 %
Percentage done:  20.00 %
Percentage done:  30.00 %
Percentage done:  40.00 %
Percentage done:  50.00 %
Percentage done:  60.00 %
Percentage done:  70.00 %
Percentage done:  80.00 %
Percentage done:  90.00 %
Percentage done:  100.00 %
Ending abc-rs
  4.971568 seconds (4.60 M allocations: 791.936 MiB, 4.42% gc time)
Round:141
Starting abc-rs
Percentage done:  10.00 %
Percentage done:  20.00 %
Percentage done:  30.00 %
Percentage done:  40.00 %
Percentage done:  50.00 %
Percentage done:  60.00 %
Percentage done:  70.00 %
Percentage done:  80.00 %
Percentage done:  90.00 %
Percentage done:  100.00 %
Ending abc-rs
  4.983130 seconds (4.60 M allocations: 791.936 MiB, 4.41% gc time)
Round:145
Starting abc-rs
Percentage done:  10.00 %
Percentage done:  20.00 %
Percentage done:  30.00 %
Percentage done:  40.00 %
Percentage done:  50.00 %
Percentage done:  60.00 %
Percentage done:  70.00 %
Percentage done:  80.00 %
Percentage done:  90.00 %
Percentage done:  100.00 %
Ending abc-rs
  4.991931 seconds (4.60 M allocations: 791.936 MiB, 4.41% gc time)
Round:149
Starting abc-rs
Percentage done:  10.00 %
Percentage done:  20.00 %
Percentage done:  30.00 %
Percentage done:  40.00 %
Percentage done:  50.00 %
Percentage done:  60.00 %
Percentage done:  70.00 %
Percentage done:  80.00 %
Percentage done:  90.00 %
Percentage done:  100.00 %
Ending abc-rs
  4.996251 seconds (4.60 M allocations: 791.936 MiB, 4.46% gc time)
Round:153
Starting abc-rs
Percentage done:  10.00 %
Percentage done:  20.00 %
Percentage done:  30.00 %
Percentage done:  40.00 %
Percentage done:  50.00 %
Percentage done:  60.00 %
Percentage done:  70.00 %
Percentage done:  80.00 %
Percentage done:  90.00 %
Percentage done:  100.00 %
Ending abc-rs
  5.054515 seconds (4.60 M allocations: 791.936 MiB, 4.50% gc time)
Round:157
Starting abc-rs
Percentage done:  10.00 %
Percentage done:  20.00 %
Percentage done:  30.00 %
Percentage done:  40.00 %
Percentage done:  50.00 %
Percentage done:  60.00 %
Percentage done:  70.00 %
Percentage done:  80.00 %
Percentage done:  90.00 %
Percentage done:  100.00 %
Ending abc-rs
  4.982752 seconds (4.60 M allocations: 791.936 MiB, 4.40% gc time)
Round:161
Starting abc-rs
Percentage done:  10.00 %
Percentage done:  20.00 %
Percentage done:  30.00 %
Percentage done:  40.00 %
Percentage done:  50.00 %
Percentage done:  60.00 %
Percentage done:  70.00 %
Percentage done:  80.00 %
Percentage done:  90.00 %
Percentage done:  100.00 %
Ending abc-rs
  4.989483 seconds (4.60 M allocations: 791.936 MiB, 4.39% gc time)
Round:165
Starting abc-rs
Percentage done:  10.00 %
Percentage done:  20.00 %
Percentage done:  30.00 %
Percentage done:  40.00 %
Percentage done:  50.00 %
Percentage done:  60.00 %
Percentage done:  70.00 %
Percentage done:  80.00 %
Percentage done:  90.00 %
Percentage done:  100.00 %
Ending abc-rs
  4.978702 seconds (4.60 M allocations: 791.936 MiB, 4.41% gc time)
Round:169
Starting abc-rs
Percentage done:  10.00 %
Percentage done:  20.00 %
Percentage done:  30.00 %
Percentage done:  40.00 %
Percentage done:  50.00 %
Percentage done:  60.00 %
Percentage done:  70.00 %
Percentage done:  80.00 %
Percentage done:  90.00 %
Percentage done:  100.00 %
Ending abc-rs
  4.989477 seconds (4.60 M allocations: 791.936 MiB, 4.39% gc time)
Round:173
Starting abc-rs
Percentage done:  10.00 %
Percentage done:  20.00 %
Percentage done:  30.00 %
Percentage done:  40.00 %
Percentage done:  50.00 %
Percentage done:  60.00 %
Percentage done:  70.00 %
Percentage done:  80.00 %
Percentage done:  90.00 %
Percentage done:  100.00 %
Ending abc-rs
  4.990670 seconds (4.60 M allocations: 791.936 MiB, 4.40% gc time)
Round:177
Starting abc-rs
Percentage done:  10.00 %
Percentage done:  20.00 %
Percentage done:  30.00 %
Percentage done:  40.00 %
Percentage done:  50.00 %
Percentage done:  60.00 %
Percentage done:  70.00 %
Percentage done:  80.00 %
Percentage done:  90.00 %
Percentage done:  100.00 %
Ending abc-rs
  4.970862 seconds (4.60 M allocations: 791.936 MiB, 4.40% gc time)
Round:181
Starting abc-rs
Percentage done:  10.00 %
Percentage done:  20.00 %
Percentage done:  30.00 %
Percentage done:  40.00 %
Percentage done:  50.00 %
Percentage done:  60.00 %
Percentage done:  70.00 %
Percentage done:  80.00 %
Percentage done:  90.00 %
Percentage done:  100.00 %
Ending abc-rs
  4.989203 seconds (4.60 M allocations: 791.936 MiB, 4.40% gc time)
Round:185
Starting abc-rs
Percentage done:  10.00 %
Percentage done:  20.00 %
Percentage done:  30.00 %
Percentage done:  40.00 %
Percentage done:  50.00 %
Percentage done:  60.00 %
Percentage done:  70.00 %
Percentage done:  80.00 %
Percentage done:  90.00 %
Percentage done:  100.00 %
Ending abc-rs
  4.982909 seconds (4.60 M allocations: 791.936 MiB, 4.43% gc time)
Round:189
Starting abc-rs
Percentage done:  10.00 %
Percentage done:  20.00 %
Percentage done:  30.00 %
Percentage done:  40.00 %
Percentage done:  50.00 %
Percentage done:  60.00 %
Percentage done:  70.00 %
Percentage done:  80.00 %
Percentage done:  90.00 %
Percentage done:  100.00 %
Ending abc-rs
  4.978300 seconds (4.60 M allocations: 791.936 MiB, 4.41% gc time)
Round:193
Starting abc-rs
Percentage done:  10.00 %
Percentage done:  20.00 %
Percentage done:  30.00 %
Percentage done:  40.00 %
Percentage done:  50.00 %
Percentage done:  60.00 %
Percentage done:  70.00 %
Percentage done:  80.00 %
Percentage done:  90.00 %
Percentage done:  100.00 %
Ending abc-rs
  4.981944 seconds (4.60 M allocations: 791.936 MiB, 4.40% gc time)
Round:197
Starting abc-rs
Percentage done:  10.00 %
Percentage done:  20.00 %
Percentage done:  30.00 %
Percentage done:  40.00 %
Percentage done:  50.00 %
Percentage done:  60.00 %
Percentage done:  70.00 %
Percentage done:  80.00 %
Percentage done:  90.00 %
Percentage done:  100.00 %
Ending abc-rs
  4.979872 seconds (4.60 M allocations: 791.936 MiB, 4.41% gc time)
Round:201
Starting abc-rs
Percentage done:  10.00 %
Percentage done:  20.00 %
Percentage done:  30.00 %
Percentage done:  40.00 %
Percentage done:  50.00 %
Percentage done:  60.00 %
Percentage done:  70.00 %
Percentage done:  80.00 %
Percentage done:  90.00 %
Percentage done:  100.00 %
Ending abc-rs
  4.990235 seconds (4.60 M allocations: 791.936 MiB, 4.38% gc time)
Round:205
Starting abc-rs
Percentage done:  10.00 %
Percentage done:  20.00 %
Percentage done:  30.00 %
Percentage done:  40.00 %
Percentage done:  50.00 %
Percentage done:  60.00 %
Percentage done:  70.00 %
Percentage done:  80.00 %
Percentage done:  90.00 %
Percentage done:  100.00 %
Ending abc-rs
  4.981213 seconds (4.60 M allocations: 791.936 MiB, 4.39% gc time)
Round:209
Starting abc-rs
Percentage done:  10.00 %
Percentage done:  20.00 %
Percentage done:  30.00 %
Percentage done:  40.00 %
Percentage done:  50.00 %
Percentage done:  60.00 %
Percentage done:  70.00 %
Percentage done:  80.00 %
Percentage done:  90.00 %
Percentage done:  100.00 %
Ending abc-rs
  4.981887 seconds (4.60 M allocations: 791.936 MiB, 4.40% gc time)
Round:213
Starting abc-rs
Percentage done:  10.00 %
Percentage done:  20.00 %
Percentage done:  30.00 %
Percentage done:  40.00 %
Percentage done:  50.00 %
Percentage done:  60.00 %
Percentage done:  70.00 %
Percentage done:  80.00 %
Percentage done:  90.00 %
Percentage done:  100.00 %
Ending abc-rs
  4.984580 seconds (4.60 M allocations: 791.936 MiB, 4.40% gc time)
Round:217
Starting abc-rs
Percentage done:  10.00 %
Percentage done:  20.00 %
Percentage done:  30.00 %
Percentage done:  40.00 %
Percentage done:  50.00 %
Percentage done:  60.00 %
Percentage done:  70.00 %
Percentage done:  80.00 %
Percentage done:  90.00 %
Percentage done:  100.00 %
Ending abc-rs
  4.985599 seconds (4.60 M allocations: 791.936 MiB, 4.39% gc time)
Round:221
Starting abc-rs
Percentage done:  10.00 %
Percentage done:  20.00 %
Percentage done:  30.00 %
Percentage done:  40.00 %
Percentage done:  50.00 %
Percentage done:  60.00 %
Percentage done:  70.00 %
Percentage done:  80.00 %
Percentage done:  90.00 %
Percentage done:  100.00 %
Ending abc-rs
  4.989271 seconds (4.60 M allocations: 791.936 MiB, 4.40% gc time)
Round:225
Starting abc-rs
Percentage done:  10.00 %
Percentage done:  20.00 %
Percentage done:  30.00 %
Percentage done:  40.00 %
Percentage done:  50.00 %
Percentage done:  60.00 %
Percentage done:  70.00 %
Percentage done:  80.00 %
Percentage done:  90.00 %
Percentage done:  100.00 %
Ending abc-rs
  4.970666 seconds (4.60 M allocations: 791.936 MiB, 4.40% gc time)
Round:229
Starting abc-rs
Percentage done:  10.00 %
Percentage done:  20.00 %
Percentage done:  30.00 %
Percentage done:  40.00 %
Percentage done:  50.00 %
Percentage done:  60.00 %
Percentage done:  70.00 %
Percentage done:  80.00 %
Percentage done:  90.00 %
Percentage done:  100.00 %
Ending abc-rs
  4.980014 seconds (4.60 M allocations: 791.936 MiB, 4.40% gc time)
Round:233
Starting abc-rs
Percentage done:  10.00 %
Percentage done:  20.00 %
Percentage done:  30.00 %
Percentage done:  40.00 %
Percentage done:  50.00 %
Percentage done:  60.00 %
Percentage done:  70.00 %
Percentage done:  80.00 %
Percentage done:  90.00 %
Percentage done:  100.00 %
Ending abc-rs
  4.977281 seconds (4.60 M allocations: 791.936 MiB, 4.40% gc time)
Round:237
Starting abc-rs
Percentage done:  10.00 %
Percentage done:  20.00 %
Percentage done:  30.00 %
Percentage done:  40.00 %
Percentage done:  50.00 %
Percentage done:  60.00 %
Percentage done:  70.00 %
Percentage done:  80.00 %
Percentage done:  90.00 %
Percentage done:  100.00 %
Ending abc-rs
  5.074593 seconds (4.60 M allocations: 791.936 MiB, 4.33% gc time)
Round:241
Starting abc-rs
Percentage done:  10.00 %
Percentage done:  20.00 %
Percentage done:  30.00 %
Percentage done:  40.00 %
Percentage done:  50.00 %
Percentage done:  60.00 %
Percentage done:  70.00 %
Percentage done:  80.00 %
Percentage done:  90.00 %
Percentage done:  100.00 %
Ending abc-rs
  4.973247 seconds (4.60 M allocations: 791.936 MiB, 4.41% gc time)
Round:245
Starting abc-rs
Percentage done:  10.00 %
Percentage done:  20.00 %
Percentage done:  30.00 %
Percentage done:  40.00 %
Percentage done:  50.00 %
Percentage done:  60.00 %
Percentage done:  70.00 %
Percentage done:  80.00 %
Percentage done:  90.00 %
Percentage done:  100.00 %
Ending abc-rs
  4.980913 seconds (4.60 M allocations: 791.936 MiB, 4.40% gc time)
Round:249
Starting abc-rs
Percentage done:  10.00 %
Percentage done:  20.00 %
Percentage done:  30.00 %
Percentage done:  40.00 %
Percentage done:  50.00 %
Percentage done:  60.00 %
Percentage done:  70.00 %
Percentage done:  80.00 %
Percentage done:  90.00 %
Percentage done:  100.00 %
Ending abc-rs
  4.997377 seconds (4.60 M allocations: 791.936 MiB, 4.38% gc time)
Round:253
Starting abc-rs
Percentage done:  10.00 %
Percentage done:  20.00 %
Percentage done:  30.00 %
Percentage done:  40.00 %
Percentage done:  50.00 %
Percentage done:  60.00 %
Percentage done:  70.00 %
Percentage done:  80.00 %
Percentage done:  90.00 %
Percentage done:  100.00 %
Ending abc-rs
  4.989876 seconds (4.60 M allocations: 791.936 MiB, 4.39% gc time)
Round:257
Starting abc-rs
Percentage done:  10.00 %
Percentage done:  20.00 %
Percentage done:  30.00 %
Percentage done:  40.00 %
Percentage done:  50.00 %
Percentage done:  60.00 %
Percentage done:  70.00 %
Percentage done:  80.00 %
Percentage done:  90.00 %
Percentage done:  100.00 %
Ending abc-rs
  4.977563 seconds (4.60 M allocations: 791.936 MiB, 4.41% gc time)
Round:261
Starting abc-rs
Percentage done:  10.00 %
Percentage done:  20.00 %
Percentage done:  30.00 %
Percentage done:  40.00 %
Percentage done:  50.00 %
Percentage done:  60.00 %
Percentage done:  70.00 %
Percentage done:  80.00 %
Percentage done:  90.00 %
Percentage done:  100.00 %
Ending abc-rs
  4.974695 seconds (4.60 M allocations: 791.936 MiB, 4.41% gc time)
Round:265
Starting abc-rs
Percentage done:  10.00 %
Percentage done:  20.00 %
Percentage done:  30.00 %
Percentage done:  40.00 %
Percentage done:  50.00 %
Percentage done:  60.00 %
Percentage done:  70.00 %
Percentage done:  80.00 %
Percentage done:  90.00 %
Percentage done:  100.00 %
Ending abc-rs
  4.976469 seconds (4.60 M allocations: 791.936 MiB, 4.40% gc time)
Round:269
Starting abc-rs
Percentage done:  10.00 %
Percentage done:  20.00 %
Percentage done:  30.00 %
Percentage done:  40.00 %
Percentage done:  50.00 %
Percentage done:  60.00 %
Percentage done:  70.00 %
Percentage done:  80.00 %
Percentage done:  90.00 %
Percentage done:  100.00 %
Ending abc-rs
  4.977461 seconds (4.60 M allocations: 791.936 MiB, 4.41% gc time)
Round:273
Starting abc-rs
Percentage done:  10.00 %
Percentage done:  20.00 %
Percentage done:  30.00 %
Percentage done:  40.00 %
Percentage done:  50.00 %
Percentage done:  60.00 %
Percentage done:  70.00 %
Percentage done:  80.00 %
Percentage done:  90.00 %
Percentage done:  100.00 %
Ending abc-rs
  4.981807 seconds (4.60 M allocations: 791.936 MiB, 4.41% gc time)
Round:277
Starting abc-rs
Percentage done:  10.00 %
Percentage done:  20.00 %
Percentage done:  30.00 %
Percentage done:  40.00 %
Percentage done:  50.00 %
Percentage done:  60.00 %
Percentage done:  70.00 %
Percentage done:  80.00 %
Percentage done:  90.00 %
Percentage done:  100.00 %
Ending abc-rs
  5.006241 seconds (4.60 M allocations: 791.936 MiB, 4.37% gc time)
Round:281
Starting abc-rs
Percentage done:  10.00 %
Percentage done:  20.00 %
Percentage done:  30.00 %
Percentage done:  40.00 %
Percentage done:  50.00 %
Percentage done:  60.00 %
Percentage done:  70.00 %
Percentage done:  80.00 %
Percentage done:  90.00 %
Percentage done:  100.00 %
Ending abc-rs
  4.996565 seconds (4.60 M allocations: 791.936 MiB, 4.41% gc time)
Round:285
Starting abc-rs
Percentage done:  10.00 %
Percentage done:  20.00 %
Percentage done:  30.00 %
Percentage done:  40.00 %
Percentage done:  50.00 %
Percentage done:  60.00 %
Percentage done:  70.00 %
Percentage done:  80.00 %
Percentage done:  90.00 %
Percentage done:  100.00 %
Ending abc-rs
  5.008151 seconds (4.60 M allocations: 791.936 MiB, 4.38% gc time)
Round:289
Starting abc-rs
Percentage done:  10.00 %
Percentage done:  20.00 %
Percentage done:  30.00 %
Percentage done:  40.00 %
Percentage done:  50.00 %
Percentage done:  60.00 %
Percentage done:  70.00 %
Percentage done:  80.00 %
Percentage done:  90.00 %
Percentage done:  100.00 %
Ending abc-rs
  4.975925 seconds (4.60 M allocations: 791.936 MiB, 4.41% gc time)
Round:293
Starting abc-rs
Percentage done:  10.00 %
Percentage done:  20.00 %
Percentage done:  30.00 %
Percentage done:  40.00 %
Percentage done:  50.00 %
Percentage done:  60.00 %
Percentage done:  70.00 %
Percentage done:  80.00 %
Percentage done:  90.00 %
Percentage done:  100.00 %
Ending abc-rs
  4.985589 seconds (4.60 M allocations: 791.936 MiB, 4.46% gc time)
Round:297
Starting abc-rs
Percentage done:  10.00 %
Percentage done:  20.00 %
Percentage done:  30.00 %
Percentage done:  40.00 %
Percentage done:  50.00 %
Percentage done:  60.00 %
Percentage done:  70.00 %
Percentage done:  80.00 %
Percentage done:  90.00 %
Percentage done:  100.00 %
Ending abc-rs
  5.000057 seconds (4.60 M allocations: 791.936 MiB, 4.79% gc time)
Round:301
Starting abc-rs
Percentage done:  10.00 %
Percentage done:  20.00 %
Percentage done:  30.00 %
Percentage done:  40.00 %
Percentage done:  50.00 %
Percentage done:  60.00 %
Percentage done:  70.00 %
Percentage done:  80.00 %
Percentage done:  90.00 %
Percentage done:  100.00 %
Ending abc-rs
  4.990761 seconds (4.60 M allocations: 791.936 MiB, 4.40% gc time)
Round:305
Starting abc-rs
Percentage done:  10.00 %
Percentage done:  20.00 %
Percentage done:  30.00 %
Percentage done:  40.00 %
Percentage done:  50.00 %
Percentage done:  60.00 %
Percentage done:  70.00 %
Percentage done:  80.00 %
Percentage done:  90.00 %
Percentage done:  100.00 %
Ending abc-rs
  4.989105 seconds (4.60 M allocations: 791.936 MiB, 4.39% gc time)
Round:309
Starting abc-rs
Percentage done:  10.00 %
Percentage done:  20.00 %
Percentage done:  30.00 %
Percentage done:  40.00 %
Percentage done:  50.00 %
Percentage done:  60.00 %
Percentage done:  70.00 %
Percentage done:  80.00 %
Percentage done:  90.00 %
Percentage done:  100.00 %
Ending abc-rs
  4.995246 seconds (4.60 M allocations: 791.936 MiB, 4.52% gc time)
Round:313
Starting abc-rs
Percentage done:  10.00 %
Percentage done:  20.00 %
Percentage done:  30.00 %
Percentage done:  40.00 %
Percentage done:  50.00 %
Percentage done:  60.00 %
Percentage done:  70.00 %
Percentage done:  80.00 %
Percentage done:  90.00 %
Percentage done:  100.00 %
Ending abc-rs
  4.986242 seconds (4.60 M allocations: 791.936 MiB, 4.44% gc time)
Round:317
Starting abc-rs
Percentage done:  10.00 %
Percentage done:  20.00 %
Percentage done:  30.00 %
Percentage done:  40.00 %
Percentage done:  50.00 %
Percentage done:  60.00 %
Percentage done:  70.00 %
Percentage done:  80.00 %
Percentage done:  90.00 %
Percentage done:  100.00 %
Ending abc-rs
  4.988805 seconds (4.60 M allocations: 791.936 MiB, 4.40% gc time)
Round:321
Starting abc-rs
Percentage done:  10.00 %
Percentage done:  20.00 %
Percentage done:  30.00 %
Percentage done:  40.00 %
Percentage done:  50.00 %
Percentage done:  60.00 %
Percentage done:  70.00 %
Percentage done:  80.00 %
Percentage done:  90.00 %
Percentage done:  100.00 %
Ending abc-rs
  4.970503 seconds (4.60 M allocations: 791.936 MiB, 4.42% gc time)
Round:325
Starting abc-rs
Percentage done:  10.00 %
Percentage done:  20.00 %
Percentage done:  30.00 %
Percentage done:  40.00 %
Percentage done:  50.00 %
Percentage done:  60.00 %
Percentage done:  70.00 %
Percentage done:  80.00 %
Percentage done:  90.00 %
Percentage done:  100.00 %
Ending abc-rs
  4.987374 seconds (4.60 M allocations: 791.936 MiB, 4.39% gc time)
Round:329
Starting abc-rs
Percentage done:  10.00 %
Percentage done:  20.00 %
Percentage done:  30.00 %
Percentage done:  40.00 %
Percentage done:  50.00 %
Percentage done:  60.00 %
Percentage done:  70.00 %
Percentage done:  80.00 %
Percentage done:  90.00 %
Percentage done:  100.00 %
Ending abc-rs
  4.984337 seconds (4.60 M allocations: 791.936 MiB, 4.40% gc time)
Round:333
Starting abc-rs
Percentage done:  10.00 %
Percentage done:  20.00 %
Percentage done:  30.00 %
Percentage done:  40.00 %
Percentage done:  50.00 %
Percentage done:  60.00 %
Percentage done:  70.00 %
Percentage done:  80.00 %
Percentage done:  90.00 %
Percentage done:  100.00 %
Ending abc-rs
  4.981205 seconds (4.60 M allocations: 791.936 MiB, 4.40% gc time)
Round:337
Starting abc-rs
Percentage done:  10.00 %
Percentage done:  20.00 %
Percentage done:  30.00 %
Percentage done:  40.00 %
Percentage done:  50.00 %
Percentage done:  60.00 %
Percentage done:  70.00 %
Percentage done:  80.00 %
Percentage done:  90.00 %
Percentage done:  100.00 %
Ending abc-rs
  4.991869 seconds (4.60 M allocations: 791.936 MiB, 4.39% gc time)
Round:341
Starting abc-rs
Percentage done:  10.00 %
Percentage done:  20.00 %
Percentage done:  30.00 %
Percentage done:  40.00 %
Percentage done:  50.00 %
Percentage done:  60.00 %
Percentage done:  70.00 %
Percentage done:  80.00 %
Percentage done:  90.00 %
Percentage done:  100.00 %
Ending abc-rs
  5.029534 seconds (4.60 M allocations: 791.936 MiB, 4.37% gc time)
Round:345
Starting abc-rs
Percentage done:  10.00 %
Percentage done:  20.00 %
Percentage done:  30.00 %
Percentage done:  40.00 %
Percentage done:  50.00 %
Percentage done:  60.00 %
Percentage done:  70.00 %
Percentage done:  80.00 %
Percentage done:  90.00 %
Percentage done:  100.00 %
Ending abc-rs
  4.996061 seconds (4.60 M allocations: 791.936 MiB, 4.40% gc time)
Round:349
Starting abc-rs
Percentage done:  10.00 %
Percentage done:  20.00 %
Percentage done:  30.00 %
Percentage done:  40.00 %
Percentage done:  50.00 %
Percentage done:  60.00 %
Percentage done:  70.00 %
Percentage done:  80.00 %
Percentage done:  90.00 %
Percentage done:  100.00 %
Ending abc-rs
  4.987213 seconds (4.60 M allocations: 791.936 MiB, 4.45% gc time)
Round:353
Starting abc-rs
Percentage done:  10.00 %
Percentage done:  20.00 %
Percentage done:  30.00 %
Percentage done:  40.00 %
Percentage done:  50.00 %
Percentage done:  60.00 %
Percentage done:  70.00 %
Percentage done:  80.00 %
Percentage done:  90.00 %
Percentage done:  100.00 %
Ending abc-rs
  4.988149 seconds (4.60 M allocations: 791.936 MiB, 4.49% gc time)
Round:357
Starting abc-rs
Percentage done:  10.00 %
Percentage done:  20.00 %
Percentage done:  30.00 %
Percentage done:  40.00 %
Percentage done:  50.00 %
Percentage done:  60.00 %
Percentage done:  70.00 %
Percentage done:  80.00 %
Percentage done:  90.00 %
Percentage done:  100.00 %
Ending abc-rs
  4.975773 seconds (4.60 M allocations: 791.936 MiB, 4.41% gc time)
Round:361
Starting abc-rs
Percentage done:  10.00 %
Percentage done:  20.00 %
Percentage done:  30.00 %
Percentage done:  40.00 %
Percentage done:  50.00 %
Percentage done:  60.00 %
Percentage done:  70.00 %
Percentage done:  80.00 %
Percentage done:  90.00 %
Percentage done:  100.00 %
Ending abc-rs
  4.982226 seconds (4.60 M allocations: 791.936 MiB, 4.40% gc time)
Round:365
Starting abc-rs
Percentage done:  10.00 %
Percentage done:  20.00 %
Percentage done:  30.00 %
Percentage done:  40.00 %
Percentage done:  50.00 %
Percentage done:  60.00 %
Percentage done:  70.00 %
Percentage done:  80.00 %
Percentage done:  90.00 %
Percentage done:  100.00 %
Ending abc-rs
  4.987377 seconds (4.60 M allocations: 791.936 MiB, 4.40% gc time)
Round:369
Starting abc-rs
Percentage done:  10.00 %
Percentage done:  20.00 %
Percentage done:  30.00 %
Percentage done:  40.00 %
Percentage done:  50.00 %
Percentage done:  60.00 %
Percentage done:  70.00 %
Percentage done:  80.00 %
Percentage done:  90.00 %
Percentage done:  100.00 %
Ending abc-rs
  4.984756 seconds (4.60 M allocations: 791.936 MiB, 4.39% gc time)
Round:373
Starting abc-rs
Percentage done:  10.00 %
Percentage done:  20.00 %
Percentage done:  30.00 %
Percentage done:  40.00 %
Percentage done:  50.00 %
Percentage done:  60.00 %
Percentage done:  70.00 %
Percentage done:  80.00 %
Percentage done:  90.00 %
Percentage done:  100.00 %
Ending abc-rs
  4.977732 seconds (4.60 M allocations: 791.936 MiB, 4.40% gc time)
Round:377
Starting abc-rs
Percentage done:  10.00 %
Percentage done:  20.00 %
Percentage done:  30.00 %
Percentage done:  40.00 %
Percentage done:  50.00 %
Percentage done:  60.00 %
Percentage done:  70.00 %
Percentage done:  80.00 %
Percentage done:  90.00 %
Percentage done:  100.00 %
Ending abc-rs
  4.981349 seconds (4.60 M allocations: 791.936 MiB, 4.40% gc time)
Round:381
Starting abc-rs
Percentage done:  10.00 %
Percentage done:  20.00 %
Percentage done:  30.00 %
Percentage done:  40.00 %
Percentage done:  50.00 %
Percentage done:  60.00 %
Percentage done:  70.00 %
Percentage done:  80.00 %
Percentage done:  90.00 %
Percentage done:  100.00 %
Ending abc-rs
  4.977185 seconds (4.60 M allocations: 791.936 MiB, 4.41% gc time)
Round:385
Starting abc-rs
Percentage done:  10.00 %
Percentage done:  20.00 %
Percentage done:  30.00 %
Percentage done:  40.00 %
Percentage done:  50.00 %
Percentage done:  60.00 %
Percentage done:  70.00 %
Percentage done:  80.00 %
Percentage done:  90.00 %
Percentage done:  100.00 %
Ending abc-rs
  4.985161 seconds (4.60 M allocations: 791.936 MiB, 4.43% gc time)
Round:389
Starting abc-rs
Percentage done:  10.00 %
Percentage done:  20.00 %
Percentage done:  30.00 %
Percentage done:  40.00 %
Percentage done:  50.00 %
Percentage done:  60.00 %
Percentage done:  70.00 %
Percentage done:  80.00 %
Percentage done:  90.00 %
Percentage done:  100.00 %
Ending abc-rs
  5.064790 seconds (4.60 M allocations: 791.936 MiB, 4.35% gc time)
Round:393
Starting abc-rs
Percentage done:  10.00 %
Percentage done:  20.00 %
Percentage done:  30.00 %
Percentage done:  40.00 %
Percentage done:  50.00 %
Percentage done:  60.00 %
Percentage done:  70.00 %
Percentage done:  80.00 %
Percentage done:  90.00 %
Percentage done:  100.00 %
Ending abc-rs
  4.999583 seconds (4.60 M allocations: 791.936 MiB, 4.38% gc time)
Round:397
Starting abc-rs
Percentage done:  10.00 %
Percentage done:  20.00 %
Percentage done:  30.00 %
Percentage done:  40.00 %
Percentage done:  50.00 %
Percentage done:  60.00 %
Percentage done:  70.00 %
Percentage done:  80.00 %
Percentage done:  90.00 %
Percentage done:  100.00 %
Ending abc-rs
  4.979486 seconds (4.60 M allocations: 791.936 MiB, 4.40% gc time)
