Sat Jan 19 15:56:18 2019       
+-----------------------------------------------------------------------------+
| NVIDIA-SMI 410.79       Driver Version: 410.79       CUDA Version: 10.0     |
|-------------------------------+----------------------+----------------------+
| GPU  Name        Persistence-M| Bus-Id        Disp.A | Volatile Uncorr. ECC |
| Fan  Temp  Perf  Pwr:Usage/Cap|         Memory-Usage | GPU-Util  Compute M. |
|===============================+======================+======================|
|   0  Tesla K80           Off  | 00000000:04:00.0 Off |                    0 |
| N/A   34C    P0    61W / 149W |     72MiB / 11441MiB |      0%      Default |
+-------------------------------+----------------------+----------------------+
|   1  Tesla K80           Off  | 00000000:05:00.0 Off |                    0 |
| N/A   40C    P0    73W / 149W |      0MiB / 11441MiB |      0%      Default |
+-------------------------------+----------------------+----------------------+
|   2  Tesla K80           Off  | 00000000:84:00.0 Off |                    0 |
| N/A   31C    P0    65W / 149W |      0MiB / 11441MiB |      0%      Default |
+-------------------------------+----------------------+----------------------+
|   3  Tesla K80           Off  | 00000000:85:00.0 Off |                    0 |
| N/A   41C    P0    84W / 149W |      0MiB / 11441MiB |     97%      Default |
+-------------------------------+----------------------+----------------------+
                                                                               
+-----------------------------------------------------------------------------+
| Processes:                                                       GPU Memory |
|  GPU       PID   Type   Process name                             Usage      |
|=============================================================================|
|    0     56844      C   julia                                         61MiB |
+-----------------------------------------------------------------------------+
/home/samwiq/ABC and deep learning project/abc-dl/lunarc
/home/samwiq/ABC and deep learning project/abc-dl
start script
100
check version of Knet
    Status `~/.julia/environments/v1.0/Project.toml`
  [336ed68f] CSV v0.3.1
  [a93c6f00] DataFrames v0.13.1
  [31c24e10] Distributions v0.16.4
  [1902f260] Knet v1.1.0
  [6f286f6a] MultivariateStats v0.6.0 #master (https://github.com/JuliaStats/MultivariateStats.jl.git)
  [2913bbd2] StatsBase v0.25.0
  [4c63d2b9] StatsFuns v0.7.0
build Knet
  Building SpecialFunctions → `~/.julia/packages/SpecialFunctions/KvXoO/deps/build.log`
  Building CodecZlib ───────→ `~/.julia/packages/CodecZlib/wwgbh/deps/build.log`
  Building Knet ────────────→ `~/.julia/packages/Knet/hxjeS/deps/build.log`
test gpu
1
0
0
Loading alpha-stable model
Nbr training obs 500000, nbr parameters 25454, obs/parameters 19.64
0
Starting training
Epoch 1, current loss (training) 0.6452, current loss (val) 0.4177, best loss (val) 0.4177 
Epoch 2, current loss (training) 0.3052, current loss (val) 0.3099, best loss (val) 0.3099 
Epoch 3, current loss (training) 0.3463, current loss (val) 0.2933, best loss (val) 0.2933 
Epoch 4, current loss (training) 0.2323, current loss (val) 0.2306, best loss (val) 0.2306 
Epoch 5, current loss (training) 0.2010, current loss (val) 0.2214, best loss (val) 0.2214 
Epoch 6, current loss (training) 0.2115, current loss (val) 0.2087, best loss (val) 0.2087 
Epoch 7, current loss (training) 0.3080, current loss (val) 0.3123, best loss (val) 0.2087 
Epoch 8, current loss (training) 0.3691, current loss (val) 0.3941, best loss (val) 0.2087 
Epoch 9, current loss (training) 0.1753, current loss (val) 0.1722, best loss (val) 0.1722 
Epoch 10, current loss (training) 0.1955, current loss (val) 0.1815, best loss (val) 0.1722 
Epoch 11, current loss (training) 0.2974, current loss (val) 0.2929, best loss (val) 0.1722 
Epoch 12, current loss (training) 0.4424, current loss (val) 0.2836, best loss (val) 0.1722 
Epoch 13, current loss (training) 0.2138, current loss (val) 0.2019, best loss (val) 0.1722 
Epoch 14, current loss (training) 0.2686, current loss (val) 0.4135, best loss (val) 0.1722 
Epoch 15, current loss (training) 0.2044, current loss (val) 0.1924, best loss (val) 0.1722 
Epoch 16, current loss (training) 0.2160, current loss (val) 0.2331, best loss (val) 0.1722 
Epoch 17, current loss (training) 0.4028, current loss (val) 0.2626, best loss (val) 0.1722 
Epoch 18, current loss (training) 0.3720, current loss (val) 0.3394, best loss (val) 0.1722 
Epoch 19, current loss (training) 0.3282, current loss (val) 0.3324, best loss (val) 0.1722 
Epoch 20, current loss (training) 0.2060, current loss (val) 0.2077, best loss (val) 0.1722 
Epoch 21, current loss (training) 0.2124, current loss (val) 0.1995, best loss (val) 0.1722 
Epoch 22, current loss (training) 0.2206, current loss (val) 0.2208, best loss (val) 0.1722 
Epoch 23, current loss (training) 0.1933, current loss (val) 0.1958, best loss (val) 0.1722 
Epoch 24, current loss (training) 0.1977, current loss (val) 0.1951, best loss (val) 0.1722 
Epoch 25, current loss (training) 0.2072, current loss (val) 0.1953, best loss (val) 0.1722 
Epoch 26, current loss (training) 0.1898, current loss (val) 0.1794, best loss (val) 0.1722 
Epoch 27, current loss (training) 0.2262, current loss (val) 0.2101, best loss (val) 0.1722 
Epoch 28, current loss (training) 0.6535, current loss (val) 0.6593, best loss (val) 0.1722 
Epoch 29, current loss (training) 0.1848, current loss (val) 0.1838, best loss (val) 0.1722 
Epoch 30, current loss (training) 0.1834, current loss (val) 0.1752, best loss (val) 0.1722 
Epoch 31, current loss (training) 0.1872, current loss (val) 0.1737, best loss (val) 0.1722 
Epoch 32, current loss (training) 0.2278, current loss (val) 0.2208, best loss (val) 0.1722 
Epoch 33, current loss (training) 0.2370, current loss (val) 0.2234, best loss (val) 0.1722 
Epoch 34, current loss (training) 0.1748, current loss (val) 0.1787, best loss (val) 0.1722 
Epoch 35, current loss (training) 0.2115, current loss (val) 0.2063, best loss (val) 0.1722 
Epoch 36, current loss (training) 0.2129, current loss (val) 0.2121, best loss (val) 0.1722 
Epoch 37, current loss (training) 0.2118, current loss (val) 0.1927, best loss (val) 0.1722 
Epoch 38, current loss (training) 0.1686, current loss (val) 0.1728, best loss (val) 0.1722 
Epoch 39, current loss (training) 0.1807, current loss (val) 0.1786, best loss (val) 0.1722 
Epoch 40, current loss (training) 0.1737, current loss (val) 0.1692, best loss (val) 0.1692 
Epoch 41, current loss (training) 0.1916, current loss (val) 0.1834, best loss (val) 0.1692 
Epoch 42, current loss (training) 0.1687, current loss (val) 0.1702, best loss (val) 0.1692 
Epoch 43, current loss (training) 0.1712, current loss (val) 0.1659, best loss (val) 0.1659 
Epoch 44, current loss (training) 0.1769, current loss (val) 0.1677, best loss (val) 0.1659 
Epoch 45, current loss (training) 0.1711, current loss (val) 0.1689, best loss (val) 0.1659 
Epoch 46, current loss (training) 0.1771, current loss (val) 0.1899, best loss (val) 0.1659 
Epoch 47, current loss (training) 0.1853, current loss (val) 0.1729, best loss (val) 0.1659 
Epoch 48, current loss (training) 0.2041, current loss (val) 0.2100, best loss (val) 0.1659 
Epoch 49, current loss (training) 0.1985, current loss (val) 0.1991, best loss (val) 0.1659 
Epoch 50, current loss (training) 0.1671, current loss (val) 0.1662, best loss (val) 0.1659 
Epoch 51, current loss (training) 0.1797, current loss (val) 0.1830, best loss (val) 0.1659 
Epoch 52, current loss (training) 0.5150, current loss (val) 0.5077, best loss (val) 0.1659 
Epoch 53, current loss (training) 0.1638, current loss (val) 0.1590, best loss (val) 0.1590 
Epoch 54, current loss (training) 0.1577, current loss (val) 0.1599, best loss (val) 0.1590 
Epoch 55, current loss (training) 0.1542, current loss (val) 0.1571, best loss (val) 0.1571 
Epoch 56, current loss (training) 0.1563, current loss (val) 0.1529, best loss (val) 0.1529 
Epoch 57, current loss (training) 0.7757, current loss (val) 0.6655, best loss (val) 0.1529 
Epoch 58, current loss (training) 0.1999, current loss (val) 0.1668, best loss (val) 0.1529 
Epoch 59, current loss (training) 0.2440, current loss (val) 0.2333, best loss (val) 0.1529 
Epoch 60, current loss (training) 0.3165, current loss (val) 0.3409, best loss (val) 0.1529 
Epoch 61, current loss (training) 0.1731, current loss (val) 0.1733, best loss (val) 0.1529 
Epoch 62, current loss (training) 0.1667, current loss (val) 0.1618, best loss (val) 0.1529 
Epoch 63, current loss (training) 0.1567, current loss (val) 0.1576, best loss (val) 0.1529 
Epoch 64, current loss (training) 0.1696, current loss (val) 0.1759, best loss (val) 0.1529 
Epoch 65, current loss (training) 0.1534, current loss (val) 0.1594, best loss (val) 0.1529 
Epoch 66, current loss (training) 0.1793, current loss (val) 0.1701, best loss (val) 0.1529 
Epoch 67, current loss (training) 0.1489, current loss (val) 0.1477, best loss (val) 0.1477 
Epoch 68, current loss (training) 0.1772, current loss (val) 0.1590, best loss (val) 0.1477 
Epoch 69, current loss (training) 0.1581, current loss (val) 0.1588, best loss (val) 0.1477 
Epoch 70, current loss (training) 0.1591, current loss (val) 0.1605, best loss (val) 0.1477 
Epoch 71, current loss (training) 0.1619, current loss (val) 0.1572, best loss (val) 0.1477 
Epoch 72, current loss (training) 0.1968, current loss (val) 0.1911, best loss (val) 0.1477 
Epoch 73, current loss (training) 0.1660, current loss (val) 0.1648, best loss (val) 0.1477 
Epoch 74, current loss (training) 0.2015, current loss (val) 0.1718, best loss (val) 0.1477 
Epoch 75, current loss (training) 0.1620, current loss (val) 0.1516, best loss (val) 0.1477 
Epoch 76, current loss (training) 0.1624, current loss (val) 0.1682, best loss (val) 0.1477 
Epoch 77, current loss (training) 0.1625, current loss (val) 0.1531, best loss (val) 0.1477 
Epoch 78, current loss (training) 0.1728, current loss (val) 0.1566, best loss (val) 0.1477 
Epoch 79, current loss (training) 0.1645, current loss (val) 0.1506, best loss (val) 0.1477 
Epoch 80, current loss (training) 0.1746, current loss (val) 0.1659, best loss (val) 0.1477 
Epoch 81, current loss (training) 0.2473, current loss (val) 0.2090, best loss (val) 0.1477 
Epoch 82, current loss (training) 0.1831, current loss (val) 0.1780, best loss (val) 0.1477 
Epoch 83, current loss (training) 0.1681, current loss (val) 0.1588, best loss (val) 0.1477 
Epoch 84, current loss (training) 0.1523, current loss (val) 0.1501, best loss (val) 0.1477 
Epoch 85, current loss (training) 0.1599, current loss (val) 0.1606, best loss (val) 0.1477 
Epoch 86, current loss (training) 0.1502, current loss (val) 0.1574, best loss (val) 0.1477 
Epoch 87, current loss (training) 0.1694, current loss (val) 0.1697, best loss (val) 0.1477 
Epoch 88, current loss (training) 0.1558, current loss (val) 0.1451, best loss (val) 0.1451 
Epoch 89, current loss (training) 0.1758, current loss (val) 0.1678, best loss (val) 0.1451 
Epoch 90, current loss (training) 0.1596, current loss (val) 0.1518, best loss (val) 0.1451 
Epoch 91, current loss (training) 0.2926, current loss (val) 0.2755, best loss (val) 0.1451 
Epoch 92, current loss (training) 0.1524, current loss (val) 0.1486, best loss (val) 0.1451 
Epoch 93, current loss (training) 0.1670, current loss (val) 0.1542, best loss (val) 0.1451 
Epoch 94, current loss (training) 0.1613, current loss (val) 0.1559, best loss (val) 0.1451 
Epoch 95, current loss (training) 0.1458, current loss (val) 0.1540, best loss (val) 0.1451 
Epoch 96, current loss (training) 0.1514, current loss (val) 0.1526, best loss (val) 0.1451 
Epoch 97, current loss (training) 0.1793, current loss (val) 0.1549, best loss (val) 0.1451 
Epoch 98, current loss (training) 0.1479, current loss (val) 0.1473, best loss (val) 0.1451 
Epoch 99, current loss (training) 0.1577, current loss (val) 0.1508, best loss (val) 0.1451 
Epoch 100, current loss (training) 0.1449, current loss (val) 0.1443, best loss (val) 0.1443 
run_time_first_training_cycle:  476.98 

Epochs 100, batch size, 200
Nbr training obs 500000, nbr parameters 25454, obs/parameters 19.64

Starting abc-rs
Percentage done:  10.00 %
Percentage done:  20.00 %
Percentage done:  30.00 %
Percentage done:  40.00 %
Percentage done:  50.00 %
Percentage done:  60.00 %
Percentage done:  70.00 %
Percentage done:  80.00 %
Percentage done:  90.00 %
Percentage done:  100.00 %
Ending abc-rs
end script
Round:1
Round:5
Starting abc-rs
Percentage done:  10.00 %
Percentage done:  20.00 %
Percentage done:  30.00 %
Percentage done:  40.00 %
Percentage done:  50.00 %
Percentage done:  60.00 %
Percentage done:  70.00 %
Percentage done:  80.00 %
Percentage done:  90.00 %
Percentage done:  100.00 %
Ending abc-rs
  5.099843 seconds (4.95 M allocations: 808.928 MiB, 3.94% gc time)
Round:9
Starting abc-rs
Percentage done:  10.00 %
Percentage done:  20.00 %
Percentage done:  30.00 %
Percentage done:  40.00 %
Percentage done:  50.00 %
Percentage done:  60.00 %
Percentage done:  70.00 %
Percentage done:  80.00 %
Percentage done:  90.00 %
Percentage done:  100.00 %
Ending abc-rs
  4.908800 seconds (4.60 M allocations: 791.936 MiB, 3.88% gc time)
Round:13
Starting abc-rs
Percentage done:  10.00 %
Percentage done:  20.00 %
Percentage done:  30.00 %
Percentage done:  40.00 %
Percentage done:  50.00 %
Percentage done:  60.00 %
Percentage done:  70.00 %
Percentage done:  80.00 %
Percentage done:  90.00 %
Percentage done:  100.00 %
Ending abc-rs
  4.909464 seconds (4.60 M allocations: 791.936 MiB, 3.84% gc time)
Round:17
Starting abc-rs
Percentage done:  10.00 %
Percentage done:  20.00 %
Percentage done:  30.00 %
Percentage done:  40.00 %
Percentage done:  50.00 %
Percentage done:  60.00 %
Percentage done:  70.00 %
Percentage done:  80.00 %
Percentage done:  90.00 %
Percentage done:  100.00 %
Ending abc-rs
  4.914406 seconds (4.60 M allocations: 791.936 MiB, 3.83% gc time)
Round:21
Starting abc-rs
Percentage done:  10.00 %
Percentage done:  20.00 %
Percentage done:  30.00 %
Percentage done:  40.00 %
Percentage done:  50.00 %
Percentage done:  60.00 %
Percentage done:  70.00 %
Percentage done:  80.00 %
Percentage done:  90.00 %
Percentage done:  100.00 %
Ending abc-rs
  4.915883 seconds (4.60 M allocations: 791.936 MiB, 3.84% gc time)
Round:25
Starting abc-rs
Percentage done:  10.00 %
Percentage done:  20.00 %
Percentage done:  30.00 %
Percentage done:  40.00 %
Percentage done:  50.00 %
Percentage done:  60.00 %
Percentage done:  70.00 %
Percentage done:  80.00 %
Percentage done:  90.00 %
Percentage done:  100.00 %
Ending abc-rs
  4.897107 seconds (4.60 M allocations: 791.936 MiB, 3.85% gc time)
Round:29
Starting abc-rs
Percentage done:  10.00 %
Percentage done:  20.00 %
Percentage done:  30.00 %
Percentage done:  40.00 %
Percentage done:  50.00 %
Percentage done:  60.00 %
Percentage done:  70.00 %
Percentage done:  80.00 %
Percentage done:  90.00 %
Percentage done:  100.00 %
Ending abc-rs
  4.908124 seconds (4.60 M allocations: 791.936 MiB, 3.84% gc time)
Round:33
Starting abc-rs
Percentage done:  10.00 %
Percentage done:  20.00 %
Percentage done:  30.00 %
Percentage done:  40.00 %
Percentage done:  50.00 %
Percentage done:  60.00 %
Percentage done:  70.00 %
Percentage done:  80.00 %
Percentage done:  90.00 %
Percentage done:  100.00 %
Ending abc-rs
  4.913098 seconds (4.60 M allocations: 791.936 MiB, 3.84% gc time)
Round:37
Starting abc-rs
Percentage done:  10.00 %
Percentage done:  20.00 %
Percentage done:  30.00 %
Percentage done:  40.00 %
Percentage done:  50.00 %
Percentage done:  60.00 %
Percentage done:  70.00 %
Percentage done:  80.00 %
Percentage done:  90.00 %
Percentage done:  100.00 %
Ending abc-rs
  4.934543 seconds (4.60 M allocations: 791.936 MiB, 3.83% gc time)
Round:41
Starting abc-rs
Percentage done:  10.00 %
Percentage done:  20.00 %
Percentage done:  30.00 %
Percentage done:  40.00 %
Percentage done:  50.00 %
Percentage done:  60.00 %
Percentage done:  70.00 %
Percentage done:  80.00 %
Percentage done:  90.00 %
Percentage done:  100.00 %
Ending abc-rs
  4.933013 seconds (4.60 M allocations: 791.936 MiB, 3.82% gc time)
Round:45
Starting abc-rs
Percentage done:  10.00 %
Percentage done:  20.00 %
Percentage done:  30.00 %
Percentage done:  40.00 %
Percentage done:  50.00 %
Percentage done:  60.00 %
Percentage done:  70.00 %
Percentage done:  80.00 %
Percentage done:  90.00 %
Percentage done:  100.00 %
Ending abc-rs
  4.896566 seconds (4.60 M allocations: 791.936 MiB, 3.85% gc time)
Round:49
Starting abc-rs
Percentage done:  10.00 %
Percentage done:  20.00 %
Percentage done:  30.00 %
Percentage done:  40.00 %
Percentage done:  50.00 %
Percentage done:  60.00 %
Percentage done:  70.00 %
Percentage done:  80.00 %
Percentage done:  90.00 %
Percentage done:  100.00 %
Ending abc-rs
  4.911584 seconds (4.60 M allocations: 791.936 MiB, 3.84% gc time)
Round:53
Starting abc-rs
Percentage done:  10.00 %
Percentage done:  20.00 %
Percentage done:  30.00 %
Percentage done:  40.00 %
Percentage done:  50.00 %
Percentage done:  60.00 %
Percentage done:  70.00 %
Percentage done:  80.00 %
Percentage done:  90.00 %
Percentage done:  100.00 %
Ending abc-rs
  4.914892 seconds (4.60 M allocations: 791.936 MiB, 3.83% gc time)
Round:57
Starting abc-rs
Percentage done:  10.00 %
Percentage done:  20.00 %
Percentage done:  30.00 %
Percentage done:  40.00 %
Percentage done:  50.00 %
Percentage done:  60.00 %
Percentage done:  70.00 %
Percentage done:  80.00 %
Percentage done:  90.00 %
Percentage done:  100.00 %
Ending abc-rs
  4.900884 seconds (4.60 M allocations: 791.936 MiB, 3.84% gc time)
Round:61
Starting abc-rs
Percentage done:  10.00 %
Percentage done:  20.00 %
Percentage done:  30.00 %
Percentage done:  40.00 %
Percentage done:  50.00 %
Percentage done:  60.00 %
Percentage done:  70.00 %
Percentage done:  80.00 %
Percentage done:  90.00 %
Percentage done:  100.00 %
Ending abc-rs
  4.902420 seconds (4.60 M allocations: 791.936 MiB, 3.84% gc time)
Round:65
Starting abc-rs
Percentage done:  10.00 %
Percentage done:  20.00 %
Percentage done:  30.00 %
Percentage done:  40.00 %
Percentage done:  50.00 %
Percentage done:  60.00 %
Percentage done:  70.00 %
Percentage done:  80.00 %
Percentage done:  90.00 %
Percentage done:  100.00 %
Ending abc-rs
  4.955824 seconds (4.60 M allocations: 791.936 MiB, 3.80% gc time)
Round:69
Starting abc-rs
Percentage done:  10.00 %
Percentage done:  20.00 %
Percentage done:  30.00 %
Percentage done:  40.00 %
Percentage done:  50.00 %
Percentage done:  60.00 %
Percentage done:  70.00 %
Percentage done:  80.00 %
Percentage done:  90.00 %
Percentage done:  100.00 %
Ending abc-rs
  4.924586 seconds (4.60 M allocations: 791.936 MiB, 3.82% gc time)
Round:73
Starting abc-rs
Percentage done:  10.00 %
Percentage done:  20.00 %
Percentage done:  30.00 %
Percentage done:  40.00 %
Percentage done:  50.00 %
Percentage done:  60.00 %
Percentage done:  70.00 %
Percentage done:  80.00 %
Percentage done:  90.00 %
Percentage done:  100.00 %
Ending abc-rs
  4.908149 seconds (4.60 M allocations: 791.936 MiB, 3.84% gc time)
Round:77
Starting abc-rs
Percentage done:  10.00 %
Percentage done:  20.00 %
Percentage done:  30.00 %
Percentage done:  40.00 %
Percentage done:  50.00 %
Percentage done:  60.00 %
Percentage done:  70.00 %
Percentage done:  80.00 %
Percentage done:  90.00 %
Percentage done:  100.00 %
Ending abc-rs
  4.901132 seconds (4.60 M allocations: 791.936 MiB, 3.85% gc time)
Round:81
Starting abc-rs
Percentage done:  10.00 %
Percentage done:  20.00 %
Percentage done:  30.00 %
Percentage done:  40.00 %
Percentage done:  50.00 %
Percentage done:  60.00 %
Percentage done:  70.00 %
Percentage done:  80.00 %
Percentage done:  90.00 %
Percentage done:  100.00 %
Ending abc-rs
  4.896166 seconds (4.60 M allocations: 791.936 MiB, 3.85% gc time)
Round:85
Starting abc-rs
Percentage done:  10.00 %
Percentage done:  20.00 %
Percentage done:  30.00 %
Percentage done:  40.00 %
Percentage done:  50.00 %
Percentage done:  60.00 %
Percentage done:  70.00 %
Percentage done:  80.00 %
Percentage done:  90.00 %
Percentage done:  100.00 %
Ending abc-rs
  4.941244 seconds (4.60 M allocations: 791.936 MiB, 3.82% gc time)
Round:89
Starting abc-rs
Percentage done:  10.00 %
Percentage done:  20.00 %
Percentage done:  30.00 %
Percentage done:  40.00 %
Percentage done:  50.00 %
Percentage done:  60.00 %
Percentage done:  70.00 %
Percentage done:  80.00 %
Percentage done:  90.00 %
Percentage done:  100.00 %
Ending abc-rs
  4.937527 seconds (4.60 M allocations: 791.936 MiB, 3.82% gc time)
Round:93
Starting abc-rs
Percentage done:  10.00 %
Percentage done:  20.00 %
Percentage done:  30.00 %
Percentage done:  40.00 %
Percentage done:  50.00 %
Percentage done:  60.00 %
Percentage done:  70.00 %
Percentage done:  80.00 %
Percentage done:  90.00 %
Percentage done:  100.00 %
Ending abc-rs
  4.884870 seconds (4.60 M allocations: 791.936 MiB, 3.87% gc time)
Round:97
Starting abc-rs
Percentage done:  10.00 %
Percentage done:  20.00 %
Percentage done:  30.00 %
Percentage done:  40.00 %
Percentage done:  50.00 %
Percentage done:  60.00 %
Percentage done:  70.00 %
Percentage done:  80.00 %
Percentage done:  90.00 %
Percentage done:  100.00 %
Ending abc-rs
  4.932890 seconds (4.60 M allocations: 791.936 MiB, 3.82% gc time)
