Fri Dec 14 17:29:47 2018       
+-----------------------------------------------------------------------------+
| NVIDIA-SMI 410.79       Driver Version: 410.79       CUDA Version: 10.0     |
|-------------------------------+----------------------+----------------------+
| GPU  Name        Persistence-M| Bus-Id        Disp.A | Volatile Uncorr. ECC |
| Fan  Temp  Perf  Pwr:Usage/Cap|         Memory-Usage | GPU-Util  Compute M. |
|===============================+======================+======================|
|   0  Tesla K80           Off  | 00000000:04:00.0 Off |                    0 |
| N/A   33C    P0    65W / 149W |      0MiB / 11441MiB |      0%      Default |
+-------------------------------+----------------------+----------------------+
|   1  Tesla K80           Off  | 00000000:05:00.0 Off |                    0 |
| N/A   42C    P0    75W / 149W |      0MiB / 11441MiB |      0%      Default |
+-------------------------------+----------------------+----------------------+
|   2  Tesla K80           Off  | 00000000:84:00.0 Off |                    0 |
| N/A   34C    P0    66W / 149W |      0MiB / 11441MiB |      0%      Default |
+-------------------------------+----------------------+----------------------+
|   3  Tesla K80           Off  | 00000000:85:00.0 Off |                    0 |
| N/A   43C    P0    86W / 149W |      0MiB / 11441MiB |    100%      Default |
+-------------------------------+----------------------+----------------------+
                                                                               
+-----------------------------------------------------------------------------+
| Processes:                                                       GPU Memory |
|  GPU       PID   Type   Process name                             Usage      |
|=============================================================================|
|  No running processes found                                                 |
+-----------------------------------------------------------------------------+
/home/samwiq/ABC and deep learning project/abc-dl/lunarc
/home/samwiq/ABC and deep learning project/abc-dl
start script
500
check version of Knet
    Status `~/.julia/environments/v1.0/Project.toml`
  [336ed68f] CSV v0.3.1
  [a93c6f00] DataFrames v0.13.1
  [31c24e10] Distributions v0.16.4
  [1902f260] Knet v1.1.0
  [6f286f6a] MultivariateStats v0.6.0 #master (https://github.com/JuliaStats/MultivariateStats.jl.git)
  [2913bbd2] StatsBase v0.25.0
  [4c63d2b9] StatsFuns v0.7.0
build Knet
  Building SpecialFunctions → `~/.julia/packages/SpecialFunctions/KvXoO/deps/build.log`
  Building CodecZlib ───────→ `~/.julia/packages/CodecZlib/wwgbh/deps/build.log`
  Building Knet ────────────→ `~/.julia/packages/Knet/hxjeS/deps/build.log`
test gpu
1
0
0
Loading alpha-stable model
Nbr training obs 500000, nbr parameters 115454, obs/parameters 4.33
0
Starting training
Epoch 1, current loss (training) 1.2609, current loss (val) 1.6658, best loss (val) 1.6658 
Epoch 2, current loss (training) 0.7925, current loss (val) 1.4629, best loss (val) 1.4629 
Epoch 3, current loss (training) 0.6986, current loss (val) 1.2887, best loss (val) 1.2887 
Epoch 4, current loss (training) 0.6014, current loss (val) 1.2795, best loss (val) 1.2795 
Epoch 5, current loss (training) 0.8504, current loss (val) 1.2199, best loss (val) 1.2199 
Epoch 6, current loss (training) 0.5410, current loss (val) 1.1516, best loss (val) 1.1516 
Epoch 7, current loss (training) 0.6473, current loss (val) 1.2243, best loss (val) 1.1516 
Epoch 8, current loss (training) 0.5491, current loss (val) 1.1726, best loss (val) 1.1516 
Epoch 9, current loss (training) 0.5597, current loss (val) 1.2159, best loss (val) 1.1516 
Epoch 10, current loss (training) 0.5591, current loss (val) 1.2265, best loss (val) 1.1516 
Epoch 11, current loss (training) 0.5691, current loss (val) 1.2505, best loss (val) 1.1516 
Epoch 12, current loss (training) 0.4897, current loss (val) 1.1415, best loss (val) 1.1415 
Epoch 13, current loss (training) 0.5005, current loss (val) 1.1284, best loss (val) 1.1284 
Epoch 14, current loss (training) 0.4648, current loss (val) 1.1070, best loss (val) 1.1070 
Epoch 15, current loss (training) 0.4846, current loss (val) 1.0895, best loss (val) 1.0895 
Epoch 16, current loss (training) 0.4724, current loss (val) 1.0953, best loss (val) 1.0895 
Epoch 17, current loss (training) 0.6404, current loss (val) 1.1380, best loss (val) 1.0895 
Epoch 18, current loss (training) 0.4629, current loss (val) 1.1604, best loss (val) 1.0895 
Epoch 19, current loss (training) 0.4720, current loss (val) 1.1215, best loss (val) 1.0895 
Epoch 20, current loss (training) 0.5572, current loss (val) 1.1320, best loss (val) 1.0895 
Epoch 21, current loss (training) 0.4734, current loss (val) 1.1876, best loss (val) 1.0895 
Epoch 22, current loss (training) 0.4859, current loss (val) 1.1671, best loss (val) 1.0895 
Epoch 23, current loss (training) 0.4711, current loss (val) 1.1944, best loss (val) 1.0895 
Epoch 24, current loss (training) 0.4215, current loss (val) 1.1406, best loss (val) 1.0895 
Epoch 25, current loss (training) 0.5216, current loss (val) 1.1050, best loss (val) 1.0895 
Epoch 26, current loss (training) 0.4400, current loss (val) 1.1226, best loss (val) 1.0895 
Epoch 27, current loss (training) 0.4122, current loss (val) 1.1482, best loss (val) 1.0895 
Epoch 28, current loss (training) 0.4758, current loss (val) 1.2421, best loss (val) 1.0895 
Epoch 29, current loss (training) 0.4580, current loss (val) 1.1172, best loss (val) 1.0895 
Epoch 30, current loss (training) 0.4173, current loss (val) 1.1177, best loss (val) 1.0895 
Epoch 31, current loss (training) 0.4568, current loss (val) 1.1514, best loss (val) 1.0895 
Epoch 32, current loss (training) 0.4053, current loss (val) 1.1498, best loss (val) 1.0895 
Epoch 33, current loss (training) 0.4279, current loss (val) 1.1227, best loss (val) 1.0895 
Epoch 34, current loss (training) 0.4496, current loss (val) 1.0979, best loss (val) 1.0895 
Epoch 35, current loss (training) 0.6285, current loss (val) 1.3909, best loss (val) 1.0895 
Epoch 36, current loss (training) 0.4192, current loss (val) 1.1103, best loss (val) 1.0895 
Epoch 37, current loss (training) 0.4083, current loss (val) 1.1452, best loss (val) 1.0895 
Epoch 38, current loss (training) 0.4104, current loss (val) 1.1450, best loss (val) 1.0895 
Epoch 39, current loss (training) 0.3916, current loss (val) 1.1284, best loss (val) 1.0895 
Epoch 40, current loss (training) 0.4219, current loss (val) 1.1422, best loss (val) 1.0895 
Epoch 41, current loss (training) 0.3913, current loss (val) 1.1476, best loss (val) 1.0895 
Epoch 42, current loss (training) 0.3933, current loss (val) 1.1883, best loss (val) 1.0895 
Epoch 43, current loss (training) 0.3838, current loss (val) 1.1944, best loss (val) 1.0895 
Epoch 44, current loss (training) 0.4128, current loss (val) 1.1119, best loss (val) 1.0895 
Epoch 45, current loss (training) 0.3910, current loss (val) 1.1606, best loss (val) 1.0895 
Epoch 46, current loss (training) 0.3959, current loss (val) 1.1587, best loss (val) 1.0895 
Epoch 47, current loss (training) 0.4221, current loss (val) 1.1689, best loss (val) 1.0895 
Epoch 48, current loss (training) 0.3904, current loss (val) 1.1418, best loss (val) 1.0895 
Epoch 49, current loss (training) 0.3611, current loss (val) 1.1353, best loss (val) 1.0895 
Epoch 50, current loss (training) 0.3954, current loss (val) 1.1595, best loss (val) 1.0895 
Epoch 51, current loss (training) 0.3863, current loss (val) 1.1410, best loss (val) 1.0895 
Epoch 52, current loss (training) 0.3964, current loss (val) 1.1746, best loss (val) 1.0895 
Epoch 53, current loss (training) 0.3897, current loss (val) 1.1826, best loss (val) 1.0895 
Epoch 54, current loss (training) 0.3835, current loss (val) 1.1410, best loss (val) 1.0895 
Epoch 55, current loss (training) 0.3758, current loss (val) 1.1409, best loss (val) 1.0895 
Epoch 56, current loss (training) 0.4021, current loss (val) 1.1415, best loss (val) 1.0895 
Epoch 57, current loss (training) 0.3743, current loss (val) 1.1475, best loss (val) 1.0895 
Epoch 58, current loss (training) 0.3793, current loss (val) 1.1894, best loss (val) 1.0895 
Epoch 59, current loss (training) 0.3722, current loss (val) 1.1397, best loss (val) 1.0895 
Epoch 60, current loss (training) 0.3827, current loss (val) 1.1701, best loss (val) 1.0895 
Epoch 61, current loss (training) 0.3826, current loss (val) 1.1222, best loss (val) 1.0895 
Epoch 62, current loss (training) 0.4305, current loss (val) 1.1634, best loss (val) 1.0895 
Epoch 63, current loss (training) 0.4017, current loss (val) 1.1688, best loss (val) 1.0895 
Epoch 64, current loss (training) 0.3612, current loss (val) 1.1472, best loss (val) 1.0895 
Epoch 65, current loss (training) 0.3834, current loss (val) 1.1815, best loss (val) 1.0895 
Epoch 66, current loss (training) 0.3647, current loss (val) 1.1294, best loss (val) 1.0895 
Epoch 67, current loss (training) 0.5256, current loss (val) 1.1726, best loss (val) 1.0895 
Epoch 68, current loss (training) 0.3596, current loss (val) 1.1571, best loss (val) 1.0895 
Epoch 69, current loss (training) 0.3613, current loss (val) 1.1653, best loss (val) 1.0895 
Epoch 70, current loss (training) 0.3840, current loss (val) 1.1422, best loss (val) 1.0895 
Epoch 71, current loss (training) 0.3648, current loss (val) 1.1663, best loss (val) 1.0895 
Epoch 72, current loss (training) 0.3557, current loss (val) 1.1809, best loss (val) 1.0895 
Epoch 73, current loss (training) 0.4698, current loss (val) 1.1915, best loss (val) 1.0895 
Epoch 74, current loss (training) 0.3661, current loss (val) 1.1504, best loss (val) 1.0895 
Epoch 75, current loss (training) 0.5247, current loss (val) 1.1450, best loss (val) 1.0895 
Epoch 76, current loss (training) 0.3760, current loss (val) 1.1659, best loss (val) 1.0895 
Epoch 77, current loss (training) 0.3759, current loss (val) 1.1737, best loss (val) 1.0895 
Epoch 78, current loss (training) 0.3559, current loss (val) 1.1691, best loss (val) 1.0895 
Epoch 79, current loss (training) 0.3689, current loss (val) 1.1582, best loss (val) 1.0895 
Epoch 80, current loss (training) 0.4137, current loss (val) 1.1630, best loss (val) 1.0895 
Epoch 81, current loss (training) 0.3532, current loss (val) 1.1731, best loss (val) 1.0895 
Epoch 82, current loss (training) 0.3587, current loss (val) 1.1774, best loss (val) 1.0895 
Epoch 83, current loss (training) 0.3504, current loss (val) 1.1579, best loss (val) 1.0895 
Epoch 84, current loss (training) 0.3609, current loss (val) 1.1881, best loss (val) 1.0895 
Epoch 85, current loss (training) 0.3576, current loss (val) 1.2072, best loss (val) 1.0895 
Epoch 86, current loss (training) 0.3636, current loss (val) 1.1730, best loss (val) 1.0895 
Epoch 87, current loss (training) 0.3619, current loss (val) 1.1985, best loss (val) 1.0895 
Epoch 88, current loss (training) 0.3544, current loss (val) 1.1841, best loss (val) 1.0895 
Epoch 89, current loss (training) 0.3876, current loss (val) 1.1979, best loss (val) 1.0895 
Epoch 90, current loss (training) 0.3673, current loss (val) 1.1942, best loss (val) 1.0895 
Epoch 91, current loss (training) 0.3619, current loss (val) 1.2196, best loss (val) 1.0895 
Epoch 92, current loss (training) 0.3781, current loss (val) 1.2048, best loss (val) 1.0895 
Epoch 93, current loss (training) 0.4243, current loss (val) 1.2133, best loss (val) 1.0895 
Epoch 94, current loss (training) 0.3501, current loss (val) 1.1654, best loss (val) 1.0895 
Epoch 95, current loss (training) 0.5279, current loss (val) 1.2231, best loss (val) 1.0895 
Epoch 96, current loss (training) 0.3493, current loss (val) 1.2196, best loss (val) 1.0895 
Epoch 97, current loss (training) 0.3716, current loss (val) 1.2296, best loss (val) 1.0895 
Epoch 98, current loss (training) 0.3551, current loss (val) 1.1956, best loss (val) 1.0895 
Epoch 99, current loss (training) 0.3481, current loss (val) 1.1871, best loss (val) 1.0895 
Epoch 100, current loss (training) 0.3789, current loss (val) 1.1947, best loss (val) 1.0895 
Epoch 101, current loss (training) 0.3418, current loss (val) 1.1751, best loss (val) 1.0895 
Epoch 102, current loss (training) 0.3480, current loss (val) 1.1989, best loss (val) 1.0895 
Epoch 103, current loss (training) 0.3600, current loss (val) 1.1979, best loss (val) 1.0895 
Epoch 104, current loss (training) 0.3518, current loss (val) 1.1897, best loss (val) 1.0895 
Epoch 105, current loss (training) 0.3731, current loss (val) 1.1666, best loss (val) 1.0895 
Epoch 106, current loss (training) 0.3598, current loss (val) 1.1686, best loss (val) 1.0895 
Epoch 107, current loss (training) 0.3484, current loss (val) 1.1813, best loss (val) 1.0895 
Epoch 108, current loss (training) 0.3478, current loss (val) 1.1791, best loss (val) 1.0895 
Epoch 109, current loss (training) 0.4456, current loss (val) 1.1854, best loss (val) 1.0895 
Epoch 110, current loss (training) 0.3929, current loss (val) 1.2026, best loss (val) 1.0895 
Epoch 111, current loss (training) 0.3532, current loss (val) 1.1835, best loss (val) 1.0895 
Epoch 112, current loss (training) 0.3421, current loss (val) 1.1856, best loss (val) 1.0895 
Epoch 113, current loss (training) 0.3559, current loss (val) 1.1928, best loss (val) 1.0895 
Epoch 114, current loss (training) 0.3649, current loss (val) 1.1807, best loss (val) 1.0895 
Epoch 115, current loss (training) 0.3496, current loss (val) 1.1868, best loss (val) 1.0895 
Epoch 116, current loss (training) 0.3450, current loss (val) 1.1964, best loss (val) 1.0895 
Epoch 117, current loss (training) 0.3531, current loss (val) 1.1543, best loss (val) 1.0895 
Epoch 118, current loss (training) 0.3488, current loss (val) 1.1750, best loss (val) 1.0895 
Epoch 119, current loss (training) 0.3982, current loss (val) 1.1823, best loss (val) 1.0895 
Epoch 120, current loss (training) 0.6071, current loss (val) 1.2130, best loss (val) 1.0895 
Epoch 121, current loss (training) 0.3516, current loss (val) 1.1799, best loss (val) 1.0895 
Epoch 122, current loss (training) 0.3576, current loss (val) 1.1725, best loss (val) 1.0895 
Epoch 123, current loss (training) 0.3488, current loss (val) 1.2218, best loss (val) 1.0895 
Epoch 124, current loss (training) 0.3436, current loss (val) 1.1801, best loss (val) 1.0895 
Epoch 125, current loss (training) 0.3337, current loss (val) 1.1942, best loss (val) 1.0895 
Epoch 126, current loss (training) 0.3684, current loss (val) 1.1823, best loss (val) 1.0895 
Epoch 127, current loss (training) 0.3487, current loss (val) 1.1739, best loss (val) 1.0895 
Epoch 128, current loss (training) 0.3451, current loss (val) 1.2094, best loss (val) 1.0895 
Epoch 129, current loss (training) 0.3576, current loss (val) 1.1942, best loss (val) 1.0895 
Epoch 130, current loss (training) 0.3590, current loss (val) 1.1908, best loss (val) 1.0895 
Epoch 131, current loss (training) 0.3334, current loss (val) 1.1624, best loss (val) 1.0895 
Epoch 132, current loss (training) 0.3415, current loss (val) 1.1860, best loss (val) 1.0895 
Epoch 133, current loss (training) 0.3422, current loss (val) 1.1899, best loss (val) 1.0895 
Epoch 134, current loss (training) 0.4613, current loss (val) 1.2517, best loss (val) 1.0895 
Epoch 135, current loss (training) 0.3410, current loss (val) 1.2028, best loss (val) 1.0895 
Epoch 136, current loss (training) 0.3881, current loss (val) 1.2036, best loss (val) 1.0895 
Epoch 137, current loss (training) 0.3241, current loss (val) 1.1780, best loss (val) 1.0895 
Epoch 138, current loss (training) 0.4245, current loss (val) 1.2067, best loss (val) 1.0895 
Epoch 139, current loss (training) 0.3886, current loss (val) 1.1922, best loss (val) 1.0895 
Epoch 140, current loss (training) 0.3360, current loss (val) 1.1947, best loss (val) 1.0895 
Epoch 141, current loss (training) 0.3296, current loss (val) 1.1918, best loss (val) 1.0895 
Epoch 142, current loss (training) 0.3334, current loss (val) 1.2003, best loss (val) 1.0895 
Epoch 143, current loss (training) 0.3230, current loss (val) 1.1760, best loss (val) 1.0895 
Epoch 144, current loss (training) 0.3409, current loss (val) 1.2042, best loss (val) 1.0895 
Epoch 145, current loss (training) 0.4035, current loss (val) 1.2958, best loss (val) 1.0895 
Epoch 146, current loss (training) 0.3306, current loss (val) 1.1903, best loss (val) 1.0895 
Epoch 147, current loss (training) 0.3365, current loss (val) 1.2017, best loss (val) 1.0895 
Epoch 148, current loss (training) 0.3297, current loss (val) 1.1824, best loss (val) 1.0895 
Epoch 149, current loss (training) 0.3305, current loss (val) 1.1970, best loss (val) 1.0895 
Epoch 150, current loss (training) 0.3369, current loss (val) 1.1724, best loss (val) 1.0895 
Epoch 151, current loss (training) 0.3317, current loss (val) 1.1930, best loss (val) 1.0895 
Epoch 152, current loss (training) 0.3320, current loss (val) 1.2140, best loss (val) 1.0895 
Epoch 153, current loss (training) 0.3400, current loss (val) 1.1611, best loss (val) 1.0895 
Epoch 154, current loss (training) 0.3418, current loss (val) 1.2257, best loss (val) 1.0895 
Epoch 155, current loss (training) 0.3344, current loss (val) 1.1839, best loss (val) 1.0895 
Epoch 156, current loss (training) 0.3399, current loss (val) 1.1882, best loss (val) 1.0895 
Epoch 157, current loss (training) 0.3476, current loss (val) 1.1742, best loss (val) 1.0895 
Epoch 158, current loss (training) 0.3268, current loss (val) 1.1839, best loss (val) 1.0895 
Epoch 159, current loss (training) 0.3259, current loss (val) 1.1812, best loss (val) 1.0895 
Epoch 160, current loss (training) 0.3354, current loss (val) 1.1742, best loss (val) 1.0895 
Epoch 161, current loss (training) 0.3600, current loss (val) 1.2156, best loss (val) 1.0895 
Epoch 162, current loss (training) 0.3378, current loss (val) 1.2021, best loss (val) 1.0895 
Epoch 163, current loss (training) 0.3436, current loss (val) 1.1836, best loss (val) 1.0895 
Epoch 164, current loss (training) 0.3201, current loss (val) 1.2025, best loss (val) 1.0895 
Epoch 165, current loss (training) 0.3503, current loss (val) 1.1775, best loss (val) 1.0895 
Epoch 166, current loss (training) 0.3269, current loss (val) 1.1933, best loss (val) 1.0895 
Epoch 167, current loss (training) 0.4805, current loss (val) 1.4418, best loss (val) 1.0895 
Epoch 168, current loss (training) 0.3353, current loss (val) 1.1936, best loss (val) 1.0895 
Epoch 169, current loss (training) 0.3371, current loss (val) 1.1936, best loss (val) 1.0895 
Epoch 170, current loss (training) 0.3222, current loss (val) 1.2105, best loss (val) 1.0895 
Epoch 171, current loss (training) 0.3337, current loss (val) 1.2139, best loss (val) 1.0895 
Epoch 172, current loss (training) 0.3141, current loss (val) 1.1927, best loss (val) 1.0895 
Epoch 173, current loss (training) 0.3582, current loss (val) 1.1977, best loss (val) 1.0895 
Epoch 174, current loss (training) 0.3379, current loss (val) 1.2063, best loss (val) 1.0895 
Epoch 175, current loss (training) 0.3334, current loss (val) 1.2212, best loss (val) 1.0895 
Epoch 176, current loss (training) 0.3327, current loss (val) 1.1973, best loss (val) 1.0895 
Epoch 177, current loss (training) 0.3199, current loss (val) 1.2180, best loss (val) 1.0895 
Epoch 178, current loss (training) 0.3299, current loss (val) 1.2212, best loss (val) 1.0895 
Epoch 179, current loss (training) 0.3280, current loss (val) 1.2273, best loss (val) 1.0895 
Epoch 180, current loss (training) 0.3652, current loss (val) 1.2591, best loss (val) 1.0895 
Epoch 181, current loss (training) 0.3374, current loss (val) 1.2174, best loss (val) 1.0895 
Epoch 182, current loss (training) 0.3300, current loss (val) 1.2033, best loss (val) 1.0895 
Epoch 183, current loss (training) 0.3290, current loss (val) 1.2022, best loss (val) 1.0895 
Epoch 184, current loss (training) 0.3271, current loss (val) 1.1856, best loss (val) 1.0895 
Epoch 185, current loss (training) 0.3211, current loss (val) 1.1988, best loss (val) 1.0895 
Epoch 186, current loss (training) 0.3249, current loss (val) 1.1875, best loss (val) 1.0895 
Epoch 187, current loss (training) 0.3316, current loss (val) 1.2170, best loss (val) 1.0895 
Epoch 188, current loss (training) 0.3427, current loss (val) 1.1841, best loss (val) 1.0895 
Epoch 189, current loss (training) 0.3721, current loss (val) 1.1996, best loss (val) 1.0895 
Epoch 190, current loss (training) 0.3469, current loss (val) 1.2301, best loss (val) 1.0895 
Epoch 191, current loss (training) 0.3243, current loss (val) 1.2193, best loss (val) 1.0895 
Epoch 192, current loss (training) 0.3286, current loss (val) 1.2120, best loss (val) 1.0895 
Epoch 193, current loss (training) 0.3406, current loss (val) 1.2158, best loss (val) 1.0895 
Epoch 194, current loss (training) 0.3300, current loss (val) 1.2050, best loss (val) 1.0895 
Epoch 195, current loss (training) 0.3138, current loss (val) 1.2003, best loss (val) 1.0895 
Epoch 196, current loss (training) 0.3307, current loss (val) 1.1966, best loss (val) 1.0895 
Epoch 197, current loss (training) 0.3230, current loss (val) 1.2113, best loss (val) 1.0895 
Epoch 198, current loss (training) 0.3267, current loss (val) 1.2180, best loss (val) 1.0895 
Epoch 199, current loss (training) 0.3240, current loss (val) 1.1753, best loss (val) 1.0895 
Epoch 200, current loss (training) 0.3238, current loss (val) 1.2251, best loss (val) 1.0895 
Epoch 201, current loss (training) 0.3680, current loss (val) 1.1954, best loss (val) 1.0895 
Epoch 202, current loss (training) 0.3160, current loss (val) 1.2115, best loss (val) 1.0895 
Epoch 203, current loss (training) 0.3220, current loss (val) 1.2097, best loss (val) 1.0895 
Epoch 204, current loss (training) 0.3322, current loss (val) 1.2299, best loss (val) 1.0895 
Epoch 205, current loss (training) 0.3193, current loss (val) 1.2302, best loss (val) 1.0895 
Epoch 206, current loss (training) 0.3223, current loss (val) 1.2069, best loss (val) 1.0895 
Epoch 207, current loss (training) 0.3302, current loss (val) 1.2301, best loss (val) 1.0895 
Epoch 208, current loss (training) 0.3303, current loss (val) 1.2356, best loss (val) 1.0895 
Epoch 209, current loss (training) 0.3559, current loss (val) 1.2050, best loss (val) 1.0895 
Epoch 210, current loss (training) 0.3285, current loss (val) 1.2013, best loss (val) 1.0895 
Epoch 211, current loss (training) 0.3262, current loss (val) 1.2328, best loss (val) 1.0895 
Epoch 212, current loss (training) 0.3178, current loss (val) 1.2146, best loss (val) 1.0895 
Epoch 213, current loss (training) 0.3317, current loss (val) 1.2228, best loss (val) 1.0895 
Epoch 214, current loss (training) 0.3334, current loss (val) 1.2000, best loss (val) 1.0895 
Epoch 215, current loss (training) 0.3383, current loss (val) 1.2316, best loss (val) 1.0895 
Epoch 216, current loss (training) 0.3531, current loss (val) 1.2029, best loss (val) 1.0895 
Epoch 217, current loss (training) 0.3100, current loss (val) 1.2186, best loss (val) 1.0895 
Epoch 218, current loss (training) 0.3205, current loss (val) 1.2535, best loss (val) 1.0895 
Epoch 219, current loss (training) 0.3539, current loss (val) 1.2546, best loss (val) 1.0895 
Epoch 220, current loss (training) 0.3307, current loss (val) 1.2340, best loss (val) 1.0895 
Epoch 221, current loss (training) 0.4658, current loss (val) 1.2183, best loss (val) 1.0895 
Epoch 222, current loss (training) 0.3182, current loss (val) 1.2182, best loss (val) 1.0895 
Epoch 223, current loss (training) 0.3444, current loss (val) 1.2321, best loss (val) 1.0895 
Epoch 224, current loss (training) 0.3179, current loss (val) 1.2244, best loss (val) 1.0895 
Epoch 225, current loss (training) 0.3318, current loss (val) 1.1962, best loss (val) 1.0895 
Epoch 226, current loss (training) 0.3318, current loss (val) 1.2390, best loss (val) 1.0895 
Epoch 227, current loss (training) 0.3223, current loss (val) 1.2144, best loss (val) 1.0895 
Epoch 228, current loss (training) 0.4099, current loss (val) 1.2127, best loss (val) 1.0895 
Epoch 229, current loss (training) 0.3436, current loss (val) 1.2168, best loss (val) 1.0895 
Epoch 230, current loss (training) 0.3231, current loss (val) 1.2156, best loss (val) 1.0895 
Epoch 231, current loss (training) 0.3197, current loss (val) 1.2146, best loss (val) 1.0895 
Epoch 232, current loss (training) 0.4318, current loss (val) 1.2093, best loss (val) 1.0895 
Epoch 233, current loss (training) 0.3221, current loss (val) 1.1977, best loss (val) 1.0895 
Epoch 234, current loss (training) 0.3294, current loss (val) 1.2203, best loss (val) 1.0895 
Epoch 235, current loss (training) 0.3195, current loss (val) 1.1900, best loss (val) 1.0895 
Epoch 236, current loss (training) 0.3350, current loss (val) 1.2193, best loss (val) 1.0895 
Epoch 237, current loss (training) 0.3360, current loss (val) 1.1823, best loss (val) 1.0895 
Epoch 238, current loss (training) 0.3279, current loss (val) 1.2211, best loss (val) 1.0895 
Epoch 239, current loss (training) 0.3154, current loss (val) 1.2106, best loss (val) 1.0895 
Epoch 240, current loss (training) 0.3212, current loss (val) 1.1898, best loss (val) 1.0895 
Epoch 241, current loss (training) 0.3971, current loss (val) 1.1979, best loss (val) 1.0895 
Epoch 242, current loss (training) 0.3261, current loss (val) 1.1839, best loss (val) 1.0895 
Epoch 243, current loss (training) 0.3371, current loss (val) 1.2315, best loss (val) 1.0895 
Epoch 244, current loss (training) 0.3250, current loss (val) 1.2398, best loss (val) 1.0895 
Epoch 245, current loss (training) 0.3232, current loss (val) 1.2303, best loss (val) 1.0895 
Epoch 246, current loss (training) 0.3249, current loss (val) 1.1993, best loss (val) 1.0895 
Epoch 247, current loss (training) 0.3375, current loss (val) 1.1932, best loss (val) 1.0895 
Epoch 248, current loss (training) 0.3199, current loss (val) 1.2040, best loss (val) 1.0895 
Epoch 249, current loss (training) 0.3188, current loss (val) 1.2087, best loss (val) 1.0895 
Epoch 250, current loss (training) 0.3180, current loss (val) 1.1988, best loss (val) 1.0895 
Epoch 251, current loss (training) 0.3406, current loss (val) 1.1916, best loss (val) 1.0895 
Epoch 252, current loss (training) 0.3430, current loss (val) 1.2331, best loss (val) 1.0895 
Epoch 253, current loss (training) 0.3180, current loss (val) 1.2211, best loss (val) 1.0895 
Epoch 254, current loss (training) 0.3211, current loss (val) 1.1974, best loss (val) 1.0895 
Epoch 255, current loss (training) 0.3101, current loss (val) 1.2150, best loss (val) 1.0895 
Epoch 256, current loss (training) 0.3152, current loss (val) 1.2077, best loss (val) 1.0895 
Epoch 257, current loss (training) 0.3208, current loss (val) 1.2091, best loss (val) 1.0895 
Epoch 258, current loss (training) 0.3390, current loss (val) 1.1839, best loss (val) 1.0895 
Epoch 259, current loss (training) 0.3173, current loss (val) 1.1993, best loss (val) 1.0895 
Epoch 260, current loss (training) 0.3162, current loss (val) 1.2113, best loss (val) 1.0895 
Epoch 261, current loss (training) 0.3085, current loss (val) 1.1954, best loss (val) 1.0895 
Epoch 262, current loss (training) 0.3122, current loss (val) 1.2079, best loss (val) 1.0895 
Epoch 263, current loss (training) 0.3268, current loss (val) 1.2004, best loss (val) 1.0895 
Epoch 264, current loss (training) 0.3122, current loss (val) 1.2172, best loss (val) 1.0895 
Epoch 265, current loss (training) 0.3280, current loss (val) 1.2274, best loss (val) 1.0895 
Epoch 266, current loss (training) 0.3384, current loss (val) 1.2430, best loss (val) 1.0895 
Epoch 267, current loss (training) 0.3172, current loss (val) 1.1945, best loss (val) 1.0895 
Epoch 268, current loss (training) 0.3494, current loss (val) 1.2599, best loss (val) 1.0895 
Epoch 269, current loss (training) 0.3188, current loss (val) 1.1932, best loss (val) 1.0895 
Epoch 270, current loss (training) 0.4670, current loss (val) 1.2180, best loss (val) 1.0895 
Epoch 271, current loss (training) 0.3153, current loss (val) 1.2254, best loss (val) 1.0895 
Epoch 272, current loss (training) 0.3442, current loss (val) 1.1895, best loss (val) 1.0895 
Epoch 273, current loss (training) 0.3178, current loss (val) 1.2211, best loss (val) 1.0895 
Epoch 274, current loss (training) 0.3378, current loss (val) 1.2606, best loss (val) 1.0895 
Epoch 275, current loss (training) 0.3273, current loss (val) 1.2179, best loss (val) 1.0895 
Epoch 276, current loss (training) 0.3162, current loss (val) 1.2233, best loss (val) 1.0895 
Epoch 277, current loss (training) 0.3155, current loss (val) 1.2246, best loss (val) 1.0895 
Epoch 278, current loss (training) 0.3106, current loss (val) 1.2209, best loss (val) 1.0895 
Epoch 279, current loss (training) 0.3284, current loss (val) 1.2012, best loss (val) 1.0895 
Epoch 280, current loss (training) 0.3368, current loss (val) 1.1930, best loss (val) 1.0895 
Epoch 281, current loss (training) 0.3632, current loss (val) 1.2004, best loss (val) 1.0895 
Epoch 282, current loss (training) 0.3125, current loss (val) 1.2149, best loss (val) 1.0895 
Epoch 283, current loss (training) 0.3189, current loss (val) 1.2099, best loss (val) 1.0895 
Epoch 284, current loss (training) 0.3749, current loss (val) 1.2050, best loss (val) 1.0895 
Epoch 285, current loss (training) 0.3120, current loss (val) 1.2069, best loss (val) 1.0895 
Epoch 286, current loss (training) 0.3200, current loss (val) 1.2165, best loss (val) 1.0895 
Epoch 287, current loss (training) 0.3292, current loss (val) 1.2264, best loss (val) 1.0895 
Epoch 288, current loss (training) 0.3296, current loss (val) 1.2045, best loss (val) 1.0895 
Epoch 289, current loss (training) 0.3118, current loss (val) 1.1988, best loss (val) 1.0895 
Epoch 290, current loss (training) 0.3153, current loss (val) 1.2313, best loss (val) 1.0895 
Epoch 291, current loss (training) 0.3270, current loss (val) 1.1965, best loss (val) 1.0895 
Epoch 292, current loss (training) 0.3129, current loss (val) 1.2053, best loss (val) 1.0895 
Epoch 293, current loss (training) 0.3231, current loss (val) 1.2133, best loss (val) 1.0895 
Epoch 294, current loss (training) 0.3247, current loss (val) 1.2127, best loss (val) 1.0895 
Epoch 295, current loss (training) 0.3153, current loss (val) 1.2142, best loss (val) 1.0895 
Epoch 296, current loss (training) 0.3120, current loss (val) 1.1837, best loss (val) 1.0895 
Epoch 297, current loss (training) 0.3190, current loss (val) 1.2224, best loss (val) 1.0895 
Epoch 298, current loss (training) 0.3322, current loss (val) 1.2180, best loss (val) 1.0895 
Epoch 299, current loss (training) 0.3247, current loss (val) 1.2464, best loss (val) 1.0895 
Epoch 300, current loss (training) 0.3473, current loss (val) 1.2108, best loss (val) 1.0895 
Epoch 301, current loss (training) 0.3051, current loss (val) 1.2173, best loss (val) 1.0895 
Epoch 302, current loss (training) 0.3081, current loss (val) 1.2164, best loss (val) 1.0895 
Epoch 303, current loss (training) 0.3176, current loss (val) 1.2181, best loss (val) 1.0895 
Epoch 304, current loss (training) 0.3185, current loss (val) 1.2083, best loss (val) 1.0895 
Epoch 305, current loss (training) 0.3156, current loss (val) 1.2112, best loss (val) 1.0895 
Epoch 306, current loss (training) 0.3374, current loss (val) 1.2164, best loss (val) 1.0895 
Epoch 307, current loss (training) 0.3071, current loss (val) 1.2268, best loss (val) 1.0895 
Epoch 308, current loss (training) 0.3153, current loss (val) 1.1990, best loss (val) 1.0895 
Epoch 309, current loss (training) 0.4799, current loss (val) 1.2176, best loss (val) 1.0895 
Epoch 310, current loss (training) 0.3230, current loss (val) 1.2219, best loss (val) 1.0895 
Epoch 311, current loss (training) 0.3159, current loss (val) 1.2183, best loss (val) 1.0895 
Epoch 312, current loss (training) 0.3209, current loss (val) 1.2224, best loss (val) 1.0895 
Epoch 313, current loss (training) 0.3334, current loss (val) 1.1900, best loss (val) 1.0895 
Epoch 314, current loss (training) 0.3422, current loss (val) 1.2543, best loss (val) 1.0895 
Epoch 315, current loss (training) 0.3615, current loss (val) 1.2223, best loss (val) 1.0895 
Epoch 316, current loss (training) 0.3094, current loss (val) 1.2400, best loss (val) 1.0895 
Epoch 317, current loss (training) 0.3243, current loss (val) 1.2082, best loss (val) 1.0895 
Epoch 318, current loss (training) 0.3485, current loss (val) 1.2177, best loss (val) 1.0895 
Epoch 319, current loss (training) 0.3142, current loss (val) 1.2311, best loss (val) 1.0895 
Epoch 320, current loss (training) 0.3272, current loss (val) 1.2137, best loss (val) 1.0895 
Epoch 321, current loss (training) 0.3251, current loss (val) 1.2080, best loss (val) 1.0895 
Epoch 322, current loss (training) 0.3015, current loss (val) 1.1984, best loss (val) 1.0895 
Epoch 323, current loss (training) 0.3174, current loss (val) 1.2183, best loss (val) 1.0895 
Epoch 324, current loss (training) 0.3209, current loss (val) 1.2128, best loss (val) 1.0895 
Epoch 325, current loss (training) 0.3572, current loss (val) 1.2065, best loss (val) 1.0895 
Epoch 326, current loss (training) 0.3154, current loss (val) 1.2222, best loss (val) 1.0895 
Epoch 327, current loss (training) 0.3209, current loss (val) 1.2100, best loss (val) 1.0895 
Epoch 328, current loss (training) 0.3132, current loss (val) 1.1979, best loss (val) 1.0895 
Epoch 329, current loss (training) 0.3617, current loss (val) 1.2415, best loss (val) 1.0895 
Epoch 330, current loss (training) 0.3156, current loss (val) 1.2245, best loss (val) 1.0895 
Epoch 331, current loss (training) 0.3114, current loss (val) 1.2162, best loss (val) 1.0895 
Epoch 332, current loss (training) 0.3235, current loss (val) 1.2219, best loss (val) 1.0895 
Epoch 333, current loss (training) 0.3194, current loss (val) 1.2495, best loss (val) 1.0895 
Epoch 334, current loss (training) 0.3017, current loss (val) 1.2507, best loss (val) 1.0895 
Epoch 335, current loss (training) 0.3142, current loss (val) 1.2425, best loss (val) 1.0895 
Epoch 336, current loss (training) 0.3192, current loss (val) 1.2311, best loss (val) 1.0895 
Epoch 337, current loss (training) 0.3111, current loss (val) 1.2374, best loss (val) 1.0895 
Epoch 338, current loss (training) 0.3171, current loss (val) 1.2164, best loss (val) 1.0895 
Epoch 339, current loss (training) 0.3225, current loss (val) 1.2107, best loss (val) 1.0895 
Epoch 340, current loss (training) 0.3189, current loss (val) 1.2212, best loss (val) 1.0895 
Epoch 341, current loss (training) 0.3307, current loss (val) 1.2387, best loss (val) 1.0895 
Epoch 342, current loss (training) 0.3283, current loss (val) 1.2465, best loss (val) 1.0895 
Epoch 343, current loss (training) 0.3097, current loss (val) 1.2252, best loss (val) 1.0895 
Epoch 344, current loss (training) 0.3073, current loss (val) 1.2235, best loss (val) 1.0895 
Epoch 345, current loss (training) 0.3169, current loss (val) 1.2300, best loss (val) 1.0895 
Epoch 346, current loss (training) 0.3228, current loss (val) 1.2167, best loss (val) 1.0895 
Epoch 347, current loss (training) 0.3159, current loss (val) 1.2443, best loss (val) 1.0895 
Epoch 348, current loss (training) 0.3056, current loss (val) 1.2300, best loss (val) 1.0895 
Epoch 349, current loss (training) 0.3545, current loss (val) 1.2313, best loss (val) 1.0895 
Epoch 350, current loss (training) 0.3506, current loss (val) 1.2283, best loss (val) 1.0895 
Epoch 351, current loss (training) 0.3087, current loss (val) 1.2543, best loss (val) 1.0895 
Epoch 352, current loss (training) 0.3326, current loss (val) 1.2592, best loss (val) 1.0895 
Epoch 353, current loss (training) 0.3678, current loss (val) 1.2188, best loss (val) 1.0895 
Epoch 354, current loss (training) 0.3327, current loss (val) 1.2376, best loss (val) 1.0895 
Epoch 355, current loss (training) 0.3225, current loss (val) 1.2088, best loss (val) 1.0895 
Epoch 356, current loss (training) 0.3305, current loss (val) 1.2366, best loss (val) 1.0895 
Epoch 357, current loss (training) 0.3184, current loss (val) 1.2481, best loss (val) 1.0895 
Epoch 358, current loss (training) 0.3223, current loss (val) 1.1890, best loss (val) 1.0895 
Epoch 359, current loss (training) 0.3108, current loss (val) 1.2363, best loss (val) 1.0895 
Epoch 360, current loss (training) 0.3138, current loss (val) 1.2351, best loss (val) 1.0895 
Epoch 361, current loss (training) 0.3202, current loss (val) 1.2464, best loss (val) 1.0895 
Epoch 362, current loss (training) 0.3397, current loss (val) 1.2222, best loss (val) 1.0895 
Epoch 363, current loss (training) 0.3160, current loss (val) 1.2206, best loss (val) 1.0895 
Epoch 364, current loss (training) 0.3324, current loss (val) 1.2478, best loss (val) 1.0895 
Epoch 365, current loss (training) 0.3041, current loss (val) 1.2342, best loss (val) 1.0895 
Epoch 366, current loss (training) 0.3347, current loss (val) 1.2338, best loss (val) 1.0895 
Epoch 367, current loss (training) 0.3165, current loss (val) 1.2262, best loss (val) 1.0895 
Epoch 368, current loss (training) 0.3110, current loss (val) 1.2365, best loss (val) 1.0895 
Epoch 369, current loss (training) 0.3105, current loss (val) 1.2266, best loss (val) 1.0895 
Epoch 370, current loss (training) 0.3086, current loss (val) 1.2321, best loss (val) 1.0895 
Epoch 371, current loss (training) 0.3137, current loss (val) 1.2484, best loss (val) 1.0895 
Epoch 372, current loss (training) 0.3139, current loss (val) 1.2457, best loss (val) 1.0895 
Epoch 373, current loss (training) 0.3187, current loss (val) 1.2185, best loss (val) 1.0895 
Epoch 374, current loss (training) 0.3143, current loss (val) 1.2404, best loss (val) 1.0895 
Epoch 375, current loss (training) 0.3318, current loss (val) 1.2125, best loss (val) 1.0895 
Epoch 376, current loss (training) 0.3070, current loss (val) 1.2189, best loss (val) 1.0895 
Epoch 377, current loss (training) 0.3280, current loss (val) 1.2562, best loss (val) 1.0895 
Epoch 378, current loss (training) 0.3386, current loss (val) 1.2078, best loss (val) 1.0895 
Epoch 379, current loss (training) 0.3158, current loss (val) 1.2278, best loss (val) 1.0895 
Epoch 380, current loss (training) 0.3161, current loss (val) 1.2282, best loss (val) 1.0895 
Epoch 381, current loss (training) 0.3381, current loss (val) 1.2269, best loss (val) 1.0895 
Epoch 382, current loss (training) 0.3467, current loss (val) 1.2492, best loss (val) 1.0895 
Epoch 383, current loss (training) 0.3245, current loss (val) 1.2462, best loss (val) 1.0895 
Epoch 384, current loss (training) 0.3114, current loss (val) 1.2432, best loss (val) 1.0895 
Epoch 385, current loss (training) 0.3027, current loss (val) 1.2428, best loss (val) 1.0895 
Epoch 386, current loss (training) 0.4443, current loss (val) 1.2161, best loss (val) 1.0895 
Epoch 387, current loss (training) 0.3772, current loss (val) 1.2438, best loss (val) 1.0895 
Epoch 388, current loss (training) 0.3174, current loss (val) 1.2002, best loss (val) 1.0895 
Epoch 389, current loss (training) 0.3026, current loss (val) 1.2336, best loss (val) 1.0895 
Epoch 390, current loss (training) 0.3426, current loss (val) 1.2045, best loss (val) 1.0895 
Epoch 391, current loss (training) 0.3002, current loss (val) 1.2325, best loss (val) 1.0895 
Epoch 392, current loss (training) 0.3150, current loss (val) 1.2773, best loss (val) 1.0895 
Epoch 393, current loss (training) 0.3245, current loss (val) 1.2617, best loss (val) 1.0895 
Epoch 394, current loss (training) 0.3198, current loss (val) 1.2337, best loss (val) 1.0895 
Epoch 395, current loss (training) 0.3157, current loss (val) 1.2335, best loss (val) 1.0895 
Epoch 396, current loss (training) 0.3109, current loss (val) 1.2436, best loss (val) 1.0895 
Epoch 397, current loss (training) 0.3146, current loss (val) 1.2487, best loss (val) 1.0895 
Epoch 398, current loss (training) 0.3375, current loss (val) 1.2640, best loss (val) 1.0895 
Epoch 399, current loss (training) 0.3052, current loss (val) 1.2444, best loss (val) 1.0895 
Epoch 400, current loss (training) 0.3059, current loss (val) 1.2367, best loss (val) 1.0895 
Epoch 401, current loss (training) 0.3154, current loss (val) 1.2484, best loss (val) 1.0895 
Epoch 402, current loss (training) 0.3101, current loss (val) 1.2404, best loss (val) 1.0895 
Epoch 403, current loss (training) 0.3017, current loss (val) 1.2377, best loss (val) 1.0895 
Epoch 404, current loss (training) 0.3166, current loss (val) 1.2253, best loss (val) 1.0895 
Epoch 405, current loss (training) 0.3298, current loss (val) 1.2355, best loss (val) 1.0895 
Epoch 406, current loss (training) 0.3009, current loss (val) 1.2209, best loss (val) 1.0895 
Epoch 407, current loss (training) 0.3229, current loss (val) 1.2175, best loss (val) 1.0895 
Epoch 408, current loss (training) 0.3204, current loss (val) 1.2521, best loss (val) 1.0895 
Epoch 409, current loss (training) 0.3278, current loss (val) 1.2304, best loss (val) 1.0895 
Epoch 410, current loss (training) 0.3140, current loss (val) 1.2382, best loss (val) 1.0895 
Epoch 411, current loss (training) 0.3103, current loss (val) 1.2574, best loss (val) 1.0895 
Epoch 412, current loss (training) 0.3058, current loss (val) 1.2421, best loss (val) 1.0895 
Epoch 413, current loss (training) 0.3128, current loss (val) 1.2220, best loss (val) 1.0895 
Epoch 414, current loss (training) 0.3077, current loss (val) 1.2251, best loss (val) 1.0895 
Epoch 415, current loss (training) 0.3315, current loss (val) 1.2278, best loss (val) 1.0895 
Epoch 416, current loss (training) 0.3137, current loss (val) 1.2371, best loss (val) 1.0895 
Epoch 417, current loss (training) 0.3202, current loss (val) 1.2296, best loss (val) 1.0895 
Epoch 418, current loss (training) 0.3134, current loss (val) 1.2585, best loss (val) 1.0895 
Epoch 419, current loss (training) 0.3156, current loss (val) 1.2296, best loss (val) 1.0895 
Epoch 420, current loss (training) 0.3320, current loss (val) 1.2533, best loss (val) 1.0895 
Epoch 421, current loss (training) 0.3109, current loss (val) 1.2129, best loss (val) 1.0895 
Epoch 422, current loss (training) 0.3071, current loss (val) 1.2145, best loss (val) 1.0895 
Epoch 423, current loss (training) 0.3190, current loss (val) 1.2397, best loss (val) 1.0895 
Epoch 424, current loss (training) 0.3119, current loss (val) 1.2423, best loss (val) 1.0895 
Epoch 425, current loss (training) 0.3105, current loss (val) 1.2304, best loss (val) 1.0895 
Epoch 426, current loss (training) 0.4335, current loss (val) 1.4012, best loss (val) 1.0895 
Epoch 427, current loss (training) 0.3086, current loss (val) 1.2445, best loss (val) 1.0895 
Epoch 428, current loss (training) 0.3095, current loss (val) 1.2333, best loss (val) 1.0895 
Epoch 429, current loss (training) 0.3317, current loss (val) 1.2377, best loss (val) 1.0895 
Epoch 430, current loss (training) 0.3065, current loss (val) 1.2189, best loss (val) 1.0895 
Epoch 431, current loss (training) 0.3203, current loss (val) 1.2293, best loss (val) 1.0895 
Epoch 432, current loss (training) 0.3088, current loss (val) 1.2422, best loss (val) 1.0895 
Epoch 433, current loss (training) 0.3081, current loss (val) 1.2351, best loss (val) 1.0895 
Epoch 434, current loss (training) 0.3183, current loss (val) 1.2237, best loss (val) 1.0895 
Epoch 435, current loss (training) 0.3123, current loss (val) 1.2654, best loss (val) 1.0895 
Epoch 436, current loss (training) 0.3178, current loss (val) 1.2470, best loss (val) 1.0895 
Epoch 437, current loss (training) 0.3158, current loss (val) 1.2315, best loss (val) 1.0895 
Epoch 438, current loss (training) 0.3181, current loss (val) 1.2401, best loss (val) 1.0895 
Epoch 439, current loss (training) 0.3077, current loss (val) 1.2400, best loss (val) 1.0895 
Epoch 440, current loss (training) 0.3136, current loss (val) 1.2572, best loss (val) 1.0895 
Epoch 441, current loss (training) 0.3186, current loss (val) 1.2685, best loss (val) 1.0895 
Epoch 442, current loss (training) 0.3135, current loss (val) 1.2442, best loss (val) 1.0895 
Epoch 443, current loss (training) 0.3176, current loss (val) 1.2557, best loss (val) 1.0895 
Epoch 444, current loss (training) 0.3113, current loss (val) 1.2511, best loss (val) 1.0895 
Epoch 445, current loss (training) 0.3099, current loss (val) 1.2449, best loss (val) 1.0895 
Epoch 446, current loss (training) 0.3230, current loss (val) 1.2585, best loss (val) 1.0895 
Epoch 447, current loss (training) 0.3119, current loss (val) 1.2228, best loss (val) 1.0895 
Epoch 448, current loss (training) 0.3222, current loss (val) 1.2298, best loss (val) 1.0895 
Epoch 449, current loss (training) 0.3343, current loss (val) 1.2440, best loss (val) 1.0895 
Epoch 450, current loss (training) 0.3008, current loss (val) 1.2202, best loss (val) 1.0895 
Epoch 451, current loss (training) 0.3059, current loss (val) 1.2431, best loss (val) 1.0895 
Epoch 452, current loss (training) 0.3157, current loss (val) 1.2260, best loss (val) 1.0895 
Epoch 453, current loss (training) 0.3149, current loss (val) 1.2355, best loss (val) 1.0895 
Epoch 454, current loss (training) 0.3054, current loss (val) 1.2481, best loss (val) 1.0895 
Epoch 455, current loss (training) 0.3105, current loss (val) 1.2398, best loss (val) 1.0895 
Epoch 456, current loss (training) 0.3258, current loss (val) 1.2772, best loss (val) 1.0895 
Epoch 457, current loss (training) 0.3157, current loss (val) 1.2444, best loss (val) 1.0895 
Epoch 458, current loss (training) 0.3204, current loss (val) 1.2323, best loss (val) 1.0895 
Epoch 459, current loss (training) 0.3076, current loss (val) 1.2561, best loss (val) 1.0895 
Epoch 460, current loss (training) 0.3141, current loss (val) 1.2089, best loss (val) 1.0895 
Epoch 461, current loss (training) 0.3028, current loss (val) 1.2235, best loss (val) 1.0895 
Epoch 462, current loss (training) 0.3120, current loss (val) 1.2237, best loss (val) 1.0895 
Epoch 463, current loss (training) 0.3196, current loss (val) 1.2287, best loss (val) 1.0895 
Epoch 464, current loss (training) 0.3384, current loss (val) 1.2165, best loss (val) 1.0895 
Epoch 465, current loss (training) 0.3064, current loss (val) 1.2283, best loss (val) 1.0895 
Epoch 466, current loss (training) 0.3834, current loss (val) 1.3439, best loss (val) 1.0895 
Epoch 467, current loss (training) 0.3032, current loss (val) 1.2316, best loss (val) 1.0895 
Epoch 468, current loss (training) 0.3097, current loss (val) 1.2401, best loss (val) 1.0895 
Epoch 469, current loss (training) 0.3211, current loss (val) 1.2246, best loss (val) 1.0895 
Epoch 470, current loss (training) 0.4387, current loss (val) 1.2159, best loss (val) 1.0895 
Epoch 471, current loss (training) 0.3232, current loss (val) 1.2474, best loss (val) 1.0895 
Epoch 472, current loss (training) 0.3080, current loss (val) 1.2283, best loss (val) 1.0895 
Epoch 473, current loss (training) 0.3015, current loss (val) 1.2477, best loss (val) 1.0895 
Epoch 474, current loss (training) 0.3040, current loss (val) 1.2477, best loss (val) 1.0895 
Epoch 475, current loss (training) 0.3098, current loss (val) 1.2350, best loss (val) 1.0895 
Epoch 476, current loss (training) 0.2921, current loss (val) 1.2178, best loss (val) 1.0895 
Epoch 477, current loss (training) 0.3184, current loss (val) 1.2376, best loss (val) 1.0895 
Epoch 478, current loss (training) 0.3110, current loss (val) 1.2424, best loss (val) 1.0895 
Epoch 479, current loss (training) 0.3025, current loss (val) 1.1989, best loss (val) 1.0895 
Epoch 480, current loss (training) 0.3120, current loss (val) 1.2344, best loss (val) 1.0895 
Epoch 481, current loss (training) 0.3153, current loss (val) 1.2240, best loss (val) 1.0895 
Epoch 482, current loss (training) 0.3053, current loss (val) 1.2266, best loss (val) 1.0895 
Epoch 483, current loss (training) 0.3169, current loss (val) 1.2446, best loss (val) 1.0895 
Epoch 484, current loss (training) 0.3133, current loss (val) 1.2720, best loss (val) 1.0895 
Epoch 485, current loss (training) 0.3069, current loss (val) 1.2149, best loss (val) 1.0895 
Epoch 486, current loss (training) 0.3296, current loss (val) 1.2403, best loss (val) 1.0895 
Epoch 487, current loss (training) 0.3091, current loss (val) 1.2154, best loss (val) 1.0895 
Epoch 488, current loss (training) 0.3099, current loss (val) 1.2420, best loss (val) 1.0895 
Epoch 489, current loss (training) 0.2965, current loss (val) 1.2556, best loss (val) 1.0895 
Epoch 490, current loss (training) 0.3038, current loss (val) 1.2356, best loss (val) 1.0895 
Epoch 491, current loss (training) 0.3070, current loss (val) 1.2403, best loss (val) 1.0895 
Epoch 492, current loss (training) 0.3327, current loss (val) 1.2435, best loss (val) 1.0895 
Epoch 493, current loss (training) 0.3149, current loss (val) 1.2796, best loss (val) 1.0895 
Epoch 494, current loss (training) 0.3028, current loss (val) 1.2536, best loss (val) 1.0895 
Epoch 495, current loss (training) 0.3014, current loss (val) 1.2409, best loss (val) 1.0895 
Epoch 496, current loss (training) 0.3156, current loss (val) 1.2376, best loss (val) 1.0895 
Epoch 497, current loss (training) 0.3083, current loss (val) 1.2491, best loss (val) 1.0895 
Epoch 498, current loss (training) 0.3116, current loss (val) 1.2299, best loss (val) 1.0895 
Epoch 499, current loss (training) 0.3147, current loss (val) 1.2645, best loss (val) 1.0895 
Epoch 500, current loss (training) 0.3188, current loss (val) 1.2499, best loss (val) 1.0895 
run_time_first_training_cycle:  2457.68 

Epochs 500, batch size, 200
Nbr training obs 500000, nbr parameters 115454, obs/parameters 4.33

Starting abc-rs
Percentage done:  2.00 %
Percentage done:  4.00 %
Percentage done:  6.00 %
Percentage done:  8.00 %
Percentage done:  10.00 %
Percentage done:  12.00 %
Percentage done:  14.00 %
Percentage done:  16.00 %
Percentage done:  18.00 %
Percentage done:  20.00 %
Percentage done:  22.00 %
Percentage done:  24.00 %
Percentage done:  26.00 %
Percentage done:  28.00 %
Percentage done:  30.00 %
Percentage done:  32.00 %
Percentage done:  34.00 %
Percentage done:  36.00 %
Percentage done:  38.00 %
Percentage done:  40.00 %
Percentage done:  42.00 %
Percentage done:  44.00 %
Percentage done:  46.00 %
Percentage done:  48.00 %
Percentage done:  50.00 %
Percentage done:  52.00 %
Percentage done:  54.00 %
Percentage done:  56.00 %
Percentage done:  58.00 %
Percentage done:  60.00 %
Percentage done:  62.00 %
Percentage done:  64.00 %
Percentage done:  66.00 %
Percentage done:  68.00 %
Percentage done:  70.00 %
Percentage done:  72.00 %
Percentage done:  74.00 %
Percentage done:  76.00 %
Percentage done:  78.00 %
Percentage done:  80.00 %
Percentage done:  82.00 %
Percentage done:  84.00 %
Percentage done:  86.00 %
Percentage done:  88.00 %
Percentage done:  90.00 %
Percentage done:  92.00 %
Percentage done:  94.00 %
Percentage done:  96.00 %
Percentage done:  98.00 %
Percentage done:  100.00 %
Ending abc-rs
end script
