Fri Jan  4 00:34:48 2019       
+-----------------------------------------------------------------------------+
| NVIDIA-SMI 410.79       Driver Version: 410.79       CUDA Version: 10.0     |
|-------------------------------+----------------------+----------------------+
| GPU  Name        Persistence-M| Bus-Id        Disp.A | Volatile Uncorr. ECC |
| Fan  Temp  Perf  Pwr:Usage/Cap|         Memory-Usage | GPU-Util  Compute M. |
|===============================+======================+======================|
|   0  Tesla K80           Off  | 00000000:04:00.0 Off |                    0 |
| N/A   31C    P0    65W / 149W |      0MiB / 11441MiB |      0%      Default |
+-------------------------------+----------------------+----------------------+
|   1  Tesla K80           Off  | 00000000:05:00.0 Off |                    0 |
| N/A   41C    P0    75W / 149W |      0MiB / 11441MiB |      0%      Default |
+-------------------------------+----------------------+----------------------+
|   2  Tesla K80           Off  | 00000000:84:00.0 Off |                    0 |
| N/A   30C    P0    59W / 149W |      0MiB / 11441MiB |      0%      Default |
+-------------------------------+----------------------+----------------------+
|   3  Tesla K80           Off  | 00000000:85:00.0 Off |                    0 |
| N/A   40C    P0    74W / 149W |      0MiB / 11441MiB |     53%      Default |
+-------------------------------+----------------------+----------------------+
                                                                               
+-----------------------------------------------------------------------------+
| Processes:                                                       GPU Memory |
|  GPU       PID   Type   Process name                             Usage      |
|=============================================================================|
|  No running processes found                                                 |
+-----------------------------------------------------------------------------+
/home/samwiq/ABC and deep learning project/abc-dl/lunarc
/home/samwiq/ABC and deep learning project/abc-dl
start script
5
check version of Knet
    Status `~/.julia/environments/v1.0/Project.toml`
  [336ed68f] CSV v0.3.1
  [a93c6f00] DataFrames v0.13.1
  [31c24e10] Distributions v0.16.4
  [1902f260] Knet v1.1.0
  [6f286f6a] MultivariateStats v0.6.0 #master (https://github.com/JuliaStats/MultivariateStats.jl.git)
  [2913bbd2] StatsBase v0.25.0
  [4c63d2b9] StatsFuns v0.7.0
build Knet
  Building SpecialFunctions → `~/.julia/packages/SpecialFunctions/KvXoO/deps/build.log`
  Building CodecZlib ───────→ `~/.julia/packages/CodecZlib/wwgbh/deps/build.log`
  Building Knet ────────────→ `~/.julia/packages/Knet/hxjeS/deps/build.log`
test gpu
1
0
0
Loading alpha-stable model
0
Nbr training obs 1000, nbr parameters 23924, obs/parameters 0.04
  1.449880 seconds (3.14 M allocations: 162.948 MiB, 3.65% gc time)
KnetArray{Float32,2}
  0.411078 seconds (1.06 M allocations: 55.606 MiB, 3.19% gc time)
  0.872175 seconds (1.76 M allocations: 94.652 MiB, 3.71% gc time)
  1.184102 seconds (86.97 k allocations: 4.649 MiB, 20.50% gc time)
Starting training
Epoch 1, current loss (training) 7.0541, current loss (val) 1.7908, best loss (val) 1.7908 
Epoch 2, current loss (training) 6.2636, current loss (val) 1.5636, best loss (val) 1.5636 
Epoch 3, current loss (training) 2.6618, current loss (val) 1.4219, best loss (val) 1.4219 
Epoch 4, current loss (training) 3.5607, current loss (val) 1.2616, best loss (val) 1.2616 
Epoch 5, current loss (training) 5.0238, current loss (val) 1.1124, best loss (val) 1.1124 
run_time_first_training_cycle:  7.09 

Epochs 5, batch size, 200
Nbr training obs 1000, nbr parameters 23924, obs/parameters 0.04

(500000, 1000)
Starting abc-rs
Percentage done:  10.00 %
Percentage done:  20.00 %
Percentage done:  30.00 %
Percentage done:  40.00 %
Percentage done:  50.00 %
Percentage done:  60.00 %
Percentage done:  70.00 %
Percentage done:  80.00 %
Percentage done:  90.00 %
Percentage done:  100.00 %
Ending abc-rs
717.942628 seconds (16.13 M allocations: 258.271 GiB, 2.71% gc time)
(100, 4)
end script
