Thu Jan  3 18:09:25 2019       
+-----------------------------------------------------------------------------+
| NVIDIA-SMI 410.79       Driver Version: 410.79       CUDA Version: 10.0     |
|-------------------------------+----------------------+----------------------+
| GPU  Name        Persistence-M| Bus-Id        Disp.A | Volatile Uncorr. ECC |
| Fan  Temp  Perf  Pwr:Usage/Cap|         Memory-Usage | GPU-Util  Compute M. |
|===============================+======================+======================|
|   0  Tesla K80           Off  | 00000000:04:00.0 Off |                    0 |
| N/A   31C    P0    61W / 149W |      0MiB / 11441MiB |      0%      Default |
+-------------------------------+----------------------+----------------------+
|   1  Tesla K80           Off  | 00000000:05:00.0 Off |                    0 |
| N/A   38C    P0    73W / 149W |      0MiB / 11441MiB |      0%      Default |
+-------------------------------+----------------------+----------------------+
|   2  Tesla K80           Off  | 00000000:84:00.0 Off |                    0 |
| N/A   30C    P0    65W / 149W |      0MiB / 11441MiB |      0%      Default |
+-------------------------------+----------------------+----------------------+
|   3  Tesla K80           Off  | 00000000:85:00.0 Off |                    0 |
| N/A   40C    P0    74W / 149W |      0MiB / 11441MiB |     59%      Default |
+-------------------------------+----------------------+----------------------+
                                                                               
+-----------------------------------------------------------------------------+
| Processes:                                                       GPU Memory |
|  GPU       PID   Type   Process name                             Usage      |
|=============================================================================|
|  No running processes found                                                 |
+-----------------------------------------------------------------------------+
/home/samwiq/ABC and deep learning project/abc-dl/lunarc
/home/samwiq/ABC and deep learning project/abc-dl
start script
5
check version of Knet
    Status `~/.julia/environments/v1.0/Project.toml`
  [336ed68f] CSV v0.3.1
  [a93c6f00] DataFrames v0.13.1
  [31c24e10] Distributions v0.16.4
  [1902f260] Knet v1.1.0
  [6f286f6a] MultivariateStats v0.6.0 #master (https://github.com/JuliaStats/MultivariateStats.jl.git)
  [2913bbd2] StatsBase v0.25.0
  [4c63d2b9] StatsFuns v0.7.0
build Knet
  Building SpecialFunctions → `~/.julia/packages/SpecialFunctions/KvXoO/deps/build.log`
  Building CodecZlib ───────→ `~/.julia/packages/CodecZlib/wwgbh/deps/build.log`
  Building Knet ────────────→ `~/.julia/packages/Knet/hxjeS/deps/build.log`
test gpu
1
0
0
Loading alpha-stable model
0
Nbr training obs 1000, nbr parameters 23924, obs/parameters 0.04
  1.538018 seconds (3.14 M allocations: 162.958 MiB, 3.36% gc time)
KnetArray{Float32,2}
  0.405815 seconds (1.06 M allocations: 55.606 MiB, 3.15% gc time)
  0.856049 seconds (1.76 M allocations: 94.653 MiB, 3.69% gc time)
  1.181961 seconds (86.97 k allocations: 4.649 MiB, 20.48% gc time)
Starting training
Epoch 1, current loss (training) 7.0541, current loss (val) 1.7908, best loss (val) 1.7908 
Epoch 2, current loss (training) 6.2636, current loss (val) 1.5636, best loss (val) 1.5636 
Epoch 3, current loss (training) 2.6618, current loss (val) 1.4219, best loss (val) 1.4219 
Epoch 4, current loss (training) 3.5607, current loss (val) 1.2616, best loss (val) 1.2616 
Epoch 5, current loss (training) 5.0238, current loss (val) 1.1124, best loss (val) 1.1124 
  1.486685 seconds (3.56 M allocations: 177.467 MiB, 3.07% gc time)
  0.081990 seconds (85 allocations: 1.319 MiB)
  0.011848 seconds (85 allocations: 1.319 MiB)
  0.008297 seconds (85 allocations: 1.319 MiB)
  1.878075 seconds (193.28 k allocations: 1.293 GiB, 9.94% gc time)
end script
