Fri Jan 18 11:10:16 2019       
+-----------------------------------------------------------------------------+
| NVIDIA-SMI 410.79       Driver Version: 410.79       CUDA Version: 10.0     |
|-------------------------------+----------------------+----------------------+
| GPU  Name        Persistence-M| Bus-Id        Disp.A | Volatile Uncorr. ECC |
| Fan  Temp  Perf  Pwr:Usage/Cap|         Memory-Usage | GPU-Util  Compute M. |
|===============================+======================+======================|
|   0  Tesla K80           Off  | 00000000:04:00.0 Off |                    0 |
| N/A   34C    P0    65W / 149W |     72MiB / 11441MiB |      0%      Default |
+-------------------------------+----------------------+----------------------+
|   1  Tesla K80           Off  | 00000000:05:00.0 Off |                    0 |
| N/A   47C    P0    77W / 149W |      0MiB / 11441MiB |     69%      Default |
+-------------------------------+----------------------+----------------------+
|   2  Tesla K80           Off  | 00000000:84:00.0 Off |                    0 |
| N/A   34C    P0    59W / 149W |     72MiB / 11441MiB |      0%      Default |
+-------------------------------+----------------------+----------------------+
|   3  Tesla K80           Off  | 00000000:85:00.0 Off |                    0 |
| N/A   46C    P0    74W / 149W |     72MiB / 11441MiB |      0%      Default |
+-------------------------------+----------------------+----------------------+
                                                                               
+-----------------------------------------------------------------------------+
| Processes:                                                       GPU Memory |
|  GPU       PID   Type   Process name                             Usage      |
|=============================================================================|
|    0    183975      C   julia                                         61MiB |
|    2    184292      C   julia                                         61MiB |
|    3    184524      C   julia                                         61MiB |
+-----------------------------------------------------------------------------+
/home/samwiq/ABC and deep learning project/abc-dl/lunarc
/home/samwiq/ABC and deep learning project/abc-dl
start script
10
check version of Knet
    Status `~/.julia/environments/v1.0/Project.toml`
  [336ed68f] CSV v0.3.1
  [a93c6f00] DataFrames v0.13.1
  [31c24e10] Distributions v0.16.4
  [1902f260] Knet v1.1.0
  [6f286f6a] MultivariateStats v0.6.0 #master (https://github.com/JuliaStats/MultivariateStats.jl.git)
  [2913bbd2] StatsBase v0.25.0
  [4c63d2b9] StatsFuns v0.7.0
build Knet
  Building SpecialFunctions → `~/.julia/packages/SpecialFunctions/KvXoO/deps/build.log`
  Building CodecZlib ───────→ `~/.julia/packages/CodecZlib/wwgbh/deps/build.log`
  Building Knet ────────────→ `~/.julia/packages/Knet/hxjeS/deps/build.log`
test gpu
1
0
0
Loading alpha-stable model
0
Nbr training obs 500000, nbr parameters 23924, obs/parameters 20.90
  1.497441 seconds (3.14 M allocations: 162.949 MiB, 3.79% gc time)
KnetArray{Float32,2}
  0.442453 seconds (1.06 M allocations: 55.609 MiB, 4.89% gc time)
115.941634 seconds (8.08 M allocations: 2.193 GiB, 17.59% gc time)
  1.743807 seconds (90.90 k allocations: 4.706 MiB, 14.34% gc time)
1
(1002, 500000)
Starting training
Epoch 1, current loss (training) 0.1923, current loss (val) 0.2164, best loss (val) 0.2164 
Epoch 2, current loss (training) 0.3079, current loss (val) 0.2878, best loss (val) 0.2164 
Epoch 3, current loss (training) 0.5632, current loss (val) 0.2301, best loss (val) 0.2164 
Epoch 4, current loss (training) 0.3467, current loss (val) 0.1963, best loss (val) 0.1963 
Epoch 5, current loss (training) 0.4069, current loss (val) 0.1873, best loss (val) 0.1873 
Epoch 6, current loss (training) 0.1985, current loss (val) 0.1924, best loss (val) 0.1873 
Epoch 7, current loss (training) 0.2173, current loss (val) 0.1995, best loss (val) 0.1873 
Epoch 8, current loss (training) 0.2717, current loss (val) 0.2235, best loss (val) 0.1873 
Epoch 9, current loss (training) 0.2209, current loss (val) 0.2034, best loss (val) 0.1873 
Epoch 10, current loss (training) 0.2776, current loss (val) 0.2334, best loss (val) 0.1873 
681.209639 seconds (21.02 M allocations: 257.721 GiB, 2.13% gc time)
run_time_first_training_cycle:  2245.94 

Epochs 10, batch size, 200
Nbr training obs 500000, nbr parameters 23924, obs/parameters 20.90

(500000, 1000)
Starting abc-rs
Percentage done:  10.00 %
Percentage done:  20.00 %
Percentage done:  30.00 %
Percentage done:  40.00 %
Percentage done:  50.00 %
Percentage done:  60.00 %
Percentage done:  70.00 %
Percentage done:  80.00 %
Percentage done:  90.00 %
Percentage done:  100.00 %
Ending abc-rs
774.524845 seconds (16.13 M allocations: 258.271 GiB, 3.24% gc time)
(100, 4)
end script
Round:1
Round:5
Starting abc-rs
Percentage done:  10.00 %
Percentage done:  20.00 %
Percentage done:  30.00 %
Percentage done:  40.00 %
Percentage done:  50.00 %
Percentage done:  60.00 %
Percentage done:  70.00 %
Percentage done:  80.00 %
Percentage done:  90.00 %
Percentage done:  100.00 %
Ending abc-rs
761.680939 seconds (12.70 M allocations: 258.107 GiB, 3.26% gc time)
