Sun May  5 12:20:16 2019       
+-----------------------------------------------------------------------------+
| NVIDIA-SMI 418.40.04    Driver Version: 418.40.04    CUDA Version: 10.1     |
|-------------------------------+----------------------+----------------------+
| GPU  Name        Persistence-M| Bus-Id        Disp.A | Volatile Uncorr. ECC |
| Fan  Temp  Perf  Pwr:Usage/Cap|         Memory-Usage | GPU-Util  Compute M. |
|===============================+======================+======================|
|   0  Tesla K80           Off  | 00000000:04:00.0 Off |                    0 |
| N/A   31C    P0    68W / 149W |      0MiB / 11441MiB |      0%      Default |
+-------------------------------+----------------------+----------------------+
|   1  Tesla K80           Off  | 00000000:05:00.0 Off |                    0 |
| N/A   47C    P0    74W / 149W |    109MiB / 11441MiB |      0%      Default |
+-------------------------------+----------------------+----------------------+
|   2  Tesla K80           Off  | 00000000:84:00.0 Off |                    0 |
| N/A   29C    P0    72W / 149W |      0MiB / 11441MiB |     66%      Default |
+-------------------------------+----------------------+----------------------+
|   3  Tesla K80           Off  | 00000000:85:00.0 Off |                    0 |
| N/A   47C    P0    72W / 149W |    109MiB / 11441MiB |      0%      Default |
+-------------------------------+----------------------+----------------------+
                                                                               
+-----------------------------------------------------------------------------+
| Processes:                                                       GPU Memory |
|  GPU       PID   Type   Process name                             Usage      |
|=============================================================================|
|    1    171969      C   ./nbody6++.avx.gpu.mpi                        96MiB |
|    3    171969      C   ./nbody6++.avx.gpu.mpi                        96MiB |
+-----------------------------------------------------------------------------+
/home/samwiq/ABC and deep learning project/abc-dl/lunarc
/home/samwiq/ABC and deep learning project/abc-dl
