ERROR: LoadError: LoadError: test
Stacktrace:
 [1] error(::String) at ./error.jl:33
 [2] restruct(::Array{Float32,2}, ::Int64, ::Int64) at /home/samwiq/ABC and deep learning project/abc-dl/src/MA2/load_bp_deepsets_data.jl:108
 [3] macro expansion at ./util.jl:156 [inlined]
 [4] load_data(::Array{Float64,1}, ::Bool, ::Int64, ::Int64) at /home/samwiq/ABC and deep learning project/abc-dl/src/MA2/load_bp_deepsets_data.jl:74
 [5] top-level scope at util.jl:156
 [6] include at ./boot.jl:317 [inlined]
 [7] include_relative(::Module, ::String) at ./loading.jl:1038
 [8] include(::Module, ::String) at ./sysimg.jl:29
 [9] include(::String) at ./client.jl:388
 [10] top-level scope at none:0
 [11] include at ./boot.jl:317 [inlined]
 [12] include_relative(::Module, ::String) at ./loading.jl:1038
 [13] include(::Module, ::String) at ./sysimg.jl:29
 [14] exec_options(::Base.JLOptions) at ./client.jl:229
 [15] _start() at ./client.jl:421
in expression starting at /home/samwiq/ABC and deep learning project/abc-dl/src/MA2/train_bp_deepsets.jl:63
in expression starting at /home/samwiq/ABC and deep learning project/abc-dl/src/MA2/mutiple_ABC_runs_bp_deepsets.jl:1
slurmstepd: error: Exceeded step memory limit at some point.
