┌ Warning: Module CodecZlib with build ID 5361905097674274 is missing from the cache.
│ This may mean CodecZlib [944b1d66-785c-5afd-91f1-9de20f533193] does not support precompilation but is imported by a module that does.
└ @ Base loading.jl:941
┌ Warning: Module CodecZlib with build ID 5361905097674274 is missing from the cache.
│ This may mean CodecZlib [944b1d66-785c-5afd-91f1-9de20f533193] does not support precompilation but is imported by a module that does.
└ @ Base loading.jl:941
┌ Warning: Module CodecZlib with build ID 5361905097674274 is missing from the cache.
│ This may mean CodecZlib [944b1d66-785c-5afd-91f1-9de20f533193] does not support precompilation but is imported by a module that does.
└ @ Base loading.jl:941
ERROR: LoadError: MethodError: no method matching conv4(::Array{Float32,4}, ::Array{Float64,4}; stride=1)
Closest candidates are:
  conv4(::##897, !Matched::AutoGrad.Value{##898}; o...) where {##897, ##898} at none:0
  conv4(!Matched::AutoGrad.Value{##897}, ::##898; o...) where {##897, ##898} at none:0
  conv4(::Array{T,4}, !Matched::Array{T,4}; padding, stride, upscale, mode, alpha, o...) where T at /home/samwiq/.julia/packages/Knet/hxjeS/src/conv.jl:419
Stacktrace:
 [1] predict(::Array{Array{Float32,N} where N,1}, ::Array{Float64,1}) at /home/samwiq/ABC and deep learning project/abc-dl/src/MA2/train_cnn_dnn_network.jl:267
 [2] calc_summary(::Array{Float64,1}, ::Array{Float64,1}) at /home/samwiq/ABC and deep learning project/abc-dl/src/MA2/train_cnn_dnn_network.jl:445
 [3] #abcrs#4(::Float64, ::Bool, ::Function, ::Array{Float64,1}, ::Array{Float32,2}, ::Array{Float32,2}, ::typeof(calc_summary), ::typeof(ρ)) at /home/samwiq/ABC and deep learning project/abc-dl/src/abc algorithms/abc_rs.jl:18
 [4] (::getfield(Main, Symbol("#kw##abcrs")))(::NamedTuple{(:cutoff_percentile,),Tuple{Float64}}, ::typeof(abcrs), ::Array{Float64,1}, ::Array{Float32,2}, ::Array{Float32,2}, ::Function, ::Function) at ./none:0
 [5] macro expansion at ./util.jl:156 [inlined]
 [6] top-level scope at /home/samwiq/ABC and deep learning project/abc-dl/src/MA2/mutiple_ABC_runs_cnn.jl:22 [inlined]
 [7] top-level scope at ./none:0
 [8] include at ./boot.jl:317 [inlined]
 [9] include_relative(::Module, ::String) at ./loading.jl:1038
 [10] include(::Module, ::String) at ./sysimg.jl:29
 [11] exec_options(::Base.JLOptions) at ./client.jl:229
 [12] _start() at ./client.jl:421
in expression starting at /home/samwiq/ABC and deep learning project/abc-dl/src/MA2/mutiple_ABC_runs_cnn.jl:17
slurmstepd: error: Exceeded step memory limit at some point.
